<?xml version="1.0" encoding="UTF-8"?>
<testsuite xmlns:xsi="http://www.w3.org/2001/XMLSchema-instance" xsi:noNamespaceSchemaLocation="https://maven.apache.org/surefire/maven-failsafe-plugin/xsd/failsafe-test-report-3.0.xsd" version="3.0" name="CucumberTestSuite" time="220.215" tests="17" errors="0" skipped="0" failures="0">
  <properties>
    <property name="sun.desktop" value="windows"/>
    <property name="awt.toolkit" value="sun.awt.windows.WToolkit"/>
    <property name="java.specification.version" value="11"/>
    <property name="webdriver.chrome.driver" value="C:\Users\ACER\Documents\Mini_Proyek\test-web\src\test\resources\webdriver\chromedriver.exe"/>
    <property name="sun.cpu.isalist" value="amd64"/>
    <property name="sun.jnu.encoding" value="Cp1252"/>
    <property name="java.class.path" value="C:\Users\ACER\Documents\Mini_Proyek\test-web\target\test-classes;C:\Users\ACER\.m2\repository\net\serenity-bdd\serenity-core\3.2.1\serenity-core-3.2.1.jar;C:\Users\ACER\.m2\repository\net\serenity-bdd\serenity-model\3.2.1\serenity-model-3.2.1.jar;C:\Users\ACER\.m2\repository\org\apache\commons\commons-text\1.9\commons-text-1.9.jar;C:\Users\ACER\.m2\repository\commons-net\commons-net\3.8.0\commons-net-3.8.0.jar;C:\Users\ACER\.m2\repository\com\google\guava\guava\31.1-jre\guava-31.1-jre.jar;C:\Users\ACER\.m2\repository\com\google\guava\failureaccess\1.0.1\failureaccess-1.0.1.jar;C:\Users\ACER\.m2\repository\com\google\guava\listenablefuture\9999.0-empty-to-avoid-conflict-with-guava\listenablefuture-9999.0-empty-to-avoid-conflict-with-guava.jar;C:\Users\ACER\.m2\repository\com\google\code\findbugs\jsr305\3.0.2\jsr305-3.0.2.jar;C:\Users\ACER\.m2\repository\org\checkerframework\checker-qual\3.12.0\checker-qual-3.12.0.jar;C:\Users\ACER\.m2\repository\com\google\errorprone\error_prone_annotations\2.11.0\error_prone_annotations-2.11.0.jar;C:\Users\ACER\.m2\repository\com\google\j2objc\j2objc-annotations\1.3\j2objc-annotations-1.3.jar;C:\Users\ACER\.m2\repository\com\google\inject\guice\5.1.0\guice-5.1.0.jar;C:\Users\ACER\.m2\repository\javax\inject\javax.inject\1\javax.inject-1.jar;C:\Users\ACER\.m2\repository\aopalliance\aopalliance\1.0\aopalliance-1.0.jar;C:\Users\ACER\.m2\repository\org\jsoup\jsoup\1.14.3\jsoup-1.14.3.jar;C:\Users\ACER\.m2\repository\com\thoughtworks\xstream\xstream\1.4.19\xstream-1.4.19.jar;C:\Users\ACER\.m2\repository\io\github\x-stream\mxparser\1.2.2\mxparser-1.2.2.jar;C:\Users\ACER\.m2\repository\xmlpull\xmlpull\1.1.3.1\xmlpull-1.1.3.1.jar;C:\Users\ACER\.m2\repository\io\cucumber\cucumber-java\7.2.3\cucumber-java-7.2.3.jar;C:\Users\ACER\.m2\repository\com\typesafe\config\1.4.2\config-1.4.2.jar;C:\Users\ACER\.m2\repository\org\imgscalr\imgscalr-lib\4.2\imgscalr-lib-4.2.jar;C:\Users\ACER\.m2\repository\org\awaitility\awaitility\4.2.0\awaitility-4.2.0.jar;C:\Users\ACER\.m2\repository\org\freemarker\freemarker\2.3.31\freemarker-2.3.31.jar;C:\Users\ACER\.m2\repository\io\github\classgraph\classgraph\4.8.138\classgraph-4.8.138.jar;C:\Users\ACER\.m2\repository\net\sourceforge\jexcelapi\jxl\2.6.12\jxl-2.6.12.jar;C:\Users\ACER\.m2\repository\net\bytebuddy\byte-buddy\1.12.8\byte-buddy-1.12.8.jar;C:\Users\ACER\.m2\repository\net\bytebuddy\byte-buddy-agent\1.12.8\byte-buddy-agent-1.12.8.jar;C:\Users\ACER\.m2\repository\org\objenesis\objenesis\3.1\objenesis-3.1.jar;C:\Users\ACER\.m2\repository\net\serenity-bdd\serenity-reports\3.2.1\serenity-reports-3.2.1.jar;C:\Users\ACER\.m2\repository\net\serenity-bdd\serenity-stats\3.2.1\serenity-stats-3.2.1.jar;C:\Users\ACER\.m2\repository\net\serenity-bdd\serenity-reports-configuration\3.2.1\serenity-reports-configuration-3.2.1.jar;C:\Users\ACER\.m2\repository\com\vladsch\flexmark\flexmark-all\0.34.30\flexmark-all-0.34.30.jar;C:\Users\ACER\.m2\repository\com\vladsch\flexmark\flexmark\0.34.30\flexmark-0.34.30.jar;C:\Users\ACER\.m2\repository\com\vladsch\flexmark\flexmark-ext-abbreviation\0.34.30\flexmark-ext-abbreviation-0.34.30.jar;C:\Users\ACER\.m2\repository\com\vladsch\flexmark\flexmark-ext-admonition\0.34.30\flexmark-ext-admonition-0.34.30.jar;C:\Users\ACER\.m2\repository\com\vladsch\flexmark\flexmark-ext-anchorlink\0.34.30\flexmark-ext-anchorlink-0.34.30.jar;C:\Users\ACER\.m2\repository\com\vladsch\flexmark\flexmark-ext-aside\0.34.30\flexmark-ext-aside-0.34.30.jar;C:\Users\ACER\.m2\repository\com\vladsch\flexmark\flexmark-ext-attributes\0.34.30\flexmark-ext-attributes-0.34.30.jar;C:\Users\ACER\.m2\repository\com\vladsch\flexmark\flexmark-ext-autolink\0.34.30\flexmark-ext-autolink-0.34.30.jar;C:\Users\ACER\.m2\repository\org\nibor\autolink\autolink\0.6.0\autolink-0.6.0.jar;C:\Users\ACER\.m2\repository\com\vladsch\flexmark\flexmark-ext-definition\0.34.30\flexmark-ext-definition-0.34.30.jar;C:\Users\ACER\.m2\repository\com\vladsch\flexmark\flexmark-ext-emoji\0.34.30\flexmark-ext-emoji-0.34.30.jar;C:\Users\ACER\.m2\repository\com\vladsch\flexmark\flexmark-ext-enumerated-reference\0.34.30\flexmark-ext-enumerated-reference-0.34.30.jar;C:\Users\ACER\.m2\repository\com\vladsch\flexmark\flexmark-ext-escaped-character\0.34.30\flexmark-ext-escaped-character-0.34.30.jar;C:\Users\ACER\.m2\repository\com\vladsch\flexmark\flexmark-ext-footnotes\0.34.30\flexmark-ext-footnotes-0.34.30.jar;C:\Users\ACER\.m2\repository\com\vladsch\flexmark\flexmark-ext-gfm-issues\0.34.30\flexmark-ext-gfm-issues-0.34.30.jar;C:\Users\ACER\.m2\repository\com\vladsch\flexmark\flexmark-ext-gfm-strikethrough\0.34.30\flexmark-ext-gfm-strikethrough-0.34.30.jar;C:\Users\ACER\.m2\repository\com\vladsch\flexmark\flexmark-ext-gfm-tables\0.34.30\flexmark-ext-gfm-tables-0.34.30.jar;C:\Users\ACER\.m2\repository\com\vladsch\flexmark\flexmark-ext-gfm-tasklist\0.34.30\flexmark-ext-gfm-tasklist-0.34.30.jar;C:\Users\ACER\.m2\repository\com\vladsch\flexmark\flexmark-ext-gfm-users\0.34.30\flexmark-ext-gfm-users-0.34.30.jar;C:\Users\ACER\.m2\repository\com\vladsch\flexmark\flexmark-ext-gitlab\0.34.30\flexmark-ext-gitlab-0.34.30.jar;C:\Users\ACER\.m2\repository\com\vladsch\flexmark\flexmark-ext-jekyll-front-matter\0.34.30\flexmark-ext-jekyll-front-matter-0.34.30.jar;C:\Users\ACER\.m2\repository\com\vladsch\flexmark\flexmark-ext-jekyll-tag\0.34.30\flexmark-ext-jekyll-tag-0.34.30.jar;C:\Users\ACER\.m2\repository\com\vladsch\flexmark\flexmark-ext-media-tags\0.34.30\flexmark-ext-media-tags-0.34.30.jar;C:\Users\ACER\.m2\repository\com\vladsch\flexmark\flexmark-test-util\0.34.30\flexmark-test-util-0.34.30.jar;C:\Users\ACER\.m2\repository\com\vladsch\flexmark\flexmark-ext-ins\0.34.30\flexmark-ext-ins-0.34.30.jar;C:\Users\ACER\.m2\repository\com\vladsch\flexmark\flexmark-ext-xwiki-macros\0.34.30\flexmark-ext-xwiki-macros-0.34.30.jar;C:\Users\ACER\.m2\repository\com\vladsch\flexmark\flexmark-ext-superscript\0.34.30\flexmark-ext-superscript-0.34.30.jar;C:\Users\ACER\.m2\repository\com\vladsch\flexmark\flexmark-ext-tables\0.34.30\flexmark-ext-tables-0.34.30.jar;C:\Users\ACER\.m2\repository\com\vladsch\flexmark\flexmark-ext-toc\0.34.30\flexmark-ext-toc-0.34.30.jar;C:\Users\ACER\.m2\repository\com\vladsch\flexmark\flexmark-ext-typographic\0.34.30\flexmark-ext-typographic-0.34.30.jar;C:\Users\ACER\.m2\repository\com\vladsch\flexmark\flexmark-ext-wikilink\0.34.30\flexmark-ext-wikilink-0.34.30.jar;C:\Users\ACER\.m2\repository\com\vladsch\flexmark\flexmark-ext-yaml-front-matter\0.34.30\flexmark-ext-yaml-front-matter-0.34.30.jar;C:\Users\ACER\.m2\repository\com\vladsch\flexmark\flexmark-ext-youtube-embedded\0.34.30\flexmark-ext-youtube-embedded-0.34.30.jar;C:\Users\ACER\.m2\repository\com\vladsch\flexmark\flexmark-formatter\0.34.30\flexmark-formatter-0.34.30.jar;C:\Users\ACER\.m2\repository\com\vladsch\flexmark\flexmark-html-parser\0.34.30\flexmark-html-parser-0.34.30.jar;C:\Users\ACER\.m2\repository\com\vladsch\flexmark\flexmark-jira-converter\0.34.30\flexmark-jira-converter-0.34.30.jar;C:\Users\ACER\.m2\repository\com\vladsch\flexmark\flexmark-pdf-converter\0.34.30\flexmark-pdf-converter-0.34.30.jar;C:\Users\ACER\.m2\repository\com\openhtmltopdf\openhtmltopdf-core\0.0.1-RC13\openhtmltopdf-core-0.0.1-RC13.jar;C:\Users\ACER\.m2\repository\com\openhtmltopdf\openhtmltopdf-pdfbox\0.0.1-RC13\openhtmltopdf-pdfbox-0.0.1-RC13.jar;C:\Users\ACER\.m2\repository\org\apache\pdfbox\pdfbox\2.0.8\pdfbox-2.0.8.jar;C:\Users\ACER\.m2\repository\org\apache\pdfbox\fontbox\2.0.8\fontbox-2.0.8.jar;C:\Users\ACER\.m2\repository\commons-logging\commons-logging\1.2\commons-logging-1.2.jar;C:\Users\ACER\.m2\repository\org\apache\pdfbox\xmpbox\2.0.8\xmpbox-2.0.8.jar;C:\Users\ACER\.m2\repository\de\rototor\pdfbox\graphics2d\0.12\graphics2d-0.12.jar;C:\Users\ACER\.m2\repository\com\openhtmltopdf\openhtmltopdf-rtl-support\0.0.1-RC13\openhtmltopdf-rtl-support-0.0.1-RC13.jar;C:\Users\ACER\.m2\repository\com\ibm\icu\icu4j\59.1\icu4j-59.1.jar;C:\Users\ACER\.m2\repository\com\openhtmltopdf\openhtmltopdf-jsoup-dom-converter\0.0.1-RC13\openhtmltopdf-jsoup-dom-converter-0.0.1-RC13.jar;C:\Users\ACER\.m2\repository\com\vladsch\flexmark\flexmark-profile-pegdown\0.34.30\flexmark-profile-pegdown-0.34.30.jar;C:\Users\ACER\.m2\repository\com\vladsch\flexmark\flexmark-util\0.34.30\flexmark-util-0.34.30.jar;C:\Users\ACER\.m2\repository\com\vladsch\flexmark\flexmark-youtrack-converter\0.34.30\flexmark-youtrack-converter-0.34.30.jar;C:\Users\ACER\.m2\repository\es\nitaur\markdown\txtmark\0.16\txtmark-0.16.jar;C:\Users\ACER\.m2\repository\net\serenity-bdd\serenity-report-resources\3.2.1\serenity-report-resources-3.2.1.jar;C:\Users\ACER\.m2\repository\com\google\code\gson\gson\2.9.0\gson-2.9.0.jar;C:\Users\ACER\.m2\repository\com\fasterxml\jackson\core\jackson-core\2.13.2\jackson-core-2.13.2.jar;C:\Users\ACER\.m2\repository\com\fasterxml\jackson\core\jackson-databind\2.13.2\jackson-databind-2.13.2.jar;C:\Users\ACER\.m2\repository\com\fasterxml\jackson\core\jackson-annotations\2.13.2\jackson-annotations-2.13.2.jar;C:\Users\ACER\.m2\repository\commons-codec\commons-codec\1.15\commons-codec-1.15.jar;C:\Users\ACER\.m2\repository\commons-io\commons-io\2.11.0\commons-io-2.11.0.jar;C:\Users\ACER\.m2\repository\org\seleniumhq\selenium\selenium-java\4.1.2\selenium-java-4.1.2.jar;C:\Users\ACER\.m2\repository\org\seleniumhq\selenium\selenium-devtools-v85\4.1.2\selenium-devtools-v85-4.1.2.jar;C:\Users\ACER\.m2\repository\org\seleniumhq\selenium\selenium-devtools-v95\4.1.2\selenium-devtools-v95-4.1.2.jar;C:\Users\ACER\.m2\repository\org\seleniumhq\selenium\selenium-devtools-v96\4.1.2\selenium-devtools-v96-4.1.2.jar;C:\Users\ACER\.m2\repository\org\seleniumhq\selenium\selenium-devtools-v97\4.1.2\selenium-devtools-v97-4.1.2.jar;C:\Users\ACER\.m2\repository\org\seleniumhq\selenium\selenium-firefox-xpi-driver\4.1.2\selenium-firefox-xpi-driver-4.1.2.jar;C:\Users\ACER\.m2\repository\org\seleniumhq\selenium\selenium-opera-driver\4.1.2\selenium-opera-driver-4.1.2.jar;C:\Users\ACER\.m2\repository\org\seleniumhq\selenium\selenium-remote-driver\4.1.2\selenium-remote-driver-4.1.2.jar;C:\Users\ACER\.m2\repository\com\beust\jcommander\1.82\jcommander-1.82.jar;C:\Users\ACER\.m2\repository\io\netty\netty-buffer\4.1.73.Final\netty-buffer-4.1.73.Final.jar;C:\Users\ACER\.m2\repository\io\netty\netty-codec-http\4.1.73.Final\netty-codec-http-4.1.73.Final.jar;C:\Users\ACER\.m2\repository\io\netty\netty-codec\4.1.73.Final\netty-codec-4.1.73.Final.jar;C:\Users\ACER\.m2\repository\io\netty\netty-handler\4.1.73.Final\netty-handler-4.1.73.Final.jar;C:\Users\ACER\.m2\repository\io\netty\netty-tcnative-classes\2.0.46.Final\netty-tcnative-classes-2.0.46.Final.jar;C:\Users\ACER\.m2\repository\io\netty\netty-common\4.1.73.Final\netty-common-4.1.73.Final.jar;C:\Users\ACER\.m2\repository\io\netty\netty-transport-classes-epoll\4.1.73.Final\netty-transport-classes-epoll-4.1.73.Final.jar;C:\Users\ACER\.m2\repository\io\netty\netty-transport-classes-kqueue\4.1.73.Final\netty-transport-classes-kqueue-4.1.73.Final.jar;C:\Users\ACER\.m2\repository\io\netty\netty-transport-native-epoll\4.1.73.Final\netty-transport-native-epoll-4.1.73.Final.jar;C:\Users\ACER\.m2\repository\io\netty\netty-transport-native-kqueue\4.1.73.Final\netty-transport-native-kqueue-4.1.73.Final.jar;C:\Users\ACER\.m2\repository\io\netty\netty-transport-native-unix-common\4.1.73.Final\netty-transport-native-unix-common-4.1.73.Final.jar;C:\Users\ACER\.m2\repository\io\netty\netty-transport\4.1.73.Final\netty-transport-4.1.73.Final.jar;C:\Users\ACER\.m2\repository\io\netty\netty-resolver\4.1.73.Final\netty-resolver-4.1.73.Final.jar;C:\Users\ACER\.m2\repository\io\opentelemetry\opentelemetry-api\1.10.1\opentelemetry-api-1.10.1.jar;C:\Users\ACER\.m2\repository\io\opentelemetry\opentelemetry-context\1.10.1\opentelemetry-context-1.10.1.jar;C:\Users\ACER\.m2\repository\io\opentelemetry\opentelemetry-exporter-logging\1.10.1\opentelemetry-exporter-logging-1.10.1.jar;C:\Users\ACER\.m2\repository\io\opentelemetry\opentelemetry-sdk-metrics\1.10.1-alpha\opentelemetry-sdk-metrics-1.10.1-alpha.jar;C:\Users\ACER\.m2\repository\io\opentelemetry\opentelemetry-sdk-logs\1.10.1-alpha\opentelemetry-sdk-logs-1.10.1-alpha.jar;C:\Users\ACER\.m2\repository\io\opentelemetry\opentelemetry-sdk-common\1.10.1\opentelemetry-sdk-common-1.10.1.jar;C:\Users\ACER\.m2\repository\io\opentelemetry\opentelemetry-sdk-extension-autoconfigure-spi\1.10.1\opentelemetry-sdk-extension-autoconfigure-spi-1.10.1.jar;C:\Users\ACER\.m2\repository\io\opentelemetry\opentelemetry-sdk-extension-autoconfigure\1.10.1-alpha\opentelemetry-sdk-extension-autoconfigure-1.10.1-alpha.jar;C:\Users\ACER\.m2\repository\io\opentelemetry\opentelemetry-sdk-trace\1.10.1\opentelemetry-sdk-trace-1.10.1.jar;C:\Users\ACER\.m2\repository\io\opentelemetry\opentelemetry-sdk\1.10.1\opentelemetry-sdk-1.10.1.jar;C:\Users\ACER\.m2\repository\io\opentelemetry\opentelemetry-semconv\1.10.1-alpha\opentelemetry-semconv-1.10.1-alpha.jar;C:\Users\ACER\.m2\repository\io\ous\jtoml\2.0.0\jtoml-2.0.0.jar;C:\Users\ACER\.m2\repository\org\apache\commons\commons-exec\1.3\commons-exec-1.3.jar;C:\Users\ACER\.m2\repository\org\asynchttpclient\async-http-client\2.12.3\async-http-client-2.12.3.jar;C:\Users\ACER\.m2\repository\org\asynchttpclient\async-http-client-netty-utils\2.12.3\async-http-client-netty-utils-2.12.3.jar;C:\Users\ACER\.m2\repository\io\netty\netty-codec-socks\4.1.60.Final\netty-codec-socks-4.1.60.Final.jar;C:\Users\ACER\.m2\repository\io\netty\netty-handler-proxy\4.1.60.Final\netty-handler-proxy-4.1.60.Final.jar;C:\Users\ACER\.m2\repository\io\netty\netty-transport-native-epoll\4.1.60.Final\netty-transport-native-epoll-4.1.60.Final-linux-x86_64.jar;C:\Users\ACER\.m2\repository\io\netty\netty-transport-native-kqueue\4.1.60.Final\netty-transport-native-kqueue-4.1.60.Final-osx-x86_64.jar;C:\Users\ACER\.m2\repository\org\reactivestreams\reactive-streams\1.0.3\reactive-streams-1.0.3.jar;C:\Users\ACER\.m2\repository\com\typesafe\netty\netty-reactive-streams\2.0.4\netty-reactive-streams-2.0.4.jar;C:\Users\ACER\.m2\repository\org\seleniumhq\selenium\selenium-http\4.1.2\selenium-http-4.1.2.jar;C:\Users\ACER\.m2\repository\net\jodah\failsafe\2.4.4\failsafe-2.4.4.jar;C:\Users\ACER\.m2\repository\org\seleniumhq\selenium\selenium-safari-driver\4.1.2\selenium-safari-driver-4.1.2.jar;C:\Users\ACER\.m2\repository\org\seleniumhq\selenium\selenium-api\4.1.2\selenium-api-4.1.2.jar;C:\Users\ACER\.m2\repository\org\seleniumhq\selenium\selenium-support\4.1.2\selenium-support-4.1.2.jar;C:\Users\ACER\.m2\repository\com\google\auto\service\auto-service-annotations\1.0.1\auto-service-annotations-1.0.1.jar;C:\Users\ACER\.m2\repository\com\google\auto\service\auto-service\1.0.1\auto-service-1.0.1.jar;C:\Users\ACER\.m2\repository\com\google\auto\auto-common\1.2\auto-common-1.2.jar;C:\Users\ACER\.m2\repository\org\seleniumhq\selenium\selenium-json\4.1.2\selenium-json-4.1.2.jar;C:\Users\ACER\.m2\repository\org\seleniumhq\selenium\selenium-chrome-driver\4.1.2\selenium-chrome-driver-4.1.2.jar;C:\Users\ACER\.m2\repository\org\seleniumhq\selenium\selenium-chromium-driver\4.1.2\selenium-chromium-driver-4.1.2.jar;C:\Users\ACER\.m2\repository\org\seleniumhq\selenium\selenium-firefox-driver\4.1.2\selenium-firefox-driver-4.1.2.jar;C:\Users\ACER\.m2\repository\org\seleniumhq\selenium\selenium-edge-driver\4.1.2\selenium-edge-driver-4.1.2.jar;C:\Users\ACER\.m2\repository\org\seleniumhq\selenium\selenium-ie-driver\4.1.2\selenium-ie-driver-4.1.2.jar;C:\Users\ACER\.m2\repository\org\projectlombok\lombok\1.18.20\lombok-1.18.20.jar;C:\Users\ACER\.m2\repository\io\appium\java-client\8.0.0\java-client-8.0.0.jar;C:\Users\ACER\.m2\repository\commons-validator\commons-validator\1.7\commons-validator-1.7.jar;C:\Users\ACER\.m2\repository\commons-digester\commons-digester\2.1\commons-digester-2.1.jar;C:\Users\ACER\.m2\repository\org\aspectj\aspectjweaver\1.9.8\aspectjweaver-1.9.8.jar;C:\Users\ACER\.m2\repository\org\codehaus\groovy\groovy\3.0.10\groovy-3.0.10.jar;C:\Users\ACER\.m2\repository\net\sf\opencsv\opencsv\2.0\opencsv-2.0.jar;C:\Users\ACER\.m2\repository\commons-beanutils\commons-beanutils\1.9.4\commons-beanutils-1.9.4.jar;C:\Users\ACER\.m2\repository\org\apache\commons\commons-lang3\3.12.0\commons-lang3-3.12.0.jar;C:\Users\ACER\.m2\repository\commons-collections\commons-collections\3.2.2\commons-collections-3.2.2.jar;C:\Users\ACER\.m2\repository\org\fluentlenium\fluentlenium-core\0.10.2\fluentlenium-core-0.10.2.jar;C:\Users\ACER\.m2\repository\io\github\bonigarcia\webdrivermanager\5.1.0\webdrivermanager-5.1.0.jar;C:\Users\ACER\.m2\repository\com\github\docker-java\docker-java\3.2.13\docker-java-3.2.13.jar;C:\Users\ACER\.m2\repository\com\github\docker-java\docker-java-core\3.2.13\docker-java-core-3.2.13.jar;C:\Users\ACER\.m2\repository\com\github\docker-java\docker-java-api\3.2.13\docker-java-api-3.2.13.jar;C:\Users\ACER\.m2\repository\org\apache\commons\commons-compress\1.21\commons-compress-1.21.jar;C:\Users\ACER\.m2\repository\org\bouncycastle\bcpkix-jdk15on\1.64\bcpkix-jdk15on-1.64.jar;C:\Users\ACER\.m2\repository\org\bouncycastle\bcprov-jdk15on\1.64\bcprov-jdk15on-1.64.jar;C:\Users\ACER\.m2\repository\org\slf4j\jcl-over-slf4j\1.7.30\jcl-over-slf4j-1.7.30.jar;C:\Users\ACER\.m2\repository\com\github\docker-java\docker-java-transport-httpclient5\3.2.13\docker-java-transport-httpclient5-3.2.13.jar;C:\Users\ACER\.m2\repository\com\github\docker-java\docker-java-transport\3.2.13\docker-java-transport-3.2.13.jar;C:\Users\ACER\.m2\repository\org\apache\httpcomponents\client5\httpclient5\5.0.3\httpclient5-5.0.3.jar;C:\Users\ACER\.m2\repository\org\apache\httpcomponents\core5\httpcore5\5.0.2\httpcore5-5.0.2.jar;C:\Users\ACER\.m2\repository\net\java\dev\jna\jna\5.8.0\jna-5.8.0.jar;C:\Users\ACER\.m2\repository\org\brotli\dec\0.1.2\dec-0.1.2.jar;C:\Users\ACER\.m2\repository\com\jhlabs\filters\2.0.235\filters-2.0.235.jar;C:\Users\ACER\.m2\repository\com\paulhammant\ngwebdriver\1.1.6\ngwebdriver-1.1.6.jar;C:\Users\ACER\.m2\repository\joda-time\joda-time\2.8.2\joda-time-2.8.2.jar;C:\Users\ACER\.m2\repository\org\hamcrest\hamcrest\2.2\hamcrest-2.2.jar;C:\Users\ACER\.m2\repository\com\google\jimfs\jimfs\1.2\jimfs-1.2.jar;C:\Users\ACER\.m2\repository\org\mockito\mockito-core\3.3.3\mockito-core-3.3.3.jar;C:\Users\ACER\.m2\repository\javax\xml\bind\jaxb-api\2.3.1\jaxb-api-2.3.1.jar;C:\Users\ACER\.m2\repository\javax\activation\javax.activation-api\1.2.0\javax.activation-api-1.2.0.jar;C:\Users\ACER\.m2\repository\com\sun\xml\bind\jaxb-core\2.3.0.1\jaxb-core-2.3.0.1.jar;C:\Users\ACER\.m2\repository\com\sun\xml\bind\jaxb-impl\2.3.3\jaxb-impl-2.3.3.jar;C:\Users\ACER\.m2\repository\jakarta\xml\bind\jakarta.xml.bind-api\2.3.3\jakarta.xml.bind-api-2.3.3.jar;C:\Users\ACER\.m2\repository\com\sun\activation\jakarta.activation\1.2.2\jakarta.activation-1.2.2.jar;C:\Users\ACER\.m2\repository\javax\activation\activation\1.1.1\activation-1.1.1.jar;C:\Users\ACER\.m2\repository\net\serenity-bdd\serenity-cucumber\3.2.1\serenity-cucumber-3.2.1.jar;C:\Users\ACER\.m2\repository\io\cucumber\cucumber-core\7.2.3\cucumber-core-7.2.3.jar;C:\Users\ACER\.m2\repository\io\cucumber\cucumber-gherkin\7.2.3\cucumber-gherkin-7.2.3.jar;C:\Users\ACER\.m2\repository\io\cucumber\cucumber-gherkin-messages\7.2.3\cucumber-gherkin-messages-7.2.3.jar;C:\Users\ACER\.m2\repository\io\cucumber\messages\17.1.1\messages-17.1.1.jar;C:\Users\ACER\.m2\repository\io\cucumber\tag-expressions\4.1.0\tag-expressions-4.1.0.jar;C:\Users\ACER\.m2\repository\io\cucumber\cucumber-expressions\15.0.1\cucumber-expressions-15.0.1.jar;C:\Users\ACER\.m2\repository\io\cucumber\datatable\7.2.3\datatable-7.2.3.jar;C:\Users\ACER\.m2\repository\io\cucumber\cucumber-plugin\7.2.3\cucumber-plugin-7.2.3.jar;C:\Users\ACER\.m2\repository\io\cucumber\docstring\7.2.3\docstring-7.2.3.jar;C:\Users\ACER\.m2\repository\io\cucumber\html-formatter\17.0.0\html-formatter-17.0.0.jar;C:\Users\ACER\.m2\repository\io\cucumber\ci-environment\8.1.0\ci-environment-8.1.0.jar;C:\Users\ACER\.m2\repository\io\cucumber\cucumber-junit\7.2.3\cucumber-junit-7.2.3.jar;C:\Users\ACER\.m2\repository\org\apache\commons\commons-csv\1.5\commons-csv-1.5.jar;C:\Users\ACER\.m2\repository\net\serenity-bdd\serenity-screenplay\3.2.1\serenity-screenplay-3.2.1.jar;C:\Users\ACER\.m2\repository\net\serenity-bdd\serenity-screenplay-webdriver\3.2.1\serenity-screenplay-webdriver-3.2.1.jar;C:\Users\ACER\.m2\repository\net\serenity-bdd\serenity-ensure\3.2.1\serenity-ensure-3.2.1.jar;C:\Users\ACER\.m2\repository\net\serenity-bdd\serenity-junit\3.2.1\serenity-junit-3.2.1.jar;C:\Users\ACER\.m2\repository\org\jetbrains\kotlin\kotlin-stdlib\1.6.0\kotlin-stdlib-1.6.0.jar;C:\Users\ACER\.m2\repository\org\jetbrains\annotations\13.0\annotations-13.0.jar;C:\Users\ACER\.m2\repository\org\jetbrains\kotlin\kotlin-stdlib-common\1.6.0\kotlin-stdlib-common-1.6.0.jar;C:\Users\ACER\.m2\repository\org\junit\platform\junit-platform-launcher\1.8.1\junit-platform-launcher-1.8.1.jar;C:\Users\ACER\.m2\repository\org\junit\platform\junit-platform-engine\1.8.1\junit-platform-engine-1.8.1.jar;C:\Users\ACER\.m2\repository\org\opentest4j\opentest4j\1.2.0\opentest4j-1.2.0.jar;C:\Users\ACER\.m2\repository\org\junit\platform\junit-platform-commons\1.8.1\junit-platform-commons-1.8.1.jar;C:\Users\ACER\.m2\repository\org\apiguardian\apiguardian-api\1.1.2\apiguardian-api-1.1.2.jar;C:\Users\ACER\.m2\repository\org\junit\jupiter\junit-jupiter-engine\5.8.2\junit-jupiter-engine-5.8.2.jar;C:\Users\ACER\.m2\repository\org\junit\jupiter\junit-jupiter-api\5.8.2\junit-jupiter-api-5.8.2.jar;C:\Users\ACER\.m2\repository\org\junit\vintage\junit-vintage-engine\5.8.2\junit-vintage-engine-5.8.2.jar;C:\Users\ACER\.m2\repository\junit\junit\4.13.2\junit-4.13.2.jar;C:\Users\ACER\.m2\repository\org\hamcrest\hamcrest-core\1.3\hamcrest-core-1.3.jar;C:\Users\ACER\.m2\repository\ch\qos\logback\logback-classic\1.2.10\logback-classic-1.2.10.jar;C:\Users\ACER\.m2\repository\ch\qos\logback\logback-core\1.2.10\logback-core-1.2.10.jar;C:\Users\ACER\.m2\repository\org\slf4j\slf4j-api\1.7.32\slf4j-api-1.7.32.jar;C:\Users\ACER\.m2\repository\org\assertj\assertj-core\3.6.2\assertj-core-3.6.2.jar;"/>
    <property name="java.vm.vendor" value="Oracle Corporation"/>
    <property name="sun.arch.data.model" value="64"/>
    <property name="user.variant" value=""/>
    <property name="java.vendor.url" value="https://openjdk.java.net/"/>
    <property name="user.timezone" value="Asia/Bangkok"/>
    <property name="log4j2.formatMsgNoLookups" value="true"/>
    <property name="java.vm.specification.version" value="11"/>
    <property name="os.name" value="Windows 10"/>
    <property name="sun.java.launcher" value="SUN_STANDARD"/>
    <property name="user.country" value="ID"/>
    <property name="sun.boot.library.path" value="C:\Program Files\Java\jdk-11.0.16\bin"/>
    <property name="sun.java.command" value="org.apache.maven.surefire.booter.ForkedBooter C:\Users\ACER\AppData\Local\Temp\surefire11782030494323758454 2022-11-04T21-53-28_746-jvmRun1 surefire14193434907811786975tmp surefire_018087099455811560999tmp"/>
    <property name="jdk.debug" value="release"/>
    <property name="surefire.test.class.path" value="C:\Users\ACER\Documents\Mini_Proyek\test-web\target\test-classes;C:\Users\ACER\.m2\repository\net\serenity-bdd\serenity-core\3.2.1\serenity-core-3.2.1.jar;C:\Users\ACER\.m2\repository\net\serenity-bdd\serenity-model\3.2.1\serenity-model-3.2.1.jar;C:\Users\ACER\.m2\repository\org\apache\commons\commons-text\1.9\commons-text-1.9.jar;C:\Users\ACER\.m2\repository\commons-net\commons-net\3.8.0\commons-net-3.8.0.jar;C:\Users\ACER\.m2\repository\com\google\guava\guava\31.1-jre\guava-31.1-jre.jar;C:\Users\ACER\.m2\repository\com\google\guava\failureaccess\1.0.1\failureaccess-1.0.1.jar;C:\Users\ACER\.m2\repository\com\google\guava\listenablefuture\9999.0-empty-to-avoid-conflict-with-guava\listenablefuture-9999.0-empty-to-avoid-conflict-with-guava.jar;C:\Users\ACER\.m2\repository\com\google\code\findbugs\jsr305\3.0.2\jsr305-3.0.2.jar;C:\Users\ACER\.m2\repository\org\checkerframework\checker-qual\3.12.0\checker-qual-3.12.0.jar;C:\Users\ACER\.m2\repository\com\google\errorprone\error_prone_annotations\2.11.0\error_prone_annotations-2.11.0.jar;C:\Users\ACER\.m2\repository\com\google\j2objc\j2objc-annotations\1.3\j2objc-annotations-1.3.jar;C:\Users\ACER\.m2\repository\com\google\inject\guice\5.1.0\guice-5.1.0.jar;C:\Users\ACER\.m2\repository\javax\inject\javax.inject\1\javax.inject-1.jar;C:\Users\ACER\.m2\repository\aopalliance\aopalliance\1.0\aopalliance-1.0.jar;C:\Users\ACER\.m2\repository\org\jsoup\jsoup\1.14.3\jsoup-1.14.3.jar;C:\Users\ACER\.m2\repository\com\thoughtworks\xstream\xstream\1.4.19\xstream-1.4.19.jar;C:\Users\ACER\.m2\repository\io\github\x-stream\mxparser\1.2.2\mxparser-1.2.2.jar;C:\Users\ACER\.m2\repository\xmlpull\xmlpull\1.1.3.1\xmlpull-1.1.3.1.jar;C:\Users\ACER\.m2\repository\io\cucumber\cucumber-java\7.2.3\cucumber-java-7.2.3.jar;C:\Users\ACER\.m2\repository\com\typesafe\config\1.4.2\config-1.4.2.jar;C:\Users\ACER\.m2\repository\org\imgscalr\imgscalr-lib\4.2\imgscalr-lib-4.2.jar;C:\Users\ACER\.m2\repository\org\awaitility\awaitility\4.2.0\awaitility-4.2.0.jar;C:\Users\ACER\.m2\repository\org\freemarker\freemarker\2.3.31\freemarker-2.3.31.jar;C:\Users\ACER\.m2\repository\io\github\classgraph\classgraph\4.8.138\classgraph-4.8.138.jar;C:\Users\ACER\.m2\repository\net\sourceforge\jexcelapi\jxl\2.6.12\jxl-2.6.12.jar;C:\Users\ACER\.m2\repository\net\bytebuddy\byte-buddy\1.12.8\byte-buddy-1.12.8.jar;C:\Users\ACER\.m2\repository\net\bytebuddy\byte-buddy-agent\1.12.8\byte-buddy-agent-1.12.8.jar;C:\Users\ACER\.m2\repository\org\objenesis\objenesis\3.1\objenesis-3.1.jar;C:\Users\ACER\.m2\repository\net\serenity-bdd\serenity-reports\3.2.1\serenity-reports-3.2.1.jar;C:\Users\ACER\.m2\repository\net\serenity-bdd\serenity-stats\3.2.1\serenity-stats-3.2.1.jar;C:\Users\ACER\.m2\repository\net\serenity-bdd\serenity-reports-configuration\3.2.1\serenity-reports-configuration-3.2.1.jar;C:\Users\ACER\.m2\repository\com\vladsch\flexmark\flexmark-all\0.34.30\flexmark-all-0.34.30.jar;C:\Users\ACER\.m2\repository\com\vladsch\flexmark\flexmark\0.34.30\flexmark-0.34.30.jar;C:\Users\ACER\.m2\repository\com\vladsch\flexmark\flexmark-ext-abbreviation\0.34.30\flexmark-ext-abbreviation-0.34.30.jar;C:\Users\ACER\.m2\repository\com\vladsch\flexmark\flexmark-ext-admonition\0.34.30\flexmark-ext-admonition-0.34.30.jar;C:\Users\ACER\.m2\repository\com\vladsch\flexmark\flexmark-ext-anchorlink\0.34.30\flexmark-ext-anchorlink-0.34.30.jar;C:\Users\ACER\.m2\repository\com\vladsch\flexmark\flexmark-ext-aside\0.34.30\flexmark-ext-aside-0.34.30.jar;C:\Users\ACER\.m2\repository\com\vladsch\flexmark\flexmark-ext-attributes\0.34.30\flexmark-ext-attributes-0.34.30.jar;C:\Users\ACER\.m2\repository\com\vladsch\flexmark\flexmark-ext-autolink\0.34.30\flexmark-ext-autolink-0.34.30.jar;C:\Users\ACER\.m2\repository\org\nibor\autolink\autolink\0.6.0\autolink-0.6.0.jar;C:\Users\ACER\.m2\repository\com\vladsch\flexmark\flexmark-ext-definition\0.34.30\flexmark-ext-definition-0.34.30.jar;C:\Users\ACER\.m2\repository\com\vladsch\flexmark\flexmark-ext-emoji\0.34.30\flexmark-ext-emoji-0.34.30.jar;C:\Users\ACER\.m2\repository\com\vladsch\flexmark\flexmark-ext-enumerated-reference\0.34.30\flexmark-ext-enumerated-reference-0.34.30.jar;C:\Users\ACER\.m2\repository\com\vladsch\flexmark\flexmark-ext-escaped-character\0.34.30\flexmark-ext-escaped-character-0.34.30.jar;C:\Users\ACER\.m2\repository\com\vladsch\flexmark\flexmark-ext-footnotes\0.34.30\flexmark-ext-footnotes-0.34.30.jar;C:\Users\ACER\.m2\repository\com\vladsch\flexmark\flexmark-ext-gfm-issues\0.34.30\flexmark-ext-gfm-issues-0.34.30.jar;C:\Users\ACER\.m2\repository\com\vladsch\flexmark\flexmark-ext-gfm-strikethrough\0.34.30\flexmark-ext-gfm-strikethrough-0.34.30.jar;C:\Users\ACER\.m2\repository\com\vladsch\flexmark\flexmark-ext-gfm-tables\0.34.30\flexmark-ext-gfm-tables-0.34.30.jar;C:\Users\ACER\.m2\repository\com\vladsch\flexmark\flexmark-ext-gfm-tasklist\0.34.30\flexmark-ext-gfm-tasklist-0.34.30.jar;C:\Users\ACER\.m2\repository\com\vladsch\flexmark\flexmark-ext-gfm-users\0.34.30\flexmark-ext-gfm-users-0.34.30.jar;C:\Users\ACER\.m2\repository\com\vladsch\flexmark\flexmark-ext-gitlab\0.34.30\flexmark-ext-gitlab-0.34.30.jar;C:\Users\ACER\.m2\repository\com\vladsch\flexmark\flexmark-ext-jekyll-front-matter\0.34.30\flexmark-ext-jekyll-front-matter-0.34.30.jar;C:\Users\ACER\.m2\repository\com\vladsch\flexmark\flexmark-ext-jekyll-tag\0.34.30\flexmark-ext-jekyll-tag-0.34.30.jar;C:\Users\ACER\.m2\repository\com\vladsch\flexmark\flexmark-ext-media-tags\0.34.30\flexmark-ext-media-tags-0.34.30.jar;C:\Users\ACER\.m2\repository\com\vladsch\flexmark\flexmark-test-util\0.34.30\flexmark-test-util-0.34.30.jar;C:\Users\ACER\.m2\repository\com\vladsch\flexmark\flexmark-ext-ins\0.34.30\flexmark-ext-ins-0.34.30.jar;C:\Users\ACER\.m2\repository\com\vladsch\flexmark\flexmark-ext-xwiki-macros\0.34.30\flexmark-ext-xwiki-macros-0.34.30.jar;C:\Users\ACER\.m2\repository\com\vladsch\flexmark\flexmark-ext-superscript\0.34.30\flexmark-ext-superscript-0.34.30.jar;C:\Users\ACER\.m2\repository\com\vladsch\flexmark\flexmark-ext-tables\0.34.30\flexmark-ext-tables-0.34.30.jar;C:\Users\ACER\.m2\repository\com\vladsch\flexmark\flexmark-ext-toc\0.34.30\flexmark-ext-toc-0.34.30.jar;C:\Users\ACER\.m2\repository\com\vladsch\flexmark\flexmark-ext-typographic\0.34.30\flexmark-ext-typographic-0.34.30.jar;C:\Users\ACER\.m2\repository\com\vladsch\flexmark\flexmark-ext-wikilink\0.34.30\flexmark-ext-wikilink-0.34.30.jar;C:\Users\ACER\.m2\repository\com\vladsch\flexmark\flexmark-ext-yaml-front-matter\0.34.30\flexmark-ext-yaml-front-matter-0.34.30.jar;C:\Users\ACER\.m2\repository\com\vladsch\flexmark\flexmark-ext-youtube-embedded\0.34.30\flexmark-ext-youtube-embedded-0.34.30.jar;C:\Users\ACER\.m2\repository\com\vladsch\flexmark\flexmark-formatter\0.34.30\flexmark-formatter-0.34.30.jar;C:\Users\ACER\.m2\repository\com\vladsch\flexmark\flexmark-html-parser\0.34.30\flexmark-html-parser-0.34.30.jar;C:\Users\ACER\.m2\repository\com\vladsch\flexmark\flexmark-jira-converter\0.34.30\flexmark-jira-converter-0.34.30.jar;C:\Users\ACER\.m2\repository\com\vladsch\flexmark\flexmark-pdf-converter\0.34.30\flexmark-pdf-converter-0.34.30.jar;C:\Users\ACER\.m2\repository\com\openhtmltopdf\openhtmltopdf-core\0.0.1-RC13\openhtmltopdf-core-0.0.1-RC13.jar;C:\Users\ACER\.m2\repository\com\openhtmltopdf\openhtmltopdf-pdfbox\0.0.1-RC13\openhtmltopdf-pdfbox-0.0.1-RC13.jar;C:\Users\ACER\.m2\repository\org\apache\pdfbox\pdfbox\2.0.8\pdfbox-2.0.8.jar;C:\Users\ACER\.m2\repository\org\apache\pdfbox\fontbox\2.0.8\fontbox-2.0.8.jar;C:\Users\ACER\.m2\repository\commons-logging\commons-logging\1.2\commons-logging-1.2.jar;C:\Users\ACER\.m2\repository\org\apache\pdfbox\xmpbox\2.0.8\xmpbox-2.0.8.jar;C:\Users\ACER\.m2\repository\de\rototor\pdfbox\graphics2d\0.12\graphics2d-0.12.jar;C:\Users\ACER\.m2\repository\com\openhtmltopdf\openhtmltopdf-rtl-support\0.0.1-RC13\openhtmltopdf-rtl-support-0.0.1-RC13.jar;C:\Users\ACER\.m2\repository\com\ibm\icu\icu4j\59.1\icu4j-59.1.jar;C:\Users\ACER\.m2\repository\com\openhtmltopdf\openhtmltopdf-jsoup-dom-converter\0.0.1-RC13\openhtmltopdf-jsoup-dom-converter-0.0.1-RC13.jar;C:\Users\ACER\.m2\repository\com\vladsch\flexmark\flexmark-profile-pegdown\0.34.30\flexmark-profile-pegdown-0.34.30.jar;C:\Users\ACER\.m2\repository\com\vladsch\flexmark\flexmark-util\0.34.30\flexmark-util-0.34.30.jar;C:\Users\ACER\.m2\repository\com\vladsch\flexmark\flexmark-youtrack-converter\0.34.30\flexmark-youtrack-converter-0.34.30.jar;C:\Users\ACER\.m2\repository\es\nitaur\markdown\txtmark\0.16\txtmark-0.16.jar;C:\Users\ACER\.m2\repository\net\serenity-bdd\serenity-report-resources\3.2.1\serenity-report-resources-3.2.1.jar;C:\Users\ACER\.m2\repository\com\google\code\gson\gson\2.9.0\gson-2.9.0.jar;C:\Users\ACER\.m2\repository\com\fasterxml\jackson\core\jackson-core\2.13.2\jackson-core-2.13.2.jar;C:\Users\ACER\.m2\repository\com\fasterxml\jackson\core\jackson-databind\2.13.2\jackson-databind-2.13.2.jar;C:\Users\ACER\.m2\repository\com\fasterxml\jackson\core\jackson-annotations\2.13.2\jackson-annotations-2.13.2.jar;C:\Users\ACER\.m2\repository\commons-codec\commons-codec\1.15\commons-codec-1.15.jar;C:\Users\ACER\.m2\repository\commons-io\commons-io\2.11.0\commons-io-2.11.0.jar;C:\Users\ACER\.m2\repository\org\seleniumhq\selenium\selenium-java\4.1.2\selenium-java-4.1.2.jar;C:\Users\ACER\.m2\repository\org\seleniumhq\selenium\selenium-devtools-v85\4.1.2\selenium-devtools-v85-4.1.2.jar;C:\Users\ACER\.m2\repository\org\seleniumhq\selenium\selenium-devtools-v95\4.1.2\selenium-devtools-v95-4.1.2.jar;C:\Users\ACER\.m2\repository\org\seleniumhq\selenium\selenium-devtools-v96\4.1.2\selenium-devtools-v96-4.1.2.jar;C:\Users\ACER\.m2\repository\org\seleniumhq\selenium\selenium-devtools-v97\4.1.2\selenium-devtools-v97-4.1.2.jar;C:\Users\ACER\.m2\repository\org\seleniumhq\selenium\selenium-firefox-xpi-driver\4.1.2\selenium-firefox-xpi-driver-4.1.2.jar;C:\Users\ACER\.m2\repository\org\seleniumhq\selenium\selenium-opera-driver\4.1.2\selenium-opera-driver-4.1.2.jar;C:\Users\ACER\.m2\repository\org\seleniumhq\selenium\selenium-remote-driver\4.1.2\selenium-remote-driver-4.1.2.jar;C:\Users\ACER\.m2\repository\com\beust\jcommander\1.82\jcommander-1.82.jar;C:\Users\ACER\.m2\repository\io\netty\netty-buffer\4.1.73.Final\netty-buffer-4.1.73.Final.jar;C:\Users\ACER\.m2\repository\io\netty\netty-codec-http\4.1.73.Final\netty-codec-http-4.1.73.Final.jar;C:\Users\ACER\.m2\repository\io\netty\netty-codec\4.1.73.Final\netty-codec-4.1.73.Final.jar;C:\Users\ACER\.m2\repository\io\netty\netty-handler\4.1.73.Final\netty-handler-4.1.73.Final.jar;C:\Users\ACER\.m2\repository\io\netty\netty-tcnative-classes\2.0.46.Final\netty-tcnative-classes-2.0.46.Final.jar;C:\Users\ACER\.m2\repository\io\netty\netty-common\4.1.73.Final\netty-common-4.1.73.Final.jar;C:\Users\ACER\.m2\repository\io\netty\netty-transport-classes-epoll\4.1.73.Final\netty-transport-classes-epoll-4.1.73.Final.jar;C:\Users\ACER\.m2\repository\io\netty\netty-transport-classes-kqueue\4.1.73.Final\netty-transport-classes-kqueue-4.1.73.Final.jar;C:\Users\ACER\.m2\repository\io\netty\netty-transport-native-epoll\4.1.73.Final\netty-transport-native-epoll-4.1.73.Final.jar;C:\Users\ACER\.m2\repository\io\netty\netty-transport-native-kqueue\4.1.73.Final\netty-transport-native-kqueue-4.1.73.Final.jar;C:\Users\ACER\.m2\repository\io\netty\netty-transport-native-unix-common\4.1.73.Final\netty-transport-native-unix-common-4.1.73.Final.jar;C:\Users\ACER\.m2\repository\io\netty\netty-transport\4.1.73.Final\netty-transport-4.1.73.Final.jar;C:\Users\ACER\.m2\repository\io\netty\netty-resolver\4.1.73.Final\netty-resolver-4.1.73.Final.jar;C:\Users\ACER\.m2\repository\io\opentelemetry\opentelemetry-api\1.10.1\opentelemetry-api-1.10.1.jar;C:\Users\ACER\.m2\repository\io\opentelemetry\opentelemetry-context\1.10.1\opentelemetry-context-1.10.1.jar;C:\Users\ACER\.m2\repository\io\opentelemetry\opentelemetry-exporter-logging\1.10.1\opentelemetry-exporter-logging-1.10.1.jar;C:\Users\ACER\.m2\repository\io\opentelemetry\opentelemetry-sdk-metrics\1.10.1-alpha\opentelemetry-sdk-metrics-1.10.1-alpha.jar;C:\Users\ACER\.m2\repository\io\opentelemetry\opentelemetry-sdk-logs\1.10.1-alpha\opentelemetry-sdk-logs-1.10.1-alpha.jar;C:\Users\ACER\.m2\repository\io\opentelemetry\opentelemetry-sdk-common\1.10.1\opentelemetry-sdk-common-1.10.1.jar;C:\Users\ACER\.m2\repository\io\opentelemetry\opentelemetry-sdk-extension-autoconfigure-spi\1.10.1\opentelemetry-sdk-extension-autoconfigure-spi-1.10.1.jar;C:\Users\ACER\.m2\repository\io\opentelemetry\opentelemetry-sdk-extension-autoconfigure\1.10.1-alpha\opentelemetry-sdk-extension-autoconfigure-1.10.1-alpha.jar;C:\Users\ACER\.m2\repository\io\opentelemetry\opentelemetry-sdk-trace\1.10.1\opentelemetry-sdk-trace-1.10.1.jar;C:\Users\ACER\.m2\repository\io\opentelemetry\opentelemetry-sdk\1.10.1\opentelemetry-sdk-1.10.1.jar;C:\Users\ACER\.m2\repository\io\opentelemetry\opentelemetry-semconv\1.10.1-alpha\opentelemetry-semconv-1.10.1-alpha.jar;C:\Users\ACER\.m2\repository\io\ous\jtoml\2.0.0\jtoml-2.0.0.jar;C:\Users\ACER\.m2\repository\org\apache\commons\commons-exec\1.3\commons-exec-1.3.jar;C:\Users\ACER\.m2\repository\org\asynchttpclient\async-http-client\2.12.3\async-http-client-2.12.3.jar;C:\Users\ACER\.m2\repository\org\asynchttpclient\async-http-client-netty-utils\2.12.3\async-http-client-netty-utils-2.12.3.jar;C:\Users\ACER\.m2\repository\io\netty\netty-codec-socks\4.1.60.Final\netty-codec-socks-4.1.60.Final.jar;C:\Users\ACER\.m2\repository\io\netty\netty-handler-proxy\4.1.60.Final\netty-handler-proxy-4.1.60.Final.jar;C:\Users\ACER\.m2\repository\io\netty\netty-transport-native-epoll\4.1.60.Final\netty-transport-native-epoll-4.1.60.Final-linux-x86_64.jar;C:\Users\ACER\.m2\repository\io\netty\netty-transport-native-kqueue\4.1.60.Final\netty-transport-native-kqueue-4.1.60.Final-osx-x86_64.jar;C:\Users\ACER\.m2\repository\org\reactivestreams\reactive-streams\1.0.3\reactive-streams-1.0.3.jar;C:\Users\ACER\.m2\repository\com\typesafe\netty\netty-reactive-streams\2.0.4\netty-reactive-streams-2.0.4.jar;C:\Users\ACER\.m2\repository\org\seleniumhq\selenium\selenium-http\4.1.2\selenium-http-4.1.2.jar;C:\Users\ACER\.m2\repository\net\jodah\failsafe\2.4.4\failsafe-2.4.4.jar;C:\Users\ACER\.m2\repository\org\seleniumhq\selenium\selenium-safari-driver\4.1.2\selenium-safari-driver-4.1.2.jar;C:\Users\ACER\.m2\repository\org\seleniumhq\selenium\selenium-api\4.1.2\selenium-api-4.1.2.jar;C:\Users\ACER\.m2\repository\org\seleniumhq\selenium\selenium-support\4.1.2\selenium-support-4.1.2.jar;C:\Users\ACER\.m2\repository\com\google\auto\service\auto-service-annotations\1.0.1\auto-service-annotations-1.0.1.jar;C:\Users\ACER\.m2\repository\com\google\auto\service\auto-service\1.0.1\auto-service-1.0.1.jar;C:\Users\ACER\.m2\repository\com\google\auto\auto-common\1.2\auto-common-1.2.jar;C:\Users\ACER\.m2\repository\org\seleniumhq\selenium\selenium-json\4.1.2\selenium-json-4.1.2.jar;C:\Users\ACER\.m2\repository\org\seleniumhq\selenium\selenium-chrome-driver\4.1.2\selenium-chrome-driver-4.1.2.jar;C:\Users\ACER\.m2\repository\org\seleniumhq\selenium\selenium-chromium-driver\4.1.2\selenium-chromium-driver-4.1.2.jar;C:\Users\ACER\.m2\repository\org\seleniumhq\selenium\selenium-firefox-driver\4.1.2\selenium-firefox-driver-4.1.2.jar;C:\Users\ACER\.m2\repository\org\seleniumhq\selenium\selenium-edge-driver\4.1.2\selenium-edge-driver-4.1.2.jar;C:\Users\ACER\.m2\repository\org\seleniumhq\selenium\selenium-ie-driver\4.1.2\selenium-ie-driver-4.1.2.jar;C:\Users\ACER\.m2\repository\org\projectlombok\lombok\1.18.20\lombok-1.18.20.jar;C:\Users\ACER\.m2\repository\io\appium\java-client\8.0.0\java-client-8.0.0.jar;C:\Users\ACER\.m2\repository\commons-validator\commons-validator\1.7\commons-validator-1.7.jar;C:\Users\ACER\.m2\repository\commons-digester\commons-digester\2.1\commons-digester-2.1.jar;C:\Users\ACER\.m2\repository\org\aspectj\aspectjweaver\1.9.8\aspectjweaver-1.9.8.jar;C:\Users\ACER\.m2\repository\org\codehaus\groovy\groovy\3.0.10\groovy-3.0.10.jar;C:\Users\ACER\.m2\repository\net\sf\opencsv\opencsv\2.0\opencsv-2.0.jar;C:\Users\ACER\.m2\repository\commons-beanutils\commons-beanutils\1.9.4\commons-beanutils-1.9.4.jar;C:\Users\ACER\.m2\repository\org\apache\commons\commons-lang3\3.12.0\commons-lang3-3.12.0.jar;C:\Users\ACER\.m2\repository\commons-collections\commons-collections\3.2.2\commons-collections-3.2.2.jar;C:\Users\ACER\.m2\repository\org\fluentlenium\fluentlenium-core\0.10.2\fluentlenium-core-0.10.2.jar;C:\Users\ACER\.m2\repository\io\github\bonigarcia\webdrivermanager\5.1.0\webdrivermanager-5.1.0.jar;C:\Users\ACER\.m2\repository\com\github\docker-java\docker-java\3.2.13\docker-java-3.2.13.jar;C:\Users\ACER\.m2\repository\com\github\docker-java\docker-java-core\3.2.13\docker-java-core-3.2.13.jar;C:\Users\ACER\.m2\repository\com\github\docker-java\docker-java-api\3.2.13\docker-java-api-3.2.13.jar;C:\Users\ACER\.m2\repository\org\apache\commons\commons-compress\1.21\commons-compress-1.21.jar;C:\Users\ACER\.m2\repository\org\bouncycastle\bcpkix-jdk15on\1.64\bcpkix-jdk15on-1.64.jar;C:\Users\ACER\.m2\repository\org\bouncycastle\bcprov-jdk15on\1.64\bcprov-jdk15on-1.64.jar;C:\Users\ACER\.m2\repository\org\slf4j\jcl-over-slf4j\1.7.30\jcl-over-slf4j-1.7.30.jar;C:\Users\ACER\.m2\repository\com\github\docker-java\docker-java-transport-httpclient5\3.2.13\docker-java-transport-httpclient5-3.2.13.jar;C:\Users\ACER\.m2\repository\com\github\docker-java\docker-java-transport\3.2.13\docker-java-transport-3.2.13.jar;C:\Users\ACER\.m2\repository\org\apache\httpcomponents\client5\httpclient5\5.0.3\httpclient5-5.0.3.jar;C:\Users\ACER\.m2\repository\org\apache\httpcomponents\core5\httpcore5\5.0.2\httpcore5-5.0.2.jar;C:\Users\ACER\.m2\repository\net\java\dev\jna\jna\5.8.0\jna-5.8.0.jar;C:\Users\ACER\.m2\repository\org\brotli\dec\0.1.2\dec-0.1.2.jar;C:\Users\ACER\.m2\repository\com\jhlabs\filters\2.0.235\filters-2.0.235.jar;C:\Users\ACER\.m2\repository\com\paulhammant\ngwebdriver\1.1.6\ngwebdriver-1.1.6.jar;C:\Users\ACER\.m2\repository\joda-time\joda-time\2.8.2\joda-time-2.8.2.jar;C:\Users\ACER\.m2\repository\org\hamcrest\hamcrest\2.2\hamcrest-2.2.jar;C:\Users\ACER\.m2\repository\com\google\jimfs\jimfs\1.2\jimfs-1.2.jar;C:\Users\ACER\.m2\repository\org\mockito\mockito-core\3.3.3\mockito-core-3.3.3.jar;C:\Users\ACER\.m2\repository\javax\xml\bind\jaxb-api\2.3.1\jaxb-api-2.3.1.jar;C:\Users\ACER\.m2\repository\javax\activation\javax.activation-api\1.2.0\javax.activation-api-1.2.0.jar;C:\Users\ACER\.m2\repository\com\sun\xml\bind\jaxb-core\2.3.0.1\jaxb-core-2.3.0.1.jar;C:\Users\ACER\.m2\repository\com\sun\xml\bind\jaxb-impl\2.3.3\jaxb-impl-2.3.3.jar;C:\Users\ACER\.m2\repository\jakarta\xml\bind\jakarta.xml.bind-api\2.3.3\jakarta.xml.bind-api-2.3.3.jar;C:\Users\ACER\.m2\repository\com\sun\activation\jakarta.activation\1.2.2\jakarta.activation-1.2.2.jar;C:\Users\ACER\.m2\repository\javax\activation\activation\1.1.1\activation-1.1.1.jar;C:\Users\ACER\.m2\repository\net\serenity-bdd\serenity-cucumber\3.2.1\serenity-cucumber-3.2.1.jar;C:\Users\ACER\.m2\repository\io\cucumber\cucumber-core\7.2.3\cucumber-core-7.2.3.jar;C:\Users\ACER\.m2\repository\io\cucumber\cucumber-gherkin\7.2.3\cucumber-gherkin-7.2.3.jar;C:\Users\ACER\.m2\repository\io\cucumber\cucumber-gherkin-messages\7.2.3\cucumber-gherkin-messages-7.2.3.jar;C:\Users\ACER\.m2\repository\io\cucumber\messages\17.1.1\messages-17.1.1.jar;C:\Users\ACER\.m2\repository\io\cucumber\tag-expressions\4.1.0\tag-expressions-4.1.0.jar;C:\Users\ACER\.m2\repository\io\cucumber\cucumber-expressions\15.0.1\cucumber-expressions-15.0.1.jar;C:\Users\ACER\.m2\repository\io\cucumber\datatable\7.2.3\datatable-7.2.3.jar;C:\Users\ACER\.m2\repository\io\cucumber\cucumber-plugin\7.2.3\cucumber-plugin-7.2.3.jar;C:\Users\ACER\.m2\repository\io\cucumber\docstring\7.2.3\docstring-7.2.3.jar;C:\Users\ACER\.m2\repository\io\cucumber\html-formatter\17.0.0\html-formatter-17.0.0.jar;C:\Users\ACER\.m2\repository\io\cucumber\ci-environment\8.1.0\ci-environment-8.1.0.jar;C:\Users\ACER\.m2\repository\io\cucumber\cucumber-junit\7.2.3\cucumber-junit-7.2.3.jar;C:\Users\ACER\.m2\repository\org\apache\commons\commons-csv\1.5\commons-csv-1.5.jar;C:\Users\ACER\.m2\repository\net\serenity-bdd\serenity-screenplay\3.2.1\serenity-screenplay-3.2.1.jar;C:\Users\ACER\.m2\repository\net\serenity-bdd\serenity-screenplay-webdriver\3.2.1\serenity-screenplay-webdriver-3.2.1.jar;C:\Users\ACER\.m2\repository\net\serenity-bdd\serenity-ensure\3.2.1\serenity-ensure-3.2.1.jar;C:\Users\ACER\.m2\repository\net\serenity-bdd\serenity-junit\3.2.1\serenity-junit-3.2.1.jar;C:\Users\ACER\.m2\repository\org\jetbrains\kotlin\kotlin-stdlib\1.6.0\kotlin-stdlib-1.6.0.jar;C:\Users\ACER\.m2\repository\org\jetbrains\annotations\13.0\annotations-13.0.jar;C:\Users\ACER\.m2\repository\org\jetbrains\kotlin\kotlin-stdlib-common\1.6.0\kotlin-stdlib-common-1.6.0.jar;C:\Users\ACER\.m2\repository\org\junit\platform\junit-platform-launcher\1.8.1\junit-platform-launcher-1.8.1.jar;C:\Users\ACER\.m2\repository\org\junit\platform\junit-platform-engine\1.8.1\junit-platform-engine-1.8.1.jar;C:\Users\ACER\.m2\repository\org\opentest4j\opentest4j\1.2.0\opentest4j-1.2.0.jar;C:\Users\ACER\.m2\repository\org\junit\platform\junit-platform-commons\1.8.1\junit-platform-commons-1.8.1.jar;C:\Users\ACER\.m2\repository\org\apiguardian\apiguardian-api\1.1.2\apiguardian-api-1.1.2.jar;C:\Users\ACER\.m2\repository\org\junit\jupiter\junit-jupiter-engine\5.8.2\junit-jupiter-engine-5.8.2.jar;C:\Users\ACER\.m2\repository\org\junit\jupiter\junit-jupiter-api\5.8.2\junit-jupiter-api-5.8.2.jar;C:\Users\ACER\.m2\repository\org\junit\vintage\junit-vintage-engine\5.8.2\junit-vintage-engine-5.8.2.jar;C:\Users\ACER\.m2\repository\junit\junit\4.13.2\junit-4.13.2.jar;C:\Users\ACER\.m2\repository\org\hamcrest\hamcrest-core\1.3\hamcrest-core-1.3.jar;C:\Users\ACER\.m2\repository\ch\qos\logback\logback-classic\1.2.10\logback-classic-1.2.10.jar;C:\Users\ACER\.m2\repository\ch\qos\logback\logback-core\1.2.10\logback-core-1.2.10.jar;C:\Users\ACER\.m2\repository\org\slf4j\slf4j-api\1.7.32\slf4j-api-1.7.32.jar;C:\Users\ACER\.m2\repository\org\assertj\assertj-core\3.6.2\assertj-core-3.6.2.jar;"/>
    <property name="sun.cpu.endian" value="little"/>
    <property name="user.home" value="C:\Users\ACER"/>
    <property name="user.language" value="en"/>
    <property name="java.specification.vendor" value="Oracle Corporation"/>
    <property name="jdk.module.path" value="C:\Users\ACER\Documents\Mini_Proyek\test-web\target\test-web-1.0-SNAPSHOT.jar"/>
    <property name="java.version.date" value="2022-07-19"/>
    <property name="java.home" value="C:\Program Files\Java\jdk-11.0.16"/>
    <property name="file.separator" value="\"/>
    <property name="basedir" value="C:\Users\ACER\Documents\Mini_Proyek\test-web"/>
    <property name="java.vm.compressedOopsMode" value="Zero based"/>
    <property name="line.separator" value="&#10;"/>
    <property name="java.specification.name" value="Java Platform API Specification"/>
    <property name="java.vm.specification.vendor" value="Oracle Corporation"/>
    <property name="java.awt.graphicsenv" value="sun.awt.Win32GraphicsEnvironment"/>
    <property name="surefire.real.class.path" value="C:\Users\ACER\.m2\repository\org\apache\maven\surefire\surefire-booter\3.0.0-M5\surefire-booter-3.0.0-M5.jar;C:\Users\ACER\.m2\repository\org\apache\maven\surefire\surefire-api\3.0.0-M5\surefire-api-3.0.0-M5.jar;C:\Users\ACER\.m2\repository\org\apache\maven\surefire\surefire-logger-api\3.0.0-M5\surefire-logger-api-3.0.0-M5.jar;C:\Users\ACER\.m2\repository\org\apache\maven\surefire\surefire-shared-utils\3.0.0-M4\surefire-shared-utils-3.0.0-M4.jar;C:\Users\ACER\.m2\repository\org\apache\maven\surefire\surefire-extensions-spi\3.0.0-M5\surefire-extensions-spi-3.0.0-M5.jar;C:\Users\ACER\Documents\Mini_Proyek\test-web\target\test-classes;C:\Users\ACER\.m2\repository\net\serenity-bdd\serenity-core\3.2.1\serenity-core-3.2.1.jar;C:\Users\ACER\.m2\repository\net\serenity-bdd\serenity-model\3.2.1\serenity-model-3.2.1.jar;C:\Users\ACER\.m2\repository\org\apache\commons\commons-text\1.9\commons-text-1.9.jar;C:\Users\ACER\.m2\repository\commons-net\commons-net\3.8.0\commons-net-3.8.0.jar;C:\Users\ACER\.m2\repository\com\google\guava\guava\31.1-jre\guava-31.1-jre.jar;C:\Users\ACER\.m2\repository\com\google\guava\failureaccess\1.0.1\failureaccess-1.0.1.jar;C:\Users\ACER\.m2\repository\com\google\guava\listenablefuture\9999.0-empty-to-avoid-conflict-with-guava\listenablefuture-9999.0-empty-to-avoid-conflict-with-guava.jar;C:\Users\ACER\.m2\repository\com\google\code\findbugs\jsr305\3.0.2\jsr305-3.0.2.jar;C:\Users\ACER\.m2\repository\org\checkerframework\checker-qual\3.12.0\checker-qual-3.12.0.jar;C:\Users\ACER\.m2\repository\com\google\errorprone\error_prone_annotations\2.11.0\error_prone_annotations-2.11.0.jar;C:\Users\ACER\.m2\repository\com\google\j2objc\j2objc-annotations\1.3\j2objc-annotations-1.3.jar;C:\Users\ACER\.m2\repository\com\google\inject\guice\5.1.0\guice-5.1.0.jar;C:\Users\ACER\.m2\repository\javax\inject\javax.inject\1\javax.inject-1.jar;C:\Users\ACER\.m2\repository\aopalliance\aopalliance\1.0\aopalliance-1.0.jar;C:\Users\ACER\.m2\repository\org\jsoup\jsoup\1.14.3\jsoup-1.14.3.jar;C:\Users\ACER\.m2\repository\com\thoughtworks\xstream\xstream\1.4.19\xstream-1.4.19.jar;C:\Users\ACER\.m2\repository\io\github\x-stream\mxparser\1.2.2\mxparser-1.2.2.jar;C:\Users\ACER\.m2\repository\xmlpull\xmlpull\1.1.3.1\xmlpull-1.1.3.1.jar;C:\Users\ACER\.m2\repository\io\cucumber\cucumber-java\7.2.3\cucumber-java-7.2.3.jar;C:\Users\ACER\.m2\repository\com\typesafe\config\1.4.2\config-1.4.2.jar;C:\Users\ACER\.m2\repository\org\imgscalr\imgscalr-lib\4.2\imgscalr-lib-4.2.jar;C:\Users\ACER\.m2\repository\org\awaitility\awaitility\4.2.0\awaitility-4.2.0.jar;C:\Users\ACER\.m2\repository\org\freemarker\freemarker\2.3.31\freemarker-2.3.31.jar;C:\Users\ACER\.m2\repository\io\github\classgraph\classgraph\4.8.138\classgraph-4.8.138.jar;C:\Users\ACER\.m2\repository\net\sourceforge\jexcelapi\jxl\2.6.12\jxl-2.6.12.jar;C:\Users\ACER\.m2\repository\net\bytebuddy\byte-buddy\1.12.8\byte-buddy-1.12.8.jar;C:\Users\ACER\.m2\repository\net\bytebuddy\byte-buddy-agent\1.12.8\byte-buddy-agent-1.12.8.jar;C:\Users\ACER\.m2\repository\org\objenesis\objenesis\3.1\objenesis-3.1.jar;C:\Users\ACER\.m2\repository\net\serenity-bdd\serenity-reports\3.2.1\serenity-reports-3.2.1.jar;C:\Users\ACER\.m2\repository\net\serenity-bdd\serenity-stats\3.2.1\serenity-stats-3.2.1.jar;C:\Users\ACER\.m2\repository\net\serenity-bdd\serenity-reports-configuration\3.2.1\serenity-reports-configuration-3.2.1.jar;C:\Users\ACER\.m2\repository\com\vladsch\flexmark\flexmark-all\0.34.30\flexmark-all-0.34.30.jar;C:\Users\ACER\.m2\repository\com\vladsch\flexmark\flexmark\0.34.30\flexmark-0.34.30.jar;C:\Users\ACER\.m2\repository\com\vladsch\flexmark\flexmark-ext-abbreviation\0.34.30\flexmark-ext-abbreviation-0.34.30.jar;C:\Users\ACER\.m2\repository\com\vladsch\flexmark\flexmark-ext-admonition\0.34.30\flexmark-ext-admonition-0.34.30.jar;C:\Users\ACER\.m2\repository\com\vladsch\flexmark\flexmark-ext-anchorlink\0.34.30\flexmark-ext-anchorlink-0.34.30.jar;C:\Users\ACER\.m2\repository\com\vladsch\flexmark\flexmark-ext-aside\0.34.30\flexmark-ext-aside-0.34.30.jar;C:\Users\ACER\.m2\repository\com\vladsch\flexmark\flexmark-ext-attributes\0.34.30\flexmark-ext-attributes-0.34.30.jar;C:\Users\ACER\.m2\repository\com\vladsch\flexmark\flexmark-ext-autolink\0.34.30\flexmark-ext-autolink-0.34.30.jar;C:\Users\ACER\.m2\repository\org\nibor\autolink\autolink\0.6.0\autolink-0.6.0.jar;C:\Users\ACER\.m2\repository\com\vladsch\flexmark\flexmark-ext-definition\0.34.30\flexmark-ext-definition-0.34.30.jar;C:\Users\ACER\.m2\repository\com\vladsch\flexmark\flexmark-ext-emoji\0.34.30\flexmark-ext-emoji-0.34.30.jar;C:\Users\ACER\.m2\repository\com\vladsch\flexmark\flexmark-ext-enumerated-reference\0.34.30\flexmark-ext-enumerated-reference-0.34.30.jar;C:\Users\ACER\.m2\repository\com\vladsch\flexmark\flexmark-ext-escaped-character\0.34.30\flexmark-ext-escaped-character-0.34.30.jar;C:\Users\ACER\.m2\repository\com\vladsch\flexmark\flexmark-ext-footnotes\0.34.30\flexmark-ext-footnotes-0.34.30.jar;C:\Users\ACER\.m2\repository\com\vladsch\flexmark\flexmark-ext-gfm-issues\0.34.30\flexmark-ext-gfm-issues-0.34.30.jar;C:\Users\ACER\.m2\repository\com\vladsch\flexmark\flexmark-ext-gfm-strikethrough\0.34.30\flexmark-ext-gfm-strikethrough-0.34.30.jar;C:\Users\ACER\.m2\repository\com\vladsch\flexmark\flexmark-ext-gfm-tables\0.34.30\flexmark-ext-gfm-tables-0.34.30.jar;C:\Users\ACER\.m2\repository\com\vladsch\flexmark\flexmark-ext-gfm-tasklist\0.34.30\flexmark-ext-gfm-tasklist-0.34.30.jar;C:\Users\ACER\.m2\repository\com\vladsch\flexmark\flexmark-ext-gfm-users\0.34.30\flexmark-ext-gfm-users-0.34.30.jar;C:\Users\ACER\.m2\repository\com\vladsch\flexmark\flexmark-ext-gitlab\0.34.30\flexmark-ext-gitlab-0.34.30.jar;C:\Users\ACER\.m2\repository\com\vladsch\flexmark\flexmark-ext-jekyll-front-matter\0.34.30\flexmark-ext-jekyll-front-matter-0.34.30.jar;C:\Users\ACER\.m2\repository\com\vladsch\flexmark\flexmark-ext-jekyll-tag\0.34.30\flexmark-ext-jekyll-tag-0.34.30.jar;C:\Users\ACER\.m2\repository\com\vladsch\flexmark\flexmark-ext-media-tags\0.34.30\flexmark-ext-media-tags-0.34.30.jar;C:\Users\ACER\.m2\repository\com\vladsch\flexmark\flexmark-test-util\0.34.30\flexmark-test-util-0.34.30.jar;C:\Users\ACER\.m2\repository\com\vladsch\flexmark\flexmark-ext-ins\0.34.30\flexmark-ext-ins-0.34.30.jar;C:\Users\ACER\.m2\repository\com\vladsch\flexmark\flexmark-ext-xwiki-macros\0.34.30\flexmark-ext-xwiki-macros-0.34.30.jar;C:\Users\ACER\.m2\repository\com\vladsch\flexmark\flexmark-ext-superscript\0.34.30\flexmark-ext-superscript-0.34.30.jar;C:\Users\ACER\.m2\repository\com\vladsch\flexmark\flexmark-ext-tables\0.34.30\flexmark-ext-tables-0.34.30.jar;C:\Users\ACER\.m2\repository\com\vladsch\flexmark\flexmark-ext-toc\0.34.30\flexmark-ext-toc-0.34.30.jar;C:\Users\ACER\.m2\repository\com\vladsch\flexmark\flexmark-ext-typographic\0.34.30\flexmark-ext-typographic-0.34.30.jar;C:\Users\ACER\.m2\repository\com\vladsch\flexmark\flexmark-ext-wikilink\0.34.30\flexmark-ext-wikilink-0.34.30.jar;C:\Users\ACER\.m2\repository\com\vladsch\flexmark\flexmark-ext-yaml-front-matter\0.34.30\flexmark-ext-yaml-front-matter-0.34.30.jar;C:\Users\ACER\.m2\repository\com\vladsch\flexmark\flexmark-ext-youtube-embedded\0.34.30\flexmark-ext-youtube-embedded-0.34.30.jar;C:\Users\ACER\.m2\repository\com\vladsch\flexmark\flexmark-formatter\0.34.30\flexmark-formatter-0.34.30.jar;C:\Users\ACER\.m2\repository\com\vladsch\flexmark\flexmark-html-parser\0.34.30\flexmark-html-parser-0.34.30.jar;C:\Users\ACER\.m2\repository\com\vladsch\flexmark\flexmark-jira-converter\0.34.30\flexmark-jira-converter-0.34.30.jar;C:\Users\ACER\.m2\repository\com\vladsch\flexmark\flexmark-pdf-converter\0.34.30\flexmark-pdf-converter-0.34.30.jar;C:\Users\ACER\.m2\repository\com\openhtmltopdf\openhtmltopdf-core\0.0.1-RC13\openhtmltopdf-core-0.0.1-RC13.jar;C:\Users\ACER\.m2\repository\com\openhtmltopdf\openhtmltopdf-pdfbox\0.0.1-RC13\openhtmltopdf-pdfbox-0.0.1-RC13.jar;C:\Users\ACER\.m2\repository\org\apache\pdfbox\pdfbox\2.0.8\pdfbox-2.0.8.jar;C:\Users\ACER\.m2\repository\org\apache\pdfbox\fontbox\2.0.8\fontbox-2.0.8.jar;C:\Users\ACER\.m2\repository\commons-logging\commons-logging\1.2\commons-logging-1.2.jar;C:\Users\ACER\.m2\repository\org\apache\pdfbox\xmpbox\2.0.8\xmpbox-2.0.8.jar;C:\Users\ACER\.m2\repository\de\rototor\pdfbox\graphics2d\0.12\graphics2d-0.12.jar;C:\Users\ACER\.m2\repository\com\openhtmltopdf\openhtmltopdf-rtl-support\0.0.1-RC13\openhtmltopdf-rtl-support-0.0.1-RC13.jar;C:\Users\ACER\.m2\repository\com\ibm\icu\icu4j\59.1\icu4j-59.1.jar;C:\Users\ACER\.m2\repository\com\openhtmltopdf\openhtmltopdf-jsoup-dom-converter\0.0.1-RC13\openhtmltopdf-jsoup-dom-converter-0.0.1-RC13.jar;C:\Users\ACER\.m2\repository\com\vladsch\flexmark\flexmark-profile-pegdown\0.34.30\flexmark-profile-pegdown-0.34.30.jar;C:\Users\ACER\.m2\repository\com\vladsch\flexmark\flexmark-util\0.34.30\flexmark-util-0.34.30.jar;C:\Users\ACER\.m2\repository\com\vladsch\flexmark\flexmark-youtrack-converter\0.34.30\flexmark-youtrack-converter-0.34.30.jar;C:\Users\ACER\.m2\repository\es\nitaur\markdown\txtmark\0.16\txtmark-0.16.jar;C:\Users\ACER\.m2\repository\net\serenity-bdd\serenity-report-resources\3.2.1\serenity-report-resources-3.2.1.jar;C:\Users\ACER\.m2\repository\com\google\code\gson\gson\2.9.0\gson-2.9.0.jar;C:\Users\ACER\.m2\repository\com\fasterxml\jackson\core\jackson-core\2.13.2\jackson-core-2.13.2.jar;C:\Users\ACER\.m2\repository\com\fasterxml\jackson\core\jackson-databind\2.13.2\jackson-databind-2.13.2.jar;C:\Users\ACER\.m2\repository\com\fasterxml\jackson\core\jackson-annotations\2.13.2\jackson-annotations-2.13.2.jar;C:\Users\ACER\.m2\repository\commons-codec\commons-codec\1.15\commons-codec-1.15.jar;C:\Users\ACER\.m2\repository\commons-io\commons-io\2.11.0\commons-io-2.11.0.jar;C:\Users\ACER\.m2\repository\org\seleniumhq\selenium\selenium-java\4.1.2\selenium-java-4.1.2.jar;C:\Users\ACER\.m2\repository\org\seleniumhq\selenium\selenium-devtools-v85\4.1.2\selenium-devtools-v85-4.1.2.jar;C:\Users\ACER\.m2\repository\org\seleniumhq\selenium\selenium-devtools-v95\4.1.2\selenium-devtools-v95-4.1.2.jar;C:\Users\ACER\.m2\repository\org\seleniumhq\selenium\selenium-devtools-v96\4.1.2\selenium-devtools-v96-4.1.2.jar;C:\Users\ACER\.m2\repository\org\seleniumhq\selenium\selenium-devtools-v97\4.1.2\selenium-devtools-v97-4.1.2.jar;C:\Users\ACER\.m2\repository\org\seleniumhq\selenium\selenium-firefox-xpi-driver\4.1.2\selenium-firefox-xpi-driver-4.1.2.jar;C:\Users\ACER\.m2\repository\org\seleniumhq\selenium\selenium-opera-driver\4.1.2\selenium-opera-driver-4.1.2.jar;C:\Users\ACER\.m2\repository\org\seleniumhq\selenium\selenium-remote-driver\4.1.2\selenium-remote-driver-4.1.2.jar;C:\Users\ACER\.m2\repository\com\beust\jcommander\1.82\jcommander-1.82.jar;C:\Users\ACER\.m2\repository\io\netty\netty-buffer\4.1.73.Final\netty-buffer-4.1.73.Final.jar;C:\Users\ACER\.m2\repository\io\netty\netty-codec-http\4.1.73.Final\netty-codec-http-4.1.73.Final.jar;C:\Users\ACER\.m2\repository\io\netty\netty-codec\4.1.73.Final\netty-codec-4.1.73.Final.jar;C:\Users\ACER\.m2\repository\io\netty\netty-handler\4.1.73.Final\netty-handler-4.1.73.Final.jar;C:\Users\ACER\.m2\repository\io\netty\netty-tcnative-classes\2.0.46.Final\netty-tcnative-classes-2.0.46.Final.jar;C:\Users\ACER\.m2\repository\io\netty\netty-common\4.1.73.Final\netty-common-4.1.73.Final.jar;C:\Users\ACER\.m2\repository\io\netty\netty-transport-classes-epoll\4.1.73.Final\netty-transport-classes-epoll-4.1.73.Final.jar;C:\Users\ACER\.m2\repository\io\netty\netty-transport-classes-kqueue\4.1.73.Final\netty-transport-classes-kqueue-4.1.73.Final.jar;C:\Users\ACER\.m2\repository\io\netty\netty-transport-native-epoll\4.1.73.Final\netty-transport-native-epoll-4.1.73.Final.jar;C:\Users\ACER\.m2\repository\io\netty\netty-transport-native-kqueue\4.1.73.Final\netty-transport-native-kqueue-4.1.73.Final.jar;C:\Users\ACER\.m2\repository\io\netty\netty-transport-native-unix-common\4.1.73.Final\netty-transport-native-unix-common-4.1.73.Final.jar;C:\Users\ACER\.m2\repository\io\netty\netty-transport\4.1.73.Final\netty-transport-4.1.73.Final.jar;C:\Users\ACER\.m2\repository\io\netty\netty-resolver\4.1.73.Final\netty-resolver-4.1.73.Final.jar;C:\Users\ACER\.m2\repository\io\opentelemetry\opentelemetry-api\1.10.1\opentelemetry-api-1.10.1.jar;C:\Users\ACER\.m2\repository\io\opentelemetry\opentelemetry-context\1.10.1\opentelemetry-context-1.10.1.jar;C:\Users\ACER\.m2\repository\io\opentelemetry\opentelemetry-exporter-logging\1.10.1\opentelemetry-exporter-logging-1.10.1.jar;C:\Users\ACER\.m2\repository\io\opentelemetry\opentelemetry-sdk-metrics\1.10.1-alpha\opentelemetry-sdk-metrics-1.10.1-alpha.jar;C:\Users\ACER\.m2\repository\io\opentelemetry\opentelemetry-sdk-logs\1.10.1-alpha\opentelemetry-sdk-logs-1.10.1-alpha.jar;C:\Users\ACER\.m2\repository\io\opentelemetry\opentelemetry-sdk-common\1.10.1\opentelemetry-sdk-common-1.10.1.jar;C:\Users\ACER\.m2\repository\io\opentelemetry\opentelemetry-sdk-extension-autoconfigure-spi\1.10.1\opentelemetry-sdk-extension-autoconfigure-spi-1.10.1.jar;C:\Users\ACER\.m2\repository\io\opentelemetry\opentelemetry-sdk-extension-autoconfigure\1.10.1-alpha\opentelemetry-sdk-extension-autoconfigure-1.10.1-alpha.jar;C:\Users\ACER\.m2\repository\io\opentelemetry\opentelemetry-sdk-trace\1.10.1\opentelemetry-sdk-trace-1.10.1.jar;C:\Users\ACER\.m2\repository\io\opentelemetry\opentelemetry-sdk\1.10.1\opentelemetry-sdk-1.10.1.jar;C:\Users\ACER\.m2\repository\io\opentelemetry\opentelemetry-semconv\1.10.1-alpha\opentelemetry-semconv-1.10.1-alpha.jar;C:\Users\ACER\.m2\repository\io\ous\jtoml\2.0.0\jtoml-2.0.0.jar;C:\Users\ACER\.m2\repository\org\apache\commons\commons-exec\1.3\commons-exec-1.3.jar;C:\Users\ACER\.m2\repository\org\asynchttpclient\async-http-client\2.12.3\async-http-client-2.12.3.jar;C:\Users\ACER\.m2\repository\org\asynchttpclient\async-http-client-netty-utils\2.12.3\async-http-client-netty-utils-2.12.3.jar;C:\Users\ACER\.m2\repository\io\netty\netty-codec-socks\4.1.60.Final\netty-codec-socks-4.1.60.Final.jar;C:\Users\ACER\.m2\repository\io\netty\netty-handler-proxy\4.1.60.Final\netty-handler-proxy-4.1.60.Final.jar;C:\Users\ACER\.m2\repository\io\netty\netty-transport-native-epoll\4.1.60.Final\netty-transport-native-epoll-4.1.60.Final-linux-x86_64.jar;C:\Users\ACER\.m2\repository\io\netty\netty-transport-native-kqueue\4.1.60.Final\netty-transport-native-kqueue-4.1.60.Final-osx-x86_64.jar;C:\Users\ACER\.m2\repository\org\reactivestreams\reactive-streams\1.0.3\reactive-streams-1.0.3.jar;C:\Users\ACER\.m2\repository\com\typesafe\netty\netty-reactive-streams\2.0.4\netty-reactive-streams-2.0.4.jar;C:\Users\ACER\.m2\repository\org\seleniumhq\selenium\selenium-http\4.1.2\selenium-http-4.1.2.jar;C:\Users\ACER\.m2\repository\net\jodah\failsafe\2.4.4\failsafe-2.4.4.jar;C:\Users\ACER\.m2\repository\org\seleniumhq\selenium\selenium-safari-driver\4.1.2\selenium-safari-driver-4.1.2.jar;C:\Users\ACER\.m2\repository\org\seleniumhq\selenium\selenium-api\4.1.2\selenium-api-4.1.2.jar;C:\Users\ACER\.m2\repository\org\seleniumhq\selenium\selenium-support\4.1.2\selenium-support-4.1.2.jar;C:\Users\ACER\.m2\repository\com\google\auto\service\auto-service-annotations\1.0.1\auto-service-annotations-1.0.1.jar;C:\Users\ACER\.m2\repository\com\google\auto\service\auto-service\1.0.1\auto-service-1.0.1.jar;C:\Users\ACER\.m2\repository\com\google\auto\auto-common\1.2\auto-common-1.2.jar;C:\Users\ACER\.m2\repository\org\seleniumhq\selenium\selenium-json\4.1.2\selenium-json-4.1.2.jar;C:\Users\ACER\.m2\repository\org\seleniumhq\selenium\selenium-chrome-driver\4.1.2\selenium-chrome-driver-4.1.2.jar;C:\Users\ACER\.m2\repository\org\seleniumhq\selenium\selenium-chromium-driver\4.1.2\selenium-chromium-driver-4.1.2.jar;C:\Users\ACER\.m2\repository\org\seleniumhq\selenium\selenium-firefox-driver\4.1.2\selenium-firefox-driver-4.1.2.jar;C:\Users\ACER\.m2\repository\org\seleniumhq\selenium\selenium-edge-driver\4.1.2\selenium-edge-driver-4.1.2.jar;C:\Users\ACER\.m2\repository\org\seleniumhq\selenium\selenium-ie-driver\4.1.2\selenium-ie-driver-4.1.2.jar;C:\Users\ACER\.m2\repository\org\projectlombok\lombok\1.18.20\lombok-1.18.20.jar;C:\Users\ACER\.m2\repository\io\appium\java-client\8.0.0\java-client-8.0.0.jar;C:\Users\ACER\.m2\repository\commons-validator\commons-validator\1.7\commons-validator-1.7.jar;C:\Users\ACER\.m2\repository\commons-digester\commons-digester\2.1\commons-digester-2.1.jar;C:\Users\ACER\.m2\repository\org\aspectj\aspectjweaver\1.9.8\aspectjweaver-1.9.8.jar;C:\Users\ACER\.m2\repository\org\codehaus\groovy\groovy\3.0.10\groovy-3.0.10.jar;C:\Users\ACER\.m2\repository\net\sf\opencsv\opencsv\2.0\opencsv-2.0.jar;C:\Users\ACER\.m2\repository\commons-beanutils\commons-beanutils\1.9.4\commons-beanutils-1.9.4.jar;C:\Users\ACER\.m2\repository\org\apache\commons\commons-lang3\3.12.0\commons-lang3-3.12.0.jar;C:\Users\ACER\.m2\repository\commons-collections\commons-collections\3.2.2\commons-collections-3.2.2.jar;C:\Users\ACER\.m2\repository\org\fluentlenium\fluentlenium-core\0.10.2\fluentlenium-core-0.10.2.jar;C:\Users\ACER\.m2\repository\io\github\bonigarcia\webdrivermanager\5.1.0\webdrivermanager-5.1.0.jar;C:\Users\ACER\.m2\repository\com\github\docker-java\docker-java\3.2.13\docker-java-3.2.13.jar;C:\Users\ACER\.m2\repository\com\github\docker-java\docker-java-core\3.2.13\docker-java-core-3.2.13.jar;C:\Users\ACER\.m2\repository\com\github\docker-java\docker-java-api\3.2.13\docker-java-api-3.2.13.jar;C:\Users\ACER\.m2\repository\org\apache\commons\commons-compress\1.21\commons-compress-1.21.jar;C:\Users\ACER\.m2\repository\org\bouncycastle\bcpkix-jdk15on\1.64\bcpkix-jdk15on-1.64.jar;C:\Users\ACER\.m2\repository\org\bouncycastle\bcprov-jdk15on\1.64\bcprov-jdk15on-1.64.jar;C:\Users\ACER\.m2\repository\org\slf4j\jcl-over-slf4j\1.7.30\jcl-over-slf4j-1.7.30.jar;C:\Users\ACER\.m2\repository\com\github\docker-java\docker-java-transport-httpclient5\3.2.13\docker-java-transport-httpclient5-3.2.13.jar;C:\Users\ACER\.m2\repository\com\github\docker-java\docker-java-transport\3.2.13\docker-java-transport-3.2.13.jar;C:\Users\ACER\.m2\repository\org\apache\httpcomponents\client5\httpclient5\5.0.3\httpclient5-5.0.3.jar;C:\Users\ACER\.m2\repository\org\apache\httpcomponents\core5\httpcore5\5.0.2\httpcore5-5.0.2.jar;C:\Users\ACER\.m2\repository\net\java\dev\jna\jna\5.8.0\jna-5.8.0.jar;C:\Users\ACER\.m2\repository\org\brotli\dec\0.1.2\dec-0.1.2.jar;C:\Users\ACER\.m2\repository\com\jhlabs\filters\2.0.235\filters-2.0.235.jar;C:\Users\ACER\.m2\repository\com\paulhammant\ngwebdriver\1.1.6\ngwebdriver-1.1.6.jar;C:\Users\ACER\.m2\repository\joda-time\joda-time\2.8.2\joda-time-2.8.2.jar;C:\Users\ACER\.m2\repository\org\hamcrest\hamcrest\2.2\hamcrest-2.2.jar;C:\Users\ACER\.m2\repository\com\google\jimfs\jimfs\1.2\jimfs-1.2.jar;C:\Users\ACER\.m2\repository\org\mockito\mockito-core\3.3.3\mockito-core-3.3.3.jar;C:\Users\ACER\.m2\repository\javax\xml\bind\jaxb-api\2.3.1\jaxb-api-2.3.1.jar;C:\Users\ACER\.m2\repository\javax\activation\javax.activation-api\1.2.0\javax.activation-api-1.2.0.jar;C:\Users\ACER\.m2\repository\com\sun\xml\bind\jaxb-core\2.3.0.1\jaxb-core-2.3.0.1.jar;C:\Users\ACER\.m2\repository\com\sun\xml\bind\jaxb-impl\2.3.3\jaxb-impl-2.3.3.jar;C:\Users\ACER\.m2\repository\jakarta\xml\bind\jakarta.xml.bind-api\2.3.3\jakarta.xml.bind-api-2.3.3.jar;C:\Users\ACER\.m2\repository\com\sun\activation\jakarta.activation\1.2.2\jakarta.activation-1.2.2.jar;C:\Users\ACER\.m2\repository\javax\activation\activation\1.1.1\activation-1.1.1.jar;C:\Users\ACER\.m2\repository\net\serenity-bdd\serenity-cucumber\3.2.1\serenity-cucumber-3.2.1.jar;C:\Users\ACER\.m2\repository\io\cucumber\cucumber-core\7.2.3\cucumber-core-7.2.3.jar;C:\Users\ACER\.m2\repository\io\cucumber\cucumber-gherkin\7.2.3\cucumber-gherkin-7.2.3.jar;C:\Users\ACER\.m2\repository\io\cucumber\cucumber-gherkin-messages\7.2.3\cucumber-gherkin-messages-7.2.3.jar;C:\Users\ACER\.m2\repository\io\cucumber\messages\17.1.1\messages-17.1.1.jar;C:\Users\ACER\.m2\repository\io\cucumber\tag-expressions\4.1.0\tag-expressions-4.1.0.jar;C:\Users\ACER\.m2\repository\io\cucumber\cucumber-expressions\15.0.1\cucumber-expressions-15.0.1.jar;C:\Users\ACER\.m2\repository\io\cucumber\datatable\7.2.3\datatable-7.2.3.jar;C:\Users\ACER\.m2\repository\io\cucumber\cucumber-plugin\7.2.3\cucumber-plugin-7.2.3.jar;C:\Users\ACER\.m2\repository\io\cucumber\docstring\7.2.3\docstring-7.2.3.jar;C:\Users\ACER\.m2\repository\io\cucumber\html-formatter\17.0.0\html-formatter-17.0.0.jar;C:\Users\ACER\.m2\repository\io\cucumber\ci-environment\8.1.0\ci-environment-8.1.0.jar;C:\Users\ACER\.m2\repository\io\cucumber\cucumber-junit\7.2.3\cucumber-junit-7.2.3.jar;C:\Users\ACER\.m2\repository\org\apache\commons\commons-csv\1.5\commons-csv-1.5.jar;C:\Users\ACER\.m2\repository\net\serenity-bdd\serenity-screenplay\3.2.1\serenity-screenplay-3.2.1.jar;C:\Users\ACER\.m2\repository\net\serenity-bdd\serenity-screenplay-webdriver\3.2.1\serenity-screenplay-webdriver-3.2.1.jar;C:\Users\ACER\.m2\repository\net\serenity-bdd\serenity-ensure\3.2.1\serenity-ensure-3.2.1.jar;C:\Users\ACER\.m2\repository\net\serenity-bdd\serenity-junit\3.2.1\serenity-junit-3.2.1.jar;C:\Users\ACER\.m2\repository\org\jetbrains\kotlin\kotlin-stdlib\1.6.0\kotlin-stdlib-1.6.0.jar;C:\Users\ACER\.m2\repository\org\jetbrains\annotations\13.0\annotations-13.0.jar;C:\Users\ACER\.m2\repository\org\jetbrains\kotlin\kotlin-stdlib-common\1.6.0\kotlin-stdlib-common-1.6.0.jar;C:\Users\ACER\.m2\repository\org\junit\platform\junit-platform-launcher\1.8.1\junit-platform-launcher-1.8.1.jar;C:\Users\ACER\.m2\repository\org\junit\platform\junit-platform-engine\1.8.1\junit-platform-engine-1.8.1.jar;C:\Users\ACER\.m2\repository\org\opentest4j\opentest4j\1.2.0\opentest4j-1.2.0.jar;C:\Users\ACER\.m2\repository\org\junit\platform\junit-platform-commons\1.8.1\junit-platform-commons-1.8.1.jar;C:\Users\ACER\.m2\repository\org\apiguardian\apiguardian-api\1.1.2\apiguardian-api-1.1.2.jar;C:\Users\ACER\.m2\repository\org\junit\jupiter\junit-jupiter-engine\5.8.2\junit-jupiter-engine-5.8.2.jar;C:\Users\ACER\.m2\repository\org\junit\jupiter\junit-jupiter-api\5.8.2\junit-jupiter-api-5.8.2.jar;C:\Users\ACER\.m2\repository\org\junit\vintage\junit-vintage-engine\5.8.2\junit-vintage-engine-5.8.2.jar;C:\Users\ACER\.m2\repository\junit\junit\4.13.2\junit-4.13.2.jar;C:\Users\ACER\.m2\repository\org\hamcrest\hamcrest-core\1.3\hamcrest-core-1.3.jar;C:\Users\ACER\.m2\repository\ch\qos\logback\logback-classic\1.2.10\logback-classic-1.2.10.jar;C:\Users\ACER\.m2\repository\ch\qos\logback\logback-core\1.2.10\logback-core-1.2.10.jar;C:\Users\ACER\.m2\repository\org\slf4j\slf4j-api\1.7.32\slf4j-api-1.7.32.jar;C:\Users\ACER\.m2\repository\org\assertj\assertj-core\3.6.2\assertj-core-3.6.2.jar;C:\Users\ACER\.m2\repository\org\apache\maven\surefire\surefire-junit-platform\3.0.0-M5\surefire-junit-platform-3.0.0-M5.jar;C:\Users\ACER\.m2\repository\org\apache\maven\surefire\common-java5\3.0.0-M5\common-java5-3.0.0-M5.jar"/>
    <property name="user.script" value=""/>
    <property name="java.protocol.handler.pkgs" value="com.google.common"/>
    <property name="sun.management.compiler" value="HotSpot 64-Bit Tiered Compilers"/>
    <property name="java.runtime.version" value="11.0.16+11-LTS-199"/>
    <property name="user.name" value="ACER"/>
    <property name="path.separator" value=";"/>
    <property name="os.version" value="10.0"/>
    <property name="java.runtime.name" value="Java(TM) SE Runtime Environment"/>
    <property name="file.encoding" value="Cp1252"/>
    <property name="webdriver.base.url" value=""/>
    <property name="java.vm.name" value="Java HotSpot(TM) 64-Bit Server VM"/>
    <property name="java.vendor.version" value="18.9"/>
    <property name="localRepository" value="C:\Users\ACER\.m2\repository"/>
    <property name="java.vendor.url.bug" value="https://bugreport.java.com/bugreport/"/>
    <property name="java.io.tmpdir" value="C:\Users\ACER\AppData\Local\Temp\"/>
    <property name="java.version" value="11.0.16"/>
    <property name="user.dir" value="C:\Users\ACER\Documents\Mini_Proyek\test-web"/>
    <property name="os.arch" value="amd64"/>
    <property name="java.vm.specification.name" value="Java Virtual Machine Specification"/>
    <property name="java.awt.printerjob" value="sun.awt.windows.WPrinterJob"/>
    <property name="sun.os.patch.level" value=""/>
    <property name="java.library.path" value="C:\Program Files\Java\jdk-11.0.16\bin;C:\WINDOWS\Sun\Java\bin;C:\WINDOWS\system32;C:\WINDOWS;C:\Program Files\Common Files\Oracle\Java\javapath;C:\WINDOWS\system32;C:\WINDOWS;C:\WINDOWS\System32\Wbem;C:\WINDOWS\System32\WindowsPowerShell\v1.0\;C:\WINDOWS\System32\OpenSSH\;C:\Program Files\Git\cmd;C:\Program Files\Java\jdk-11.0.16\bin;C:\Program Files\apache-maven-3.8.6\bin;C:\Users\ACER\AppData\Local\Android\Sdk\platform-tools;C:\Program Files\nodejs\;C:\Users\ACER\AppData\Local\Microsoft\WindowsApps;C:\Users\ACER\AppData\Local\Programs\Microsoft VS Code\bin;C:\Program Files\Java\jdk-11.0.16\bin;C:\Users\ACER\AppData\Roaming\npm;."/>
    <property name="java.vendor" value="Oracle Corporation"/>
    <property name="java.vm.info" value="mixed mode"/>
    <property name="java.vm.version" value="11.0.16+11-LTS-199"/>
    <property name="sun.io.unicode.encoding" value="UnicodeLittle"/>
    <property name="java.class.version" value="55.0"/>
  </properties>
  <testcase name="Add Product with index one" classname="Add product" time="41.795">
    <system-out><![CDATA[21:53:37.611 [main] INFO io.cucumber.core.plugin.SerenityReporter - Running feature from file:///C:/Users/ACER/Documents/Mini_Proyek/test-web/src/test/resources/features/AddProduct.feature
21:53:38.036 [main] INFO  - 

-------------------------------------------------------------------------------------
     _______. _______ .______       _______ .__   __.  __  .___________.____    ____ 
    /       ||   ____||   _  \     |   ____||  \ |  | |  | |           |\   \  /   / 
   |   (----`|  |__   |  |_)  |    |  |__   |   \|  | |  | `---|  |----` \   \/   /  
    \   \    |   __|  |      /     |   __|  |  . `  | |  |     |  |       \_    _/   
.----)   |   |  |____ |  |\  \----.|  |____ |  |\   | |  |     |  |         |  |     
|_______/    |_______|| _| `._____||_______||__| \__| |__|     |__|         |__|    
                                                                                     
 News and tutorials at http://www.serenity-bdd.info                                  
 Documentation at https://wakaleo.gitbooks.io/the-serenity-book/content/             
 Join the Serenity Community on Gitter: https://gitter.im/serenity-bdd/serenity-core 
 Serenity BDD Support and Training at http://serenity-bdd.info/#/trainingandsupport  
-------------------------------------------------------------------------------------

21:53:38.043 [main] DEBUG net.thucydides.core.steps.StepEventBus - Test suite started for story net.thucydides.core.model.Story@16797ed3
21:53:38.049 [main] INFO  - Test Suite Started: Add product
21:53:38.081 [main] INFO io.cucumber.core.plugin.SerenityReporter - Running feature from file:///C:/Users/ACER/Documents/Mini_Proyek/test-web/src/test/resources/features/Login.feature
21:53:38.106 [main] DEBUG net.thucydides.core.steps.StepEventBus - Test suite started for story net.thucydides.core.model.Story@23282f08
21:53:38.112 [main] INFO  - Test Suite Started: Login
21:53:38.113 [main] INFO io.cucumber.core.plugin.SerenityReporter - Running feature from file:///C:/Users/ACER/Documents/Mini_Proyek/test-web/src/test/resources/features/Logout.feature
21:53:38.124 [main] DEBUG net.thucydides.core.steps.StepEventBus - Test suite started for story net.thucydides.core.model.Story@7960de68
21:53:38.125 [main] INFO  - Test Suite Started: Logout
21:53:38.125 [main] INFO io.cucumber.core.plugin.SerenityReporter - Running feature from file:///C:/Users/ACER/Documents/Mini_Proyek/test-web/src/test/resources/features/Order.feature
21:53:38.141 [main] DEBUG net.thucydides.core.steps.StepEventBus - Test suite started for story net.thucydides.core.model.Story@cc4b76a8
21:53:38.142 [main] INFO  - Test Suite Started: Order
21:53:38.143 [main] INFO io.cucumber.core.plugin.SerenityReporter - Running feature from file:///C:/Users/ACER/Documents/Mini_Proyek/test-web/src/test/resources/features/Register.feature
21:53:38.157 [main] DEBUG net.thucydides.core.steps.StepEventBus - Test suite started for story net.thucydides.core.model.Story@30e75088
21:53:38.159 [main] INFO  - Test Suite Started: Register
21:53:38.160 [main] INFO io.cucumber.core.plugin.SerenityReporter - Running feature from file:///C:/Users/ACER/Documents/Mini_Proyek/test-web/src/test/resources/features/AddProduct.feature
21:53:38.169 [main] DEBUG net.thucydides.core.steps.StepEventBus - Test suite started for story net.thucydides.core.model.Story@16797ed3
21:53:38.170 [main] INFO  - Test Suite Started: Add product

@AddProducts @AddProduct
Scenario: Add Product with index one &amp#27;[90m# src/test/resources/features/AddProduct.feature:8&amp#27;[0m
21:53:38.526 [main] INFO io.cucumber.core.plugin.SerenityReporter - Running feature from file:///C:/Users/ACER/Documents/Mini_Proyek/test-web/src/test/resources/features/AddProduct.feature
21:53:38.826 [main] INFO  - 
  _____   ___   ___   _____     ___   _____     _     ___   _____   ___   ___  
 |_   _| | __| / __| |_   _|   / __| |_   _|   /_\   | _ \ |_   _| | __| |   \ 
   | |   | _|  \__ \   | |     \__ \   | |    / _ \  |   /   | |   | _|  | |) |
   |_|   |___| |___/   |_|     |___/   |_|   /_/ \_\ |_|_\   |_|   |___| |___/ 

Add Product with index one(add-product;add-product-with-index-one)
--------------------------------------------------------------------------------
21:53:41.636 [main] INFO net.serenitybdd.core.webdriver.driverproviders.ChromeDriverProvider - Using automatically driver download
21:53:43.338 [main] DEBUG io.github.bonigarcia.wdm.cache.ResolutionCache - Removing resolution chrome=107 from cache (expired on Sat Oct 29 15:38:59 ICT 2022)
21:53:43.468 [main] DEBUG org.apache.hc.client5.http.impl.classic.InternalHttpClient - ex-00000001: preparing request execution
21:53:43.555 [main] DEBUG org.apache.hc.client5.http.protocol.RequestAddCookies - Cookie spec selected: strict
21:53:43.824 [main] DEBUG org.apache.hc.client5.http.protocol.RequestAuthCache - Auth cache not set in the context
21:53:43.824 [main] DEBUG org.apache.hc.client5.http.impl.classic.ProtocolExec - ex-00000001: target auth state: UNCHALLENGED
21:53:43.826 [main] DEBUG org.apache.hc.client5.http.impl.classic.ProtocolExec - ex-00000001: proxy auth state: UNCHALLENGED
21:53:43.826 [main] DEBUG org.apache.hc.client5.http.impl.classic.ConnectExec - ex-00000001: acquiring connection with route {s}->https://raw.githubusercontent.com:443
21:53:43.827 [main] DEBUG org.apache.hc.client5.http.impl.classic.InternalHttpClient - ex-00000001: acquiring endpoint (3 MINUTES)
21:53:43.832 [main] DEBUG org.apache.hc.client5.http.impl.io.PoolingHttpClientConnectionManager - ex-00000001: endpoint lease request (3 MINUTES) [route: {s}->https://raw.githubusercontent.com:443][total available: 0; route allocated: 0 of 5; total allocated: 0 of 25]
21:53:43.844 [main] DEBUG org.apache.hc.client5.http.impl.io.PoolingHttpClientConnectionManager - ex-00000001: endpoint leased [route: {s}->https://raw.githubusercontent.com:443][total available: 0; route allocated: 1 of 5; total allocated: 1 of 25]
21:53:43.867 [main] DEBUG org.apache.hc.client5.http.impl.io.PoolingHttpClientConnectionManager - ex-00000001: acquired ep-00000000
21:53:43.868 [main] DEBUG org.apache.hc.client5.http.impl.classic.InternalHttpClient - ex-00000001: acquired endpoint ep-00000000
21:53:43.868 [main] DEBUG org.apache.hc.client5.http.impl.classic.ConnectExec - ex-00000001: opening connection {s}->https://raw.githubusercontent.com:443
21:53:43.869 [main] DEBUG org.apache.hc.client5.http.impl.classic.InternalHttpClient - ep-00000000: connecting endpoint (30 SECONDS)
21:53:43.870 [main] DEBUG org.apache.hc.client5.http.impl.io.PoolingHttpClientConnectionManager - ep-00000000: connecting endpoint to https://raw.githubusercontent.com:443 (30 SECONDS)
21:53:43.935 [main] DEBUG org.apache.hc.client5.http.impl.io.DefaultHttpClientConnectionOperator - http-outgoing-0: connecting to raw.githubusercontent.com/185.199.110.133:443
21:53:43.936 [main] DEBUG org.apache.hc.client5.http.ssl.SSLConnectionSocketFactory - Connecting socket to raw.githubusercontent.com/185.199.110.133:443 with timeout 30 SECONDS
21:53:44.041 [main] DEBUG org.apache.hc.client5.http.ssl.SSLConnectionSocketFactory - Enabled protocols: [TLSv1.3, TLSv1.2]
21:53:44.041 [main] DEBUG org.apache.hc.client5.http.ssl.SSLConnectionSocketFactory - Enabled cipher suites: [TLS_AES_256_GCM_SHA384, TLS_AES_128_GCM_SHA256, TLS_CHACHA20_POLY1305_SHA256, TLS_ECDHE_ECDSA_WITH_AES_256_GCM_SHA384, TLS_ECDHE_ECDSA_WITH_AES_128_GCM_SHA256, TLS_ECDHE_ECDSA_WITH_CHACHA20_POLY1305_SHA256, TLS_ECDHE_RSA_WITH_AES_256_GCM_SHA384, TLS_ECDHE_RSA_WITH_CHACHA20_POLY1305_SHA256, TLS_ECDHE_RSA_WITH_AES_128_GCM_SHA256, TLS_DHE_RSA_WITH_AES_256_GCM_SHA384, TLS_DHE_RSA_WITH_CHACHA20_POLY1305_SHA256, TLS_DHE_DSS_WITH_AES_256_GCM_SHA384, TLS_DHE_RSA_WITH_AES_128_GCM_SHA256, TLS_DHE_DSS_WITH_AES_128_GCM_SHA256, TLS_ECDHE_ECDSA_WITH_AES_256_CBC_SHA384, TLS_ECDHE_RSA_WITH_AES_256_CBC_SHA384, TLS_ECDHE_ECDSA_WITH_AES_128_CBC_SHA256, TLS_ECDHE_RSA_WITH_AES_128_CBC_SHA256, TLS_DHE_RSA_WITH_AES_256_CBC_SHA256, TLS_DHE_DSS_WITH_AES_256_CBC_SHA256, TLS_DHE_RSA_WITH_AES_128_CBC_SHA256, TLS_DHE_DSS_WITH_AES_128_CBC_SHA256, TLS_ECDH_ECDSA_WITH_AES_256_GCM_SHA384, TLS_ECDH_RSA_WITH_AES_256_GCM_SHA384, TLS_ECDH_ECDSA_WITH_AES_128_GCM_SHA256, TLS_ECDH_RSA_WITH_AES_128_GCM_SHA256, TLS_ECDH_ECDSA_WITH_AES_256_CBC_SHA384, TLS_ECDH_RSA_WITH_AES_256_CBC_SHA384, TLS_ECDH_ECDSA_WITH_AES_128_CBC_SHA256, TLS_ECDH_RSA_WITH_AES_128_CBC_SHA256, TLS_ECDHE_ECDSA_WITH_AES_256_CBC_SHA, TLS_ECDHE_RSA_WITH_AES_256_CBC_SHA, TLS_ECDHE_ECDSA_WITH_AES_128_CBC_SHA, TLS_ECDHE_RSA_WITH_AES_128_CBC_SHA, TLS_DHE_RSA_WITH_AES_256_CBC_SHA, TLS_DHE_DSS_WITH_AES_256_CBC_SHA, TLS_DHE_RSA_WITH_AES_128_CBC_SHA, TLS_DHE_DSS_WITH_AES_128_CBC_SHA, TLS_ECDH_ECDSA_WITH_AES_256_CBC_SHA, TLS_ECDH_RSA_WITH_AES_256_CBC_SHA, TLS_ECDH_ECDSA_WITH_AES_128_CBC_SHA, TLS_ECDH_RSA_WITH_AES_128_CBC_SHA, TLS_RSA_WITH_AES_256_GCM_SHA384, TLS_RSA_WITH_AES_128_GCM_SHA256, TLS_RSA_WITH_AES_256_CBC_SHA256, TLS_RSA_WITH_AES_128_CBC_SHA256, TLS_RSA_WITH_AES_256_CBC_SHA, TLS_RSA_WITH_AES_128_CBC_SHA, TLS_EMPTY_RENEGOTIATION_INFO_SCSV]
21:53:44.041 [main] DEBUG org.apache.hc.client5.http.ssl.SSLConnectionSocketFactory - Starting handshake
21:53:44.293 [main] DEBUG org.apache.hc.client5.http.ssl.SSLConnectionSocketFactory - Secure session established
21:53:44.293 [main] DEBUG org.apache.hc.client5.http.ssl.SSLConnectionSocketFactory -  negotiated protocol: TLSv1.3
21:53:44.293 [main] DEBUG org.apache.hc.client5.http.ssl.SSLConnectionSocketFactory -  negotiated cipher suite: TLS_AES_256_GCM_SHA384
21:53:44.293 [main] DEBUG org.apache.hc.client5.http.ssl.SSLConnectionSocketFactory -  peer principal: CN=*.github.io, O="GitHub, Inc.", L=San Francisco, ST=California, C=US
21:53:44.296 [main] DEBUG org.apache.hc.client5.http.ssl.SSLConnectionSocketFactory -  peer alternative names: [*.github.io, github.com, *.github.com, www.github.com, github.io, githubusercontent.com, *.githubusercontent.com]
21:53:44.297 [main] DEBUG org.apache.hc.client5.http.ssl.SSLConnectionSocketFactory -  issuer principal: CN=DigiCert TLS RSA SHA256 2020 CA1, O=DigiCert Inc, C=US
21:53:44.299 [main] DEBUG org.apache.hc.client5.http.impl.io.DefaultHttpClientConnectionOperator - http-outgoing-0: connection established 192.168.100.21:52095<->185.199.110.133:443
21:53:44.301 [main] DEBUG org.apache.hc.client5.http.impl.io.PoolingHttpClientConnectionManager - ep-00000000: connected http-outgoing-0
21:53:44.301 [main] DEBUG org.apache.hc.client5.http.impl.classic.InternalHttpClient - ep-00000000: endpoint connected
21:53:44.302 [main] DEBUG org.apache.hc.client5.http.impl.classic.MainClientExec - ex-00000001: executing GET /bonigarcia/webdrivermanager/master/src/main/resources/commands.properties HTTP/1.1
21:53:44.304 [main] DEBUG org.apache.hc.client5.http.impl.classic.InternalHttpClient - ep-00000000: start execution ex-00000001
21:53:44.304 [main] DEBUG org.apache.hc.client5.http.impl.io.PoolingHttpClientConnectionManager - ep-00000000: executing exchange ex-00000001 over http-outgoing-0
21:53:44.306 [main] DEBUG org.apache.hc.client5.http.headers - http-outgoing-0 >> GET /bonigarcia/webdrivermanager/master/src/main/resources/commands.properties HTTP/1.1
21:53:44.306 [main] DEBUG org.apache.hc.client5.http.headers - http-outgoing-0 >> user-agent: Apache-HttpClient/5.0
21:53:44.306 [main] DEBUG org.apache.hc.client5.http.headers - http-outgoing-0 >> accept-encoding: gzip, deflate, br
21:53:44.306 [main] DEBUG org.apache.hc.client5.http.headers - http-outgoing-0 >> cache-control: max-age=0
21:53:44.307 [main] DEBUG org.apache.hc.client5.http.headers - http-outgoing-0 >> connection: keep-alive
21:53:44.307 [main] DEBUG org.apache.hc.client5.http.headers - http-outgoing-0 >> Host: raw.githubusercontent.com
21:53:44.307 [main] DEBUG org.apache.hc.client5.http.wire - http-outgoing-0 >> "GET /bonigarcia/webdrivermanager/master/src/main/resources/commands.properties HTTP/1.1[\r][\n]"
21:53:44.308 [main] DEBUG org.apache.hc.client5.http.wire - http-outgoing-0 >> "user-agent: Apache-HttpClient/5.0[\r][\n]"
21:53:44.308 [main] DEBUG org.apache.hc.client5.http.wire - http-outgoing-0 >> "accept-encoding: gzip, deflate, br[\r][\n]"
21:53:44.308 [main] DEBUG org.apache.hc.client5.http.wire - http-outgoing-0 >> "cache-control: max-age=0[\r][\n]"
21:53:44.308 [main] DEBUG org.apache.hc.client5.http.wire - http-outgoing-0 >> "connection: keep-alive[\r][\n]"
21:53:44.308 [main] DEBUG org.apache.hc.client5.http.wire - http-outgoing-0 >> "Host: raw.githubusercontent.com[\r][\n]"
21:53:44.308 [main] DEBUG org.apache.hc.client5.http.wire - http-outgoing-0 >> "[\r][\n]"
21:53:44.329 [main] DEBUG org.apache.hc.client5.http.wire - http-outgoing-0 << "HTTP/1.1 200 OK[\r][\n]"
21:53:44.330 [main] DEBUG org.apache.hc.client5.http.wire - http-outgoing-0 << "Connection: keep-alive[\r][\n]"
21:53:44.330 [main] DEBUG org.apache.hc.client5.http.wire - http-outgoing-0 << "Content-Length: 723[\r][\n]"
21:53:44.330 [main] DEBUG org.apache.hc.client5.http.wire - http-outgoing-0 << "Cache-Control: max-age=300[\r][\n]"
21:53:44.330 [main] DEBUG org.apache.hc.client5.http.wire - http-outgoing-0 << "Content-Security-Policy: default-src 'none'; style-src 'unsafe-inline'; sandbox[\r][\n]"
21:53:44.330 [main] DEBUG org.apache.hc.client5.http.wire - http-outgoing-0 << "Content-Type: text/plain; charset=utf-8[\r][\n]"
21:53:44.330 [main] DEBUG org.apache.hc.client5.http.wire - http-outgoing-0 << "ETag: W/"e82b438271e9e8680c688b0b680efd0bdd22faa6d6f0a32fc1fd8accc486b67e"[\r][\n]"
21:53:44.330 [main] DEBUG org.apache.hc.client5.http.wire - http-outgoing-0 << "Strict-Transport-Security: max-age=31536000[\r][\n]"
21:53:44.330 [main] DEBUG org.apache.hc.client5.http.wire - http-outgoing-0 << "X-Content-Type-Options: nosniff[\r][\n]"
21:53:44.330 [main] DEBUG org.apache.hc.client5.http.wire - http-outgoing-0 << "X-Frame-Options: deny[\r][\n]"
21:53:44.330 [main] DEBUG org.apache.hc.client5.http.wire - http-outgoing-0 << "X-XSS-Protection: 1; mode=block[\r][\n]"
21:53:44.330 [main] DEBUG org.apache.hc.client5.http.wire - http-outgoing-0 << "X-GitHub-Request-Id: B4BC:0B2D:69B4A6:8F8946:63605DBB[\r][\n]"
21:53:44.331 [main] DEBUG org.apache.hc.client5.http.wire - http-outgoing-0 << "Content-Encoding: gzip[\r][\n]"
21:53:44.331 [main] DEBUG org.apache.hc.client5.http.wire - http-outgoing-0 << "Accept-Ranges: bytes[\r][\n]"
21:53:44.331 [main] DEBUG org.apache.hc.client5.http.wire - http-outgoing-0 << "Date: Fri, 04 Nov 2022 14:53:43 GMT[\r][\n]"
21:53:44.331 [main] DEBUG org.apache.hc.client5.http.wire - http-outgoing-0 << "Via: 1.1 varnish[\r][\n]"
21:53:44.331 [main] DEBUG org.apache.hc.client5.http.wire - http-outgoing-0 << "X-Served-By: cache-qpg1230-QPG[\r][\n]"
21:53:44.331 [main] DEBUG org.apache.hc.client5.http.wire - http-outgoing-0 << "X-Cache: HIT[\r][\n]"
21:53:44.331 [main] DEBUG org.apache.hc.client5.http.wire - http-outgoing-0 << "X-Cache-Hits: 1[\r][\n]"
21:53:44.331 [main] DEBUG org.apache.hc.client5.http.wire - http-outgoing-0 << "X-Timer: S1667573623.344642,VS0,VE1[\r][\n]"
21:53:44.331 [main] DEBUG org.apache.hc.client5.http.wire - http-outgoing-0 << "Vary: Authorization,Accept-Encoding,Origin[\r][\n]"
21:53:44.331 [main] DEBUG org.apache.hc.client5.http.wire - http-outgoing-0 << "Access-Control-Allow-Origin: *[\r][\n]"
21:53:44.331 [main] DEBUG org.apache.hc.client5.http.wire - http-outgoing-0 << "X-Fastly-Request-ID: 0dedd2534f8f56b737e9e412a6fccb8e5aab87b2[\r][\n]"
21:53:44.331 [main] DEBUG org.apache.hc.client5.http.wire - http-outgoing-0 << "Expires: Fri, 04 Nov 2022 14:58:43 GMT[\r][\n]"
21:53:44.331 [main] DEBUG org.apache.hc.client5.http.wire - http-outgoing-0 << "Source-Age: 151[\r][\n]"
21:53:44.331 [main] DEBUG org.apache.hc.client5.http.wire - http-outgoing-0 << "[\r][\n]"
21:53:44.337 [main] DEBUG org.apache.hc.client5.http.headers - http-outgoing-0 << HTTP/1.1 200 OK
21:53:44.337 [main] DEBUG org.apache.hc.client5.http.headers - http-outgoing-0 << Connection: keep-alive
21:53:44.337 [main] DEBUG org.apache.hc.client5.http.headers - http-outgoing-0 << Content-Length: 723
21:53:44.337 [main] DEBUG org.apache.hc.client5.http.headers - http-outgoing-0 << Cache-Control: max-age=300
21:53:44.337 [main] DEBUG org.apache.hc.client5.http.headers - http-outgoing-0 << Content-Security-Policy: default-src 'none'; style-src 'unsafe-inline'; sandbox
21:53:44.337 [main] DEBUG org.apache.hc.client5.http.headers - http-outgoing-0 << Content-Type: text/plain; charset=utf-8
21:53:44.337 [main] DEBUG org.apache.hc.client5.http.headers - http-outgoing-0 << ETag: W/"e82b438271e9e8680c688b0b680efd0bdd22faa6d6f0a32fc1fd8accc486b67e"
21:53:44.337 [main] DEBUG org.apache.hc.client5.http.headers - http-outgoing-0 << Strict-Transport-Security: max-age=31536000
21:53:44.337 [main] DEBUG org.apache.hc.client5.http.headers - http-outgoing-0 << X-Content-Type-Options: nosniff
21:53:44.338 [main] DEBUG org.apache.hc.client5.http.headers - http-outgoing-0 << X-Frame-Options: deny
21:53:44.338 [main] DEBUG org.apache.hc.client5.http.headers - http-outgoing-0 << X-XSS-Protection: 1; mode=block
21:53:44.338 [main] DEBUG org.apache.hc.client5.http.headers - http-outgoing-0 << X-GitHub-Request-Id: B4BC:0B2D:69B4A6:8F8946:63605DBB
21:53:44.338 [main] DEBUG org.apache.hc.client5.http.headers - http-outgoing-0 << Content-Encoding: gzip
21:53:44.338 [main] DEBUG org.apache.hc.client5.http.headers - http-outgoing-0 << Accept-Ranges: bytes
21:53:44.338 [main] DEBUG org.apache.hc.client5.http.headers - http-outgoing-0 << Date: Fri, 04 Nov 2022 14:53:43 GMT
21:53:44.338 [main] DEBUG org.apache.hc.client5.http.headers - http-outgoing-0 << Via: 1.1 varnish
21:53:44.338 [main] DEBUG org.apache.hc.client5.http.headers - http-outgoing-0 << X-Served-By: cache-qpg1230-QPG
21:53:44.338 [main] DEBUG org.apache.hc.client5.http.headers - http-outgoing-0 << X-Cache: HIT
21:53:44.338 [main] DEBUG org.apache.hc.client5.http.headers - http-outgoing-0 << X-Cache-Hits: 1
21:53:44.338 [main] DEBUG org.apache.hc.client5.http.headers - http-outgoing-0 << X-Timer: S1667573623.344642,VS0,VE1
21:53:44.338 [main] DEBUG org.apache.hc.client5.http.headers - http-outgoing-0 << Vary: Authorization,Accept-Encoding,Origin
21:53:44.338 [main] DEBUG org.apache.hc.client5.http.headers - http-outgoing-0 << Access-Control-Allow-Origin: *
21:53:44.339 [main] DEBUG org.apache.hc.client5.http.headers - http-outgoing-0 << X-Fastly-Request-ID: 0dedd2534f8f56b737e9e412a6fccb8e5aab87b2
21:53:44.339 [main] DEBUG org.apache.hc.client5.http.headers - http-outgoing-0 << Expires: Fri, 04 Nov 2022 14:58:43 GMT
21:53:44.339 [main] DEBUG org.apache.hc.client5.http.headers - http-outgoing-0 << Source-Age: 151
21:53:44.345 [main] DEBUG org.apache.hc.client5.http.impl.classic.MainClientExec - ex-00000001: connection can be kept alive for 3 MINUTES
21:53:44.353 [main] DEBUG org.apache.hc.client5.http.wire - http-outgoing-0 << "[0x1f][0xffffff8b][0x8][0x0][0x0][0x0][0x0][0x0][0x0][0x3][0xffffffb5]V]o[0xffffffda]0[0x14]}[0xffffffe7]W\[0xffffff81]*[0xffffffb5][0x12][0x1f][[M[0xffffffd3]$[0x1e]hF[0xffffffbb]i [0x18][0xffffffb4][0xffffffdd]&[0xfffffff9][0xffffffc5]$7[0xffffffc1]R[0x12]#;[0xffffff94]v[0xffffffbf]~[0xffffffb6][0xfffffff3]1[0xffffff92][0xffffff9a][0xffffffc1][0x1a]x[0xffffffcb][0xffffffb5][0xffffffaf][0xffffffcf]9[0xffffffbe][0xfffffff7]8v[0xb][0x1c][0x1e]E4[0xfffffff6]$x4[0xffffffa1][0xb]*[0xffffffb1][0xffffffd1][0xffffff82][0xfffffffb]%[0xffffff93][0xffffffe0][0xffffffb3][0x10][0xffffffc1][0xffffffe5]qBY,!Y[0xffffffea] KM8,[0x10][0xfffffff0][0x19][0xffffffdd]u[0xffffff82][0x1e][0xffffffb0][0xffffffd8]L[0xffffffcb]%[0xffffff86][0xffffffa1][0xe][0xffffffb8][0xfffffff0]P[0xffffffe8]$[0xf][0x13]t[0x13]3[0xfffffff9][0xffffff84]B2[0xffffffae][0xffffffe6]|@[0xfffffff5][0x1d][0x8][0xffffffc4][0x18][0x16][0xffffff82]o[0xffffffa4][0xffffff9a]P[0xffffff94][0xffffffe7][0xffffffce]R[0xfffffff0][0x8][0xffffffdb]p[0xffffffcb][0x4][0xfffffffa][0xfffffffc][0xffffffb9][\r][0xffffff93][0x15][\n]"
21:53:44.354 [main] DEBUG org.apache.hc.client5.http.wire - http-outgoing-0 << "[0xffffffda][0xffffff86][0xffffffa1][0x17][0xffffffa8]Q3[0xffffffcb][0xffffffd6][0xffffffd1][0xffffff85][0xffffffc6][0xfffffff7][0xffffff98][0xffffffef][0xffffffa3][0xffffffc0]8[0x1][0xffffffae]s[0x12][0x16][0x7] _d[0xffffff82][0xffffff91][0xffffff84][0xfffffff3][0x1f],[0xfffffff6][0x14]j[0x1b]F,^+[0xffffff98]1ua2[0xffffffbf]h([0xffffff8e][0xffffff94][0xffffffa2][0xffffff91]m[0xffffffa3][0xffffffeb][0xffffff9a][0xffffffb0][0xffffffbb]I[0x17]t[0xffffffdf][0xffffffbd][0xffffffef][0xffffffbb][0xffffff91][0xffffffd7]U[0xffffffbb][0xffffff82][0xffffff9e][0x3][0xffffff9b][0xffffff88][0xffffffb9][0xffffffa6]$[0xffffffa6][0xc][0xffffff9b][0xffffffa5][0xffffffe2][0xffffff83][0xffffff98]F[0xffffffd8]o[0xffffff9e]Mg[0xffffff93][0xffffffbb][0xffffffd9]`|[0xfffffffb]u4[0xffffff9c][0x7f]"}B[0xffffffce][0x8][0xffffffb9][0xffffffe3]<[0x8][0xffffff91][0xffffff90][0xffffff94][0xffffff82][0xffffff90][0xffffffc1]j[0x15]2WI[0xffffffe3]1![0x19][0xffffff91]BnB[0xffffff80][0x9]<f[0xffffffb5][0xffffffe8]=[0xffffffd1]p[0xffffffbd][[0xffffffcf][0xffffffe5][0x1b][0xfffffff4][0xffffff9c][0xffffffff][0xfffffffc][0xfffffff8][0xffffffe1][0xffffffe2][0xffffff94][0xffffffa2][0xffffffae][0xe][0x14]5[0xffffff9a]8[0xffffff83][0xffffffd1]`:[0xfffffffd]<[0xffffffb8][0x1f][0xffffff9c]R[0xffffffcf]u[0x7f]6[0xffffffbc][0xffffff83][0xffffffef][0xf][0xffffffc3][0xffffffd9]/[0xfffffff8][0xfffffff2][0xffffffcd]y s[0xffffffee]'[0x1b]*0g[0xffffffcb][0xffffffc8]nF7H][0xffffff83][0xffffff97]{[0xffffffb1]Q[0x5][\r][0xffffffb5]c[0xffffffb4][0xf][0x2][0xffffffb3][0xffffffb4][0xffffff93][0xe]C[0xffffffa7][0xffffffb3]kAD][0xffffff9d][0xffffffde][0xffffffdb][0xffffffda][0xffffff88][0xffffffec][0xffffffa5][0xffffffbc][0xffffff99][0xffffffd9][0xffffffba]t[0xffffffb5][0xffffffea]9[0xffffffea][0x10])[0xffffffb7][0xffffffca][0xffffff9e][0xfffffff2][0xffffffe2]d^N[0xffffffd8]FW[0x16][0xffffffcd][0xffffffdc]_[0x10][0xfffffff9]i|[0x1c][0xffffff93][0xffffff8e][0xfffffff9]o[0x16][0xffffff86]4'!$G[0xffffffdf]W[0xfffffff4]W*j[[0xfffffff3]xR[0xffffffae][0xffffffb6][0xc][0xffffffd0],; #[0xffffffa9][0xffffff92]5[0xffffffb5][0x7][0xffffff9c][0xffffffb5][0xffffffd0][0x7f][0xffffff90][0xffffffc7]jgs[0xfffffffc][0xffffffc2][0xb][0xffffffd9][0x0]t[0xffffff9e]^'Y[0xfffffffb][0xffffff9f][0xffffffb1][0xffffffd8]:[0xffffffbf][0xffffff8d][0xffffffa5][0xffffff9a][0xffffffad][0x7f]m[0x5]&[0xffffffaa][0xffffffa0]^[0xffffff9b][0xffffffcb][0x5]f[0xffffffae][0xffffffe0]RU[0xffffff82][0x10]MS9l[0xffffff91]4t[0xfffffffb][0xffffff8a]][0xffffffd6][0xfffffff4][0xffffff96][0xffffffa6][0xffffff9f]P[0xffffffce][0xffffffd5][0xffffffce][0xffffff93][0xffffffff][0xffffff97][0xffffffcc]p[0xfffffffd][0xfffffff3][0xffffffe8][0x1b][0xffffffcc][0xffffffa2][0xffffffd9]Q[0xffffffbe][0xffffffb2][0xffffffa3][0xffffffc7]m'[0xffffffdf][0xffffffe4][[0xfffffffb]^[0xffffffb0][0xffffff9a][0xffffffbe][0xffffffda][0xffffffda]_[0xffffffce][0xffffff80][0xffffffd2][0xffffffc1]7[0xffffffb7]][0xffffffc1]b[0xffffffee][0xffffffb5][0xffffffff]w[0xffffff83][0xffffffed][0xffffffa7];[0x15]<[0x10]4[0xffffff92][0xffffff84][0x18][\n]"
21:53:44.355 [main] DEBUG org.apache.hc.client5.http.wire - http-outgoing-0 << "BB[0xffffffba][0xffffff8e]][0xffffffb5]jo[0xffffffb9]+"[0xffffffea][0xffffffb4][0xffffffff]h"[0xffffffea]\?5[0xffffffa9][0xffffffaf]k[0xffffffec][0xffffffff]P[0xffffffea][\n]"
21:53:44.355 [main] DEBUG org.apache.hc.client5.http.wire - http-outgoing-0 << "w[0xffffffe1]K[0x13][0xffffffda][0xffffffec][0xffffff98][0xffffffe6]Y[0xfffffffd]h8m6[0xffffff9c]T[0xffffffc1][0xfffffff2][0xffffffa7][0xffffff91]z_[0xffffff95]o85p[0x1c][0x13][0xffffffe6][0xfffffff0]5[0xffffffee][0xfffffffc][0xffffff92][0xffffff96][0xffffffda][0xfffffff7][0xffffffcf][0xffffffb1][0x5][0x1d][0xffffffea]K[0xffffff9b]9[0xffffff8e][0xffffffad]e[0xfffffff7][0xffffff93][0xffffffa8]`[0xffffffda][0xffffffff][0x1a][0xffffffd2][0xffffff88][0xffffff85][0xfffffffd][0xfffffff2][0xffffff91]N[0xfffffff6]`[0xffffffdf]2[0xffffffcf][0xffffffae]E[0xffffff97][0xffffffc5][0xffffffa2][0xffffff9d][0xffffffef]'[0xffffff9d]mun.[0xffffffd3]f^[0xffffffc7][0xffffff82][0xffffffda][0xffffff82]9[0xfffffff5][0xffffffa9]`[0x5][0xffffffbc]4[0xffffffa1][0x1d]<M[0xffffffb5]A[0xffffffa7]3[[0xffffffc0][0x7f][0x0][0xffffffc1][0xffffffd0]$[0xffffff85][0x1d][\r][0x0][0x0]"
21:53:44.357 [main] DEBUG org.apache.hc.client5.http.impl.classic.InternalHttpClient - ep-00000000: releasing valid endpoint
21:53:44.357 [main] DEBUG org.apache.hc.client5.http.impl.io.PoolingHttpClientConnectionManager - ep-00000000: releasing endpoint
21:53:44.358 [main] DEBUG org.apache.hc.client5.http.impl.io.PoolingHttpClientConnectionManager - ep-00000000: connection http-outgoing-0 can be kept alive for 3 MINUTES
21:53:44.359 [main] DEBUG org.apache.hc.client5.http.impl.io.PoolingHttpClientConnectionManager - ep-00000000: connection released [route: {s}->https://raw.githubusercontent.com:443][total available: 1; route allocated: 1 of 5; total allocated: 1 of 25]
21:53:44.359 [main] DEBUG io.github.bonigarcia.wdm.versions.VersionDetector - Detecting chrome version using online commands.properties
21:53:44.365 [main] DEBUG io.github.bonigarcia.wdm.versions.Shell - Running command on the shell: [cmd.exe, /C, wmic, datafile, where, name="%PROGRAMFILES:\=\\%\\Google\\Chrome\\Application\\chrome.exe", get, Version, /value]
21:53:45.132 [main] DEBUG io.github.bonigarcia.wdm.versions.Shell - Result: 
21:53:45.133 [main] DEBUG io.github.bonigarcia.wdm.versions.Shell - Running command on the shell: [cmd.exe, /C, wmic, datafile, where, name="%PROGRAMFILES(X86):\=\\%\\Google\\Chrome\\Application\\chrome.exe", get, Version, /value]
21:53:45.311 [main] DEBUG io.github.bonigarcia.wdm.versions.Shell - Result: Version=107.0.5304.88
21:53:45.324 [main] DEBUG io.github.bonigarcia.wdm.cache.ResolutionCache - Removing resolution chrome107=107.0.5304.62 from cache (expired on Sun Oct 30 13:38:51 ICT 2022)
21:53:45.338 [main] DEBUG org.apache.hc.client5.http.impl.classic.InternalHttpClient - ex-00000002: preparing request execution
21:53:45.338 [main] DEBUG org.apache.hc.client5.http.protocol.RequestAddCookies - Cookie spec selected: strict
21:53:45.338 [main] DEBUG org.apache.hc.client5.http.protocol.RequestAuthCache - Auth cache not set in the context
21:53:45.338 [main] DEBUG org.apache.hc.client5.http.impl.classic.ProtocolExec - ex-00000002: target auth state: UNCHALLENGED
21:53:45.338 [main] DEBUG org.apache.hc.client5.http.impl.classic.ProtocolExec - ex-00000002: proxy auth state: UNCHALLENGED
21:53:45.339 [main] DEBUG org.apache.hc.client5.http.impl.classic.ConnectExec - ex-00000002: acquiring connection with route {s}->https://chromedriver.storage.googleapis.com:443
21:53:45.339 [main] DEBUG org.apache.hc.client5.http.impl.classic.InternalHttpClient - ex-00000002: acquiring endpoint (3 MINUTES)
21:53:45.339 [main] DEBUG org.apache.hc.client5.http.impl.io.PoolingHttpClientConnectionManager - ex-00000002: endpoint lease request (3 MINUTES) [route: {s}->https://chromedriver.storage.googleapis.com:443][total available: 1; route allocated: 0 of 5; total allocated: 1 of 25]
21:53:45.339 [main] DEBUG org.apache.hc.client5.http.impl.io.PoolingHttpClientConnectionManager - ex-00000002: endpoint leased [route: {s}->https://chromedriver.storage.googleapis.com:443][total available: 1; route allocated: 1 of 5; total allocated: 2 of 25]
21:53:45.339 [main] DEBUG org.apache.hc.client5.http.impl.io.PoolingHttpClientConnectionManager - ex-00000002: acquired ep-00000001
21:53:45.339 [main] DEBUG org.apache.hc.client5.http.impl.classic.InternalHttpClient - ex-00000002: acquired endpoint ep-00000001
21:53:45.339 [main] DEBUG org.apache.hc.client5.http.impl.classic.ConnectExec - ex-00000002: opening connection {s}->https://chromedriver.storage.googleapis.com:443
21:53:45.340 [main] DEBUG org.apache.hc.client5.http.impl.classic.InternalHttpClient - ep-00000001: connecting endpoint (30 SECONDS)
21:53:45.340 [main] DEBUG org.apache.hc.client5.http.impl.io.PoolingHttpClientConnectionManager - ep-00000001: connecting endpoint to https://chromedriver.storage.googleapis.com:443 (30 SECONDS)
21:53:45.410 [main] DEBUG org.apache.hc.client5.http.impl.io.DefaultHttpClientConnectionOperator - http-outgoing-1: connecting to chromedriver.storage.googleapis.com/34.101.5.80:443
21:53:45.410 [main] DEBUG org.apache.hc.client5.http.ssl.SSLConnectionSocketFactory - Connecting socket to chromedriver.storage.googleapis.com/34.101.5.80:443 with timeout 30 SECONDS
21:53:45.433 [main] DEBUG org.apache.hc.client5.http.ssl.SSLConnectionSocketFactory - Enabled protocols: [TLSv1.3, TLSv1.2]
21:53:45.434 [main] DEBUG org.apache.hc.client5.http.ssl.SSLConnectionSocketFactory - Enabled cipher suites: [TLS_AES_256_GCM_SHA384, TLS_AES_128_GCM_SHA256, TLS_CHACHA20_POLY1305_SHA256, TLS_ECDHE_ECDSA_WITH_AES_256_GCM_SHA384, TLS_ECDHE_ECDSA_WITH_AES_128_GCM_SHA256, TLS_ECDHE_ECDSA_WITH_CHACHA20_POLY1305_SHA256, TLS_ECDHE_RSA_WITH_AES_256_GCM_SHA384, TLS_ECDHE_RSA_WITH_CHACHA20_POLY1305_SHA256, TLS_ECDHE_RSA_WITH_AES_128_GCM_SHA256, TLS_DHE_RSA_WITH_AES_256_GCM_SHA384, TLS_DHE_RSA_WITH_CHACHA20_POLY1305_SHA256, TLS_DHE_DSS_WITH_AES_256_GCM_SHA384, TLS_DHE_RSA_WITH_AES_128_GCM_SHA256, TLS_DHE_DSS_WITH_AES_128_GCM_SHA256, TLS_ECDHE_ECDSA_WITH_AES_256_CBC_SHA384, TLS_ECDHE_RSA_WITH_AES_256_CBC_SHA384, TLS_ECDHE_ECDSA_WITH_AES_128_CBC_SHA256, TLS_ECDHE_RSA_WITH_AES_128_CBC_SHA256, TLS_DHE_RSA_WITH_AES_256_CBC_SHA256, TLS_DHE_DSS_WITH_AES_256_CBC_SHA256, TLS_DHE_RSA_WITH_AES_128_CBC_SHA256, TLS_DHE_DSS_WITH_AES_128_CBC_SHA256, TLS_ECDH_ECDSA_WITH_AES_256_GCM_SHA384, TLS_ECDH_RSA_WITH_AES_256_GCM_SHA384, TLS_ECDH_ECDSA_WITH_AES_128_GCM_SHA256, TLS_ECDH_RSA_WITH_AES_128_GCM_SHA256, TLS_ECDH_ECDSA_WITH_AES_256_CBC_SHA384, TLS_ECDH_RSA_WITH_AES_256_CBC_SHA384, TLS_ECDH_ECDSA_WITH_AES_128_CBC_SHA256, TLS_ECDH_RSA_WITH_AES_128_CBC_SHA256, TLS_ECDHE_ECDSA_WITH_AES_256_CBC_SHA, TLS_ECDHE_RSA_WITH_AES_256_CBC_SHA, TLS_ECDHE_ECDSA_WITH_AES_128_CBC_SHA, TLS_ECDHE_RSA_WITH_AES_128_CBC_SHA, TLS_DHE_RSA_WITH_AES_256_CBC_SHA, TLS_DHE_DSS_WITH_AES_256_CBC_SHA, TLS_DHE_RSA_WITH_AES_128_CBC_SHA, TLS_DHE_DSS_WITH_AES_128_CBC_SHA, TLS_ECDH_ECDSA_WITH_AES_256_CBC_SHA, TLS_ECDH_RSA_WITH_AES_256_CBC_SHA, TLS_ECDH_ECDSA_WITH_AES_128_CBC_SHA, TLS_ECDH_RSA_WITH_AES_128_CBC_SHA, TLS_RSA_WITH_AES_256_GCM_SHA384, TLS_RSA_WITH_AES_128_GCM_SHA256, TLS_RSA_WITH_AES_256_CBC_SHA256, TLS_RSA_WITH_AES_128_CBC_SHA256, TLS_RSA_WITH_AES_256_CBC_SHA, TLS_RSA_WITH_AES_128_CBC_SHA, TLS_EMPTY_RENEGOTIATION_INFO_SCSV]
21:53:45.434 [main] DEBUG org.apache.hc.client5.http.ssl.SSLConnectionSocketFactory - Starting handshake
21:53:45.509 [main] DEBUG org.apache.hc.client5.http.ssl.SSLConnectionSocketFactory - Secure session established
21:53:45.509 [main] DEBUG org.apache.hc.client5.http.ssl.SSLConnectionSocketFactory -  negotiated protocol: TLSv1.3
21:53:45.509 [main] DEBUG org.apache.hc.client5.http.ssl.SSLConnectionSocketFactory -  negotiated cipher suite: TLS_AES_256_GCM_SHA384
21:53:45.509 [main] DEBUG org.apache.hc.client5.http.ssl.SSLConnectionSocketFactory -  peer principal: CN=*.storage.googleapis.com
21:53:45.510 [main] DEBUG org.apache.hc.client5.http.ssl.SSLConnectionSocketFactory -  peer alternative names: [*.storage.googleapis.com, *.googleapis.com, commondatastorage.googleapis.com, *.commondatastorage.googleapis.com, storage.googleapis.com, storage.mtls.googleapis.com, *.appspot.com.storage.googleapis.com, *.content-storage.googleapis.com, *.content-storage-p2.googleapis.com, *.content-storage-upload.googleapis.com, *.content-storage-download.googleapis.com, *.storage-upload.googleapis.com, *.storage-download.googleapis.com]
21:53:45.510 [main] DEBUG org.apache.hc.client5.http.ssl.SSLConnectionSocketFactory -  issuer principal: CN=GTS CA 1C3, O=Google Trust Services LLC, C=US
21:53:45.510 [main] DEBUG org.apache.hc.client5.http.impl.io.DefaultHttpClientConnectionOperator - http-outgoing-1: connection established 192.168.100.21:52096<->34.101.5.80:443
21:53:45.510 [main] DEBUG org.apache.hc.client5.http.impl.io.PoolingHttpClientConnectionManager - ep-00000001: connected http-outgoing-1
21:53:45.510 [main] DEBUG org.apache.hc.client5.http.impl.classic.InternalHttpClient - ep-00000001: endpoint connected
21:53:45.510 [main] DEBUG org.apache.hc.client5.http.impl.classic.MainClientExec - ex-00000002: executing GET /LATEST_RELEASE_107 HTTP/1.1
21:53:45.511 [main] DEBUG org.apache.hc.client5.http.impl.classic.InternalHttpClient - ep-00000001: start execution ex-00000002
21:53:45.511 [main] DEBUG org.apache.hc.client5.http.impl.io.PoolingHttpClientConnectionManager - ep-00000001: executing exchange ex-00000002 over http-outgoing-1
21:53:45.511 [main] DEBUG org.apache.hc.client5.http.headers - http-outgoing-1 >> GET /LATEST_RELEASE_107 HTTP/1.1
21:53:45.511 [main] DEBUG org.apache.hc.client5.http.headers - http-outgoing-1 >> user-agent: Apache-HttpClient/5.0
21:53:45.511 [main] DEBUG org.apache.hc.client5.http.headers - http-outgoing-1 >> accept-encoding: gzip, deflate, br
21:53:45.511 [main] DEBUG org.apache.hc.client5.http.headers - http-outgoing-1 >> cache-control: max-age=0
21:53:45.511 [main] DEBUG org.apache.hc.client5.http.headers - http-outgoing-1 >> connection: keep-alive
21:53:45.511 [main] DEBUG org.apache.hc.client5.http.headers - http-outgoing-1 >> Host: chromedriver.storage.googleapis.com
21:53:45.512 [main] DEBUG org.apache.hc.client5.http.wire - http-outgoing-1 >> "GET /LATEST_RELEASE_107 HTTP/1.1[\r][\n]"
21:53:45.512 [main] DEBUG org.apache.hc.client5.http.wire - http-outgoing-1 >> "user-agent: Apache-HttpClient/5.0[\r][\n]"
21:53:45.512 [main] DEBUG org.apache.hc.client5.http.wire - http-outgoing-1 >> "accept-encoding: gzip, deflate, br[\r][\n]"
21:53:45.512 [main] DEBUG org.apache.hc.client5.http.wire - http-outgoing-1 >> "cache-control: max-age=0[\r][\n]"
21:53:45.512 [main] DEBUG org.apache.hc.client5.http.wire - http-outgoing-1 >> "connection: keep-alive[\r][\n]"
21:53:45.512 [main] DEBUG org.apache.hc.client5.http.wire - http-outgoing-1 >> "Host: chromedriver.storage.googleapis.com[\r][\n]"
21:53:45.512 [main] DEBUG org.apache.hc.client5.http.wire - http-outgoing-1 >> "[\r][\n]"
21:53:45.535 [main] DEBUG org.apache.hc.client5.http.wire - http-outgoing-1 << "HTTP/1.1 200 OK[\r][\n]"
21:53:45.535 [main] DEBUG org.apache.hc.client5.http.wire - http-outgoing-1 << "X-GUploader-UploadID: ADPycdv3P4YGnOF4FeHDgylfCa47H25L0gDh0e_IPDvjo8wsI5oeOIEMypTp6Bk27ieeYM5b-E-Y-M-tGK1OVmWeWUG897S4EU2C[\r][\n]"
21:53:45.535 [main] DEBUG org.apache.hc.client5.http.wire - http-outgoing-1 << "x-goog-generation: 1666700463649955[\r][\n]"
21:53:45.535 [main] DEBUG org.apache.hc.client5.http.wire - http-outgoing-1 << "x-goog-metageneration: 1[\r][\n]"
21:53:45.535 [main] DEBUG org.apache.hc.client5.http.wire - http-outgoing-1 << "x-goog-stored-content-encoding: identity[\r][\n]"
21:53:45.535 [main] DEBUG org.apache.hc.client5.http.wire - http-outgoing-1 << "x-goog-stored-content-length: 13[\r][\n]"
21:53:45.535 [main] DEBUG org.apache.hc.client5.http.wire - http-outgoing-1 << "Content-Language: en[\r][\n]"
21:53:45.535 [main] DEBUG org.apache.hc.client5.http.wire - http-outgoing-1 << "x-goog-hash: crc32c=GZtV/w==[\r][\n]"
21:53:45.535 [main] DEBUG org.apache.hc.client5.http.wire - http-outgoing-1 << "x-goog-hash: md5=EquORKR7nNr13OnBqPO3SA==[\r][\n]"
21:53:45.535 [main] DEBUG org.apache.hc.client5.http.wire - http-outgoing-1 << "x-goog-storage-class: STANDARD[\r][\n]"
21:53:45.535 [main] DEBUG org.apache.hc.client5.http.wire - http-outgoing-1 << "Accept-Ranges: bytes[\r][\n]"
21:53:45.535 [main] DEBUG org.apache.hc.client5.http.wire - http-outgoing-1 << "Content-Length: 13[\r][\n]"
21:53:45.535 [main] DEBUG org.apache.hc.client5.http.wire - http-outgoing-1 << "Server: UploadServer[\r][\n]"
21:53:45.535 [main] DEBUG org.apache.hc.client5.http.wire - http-outgoing-1 << "Date: Fri, 04 Nov 2022 13:57:35 GMT[\r][\n]"
21:53:45.535 [main] DEBUG org.apache.hc.client5.http.wire - http-outgoing-1 << "Expires: Fri, 04 Nov 2022 14:57:35 GMT[\r][\n]"
21:53:45.536 [main] DEBUG org.apache.hc.client5.http.wire - http-outgoing-1 << "Cache-Control: public, max-age=3600[\r][\n]"
21:53:45.536 [main] DEBUG org.apache.hc.client5.http.wire - http-outgoing-1 << "Age: 3369[\r][\n]"
21:53:45.536 [main] DEBUG org.apache.hc.client5.http.wire - http-outgoing-1 << "Last-Modified: Tue, 25 Oct 2022 12:21:03 GMT[\r][\n]"
21:53:45.536 [main] DEBUG org.apache.hc.client5.http.wire - http-outgoing-1 << "ETag: "12ab8e44a47b9cdaf5dce9c1a8f3b748"[\r][\n]"
21:53:45.536 [main] DEBUG org.apache.hc.client5.http.wire - http-outgoing-1 << "Content-Type: text/plain[\r][\n]"
21:53:45.536 [main] DEBUG org.apache.hc.client5.http.wire - http-outgoing-1 << "Alt-Svc: h3=":443"; ma=2592000,h3-29=":443"; ma=2592000,h3-Q050=":443"; ma=2592000,h3-Q046=":443"; ma=2592000,h3-Q043=":443"; ma=2592000,quic=":443"; ma=2592000; v="46,43"[\r][\n]"
21:53:45.536 [main] DEBUG org.apache.hc.client5.http.wire - http-outgoing-1 << "[\r][\n]"
21:53:45.536 [main] DEBUG org.apache.hc.client5.http.wire - http-outgoing-1 << "107.0.5304.62"
21:53:45.537 [main] DEBUG org.apache.hc.client5.http.headers - http-outgoing-1 << HTTP/1.1 200 OK
21:53:45.537 [main] DEBUG org.apache.hc.client5.http.headers - http-outgoing-1 << X-GUploader-UploadID: ADPycdv3P4YGnOF4FeHDgylfCa47H25L0gDh0e_IPDvjo8wsI5oeOIEMypTp6Bk27ieeYM5b-E-Y-M-tGK1OVmWeWUG897S4EU2C
21:53:45.537 [main] DEBUG org.apache.hc.client5.http.headers - http-outgoing-1 << x-goog-generation: 1666700463649955
21:53:45.537 [main] DEBUG org.apache.hc.client5.http.headers - http-outgoing-1 << x-goog-metageneration: 1
21:53:45.537 [main] DEBUG org.apache.hc.client5.http.headers - http-outgoing-1 << x-goog-stored-content-encoding: identity
21:53:45.537 [main] DEBUG org.apache.hc.client5.http.headers - http-outgoing-1 << x-goog-stored-content-length: 13
21:53:45.537 [main] DEBUG org.apache.hc.client5.http.headers - http-outgoing-1 << Content-Language: en
21:53:45.538 [main] DEBUG org.apache.hc.client5.http.headers - http-outgoing-1 << x-goog-hash: crc32c=GZtV/w==
21:53:45.538 [main] DEBUG org.apache.hc.client5.http.headers - http-outgoing-1 << x-goog-hash: md5=EquORKR7nNr13OnBqPO3SA==
21:53:45.538 [main] DEBUG org.apache.hc.client5.http.headers - http-outgoing-1 << x-goog-storage-class: STANDARD
21:53:45.538 [main] DEBUG org.apache.hc.client5.http.headers - http-outgoing-1 << Accept-Ranges: bytes
21:53:45.538 [main] DEBUG org.apache.hc.client5.http.headers - http-outgoing-1 << Content-Length: 13
21:53:45.538 [main] DEBUG org.apache.hc.client5.http.headers - http-outgoing-1 << Server: UploadServer
21:53:45.538 [main] DEBUG org.apache.hc.client5.http.headers - http-outgoing-1 << Date: Fri, 04 Nov 2022 13:57:35 GMT
21:53:45.538 [main] DEBUG org.apache.hc.client5.http.headers - http-outgoing-1 << Expires: Fri, 04 Nov 2022 14:57:35 GMT
21:53:45.538 [main] DEBUG org.apache.hc.client5.http.headers - http-outgoing-1 << Cache-Control: public, max-age=3600
21:53:45.538 [main] DEBUG org.apache.hc.client5.http.headers - http-outgoing-1 << Age: 3369
21:53:45.538 [main] DEBUG org.apache.hc.client5.http.headers - http-outgoing-1 << Last-Modified: Tue, 25 Oct 2022 12:21:03 GMT
21:53:45.538 [main] DEBUG org.apache.hc.client5.http.headers - http-outgoing-1 << ETag: "12ab8e44a47b9cdaf5dce9c1a8f3b748"
21:53:45.539 [main] DEBUG org.apache.hc.client5.http.headers - http-outgoing-1 << Content-Type: text/plain
21:53:45.539 [main] DEBUG org.apache.hc.client5.http.headers - http-outgoing-1 << Alt-Svc: h3=":443"; ma=2592000,h3-29=":443"; ma=2592000,h3-Q050=":443"; ma=2592000,h3-Q046=":443"; ma=2592000,h3-Q043=":443"; ma=2592000,quic=":443"; ma=2592000; v="46,43"
21:53:45.539 [main] DEBUG org.apache.hc.client5.http.impl.classic.MainClientExec - ex-00000002: connection can be kept alive for 3 MINUTES
21:53:45.539 [main] DEBUG org.apache.hc.client5.http.impl.classic.InternalHttpClient - ep-00000001: releasing valid endpoint
21:53:45.539 [main] DEBUG org.apache.hc.client5.http.impl.io.PoolingHttpClientConnectionManager - ep-00000001: releasing endpoint
21:53:45.540 [main] DEBUG org.apache.hc.client5.http.impl.io.PoolingHttpClientConnectionManager - ep-00000001: connection http-outgoing-1 can be kept alive for 3 MINUTES
21:53:45.540 [main] DEBUG org.apache.hc.client5.http.impl.io.PoolingHttpClientConnectionManager - ep-00000001: connection released [route: {s}->https://chromedriver.storage.googleapis.com:443][total available: 2; route allocated: 1 of 5; total allocated: 2 of 25]
21:53:45.540 [main] DEBUG io.github.bonigarcia.wdm.versions.VersionDetector - Latest version of chromedriver according to https://chromedriver.storage.googleapis.com/LATEST_RELEASE_107 is 107.0.5304.62
21:53:45.540 [main] INFO io.github.bonigarcia.wdm.WebDriverManager - Using chromedriver 107.0.5304.62 (resolved driver for Chrome 107)
21:53:45.555 [main] DEBUG io.github.bonigarcia.wdm.cache.ResolutionCache - Storing resolution chrome=107 in cache (valid until 22:53:45 04/11/2022 ICT)
21:53:45.564 [main] DEBUG io.github.bonigarcia.wdm.cache.ResolutionCache - Storing resolution chrome107=107.0.5304.62 in cache (valid until 21:53:45 05/11/2022 ICT)
21:53:45.587 [main] DEBUG io.github.bonigarcia.wdm.WebDriverManager - Driver chromedriver 107.0.5304.62 found in cache
21:53:45.589 [main] INFO io.github.bonigarcia.wdm.WebDriverManager - Exporting webdriver.chrome.driver as C:\Users\ACER\.cache\selenium\chromedriver\win32\107.0.5304.62\chromedriver.exe
21:53:47.111 [main] DEBUG net.thucydides.core.reflection.ClassFinder - Could not load class .CucumberTestSuite
21:53:47.111 [main] DEBUG net.thucydides.core.reflection.ClassFinder - Could not load class .starter.pages.LoginPage
21:53:47.112 [main] DEBUG net.thucydides.core.reflection.ClassFinder - Could not load class .starter.pages.LogoutPage
21:53:47.112 [main] DEBUG net.thucydides.core.reflection.ClassFinder - Could not load class .starter.pages.OrderPage
21:53:47.112 [main] DEBUG net.thucydides.core.reflection.ClassFinder - Could not load class .starter.pages.RegisterPage
21:53:47.112 [main] DEBUG net.thucydides.core.reflection.ClassFinder - Could not load class .starter.stepdefinitions.AddProductSteps
21:53:47.112 [main] DEBUG net.thucydides.core.reflection.ClassFinder - Could not load class .starter.stepdefinitions.LoginSteps
21:53:47.112 [main] DEBUG net.thucydides.core.reflection.ClassFinder - Could not load class .starter.stepdefinitions.LogoutSteps
21:53:47.112 [main] DEBUG net.thucydides.core.reflection.ClassFinder - Could not load class .starter.stepdefinitions.OrderSteps
21:53:47.112 [main] DEBUG net.thucydides.core.reflection.ClassFinder - Could not load class .starter.stepdefinitions.RegisterSteps
21:53:47.117 [main] DEBUG net.thucydides.core.reflection.ClassFinder - Could not load class META-INF.versions.9.com.sun.istack.logging.StackHelper
21:53:47.174 [main] DEBUG net.thucydides.core.reflection.ClassFinder - Could not load class META-INF.versions.9.com.sun.xml.bind.v2.runtime.reflect.opt.AccessorInjector
21:53:47.176 [main] DEBUG net.thucydides.core.reflection.ClassFinder - Could not load class META-INF.versions.9.com.sun.xml.bind.v2.runtime.reflect.opt.Injector
21:53:47.177 [main] DEBUG net.thucydides.core.reflection.ClassFinder - Could not load class META-INF.versions.9.com.sun.xml.bind.v2.runtime.reflect.opt.OptimizedAccessorFactory
21:53:47.178 [main] DEBUG net.thucydides.core.reflection.ClassFinder - Could not load class META-INF.versions.9.com.sun.xml.bind.v2.runtime.reflect.opt.OptimizedTransducedAccessorFactory
21:53:47.179 [main] DEBUG net.thucydides.core.reflection.ClassFinder - Could not load class META-INF.versions.9.io.opentelemetry.sdk.internal.CurrentJavaVersionSpecific
21:53:47.188 [main] DEBUG net.thucydides.core.reflection.ClassFinder - Could not load class META-INF.versions.9.io.opentelemetry.sdk.internal.Java9VersionSpecific
21:53:47.191 [main] DEBUG net.thucydides.core.reflection.ClassFinder - Could not load class META-INF.versions.9.javax.xml.bind.ModuleUtil
21:53:47.192 [main] DEBUG net.thucydides.core.reflection.ClassFinder - Could not load class META-INF.versions.9.module-info
21:53:47.194 [main] DEBUG net.thucydides.core.reflection.ClassFinder - Could not load class META-INF.versions.9.org.junit.platform.commons.util.ModuleUtils
21:53:48.156 [main] DEBUG net.thucydides.core.reflection.ClassFinder - Could not load class com.google.gson.internal.
21:53:48.507 [main] DEBUG net.thucydides.core.reflection.ClassFinder - Could not load class com.sun.xml.bind.v2.runtime.output.FastInfosetStreamWriterOutput
21:53:49.444 [main] DEBUG net.thucydides.core.reflection.ClassFinder - Could not load class module-info
21:53:55.473 [main] DEBUG io.netty.util.internal.logging.InternalLoggerFactory - Using SLF4J as the default logging framework
21:53:55.482 [main] DEBUG io.netty.util.ResourceLeakDetector - -Dio.netty.leakDetection.level: simple
21:53:55.483 [main] DEBUG io.netty.util.ResourceLeakDetector - -Dio.netty.leakDetection.targetRecords: 4
21:53:55.490 [main] DEBUG io.netty.util.ResourceLeakDetectorFactory - Loaded default ResourceLeakDetector: io.netty.util.ResourceLeakDetector@3ccc5fa2
21:53:55.528 [main] DEBUG io.netty.util.internal.PlatformDependent0 - -Dio.netty.noUnsafe: false
21:53:55.528 [main] DEBUG io.netty.util.internal.PlatformDependent0 - Java version: 11
21:53:55.531 [main] DEBUG io.netty.util.internal.PlatformDependent0 - sun.misc.Unsafe.theUnsafe: available
21:53:55.532 [main] DEBUG io.netty.util.internal.PlatformDependent0 - sun.misc.Unsafe.copyMemory: available
21:53:55.533 [main] DEBUG io.netty.util.internal.PlatformDependent0 - java.nio.Buffer.address: available
21:53:55.534 [main] DEBUG io.netty.util.internal.PlatformDependent0 - direct buffer constructor: unavailable: Reflective setAccessible(true) disabled
21:53:55.535 [main] DEBUG io.netty.util.internal.PlatformDependent0 - java.nio.Bits.unaligned: available, true
21:53:55.536 [main] DEBUG io.netty.util.internal.PlatformDependent0 - jdk.internal.misc.Unsafe.allocateUninitializedArray(int): unavailable: class io.netty.util.internal.PlatformDependent0$6 cannot access class jdk.internal.misc.Unsafe (in module java.base) because module java.base does not export jdk.internal.misc to unnamed module @797501a
21:53:55.540 [main] DEBUG io.netty.util.internal.PlatformDependent0 - java.nio.DirectByteBuffer.<init>(long, int): unavailable
21:53:55.540 [main] DEBUG io.netty.util.internal.PlatformDependent - sun.misc.Unsafe: available
21:53:55.546 [main] DEBUG io.netty.util.internal.PlatformDependent - maxDirectMemory: 2665480192 bytes (maybe)
21:53:55.546 [main] DEBUG io.netty.util.internal.PlatformDependent - -Dio.netty.tmpdir: C:\Users\ACER\AppData\Local\Temp (java.io.tmpdir)
21:53:55.546 [main] DEBUG io.netty.util.internal.PlatformDependent - -Dio.netty.bitMode: 64 (sun.arch.data.model)
21:53:55.546 [main] DEBUG io.netty.util.internal.PlatformDependent - Platform: Windows
21:53:55.548 [main] DEBUG io.netty.util.internal.PlatformDependent - -Dio.netty.maxDirectMemory: -1 bytes
21:53:55.548 [main] DEBUG io.netty.util.internal.PlatformDependent - -Dio.netty.uninitializedArrayAllocationThreshold: -1
21:53:55.550 [main] DEBUG io.netty.util.internal.CleanerJava9 - java.nio.ByteBuffer.cleaner(): available
21:53:55.550 [main] DEBUG io.netty.util.internal.PlatformDependent - -Dio.netty.noPreferDirect: false
21:53:55.566 [main] DEBUG io.netty.util.internal.PlatformDependent - org.jctools-core.MpscChunkedArrayQueue: available
21:53:55.609 [main] DEBUG io.netty.util.internal.InternalThreadLocalMap - -Dio.netty.threadLocalMap.stringBuilder.initialSize: 1024
21:53:55.609 [main] DEBUG io.netty.util.internal.InternalThreadLocalMap - -Dio.netty.threadLocalMap.stringBuilder.maxSize: 4096
21:53:55.643 [main] DEBUG io.netty.handler.ssl.JdkSslContext - Default protocols (JDK): [TLSv1.3, TLSv1.2] 
21:53:55.643 [main] DEBUG io.netty.handler.ssl.JdkSslContext - Default cipher suites (JDK): [TLS_ECDHE_ECDSA_WITH_AES_256_GCM_SHA384, TLS_ECDHE_ECDSA_WITH_AES_128_GCM_SHA256, TLS_ECDHE_RSA_WITH_AES_128_GCM_SHA256, TLS_ECDHE_RSA_WITH_AES_256_GCM_SHA384, TLS_ECDHE_RSA_WITH_AES_128_CBC_SHA, TLS_ECDHE_RSA_WITH_AES_256_CBC_SHA, TLS_RSA_WITH_AES_128_GCM_SHA256, TLS_RSA_WITH_AES_128_CBC_SHA, TLS_RSA_WITH_AES_256_CBC_SHA, TLS_AES_128_GCM_SHA256, TLS_AES_256_GCM_SHA384]
21:53:55.880 [main] DEBUG io.netty.channel.MultithreadEventLoopGroup - -Dio.netty.eventLoopThreads: 8
21:53:55.901 [main] DEBUG io.netty.channel.nio.NioEventLoop - -Dio.netty.noKeySetOptimization: false
21:53:55.901 [main] DEBUG io.netty.channel.nio.NioEventLoop - -Dio.netty.selectorAutoRebuildThreshold: 512
21:53:56.062 [main] DEBUG io.netty.buffer.PooledByteBufAllocator - -Dio.netty.allocator.numHeapArenas: 8
21:53:56.062 [main] DEBUG io.netty.buffer.PooledByteBufAllocator - -Dio.netty.allocator.numDirectArenas: 8
21:53:56.062 [main] DEBUG io.netty.buffer.PooledByteBufAllocator - -Dio.netty.allocator.pageSize: 8192
21:53:56.062 [main] DEBUG io.netty.buffer.PooledByteBufAllocator - -Dio.netty.allocator.maxOrder: 11
21:53:56.062 [main] DEBUG io.netty.buffer.PooledByteBufAllocator - -Dio.netty.allocator.chunkSize: 16777216
21:53:56.062 [main] DEBUG io.netty.buffer.PooledByteBufAllocator - -Dio.netty.allocator.smallCacheSize: 256
21:53:56.062 [main] DEBUG io.netty.buffer.PooledByteBufAllocator - -Dio.netty.allocator.normalCacheSize: 64
21:53:56.062 [main] DEBUG io.netty.buffer.PooledByteBufAllocator - -Dio.netty.allocator.maxCachedBufferCapacity: 32768
21:53:56.062 [main] DEBUG io.netty.buffer.PooledByteBufAllocator - -Dio.netty.allocator.cacheTrimInterval: 8192
21:53:56.063 [main] DEBUG io.netty.buffer.PooledByteBufAllocator - -Dio.netty.allocator.cacheTrimIntervalMillis: 0
21:53:56.063 [main] DEBUG io.netty.buffer.PooledByteBufAllocator - -Dio.netty.allocator.useCacheForAllThreads: true
21:53:56.063 [main] DEBUG io.netty.buffer.PooledByteBufAllocator - -Dio.netty.allocator.maxCachedByteBuffersPerChunk: 1023
21:53:56.081 [main] DEBUG io.netty.buffer.ByteBufUtil - -Dio.netty.allocator.type: pooled
21:53:56.081 [main] DEBUG io.netty.buffer.ByteBufUtil - -Dio.netty.threadLocalDirectBufferSize: 0
21:53:56.081 [main] DEBUG io.netty.buffer.ByteBufUtil - -Dio.netty.maxThreadLocalCharBufferSize: 16384
21:53:56.509 [main] DEBUG net.serenitybdd.core.webdriver.driverproviders.ProvideNewDriver - Instantiating driver
21:53:56.510 [main] DEBUG net.serenitybdd.core.webdriver.driverproviders.ProvideNewDriver - Driver capabilities: Capabilities {acceptInsecureCerts: false, base.url: https://alta-shop.vercel.app, browserName: chrome, chrome.driver: src/test/resources/webdrive..., driver: chrome, goog:chromeOptions: {args: [], extensions: []}, wait.for.timeout: 15000}
21:53:57.897 [Forwarding newSession on session null to remote] DEBUG io.netty.channel.DefaultChannelId - -Dio.netty.processId: 11856 (auto-detected)
21:53:57.902 [Forwarding newSession on session null to remote] DEBUG io.netty.util.NetUtil - -Djava.net.preferIPv4Stack: false
21:53:57.903 [Forwarding newSession on session null to remote] DEBUG io.netty.util.NetUtil - -Djava.net.preferIPv6Addresses: false
21:53:58.200 [Forwarding newSession on session null to remote] DEBUG io.netty.util.NetUtilInitializations - Loopback interface: lo (Software Loopback Interface 1, 127.0.0.1)
21:53:58.202 [Forwarding newSession on session null to remote] DEBUG io.netty.util.NetUtil - Failed to get SOMAXCONN from sysctl and file \proc\sys\net\core\somaxconn. Default: 200
21:53:58.501 [Forwarding newSession on session null to remote] DEBUG io.netty.channel.DefaultChannelId - -Dio.netty.machineId: f0:76:1c:ff:fe:c5:92:8d (auto-detected)
21:53:58.697 [AsyncHttpClient-1-2] DEBUG io.netty.buffer.AbstractByteBuf - -Dio.netty.buffer.checkAccessible: true
21:53:58.698 [AsyncHttpClient-1-2] DEBUG io.netty.buffer.AbstractByteBuf - -Dio.netty.buffer.checkBounds: true
21:53:58.698 [AsyncHttpClient-1-2] DEBUG io.netty.util.ResourceLeakDetectorFactory - Loaded default ResourceLeakDetector: io.netty.util.ResourceLeakDetector@74b6467e
21:53:58.724 [AsyncHttpClient-1-2] DEBUG org.asynchttpclient.netty.channel.NettyConnectListener - Using new Channel '[id: 0xe59f34a8, L:/127.0.0.1:52122 - R:localhost/127.0.0.1:51505]' for 'POST' to '/session'
21:53:58.768 [AsyncHttpClient-1-2] DEBUG io.netty.util.Recycler - -Dio.netty.recycler.maxCapacityPerThread: 4096
21:53:58.768 [AsyncHttpClient-1-2] DEBUG io.netty.util.Recycler - -Dio.netty.recycler.ratio: 8
21:53:58.768 [AsyncHttpClient-1-2] DEBUG io.netty.util.Recycler - -Dio.netty.recycler.chunkSize: 32
21:53:58.768 [AsyncHttpClient-1-2] DEBUG io.netty.util.Recycler - -Dio.netty.recycler.blocking: false
21:54:00.533 [AsyncHttpClient-1-2] DEBUG io.netty.handler.codec.compression.Brotli - brotli4j not in the classpath; Brotli support will be unavailable.
21:54:00.534 [AsyncHttpClient-1-2] DEBUG org.asynchttpclient.netty.handler.HttpHandler - 

Request DefaultHttpRequest(decodeResult: success, version: HTTP/1.1)
POST /session HTTP/1.1
User-Agent: selenium/4.1.2 (java windows)
Content-Length: 640
Content-Type: application/json; charset=utf-8
host: localhost:51505
accept: */*

Response DefaultHttpResponse(decodeResult: success, version: HTTP/1.1)
HTTP/1.1 200 OK
Content-Type: application/json; charset=utf-8
cache-control: no-cache
content-length: 788

21:54:01.209 [AsyncHttpClient-1-2] DEBUG org.asynchttpclient.netty.channel.ChannelManager - Adding key: http://localhost:51505 for channel [id: 0xe59f34a8, L:/127.0.0.1:52122 - R:localhost/127.0.0.1:51505]
21:54:01.281 [AsyncHttpClient-1-1] DEBUG org.asynchttpclient.netty.channel.DefaultChannelPool - Entry count for : http://localhost:51505 : 1
21:54:02.287 [AsyncHttpClient-1-3] DEBUG org.asynchttpclient.netty.channel.NettyConnectListener - Using new Channel '[id: 0x57da530c, L:/127.0.0.1:52129 - R:localhost/127.0.0.1:52123]' for 'GET' to '/json/version'
21:54:02.298 [AsyncHttpClient-1-3] DEBUG org.asynchttpclient.netty.handler.HttpHandler - 

Request DefaultFullHttpRequest(decodeResult: success, version: HTTP/1.1, content: EmptyByteBufBE)
GET /json/version HTTP/1.1
User-Agent: selenium/4.1.2 (java windows)
host: localhost:52123
accept: */*

Response DefaultHttpResponse(decodeResult: success, version: HTTP/1.1)
HTTP/1.1 200 OK
Content-Type: application/json; charset=UTF-8
content-length: 423

21:54:02.299 [AsyncHttpClient-1-3] DEBUG org.asynchttpclient.netty.channel.ChannelManager - Adding key: http://localhost:52123 for channel [id: 0x57da530c, L:/127.0.0.1:52129 - R:localhost/127.0.0.1:52123]
21:54:02.398 [main] DEBUG io.netty.util.internal.ThreadLocalRandom - -Dio.netty.initialSeedUniquifier: 0x609cb28d55361b76
21:54:02.660 [AsyncHttpClient-1-1] DEBUG org.asynchttpclient.netty.channel.DefaultChannelPool - Entry count for : http://localhost:51505 : 1
21:54:02.660 [AsyncHttpClient-1-1] DEBUG org.asynchttpclient.netty.channel.DefaultChannelPool - Entry count for : http://localhost:52123 : 1
21:54:02.665 [AsyncHttpClient-1-4] DEBUG org.asynchttpclient.netty.channel.NettyConnectListener - Using new Channel '[id: 0xf2ca6d55, L:/127.0.0.1:52130 - R:localhost/127.0.0.1:52123]' for 'GET' to '/devtools/browser/b48a64ab-c0c8-451d-94ea-2954f4e4ac9a'
21:54:02.677 [AsyncHttpClient-1-4] DEBUG org.asynchttpclient.netty.handler.WebSocketHandler - 

Request DefaultFullHttpRequest(decodeResult: success, version: HTTP/1.1, content: EmptyByteBufBE)
GET /devtools/browser/b48a64ab-c0c8-451d-94ea-2954f4e4ac9a HTTP/1.1
upgrade: websocket
connection: upgrade
sec-websocket-key: DgkNJxpCReHuQaQh8muOew==
sec-websocket-version: 13
origin: http://localhost:52123
host: localhost:52123
accept: */*
user-agent: AHC/2.1

Response DefaultHttpResponse(decodeResult: success, version: HTTP/1.1)
HTTP/1.1 101 WebSocket Protocol Handshake
Upgrade: WebSocket
Connection: Upgrade
Sec-WebSocket-Accept: GbxpAJoUkCa9EcyDxtywuazWedU=

21:54:03.694 [AsyncHttpClient-1-1] DEBUG org.asynchttpclient.netty.channel.DefaultChannelPool - Entry count for : http://localhost:51505 : 1
21:54:03.694 [AsyncHttpClient-1-1] DEBUG org.asynchttpclient.netty.channel.DefaultChannelPool - Entry count for : http://localhost:52123 : 1
21:54:04.774 [AsyncHttpClient-1-1] DEBUG org.asynchttpclient.netty.channel.DefaultChannelPool - Entry count for : http://localhost:51505 : 1
21:54:04.774 [AsyncHttpClient-1-1] DEBUG org.asynchttpclient.netty.channel.DefaultChannelPool - Entry count for : http://localhost:52123 : 1
21:54:05.162 [main] DEBUG net.thucydides.core.reflection.ClassFinder - Could not load class .CucumberTestSuite
21:54:05.163 [main] DEBUG net.thucydides.core.reflection.ClassFinder - Could not load class .starter.pages.LoginPage
21:54:05.163 [main] DEBUG net.thucydides.core.reflection.ClassFinder - Could not load class .starter.pages.LogoutPage
21:54:05.163 [main] DEBUG net.thucydides.core.reflection.ClassFinder - Could not load class .starter.pages.OrderPage
21:54:05.163 [main] DEBUG net.thucydides.core.reflection.ClassFinder - Could not load class .starter.pages.RegisterPage
21:54:05.163 [main] DEBUG net.thucydides.core.reflection.ClassFinder - Could not load class .starter.stepdefinitions.AddProductSteps
21:54:05.164 [main] DEBUG net.thucydides.core.reflection.ClassFinder - Could not load class .starter.stepdefinitions.LoginSteps
21:54:05.164 [main] DEBUG net.thucydides.core.reflection.ClassFinder - Could not load class .starter.stepdefinitions.LogoutSteps
21:54:05.164 [main] DEBUG net.thucydides.core.reflection.ClassFinder - Could not load class .starter.stepdefinitions.OrderSteps
21:54:05.164 [main] DEBUG net.thucydides.core.reflection.ClassFinder - Could not load class .starter.stepdefinitions.RegisterSteps
21:54:05.165 [main] DEBUG net.thucydides.core.reflection.ClassFinder - Could not load class META-INF.versions.9.com.sun.istack.logging.StackHelper
21:54:05.166 [main] DEBUG net.thucydides.core.reflection.ClassFinder - Could not load class META-INF.versions.9.com.sun.xml.bind.v2.runtime.reflect.opt.AccessorInjector
21:54:05.167 [main] DEBUG net.thucydides.core.reflection.ClassFinder - Could not load class META-INF.versions.9.com.sun.xml.bind.v2.runtime.reflect.opt.Injector
21:54:05.168 [main] DEBUG net.thucydides.core.reflection.ClassFinder - Could not load class META-INF.versions.9.com.sun.xml.bind.v2.runtime.reflect.opt.OptimizedAccessorFactory
21:54:05.169 [main] DEBUG net.thucydides.core.reflection.ClassFinder - Could not load class META-INF.versions.9.com.sun.xml.bind.v2.runtime.reflect.opt.OptimizedTransducedAccessorFactory
21:54:05.170 [main] DEBUG net.thucydides.core.reflection.ClassFinder - Could not load class META-INF.versions.9.io.opentelemetry.sdk.internal.CurrentJavaVersionSpecific
21:54:05.170 [main] DEBUG net.thucydides.core.reflection.ClassFinder - Could not load class META-INF.versions.9.io.opentelemetry.sdk.internal.Java9VersionSpecific
21:54:05.171 [main] DEBUG net.thucydides.core.reflection.ClassFinder - Could not load class META-INF.versions.9.javax.xml.bind.ModuleUtil
21:54:05.171 [main] DEBUG net.thucydides.core.reflection.ClassFinder - Could not load class META-INF.versions.9.module-info
21:54:05.172 [main] DEBUG net.thucydides.core.reflection.ClassFinder - Could not load class META-INF.versions.9.org.junit.platform.commons.util.ModuleUtils
21:54:05.175 [main] DEBUG net.thucydides.core.reflection.ClassFinder - Could not load class com.google.gson.internal.
21:54:05.177 [main] DEBUG net.thucydides.core.reflection.ClassFinder - Could not load class com.sun.xml.bind.v2.runtime.output.FastInfosetStreamWriterOutput
21:54:05.182 [main] DEBUG net.thucydides.core.reflection.ClassFinder - Could not load class module-info
21:54:05.349 [Forwarding get on session 9a78a15e3d79b87b6dc59f4ace078dde to remote] DEBUG org.asynchttpclient.netty.request.NettyRequestSender - Using pooled Channel '[id: 0xe59f34a8, L:/127.0.0.1:52122 - R:localhost/127.0.0.1:51505]' for 'POST' to 'http://localhost:51505/session/9a78a15e3d79b87b6dc59f4ace078dde/url'
21:54:05.350 [Forwarding get on session 9a78a15e3d79b87b6dc59f4ace078dde to remote] DEBUG org.asynchttpclient.netty.request.NettyRequestSender - Using open Channel [id: 0xe59f34a8, L:/127.0.0.1:52122 - R:localhost/127.0.0.1:51505] for POST '/session/9a78a15e3d79b87b6dc59f4ace078dde/url'
21:54:05.878 [AsyncHttpClient-1-1] DEBUG org.asynchttpclient.netty.channel.DefaultChannelPool - Entry count for : http://localhost:52123 : 1
21:54:06.974 [AsyncHttpClient-1-1] DEBUG org.asynchttpclient.netty.channel.DefaultChannelPool - Entry count for : http://localhost:52123 : 1
21:54:07.473 [AsyncHttpClient-1-2] DEBUG org.asynchttpclient.netty.handler.HttpHandler - 

Request DefaultHttpRequest(decodeResult: success, version: HTTP/1.1)
POST /session/9a78a15e3d79b87b6dc59f4ace078dde/url HTTP/1.1
User-Agent: selenium/4.1.2 (java windows)
Content-Length: 59
Content-Type: application/json; charset=utf-8
host: localhost:51505
accept: */*

Response DefaultHttpResponse(decodeResult: success, version: HTTP/1.1)
HTTP/1.1 200 OK
Content-Type: application/json; charset=utf-8
cache-control: no-cache
content-length: 14

21:54:07.473 [AsyncHttpClient-1-2] DEBUG org.asynchttpclient.netty.channel.ChannelManager - Adding key: http://localhost:51505 for channel [id: 0xe59f34a8, L:/127.0.0.1:52122 - R:localhost/127.0.0.1:51505]
21:54:07.490 [Forwarding setTimeout on session 9a78a15e3d79b87b6dc59f4ace078dde to remote] DEBUG org.asynchttpclient.netty.request.NettyRequestSender - Using pooled Channel '[id: 0xe59f34a8, L:/127.0.0.1:52122 - R:localhost/127.0.0.1:51505]' for 'POST' to 'http://localhost:51505/session/9a78a15e3d79b87b6dc59f4ace078dde/timeouts'
21:54:07.491 [Forwarding setTimeout on session 9a78a15e3d79b87b6dc59f4ace078dde to remote] DEBUG org.asynchttpclient.netty.request.NettyRequestSender - Using open Channel [id: 0xe59f34a8, L:/127.0.0.1:52122 - R:localhost/127.0.0.1:51505] for POST '/session/9a78a15e3d79b87b6dc59f4ace078dde/timeouts'
21:54:07.498 [AsyncHttpClient-1-2] DEBUG org.asynchttpclient.netty.handler.HttpHandler - 

Request DefaultHttpRequest(decodeResult: success, version: HTTP/1.1)
POST /session/9a78a15e3d79b87b6dc59f4ace078dde/timeouts HTTP/1.1
User-Agent: selenium/4.1.2 (java windows)
Content-Length: 22
Content-Type: application/json; charset=utf-8
host: localhost:51505
accept: */*

Response DefaultHttpResponse(decodeResult: success, version: HTTP/1.1)
HTTP/1.1 200 OK
Content-Type: application/json; charset=utf-8
cache-control: no-cache
content-length: 14

21:54:07.499 [AsyncHttpClient-1-2] DEBUG org.asynchttpclient.netty.channel.ChannelManager - Adding key: http://localhost:51505 for channel [id: 0xe59f34a8, L:/127.0.0.1:52122 - R:localhost/127.0.0.1:51505]
21:54:07.512 [Forwarding getCurrentUrl on session 9a78a15e3d79b87b6dc59f4ace078dde to remote] DEBUG org.asynchttpclient.netty.request.NettyRequestSender - Using pooled Channel '[id: 0xe59f34a8, L:/127.0.0.1:52122 - R:localhost/127.0.0.1:51505]' for 'GET' to 'http://localhost:51505/session/9a78a15e3d79b87b6dc59f4ace078dde/url'
21:54:07.513 [Forwarding getCurrentUrl on session 9a78a15e3d79b87b6dc59f4ace078dde to remote] DEBUG org.asynchttpclient.netty.request.NettyRequestSender - Using open Channel [id: 0xe59f34a8, L:/127.0.0.1:52122 - R:localhost/127.0.0.1:51505] for GET '/session/9a78a15e3d79b87b6dc59f4ace078dde/url'
21:54:07.523 [AsyncHttpClient-1-2] DEBUG org.asynchttpclient.netty.handler.HttpHandler - 

Request DefaultFullHttpRequest(decodeResult: success, version: HTTP/1.1, content: EmptyByteBufBE)
GET /session/9a78a15e3d79b87b6dc59f4ace078dde/url HTTP/1.1
User-Agent: selenium/4.1.2 (java windows)
Cache-Control: no-cache
Content-Type: application/json; charset=utf-8
host: localhost:51505
accept: */*

Response DefaultHttpResponse(decodeResult: success, version: HTTP/1.1)
HTTP/1.1 200 OK
Content-Type: application/json; charset=utf-8
cache-control: no-cache
content-length: 41

21:54:07.524 [AsyncHttpClient-1-2] DEBUG org.asynchttpclient.netty.channel.ChannelManager - Adding key: http://localhost:51505 for channel [id: 0xe59f34a8, L:/127.0.0.1:52122 - R:localhost/127.0.0.1:51505]
21:54:07.566 [Forwarding findElement on session 9a78a15e3d79b87b6dc59f4ace078dde to remote] DEBUG org.asynchttpclient.netty.request.NettyRequestSender - Using pooled Channel '[id: 0xe59f34a8, L:/127.0.0.1:52122 - R:localhost/127.0.0.1:51505]' for 'POST' to 'http://localhost:51505/session/9a78a15e3d79b87b6dc59f4ace078dde/element'
21:54:07.566 [Forwarding findElement on session 9a78a15e3d79b87b6dc59f4ace078dde to remote] DEBUG org.asynchttpclient.netty.request.NettyRequestSender - Using open Channel [id: 0xe59f34a8, L:/127.0.0.1:52122 - R:localhost/127.0.0.1:51505] for POST '/session/9a78a15e3d79b87b6dc59f4ace078dde/element'
21:54:07.617 [AsyncHttpClient-1-2] DEBUG org.asynchttpclient.netty.handler.HttpHandler - 

Request DefaultHttpRequest(decodeResult: success, version: HTTP/1.1)
POST /session/9a78a15e3d79b87b6dc59f4ace078dde/element HTTP/1.1
User-Agent: selenium/4.1.2 (java windows)
Content-Length: 97
Content-Type: application/json; charset=utf-8
host: localhost:51505
accept: */*

Response DefaultHttpResponse(decodeResult: success, version: HTTP/1.1)
HTTP/1.1 200 OK
Content-Type: application/json; charset=utf-8
cache-control: no-cache
content-length: 88

21:54:07.617 [AsyncHttpClient-1-2] DEBUG org.asynchttpclient.netty.channel.ChannelManager - Adding key: http://localhost:51505 for channel [id: 0xe59f34a8, L:/127.0.0.1:52122 - R:localhost/127.0.0.1:51505]
21:54:07.628 [Forwarding getElementTagName on session 9a78a15e3d79b87b6dc59f4ace078dde to remote] DEBUG org.asynchttpclient.netty.request.NettyRequestSender - Using pooled Channel '[id: 0xe59f34a8, L:/127.0.0.1:52122 - R:localhost/127.0.0.1:51505]' for 'GET' to 'http://localhost:51505/session/9a78a15e3d79b87b6dc59f4ace078dde/element/3306bd5f-ac78-4352-a556-b1c4ccf23732/name'
21:54:07.628 [Forwarding getElementTagName on session 9a78a15e3d79b87b6dc59f4ace078dde to remote] DEBUG org.asynchttpclient.netty.request.NettyRequestSender - Using open Channel [id: 0xe59f34a8, L:/127.0.0.1:52122 - R:localhost/127.0.0.1:51505] for GET '/session/9a78a15e3d79b87b6dc59f4ace078dde/element/3306bd5f-ac78-4352-a556-b1c4ccf23732/name'
21:54:07.711 [AsyncHttpClient-1-2] DEBUG org.asynchttpclient.netty.handler.HttpHandler - 

Request DefaultFullHttpRequest(decodeResult: success, version: HTTP/1.1, content: EmptyByteBufBE)
GET /session/9a78a15e3d79b87b6dc59f4ace078dde/element/3306bd5f-ac78-4352-a556-b1c4ccf23732/name HTTP/1.1
User-Agent: selenium/4.1.2 (java windows)
Cache-Control: no-cache
Content-Type: application/json; charset=utf-8
host: localhost:51505
accept: */*

Response DefaultHttpResponse(decodeResult: success, version: HTTP/1.1)
HTTP/1.1 200 OK
Content-Type: application/json; charset=utf-8
cache-control: no-cache
content-length: 13

21:54:07.711 [AsyncHttpClient-1-2] DEBUG org.asynchttpclient.netty.channel.ChannelManager - Adding key: http://localhost:51505 for channel [id: 0xe59f34a8, L:/127.0.0.1:52122 - R:localhost/127.0.0.1:51505]
21:54:07.718 [Forwarding getElementTagName on session 9a78a15e3d79b87b6dc59f4ace078dde to remote] DEBUG org.asynchttpclient.netty.request.NettyRequestSender - Using pooled Channel '[id: 0xe59f34a8, L:/127.0.0.1:52122 - R:localhost/127.0.0.1:51505]' for 'GET' to 'http://localhost:51505/session/9a78a15e3d79b87b6dc59f4ace078dde/element/3306bd5f-ac78-4352-a556-b1c4ccf23732/name'
21:54:07.718 [Forwarding getElementTagName on session 9a78a15e3d79b87b6dc59f4ace078dde to remote] DEBUG org.asynchttpclient.netty.request.NettyRequestSender - Using open Channel [id: 0xe59f34a8, L:/127.0.0.1:52122 - R:localhost/127.0.0.1:51505] for GET '/session/9a78a15e3d79b87b6dc59f4ace078dde/element/3306bd5f-ac78-4352-a556-b1c4ccf23732/name'
21:54:07.730 [AsyncHttpClient-1-2] DEBUG org.asynchttpclient.netty.handler.HttpHandler - 

Request DefaultFullHttpRequest(decodeResult: success, version: HTTP/1.1, content: EmptyByteBufBE)
GET /session/9a78a15e3d79b87b6dc59f4ace078dde/element/3306bd5f-ac78-4352-a556-b1c4ccf23732/name HTTP/1.1
User-Agent: selenium/4.1.2 (java windows)
Cache-Control: no-cache
Content-Type: application/json; charset=utf-8
host: localhost:51505
accept: */*

Response DefaultHttpResponse(decodeResult: success, version: HTTP/1.1)
HTTP/1.1 200 OK
Content-Type: application/json; charset=utf-8
cache-control: no-cache
content-length: 13

21:54:07.730 [AsyncHttpClient-1-2] DEBUG org.asynchttpclient.netty.channel.ChannelManager - Adding key: http://localhost:51505 for channel [id: 0xe59f34a8, L:/127.0.0.1:52122 - R:localhost/127.0.0.1:51505]
21:54:07.745 [Forwarding findElement on session 9a78a15e3d79b87b6dc59f4ace078dde to remote] DEBUG org.asynchttpclient.netty.request.NettyRequestSender - Using pooled Channel '[id: 0xe59f34a8, L:/127.0.0.1:52122 - R:localhost/127.0.0.1:51505]' for 'POST' to 'http://localhost:51505/session/9a78a15e3d79b87b6dc59f4ace078dde/element'
21:54:07.745 [Forwarding findElement on session 9a78a15e3d79b87b6dc59f4ace078dde to remote] DEBUG org.asynchttpclient.netty.request.NettyRequestSender - Using open Channel [id: 0xe59f34a8, L:/127.0.0.1:52122 - R:localhost/127.0.0.1:51505] for POST '/session/9a78a15e3d79b87b6dc59f4ace078dde/element'
21:54:07.787 [AsyncHttpClient-1-2] DEBUG org.asynchttpclient.netty.handler.HttpHandler - 

Request DefaultHttpRequest(decodeResult: success, version: HTTP/1.1)
POST /session/9a78a15e3d79b87b6dc59f4ace078dde/element HTTP/1.1
User-Agent: selenium/4.1.2 (java windows)
Content-Length: 97
Content-Type: application/json; charset=utf-8
host: localhost:51505
accept: */*

Response DefaultHttpResponse(decodeResult: success, version: HTTP/1.1)
HTTP/1.1 200 OK
Content-Type: application/json; charset=utf-8
cache-control: no-cache
content-length: 88

21:54:07.788 [AsyncHttpClient-1-2] DEBUG org.asynchttpclient.netty.channel.ChannelManager - Adding key: http://localhost:51505 for channel [id: 0xe59f34a8, L:/127.0.0.1:52122 - R:localhost/127.0.0.1:51505]
21:54:07.793 [Forwarding clickElement on session 9a78a15e3d79b87b6dc59f4ace078dde to remote] DEBUG org.asynchttpclient.netty.request.NettyRequestSender - Using pooled Channel '[id: 0xe59f34a8, L:/127.0.0.1:52122 - R:localhost/127.0.0.1:51505]' for 'POST' to 'http://localhost:51505/session/9a78a15e3d79b87b6dc59f4ace078dde/element/3306bd5f-ac78-4352-a556-b1c4ccf23732/click'
21:54:07.795 [Forwarding clickElement on session 9a78a15e3d79b87b6dc59f4ace078dde to remote] DEBUG org.asynchttpclient.netty.request.NettyRequestSender - Using open Channel [id: 0xe59f34a8, L:/127.0.0.1:52122 - R:localhost/127.0.0.1:51505] for POST '/session/9a78a15e3d79b87b6dc59f4ace078dde/element/3306bd5f-ac78-4352-a556-b1c4ccf23732/click'
21:54:08.075 [AsyncHttpClient-1-2] DEBUG org.asynchttpclient.netty.handler.HttpHandler - 

Request DefaultHttpRequest(decodeResult: success, version: HTTP/1.1)
POST /session/9a78a15e3d79b87b6dc59f4ace078dde/element/3306bd5f-ac78-4352-a556-b1c4ccf23732/click HTTP/1.1
User-Agent: selenium/4.1.2 (java windows)
Content-Length: 50
Content-Type: application/json; charset=utf-8
host: localhost:51505
accept: */*

Response DefaultHttpResponse(decodeResult: success, version: HTTP/1.1)
HTTP/1.1 200 OK
Content-Type: application/json; charset=utf-8
cache-control: no-cache
content-length: 14

21:54:08.076 [AsyncHttpClient-1-2] DEBUG org.asynchttpclient.netty.channel.ChannelManager - Adding key: http://localhost:51505 for channel [id: 0xe59f34a8, L:/127.0.0.1:52122 - R:localhost/127.0.0.1:51505]
21:54:08.152 [AsyncHttpClient-1-1] DEBUG org.asynchttpclient.netty.channel.DefaultChannelPool - Entry count for : http://localhost:51505 : 1
21:54:08.152 [AsyncHttpClient-1-1] DEBUG org.asynchttpclient.netty.channel.DefaultChannelPool - Entry count for : http://localhost:52123 : 1
21:54:08.205 [Forwarding findElement on session 9a78a15e3d79b87b6dc59f4ace078dde to remote] DEBUG org.asynchttpclient.netty.request.NettyRequestSender - Using pooled Channel '[id: 0xe59f34a8, L:/127.0.0.1:52122 - R:localhost/127.0.0.1:51505]' for 'POST' to 'http://localhost:51505/session/9a78a15e3d79b87b6dc59f4ace078dde/element'
21:54:08.205 [Forwarding findElement on session 9a78a15e3d79b87b6dc59f4ace078dde to remote] DEBUG org.asynchttpclient.netty.request.NettyRequestSender - Using open Channel [id: 0xe59f34a8, L:/127.0.0.1:52122 - R:localhost/127.0.0.1:51505] for POST '/session/9a78a15e3d79b87b6dc59f4ace078dde/element'
21:54:08.436 [AsyncHttpClient-1-2] DEBUG org.asynchttpclient.netty.handler.HttpHandler - 

Request DefaultHttpRequest(decodeResult: success, version: HTTP/1.1)
POST /session/9a78a15e3d79b87b6dc59f4ace078dde/element HTTP/1.1
User-Agent: selenium/4.1.2 (java windows)
Content-Length: 88
Content-Type: application/json; charset=utf-8
host: localhost:51505
accept: */*

Response DefaultHttpResponse(decodeResult: success, version: HTTP/1.1)
HTTP/1.1 200 OK
Content-Type: application/json; charset=utf-8
cache-control: no-cache
content-length: 88

21:54:08.436 [AsyncHttpClient-1-2] DEBUG org.asynchttpclient.netty.channel.ChannelManager - Adding key: http://localhost:51505 for channel [id: 0xe59f34a8, L:/127.0.0.1:52122 - R:localhost/127.0.0.1:51505]
21:54:08.450 [Forwarding clearElement on session 9a78a15e3d79b87b6dc59f4ace078dde to remote] DEBUG org.asynchttpclient.netty.request.NettyRequestSender - Using pooled Channel '[id: 0xe59f34a8, L:/127.0.0.1:52122 - R:localhost/127.0.0.1:51505]' for 'POST' to 'http://localhost:51505/session/9a78a15e3d79b87b6dc59f4ace078dde/element/282742a6-11a4-494c-987d-480fce0996fa/clear'
21:54:08.450 [Forwarding clearElement on session 9a78a15e3d79b87b6dc59f4ace078dde to remote] DEBUG org.asynchttpclient.netty.request.NettyRequestSender - Using open Channel [id: 0xe59f34a8, L:/127.0.0.1:52122 - R:localhost/127.0.0.1:51505] for POST '/session/9a78a15e3d79b87b6dc59f4ace078dde/element/282742a6-11a4-494c-987d-480fce0996fa/clear'
21:54:08.608 [AsyncHttpClient-1-2] DEBUG org.asynchttpclient.netty.handler.HttpHandler - 

Request DefaultHttpRequest(decodeResult: success, version: HTTP/1.1)
POST /session/9a78a15e3d79b87b6dc59f4ace078dde/element/282742a6-11a4-494c-987d-480fce0996fa/clear HTTP/1.1
User-Agent: selenium/4.1.2 (java windows)
Content-Length: 50
Content-Type: application/json; charset=utf-8
host: localhost:51505
accept: */*

Response DefaultHttpResponse(decodeResult: success, version: HTTP/1.1)
HTTP/1.1 200 OK
Content-Type: application/json; charset=utf-8
cache-control: no-cache
content-length: 14

21:54:08.609 [AsyncHttpClient-1-2] DEBUG org.asynchttpclient.netty.channel.ChannelManager - Adding key: http://localhost:51505 for channel [id: 0xe59f34a8, L:/127.0.0.1:52122 - R:localhost/127.0.0.1:51505]
21:54:08.621 [Forwarding sendKeysToElement on session 9a78a15e3d79b87b6dc59f4ace078dde to remote] DEBUG org.asynchttpclient.netty.request.NettyRequestSender - Using pooled Channel '[id: 0xe59f34a8, L:/127.0.0.1:52122 - R:localhost/127.0.0.1:51505]' for 'POST' to 'http://localhost:51505/session/9a78a15e3d79b87b6dc59f4ace078dde/element/282742a6-11a4-494c-987d-480fce0996fa/value'
21:54:08.622 [Forwarding sendKeysToElement on session 9a78a15e3d79b87b6dc59f4ace078dde to remote] DEBUG org.asynchttpclient.netty.request.NettyRequestSender - Using open Channel [id: 0xe59f34a8, L:/127.0.0.1:52122 - R:localhost/127.0.0.1:51505] for POST '/session/9a78a15e3d79b87b6dc59f4ace078dde/element/282742a6-11a4-494c-987d-480fce0996fa/value'
21:54:08.879 [AsyncHttpClient-1-2] DEBUG org.asynchttpclient.netty.handler.HttpHandler - 

Request DefaultHttpRequest(decodeResult: success, version: HTTP/1.1)
POST /session/9a78a15e3d79b87b6dc59f4ace078dde/element/282742a6-11a4-494c-987d-480fce0996fa/value HTTP/1.1
User-Agent: selenium/4.1.2 (java windows)
Content-Length: 111
Content-Type: application/json; charset=utf-8
host: localhost:51505
accept: */*

Response DefaultHttpResponse(decodeResult: success, version: HTTP/1.1)
HTTP/1.1 200 OK
Content-Type: application/json; charset=utf-8
cache-control: no-cache
content-length: 14

21:54:08.880 [AsyncHttpClient-1-2] DEBUG org.asynchttpclient.netty.channel.ChannelManager - Adding key: http://localhost:51505 for channel [id: 0xe59f34a8, L:/127.0.0.1:52122 - R:localhost/127.0.0.1:51505]
21:54:08.904 [Forwarding findElement on session 9a78a15e3d79b87b6dc59f4ace078dde to remote] DEBUG org.asynchttpclient.netty.request.NettyRequestSender - Using pooled Channel '[id: 0xe59f34a8, L:/127.0.0.1:52122 - R:localhost/127.0.0.1:51505]' for 'POST' to 'http://localhost:51505/session/9a78a15e3d79b87b6dc59f4ace078dde/element'
21:54:08.905 [Forwarding findElement on session 9a78a15e3d79b87b6dc59f4ace078dde to remote] DEBUG org.asynchttpclient.netty.request.NettyRequestSender - Using open Channel [id: 0xe59f34a8, L:/127.0.0.1:52122 - R:localhost/127.0.0.1:51505] for POST '/session/9a78a15e3d79b87b6dc59f4ace078dde/element'
21:54:08.953 [AsyncHttpClient-1-2] DEBUG org.asynchttpclient.netty.handler.HttpHandler - 

Request DefaultHttpRequest(decodeResult: success, version: HTTP/1.1)
POST /session/9a78a15e3d79b87b6dc59f4ace078dde/element HTTP/1.1
User-Agent: selenium/4.1.2 (java windows)
Content-Length: 97
Content-Type: application/json; charset=utf-8
host: localhost:51505
accept: */*

Response DefaultHttpResponse(decodeResult: success, version: HTTP/1.1)
HTTP/1.1 200 OK
Content-Type: application/json; charset=utf-8
cache-control: no-cache
content-length: 88

21:54:08.953 [AsyncHttpClient-1-2] DEBUG org.asynchttpclient.netty.channel.ChannelManager - Adding key: http://localhost:51505 for channel [id: 0xe59f34a8, L:/127.0.0.1:52122 - R:localhost/127.0.0.1:51505]
21:54:08.958 [Forwarding clearElement on session 9a78a15e3d79b87b6dc59f4ace078dde to remote] DEBUG org.asynchttpclient.netty.request.NettyRequestSender - Using pooled Channel '[id: 0xe59f34a8, L:/127.0.0.1:52122 - R:localhost/127.0.0.1:51505]' for 'POST' to 'http://localhost:51505/session/9a78a15e3d79b87b6dc59f4ace078dde/element/6d17d466-cd15-4fcf-9aea-edb4fa7f7c61/clear'
21:54:08.958 [Forwarding clearElement on session 9a78a15e3d79b87b6dc59f4ace078dde to remote] DEBUG org.asynchttpclient.netty.request.NettyRequestSender - Using open Channel [id: 0xe59f34a8, L:/127.0.0.1:52122 - R:localhost/127.0.0.1:51505] for POST '/session/9a78a15e3d79b87b6dc59f4ace078dde/element/6d17d466-cd15-4fcf-9aea-edb4fa7f7c61/clear'
21:54:09.131 [AsyncHttpClient-1-2] DEBUG org.asynchttpclient.netty.handler.HttpHandler - 

Request DefaultHttpRequest(decodeResult: success, version: HTTP/1.1)
POST /session/9a78a15e3d79b87b6dc59f4ace078dde/element/6d17d466-cd15-4fcf-9aea-edb4fa7f7c61/clear HTTP/1.1
User-Agent: selenium/4.1.2 (java windows)
Content-Length: 50
Content-Type: application/json; charset=utf-8
host: localhost:51505
accept: */*

Response DefaultHttpResponse(decodeResult: success, version: HTTP/1.1)
HTTP/1.1 200 OK
Content-Type: application/json; charset=utf-8
cache-control: no-cache
content-length: 14

21:54:09.132 [AsyncHttpClient-1-2] DEBUG org.asynchttpclient.netty.channel.ChannelManager - Adding key: http://localhost:51505 for channel [id: 0xe59f34a8, L:/127.0.0.1:52122 - R:localhost/127.0.0.1:51505]
21:54:09.139 [Forwarding sendKeysToElement on session 9a78a15e3d79b87b6dc59f4ace078dde to remote] DEBUG org.asynchttpclient.netty.request.NettyRequestSender - Using pooled Channel '[id: 0xe59f34a8, L:/127.0.0.1:52122 - R:localhost/127.0.0.1:51505]' for 'POST' to 'http://localhost:51505/session/9a78a15e3d79b87b6dc59f4ace078dde/element/6d17d466-cd15-4fcf-9aea-edb4fa7f7c61/value'
21:54:09.139 [Forwarding sendKeysToElement on session 9a78a15e3d79b87b6dc59f4ace078dde to remote] DEBUG org.asynchttpclient.netty.request.NettyRequestSender - Using open Channel [id: 0xe59f34a8, L:/127.0.0.1:52122 - R:localhost/127.0.0.1:51505] for POST '/session/9a78a15e3d79b87b6dc59f4ace078dde/element/6d17d466-cd15-4fcf-9aea-edb4fa7f7c61/value'
21:54:09.180 [AsyncHttpClient-1-1] DEBUG org.asynchttpclient.netty.channel.DefaultChannelPool - Entry count for : http://localhost:52123 : 1
21:54:09.469 [AsyncHttpClient-1-2] DEBUG org.asynchttpclient.netty.handler.HttpHandler - 

Request DefaultHttpRequest(decodeResult: success, version: HTTP/1.1)
POST /session/9a78a15e3d79b87b6dc59f4ace078dde/element/6d17d466-cd15-4fcf-9aea-edb4fa7f7c61/value HTTP/1.1
User-Agent: selenium/4.1.2 (java windows)
Content-Length: 191
Content-Type: application/json; charset=utf-8
host: localhost:51505
accept: */*

Response DefaultHttpResponse(decodeResult: success, version: HTTP/1.1)
HTTP/1.1 200 OK
Content-Type: application/json; charset=utf-8
cache-control: no-cache
content-length: 14

21:54:09.470 [AsyncHttpClient-1-2] DEBUG org.asynchttpclient.netty.channel.ChannelManager - Adding key: http://localhost:51505 for channel [id: 0xe59f34a8, L:/127.0.0.1:52122 - R:localhost/127.0.0.1:51505]
21:54:09.491 [Forwarding findElement on session 9a78a15e3d79b87b6dc59f4ace078dde to remote] DEBUG org.asynchttpclient.netty.request.NettyRequestSender - Using pooled Channel '[id: 0xe59f34a8, L:/127.0.0.1:52122 - R:localhost/127.0.0.1:51505]' for 'POST' to 'http://localhost:51505/session/9a78a15e3d79b87b6dc59f4ace078dde/element'
21:54:09.491 [Forwarding findElement on session 9a78a15e3d79b87b6dc59f4ace078dde to remote] DEBUG org.asynchttpclient.netty.request.NettyRequestSender - Using open Channel [id: 0xe59f34a8, L:/127.0.0.1:52122 - R:localhost/127.0.0.1:51505] for POST '/session/9a78a15e3d79b87b6dc59f4ace078dde/element'
21:54:09.581 [AsyncHttpClient-1-2] DEBUG org.asynchttpclient.netty.handler.HttpHandler - 

Request DefaultHttpRequest(decodeResult: success, version: HTTP/1.1)
POST /session/9a78a15e3d79b87b6dc59f4ace078dde/element HTTP/1.1
User-Agent: selenium/4.1.2 (java windows)
Content-Length: 83
Content-Type: application/json; charset=utf-8
host: localhost:51505
accept: */*

Response DefaultHttpResponse(decodeResult: success, version: HTTP/1.1)
HTTP/1.1 200 OK
Content-Type: application/json; charset=utf-8
cache-control: no-cache
content-length: 88

21:54:09.582 [AsyncHttpClient-1-2] DEBUG org.asynchttpclient.netty.channel.ChannelManager - Adding key: http://localhost:51505 for channel [id: 0xe59f34a8, L:/127.0.0.1:52122 - R:localhost/127.0.0.1:51505]
21:54:09.587 [Forwarding getElementTagName on session 9a78a15e3d79b87b6dc59f4ace078dde to remote] DEBUG org.asynchttpclient.netty.request.NettyRequestSender - Using pooled Channel '[id: 0xe59f34a8, L:/127.0.0.1:52122 - R:localhost/127.0.0.1:51505]' for 'GET' to 'http://localhost:51505/session/9a78a15e3d79b87b6dc59f4ace078dde/element/768d290e-c27f-4f6e-b63b-7fc1fc26473e/name'
21:54:09.587 [Forwarding getElementTagName on session 9a78a15e3d79b87b6dc59f4ace078dde to remote] DEBUG org.asynchttpclient.netty.request.NettyRequestSender - Using open Channel [id: 0xe59f34a8, L:/127.0.0.1:52122 - R:localhost/127.0.0.1:51505] for GET '/session/9a78a15e3d79b87b6dc59f4ace078dde/element/768d290e-c27f-4f6e-b63b-7fc1fc26473e/name'
21:54:09.617 [AsyncHttpClient-1-2] DEBUG org.asynchttpclient.netty.handler.HttpHandler - 

Request DefaultFullHttpRequest(decodeResult: success, version: HTTP/1.1, content: EmptyByteBufBE)
GET /session/9a78a15e3d79b87b6dc59f4ace078dde/element/768d290e-c27f-4f6e-b63b-7fc1fc26473e/name HTTP/1.1
User-Agent: selenium/4.1.2 (java windows)
Cache-Control: no-cache
Content-Type: application/json; charset=utf-8
host: localhost:51505
accept: */*

Response DefaultHttpResponse(decodeResult: success, version: HTTP/1.1)
HTTP/1.1 200 OK
Content-Type: application/json; charset=utf-8
cache-control: no-cache
content-length: 16

21:54:09.618 [AsyncHttpClient-1-2] DEBUG org.asynchttpclient.netty.channel.ChannelManager - Adding key: http://localhost:51505 for channel [id: 0xe59f34a8, L:/127.0.0.1:52122 - R:localhost/127.0.0.1:51505]
21:54:09.622 [Forwarding getElementTagName on session 9a78a15e3d79b87b6dc59f4ace078dde to remote] DEBUG org.asynchttpclient.netty.request.NettyRequestSender - Using pooled Channel '[id: 0xe59f34a8, L:/127.0.0.1:52122 - R:localhost/127.0.0.1:51505]' for 'GET' to 'http://localhost:51505/session/9a78a15e3d79b87b6dc59f4ace078dde/element/768d290e-c27f-4f6e-b63b-7fc1fc26473e/name'
21:54:09.622 [Forwarding getElementTagName on session 9a78a15e3d79b87b6dc59f4ace078dde to remote] DEBUG org.asynchttpclient.netty.request.NettyRequestSender - Using open Channel [id: 0xe59f34a8, L:/127.0.0.1:52122 - R:localhost/127.0.0.1:51505] for GET '/session/9a78a15e3d79b87b6dc59f4ace078dde/element/768d290e-c27f-4f6e-b63b-7fc1fc26473e/name'
21:54:09.719 [AsyncHttpClient-1-2] DEBUG org.asynchttpclient.netty.handler.HttpHandler - 

Request DefaultFullHttpRequest(decodeResult: success, version: HTTP/1.1, content: EmptyByteBufBE)
GET /session/9a78a15e3d79b87b6dc59f4ace078dde/element/768d290e-c27f-4f6e-b63b-7fc1fc26473e/name HTTP/1.1
User-Agent: selenium/4.1.2 (java windows)
Cache-Control: no-cache
Content-Type: application/json; charset=utf-8
host: localhost:51505
accept: */*

Response DefaultHttpResponse(decodeResult: success, version: HTTP/1.1)
HTTP/1.1 200 OK
Content-Type: application/json; charset=utf-8
cache-control: no-cache
content-length: 16

21:54:09.720 [AsyncHttpClient-1-2] DEBUG org.asynchttpclient.netty.channel.ChannelManager - Adding key: http://localhost:51505 for channel [id: 0xe59f34a8, L:/127.0.0.1:52122 - R:localhost/127.0.0.1:51505]
21:54:09.728 [Forwarding findElement on session 9a78a15e3d79b87b6dc59f4ace078dde to remote] DEBUG org.asynchttpclient.netty.request.NettyRequestSender - Using pooled Channel '[id: 0xe59f34a8, L:/127.0.0.1:52122 - R:localhost/127.0.0.1:51505]' for 'POST' to 'http://localhost:51505/session/9a78a15e3d79b87b6dc59f4ace078dde/element'
21:54:09.728 [Forwarding findElement on session 9a78a15e3d79b87b6dc59f4ace078dde to remote] DEBUG org.asynchttpclient.netty.request.NettyRequestSender - Using open Channel [id: 0xe59f34a8, L:/127.0.0.1:52122 - R:localhost/127.0.0.1:51505] for POST '/session/9a78a15e3d79b87b6dc59f4ace078dde/element'
21:54:09.753 [AsyncHttpClient-1-2] DEBUG org.asynchttpclient.netty.handler.HttpHandler - 

Request DefaultHttpRequest(decodeResult: success, version: HTTP/1.1)
POST /session/9a78a15e3d79b87b6dc59f4ace078dde/element HTTP/1.1
User-Agent: selenium/4.1.2 (java windows)
Content-Length: 83
Content-Type: application/json; charset=utf-8
host: localhost:51505
accept: */*

Response DefaultHttpResponse(decodeResult: success, version: HTTP/1.1)
HTTP/1.1 200 OK
Content-Type: application/json; charset=utf-8
cache-control: no-cache
content-length: 88

21:54:09.754 [AsyncHttpClient-1-2] DEBUG org.asynchttpclient.netty.channel.ChannelManager - Adding key: http://localhost:51505 for channel [id: 0xe59f34a8, L:/127.0.0.1:52122 - R:localhost/127.0.0.1:51505]
21:54:09.761 [Forwarding clickElement on session 9a78a15e3d79b87b6dc59f4ace078dde to remote] DEBUG org.asynchttpclient.netty.request.NettyRequestSender - Using pooled Channel '[id: 0xe59f34a8, L:/127.0.0.1:52122 - R:localhost/127.0.0.1:51505]' for 'POST' to 'http://localhost:51505/session/9a78a15e3d79b87b6dc59f4ace078dde/element/768d290e-c27f-4f6e-b63b-7fc1fc26473e/click'
21:54:09.762 [Forwarding clickElement on session 9a78a15e3d79b87b6dc59f4ace078dde to remote] DEBUG org.asynchttpclient.netty.request.NettyRequestSender - Using open Channel [id: 0xe59f34a8, L:/127.0.0.1:52122 - R:localhost/127.0.0.1:51505] for POST '/session/9a78a15e3d79b87b6dc59f4ace078dde/element/768d290e-c27f-4f6e-b63b-7fc1fc26473e/click'
21:54:09.883 [AsyncHttpClient-1-2] DEBUG org.asynchttpclient.netty.handler.HttpHandler - 

Request DefaultHttpRequest(decodeResult: success, version: HTTP/1.1)
POST /session/9a78a15e3d79b87b6dc59f4ace078dde/element/768d290e-c27f-4f6e-b63b-7fc1fc26473e/click HTTP/1.1
User-Agent: selenium/4.1.2 (java windows)
Content-Length: 50
Content-Type: application/json; charset=utf-8
host: localhost:51505
accept: */*

Response DefaultHttpResponse(decodeResult: success, version: HTTP/1.1)
HTTP/1.1 200 OK
Content-Type: application/json; charset=utf-8
cache-control: no-cache
content-length: 14

21:54:09.885 [AsyncHttpClient-1-2] DEBUG org.asynchttpclient.netty.channel.ChannelManager - Adding key: http://localhost:51505 for channel [id: 0xe59f34a8, L:/127.0.0.1:52122 - R:localhost/127.0.0.1:51505]
21:54:09.914 [Forwarding findElement on session 9a78a15e3d79b87b6dc59f4ace078dde to remote] DEBUG org.asynchttpclient.netty.request.NettyRequestSender - Using pooled Channel '[id: 0xe59f34a8, L:/127.0.0.1:52122 - R:localhost/127.0.0.1:51505]' for 'POST' to 'http://localhost:51505/session/9a78a15e3d79b87b6dc59f4ace078dde/element'
21:54:09.914 [Forwarding findElement on session 9a78a15e3d79b87b6dc59f4ace078dde to remote] DEBUG org.asynchttpclient.netty.request.NettyRequestSender - Using open Channel [id: 0xe59f34a8, L:/127.0.0.1:52122 - R:localhost/127.0.0.1:51505] for POST '/session/9a78a15e3d79b87b6dc59f4ace078dde/element'
21:54:09.957 [AsyncHttpClient-1-2] DEBUG org.asynchttpclient.netty.handler.HttpHandler - 

Request DefaultHttpRequest(decodeResult: success, version: HTTP/1.1)
POST /session/9a78a15e3d79b87b6dc59f4ace078dde/element HTTP/1.1
User-Agent: selenium/4.1.2 (java windows)
Content-Length: 125
Content-Type: application/json; charset=utf-8
host: localhost:51505
accept: */*

Response DefaultHttpResponse(decodeResult: success, version: HTTP/1.1)
HTTP/1.1 200 OK
Content-Type: application/json; charset=utf-8
cache-control: no-cache
content-length: 88

21:54:09.957 [AsyncHttpClient-1-2] DEBUG org.asynchttpclient.netty.channel.ChannelManager - Adding key: http://localhost:51505 for channel [id: 0xe59f34a8, L:/127.0.0.1:52122 - R:localhost/127.0.0.1:51505]
21:54:10.012 [Forwarding isElementDisplayed on session 9a78a15e3d79b87b6dc59f4ace078dde to remote] DEBUG org.asynchttpclient.netty.request.NettyRequestSender - Using pooled Channel '[id: 0xe59f34a8, L:/127.0.0.1:52122 - R:localhost/127.0.0.1:51505]' for 'POST' to 'http://localhost:51505/session/9a78a15e3d79b87b6dc59f4ace078dde/execute/sync'
21:54:10.012 [Forwarding isElementDisplayed on session 9a78a15e3d79b87b6dc59f4ace078dde to remote] DEBUG org.asynchttpclient.netty.request.NettyRequestSender - Using open Channel [id: 0xe59f34a8, L:/127.0.0.1:52122 - R:localhost/127.0.0.1:51505] for POST '/session/9a78a15e3d79b87b6dc59f4ace078dde/execute/sync'
21:54:10.108 [AsyncHttpClient-1-2] DEBUG org.asynchttpclient.netty.handler.HttpHandler - 

Request DefaultHttpRequest(decodeResult: success, version: HTTP/1.1)
POST /session/9a78a15e3d79b87b6dc59f4ace078dde/execute/sync HTTP/1.1
User-Agent: selenium/4.1.2 (java windows)
Content-Length: 48780
Content-Type: application/json; charset=utf-8
host: localhost:51505
accept: */*

Response DefaultHttpResponse(decodeResult: success, version: HTTP/1.1)
HTTP/1.1 200 OK
Content-Type: application/json; charset=utf-8
cache-control: no-cache
content-length: 14

21:54:10.109 [AsyncHttpClient-1-2] DEBUG org.asynchttpclient.netty.channel.ChannelManager - Adding key: http://localhost:51505 for channel [id: 0xe59f34a8, L:/127.0.0.1:52122 - R:localhost/127.0.0.1:51505]
  &amp#27;[32mGiven &amp#27;[0m&amp#27;[32mI have logged in&amp#27;[0m             &amp#27;[90m# starter.stepdefinitions.LogoutSteps.iHaveLoggedIn()&amp#27;[0m
21:54:10.156 [main] DEBUG net.serenitybdd.core.photography.Darkroom - Opening darkroom
21:54:10.173 [Forwarding screenshot on session 9a78a15e3d79b87b6dc59f4ace078dde to remote] DEBUG org.asynchttpclient.netty.request.NettyRequestSender - Using pooled Channel '[id: 0xe59f34a8, L:/127.0.0.1:52122 - R:localhost/127.0.0.1:51505]' for 'GET' to 'http://localhost:51505/session/9a78a15e3d79b87b6dc59f4ace078dde/screenshot'
21:54:10.176 [Forwarding screenshot on session 9a78a15e3d79b87b6dc59f4ace078dde to remote] DEBUG org.asynchttpclient.netty.request.NettyRequestSender - Using open Channel [id: 0xe59f34a8, L:/127.0.0.1:52122 - R:localhost/127.0.0.1:51505] for GET '/session/9a78a15e3d79b87b6dc59f4ace078dde/screenshot'
21:54:10.180 [Darkroom Processing Line] DEBUG net.serenitybdd.core.photography.DarkroomProcessingLine - Darkroom processing line starting up
21:54:10.278 [AsyncHttpClient-1-1] DEBUG org.asynchttpclient.netty.channel.DefaultChannelPool - Entry count for : http://localhost:52123 : 1
21:54:11.376 [AsyncHttpClient-1-1] DEBUG org.asynchttpclient.netty.channel.DefaultChannelPool - Entry count for : http://localhost:52123 : 1
21:54:12.496 [AsyncHttpClient-1-1] DEBUG org.asynchttpclient.netty.channel.DefaultChannelPool - Entry count for : http://localhost:52123 : 1
21:54:13.572 [AsyncHttpClient-1-2] DEBUG org.asynchttpclient.netty.handler.HttpHandler - 

Request DefaultFullHttpRequest(decodeResult: success, version: HTTP/1.1, content: EmptyByteBufBE)
GET /session/9a78a15e3d79b87b6dc59f4ace078dde/screenshot HTTP/1.1
User-Agent: selenium/4.1.2 (java windows)
Cache-Control: no-cache
Content-Type: application/json; charset=utf-8
host: localhost:51505
accept: */*

Response DefaultHttpResponse(decodeResult: success, version: HTTP/1.1)
HTTP/1.1 200 OK
Content-Type: application/json; charset=utf-8
cache-control: no-cache
content-length: 25652

21:54:13.575 [AsyncHttpClient-1-2] DEBUG org.asynchttpclient.netty.channel.ChannelManager - Adding key: http://localhost:51505 for channel [id: 0xe59f34a8, L:/127.0.0.1:52122 - R:localhost/127.0.0.1:51505]
21:54:13.594 [AsyncHttpClient-1-1] DEBUG org.asynchttpclient.netty.channel.DefaultChannelPool - Entry count for : http://localhost:51505 : 1
21:54:13.594 [AsyncHttpClient-1-1] DEBUG org.asynchttpclient.netty.channel.DefaultChannelPool - Entry count for : http://localhost:52123 : 1
21:54:14.552 [main] DEBUG net.serenitybdd.core.photography.Darkroom - Send negative for processing for target\site\serenity\e7916674c4136e3386ab775f68d5bd5fec9fe75905d48075dedc1cb6169773b6.png
21:54:14.556 [Darkroom Processing Line] DEBUG net.serenitybdd.core.photography.DarkroomProcessingLine - Processing screenshot image in /var/screenshots/screenshot-1554282148769901832
21:54:14.556 [Darkroom Processing Line] DEBUG net.serenitybdd.core.photography.DarkroomProcessingLine - Saving screenshot to target\site\serenity\e7916674c4136e3386ab775f68d5bd5fec9fe75905d48075dedc1cb6169773b6.png
21:54:14.673 [AsyncHttpClient-1-1] DEBUG org.asynchttpclient.netty.channel.DefaultChannelPool - Entry count for : http://localhost:51505 : 1
21:54:14.673 [AsyncHttpClient-1-1] DEBUG org.asynchttpclient.netty.channel.DefaultChannelPool - Entry count for : http://localhost:52123 : 1
21:54:14.745 [Forwarding screenshot on session 9a78a15e3d79b87b6dc59f4ace078dde to remote] DEBUG org.asynchttpclient.netty.request.NettyRequestSender - Using pooled Channel '[id: 0xe59f34a8, L:/127.0.0.1:52122 - R:localhost/127.0.0.1:51505]' for 'GET' to 'http://localhost:51505/session/9a78a15e3d79b87b6dc59f4ace078dde/screenshot'
21:54:14.745 [Forwarding screenshot on session 9a78a15e3d79b87b6dc59f4ace078dde to remote] DEBUG org.asynchttpclient.netty.request.NettyRequestSender - Using open Channel [id: 0xe59f34a8, L:/127.0.0.1:52122 - R:localhost/127.0.0.1:51505] for GET '/session/9a78a15e3d79b87b6dc59f4ace078dde/screenshot'
21:54:15.774 [AsyncHttpClient-1-1] DEBUG org.asynchttpclient.netty.channel.DefaultChannelPool - Entry count for : http://localhost:52123 : 1
21:54:16.877 [AsyncHttpClient-1-1] DEBUG org.asynchttpclient.netty.channel.DefaultChannelPool - Entry count for : http://localhost:52123 : 1
21:54:17.174 [AsyncHttpClient-1-2] DEBUG org.asynchttpclient.netty.handler.HttpHandler - 

Request DefaultFullHttpRequest(decodeResult: success, version: HTTP/1.1, content: EmptyByteBufBE)
GET /session/9a78a15e3d79b87b6dc59f4ace078dde/screenshot HTTP/1.1
User-Agent: selenium/4.1.2 (java windows)
Cache-Control: no-cache
Content-Type: application/json; charset=utf-8
host: localhost:51505
accept: */*

Response DefaultHttpResponse(decodeResult: success, version: HTTP/1.1)
HTTP/1.1 200 OK
Content-Type: application/json; charset=utf-8
cache-control: no-cache
content-length: 51312

21:54:17.176 [AsyncHttpClient-1-2] DEBUG org.asynchttpclient.netty.channel.ChannelManager - Adding key: http://localhost:51505 for channel [id: 0xe59f34a8, L:/127.0.0.1:52122 - R:localhost/127.0.0.1:51505]
21:54:17.189 [main] DEBUG net.serenitybdd.core.photography.Darkroom - Send negative for processing for target\site\serenity\e7d922cd90db36ad721f4640cf68c8edce5fd3f3a94427a3812b280abe13fc13.png
21:54:17.189 [Darkroom Processing Line] DEBUG net.serenitybdd.core.photography.DarkroomProcessingLine - Processing screenshot image in /var/screenshots/screenshot-4064389750048536789
21:54:17.189 [Darkroom Processing Line] DEBUG net.serenitybdd.core.photography.DarkroomProcessingLine - Saving screenshot to target\site\serenity\e7d922cd90db36ad721f4640cf68c8edce5fd3f3a94427a3812b280abe13fc13.png
21:54:17.425 [Forwarding findElement on session 9a78a15e3d79b87b6dc59f4ace078dde to remote] DEBUG org.asynchttpclient.netty.request.NettyRequestSender - Using pooled Channel '[id: 0xe59f34a8, L:/127.0.0.1:52122 - R:localhost/127.0.0.1:51505]' for 'POST' to 'http://localhost:51505/session/9a78a15e3d79b87b6dc59f4ace078dde/element'
21:54:17.425 [Forwarding findElement on session 9a78a15e3d79b87b6dc59f4ace078dde to remote] DEBUG org.asynchttpclient.netty.request.NettyRequestSender - Using open Channel [id: 0xe59f34a8, L:/127.0.0.1:52122 - R:localhost/127.0.0.1:51505] for POST '/session/9a78a15e3d79b87b6dc59f4ace078dde/element'
21:54:17.456 [AsyncHttpClient-1-2] DEBUG org.asynchttpclient.netty.handler.HttpHandler - 

Request DefaultHttpRequest(decodeResult: success, version: HTTP/1.1)
POST /session/9a78a15e3d79b87b6dc59f4ace078dde/element HTTP/1.1
User-Agent: selenium/4.1.2 (java windows)
Content-Length: 87
Content-Type: application/json; charset=utf-8
host: localhost:51505
accept: */*

Response DefaultHttpResponse(decodeResult: success, version: HTTP/1.1)
HTTP/1.1 200 OK
Content-Type: application/json; charset=utf-8
cache-control: no-cache
content-length: 88

21:54:17.456 [AsyncHttpClient-1-2] DEBUG org.asynchttpclient.netty.channel.ChannelManager - Adding key: http://localhost:51505 for channel [id: 0xe59f34a8, L:/127.0.0.1:52122 - R:localhost/127.0.0.1:51505]
21:54:17.459 [Forwarding getElementTagName on session 9a78a15e3d79b87b6dc59f4ace078dde to remote] DEBUG org.asynchttpclient.netty.request.NettyRequestSender - Using pooled Channel '[id: 0xe59f34a8, L:/127.0.0.1:52122 - R:localhost/127.0.0.1:51505]' for 'GET' to 'http://localhost:51505/session/9a78a15e3d79b87b6dc59f4ace078dde/element/ab410c2b-93b8-44d2-bfeb-e70087923689/name'
21:54:17.459 [Forwarding getElementTagName on session 9a78a15e3d79b87b6dc59f4ace078dde to remote] DEBUG org.asynchttpclient.netty.request.NettyRequestSender - Using open Channel [id: 0xe59f34a8, L:/127.0.0.1:52122 - R:localhost/127.0.0.1:51505] for GET '/session/9a78a15e3d79b87b6dc59f4ace078dde/element/ab410c2b-93b8-44d2-bfeb-e70087923689/name'
21:54:17.465 [AsyncHttpClient-1-2] DEBUG org.asynchttpclient.netty.handler.HttpHandler - 

Request DefaultFullHttpRequest(decodeResult: success, version: HTTP/1.1, content: EmptyByteBufBE)
GET /session/9a78a15e3d79b87b6dc59f4ace078dde/element/ab410c2b-93b8-44d2-bfeb-e70087923689/name HTTP/1.1
User-Agent: selenium/4.1.2 (java windows)
Cache-Control: no-cache
Content-Type: application/json; charset=utf-8
host: localhost:51505
accept: */*

Response DefaultHttpResponse(decodeResult: success, version: HTTP/1.1)
HTTP/1.1 200 OK
Content-Type: application/json; charset=utf-8
cache-control: no-cache
content-length: 16

21:54:17.466 [AsyncHttpClient-1-2] DEBUG org.asynchttpclient.netty.channel.ChannelManager - Adding key: http://localhost:51505 for channel [id: 0xe59f34a8, L:/127.0.0.1:52122 - R:localhost/127.0.0.1:51505]
21:54:17.468 [Forwarding getElementTagName on session 9a78a15e3d79b87b6dc59f4ace078dde to remote] DEBUG org.asynchttpclient.netty.request.NettyRequestSender - Using pooled Channel '[id: 0xe59f34a8, L:/127.0.0.1:52122 - R:localhost/127.0.0.1:51505]' for 'GET' to 'http://localhost:51505/session/9a78a15e3d79b87b6dc59f4ace078dde/element/ab410c2b-93b8-44d2-bfeb-e70087923689/name'
21:54:17.468 [Forwarding getElementTagName on session 9a78a15e3d79b87b6dc59f4ace078dde to remote] DEBUG org.asynchttpclient.netty.request.NettyRequestSender - Using open Channel [id: 0xe59f34a8, L:/127.0.0.1:52122 - R:localhost/127.0.0.1:51505] for GET '/session/9a78a15e3d79b87b6dc59f4ace078dde/element/ab410c2b-93b8-44d2-bfeb-e70087923689/name'
21:54:17.474 [AsyncHttpClient-1-2] DEBUG org.asynchttpclient.netty.handler.HttpHandler - 

Request DefaultFullHttpRequest(decodeResult: success, version: HTTP/1.1, content: EmptyByteBufBE)
GET /session/9a78a15e3d79b87b6dc59f4ace078dde/element/ab410c2b-93b8-44d2-bfeb-e70087923689/name HTTP/1.1
User-Agent: selenium/4.1.2 (java windows)
Cache-Control: no-cache
Content-Type: application/json; charset=utf-8
host: localhost:51505
accept: */*

Response DefaultHttpResponse(decodeResult: success, version: HTTP/1.1)
HTTP/1.1 200 OK
Content-Type: application/json; charset=utf-8
cache-control: no-cache
content-length: 16

21:54:17.474 [AsyncHttpClient-1-2] DEBUG org.asynchttpclient.netty.channel.ChannelManager - Adding key: http://localhost:51505 for channel [id: 0xe59f34a8, L:/127.0.0.1:52122 - R:localhost/127.0.0.1:51505]
21:54:17.478 [Forwarding findElement on session 9a78a15e3d79b87b6dc59f4ace078dde to remote] DEBUG org.asynchttpclient.netty.request.NettyRequestSender - Using pooled Channel '[id: 0xe59f34a8, L:/127.0.0.1:52122 - R:localhost/127.0.0.1:51505]' for 'POST' to 'http://localhost:51505/session/9a78a15e3d79b87b6dc59f4ace078dde/element'
21:54:17.478 [Forwarding findElement on session 9a78a15e3d79b87b6dc59f4ace078dde to remote] DEBUG org.asynchttpclient.netty.request.NettyRequestSender - Using open Channel [id: 0xe59f34a8, L:/127.0.0.1:52122 - R:localhost/127.0.0.1:51505] for POST '/session/9a78a15e3d79b87b6dc59f4ace078dde/element'
21:54:17.497 [AsyncHttpClient-1-2] DEBUG org.asynchttpclient.netty.handler.HttpHandler - 

Request DefaultHttpRequest(decodeResult: success, version: HTTP/1.1)
POST /session/9a78a15e3d79b87b6dc59f4ace078dde/element HTTP/1.1
User-Agent: selenium/4.1.2 (java windows)
Content-Length: 87
Content-Type: application/json; charset=utf-8
host: localhost:51505
accept: */*

Response DefaultHttpResponse(decodeResult: success, version: HTTP/1.1)
HTTP/1.1 200 OK
Content-Type: application/json; charset=utf-8
cache-control: no-cache
content-length: 88

21:54:17.498 [AsyncHttpClient-1-2] DEBUG org.asynchttpclient.netty.channel.ChannelManager - Adding key: http://localhost:51505 for channel [id: 0xe59f34a8, L:/127.0.0.1:52122 - R:localhost/127.0.0.1:51505]
21:54:17.500 [Forwarding clickElement on session 9a78a15e3d79b87b6dc59f4ace078dde to remote] DEBUG org.asynchttpclient.netty.request.NettyRequestSender - Using pooled Channel '[id: 0xe59f34a8, L:/127.0.0.1:52122 - R:localhost/127.0.0.1:51505]' for 'POST' to 'http://localhost:51505/session/9a78a15e3d79b87b6dc59f4ace078dde/element/ab410c2b-93b8-44d2-bfeb-e70087923689/click'
21:54:17.500 [Forwarding clickElement on session 9a78a15e3d79b87b6dc59f4ace078dde to remote] DEBUG org.asynchttpclient.netty.request.NettyRequestSender - Using open Channel [id: 0xe59f34a8, L:/127.0.0.1:52122 - R:localhost/127.0.0.1:51505] for POST '/session/9a78a15e3d79b87b6dc59f4ace078dde/element/ab410c2b-93b8-44d2-bfeb-e70087923689/click'
21:54:17.613 [AsyncHttpClient-1-2] DEBUG org.asynchttpclient.netty.handler.HttpHandler - 

Request DefaultHttpRequest(decodeResult: success, version: HTTP/1.1)
POST /session/9a78a15e3d79b87b6dc59f4ace078dde/element/ab410c2b-93b8-44d2-bfeb-e70087923689/click HTTP/1.1
User-Agent: selenium/4.1.2 (java windows)
Content-Length: 50
Content-Type: application/json; charset=utf-8
host: localhost:51505
accept: */*

Response DefaultHttpResponse(decodeResult: success, version: HTTP/1.1)
HTTP/1.1 200 OK
Content-Type: application/json; charset=utf-8
cache-control: no-cache
content-length: 14

21:54:17.614 [AsyncHttpClient-1-2] DEBUG org.asynchttpclient.netty.channel.ChannelManager - Adding key: http://localhost:51505 for channel [id: 0xe59f34a8, L:/127.0.0.1:52122 - R:localhost/127.0.0.1:51505]
  &amp#27;[32mWhen &amp#27;[0m&amp#27;[32mI click add button&amp#27;[0m            &amp#27;[90m# starter.stepdefinitions.OrderSteps.iClickAddButton()&amp#27;[0m
21:54:17.629 [Forwarding screenshot on session 9a78a15e3d79b87b6dc59f4ace078dde to remote] DEBUG org.asynchttpclient.netty.request.NettyRequestSender - Using pooled Channel '[id: 0xe59f34a8, L:/127.0.0.1:52122 - R:localhost/127.0.0.1:51505]' for 'GET' to 'http://localhost:51505/session/9a78a15e3d79b87b6dc59f4ace078dde/screenshot'
21:54:17.629 [Forwarding screenshot on session 9a78a15e3d79b87b6dc59f4ace078dde to remote] DEBUG org.asynchttpclient.netty.request.NettyRequestSender - Using open Channel [id: 0xe59f34a8, L:/127.0.0.1:52122 - R:localhost/127.0.0.1:51505] for GET '/session/9a78a15e3d79b87b6dc59f4ace078dde/screenshot'
21:54:17.793 [AsyncHttpClient-1-2] DEBUG org.asynchttpclient.netty.handler.HttpHandler - 

Request DefaultFullHttpRequest(decodeResult: success, version: HTTP/1.1, content: EmptyByteBufBE)
GET /session/9a78a15e3d79b87b6dc59f4ace078dde/screenshot HTTP/1.1
User-Agent: selenium/4.1.2 (java windows)
Cache-Control: no-cache
Content-Type: application/json; charset=utf-8
host: localhost:51505
accept: */*

Response DefaultHttpResponse(decodeResult: success, version: HTTP/1.1)
HTTP/1.1 200 OK
Content-Type: application/json; charset=utf-8
cache-control: no-cache
content-length: 52860

21:54:17.794 [AsyncHttpClient-1-2] DEBUG org.asynchttpclient.netty.channel.ChannelManager - Adding key: http://localhost:51505 for channel [id: 0xe59f34a8, L:/127.0.0.1:52122 - R:localhost/127.0.0.1:51505]
21:54:17.798 [main] DEBUG net.serenitybdd.core.photography.Darkroom - Send negative for processing for target\site\serenity\6ebca9af45072e5f79976fdfe2d8cd4ed611c5cfc107ec287a7825bce2ff1835.png
21:54:17.798 [Darkroom Processing Line] DEBUG net.serenitybdd.core.photography.DarkroomProcessingLine - Processing screenshot image in /var/screenshots/screenshot-4701232371745881885
21:54:17.798 [Darkroom Processing Line] DEBUG net.serenitybdd.core.photography.DarkroomProcessingLine - Saving screenshot to target\site\serenity\6ebca9af45072e5f79976fdfe2d8cd4ed611c5cfc107ec287a7825bce2ff1835.png
21:54:17.822 [Forwarding findElement on session 9a78a15e3d79b87b6dc59f4ace078dde to remote] DEBUG org.asynchttpclient.netty.request.NettyRequestSender - Using pooled Channel '[id: 0xe59f34a8, L:/127.0.0.1:52122 - R:localhost/127.0.0.1:51505]' for 'POST' to 'http://localhost:51505/session/9a78a15e3d79b87b6dc59f4ace078dde/element'
21:54:17.822 [Forwarding findElement on session 9a78a15e3d79b87b6dc59f4ace078dde to remote] DEBUG org.asynchttpclient.netty.request.NettyRequestSender - Using open Channel [id: 0xe59f34a8, L:/127.0.0.1:52122 - R:localhost/127.0.0.1:51505] for POST '/session/9a78a15e3d79b87b6dc59f4ace078dde/element'
21:54:17.864 [AsyncHttpClient-1-2] DEBUG org.asynchttpclient.netty.handler.HttpHandler - 

Request DefaultHttpRequest(decodeResult: success, version: HTTP/1.1)
POST /session/9a78a15e3d79b87b6dc59f4ace078dde/element HTTP/1.1
User-Agent: selenium/4.1.2 (java windows)
Content-Length: 93
Content-Type: application/json; charset=utf-8
host: localhost:51505
accept: */*

Response DefaultHttpResponse(decodeResult: success, version: HTTP/1.1)
HTTP/1.1 200 OK
Content-Type: application/json; charset=utf-8
cache-control: no-cache
content-length: 88

21:54:17.865 [AsyncHttpClient-1-2] DEBUG org.asynchttpclient.netty.channel.ChannelManager - Adding key: http://localhost:51505 for channel [id: 0xe59f34a8, L:/127.0.0.1:52122 - R:localhost/127.0.0.1:51505]
21:54:17.870 [Forwarding getElementTagName on session 9a78a15e3d79b87b6dc59f4ace078dde to remote] DEBUG org.asynchttpclient.netty.request.NettyRequestSender - Using pooled Channel '[id: 0xe59f34a8, L:/127.0.0.1:52122 - R:localhost/127.0.0.1:51505]' for 'GET' to 'http://localhost:51505/session/9a78a15e3d79b87b6dc59f4ace078dde/element/cfcdaaa7-6508-4cc1-ad59-299e6119cbc9/name'
21:54:17.870 [Forwarding getElementTagName on session 9a78a15e3d79b87b6dc59f4ace078dde to remote] DEBUG org.asynchttpclient.netty.request.NettyRequestSender - Using open Channel [id: 0xe59f34a8, L:/127.0.0.1:52122 - R:localhost/127.0.0.1:51505] for GET '/session/9a78a15e3d79b87b6dc59f4ace078dde/element/cfcdaaa7-6508-4cc1-ad59-299e6119cbc9/name'
21:54:17.877 [AsyncHttpClient-1-2] DEBUG org.asynchttpclient.netty.handler.HttpHandler - 

Request DefaultFullHttpRequest(decodeResult: success, version: HTTP/1.1, content: EmptyByteBufBE)
GET /session/9a78a15e3d79b87b6dc59f4ace078dde/element/cfcdaaa7-6508-4cc1-ad59-299e6119cbc9/name HTTP/1.1
User-Agent: selenium/4.1.2 (java windows)
Cache-Control: no-cache
Content-Type: application/json; charset=utf-8
host: localhost:51505
accept: */*

Response DefaultHttpResponse(decodeResult: success, version: HTTP/1.1)
HTTP/1.1 200 OK
Content-Type: application/json; charset=utf-8
cache-control: no-cache
content-length: 13

21:54:17.877 [AsyncHttpClient-1-2] DEBUG org.asynchttpclient.netty.channel.ChannelManager - Adding key: http://localhost:51505 for channel [id: 0xe59f34a8, L:/127.0.0.1:52122 - R:localhost/127.0.0.1:51505]
21:54:17.885 [Forwarding getElementTagName on session 9a78a15e3d79b87b6dc59f4ace078dde to remote] DEBUG org.asynchttpclient.netty.request.NettyRequestSender - Using pooled Channel '[id: 0xe59f34a8, L:/127.0.0.1:52122 - R:localhost/127.0.0.1:51505]' for 'GET' to 'http://localhost:51505/session/9a78a15e3d79b87b6dc59f4ace078dde/element/cfcdaaa7-6508-4cc1-ad59-299e6119cbc9/name'
21:54:17.885 [Forwarding getElementTagName on session 9a78a15e3d79b87b6dc59f4ace078dde to remote] DEBUG org.asynchttpclient.netty.request.NettyRequestSender - Using open Channel [id: 0xe59f34a8, L:/127.0.0.1:52122 - R:localhost/127.0.0.1:51505] for GET '/session/9a78a15e3d79b87b6dc59f4ace078dde/element/cfcdaaa7-6508-4cc1-ad59-299e6119cbc9/name'
21:54:17.990 [AsyncHttpClient-1-1] DEBUG org.asynchttpclient.netty.channel.DefaultChannelPool - Entry count for : http://localhost:52123 : 1
21:54:17.998 [AsyncHttpClient-1-2] DEBUG org.asynchttpclient.netty.handler.HttpHandler - 

Request DefaultFullHttpRequest(decodeResult: success, version: HTTP/1.1, content: EmptyByteBufBE)
GET /session/9a78a15e3d79b87b6dc59f4ace078dde/element/cfcdaaa7-6508-4cc1-ad59-299e6119cbc9/name HTTP/1.1
User-Agent: selenium/4.1.2 (java windows)
Cache-Control: no-cache
Content-Type: application/json; charset=utf-8
host: localhost:51505
accept: */*

Response DefaultHttpResponse(decodeResult: success, version: HTTP/1.1)
HTTP/1.1 200 OK
Content-Type: application/json; charset=utf-8
cache-control: no-cache
content-length: 13

21:54:17.998 [AsyncHttpClient-1-2] DEBUG org.asynchttpclient.netty.channel.ChannelManager - Adding key: http://localhost:51505 for channel [id: 0xe59f34a8, L:/127.0.0.1:52122 - R:localhost/127.0.0.1:51505]
21:54:18.026 [Forwarding findElement on session 9a78a15e3d79b87b6dc59f4ace078dde to remote] DEBUG org.asynchttpclient.netty.request.NettyRequestSender - Using pooled Channel '[id: 0xe59f34a8, L:/127.0.0.1:52122 - R:localhost/127.0.0.1:51505]' for 'POST' to 'http://localhost:51505/session/9a78a15e3d79b87b6dc59f4ace078dde/element'
21:54:18.027 [Forwarding findElement on session 9a78a15e3d79b87b6dc59f4ace078dde to remote] DEBUG org.asynchttpclient.netty.request.NettyRequestSender - Using open Channel [id: 0xe59f34a8, L:/127.0.0.1:52122 - R:localhost/127.0.0.1:51505] for POST '/session/9a78a15e3d79b87b6dc59f4ace078dde/element'
21:54:18.063 [AsyncHttpClient-1-2] DEBUG org.asynchttpclient.netty.handler.HttpHandler - 

Request DefaultHttpRequest(decodeResult: success, version: HTTP/1.1)
POST /session/9a78a15e3d79b87b6dc59f4ace078dde/element HTTP/1.1
User-Agent: selenium/4.1.2 (java windows)
Content-Length: 93
Content-Type: application/json; charset=utf-8
host: localhost:51505
accept: */*

Response DefaultHttpResponse(decodeResult: success, version: HTTP/1.1)
HTTP/1.1 200 OK
Content-Type: application/json; charset=utf-8
cache-control: no-cache
content-length: 88

21:54:18.063 [AsyncHttpClient-1-2] DEBUG org.asynchttpclient.netty.channel.ChannelManager - Adding key: http://localhost:51505 for channel [id: 0xe59f34a8, L:/127.0.0.1:52122 - R:localhost/127.0.0.1:51505]
21:54:18.071 [Forwarding clickElement on session 9a78a15e3d79b87b6dc59f4ace078dde to remote] DEBUG org.asynchttpclient.netty.request.NettyRequestSender - Using pooled Channel '[id: 0xe59f34a8, L:/127.0.0.1:52122 - R:localhost/127.0.0.1:51505]' for 'POST' to 'http://localhost:51505/session/9a78a15e3d79b87b6dc59f4ace078dde/element/cfcdaaa7-6508-4cc1-ad59-299e6119cbc9/click'
21:54:18.071 [Forwarding clickElement on session 9a78a15e3d79b87b6dc59f4ace078dde to remote] DEBUG org.asynchttpclient.netty.request.NettyRequestSender - Using open Channel [id: 0xe59f34a8, L:/127.0.0.1:52122 - R:localhost/127.0.0.1:51505] for POST '/session/9a78a15e3d79b87b6dc59f4ace078dde/element/cfcdaaa7-6508-4cc1-ad59-299e6119cbc9/click'
21:54:18.321 [AsyncHttpClient-1-2] DEBUG org.asynchttpclient.netty.handler.HttpHandler - 

Request DefaultHttpRequest(decodeResult: success, version: HTTP/1.1)
POST /session/9a78a15e3d79b87b6dc59f4ace078dde/element/cfcdaaa7-6508-4cc1-ad59-299e6119cbc9/click HTTP/1.1
User-Agent: selenium/4.1.2 (java windows)
Content-Length: 50
Content-Type: application/json; charset=utf-8
host: localhost:51505
accept: */*

Response DefaultHttpResponse(decodeResult: success, version: HTTP/1.1)
HTTP/1.1 200 OK
Content-Type: application/json; charset=utf-8
cache-control: no-cache
content-length: 14

21:54:18.322 [AsyncHttpClient-1-2] DEBUG org.asynchttpclient.netty.channel.ChannelManager - Adding key: http://localhost:51505 for channel [id: 0xe59f34a8, L:/127.0.0.1:52122 - R:localhost/127.0.0.1:51505]
  &amp#27;[32mAnd &amp#27;[0m&amp#27;[32mI click order button&amp#27;[0m           &amp#27;[90m# starter.stepdefinitions.OrderSteps.iClickOrderButton()&amp#27;[0m
21:54:18.343 [Forwarding screenshot on session 9a78a15e3d79b87b6dc59f4ace078dde to remote] DEBUG org.asynchttpclient.netty.request.NettyRequestSender - Using pooled Channel '[id: 0xe59f34a8, L:/127.0.0.1:52122 - R:localhost/127.0.0.1:51505]' for 'GET' to 'http://localhost:51505/session/9a78a15e3d79b87b6dc59f4ace078dde/screenshot'
21:54:18.343 [Forwarding screenshot on session 9a78a15e3d79b87b6dc59f4ace078dde to remote] DEBUG org.asynchttpclient.netty.request.NettyRequestSender - Using open Channel [id: 0xe59f34a8, L:/127.0.0.1:52122 - R:localhost/127.0.0.1:51505] for GET '/session/9a78a15e3d79b87b6dc59f4ace078dde/screenshot'
21:54:18.825 [AsyncHttpClient-1-2] DEBUG org.asynchttpclient.netty.handler.HttpHandler - 

Request DefaultFullHttpRequest(decodeResult: success, version: HTTP/1.1, content: EmptyByteBufBE)
GET /session/9a78a15e3d79b87b6dc59f4ace078dde/screenshot HTTP/1.1
User-Agent: selenium/4.1.2 (java windows)
Cache-Control: no-cache
Content-Type: application/json; charset=utf-8
host: localhost:51505
accept: */*

Response DefaultHttpResponse(decodeResult: success, version: HTTP/1.1)
HTTP/1.1 200 OK
Content-Type: application/json; charset=utf-8
cache-control: no-cache
content-length: 27752

21:54:18.826 [AsyncHttpClient-1-2] DEBUG org.asynchttpclient.netty.channel.ChannelManager - Adding key: http://localhost:51505 for channel [id: 0xe59f34a8, L:/127.0.0.1:52122 - R:localhost/127.0.0.1:51505]
21:54:18.829 [main] DEBUG net.serenitybdd.core.photography.Darkroom - Send negative for processing for target\site\serenity\b9259c05ba35c6373c40ca0484e1cbed43e9157cd3d96677d8c2bbb3c9de04c6.png
21:54:18.833 [Darkroom Processing Line] DEBUG net.serenitybdd.core.photography.DarkroomProcessingLine - Processing screenshot image in /var/screenshots/screenshot-7161192400410955790
21:54:18.833 [Darkroom Processing Line] DEBUG net.serenitybdd.core.photography.DarkroomProcessingLine - Saving screenshot to target\site\serenity\b9259c05ba35c6373c40ca0484e1cbed43e9157cd3d96677d8c2bbb3c9de04c6.png
21:54:18.867 [Forwarding findElement on session 9a78a15e3d79b87b6dc59f4ace078dde to remote] DEBUG org.asynchttpclient.netty.request.NettyRequestSender - Using pooled Channel '[id: 0xe59f34a8, L:/127.0.0.1:52122 - R:localhost/127.0.0.1:51505]' for 'POST' to 'http://localhost:51505/session/9a78a15e3d79b87b6dc59f4ace078dde/element'
21:54:18.867 [Forwarding findElement on session 9a78a15e3d79b87b6dc59f4ace078dde to remote] DEBUG org.asynchttpclient.netty.request.NettyRequestSender - Using open Channel [id: 0xe59f34a8, L:/127.0.0.1:52122 - R:localhost/127.0.0.1:51505] for POST '/session/9a78a15e3d79b87b6dc59f4ace078dde/element'
21:54:18.892 [AsyncHttpClient-1-2] DEBUG org.asynchttpclient.netty.handler.HttpHandler - 

Request DefaultHttpRequest(decodeResult: success, version: HTTP/1.1)
POST /session/9a78a15e3d79b87b6dc59f4ace078dde/element HTTP/1.1
User-Agent: selenium/4.1.2 (java windows)
Content-Length: 59
Content-Type: application/json; charset=utf-8
host: localhost:51505
accept: */*

Response DefaultHttpResponse(decodeResult: success, version: HTTP/1.1)
HTTP/1.1 200 OK
Content-Type: application/json; charset=utf-8
cache-control: no-cache
content-length: 88

21:54:18.892 [AsyncHttpClient-1-2] DEBUG org.asynchttpclient.netty.channel.ChannelManager - Adding key: http://localhost:51505 for channel [id: 0xe59f34a8, L:/127.0.0.1:52122 - R:localhost/127.0.0.1:51505]
21:54:18.899 [Forwarding isElementDisplayed on session 9a78a15e3d79b87b6dc59f4ace078dde to remote] DEBUG org.asynchttpclient.netty.request.NettyRequestSender - Using pooled Channel '[id: 0xe59f34a8, L:/127.0.0.1:52122 - R:localhost/127.0.0.1:51505]' for 'POST' to 'http://localhost:51505/session/9a78a15e3d79b87b6dc59f4ace078dde/execute/sync'
21:54:18.899 [Forwarding isElementDisplayed on session 9a78a15e3d79b87b6dc59f4ace078dde to remote] DEBUG org.asynchttpclient.netty.request.NettyRequestSender - Using open Channel [id: 0xe59f34a8, L:/127.0.0.1:52122 - R:localhost/127.0.0.1:51505] for POST '/session/9a78a15e3d79b87b6dc59f4ace078dde/execute/sync'
21:54:18.922 [AsyncHttpClient-1-2] DEBUG org.asynchttpclient.netty.handler.HttpHandler - 

Request DefaultHttpRequest(decodeResult: success, version: HTTP/1.1)
POST /session/9a78a15e3d79b87b6dc59f4ace078dde/execute/sync HTTP/1.1
User-Agent: selenium/4.1.2 (java windows)
Content-Length: 48780
Content-Type: application/json; charset=utf-8
host: localhost:51505
accept: */*

Response DefaultHttpResponse(decodeResult: success, version: HTTP/1.1)
HTTP/1.1 200 OK
Content-Type: application/json; charset=utf-8
cache-control: no-cache
content-length: 14

21:54:18.923 [AsyncHttpClient-1-2] DEBUG org.asynchttpclient.netty.channel.ChannelManager - Adding key: http://localhost:51505 for channel [id: 0xe59f34a8, L:/127.0.0.1:52122 - R:localhost/127.0.0.1:51505]
  &amp#27;[32mThen &amp#27;[0m&amp#27;[32mi on the order page&amp#27;[0m           &amp#27;[90m# starter.stepdefinitions.AddProductSteps.iOnTheOrderPage()&amp#27;[0m
21:54:18.936 [Forwarding screenshot on session 9a78a15e3d79b87b6dc59f4ace078dde to remote] DEBUG org.asynchttpclient.netty.request.NettyRequestSender - Using pooled Channel '[id: 0xe59f34a8, L:/127.0.0.1:52122 - R:localhost/127.0.0.1:51505]' for 'GET' to 'http://localhost:51505/session/9a78a15e3d79b87b6dc59f4ace078dde/screenshot'
21:54:18.937 [Forwarding screenshot on session 9a78a15e3d79b87b6dc59f4ace078dde to remote] DEBUG org.asynchttpclient.netty.request.NettyRequestSender - Using open Channel [id: 0xe59f34a8, L:/127.0.0.1:52122 - R:localhost/127.0.0.1:51505] for GET '/session/9a78a15e3d79b87b6dc59f4ace078dde/screenshot'
21:54:19.074 [AsyncHttpClient-1-1] DEBUG org.asynchttpclient.netty.channel.DefaultChannelPool - Entry count for : http://localhost:52123 : 1
21:54:19.087 [AsyncHttpClient-1-2] DEBUG org.asynchttpclient.netty.handler.HttpHandler - 

Request DefaultFullHttpRequest(decodeResult: success, version: HTTP/1.1, content: EmptyByteBufBE)
GET /session/9a78a15e3d79b87b6dc59f4ace078dde/screenshot HTTP/1.1
User-Agent: selenium/4.1.2 (java windows)
Cache-Control: no-cache
Content-Type: application/json; charset=utf-8
host: localhost:51505
accept: */*

Response DefaultHttpResponse(decodeResult: success, version: HTTP/1.1)
HTTP/1.1 200 OK
Content-Type: application/json; charset=utf-8
cache-control: no-cache
content-length: 27752

21:54:19.088 [AsyncHttpClient-1-2] DEBUG org.asynchttpclient.netty.channel.ChannelManager - Adding key: http://localhost:51505 for channel [id: 0xe59f34a8, L:/127.0.0.1:52122 - R:localhost/127.0.0.1:51505]
21:54:19.091 [main] DEBUG net.serenitybdd.core.photography.Darkroom - Send negative for processing for target\site\serenity\b9259c05ba35c6373c40ca0484e1cbed43e9157cd3d96677d8c2bbb3c9de04c6.png
21:54:19.098 [main] INFO  - 
  _____   ___   ___   _____     ___     _     ___   ___   ___   ___  
 |_   _| | __| / __| |_   _|   | _ \   /_\   / __| / __| | __| |   \ 
   | |   | _|  \__ \   | |     |  _/  / _ \  \__ \ \__ \ | _|  | |) |
   |_|   |___| |___/   |_|     |_|   /_/ \_\ |___/ |___/ |___| |___/ 

Add Product with index one
----------------------------------------------------------------------
21:54:19.292 [Driver Command Executor] DEBUG org.asynchttpclient.netty.request.NettyRequestSender - Using pooled Channel '[id: 0xe59f34a8, L:/127.0.0.1:52122 - R:localhost/127.0.0.1:51505]' for 'DELETE' to 'http://localhost:51505/session/9a78a15e3d79b87b6dc59f4ace078dde'
21:54:19.292 [Driver Command Executor] DEBUG org.asynchttpclient.netty.request.NettyRequestSender - Using open Channel [id: 0xe59f34a8, L:/127.0.0.1:52122 - R:localhost/127.0.0.1:51505] for DELETE '/session/9a78a15e3d79b87b6dc59f4ace078dde'
21:54:19.294 [AsyncHttpClient-1-4] DEBUG org.asynchttpclient.netty.handler.WebSocketHandler - Channel Closed: [id: 0xf2ca6d55, L:/127.0.0.1:52130 ! R:localhost/127.0.0.1:52123] with attribute NettyResponseFuture{currentRetry=5,
	isDone=1,
	isCancelled=0,
	asyncHandler=org.asynchttpclient.ws.WebSocketUpgradeHandler@34be57ca,
	nettyRequest=org.asynchttpclient.netty.request.NettyRequest@55b8f20b,
	future=java.util.concurrent.CompletableFuture@43438039[Completed normally],
	uri=ws://localhost:52123/devtools/browser/b48a64ab-c0c8-451d-94ea-2954f4e4ac9a,
	keepAlive=true,
	redirectCount=0,
	timeoutsHolder=null,
	inAuth=0,
	touch=1667573643210}
21:54:19.296 [AsyncHttpClient-1-4] DEBUG org.asynchttpclient.netty.channel.ChannelManager - Closing Channel [id: 0xf2ca6d55, L:/127.0.0.1:52130 ! R:localhost/127.0.0.1:52123] 
21:54:19.384 [AsyncHttpClient-1-3] DEBUG org.asynchttpclient.netty.handler.HttpHandler - Unexpected I/O exception on channel [id: 0x57da530c, L:/127.0.0.1:52129 - R:localhost/127.0.0.1:52123]
java.io.IOException: An existing connection was forcibly closed by the remote host
	at java.base/sun.nio.ch.SocketDispatcher.read0(Native Method)
	at java.base/sun.nio.ch.SocketDispatcher.read(SocketDispatcher.java:43)
	at java.base/sun.nio.ch.IOUtil.readIntoNativeBuffer(IOUtil.java:276)
	at java.base/sun.nio.ch.IOUtil.read(IOUtil.java:233)
	at java.base/sun.nio.ch.IOUtil.read(IOUtil.java:223)
	at java.base/sun.nio.ch.SocketChannelImpl.read(SocketChannelImpl.java:358)
	at io.netty.buffer.PooledByteBuf.setBytes(PooledByteBuf.java:258)
	at io.netty.buffer.AbstractByteBuf.writeBytes(AbstractByteBuf.java:1132)
	at io.netty.channel.socket.nio.NioSocketChannel.doReadBytes(NioSocketChannel.java:350)
	at io.netty.channel.nio.AbstractNioByteChannel$NioByteUnsafe.read(AbstractNioByteChannel.java:151)
	at io.netty.channel.nio.NioEventLoop.processSelectedKey(NioEventLoop.java:722)
	at io.netty.channel.nio.NioEventLoop.processSelectedKeysOptimized(NioEventLoop.java:658)
	at io.netty.channel.nio.NioEventLoop.processSelectedKeys(NioEventLoop.java:584)
	at io.netty.channel.nio.NioEventLoop.run(NioEventLoop.java:496)
	at io.netty.util.concurrent.SingleThreadEventExecutor$4.run(SingleThreadEventExecutor.java:986)
	at io.netty.util.internal.ThreadExecutorMap$2.run(ThreadExecutorMap.java:74)
	at io.netty.util.concurrent.FastThreadLocalRunnable.run(FastThreadLocalRunnable.java:30)
	at java.base/java.lang.Thread.run(Thread.java:834)
21:54:19.385 [AsyncHttpClient-1-3] DEBUG org.asynchttpclient.netty.channel.ChannelManager - Closing Channel [id: 0x57da530c, L:/127.0.0.1:52129 - R:localhost/127.0.0.1:52123] 
21:54:19.461 [AsyncHttpClient-1-3] DEBUG org.asynchttpclient.netty.handler.HttpHandler - Channel Closed: [id: 0x57da530c, L:/127.0.0.1:52129 ! R:localhost/127.0.0.1:52123] with attribute DISCARD
21:54:19.466 [AsyncHttpClient-1-2] DEBUG org.asynchttpclient.netty.handler.HttpHandler - 

Request DefaultFullHttpRequest(decodeResult: success, version: HTTP/1.1, content: EmptyByteBufBE)
DELETE /session/9a78a15e3d79b87b6dc59f4ace078dde HTTP/1.1
User-Agent: selenium/4.1.2 (java windows)
Content-Type: application/json; charset=utf-8
host: localhost:51505
accept: */*

Response DefaultHttpResponse(decodeResult: success, version: HTTP/1.1)
HTTP/1.1 200 OK
Content-Type: application/json; charset=utf-8
cache-control: no-cache
content-length: 14

21:54:19.467 [AsyncHttpClient-1-2] DEBUG org.asynchttpclient.netty.channel.ChannelManager - Adding key: http://localhost:51505 for channel [id: 0xe59f34a8, L:/127.0.0.1:52122 - R:localhost/127.0.0.1:51505]
21:54:19.825 [AsyncHttpClient-1-2] DEBUG org.asynchttpclient.netty.handler.HttpHandler - Channel Closed: [id: 0xe59f34a8, L:/127.0.0.1:52122 ! R:localhost/127.0.0.1:51505] with attribute DISCARD
]]></system-out>
    <system-err><![CDATA[Starting ChromeDriver 106.0.5249.61 (511755355844955cd3e264779baf0dd38212a4d0-refs/branch-heads/5249@{#569}) on port 51505
Only local connections are allowed.
Please see https://chromedriver.chromium.org/security-considerations for suggestions on keeping ChromeDriver safe.
ChromeDriver was started successfully.
[1667573639.994][WARNING]: This version of ChromeDriver has not been tested with Chrome version 107.
Nov 04, 2022 9:54:01 PM org.openqa.selenium.remote.ProtocolHandshake createSession
INFO: Detected dialect: W3C
Nov 04, 2022 9:54:03 PM org.openqa.selenium.devtools.CdpVersionFinder findNearestMatch
WARNING: Unable to find an exact match for CDP version 107, so returning the closest version found: a no-op implementation
Nov 04, 2022 9:54:03 PM org.openqa.selenium.devtools.CdpVersionFinder findNearestMatch
INFO: Unable to find CDP implementation matching 107.
Nov 04, 2022 9:54:03 PM org.openqa.selenium.chromium.ChromiumDriver lambda$new$3
WARNING: Unable to find version of CDP to use for . You may need to include a dependency on a specific version of the CDP using something similar to `org.seleniumhq.selenium:selenium-devtools-v86:4.1.2` where the version ("v86") matches the version of the chromium-based browser you're using and the version number of the artifact is the same as Selenium's.
]]></system-err>
  </testcase>
  <testcase name="Login account #1" classname="Login" time="11.49">
    <system-out><![CDATA[21:54:19.984 [main] INFO io.cucumber.core.plugin.SerenityReporter - Running feature from file:///C:/Users/ACER/Documents/Mini_Proyek/test-web/src/test/resources/features/Login.feature
21:54:20.001 [main] DEBUG net.thucydides.core.steps.StepEventBus - Test suite started for story net.thucydides.core.model.Story@23282f08
21:54:20.002 [main] INFO  - Test Suite Started: Login

@Logins @Login
Scenario Outline: Login account                            &amp#27;[90m# src/test/resources/features/Login.feature:16&amp#27;[0m
21:54:20.098 [main] INFO io.cucumber.core.plugin.SerenityReporter - Running feature from file:///C:/Users/ACER/Documents/Mini_Proyek/test-web/src/test/resources/features/Login.feature
21:54:20.317 [AsyncHttpClient-1-1] DEBUG org.asynchttpclient.netty.channel.DefaultChannelPool - Entry count for : http://localhost:51505 : 1
21:54:20.317 [AsyncHttpClient-1-1] DEBUG org.asynchttpclient.netty.channel.DefaultChannelPool - Entry count for : http://localhost:52123 : 1
21:54:20.318 [AsyncHttpClient-1-1] DEBUG org.asynchttpclient.netty.channel.DefaultChannelPool - Adding Candidate expired Channel [id: 0xe59f34a8, L:/127.0.0.1:52122 ! R:localhost/127.0.0.1:51505] isIdleTimeoutExpired=false isRemotelyClosed=true isTtlExpired=false
21:54:20.318 [AsyncHttpClient-1-1] DEBUG org.asynchttpclient.netty.channel.DefaultChannelPool - Closing Idle Channel [id: 0xe59f34a8, L:/127.0.0.1:52122 ! R:localhost/127.0.0.1:51505]
21:54:20.326 [AsyncHttpClient-1-1] DEBUG org.asynchttpclient.netty.channel.DefaultChannelPool - Adding Candidate expired Channel [id: 0x57da530c, L:/127.0.0.1:52129 ! R:localhost/127.0.0.1:52123] isIdleTimeoutExpired=false isRemotelyClosed=true isTtlExpired=false
21:54:20.326 [AsyncHttpClient-1-1] DEBUG org.asynchttpclient.netty.channel.DefaultChannelPool - Closing Idle Channel [id: 0x57da530c, L:/127.0.0.1:52129 ! R:localhost/127.0.0.1:52123]
21:54:20.327 [AsyncHttpClient-1-1] DEBUG org.asynchttpclient.netty.channel.DefaultChannelPool - Closed 2 connections out of 2 in 8 ms
21:54:20.801 [main] INFO  - 
  _____   ___   ___   _____     ___   _____     _     ___   _____   ___   ___  
 |_   _| | __| / __| |_   _|   / __| |_   _|   /_\   | _ \ |_   _| | __| |   \ 
   | |   | _|  \__ \   | |     \__ \   | |    / _ \  |   /   | |   | _|  | |) |
   |_|   |___| |___/   |_|     |___/   |_|   /_/ \_\ |_|_\   |_|   |___| |___/ 

Login account(login;login-account)
--------------------------------------------------------------------------------
21:54:21.866 [main] INFO net.serenitybdd.core.webdriver.driverproviders.ChromeDriverProvider - Using automatically driver download
21:54:22.304 [main] DEBUG io.github.bonigarcia.wdm.cache.ResolutionCache - Resolution chrome=107 in cache (valid until 22:53:45 04/11/2022 ICT)
21:54:22.321 [main] DEBUG io.github.bonigarcia.wdm.cache.ResolutionCache - Resolution chrome107=107.0.5304.62 in cache (valid until 21:53:45 05/11/2022 ICT)
21:54:22.329 [main] INFO io.github.bonigarcia.wdm.WebDriverManager - Using chromedriver 107.0.5304.62 (resolved driver for Chrome 107)
21:54:22.362 [main] DEBUG io.github.bonigarcia.wdm.WebDriverManager - Driver chromedriver 107.0.5304.62 found in cache
21:54:22.364 [main] INFO io.github.bonigarcia.wdm.WebDriverManager - Exporting webdriver.chrome.driver as C:\Users\ACER\.cache\selenium\chromedriver\win32\107.0.5304.62\chromedriver.exe
21:54:22.695 [main] DEBUG net.serenitybdd.core.webdriver.driverproviders.ProvideNewDriver - Instantiating driver
21:54:22.695 [main] DEBUG net.serenitybdd.core.webdriver.driverproviders.ProvideNewDriver - Driver capabilities: Capabilities {acceptInsecureCerts: false, base.url: https://alta-shop.vercel.app, browserName: chrome, chrome.driver: src/test/resources/webdrive..., driver: chrome, goog:chromeOptions: {args: [], extensions: []}, wait.for.timeout: 15000}
21:54:22.847 [AsyncHttpClient-1-5] DEBUG org.asynchttpclient.netty.channel.NettyConnectListener - Using new Channel '[id: 0x3282bc7a, L:/127.0.0.1:52149 - R:localhost/127.0.0.1:51417]' for 'POST' to '/session'
21:54:24.090 [AsyncHttpClient-1-5] DEBUG org.asynchttpclient.netty.handler.HttpHandler - 

Request DefaultHttpRequest(decodeResult: success, version: HTTP/1.1)
POST /session HTTP/1.1
User-Agent: selenium/4.1.2 (java windows)
Content-Length: 640
Content-Type: application/json; charset=utf-8
host: localhost:51417
accept: */*

Response DefaultHttpResponse(decodeResult: success, version: HTTP/1.1)
HTTP/1.1 200 OK
Content-Type: application/json; charset=utf-8
cache-control: no-cache
content-length: 787

21:54:24.090 [AsyncHttpClient-1-5] DEBUG org.asynchttpclient.netty.channel.ChannelManager - Adding key: http://localhost:51417 for channel [id: 0x3282bc7a, L:/127.0.0.1:52149 - R:localhost/127.0.0.1:51417]
21:54:24.115 [AsyncHttpClient-1-6] DEBUG org.asynchttpclient.netty.channel.NettyConnectListener - Using new Channel '[id: 0xce038666, L:/127.0.0.1:52155 - R:localhost/127.0.0.1:52150]' for 'GET' to '/json/version'
21:54:24.124 [AsyncHttpClient-1-6] DEBUG org.asynchttpclient.netty.handler.HttpHandler - 

Request DefaultFullHttpRequest(decodeResult: success, version: HTTP/1.1, content: EmptyByteBufBE)
GET /json/version HTTP/1.1
User-Agent: selenium/4.1.2 (java windows)
host: localhost:52150
accept: */*

Response DefaultHttpResponse(decodeResult: success, version: HTTP/1.1)
HTTP/1.1 200 OK
Content-Type: application/json; charset=UTF-8
content-length: 423

21:54:24.124 [AsyncHttpClient-1-6] DEBUG org.asynchttpclient.netty.channel.ChannelManager - Adding key: http://localhost:52150 for channel [id: 0xce038666, L:/127.0.0.1:52155 - R:localhost/127.0.0.1:52150]
21:54:24.151 [AsyncHttpClient-1-7] DEBUG org.asynchttpclient.netty.channel.NettyConnectListener - Using new Channel '[id: 0xa375c609, L:/127.0.0.1:52156 - R:localhost/127.0.0.1:52150]' for 'GET' to '/devtools/browser/896926a0-687d-4258-bb00-1fd665d1c5c6'
21:54:24.161 [AsyncHttpClient-1-7] DEBUG org.asynchttpclient.netty.handler.WebSocketHandler - 

Request DefaultFullHttpRequest(decodeResult: success, version: HTTP/1.1, content: EmptyByteBufBE)
GET /devtools/browser/896926a0-687d-4258-bb00-1fd665d1c5c6 HTTP/1.1
upgrade: websocket
connection: upgrade
sec-websocket-key: EXSKcx4N9ftooQNIniKghQ==
sec-websocket-version: 13
origin: http://localhost:52150
host: localhost:52150
accept: */*
user-agent: AHC/2.1

Response DefaultHttpResponse(decodeResult: success, version: HTTP/1.1)
HTTP/1.1 101 WebSocket Protocol Handshake
Upgrade: WebSocket
Connection: Upgrade
Sec-WebSocket-Accept: 8BS9j8dvHl3p5i3x5AaHR6L0HVo=

21:54:24.170 [Forwarding get on session 65b61fe764568279acfe6da91fa0d228 to remote] DEBUG org.asynchttpclient.netty.request.NettyRequestSender - Using pooled Channel '[id: 0x3282bc7a, L:/127.0.0.1:52149 - R:localhost/127.0.0.1:51417]' for 'POST' to 'http://localhost:51417/session/65b61fe764568279acfe6da91fa0d228/url'
21:54:24.171 [Forwarding get on session 65b61fe764568279acfe6da91fa0d228 to remote] DEBUG org.asynchttpclient.netty.request.NettyRequestSender - Using open Channel [id: 0x3282bc7a, L:/127.0.0.1:52149 - R:localhost/127.0.0.1:51417] for POST '/session/65b61fe764568279acfe6da91fa0d228/url'
21:54:24.774 [AsyncHttpClient-1-1] DEBUG org.asynchttpclient.netty.channel.DefaultChannelPool - Entry count for : http://localhost:52150 : 1
21:54:25.878 [AsyncHttpClient-1-1] DEBUG org.asynchttpclient.netty.channel.DefaultChannelPool - Entry count for : http://localhost:52150 : 1
21:54:26.974 [AsyncHttpClient-1-1] DEBUG org.asynchttpclient.netty.channel.DefaultChannelPool - Entry count for : http://localhost:52150 : 1
21:54:27.786 [AsyncHttpClient-1-5] DEBUG org.asynchttpclient.netty.handler.HttpHandler - 

Request DefaultHttpRequest(decodeResult: success, version: HTTP/1.1)
POST /session/65b61fe764568279acfe6da91fa0d228/url HTTP/1.1
User-Agent: selenium/4.1.2 (java windows)
Content-Length: 59
Content-Type: application/json; charset=utf-8
host: localhost:51417
accept: */*

Response DefaultHttpResponse(decodeResult: success, version: HTTP/1.1)
HTTP/1.1 200 OK
Content-Type: application/json; charset=utf-8
cache-control: no-cache
content-length: 14

21:54:27.786 [AsyncHttpClient-1-5] DEBUG org.asynchttpclient.netty.channel.ChannelManager - Adding key: http://localhost:51417 for channel [id: 0x3282bc7a, L:/127.0.0.1:52149 - R:localhost/127.0.0.1:51417]
21:54:27.790 [Forwarding setTimeout on session 65b61fe764568279acfe6da91fa0d228 to remote] DEBUG org.asynchttpclient.netty.request.NettyRequestSender - Using pooled Channel '[id: 0x3282bc7a, L:/127.0.0.1:52149 - R:localhost/127.0.0.1:51417]' for 'POST' to 'http://localhost:51417/session/65b61fe764568279acfe6da91fa0d228/timeouts'
21:54:27.790 [Forwarding setTimeout on session 65b61fe764568279acfe6da91fa0d228 to remote] DEBUG org.asynchttpclient.netty.request.NettyRequestSender - Using open Channel [id: 0x3282bc7a, L:/127.0.0.1:52149 - R:localhost/127.0.0.1:51417] for POST '/session/65b61fe764568279acfe6da91fa0d228/timeouts'
21:54:27.792 [AsyncHttpClient-1-5] DEBUG org.asynchttpclient.netty.handler.HttpHandler - 

Request DefaultHttpRequest(decodeResult: success, version: HTTP/1.1)
POST /session/65b61fe764568279acfe6da91fa0d228/timeouts HTTP/1.1
User-Agent: selenium/4.1.2 (java windows)
Content-Length: 22
Content-Type: application/json; charset=utf-8
host: localhost:51417
accept: */*

Response DefaultHttpResponse(decodeResult: success, version: HTTP/1.1)
HTTP/1.1 200 OK
Content-Type: application/json; charset=utf-8
cache-control: no-cache
content-length: 14

21:54:27.792 [AsyncHttpClient-1-5] DEBUG org.asynchttpclient.netty.channel.ChannelManager - Adding key: http://localhost:51417 for channel [id: 0x3282bc7a, L:/127.0.0.1:52149 - R:localhost/127.0.0.1:51417]
21:54:27.800 [Forwarding getCurrentUrl on session 65b61fe764568279acfe6da91fa0d228 to remote] DEBUG org.asynchttpclient.netty.request.NettyRequestSender - Using pooled Channel '[id: 0x3282bc7a, L:/127.0.0.1:52149 - R:localhost/127.0.0.1:51417]' for 'GET' to 'http://localhost:51417/session/65b61fe764568279acfe6da91fa0d228/url'
21:54:27.800 [Forwarding getCurrentUrl on session 65b61fe764568279acfe6da91fa0d228 to remote] DEBUG org.asynchttpclient.netty.request.NettyRequestSender - Using open Channel [id: 0x3282bc7a, L:/127.0.0.1:52149 - R:localhost/127.0.0.1:51417] for GET '/session/65b61fe764568279acfe6da91fa0d228/url'
21:54:27.814 [AsyncHttpClient-1-5] DEBUG org.asynchttpclient.netty.handler.HttpHandler - 

Request DefaultFullHttpRequest(decodeResult: success, version: HTTP/1.1, content: EmptyByteBufBE)
GET /session/65b61fe764568279acfe6da91fa0d228/url HTTP/1.1
User-Agent: selenium/4.1.2 (java windows)
Cache-Control: no-cache
Content-Type: application/json; charset=utf-8
host: localhost:51417
accept: */*

Response DefaultHttpResponse(decodeResult: success, version: HTTP/1.1)
HTTP/1.1 200 OK
Content-Type: application/json; charset=utf-8
cache-control: no-cache
content-length: 41

21:54:27.814 [AsyncHttpClient-1-5] DEBUG org.asynchttpclient.netty.channel.ChannelManager - Adding key: http://localhost:51417 for channel [id: 0x3282bc7a, L:/127.0.0.1:52149 - R:localhost/127.0.0.1:51417]
  &amp#27;[32mGiven &amp#27;[0m&amp#27;[32mI am on the website page&amp#27;[0m                           &amp#27;[90m# starter.stepdefinitions.LoginSteps.iAmOnTheWebsitePage()&amp#27;[0m
21:54:27.831 [main] DEBUG net.serenitybdd.core.photography.Darkroom - Opening darkroom
21:54:27.833 [Forwarding screenshot on session 65b61fe764568279acfe6da91fa0d228 to remote] DEBUG org.asynchttpclient.netty.request.NettyRequestSender - Using pooled Channel '[id: 0x3282bc7a, L:/127.0.0.1:52149 - R:localhost/127.0.0.1:51417]' for 'GET' to 'http://localhost:51417/session/65b61fe764568279acfe6da91fa0d228/screenshot'
21:54:27.833 [Forwarding screenshot on session 65b61fe764568279acfe6da91fa0d228 to remote] DEBUG org.asynchttpclient.netty.request.NettyRequestSender - Using open Channel [id: 0x3282bc7a, L:/127.0.0.1:52149 - R:localhost/127.0.0.1:51417] for GET '/session/65b61fe764568279acfe6da91fa0d228/screenshot'
21:54:27.833 [Darkroom Processing Line] DEBUG net.serenitybdd.core.photography.DarkroomProcessingLine - Darkroom processing line starting up
21:54:28.076 [AsyncHttpClient-1-1] DEBUG org.asynchttpclient.netty.channel.DefaultChannelPool - Entry count for : http://localhost:52150 : 1
21:54:28.406 [AsyncHttpClient-1-5] DEBUG org.asynchttpclient.netty.handler.HttpHandler - 

Request DefaultFullHttpRequest(decodeResult: success, version: HTTP/1.1, content: EmptyByteBufBE)
GET /session/65b61fe764568279acfe6da91fa0d228/screenshot HTTP/1.1
User-Agent: selenium/4.1.2 (java windows)
Cache-Control: no-cache
Content-Type: application/json; charset=utf-8
host: localhost:51417
accept: */*

Response DefaultHttpResponse(decodeResult: success, version: HTTP/1.1)
HTTP/1.1 200 OK
Content-Type: application/json; charset=utf-8
cache-control: no-cache
content-length: 25464

21:54:28.407 [AsyncHttpClient-1-5] DEBUG org.asynchttpclient.netty.channel.ChannelManager - Adding key: http://localhost:51417 for channel [id: 0x3282bc7a, L:/127.0.0.1:52149 - R:localhost/127.0.0.1:51417]
21:54:28.412 [main] DEBUG net.serenitybdd.core.photography.Darkroom - Send negative for processing for target\site\serenity\e850c39f8ace9d461a8a7c231d1e6cc9eee6bb3a8ee8aa5388ddab3e7ac6501f.png
21:54:28.413 [Darkroom Processing Line] DEBUG net.serenitybdd.core.photography.DarkroomProcessingLine - Processing screenshot image in /var/screenshots/screenshot-5940097290260935781
21:54:28.413 [Darkroom Processing Line] DEBUG net.serenitybdd.core.photography.DarkroomProcessingLine - Saving screenshot to target\site\serenity\e850c39f8ace9d461a8a7c231d1e6cc9eee6bb3a8ee8aa5388ddab3e7ac6501f.png
21:54:28.433 [Forwarding findElement on session 65b61fe764568279acfe6da91fa0d228 to remote] DEBUG org.asynchttpclient.netty.request.NettyRequestSender - Using pooled Channel '[id: 0x3282bc7a, L:/127.0.0.1:52149 - R:localhost/127.0.0.1:51417]' for 'POST' to 'http://localhost:51417/session/65b61fe764568279acfe6da91fa0d228/element'
21:54:28.433 [Forwarding findElement on session 65b61fe764568279acfe6da91fa0d228 to remote] DEBUG org.asynchttpclient.netty.request.NettyRequestSender - Using open Channel [id: 0x3282bc7a, L:/127.0.0.1:52149 - R:localhost/127.0.0.1:51417] for POST '/session/65b61fe764568279acfe6da91fa0d228/element'
21:54:28.457 [AsyncHttpClient-1-5] DEBUG org.asynchttpclient.netty.handler.HttpHandler - 

Request DefaultHttpRequest(decodeResult: success, version: HTTP/1.1)
POST /session/65b61fe764568279acfe6da91fa0d228/element HTTP/1.1
User-Agent: selenium/4.1.2 (java windows)
Content-Length: 97
Content-Type: application/json; charset=utf-8
host: localhost:51417
accept: */*

Response DefaultHttpResponse(decodeResult: success, version: HTTP/1.1)
HTTP/1.1 200 OK
Content-Type: application/json; charset=utf-8
cache-control: no-cache
content-length: 88

21:54:28.457 [AsyncHttpClient-1-5] DEBUG org.asynchttpclient.netty.channel.ChannelManager - Adding key: http://localhost:51417 for channel [id: 0x3282bc7a, L:/127.0.0.1:52149 - R:localhost/127.0.0.1:51417]
21:54:28.460 [Forwarding getElementTagName on session 65b61fe764568279acfe6da91fa0d228 to remote] DEBUG org.asynchttpclient.netty.request.NettyRequestSender - Using pooled Channel '[id: 0x3282bc7a, L:/127.0.0.1:52149 - R:localhost/127.0.0.1:51417]' for 'GET' to 'http://localhost:51417/session/65b61fe764568279acfe6da91fa0d228/element/e7793bce-6a17-4ed1-b0f6-326038861bdb/name'
21:54:28.460 [Forwarding getElementTagName on session 65b61fe764568279acfe6da91fa0d228 to remote] DEBUG org.asynchttpclient.netty.request.NettyRequestSender - Using open Channel [id: 0x3282bc7a, L:/127.0.0.1:52149 - R:localhost/127.0.0.1:51417] for GET '/session/65b61fe764568279acfe6da91fa0d228/element/e7793bce-6a17-4ed1-b0f6-326038861bdb/name'
21:54:28.470 [AsyncHttpClient-1-5] DEBUG org.asynchttpclient.netty.handler.HttpHandler - 

Request DefaultFullHttpRequest(decodeResult: success, version: HTTP/1.1, content: EmptyByteBufBE)
GET /session/65b61fe764568279acfe6da91fa0d228/element/e7793bce-6a17-4ed1-b0f6-326038861bdb/name HTTP/1.1
User-Agent: selenium/4.1.2 (java windows)
Cache-Control: no-cache
Content-Type: application/json; charset=utf-8
host: localhost:51417
accept: */*

Response DefaultHttpResponse(decodeResult: success, version: HTTP/1.1)
HTTP/1.1 200 OK
Content-Type: application/json; charset=utf-8
cache-control: no-cache
content-length: 13

21:54:28.470 [AsyncHttpClient-1-5] DEBUG org.asynchttpclient.netty.channel.ChannelManager - Adding key: http://localhost:51417 for channel [id: 0x3282bc7a, L:/127.0.0.1:52149 - R:localhost/127.0.0.1:51417]
21:54:28.476 [Forwarding getElementTagName on session 65b61fe764568279acfe6da91fa0d228 to remote] DEBUG org.asynchttpclient.netty.request.NettyRequestSender - Using pooled Channel '[id: 0x3282bc7a, L:/127.0.0.1:52149 - R:localhost/127.0.0.1:51417]' for 'GET' to 'http://localhost:51417/session/65b61fe764568279acfe6da91fa0d228/element/e7793bce-6a17-4ed1-b0f6-326038861bdb/name'
21:54:28.476 [Forwarding getElementTagName on session 65b61fe764568279acfe6da91fa0d228 to remote] DEBUG org.asynchttpclient.netty.request.NettyRequestSender - Using open Channel [id: 0x3282bc7a, L:/127.0.0.1:52149 - R:localhost/127.0.0.1:51417] for GET '/session/65b61fe764568279acfe6da91fa0d228/element/e7793bce-6a17-4ed1-b0f6-326038861bdb/name'
21:54:28.482 [AsyncHttpClient-1-5] DEBUG org.asynchttpclient.netty.handler.HttpHandler - 

Request DefaultFullHttpRequest(decodeResult: success, version: HTTP/1.1, content: EmptyByteBufBE)
GET /session/65b61fe764568279acfe6da91fa0d228/element/e7793bce-6a17-4ed1-b0f6-326038861bdb/name HTTP/1.1
User-Agent: selenium/4.1.2 (java windows)
Cache-Control: no-cache
Content-Type: application/json; charset=utf-8
host: localhost:51417
accept: */*

Response DefaultHttpResponse(decodeResult: success, version: HTTP/1.1)
HTTP/1.1 200 OK
Content-Type: application/json; charset=utf-8
cache-control: no-cache
content-length: 13

21:54:28.483 [AsyncHttpClient-1-5] DEBUG org.asynchttpclient.netty.channel.ChannelManager - Adding key: http://localhost:51417 for channel [id: 0x3282bc7a, L:/127.0.0.1:52149 - R:localhost/127.0.0.1:51417]
21:54:28.486 [Forwarding findElement on session 65b61fe764568279acfe6da91fa0d228 to remote] DEBUG org.asynchttpclient.netty.request.NettyRequestSender - Using pooled Channel '[id: 0x3282bc7a, L:/127.0.0.1:52149 - R:localhost/127.0.0.1:51417]' for 'POST' to 'http://localhost:51417/session/65b61fe764568279acfe6da91fa0d228/element'
21:54:28.486 [Forwarding findElement on session 65b61fe764568279acfe6da91fa0d228 to remote] DEBUG org.asynchttpclient.netty.request.NettyRequestSender - Using open Channel [id: 0x3282bc7a, L:/127.0.0.1:52149 - R:localhost/127.0.0.1:51417] for POST '/session/65b61fe764568279acfe6da91fa0d228/element'
21:54:28.499 [AsyncHttpClient-1-5] DEBUG org.asynchttpclient.netty.handler.HttpHandler - 

Request DefaultHttpRequest(decodeResult: success, version: HTTP/1.1)
POST /session/65b61fe764568279acfe6da91fa0d228/element HTTP/1.1
User-Agent: selenium/4.1.2 (java windows)
Content-Length: 97
Content-Type: application/json; charset=utf-8
host: localhost:51417
accept: */*

Response DefaultHttpResponse(decodeResult: success, version: HTTP/1.1)
HTTP/1.1 200 OK
Content-Type: application/json; charset=utf-8
cache-control: no-cache
content-length: 88

21:54:28.500 [AsyncHttpClient-1-5] DEBUG org.asynchttpclient.netty.channel.ChannelManager - Adding key: http://localhost:51417 for channel [id: 0x3282bc7a, L:/127.0.0.1:52149 - R:localhost/127.0.0.1:51417]
21:54:28.502 [Forwarding clickElement on session 65b61fe764568279acfe6da91fa0d228 to remote] DEBUG org.asynchttpclient.netty.request.NettyRequestSender - Using pooled Channel '[id: 0x3282bc7a, L:/127.0.0.1:52149 - R:localhost/127.0.0.1:51417]' for 'POST' to 'http://localhost:51417/session/65b61fe764568279acfe6da91fa0d228/element/e7793bce-6a17-4ed1-b0f6-326038861bdb/click'
21:54:28.502 [Forwarding clickElement on session 65b61fe764568279acfe6da91fa0d228 to remote] DEBUG org.asynchttpclient.netty.request.NettyRequestSender - Using open Channel [id: 0x3282bc7a, L:/127.0.0.1:52149 - R:localhost/127.0.0.1:51417] for POST '/session/65b61fe764568279acfe6da91fa0d228/element/e7793bce-6a17-4ed1-b0f6-326038861bdb/click'
21:54:28.586 [AsyncHttpClient-1-5] DEBUG org.asynchttpclient.netty.handler.HttpHandler - 

Request DefaultHttpRequest(decodeResult: success, version: HTTP/1.1)
POST /session/65b61fe764568279acfe6da91fa0d228/element/e7793bce-6a17-4ed1-b0f6-326038861bdb/click HTTP/1.1
User-Agent: selenium/4.1.2 (java windows)
Content-Length: 50
Content-Type: application/json; charset=utf-8
host: localhost:51417
accept: */*

Response DefaultHttpResponse(decodeResult: success, version: HTTP/1.1)
HTTP/1.1 200 OK
Content-Type: application/json; charset=utf-8
cache-control: no-cache
content-length: 14

21:54:28.586 [AsyncHttpClient-1-5] DEBUG org.asynchttpclient.netty.channel.ChannelManager - Adding key: http://localhost:51417 for channel [id: 0x3282bc7a, L:/127.0.0.1:52149 - R:localhost/127.0.0.1:51417]
  &amp#27;[32mWhen &amp#27;[0m&amp#27;[32mI clik sigin button&amp#27;[0m                                 &amp#27;[90m# starter.stepdefinitions.LoginSteps.iClikSiginButton()&amp#27;[0m
21:54:28.619 [Forwarding screenshot on session 65b61fe764568279acfe6da91fa0d228 to remote] DEBUG org.asynchttpclient.netty.request.NettyRequestSender - Using pooled Channel '[id: 0x3282bc7a, L:/127.0.0.1:52149 - R:localhost/127.0.0.1:51417]' for 'GET' to 'http://localhost:51417/session/65b61fe764568279acfe6da91fa0d228/screenshot'
21:54:28.624 [Forwarding screenshot on session 65b61fe764568279acfe6da91fa0d228 to remote] DEBUG org.asynchttpclient.netty.request.NettyRequestSender - Using open Channel [id: 0x3282bc7a, L:/127.0.0.1:52149 - R:localhost/127.0.0.1:51417] for GET '/session/65b61fe764568279acfe6da91fa0d228/screenshot'
21:54:29.059 [AsyncHttpClient-1-5] DEBUG org.asynchttpclient.netty.handler.HttpHandler - 

Request DefaultFullHttpRequest(decodeResult: success, version: HTTP/1.1, content: EmptyByteBufBE)
GET /session/65b61fe764568279acfe6da91fa0d228/screenshot HTTP/1.1
User-Agent: selenium/4.1.2 (java windows)
Cache-Control: no-cache
Content-Type: application/json; charset=utf-8
host: localhost:51417
accept: */*

Response DefaultHttpResponse(decodeResult: success, version: HTTP/1.1)
HTTP/1.1 200 OK
Content-Type: application/json; charset=utf-8
cache-control: no-cache
content-length: 24248

21:54:29.059 [AsyncHttpClient-1-5] DEBUG org.asynchttpclient.netty.channel.ChannelManager - Adding key: http://localhost:51417 for channel [id: 0x3282bc7a, L:/127.0.0.1:52149 - R:localhost/127.0.0.1:51417]
21:54:29.062 [main] DEBUG net.serenitybdd.core.photography.Darkroom - Send negative for processing for target\site\serenity\8539592704de2a4d7098b98f5a75372adab05c7cbb345664333a2846908354b9.png
21:54:29.062 [Darkroom Processing Line] DEBUG net.serenitybdd.core.photography.DarkroomProcessingLine - Processing screenshot image in /var/screenshots/screenshot-3208972877144241209
21:54:29.063 [Darkroom Processing Line] DEBUG net.serenitybdd.core.photography.DarkroomProcessingLine - Saving screenshot to target\site\serenity\8539592704de2a4d7098b98f5a75372adab05c7cbb345664333a2846908354b9.png
21:54:29.082 [Forwarding findElement on session 65b61fe764568279acfe6da91fa0d228 to remote] DEBUG org.asynchttpclient.netty.request.NettyRequestSender - Using pooled Channel '[id: 0x3282bc7a, L:/127.0.0.1:52149 - R:localhost/127.0.0.1:51417]' for 'POST' to 'http://localhost:51417/session/65b61fe764568279acfe6da91fa0d228/element'
21:54:29.082 [Forwarding findElement on session 65b61fe764568279acfe6da91fa0d228 to remote] DEBUG org.asynchttpclient.netty.request.NettyRequestSender - Using open Channel [id: 0x3282bc7a, L:/127.0.0.1:52149 - R:localhost/127.0.0.1:51417] for POST '/session/65b61fe764568279acfe6da91fa0d228/element'
21:54:29.106 [AsyncHttpClient-1-5] DEBUG org.asynchttpclient.netty.handler.HttpHandler - 

Request DefaultHttpRequest(decodeResult: success, version: HTTP/1.1)
POST /session/65b61fe764568279acfe6da91fa0d228/element HTTP/1.1
User-Agent: selenium/4.1.2 (java windows)
Content-Length: 88
Content-Type: application/json; charset=utf-8
host: localhost:51417
accept: */*

Response DefaultHttpResponse(decodeResult: success, version: HTTP/1.1)
HTTP/1.1 200 OK
Content-Type: application/json; charset=utf-8
cache-control: no-cache
content-length: 88

21:54:29.106 [AsyncHttpClient-1-5] DEBUG org.asynchttpclient.netty.channel.ChannelManager - Adding key: http://localhost:51417 for channel [id: 0x3282bc7a, L:/127.0.0.1:52149 - R:localhost/127.0.0.1:51417]
21:54:29.108 [Forwarding clearElement on session 65b61fe764568279acfe6da91fa0d228 to remote] DEBUG org.asynchttpclient.netty.request.NettyRequestSender - Using pooled Channel '[id: 0x3282bc7a, L:/127.0.0.1:52149 - R:localhost/127.0.0.1:51417]' for 'POST' to 'http://localhost:51417/session/65b61fe764568279acfe6da91fa0d228/element/12dc8429-b8a3-4080-b1ef-c709640a7a40/clear'
21:54:29.108 [Forwarding clearElement on session 65b61fe764568279acfe6da91fa0d228 to remote] DEBUG org.asynchttpclient.netty.request.NettyRequestSender - Using open Channel [id: 0x3282bc7a, L:/127.0.0.1:52149 - R:localhost/127.0.0.1:51417] for POST '/session/65b61fe764568279acfe6da91fa0d228/element/12dc8429-b8a3-4080-b1ef-c709640a7a40/clear'
21:54:29.161 [AsyncHttpClient-1-5] DEBUG org.asynchttpclient.netty.handler.HttpHandler - 

Request DefaultHttpRequest(decodeResult: success, version: HTTP/1.1)
POST /session/65b61fe764568279acfe6da91fa0d228/element/12dc8429-b8a3-4080-b1ef-c709640a7a40/clear HTTP/1.1
User-Agent: selenium/4.1.2 (java windows)
Content-Length: 50
Content-Type: application/json; charset=utf-8
host: localhost:51417
accept: */*

Response DefaultHttpResponse(decodeResult: success, version: HTTP/1.1)
HTTP/1.1 200 OK
Content-Type: application/json; charset=utf-8
cache-control: no-cache
content-length: 14

21:54:29.162 [AsyncHttpClient-1-5] DEBUG org.asynchttpclient.netty.channel.ChannelManager - Adding key: http://localhost:51417 for channel [id: 0x3282bc7a, L:/127.0.0.1:52149 - R:localhost/127.0.0.1:51417]
21:54:29.168 [Forwarding sendKeysToElement on session 65b61fe764568279acfe6da91fa0d228 to remote] DEBUG org.asynchttpclient.netty.request.NettyRequestSender - Using pooled Channel '[id: 0x3282bc7a, L:/127.0.0.1:52149 - R:localhost/127.0.0.1:51417]' for 'POST' to 'http://localhost:51417/session/65b61fe764568279acfe6da91fa0d228/element/12dc8429-b8a3-4080-b1ef-c709640a7a40/value'
21:54:29.168 [Forwarding sendKeysToElement on session 65b61fe764568279acfe6da91fa0d228 to remote] DEBUG org.asynchttpclient.netty.request.NettyRequestSender - Using open Channel [id: 0x3282bc7a, L:/127.0.0.1:52149 - R:localhost/127.0.0.1:51417] for POST '/session/65b61fe764568279acfe6da91fa0d228/element/12dc8429-b8a3-4080-b1ef-c709640a7a40/value'
21:54:29.192 [AsyncHttpClient-1-1] DEBUG org.asynchttpclient.netty.channel.DefaultChannelPool - Entry count for : http://localhost:52150 : 1
21:54:29.445 [AsyncHttpClient-1-5] DEBUG org.asynchttpclient.netty.handler.HttpHandler - 

Request DefaultHttpRequest(decodeResult: success, version: HTTP/1.1)
POST /session/65b61fe764568279acfe6da91fa0d228/element/12dc8429-b8a3-4080-b1ef-c709640a7a40/value HTTP/1.1
User-Agent: selenium/4.1.2 (java windows)
Content-Length: 111
Content-Type: application/json; charset=utf-8
host: localhost:51417
accept: */*

Response DefaultHttpResponse(decodeResult: success, version: HTTP/1.1)
HTTP/1.1 200 OK
Content-Type: application/json; charset=utf-8
cache-control: no-cache
content-length: 14

21:54:29.445 [AsyncHttpClient-1-5] DEBUG org.asynchttpclient.netty.channel.ChannelManager - Adding key: http://localhost:51417 for channel [id: 0x3282bc7a, L:/127.0.0.1:52149 - R:localhost/127.0.0.1:51417]
21:54:29.457 [Forwarding findElement on session 65b61fe764568279acfe6da91fa0d228 to remote] DEBUG org.asynchttpclient.netty.request.NettyRequestSender - Using pooled Channel '[id: 0x3282bc7a, L:/127.0.0.1:52149 - R:localhost/127.0.0.1:51417]' for 'POST' to 'http://localhost:51417/session/65b61fe764568279acfe6da91fa0d228/element'
21:54:29.458 [Forwarding findElement on session 65b61fe764568279acfe6da91fa0d228 to remote] DEBUG org.asynchttpclient.netty.request.NettyRequestSender - Using open Channel [id: 0x3282bc7a, L:/127.0.0.1:52149 - R:localhost/127.0.0.1:51417] for POST '/session/65b61fe764568279acfe6da91fa0d228/element'
21:54:29.515 [AsyncHttpClient-1-5] DEBUG org.asynchttpclient.netty.handler.HttpHandler - 

Request DefaultHttpRequest(decodeResult: success, version: HTTP/1.1)
POST /session/65b61fe764568279acfe6da91fa0d228/element HTTP/1.1
User-Agent: selenium/4.1.2 (java windows)
Content-Length: 97
Content-Type: application/json; charset=utf-8
host: localhost:51417
accept: */*

Response DefaultHttpResponse(decodeResult: success, version: HTTP/1.1)
HTTP/1.1 200 OK
Content-Type: application/json; charset=utf-8
cache-control: no-cache
content-length: 88

21:54:29.516 [AsyncHttpClient-1-5] DEBUG org.asynchttpclient.netty.channel.ChannelManager - Adding key: http://localhost:51417 for channel [id: 0x3282bc7a, L:/127.0.0.1:52149 - R:localhost/127.0.0.1:51417]
21:54:29.523 [Forwarding clearElement on session 65b61fe764568279acfe6da91fa0d228 to remote] DEBUG org.asynchttpclient.netty.request.NettyRequestSender - Using pooled Channel '[id: 0x3282bc7a, L:/127.0.0.1:52149 - R:localhost/127.0.0.1:51417]' for 'POST' to 'http://localhost:51417/session/65b61fe764568279acfe6da91fa0d228/element/44bf433c-854d-4c96-801d-eae264c13ef4/clear'
21:54:29.523 [Forwarding clearElement on session 65b61fe764568279acfe6da91fa0d228 to remote] DEBUG org.asynchttpclient.netty.request.NettyRequestSender - Using open Channel [id: 0x3282bc7a, L:/127.0.0.1:52149 - R:localhost/127.0.0.1:51417] for POST '/session/65b61fe764568279acfe6da91fa0d228/element/44bf433c-854d-4c96-801d-eae264c13ef4/clear'
21:54:29.635 [AsyncHttpClient-1-5] DEBUG org.asynchttpclient.netty.handler.HttpHandler - 

Request DefaultHttpRequest(decodeResult: success, version: HTTP/1.1)
POST /session/65b61fe764568279acfe6da91fa0d228/element/44bf433c-854d-4c96-801d-eae264c13ef4/clear HTTP/1.1
User-Agent: selenium/4.1.2 (java windows)
Content-Length: 50
Content-Type: application/json; charset=utf-8
host: localhost:51417
accept: */*

Response DefaultHttpResponse(decodeResult: success, version: HTTP/1.1)
HTTP/1.1 200 OK
Content-Type: application/json; charset=utf-8
cache-control: no-cache
content-length: 14

21:54:29.636 [AsyncHttpClient-1-5] DEBUG org.asynchttpclient.netty.channel.ChannelManager - Adding key: http://localhost:51417 for channel [id: 0x3282bc7a, L:/127.0.0.1:52149 - R:localhost/127.0.0.1:51417]
21:54:29.643 [Forwarding sendKeysToElement on session 65b61fe764568279acfe6da91fa0d228 to remote] DEBUG org.asynchttpclient.netty.request.NettyRequestSender - Using pooled Channel '[id: 0x3282bc7a, L:/127.0.0.1:52149 - R:localhost/127.0.0.1:51417]' for 'POST' to 'http://localhost:51417/session/65b61fe764568279acfe6da91fa0d228/element/44bf433c-854d-4c96-801d-eae264c13ef4/value'
21:54:29.643 [Forwarding sendKeysToElement on session 65b61fe764568279acfe6da91fa0d228 to remote] DEBUG org.asynchttpclient.netty.request.NettyRequestSender - Using open Channel [id: 0x3282bc7a, L:/127.0.0.1:52149 - R:localhost/127.0.0.1:51417] for POST '/session/65b61fe764568279acfe6da91fa0d228/element/44bf433c-854d-4c96-801d-eae264c13ef4/value'
21:54:29.877 [AsyncHttpClient-1-5] DEBUG org.asynchttpclient.netty.handler.HttpHandler - 

Request DefaultHttpRequest(decodeResult: success, version: HTTP/1.1)
POST /session/65b61fe764568279acfe6da91fa0d228/element/44bf433c-854d-4c96-801d-eae264c13ef4/value HTTP/1.1
User-Agent: selenium/4.1.2 (java windows)
Content-Length: 191
Content-Type: application/json; charset=utf-8
host: localhost:51417
accept: */*

Response DefaultHttpResponse(decodeResult: success, version: HTTP/1.1)
HTTP/1.1 200 OK
Content-Type: application/json; charset=utf-8
cache-control: no-cache
content-length: 14

21:54:29.877 [AsyncHttpClient-1-5] DEBUG org.asynchttpclient.netty.channel.ChannelManager - Adding key: http://localhost:51417 for channel [id: 0x3282bc7a, L:/127.0.0.1:52149 - R:localhost/127.0.0.1:51417]
  &amp#27;[32mAnd &amp#27;[0m&amp#27;[32mI input valid &amp#27;[0m&amp#27;[32m&amp#27;[1m"aaa"&amp#27;[0m&amp#27;[32m email and &amp#27;[0m&amp#27;[32m&amp#27;[1m"Pasword!123"&amp#27;[0m&amp#27;[32m password&amp#27;[0m &amp#27;[90m# starter.stepdefinitions.LoginSteps.iInputValidEmailAndPassword(java.lang.String,java.lang.String)&amp#27;[0m
21:54:29.900 [Forwarding screenshot on session 65b61fe764568279acfe6da91fa0d228 to remote] DEBUG org.asynchttpclient.netty.request.NettyRequestSender - Using pooled Channel '[id: 0x3282bc7a, L:/127.0.0.1:52149 - R:localhost/127.0.0.1:51417]' for 'GET' to 'http://localhost:51417/session/65b61fe764568279acfe6da91fa0d228/screenshot'
21:54:29.901 [Forwarding screenshot on session 65b61fe764568279acfe6da91fa0d228 to remote] DEBUG org.asynchttpclient.netty.request.NettyRequestSender - Using open Channel [id: 0x3282bc7a, L:/127.0.0.1:52149 - R:localhost/127.0.0.1:51417] for GET '/session/65b61fe764568279acfe6da91fa0d228/screenshot'
21:54:30.087 [AsyncHttpClient-1-5] DEBUG org.asynchttpclient.netty.handler.HttpHandler - 

Request DefaultFullHttpRequest(decodeResult: success, version: HTTP/1.1, content: EmptyByteBufBE)
GET /session/65b61fe764568279acfe6da91fa0d228/screenshot HTTP/1.1
User-Agent: selenium/4.1.2 (java windows)
Cache-Control: no-cache
Content-Type: application/json; charset=utf-8
host: localhost:51417
accept: */*

Response DefaultHttpResponse(decodeResult: success, version: HTTP/1.1)
HTTP/1.1 200 OK
Content-Type: application/json; charset=utf-8
cache-control: no-cache
content-length: 27924

21:54:30.088 [AsyncHttpClient-1-5] DEBUG org.asynchttpclient.netty.channel.ChannelManager - Adding key: http://localhost:51417 for channel [id: 0x3282bc7a, L:/127.0.0.1:52149 - R:localhost/127.0.0.1:51417]
21:54:30.091 [main] DEBUG net.serenitybdd.core.photography.Darkroom - Send negative for processing for target\site\serenity\1192cdfcd5e0a933d891ba315aae4f51f51e36e5a9ba7d459438f59a80e885ef.png
21:54:30.092 [Darkroom Processing Line] DEBUG net.serenitybdd.core.photography.DarkroomProcessingLine - Processing screenshot image in /var/screenshots/screenshot-4670726298112256308
21:54:30.092 [Darkroom Processing Line] DEBUG net.serenitybdd.core.photography.DarkroomProcessingLine - Saving screenshot to target\site\serenity\1192cdfcd5e0a933d891ba315aae4f51f51e36e5a9ba7d459438f59a80e885ef.png
21:54:30.111 [Forwarding findElement on session 65b61fe764568279acfe6da91fa0d228 to remote] DEBUG org.asynchttpclient.netty.request.NettyRequestSender - Using pooled Channel '[id: 0x3282bc7a, L:/127.0.0.1:52149 - R:localhost/127.0.0.1:51417]' for 'POST' to 'http://localhost:51417/session/65b61fe764568279acfe6da91fa0d228/element'
21:54:30.112 [Forwarding findElement on session 65b61fe764568279acfe6da91fa0d228 to remote] DEBUG org.asynchttpclient.netty.request.NettyRequestSender - Using open Channel [id: 0x3282bc7a, L:/127.0.0.1:52149 - R:localhost/127.0.0.1:51417] for POST '/session/65b61fe764568279acfe6da91fa0d228/element'
21:54:30.134 [AsyncHttpClient-1-5] DEBUG org.asynchttpclient.netty.handler.HttpHandler - 

Request DefaultHttpRequest(decodeResult: success, version: HTTP/1.1)
POST /session/65b61fe764568279acfe6da91fa0d228/element HTTP/1.1
User-Agent: selenium/4.1.2 (java windows)
Content-Length: 83
Content-Type: application/json; charset=utf-8
host: localhost:51417
accept: */*

Response DefaultHttpResponse(decodeResult: success, version: HTTP/1.1)
HTTP/1.1 200 OK
Content-Type: application/json; charset=utf-8
cache-control: no-cache
content-length: 88

21:54:30.135 [AsyncHttpClient-1-5] DEBUG org.asynchttpclient.netty.channel.ChannelManager - Adding key: http://localhost:51417 for channel [id: 0x3282bc7a, L:/127.0.0.1:52149 - R:localhost/127.0.0.1:51417]
21:54:30.139 [Forwarding getElementTagName on session 65b61fe764568279acfe6da91fa0d228 to remote] DEBUG org.asynchttpclient.netty.request.NettyRequestSender - Using pooled Channel '[id: 0x3282bc7a, L:/127.0.0.1:52149 - R:localhost/127.0.0.1:51417]' for 'GET' to 'http://localhost:51417/session/65b61fe764568279acfe6da91fa0d228/element/0605f975-397c-4f95-bae2-df97fd70e819/name'
21:54:30.139 [Forwarding getElementTagName on session 65b61fe764568279acfe6da91fa0d228 to remote] DEBUG org.asynchttpclient.netty.request.NettyRequestSender - Using open Channel [id: 0x3282bc7a, L:/127.0.0.1:52149 - R:localhost/127.0.0.1:51417] for GET '/session/65b61fe764568279acfe6da91fa0d228/element/0605f975-397c-4f95-bae2-df97fd70e819/name'
21:54:30.146 [AsyncHttpClient-1-5] DEBUG org.asynchttpclient.netty.handler.HttpHandler - 

Request DefaultFullHttpRequest(decodeResult: success, version: HTTP/1.1, content: EmptyByteBufBE)
GET /session/65b61fe764568279acfe6da91fa0d228/element/0605f975-397c-4f95-bae2-df97fd70e819/name HTTP/1.1
User-Agent: selenium/4.1.2 (java windows)
Cache-Control: no-cache
Content-Type: application/json; charset=utf-8
host: localhost:51417
accept: */*

Response DefaultHttpResponse(decodeResult: success, version: HTTP/1.1)
HTTP/1.1 200 OK
Content-Type: application/json; charset=utf-8
cache-control: no-cache
content-length: 16

21:54:30.147 [AsyncHttpClient-1-5] DEBUG org.asynchttpclient.netty.channel.ChannelManager - Adding key: http://localhost:51417 for channel [id: 0x3282bc7a, L:/127.0.0.1:52149 - R:localhost/127.0.0.1:51417]
21:54:30.149 [Forwarding getElementTagName on session 65b61fe764568279acfe6da91fa0d228 to remote] DEBUG org.asynchttpclient.netty.request.NettyRequestSender - Using pooled Channel '[id: 0x3282bc7a, L:/127.0.0.1:52149 - R:localhost/127.0.0.1:51417]' for 'GET' to 'http://localhost:51417/session/65b61fe764568279acfe6da91fa0d228/element/0605f975-397c-4f95-bae2-df97fd70e819/name'
21:54:30.149 [Forwarding getElementTagName on session 65b61fe764568279acfe6da91fa0d228 to remote] DEBUG org.asynchttpclient.netty.request.NettyRequestSender - Using open Channel [id: 0x3282bc7a, L:/127.0.0.1:52149 - R:localhost/127.0.0.1:51417] for GET '/session/65b61fe764568279acfe6da91fa0d228/element/0605f975-397c-4f95-bae2-df97fd70e819/name'
21:54:30.158 [AsyncHttpClient-1-5] DEBUG org.asynchttpclient.netty.handler.HttpHandler - 

Request DefaultFullHttpRequest(decodeResult: success, version: HTTP/1.1, content: EmptyByteBufBE)
GET /session/65b61fe764568279acfe6da91fa0d228/element/0605f975-397c-4f95-bae2-df97fd70e819/name HTTP/1.1
User-Agent: selenium/4.1.2 (java windows)
Cache-Control: no-cache
Content-Type: application/json; charset=utf-8
host: localhost:51417
accept: */*

Response DefaultHttpResponse(decodeResult: success, version: HTTP/1.1)
HTTP/1.1 200 OK
Content-Type: application/json; charset=utf-8
cache-control: no-cache
content-length: 16

21:54:30.158 [AsyncHttpClient-1-5] DEBUG org.asynchttpclient.netty.channel.ChannelManager - Adding key: http://localhost:51417 for channel [id: 0x3282bc7a, L:/127.0.0.1:52149 - R:localhost/127.0.0.1:51417]
21:54:30.161 [Forwarding findElement on session 65b61fe764568279acfe6da91fa0d228 to remote] DEBUG org.asynchttpclient.netty.request.NettyRequestSender - Using pooled Channel '[id: 0x3282bc7a, L:/127.0.0.1:52149 - R:localhost/127.0.0.1:51417]' for 'POST' to 'http://localhost:51417/session/65b61fe764568279acfe6da91fa0d228/element'
21:54:30.161 [Forwarding findElement on session 65b61fe764568279acfe6da91fa0d228 to remote] DEBUG org.asynchttpclient.netty.request.NettyRequestSender - Using open Channel [id: 0x3282bc7a, L:/127.0.0.1:52149 - R:localhost/127.0.0.1:51417] for POST '/session/65b61fe764568279acfe6da91fa0d228/element'
21:54:30.175 [AsyncHttpClient-1-5] DEBUG org.asynchttpclient.netty.handler.HttpHandler - 

Request DefaultHttpRequest(decodeResult: success, version: HTTP/1.1)
POST /session/65b61fe764568279acfe6da91fa0d228/element HTTP/1.1
User-Agent: selenium/4.1.2 (java windows)
Content-Length: 83
Content-Type: application/json; charset=utf-8
host: localhost:51417
accept: */*

Response DefaultHttpResponse(decodeResult: success, version: HTTP/1.1)
HTTP/1.1 200 OK
Content-Type: application/json; charset=utf-8
cache-control: no-cache
content-length: 88

21:54:30.176 [AsyncHttpClient-1-5] DEBUG org.asynchttpclient.netty.channel.ChannelManager - Adding key: http://localhost:51417 for channel [id: 0x3282bc7a, L:/127.0.0.1:52149 - R:localhost/127.0.0.1:51417]
21:54:30.177 [Forwarding clickElement on session 65b61fe764568279acfe6da91fa0d228 to remote] DEBUG org.asynchttpclient.netty.request.NettyRequestSender - Using pooled Channel '[id: 0x3282bc7a, L:/127.0.0.1:52149 - R:localhost/127.0.0.1:51417]' for 'POST' to 'http://localhost:51417/session/65b61fe764568279acfe6da91fa0d228/element/0605f975-397c-4f95-bae2-df97fd70e819/click'
21:54:30.178 [Forwarding clickElement on session 65b61fe764568279acfe6da91fa0d228 to remote] DEBUG org.asynchttpclient.netty.request.NettyRequestSender - Using open Channel [id: 0x3282bc7a, L:/127.0.0.1:52149 - R:localhost/127.0.0.1:51417] for POST '/session/65b61fe764568279acfe6da91fa0d228/element/0605f975-397c-4f95-bae2-df97fd70e819/click'
21:54:30.258 [AsyncHttpClient-1-5] DEBUG org.asynchttpclient.netty.handler.HttpHandler - 

Request DefaultHttpRequest(decodeResult: success, version: HTTP/1.1)
POST /session/65b61fe764568279acfe6da91fa0d228/element/0605f975-397c-4f95-bae2-df97fd70e819/click HTTP/1.1
User-Agent: selenium/4.1.2 (java windows)
Content-Length: 50
Content-Type: application/json; charset=utf-8
host: localhost:51417
accept: */*

Response DefaultHttpResponse(decodeResult: success, version: HTTP/1.1)
HTTP/1.1 200 OK
Content-Type: application/json; charset=utf-8
cache-control: no-cache
content-length: 14

21:54:30.258 [AsyncHttpClient-1-5] DEBUG org.asynchttpclient.netty.channel.ChannelManager - Adding key: http://localhost:51417 for channel [id: 0x3282bc7a, L:/127.0.0.1:52149 - R:localhost/127.0.0.1:51417]
  &amp#27;[32mAnd &amp#27;[0m&amp#27;[32mI click Login button&amp#27;[0m                                 &amp#27;[90m# starter.stepdefinitions.LoginSteps.iClickLoginButton()&amp#27;[0m
21:54:30.271 [Forwarding screenshot on session 65b61fe764568279acfe6da91fa0d228 to remote] DEBUG org.asynchttpclient.netty.request.NettyRequestSender - Using pooled Channel '[id: 0x3282bc7a, L:/127.0.0.1:52149 - R:localhost/127.0.0.1:51417]' for 'GET' to 'http://localhost:51417/session/65b61fe764568279acfe6da91fa0d228/screenshot'
21:54:30.271 [Forwarding screenshot on session 65b61fe764568279acfe6da91fa0d228 to remote] DEBUG org.asynchttpclient.netty.request.NettyRequestSender - Using open Channel [id: 0x3282bc7a, L:/127.0.0.1:52149 - R:localhost/127.0.0.1:51417] for GET '/session/65b61fe764568279acfe6da91fa0d228/screenshot'
21:54:30.273 [AsyncHttpClient-1-1] DEBUG org.asynchttpclient.netty.channel.DefaultChannelPool - Entry count for : http://localhost:52150 : 1
21:54:30.491 [AsyncHttpClient-1-5] DEBUG org.asynchttpclient.netty.handler.HttpHandler - 

Request DefaultFullHttpRequest(decodeResult: success, version: HTTP/1.1, content: EmptyByteBufBE)
GET /session/65b61fe764568279acfe6da91fa0d228/screenshot HTTP/1.1
User-Agent: selenium/4.1.2 (java windows)
Cache-Control: no-cache
Content-Type: application/json; charset=utf-8
host: localhost:51417
accept: */*

Response DefaultHttpResponse(decodeResult: success, version: HTTP/1.1)
HTTP/1.1 200 OK
Content-Type: application/json; charset=utf-8
cache-control: no-cache
content-length: 27584

21:54:30.492 [AsyncHttpClient-1-5] DEBUG org.asynchttpclient.netty.channel.ChannelManager - Adding key: http://localhost:51417 for channel [id: 0x3282bc7a, L:/127.0.0.1:52149 - R:localhost/127.0.0.1:51417]
21:54:30.497 [main] DEBUG net.serenitybdd.core.photography.Darkroom - Send negative for processing for target\site\serenity\593eeea0196b63739fbd77403c67ecd7299d9861ebc4bc0d3d4e12f4cffad69d.png
21:54:30.498 [Darkroom Processing Line] DEBUG net.serenitybdd.core.photography.DarkroomProcessingLine - Processing screenshot image in /var/screenshots/screenshot-5624252972996751269
21:54:30.498 [Darkroom Processing Line] DEBUG net.serenitybdd.core.photography.DarkroomProcessingLine - Saving screenshot to target\site\serenity\593eeea0196b63739fbd77403c67ecd7299d9861ebc4bc0d3d4e12f4cffad69d.png
21:54:30.514 [Forwarding findElement on session 65b61fe764568279acfe6da91fa0d228 to remote] DEBUG org.asynchttpclient.netty.request.NettyRequestSender - Using pooled Channel '[id: 0x3282bc7a, L:/127.0.0.1:52149 - R:localhost/127.0.0.1:51417]' for 'POST' to 'http://localhost:51417/session/65b61fe764568279acfe6da91fa0d228/element'
21:54:30.515 [Forwarding findElement on session 65b61fe764568279acfe6da91fa0d228 to remote] DEBUG org.asynchttpclient.netty.request.NettyRequestSender - Using open Channel [id: 0x3282bc7a, L:/127.0.0.1:52149 - R:localhost/127.0.0.1:51417] for POST '/session/65b61fe764568279acfe6da91fa0d228/element'
21:54:30.549 [AsyncHttpClient-1-5] DEBUG org.asynchttpclient.netty.handler.HttpHandler - 

Request DefaultHttpRequest(decodeResult: success, version: HTTP/1.1)
POST /session/65b61fe764568279acfe6da91fa0d228/element HTTP/1.1
User-Agent: selenium/4.1.2 (java windows)
Content-Length: 125
Content-Type: application/json; charset=utf-8
host: localhost:51417
accept: */*

Response DefaultHttpResponse(decodeResult: success, version: HTTP/1.1)
HTTP/1.1 200 OK
Content-Type: application/json; charset=utf-8
cache-control: no-cache
content-length: 88

21:54:30.549 [AsyncHttpClient-1-5] DEBUG org.asynchttpclient.netty.channel.ChannelManager - Adding key: http://localhost:51417 for channel [id: 0x3282bc7a, L:/127.0.0.1:52149 - R:localhost/127.0.0.1:51417]
21:54:30.559 [Forwarding isElementDisplayed on session 65b61fe764568279acfe6da91fa0d228 to remote] DEBUG org.asynchttpclient.netty.request.NettyRequestSender - Using pooled Channel '[id: 0x3282bc7a, L:/127.0.0.1:52149 - R:localhost/127.0.0.1:51417]' for 'POST' to 'http://localhost:51417/session/65b61fe764568279acfe6da91fa0d228/execute/sync'
21:54:30.559 [Forwarding isElementDisplayed on session 65b61fe764568279acfe6da91fa0d228 to remote] DEBUG org.asynchttpclient.netty.request.NettyRequestSender - Using open Channel [id: 0x3282bc7a, L:/127.0.0.1:52149 - R:localhost/127.0.0.1:51417] for POST '/session/65b61fe764568279acfe6da91fa0d228/execute/sync'
21:54:30.582 [AsyncHttpClient-1-5] DEBUG org.asynchttpclient.netty.handler.HttpHandler - 

Request DefaultHttpRequest(decodeResult: success, version: HTTP/1.1)
POST /session/65b61fe764568279acfe6da91fa0d228/execute/sync HTTP/1.1
User-Agent: selenium/4.1.2 (java windows)
Content-Length: 48780
Content-Type: application/json; charset=utf-8
host: localhost:51417
accept: */*

Response DefaultHttpResponse(decodeResult: success, version: HTTP/1.1)
HTTP/1.1 200 OK
Content-Type: application/json; charset=utf-8
cache-control: no-cache
content-length: 14

21:54:30.583 [AsyncHttpClient-1-5] DEBUG org.asynchttpclient.netty.channel.ChannelManager - Adding key: http://localhost:51417 for channel [id: 0x3282bc7a, L:/127.0.0.1:52149 - R:localhost/127.0.0.1:51417]
  &amp#27;[32mThen &amp#27;[0m&amp#27;[32mI will get the &amp#27;[0m&amp#27;[32m&amp#27;[1m"i can login"&amp#27;[0m                        &amp#27;[90m# starter.stepdefinitions.LoginSteps.iWillGetThe(java.lang.String)&amp#27;[0m
21:54:30.593 [Forwarding screenshot on session 65b61fe764568279acfe6da91fa0d228 to remote] DEBUG org.asynchttpclient.netty.request.NettyRequestSender - Using pooled Channel '[id: 0x3282bc7a, L:/127.0.0.1:52149 - R:localhost/127.0.0.1:51417]' for 'GET' to 'http://localhost:51417/session/65b61fe764568279acfe6da91fa0d228/screenshot'
21:54:30.593 [Forwarding screenshot on session 65b61fe764568279acfe6da91fa0d228 to remote] DEBUG org.asynchttpclient.netty.request.NettyRequestSender - Using open Channel [id: 0x3282bc7a, L:/127.0.0.1:52149 - R:localhost/127.0.0.1:51417] for GET '/session/65b61fe764568279acfe6da91fa0d228/screenshot'
21:54:30.779 [AsyncHttpClient-1-5] DEBUG org.asynchttpclient.netty.handler.HttpHandler - 

Request DefaultFullHttpRequest(decodeResult: success, version: HTTP/1.1, content: EmptyByteBufBE)
GET /session/65b61fe764568279acfe6da91fa0d228/screenshot HTTP/1.1
User-Agent: selenium/4.1.2 (java windows)
Cache-Control: no-cache
Content-Type: application/json; charset=utf-8
host: localhost:51417
accept: */*

Response DefaultHttpResponse(decodeResult: success, version: HTTP/1.1)
HTTP/1.1 200 OK
Content-Type: application/json; charset=utf-8
cache-control: no-cache
content-length: 25640

21:54:30.780 [AsyncHttpClient-1-5] DEBUG org.asynchttpclient.netty.channel.ChannelManager - Adding key: http://localhost:51417 for channel [id: 0x3282bc7a, L:/127.0.0.1:52149 - R:localhost/127.0.0.1:51417]
21:54:30.782 [main] DEBUG net.serenitybdd.core.photography.Darkroom - Send negative for processing for target\site\serenity\1a3d411023ba33ed755cff59bcc95d47cdce96584c1a1cdcd19a00f1495c2b3b.png
21:54:30.783 [Darkroom Processing Line] DEBUG net.serenitybdd.core.photography.DarkroomProcessingLine - Processing screenshot image in /var/screenshots/screenshot-11409085482438599792
21:54:30.783 [Darkroom Processing Line] DEBUG net.serenitybdd.core.photography.DarkroomProcessingLine - Saving screenshot to target\site\serenity\1a3d411023ba33ed755cff59bcc95d47cdce96584c1a1cdcd19a00f1495c2b3b.png
21:54:30.799 [AsyncHttpClient-1-7] DEBUG org.asynchttpclient.netty.handler.WebSocketHandler - Channel Closed: [id: 0xa375c609, L:/127.0.0.1:52156 ! R:localhost/127.0.0.1:52150] with attribute NettyResponseFuture{currentRetry=5,
	isDone=1,
	isCancelled=0,
	asyncHandler=org.asynchttpclient.ws.WebSocketUpgradeHandler@79aaf229,
	nettyRequest=org.asynchttpclient.netty.request.NettyRequest@3ca87378,
	future=java.util.concurrent.CompletableFuture@5b57bde5[Completed normally],
	uri=ws://localhost:52150/devtools/browser/896926a0-687d-4258-bb00-1fd665d1c5c6,
	keepAlive=true,
	redirectCount=0,
	timeoutsHolder=null,
	inAuth=0,
	touch=1667573664162}
21:54:30.800 [AsyncHttpClient-1-7] DEBUG org.asynchttpclient.netty.channel.ChannelManager - Closing Channel [id: 0xa375c609, L:/127.0.0.1:52156 ! R:localhost/127.0.0.1:52150] 
21:54:30.802 [Driver Command Executor] DEBUG org.asynchttpclient.netty.request.NettyRequestSender - Using pooled Channel '[id: 0x3282bc7a, L:/127.0.0.1:52149 - R:localhost/127.0.0.1:51417]' for 'DELETE' to 'http://localhost:51417/session/65b61fe764568279acfe6da91fa0d228'
21:54:30.803 [Driver Command Executor] DEBUG org.asynchttpclient.netty.request.NettyRequestSender - Using open Channel [id: 0x3282bc7a, L:/127.0.0.1:52149 - R:localhost/127.0.0.1:51417] for DELETE '/session/65b61fe764568279acfe6da91fa0d228'
21:54:31.054 [AsyncHttpClient-1-6] DEBUG org.asynchttpclient.netty.handler.HttpHandler - Unexpected I/O exception on channel [id: 0xce038666, L:/127.0.0.1:52155 - R:localhost/127.0.0.1:52150]
java.io.IOException: An existing connection was forcibly closed by the remote host
	at java.base/sun.nio.ch.SocketDispatcher.read0(Native Method)
	at java.base/sun.nio.ch.SocketDispatcher.read(SocketDispatcher.java:43)
	at java.base/sun.nio.ch.IOUtil.readIntoNativeBuffer(IOUtil.java:276)
	at java.base/sun.nio.ch.IOUtil.read(IOUtil.java:233)
	at java.base/sun.nio.ch.IOUtil.read(IOUtil.java:223)
	at java.base/sun.nio.ch.SocketChannelImpl.read(SocketChannelImpl.java:358)
	at io.netty.buffer.PooledByteBuf.setBytes(PooledByteBuf.java:258)
	at io.netty.buffer.AbstractByteBuf.writeBytes(AbstractByteBuf.java:1132)
	at io.netty.channel.socket.nio.NioSocketChannel.doReadBytes(NioSocketChannel.java:350)
	at io.netty.channel.nio.AbstractNioByteChannel$NioByteUnsafe.read(AbstractNioByteChannel.java:151)
	at io.netty.channel.nio.NioEventLoop.processSelectedKey(NioEventLoop.java:722)
	at io.netty.channel.nio.NioEventLoop.processSelectedKeysOptimized(NioEventLoop.java:658)
	at io.netty.channel.nio.NioEventLoop.processSelectedKeys(NioEventLoop.java:584)
	at io.netty.channel.nio.NioEventLoop.run(NioEventLoop.java:496)
	at io.netty.util.concurrent.SingleThreadEventExecutor$4.run(SingleThreadEventExecutor.java:986)
	at io.netty.util.internal.ThreadExecutorMap$2.run(ThreadExecutorMap.java:74)
	at io.netty.util.concurrent.FastThreadLocalRunnable.run(FastThreadLocalRunnable.java:30)
	at java.base/java.lang.Thread.run(Thread.java:834)
21:54:31.054 [AsyncHttpClient-1-6] DEBUG org.asynchttpclient.netty.channel.ChannelManager - Closing Channel [id: 0xce038666, L:/127.0.0.1:52155 - R:localhost/127.0.0.1:52150] 
21:54:31.055 [AsyncHttpClient-1-6] DEBUG org.asynchttpclient.netty.handler.HttpHandler - Channel Closed: [id: 0xce038666, L:/127.0.0.1:52155 ! R:localhost/127.0.0.1:52150] with attribute DISCARD
21:54:31.100 [AsyncHttpClient-1-5] DEBUG org.asynchttpclient.netty.handler.HttpHandler - 

Request DefaultFullHttpRequest(decodeResult: success, version: HTTP/1.1, content: EmptyByteBufBE)
DELETE /session/65b61fe764568279acfe6da91fa0d228 HTTP/1.1
User-Agent: selenium/4.1.2 (java windows)
Content-Type: application/json; charset=utf-8
host: localhost:51417
accept: */*

Response DefaultHttpResponse(decodeResult: success, version: HTTP/1.1)
HTTP/1.1 200 OK
Content-Type: application/json; charset=utf-8
cache-control: no-cache
content-length: 14

21:54:31.101 [AsyncHttpClient-1-5] DEBUG org.asynchttpclient.netty.channel.ChannelManager - Adding key: http://localhost:51417 for channel [id: 0x3282bc7a, L:/127.0.0.1:52149 - R:localhost/127.0.0.1:51417]
21:54:31.375 [AsyncHttpClient-1-1] DEBUG org.asynchttpclient.netty.channel.DefaultChannelPool - Entry count for : http://localhost:51417 : 1
21:54:31.375 [AsyncHttpClient-1-1] DEBUG org.asynchttpclient.netty.channel.DefaultChannelPool - Entry count for : http://localhost:52150 : 1
21:54:31.375 [AsyncHttpClient-1-1] DEBUG org.asynchttpclient.netty.channel.DefaultChannelPool - Adding Candidate expired Channel [id: 0xce038666, L:/127.0.0.1:52155 ! R:localhost/127.0.0.1:52150] isIdleTimeoutExpired=false isRemotelyClosed=true isTtlExpired=false
21:54:31.375 [AsyncHttpClient-1-1] DEBUG org.asynchttpclient.netty.channel.DefaultChannelPool - Closing Idle Channel [id: 0xce038666, L:/127.0.0.1:52155 ! R:localhost/127.0.0.1:52150]
21:54:31.375 [AsyncHttpClient-1-1] DEBUG org.asynchttpclient.netty.channel.DefaultChannelPool - Closed 1 connections out of 2 in 0 ms
21:54:31.391 [AsyncHttpClient-1-5] DEBUG org.asynchttpclient.netty.handler.HttpHandler - Channel Closed: [id: 0x3282bc7a, L:/127.0.0.1:52149 ! R:localhost/127.0.0.1:51417] with attribute DISCARD
21:54:31.507 [main] INFO  - 
  _____   ___   ___   _____     ___     _     ___   ___   ___   ___  
 |_   _| | __| / __| |_   _|   | _ \   /_\   / __| / __| | __| |   \ 
   | |   | _|  \__ \   | |     |  _/  / _ \  \__ \ \__ \ | _|  | |) |
   |_|   |___| |___/   |_|     |_|   /_/ \_\ |___/ |___/ |___| |___/ 

Login account
----------------------------------------------------------------------
]]></system-out>
    <system-err><![CDATA[Starting ChromeDriver 106.0.5249.61 (511755355844955cd3e264779baf0dd38212a4d0-refs/branch-heads/5249@{#569}) on port 51417
Only local connections are allowed.
Please see https://chromedriver.chromium.org/security-considerations for suggestions on keeping ChromeDriver safe.
ChromeDriver was started successfully.
[1667573664.056][WARNING]: This version of ChromeDriver has not been tested with Chrome version 107.
Nov 04, 2022 9:54:24 PM org.openqa.selenium.remote.ProtocolHandshake createSession
INFO: Detected dialect: W3C
Nov 04, 2022 9:54:24 PM org.openqa.selenium.devtools.CdpVersionFinder findNearestMatch
WARNING: Unable to find an exact match for CDP version 107, so returning the closest version found: a no-op implementation
Nov 04, 2022 9:54:24 PM org.openqa.selenium.devtools.CdpVersionFinder findNearestMatch
INFO: Unable to find CDP implementation matching 107.
Nov 04, 2022 9:54:24 PM org.openqa.selenium.chromium.ChromiumDriver lambda$new$3
WARNING: Unable to find version of CDP to use for . You may need to include a dependency on a specific version of the CDP using something similar to `org.seleniumhq.selenium:selenium-devtools-v86:4.1.2` where the version ("v86") matches the version of the chromium-based browser you're using and the version number of the artifact is the same as Selenium's.
]]></system-err>
  </testcase>
  <testcase name="Login account #2" classname="Login" time="10.161">
    <system-out><![CDATA[
@Logins @Login
Scenario Outline: Login account                         &amp#27;[90m# src/test/resources/features/Login.feature:17&amp#27;[0m
21:54:31.560 [main] INFO io.cucumber.core.plugin.SerenityReporter - Running feature from file:///C:/Users/ACER/Documents/Mini_Proyek/test-web/src/test/resources/features/Login.feature
21:54:31.603 [main] INFO net.serenitybdd.core.webdriver.driverproviders.ChromeDriverProvider - Using automatically driver download
21:54:32.609 [AsyncHttpClient-1-1] DEBUG org.asynchttpclient.netty.channel.DefaultChannelPool - Entry count for : http://localhost:51417 : 1
21:54:32.609 [AsyncHttpClient-1-1] DEBUG org.asynchttpclient.netty.channel.DefaultChannelPool - Adding Candidate expired Channel [id: 0x3282bc7a, L:/127.0.0.1:52149 ! R:localhost/127.0.0.1:51417] isIdleTimeoutExpired=false isRemotelyClosed=true isTtlExpired=false
21:54:32.609 [AsyncHttpClient-1-1] DEBUG org.asynchttpclient.netty.channel.DefaultChannelPool - Closing Idle Channel [id: 0x3282bc7a, L:/127.0.0.1:52149 ! R:localhost/127.0.0.1:51417]
21:54:32.609 [AsyncHttpClient-1-1] DEBUG org.asynchttpclient.netty.channel.DefaultChannelPool - Closed 1 connections out of 1 in 0 ms
21:54:33.552 [main] DEBUG io.github.bonigarcia.wdm.cache.ResolutionCache - Resolution chrome=107 in cache (valid until 22:53:45 04/11/2022 ICT)
21:54:33.600 [main] DEBUG io.github.bonigarcia.wdm.cache.ResolutionCache - Resolution chrome107=107.0.5304.62 in cache (valid until 21:53:45 05/11/2022 ICT)
21:54:33.612 [main] INFO io.github.bonigarcia.wdm.WebDriverManager - Using chromedriver 107.0.5304.62 (resolved driver for Chrome 107)
21:54:33.679 [main] DEBUG io.github.bonigarcia.wdm.WebDriverManager - Driver chromedriver 107.0.5304.62 found in cache
21:54:33.681 [main] INFO io.github.bonigarcia.wdm.WebDriverManager - Exporting webdriver.chrome.driver as C:\Users\ACER\.cache\selenium\chromedriver\win32\107.0.5304.62\chromedriver.exe
21:54:34.206 [main] DEBUG net.serenitybdd.core.webdriver.driverproviders.ProvideNewDriver - Instantiating driver
21:54:34.206 [main] DEBUG net.serenitybdd.core.webdriver.driverproviders.ProvideNewDriver - Driver capabilities: Capabilities {acceptInsecureCerts: false, base.url: https://alta-shop.vercel.app, browserName: chrome, chrome.driver: src/test/resources/webdrive..., driver: chrome, goog:chromeOptions: {args: [], extensions: []}, wait.for.timeout: 15000}
21:54:34.434 [AsyncHttpClient-1-8] DEBUG org.asynchttpclient.netty.channel.NettyConnectListener - Using new Channel '[id: 0x6ce12093, L:/127.0.0.1:52175 - R:localhost/127.0.0.1:63483]' for 'POST' to '/session'
21:54:35.705 [AsyncHttpClient-1-8] DEBUG org.asynchttpclient.netty.handler.HttpHandler - 

Request DefaultHttpRequest(decodeResult: success, version: HTTP/1.1)
POST /session HTTP/1.1
User-Agent: selenium/4.1.2 (java windows)
Content-Length: 640
Content-Type: application/json; charset=utf-8
host: localhost:63483
accept: */*

Response DefaultHttpResponse(decodeResult: success, version: HTTP/1.1)
HTTP/1.1 200 OK
Content-Type: application/json; charset=utf-8
cache-control: no-cache
content-length: 787

21:54:35.705 [AsyncHttpClient-1-8] DEBUG org.asynchttpclient.netty.channel.ChannelManager - Adding key: http://localhost:63483 for channel [id: 0x6ce12093, L:/127.0.0.1:52175 - R:localhost/127.0.0.1:63483]
21:54:35.808 [AsyncHttpClient-1-9] DEBUG org.asynchttpclient.netty.channel.NettyConnectListener - Using new Channel '[id: 0xdbecfad4, L:/127.0.0.1:52182 - R:localhost/127.0.0.1:52176]' for 'GET' to '/json/version'
21:54:35.819 [AsyncHttpClient-1-9] DEBUG org.asynchttpclient.netty.handler.HttpHandler - 

Request DefaultFullHttpRequest(decodeResult: success, version: HTTP/1.1, content: EmptyByteBufBE)
GET /json/version HTTP/1.1
User-Agent: selenium/4.1.2 (java windows)
host: localhost:52176
accept: */*

Response DefaultHttpResponse(decodeResult: success, version: HTTP/1.1)
HTTP/1.1 200 OK
Content-Type: application/json; charset=UTF-8
content-length: 423

21:54:35.819 [AsyncHttpClient-1-9] DEBUG org.asynchttpclient.netty.channel.ChannelManager - Adding key: http://localhost:52176 for channel [id: 0xdbecfad4, L:/127.0.0.1:52182 - R:localhost/127.0.0.1:52176]
21:54:35.825 [AsyncHttpClient-1-2] DEBUG org.asynchttpclient.netty.channel.NettyConnectListener - Using new Channel '[id: 0x56e215d4, L:/127.0.0.1:52183 - R:localhost/127.0.0.1:52176]' for 'GET' to '/devtools/browser/3da42c5f-ecc9-4d32-8422-51523a36c73c'
21:54:35.826 [AsyncHttpClient-1-2] DEBUG org.asynchttpclient.netty.handler.WebSocketHandler - 

Request DefaultFullHttpRequest(decodeResult: success, version: HTTP/1.1, content: EmptyByteBufBE)
GET /devtools/browser/3da42c5f-ecc9-4d32-8422-51523a36c73c HTTP/1.1
upgrade: websocket
connection: upgrade
sec-websocket-key: VD9uzHTVzgRHBO6FcbhsnQ==
sec-websocket-version: 13
origin: http://localhost:52176
host: localhost:52176
accept: */*
user-agent: AHC/2.1

Response DefaultHttpResponse(decodeResult: success, version: HTTP/1.1)
HTTP/1.1 101 WebSocket Protocol Handshake
Upgrade: WebSocket
Connection: Upgrade
Sec-WebSocket-Accept: j3SLudFR3pOBlXOVY1nxuDEBcZM=

21:54:35.841 [Forwarding get on session c96e50284e4b186201b3c0c7182f2d98 to remote] DEBUG org.asynchttpclient.netty.request.NettyRequestSender - Using pooled Channel '[id: 0x6ce12093, L:/127.0.0.1:52175 - R:localhost/127.0.0.1:63483]' for 'POST' to 'http://localhost:63483/session/c96e50284e4b186201b3c0c7182f2d98/url'
21:54:35.841 [Forwarding get on session c96e50284e4b186201b3c0c7182f2d98 to remote] DEBUG org.asynchttpclient.netty.request.NettyRequestSender - Using open Channel [id: 0x6ce12093, L:/127.0.0.1:52175 - R:localhost/127.0.0.1:63483] for POST '/session/c96e50284e4b186201b3c0c7182f2d98/url'
21:54:35.906 [AsyncHttpClient-1-1] DEBUG org.asynchttpclient.netty.channel.DefaultChannelPool - Entry count for : http://localhost:52176 : 1
21:54:36.973 [AsyncHttpClient-1-1] DEBUG org.asynchttpclient.netty.channel.DefaultChannelPool - Entry count for : http://localhost:52176 : 1
21:54:37.288 [AsyncHttpClient-1-8] DEBUG org.asynchttpclient.netty.handler.HttpHandler - 

Request DefaultHttpRequest(decodeResult: success, version: HTTP/1.1)
POST /session/c96e50284e4b186201b3c0c7182f2d98/url HTTP/1.1
User-Agent: selenium/4.1.2 (java windows)
Content-Length: 59
Content-Type: application/json; charset=utf-8
host: localhost:63483
accept: */*

Response DefaultHttpResponse(decodeResult: success, version: HTTP/1.1)
HTTP/1.1 200 OK
Content-Type: application/json; charset=utf-8
cache-control: no-cache
content-length: 14

21:54:37.288 [AsyncHttpClient-1-8] DEBUG org.asynchttpclient.netty.channel.ChannelManager - Adding key: http://localhost:63483 for channel [id: 0x6ce12093, L:/127.0.0.1:52175 - R:localhost/127.0.0.1:63483]
21:54:37.291 [Forwarding setTimeout on session c96e50284e4b186201b3c0c7182f2d98 to remote] DEBUG org.asynchttpclient.netty.request.NettyRequestSender - Using pooled Channel '[id: 0x6ce12093, L:/127.0.0.1:52175 - R:localhost/127.0.0.1:63483]' for 'POST' to 'http://localhost:63483/session/c96e50284e4b186201b3c0c7182f2d98/timeouts'
21:54:37.291 [Forwarding setTimeout on session c96e50284e4b186201b3c0c7182f2d98 to remote] DEBUG org.asynchttpclient.netty.request.NettyRequestSender - Using open Channel [id: 0x6ce12093, L:/127.0.0.1:52175 - R:localhost/127.0.0.1:63483] for POST '/session/c96e50284e4b186201b3c0c7182f2d98/timeouts'
21:54:37.294 [AsyncHttpClient-1-8] DEBUG org.asynchttpclient.netty.handler.HttpHandler - 

Request DefaultHttpRequest(decodeResult: success, version: HTTP/1.1)
POST /session/c96e50284e4b186201b3c0c7182f2d98/timeouts HTTP/1.1
User-Agent: selenium/4.1.2 (java windows)
Content-Length: 22
Content-Type: application/json; charset=utf-8
host: localhost:63483
accept: */*

Response DefaultHttpResponse(decodeResult: success, version: HTTP/1.1)
HTTP/1.1 200 OK
Content-Type: application/json; charset=utf-8
cache-control: no-cache
content-length: 14

21:54:37.295 [AsyncHttpClient-1-8] DEBUG org.asynchttpclient.netty.channel.ChannelManager - Adding key: http://localhost:63483 for channel [id: 0x6ce12093, L:/127.0.0.1:52175 - R:localhost/127.0.0.1:63483]
21:54:37.301 [Forwarding getCurrentUrl on session c96e50284e4b186201b3c0c7182f2d98 to remote] DEBUG org.asynchttpclient.netty.request.NettyRequestSender - Using pooled Channel '[id: 0x6ce12093, L:/127.0.0.1:52175 - R:localhost/127.0.0.1:63483]' for 'GET' to 'http://localhost:63483/session/c96e50284e4b186201b3c0c7182f2d98/url'
21:54:37.302 [Forwarding getCurrentUrl on session c96e50284e4b186201b3c0c7182f2d98 to remote] DEBUG org.asynchttpclient.netty.request.NettyRequestSender - Using open Channel [id: 0x6ce12093, L:/127.0.0.1:52175 - R:localhost/127.0.0.1:63483] for GET '/session/c96e50284e4b186201b3c0c7182f2d98/url'
21:54:37.321 [AsyncHttpClient-1-8] DEBUG org.asynchttpclient.netty.handler.HttpHandler - 

Request DefaultFullHttpRequest(decodeResult: success, version: HTTP/1.1, content: EmptyByteBufBE)
GET /session/c96e50284e4b186201b3c0c7182f2d98/url HTTP/1.1
User-Agent: selenium/4.1.2 (java windows)
Cache-Control: no-cache
Content-Type: application/json; charset=utf-8
host: localhost:63483
accept: */*

Response DefaultHttpResponse(decodeResult: success, version: HTTP/1.1)
HTTP/1.1 200 OK
Content-Type: application/json; charset=utf-8
cache-control: no-cache
content-length: 41

21:54:37.322 [AsyncHttpClient-1-8] DEBUG org.asynchttpclient.netty.channel.ChannelManager - Adding key: http://localhost:63483 for channel [id: 0x6ce12093, L:/127.0.0.1:52175 - R:localhost/127.0.0.1:63483]
  &amp#27;[32mGiven &amp#27;[0m&amp#27;[32mI am on the website page&amp#27;[0m                        &amp#27;[90m# starter.stepdefinitions.LoginSteps.iAmOnTheWebsitePage()&amp#27;[0m
21:54:37.344 [Forwarding screenshot on session c96e50284e4b186201b3c0c7182f2d98 to remote] DEBUG org.asynchttpclient.netty.request.NettyRequestSender - Using pooled Channel '[id: 0x6ce12093, L:/127.0.0.1:52175 - R:localhost/127.0.0.1:63483]' for 'GET' to 'http://localhost:63483/session/c96e50284e4b186201b3c0c7182f2d98/screenshot'
21:54:37.344 [Forwarding screenshot on session c96e50284e4b186201b3c0c7182f2d98 to remote] DEBUG org.asynchttpclient.netty.request.NettyRequestSender - Using open Channel [id: 0x6ce12093, L:/127.0.0.1:52175 - R:localhost/127.0.0.1:63483] for GET '/session/c96e50284e4b186201b3c0c7182f2d98/screenshot'
21:54:38.058 [AsyncHttpClient-1-8] DEBUG org.asynchttpclient.netty.handler.HttpHandler - 

Request DefaultFullHttpRequest(decodeResult: success, version: HTTP/1.1, content: EmptyByteBufBE)
GET /session/c96e50284e4b186201b3c0c7182f2d98/screenshot HTTP/1.1
User-Agent: selenium/4.1.2 (java windows)
Cache-Control: no-cache
Content-Type: application/json; charset=utf-8
host: localhost:63483
accept: */*

Response DefaultHttpResponse(decodeResult: success, version: HTTP/1.1)
HTTP/1.1 200 OK
Content-Type: application/json; charset=utf-8
cache-control: no-cache
content-length: 22572

21:54:38.063 [AsyncHttpClient-1-8] DEBUG org.asynchttpclient.netty.channel.ChannelManager - Adding key: http://localhost:63483 for channel [id: 0x6ce12093, L:/127.0.0.1:52175 - R:localhost/127.0.0.1:63483]
21:54:38.075 [main] DEBUG net.serenitybdd.core.photography.Darkroom - Send negative for processing for target\site\serenity\9aba924d589b7b293834bc4b18d4191001a7ff421633cbf28b0b80b602c6a301.png
21:54:38.088 [Darkroom Processing Line] DEBUG net.serenitybdd.core.photography.DarkroomProcessingLine - Processing screenshot image in /var/screenshots/screenshot-1159875434695233687
21:54:38.088 [Darkroom Processing Line] DEBUG net.serenitybdd.core.photography.DarkroomProcessingLine - Saving screenshot to target\site\serenity\9aba924d589b7b293834bc4b18d4191001a7ff421633cbf28b0b80b602c6a301.png
21:54:38.104 [AsyncHttpClient-1-1] DEBUG org.asynchttpclient.netty.channel.DefaultChannelPool - Entry count for : http://localhost:63483 : 1
21:54:38.104 [AsyncHttpClient-1-1] DEBUG org.asynchttpclient.netty.channel.DefaultChannelPool - Entry count for : http://localhost:52176 : 1
21:54:38.117 [Forwarding findElement on session c96e50284e4b186201b3c0c7182f2d98 to remote] DEBUG org.asynchttpclient.netty.request.NettyRequestSender - Using pooled Channel '[id: 0x6ce12093, L:/127.0.0.1:52175 - R:localhost/127.0.0.1:63483]' for 'POST' to 'http://localhost:63483/session/c96e50284e4b186201b3c0c7182f2d98/element'
21:54:38.117 [Forwarding findElement on session c96e50284e4b186201b3c0c7182f2d98 to remote] DEBUG org.asynchttpclient.netty.request.NettyRequestSender - Using open Channel [id: 0x6ce12093, L:/127.0.0.1:52175 - R:localhost/127.0.0.1:63483] for POST '/session/c96e50284e4b186201b3c0c7182f2d98/element'
21:54:38.164 [AsyncHttpClient-1-8] DEBUG org.asynchttpclient.netty.handler.HttpHandler - 

Request DefaultHttpRequest(decodeResult: success, version: HTTP/1.1)
POST /session/c96e50284e4b186201b3c0c7182f2d98/element HTTP/1.1
User-Agent: selenium/4.1.2 (java windows)
Content-Length: 97
Content-Type: application/json; charset=utf-8
host: localhost:63483
accept: */*

Response DefaultHttpResponse(decodeResult: success, version: HTTP/1.1)
HTTP/1.1 200 OK
Content-Type: application/json; charset=utf-8
cache-control: no-cache
content-length: 88

21:54:38.164 [AsyncHttpClient-1-8] DEBUG org.asynchttpclient.netty.channel.ChannelManager - Adding key: http://localhost:63483 for channel [id: 0x6ce12093, L:/127.0.0.1:52175 - R:localhost/127.0.0.1:63483]
21:54:38.168 [Forwarding getElementTagName on session c96e50284e4b186201b3c0c7182f2d98 to remote] DEBUG org.asynchttpclient.netty.request.NettyRequestSender - Using pooled Channel '[id: 0x6ce12093, L:/127.0.0.1:52175 - R:localhost/127.0.0.1:63483]' for 'GET' to 'http://localhost:63483/session/c96e50284e4b186201b3c0c7182f2d98/element/9af280ad-fd96-4c53-9f2a-b94885e755b8/name'
21:54:38.169 [Forwarding getElementTagName on session c96e50284e4b186201b3c0c7182f2d98 to remote] DEBUG org.asynchttpclient.netty.request.NettyRequestSender - Using open Channel [id: 0x6ce12093, L:/127.0.0.1:52175 - R:localhost/127.0.0.1:63483] for GET '/session/c96e50284e4b186201b3c0c7182f2d98/element/9af280ad-fd96-4c53-9f2a-b94885e755b8/name'
21:54:38.181 [AsyncHttpClient-1-8] DEBUG org.asynchttpclient.netty.handler.HttpHandler - 

Request DefaultFullHttpRequest(decodeResult: success, version: HTTP/1.1, content: EmptyByteBufBE)
GET /session/c96e50284e4b186201b3c0c7182f2d98/element/9af280ad-fd96-4c53-9f2a-b94885e755b8/name HTTP/1.1
User-Agent: selenium/4.1.2 (java windows)
Cache-Control: no-cache
Content-Type: application/json; charset=utf-8
host: localhost:63483
accept: */*

Response DefaultHttpResponse(decodeResult: success, version: HTTP/1.1)
HTTP/1.1 200 OK
Content-Type: application/json; charset=utf-8
cache-control: no-cache
content-length: 13

21:54:38.181 [AsyncHttpClient-1-8] DEBUG org.asynchttpclient.netty.channel.ChannelManager - Adding key: http://localhost:63483 for channel [id: 0x6ce12093, L:/127.0.0.1:52175 - R:localhost/127.0.0.1:63483]
21:54:38.184 [Forwarding getElementTagName on session c96e50284e4b186201b3c0c7182f2d98 to remote] DEBUG org.asynchttpclient.netty.request.NettyRequestSender - Using pooled Channel '[id: 0x6ce12093, L:/127.0.0.1:52175 - R:localhost/127.0.0.1:63483]' for 'GET' to 'http://localhost:63483/session/c96e50284e4b186201b3c0c7182f2d98/element/9af280ad-fd96-4c53-9f2a-b94885e755b8/name'
21:54:38.185 [Forwarding getElementTagName on session c96e50284e4b186201b3c0c7182f2d98 to remote] DEBUG org.asynchttpclient.netty.request.NettyRequestSender - Using open Channel [id: 0x6ce12093, L:/127.0.0.1:52175 - R:localhost/127.0.0.1:63483] for GET '/session/c96e50284e4b186201b3c0c7182f2d98/element/9af280ad-fd96-4c53-9f2a-b94885e755b8/name'
21:54:38.192 [AsyncHttpClient-1-8] DEBUG org.asynchttpclient.netty.handler.HttpHandler - 

Request DefaultFullHttpRequest(decodeResult: success, version: HTTP/1.1, content: EmptyByteBufBE)
GET /session/c96e50284e4b186201b3c0c7182f2d98/element/9af280ad-fd96-4c53-9f2a-b94885e755b8/name HTTP/1.1
User-Agent: selenium/4.1.2 (java windows)
Cache-Control: no-cache
Content-Type: application/json; charset=utf-8
host: localhost:63483
accept: */*

Response DefaultHttpResponse(decodeResult: success, version: HTTP/1.1)
HTTP/1.1 200 OK
Content-Type: application/json; charset=utf-8
cache-control: no-cache
content-length: 13

21:54:38.192 [AsyncHttpClient-1-8] DEBUG org.asynchttpclient.netty.channel.ChannelManager - Adding key: http://localhost:63483 for channel [id: 0x6ce12093, L:/127.0.0.1:52175 - R:localhost/127.0.0.1:63483]
21:54:38.200 [Forwarding findElement on session c96e50284e4b186201b3c0c7182f2d98 to remote] DEBUG org.asynchttpclient.netty.request.NettyRequestSender - Using pooled Channel '[id: 0x6ce12093, L:/127.0.0.1:52175 - R:localhost/127.0.0.1:63483]' for 'POST' to 'http://localhost:63483/session/c96e50284e4b186201b3c0c7182f2d98/element'
21:54:38.200 [Forwarding findElement on session c96e50284e4b186201b3c0c7182f2d98 to remote] DEBUG org.asynchttpclient.netty.request.NettyRequestSender - Using open Channel [id: 0x6ce12093, L:/127.0.0.1:52175 - R:localhost/127.0.0.1:63483] for POST '/session/c96e50284e4b186201b3c0c7182f2d98/element'
21:54:38.220 [AsyncHttpClient-1-8] DEBUG org.asynchttpclient.netty.handler.HttpHandler - 

Request DefaultHttpRequest(decodeResult: success, version: HTTP/1.1)
POST /session/c96e50284e4b186201b3c0c7182f2d98/element HTTP/1.1
User-Agent: selenium/4.1.2 (java windows)
Content-Length: 97
Content-Type: application/json; charset=utf-8
host: localhost:63483
accept: */*

Response DefaultHttpResponse(decodeResult: success, version: HTTP/1.1)
HTTP/1.1 200 OK
Content-Type: application/json; charset=utf-8
cache-control: no-cache
content-length: 88

21:54:38.220 [AsyncHttpClient-1-8] DEBUG org.asynchttpclient.netty.channel.ChannelManager - Adding key: http://localhost:63483 for channel [id: 0x6ce12093, L:/127.0.0.1:52175 - R:localhost/127.0.0.1:63483]
21:54:38.223 [Forwarding clickElement on session c96e50284e4b186201b3c0c7182f2d98 to remote] DEBUG org.asynchttpclient.netty.request.NettyRequestSender - Using pooled Channel '[id: 0x6ce12093, L:/127.0.0.1:52175 - R:localhost/127.0.0.1:63483]' for 'POST' to 'http://localhost:63483/session/c96e50284e4b186201b3c0c7182f2d98/element/9af280ad-fd96-4c53-9f2a-b94885e755b8/click'
21:54:38.223 [Forwarding clickElement on session c96e50284e4b186201b3c0c7182f2d98 to remote] DEBUG org.asynchttpclient.netty.request.NettyRequestSender - Using open Channel [id: 0x6ce12093, L:/127.0.0.1:52175 - R:localhost/127.0.0.1:63483] for POST '/session/c96e50284e4b186201b3c0c7182f2d98/element/9af280ad-fd96-4c53-9f2a-b94885e755b8/click'
21:54:38.392 [AsyncHttpClient-1-8] DEBUG org.asynchttpclient.netty.handler.HttpHandler - 

Request DefaultHttpRequest(decodeResult: success, version: HTTP/1.1)
POST /session/c96e50284e4b186201b3c0c7182f2d98/element/9af280ad-fd96-4c53-9f2a-b94885e755b8/click HTTP/1.1
User-Agent: selenium/4.1.2 (java windows)
Content-Length: 50
Content-Type: application/json; charset=utf-8
host: localhost:63483
accept: */*

Response DefaultHttpResponse(decodeResult: success, version: HTTP/1.1)
HTTP/1.1 200 OK
Content-Type: application/json; charset=utf-8
cache-control: no-cache
content-length: 14

21:54:38.394 [AsyncHttpClient-1-8] DEBUG org.asynchttpclient.netty.channel.ChannelManager - Adding key: http://localhost:63483 for channel [id: 0x6ce12093, L:/127.0.0.1:52175 - R:localhost/127.0.0.1:63483]
  &amp#27;[32mWhen &amp#27;[0m&amp#27;[32mI clik sigin button&amp#27;[0m                              &amp#27;[90m# starter.stepdefinitions.LoginSteps.iClikSiginButton()&amp#27;[0m
21:54:38.435 [Forwarding screenshot on session c96e50284e4b186201b3c0c7182f2d98 to remote] DEBUG org.asynchttpclient.netty.request.NettyRequestSender - Using pooled Channel '[id: 0x6ce12093, L:/127.0.0.1:52175 - R:localhost/127.0.0.1:63483]' for 'GET' to 'http://localhost:63483/session/c96e50284e4b186201b3c0c7182f2d98/screenshot'
21:54:38.435 [Forwarding screenshot on session c96e50284e4b186201b3c0c7182f2d98 to remote] DEBUG org.asynchttpclient.netty.request.NettyRequestSender - Using open Channel [id: 0x6ce12093, L:/127.0.0.1:52175 - R:localhost/127.0.0.1:63483] for GET '/session/c96e50284e4b186201b3c0c7182f2d98/screenshot'
21:54:38.938 [AsyncHttpClient-1-8] DEBUG org.asynchttpclient.netty.handler.HttpHandler - 

Request DefaultFullHttpRequest(decodeResult: success, version: HTTP/1.1, content: EmptyByteBufBE)
GET /session/c96e50284e4b186201b3c0c7182f2d98/screenshot HTTP/1.1
User-Agent: selenium/4.1.2 (java windows)
Cache-Control: no-cache
Content-Type: application/json; charset=utf-8
host: localhost:63483
accept: */*

Response DefaultHttpResponse(decodeResult: success, version: HTTP/1.1)
HTTP/1.1 200 OK
Content-Type: application/json; charset=utf-8
cache-control: no-cache
content-length: 24248

21:54:38.939 [AsyncHttpClient-1-8] DEBUG org.asynchttpclient.netty.channel.ChannelManager - Adding key: http://localhost:63483 for channel [id: 0x6ce12093, L:/127.0.0.1:52175 - R:localhost/127.0.0.1:63483]
21:54:38.943 [main] DEBUG net.serenitybdd.core.photography.Darkroom - Send negative for processing for target\site\serenity\8539592704de2a4d7098b98f5a75372adab05c7cbb345664333a2846908354b9.png
21:54:38.952 [Forwarding findElement on session c96e50284e4b186201b3c0c7182f2d98 to remote] DEBUG org.asynchttpclient.netty.request.NettyRequestSender - Using pooled Channel '[id: 0x6ce12093, L:/127.0.0.1:52175 - R:localhost/127.0.0.1:63483]' for 'POST' to 'http://localhost:63483/session/c96e50284e4b186201b3c0c7182f2d98/element'
21:54:38.952 [Forwarding findElement on session c96e50284e4b186201b3c0c7182f2d98 to remote] DEBUG org.asynchttpclient.netty.request.NettyRequestSender - Using open Channel [id: 0x6ce12093, L:/127.0.0.1:52175 - R:localhost/127.0.0.1:63483] for POST '/session/c96e50284e4b186201b3c0c7182f2d98/element'
21:54:38.971 [AsyncHttpClient-1-8] DEBUG org.asynchttpclient.netty.handler.HttpHandler - 

Request DefaultHttpRequest(decodeResult: success, version: HTTP/1.1)
POST /session/c96e50284e4b186201b3c0c7182f2d98/element HTTP/1.1
User-Agent: selenium/4.1.2 (java windows)
Content-Length: 88
Content-Type: application/json; charset=utf-8
host: localhost:63483
accept: */*

Response DefaultHttpResponse(decodeResult: success, version: HTTP/1.1)
HTTP/1.1 200 OK
Content-Type: application/json; charset=utf-8
cache-control: no-cache
content-length: 88

21:54:38.971 [AsyncHttpClient-1-8] DEBUG org.asynchttpclient.netty.channel.ChannelManager - Adding key: http://localhost:63483 for channel [id: 0x6ce12093, L:/127.0.0.1:52175 - R:localhost/127.0.0.1:63483]
21:54:38.974 [Forwarding clearElement on session c96e50284e4b186201b3c0c7182f2d98 to remote] DEBUG org.asynchttpclient.netty.request.NettyRequestSender - Using pooled Channel '[id: 0x6ce12093, L:/127.0.0.1:52175 - R:localhost/127.0.0.1:63483]' for 'POST' to 'http://localhost:63483/session/c96e50284e4b186201b3c0c7182f2d98/element/9da375db-0667-4589-ad2f-b14c443b5c50/clear'
21:54:38.974 [Forwarding clearElement on session c96e50284e4b186201b3c0c7182f2d98 to remote] DEBUG org.asynchttpclient.netty.request.NettyRequestSender - Using open Channel [id: 0x6ce12093, L:/127.0.0.1:52175 - R:localhost/127.0.0.1:63483] for POST '/session/c96e50284e4b186201b3c0c7182f2d98/element/9da375db-0667-4589-ad2f-b14c443b5c50/clear'
21:54:39.033 [AsyncHttpClient-1-8] DEBUG org.asynchttpclient.netty.handler.HttpHandler - 

Request DefaultHttpRequest(decodeResult: success, version: HTTP/1.1)
POST /session/c96e50284e4b186201b3c0c7182f2d98/element/9da375db-0667-4589-ad2f-b14c443b5c50/clear HTTP/1.1
User-Agent: selenium/4.1.2 (java windows)
Content-Length: 50
Content-Type: application/json; charset=utf-8
host: localhost:63483
accept: */*

Response DefaultHttpResponse(decodeResult: success, version: HTTP/1.1)
HTTP/1.1 200 OK
Content-Type: application/json; charset=utf-8
cache-control: no-cache
content-length: 14

21:54:39.034 [AsyncHttpClient-1-8] DEBUG org.asynchttpclient.netty.channel.ChannelManager - Adding key: http://localhost:63483 for channel [id: 0x6ce12093, L:/127.0.0.1:52175 - R:localhost/127.0.0.1:63483]
21:54:39.036 [Forwarding sendKeysToElement on session c96e50284e4b186201b3c0c7182f2d98 to remote] DEBUG org.asynchttpclient.netty.request.NettyRequestSender - Using pooled Channel '[id: 0x6ce12093, L:/127.0.0.1:52175 - R:localhost/127.0.0.1:63483]' for 'POST' to 'http://localhost:63483/session/c96e50284e4b186201b3c0c7182f2d98/element/9da375db-0667-4589-ad2f-b14c443b5c50/value'
21:54:39.036 [Forwarding sendKeysToElement on session c96e50284e4b186201b3c0c7182f2d98 to remote] DEBUG org.asynchttpclient.netty.request.NettyRequestSender - Using open Channel [id: 0x6ce12093, L:/127.0.0.1:52175 - R:localhost/127.0.0.1:63483] for POST '/session/c96e50284e4b186201b3c0c7182f2d98/element/9da375db-0667-4589-ad2f-b14c443b5c50/value'
21:54:39.097 [AsyncHttpClient-1-8] DEBUG org.asynchttpclient.netty.handler.HttpHandler - 

Request DefaultHttpRequest(decodeResult: success, version: HTTP/1.1)
POST /session/c96e50284e4b186201b3c0c7182f2d98/element/9da375db-0667-4589-ad2f-b14c443b5c50/value HTTP/1.1
User-Agent: selenium/4.1.2 (java windows)
Content-Length: 82
Content-Type: application/json; charset=utf-8
host: localhost:63483
accept: */*

Response DefaultHttpResponse(decodeResult: success, version: HTTP/1.1)
HTTP/1.1 200 OK
Content-Type: application/json; charset=utf-8
cache-control: no-cache
content-length: 14

21:54:39.097 [AsyncHttpClient-1-8] DEBUG org.asynchttpclient.netty.channel.ChannelManager - Adding key: http://localhost:63483 for channel [id: 0x6ce12093, L:/127.0.0.1:52175 - R:localhost/127.0.0.1:63483]
21:54:39.163 [Forwarding findElement on session c96e50284e4b186201b3c0c7182f2d98 to remote] DEBUG org.asynchttpclient.netty.request.NettyRequestSender - Using pooled Channel '[id: 0x6ce12093, L:/127.0.0.1:52175 - R:localhost/127.0.0.1:63483]' for 'POST' to 'http://localhost:63483/session/c96e50284e4b186201b3c0c7182f2d98/element'
21:54:39.163 [Forwarding findElement on session c96e50284e4b186201b3c0c7182f2d98 to remote] DEBUG org.asynchttpclient.netty.request.NettyRequestSender - Using open Channel [id: 0x6ce12093, L:/127.0.0.1:52175 - R:localhost/127.0.0.1:63483] for POST '/session/c96e50284e4b186201b3c0c7182f2d98/element'
21:54:39.182 [AsyncHttpClient-1-1] DEBUG org.asynchttpclient.netty.channel.DefaultChannelPool - Entry count for : http://localhost:52176 : 1
21:54:39.213 [AsyncHttpClient-1-8] DEBUG org.asynchttpclient.netty.handler.HttpHandler - 

Request DefaultHttpRequest(decodeResult: success, version: HTTP/1.1)
POST /session/c96e50284e4b186201b3c0c7182f2d98/element HTTP/1.1
User-Agent: selenium/4.1.2 (java windows)
Content-Length: 97
Content-Type: application/json; charset=utf-8
host: localhost:63483
accept: */*

Response DefaultHttpResponse(decodeResult: success, version: HTTP/1.1)
HTTP/1.1 200 OK
Content-Type: application/json; charset=utf-8
cache-control: no-cache
content-length: 88

21:54:39.213 [AsyncHttpClient-1-8] DEBUG org.asynchttpclient.netty.channel.ChannelManager - Adding key: http://localhost:63483 for channel [id: 0x6ce12093, L:/127.0.0.1:52175 - R:localhost/127.0.0.1:63483]
21:54:39.216 [Forwarding clearElement on session c96e50284e4b186201b3c0c7182f2d98 to remote] DEBUG org.asynchttpclient.netty.request.NettyRequestSender - Using pooled Channel '[id: 0x6ce12093, L:/127.0.0.1:52175 - R:localhost/127.0.0.1:63483]' for 'POST' to 'http://localhost:63483/session/c96e50284e4b186201b3c0c7182f2d98/element/11c46549-7ae2-49c5-8515-f55cf807cdf6/clear'
21:54:39.216 [Forwarding clearElement on session c96e50284e4b186201b3c0c7182f2d98 to remote] DEBUG org.asynchttpclient.netty.request.NettyRequestSender - Using open Channel [id: 0x6ce12093, L:/127.0.0.1:52175 - R:localhost/127.0.0.1:63483] for POST '/session/c96e50284e4b186201b3c0c7182f2d98/element/11c46549-7ae2-49c5-8515-f55cf807cdf6/clear'
21:54:39.338 [AsyncHttpClient-1-8] DEBUG org.asynchttpclient.netty.handler.HttpHandler - 

Request DefaultHttpRequest(decodeResult: success, version: HTTP/1.1)
POST /session/c96e50284e4b186201b3c0c7182f2d98/element/11c46549-7ae2-49c5-8515-f55cf807cdf6/clear HTTP/1.1
User-Agent: selenium/4.1.2 (java windows)
Content-Length: 50
Content-Type: application/json; charset=utf-8
host: localhost:63483
accept: */*

Response DefaultHttpResponse(decodeResult: success, version: HTTP/1.1)
HTTP/1.1 200 OK
Content-Type: application/json; charset=utf-8
cache-control: no-cache
content-length: 14

21:54:39.338 [AsyncHttpClient-1-8] DEBUG org.asynchttpclient.netty.channel.ChannelManager - Adding key: http://localhost:63483 for channel [id: 0x6ce12093, L:/127.0.0.1:52175 - R:localhost/127.0.0.1:63483]
21:54:39.347 [Forwarding sendKeysToElement on session c96e50284e4b186201b3c0c7182f2d98 to remote] DEBUG org.asynchttpclient.netty.request.NettyRequestSender - Using pooled Channel '[id: 0x6ce12093, L:/127.0.0.1:52175 - R:localhost/127.0.0.1:63483]' for 'POST' to 'http://localhost:63483/session/c96e50284e4b186201b3c0c7182f2d98/element/11c46549-7ae2-49c5-8515-f55cf807cdf6/value'
21:54:39.347 [Forwarding sendKeysToElement on session c96e50284e4b186201b3c0c7182f2d98 to remote] DEBUG org.asynchttpclient.netty.request.NettyRequestSender - Using open Channel [id: 0x6ce12093, L:/127.0.0.1:52175 - R:localhost/127.0.0.1:63483] for POST '/session/c96e50284e4b186201b3c0c7182f2d98/element/11c46549-7ae2-49c5-8515-f55cf807cdf6/value'
21:54:39.669 [AsyncHttpClient-1-8] DEBUG org.asynchttpclient.netty.handler.HttpHandler - 

Request DefaultHttpRequest(decodeResult: success, version: HTTP/1.1)
POST /session/c96e50284e4b186201b3c0c7182f2d98/element/11c46549-7ae2-49c5-8515-f55cf807cdf6/value HTTP/1.1
User-Agent: selenium/4.1.2 (java windows)
Content-Length: 191
Content-Type: application/json; charset=utf-8
host: localhost:63483
accept: */*

Response DefaultHttpResponse(decodeResult: success, version: HTTP/1.1)
HTTP/1.1 200 OK
Content-Type: application/json; charset=utf-8
cache-control: no-cache
content-length: 14

21:54:39.670 [AsyncHttpClient-1-8] DEBUG org.asynchttpclient.netty.channel.ChannelManager - Adding key: http://localhost:63483 for channel [id: 0x6ce12093, L:/127.0.0.1:52175 - R:localhost/127.0.0.1:63483]
  &amp#27;[32mAnd &amp#27;[0m&amp#27;[32mI input valid &amp#27;[0m&amp#27;[32m&amp#27;[1m""&amp#27;[0m&amp#27;[32m email and &amp#27;[0m&amp#27;[32m&amp#27;[1m"Pasword!123"&amp#27;[0m&amp#27;[32m password&amp#27;[0m &amp#27;[90m# starter.stepdefinitions.LoginSteps.iInputValidEmailAndPassword(java.lang.String,java.lang.String)&amp#27;[0m
21:54:39.691 [Forwarding screenshot on session c96e50284e4b186201b3c0c7182f2d98 to remote] DEBUG org.asynchttpclient.netty.request.NettyRequestSender - Using pooled Channel '[id: 0x6ce12093, L:/127.0.0.1:52175 - R:localhost/127.0.0.1:63483]' for 'GET' to 'http://localhost:63483/session/c96e50284e4b186201b3c0c7182f2d98/screenshot'
21:54:39.691 [Forwarding screenshot on session c96e50284e4b186201b3c0c7182f2d98 to remote] DEBUG org.asynchttpclient.netty.request.NettyRequestSender - Using open Channel [id: 0x6ce12093, L:/127.0.0.1:52175 - R:localhost/127.0.0.1:63483] for GET '/session/c96e50284e4b186201b3c0c7182f2d98/screenshot'
21:54:39.965 [AsyncHttpClient-1-8] DEBUG org.asynchttpclient.netty.handler.HttpHandler - 

Request DefaultFullHttpRequest(decodeResult: success, version: HTTP/1.1, content: EmptyByteBufBE)
GET /session/c96e50284e4b186201b3c0c7182f2d98/screenshot HTTP/1.1
User-Agent: selenium/4.1.2 (java windows)
Cache-Control: no-cache
Content-Type: application/json; charset=utf-8
host: localhost:63483
accept: */*

Response DefaultHttpResponse(decodeResult: success, version: HTTP/1.1)
HTTP/1.1 200 OK
Content-Type: application/json; charset=utf-8
cache-control: no-cache
content-length: 26564

21:54:39.966 [AsyncHttpClient-1-8] DEBUG org.asynchttpclient.netty.channel.ChannelManager - Adding key: http://localhost:63483 for channel [id: 0x6ce12093, L:/127.0.0.1:52175 - R:localhost/127.0.0.1:63483]
21:54:39.969 [main] DEBUG net.serenitybdd.core.photography.Darkroom - Send negative for processing for target\site\serenity\c48b8ddd25b61ec61b356f675a756007ab9ebedf449391196642dd9a2bbea2f9.png
21:54:39.970 [Darkroom Processing Line] DEBUG net.serenitybdd.core.photography.DarkroomProcessingLine - Processing screenshot image in /var/screenshots/screenshot-11168999048011228791
21:54:39.970 [Darkroom Processing Line] DEBUG net.serenitybdd.core.photography.DarkroomProcessingLine - Saving screenshot to target\site\serenity\c48b8ddd25b61ec61b356f675a756007ab9ebedf449391196642dd9a2bbea2f9.png
21:54:39.987 [Forwarding findElement on session c96e50284e4b186201b3c0c7182f2d98 to remote] DEBUG org.asynchttpclient.netty.request.NettyRequestSender - Using pooled Channel '[id: 0x6ce12093, L:/127.0.0.1:52175 - R:localhost/127.0.0.1:63483]' for 'POST' to 'http://localhost:63483/session/c96e50284e4b186201b3c0c7182f2d98/element'
21:54:39.987 [Forwarding findElement on session c96e50284e4b186201b3c0c7182f2d98 to remote] DEBUG org.asynchttpclient.netty.request.NettyRequestSender - Using open Channel [id: 0x6ce12093, L:/127.0.0.1:52175 - R:localhost/127.0.0.1:63483] for POST '/session/c96e50284e4b186201b3c0c7182f2d98/element'
21:54:40.017 [AsyncHttpClient-1-8] DEBUG org.asynchttpclient.netty.handler.HttpHandler - 

Request DefaultHttpRequest(decodeResult: success, version: HTTP/1.1)
POST /session/c96e50284e4b186201b3c0c7182f2d98/element HTTP/1.1
User-Agent: selenium/4.1.2 (java windows)
Content-Length: 83
Content-Type: application/json; charset=utf-8
host: localhost:63483
accept: */*

Response DefaultHttpResponse(decodeResult: success, version: HTTP/1.1)
HTTP/1.1 200 OK
Content-Type: application/json; charset=utf-8
cache-control: no-cache
content-length: 88

21:54:40.017 [AsyncHttpClient-1-8] DEBUG org.asynchttpclient.netty.channel.ChannelManager - Adding key: http://localhost:63483 for channel [id: 0x6ce12093, L:/127.0.0.1:52175 - R:localhost/127.0.0.1:63483]
21:54:40.020 [Forwarding getElementTagName on session c96e50284e4b186201b3c0c7182f2d98 to remote] DEBUG org.asynchttpclient.netty.request.NettyRequestSender - Using pooled Channel '[id: 0x6ce12093, L:/127.0.0.1:52175 - R:localhost/127.0.0.1:63483]' for 'GET' to 'http://localhost:63483/session/c96e50284e4b186201b3c0c7182f2d98/element/c6aa532e-9b6e-4e2c-8818-fee50063aae4/name'
21:54:40.020 [Forwarding getElementTagName on session c96e50284e4b186201b3c0c7182f2d98 to remote] DEBUG org.asynchttpclient.netty.request.NettyRequestSender - Using open Channel [id: 0x6ce12093, L:/127.0.0.1:52175 - R:localhost/127.0.0.1:63483] for GET '/session/c96e50284e4b186201b3c0c7182f2d98/element/c6aa532e-9b6e-4e2c-8818-fee50063aae4/name'
21:54:40.029 [AsyncHttpClient-1-8] DEBUG org.asynchttpclient.netty.handler.HttpHandler - 

Request DefaultFullHttpRequest(decodeResult: success, version: HTTP/1.1, content: EmptyByteBufBE)
GET /session/c96e50284e4b186201b3c0c7182f2d98/element/c6aa532e-9b6e-4e2c-8818-fee50063aae4/name HTTP/1.1
User-Agent: selenium/4.1.2 (java windows)
Cache-Control: no-cache
Content-Type: application/json; charset=utf-8
host: localhost:63483
accept: */*

Response DefaultHttpResponse(decodeResult: success, version: HTTP/1.1)
HTTP/1.1 200 OK
Content-Type: application/json; charset=utf-8
cache-control: no-cache
content-length: 16

21:54:40.029 [AsyncHttpClient-1-8] DEBUG org.asynchttpclient.netty.channel.ChannelManager - Adding key: http://localhost:63483 for channel [id: 0x6ce12093, L:/127.0.0.1:52175 - R:localhost/127.0.0.1:63483]
21:54:40.031 [Forwarding getElementTagName on session c96e50284e4b186201b3c0c7182f2d98 to remote] DEBUG org.asynchttpclient.netty.request.NettyRequestSender - Using pooled Channel '[id: 0x6ce12093, L:/127.0.0.1:52175 - R:localhost/127.0.0.1:63483]' for 'GET' to 'http://localhost:63483/session/c96e50284e4b186201b3c0c7182f2d98/element/c6aa532e-9b6e-4e2c-8818-fee50063aae4/name'
21:54:40.031 [Forwarding getElementTagName on session c96e50284e4b186201b3c0c7182f2d98 to remote] DEBUG org.asynchttpclient.netty.request.NettyRequestSender - Using open Channel [id: 0x6ce12093, L:/127.0.0.1:52175 - R:localhost/127.0.0.1:63483] for GET '/session/c96e50284e4b186201b3c0c7182f2d98/element/c6aa532e-9b6e-4e2c-8818-fee50063aae4/name'
21:54:40.038 [AsyncHttpClient-1-8] DEBUG org.asynchttpclient.netty.handler.HttpHandler - 

Request DefaultFullHttpRequest(decodeResult: success, version: HTTP/1.1, content: EmptyByteBufBE)
GET /session/c96e50284e4b186201b3c0c7182f2d98/element/c6aa532e-9b6e-4e2c-8818-fee50063aae4/name HTTP/1.1
User-Agent: selenium/4.1.2 (java windows)
Cache-Control: no-cache
Content-Type: application/json; charset=utf-8
host: localhost:63483
accept: */*

Response DefaultHttpResponse(decodeResult: success, version: HTTP/1.1)
HTTP/1.1 200 OK
Content-Type: application/json; charset=utf-8
cache-control: no-cache
content-length: 16

21:54:40.038 [AsyncHttpClient-1-8] DEBUG org.asynchttpclient.netty.channel.ChannelManager - Adding key: http://localhost:63483 for channel [id: 0x6ce12093, L:/127.0.0.1:52175 - R:localhost/127.0.0.1:63483]
21:54:40.042 [Forwarding findElement on session c96e50284e4b186201b3c0c7182f2d98 to remote] DEBUG org.asynchttpclient.netty.request.NettyRequestSender - Using pooled Channel '[id: 0x6ce12093, L:/127.0.0.1:52175 - R:localhost/127.0.0.1:63483]' for 'POST' to 'http://localhost:63483/session/c96e50284e4b186201b3c0c7182f2d98/element'
21:54:40.043 [Forwarding findElement on session c96e50284e4b186201b3c0c7182f2d98 to remote] DEBUG org.asynchttpclient.netty.request.NettyRequestSender - Using open Channel [id: 0x6ce12093, L:/127.0.0.1:52175 - R:localhost/127.0.0.1:63483] for POST '/session/c96e50284e4b186201b3c0c7182f2d98/element'
21:54:40.056 [AsyncHttpClient-1-8] DEBUG org.asynchttpclient.netty.handler.HttpHandler - 

Request DefaultHttpRequest(decodeResult: success, version: HTTP/1.1)
POST /session/c96e50284e4b186201b3c0c7182f2d98/element HTTP/1.1
User-Agent: selenium/4.1.2 (java windows)
Content-Length: 83
Content-Type: application/json; charset=utf-8
host: localhost:63483
accept: */*

Response DefaultHttpResponse(decodeResult: success, version: HTTP/1.1)
HTTP/1.1 200 OK
Content-Type: application/json; charset=utf-8
cache-control: no-cache
content-length: 88

21:54:40.057 [AsyncHttpClient-1-8] DEBUG org.asynchttpclient.netty.channel.ChannelManager - Adding key: http://localhost:63483 for channel [id: 0x6ce12093, L:/127.0.0.1:52175 - R:localhost/127.0.0.1:63483]
21:54:40.059 [Forwarding clickElement on session c96e50284e4b186201b3c0c7182f2d98 to remote] DEBUG org.asynchttpclient.netty.request.NettyRequestSender - Using pooled Channel '[id: 0x6ce12093, L:/127.0.0.1:52175 - R:localhost/127.0.0.1:63483]' for 'POST' to 'http://localhost:63483/session/c96e50284e4b186201b3c0c7182f2d98/element/c6aa532e-9b6e-4e2c-8818-fee50063aae4/click'
21:54:40.059 [Forwarding clickElement on session c96e50284e4b186201b3c0c7182f2d98 to remote] DEBUG org.asynchttpclient.netty.request.NettyRequestSender - Using open Channel [id: 0x6ce12093, L:/127.0.0.1:52175 - R:localhost/127.0.0.1:63483] for POST '/session/c96e50284e4b186201b3c0c7182f2d98/element/c6aa532e-9b6e-4e2c-8818-fee50063aae4/click'
21:54:40.151 [AsyncHttpClient-1-8] DEBUG org.asynchttpclient.netty.handler.HttpHandler - 

Request DefaultHttpRequest(decodeResult: success, version: HTTP/1.1)
POST /session/c96e50284e4b186201b3c0c7182f2d98/element/c6aa532e-9b6e-4e2c-8818-fee50063aae4/click HTTP/1.1
User-Agent: selenium/4.1.2 (java windows)
Content-Length: 50
Content-Type: application/json; charset=utf-8
host: localhost:63483
accept: */*

Response DefaultHttpResponse(decodeResult: success, version: HTTP/1.1)
HTTP/1.1 200 OK
Content-Type: application/json; charset=utf-8
cache-control: no-cache
content-length: 14

21:54:40.151 [AsyncHttpClient-1-8] DEBUG org.asynchttpclient.netty.channel.ChannelManager - Adding key: http://localhost:63483 for channel [id: 0x6ce12093, L:/127.0.0.1:52175 - R:localhost/127.0.0.1:63483]
  &amp#27;[32mAnd &amp#27;[0m&amp#27;[32mI click Login button&amp#27;[0m                              &amp#27;[90m# starter.stepdefinitions.LoginSteps.iClickLoginButton()&amp#27;[0m
21:54:40.167 [Forwarding screenshot on session c96e50284e4b186201b3c0c7182f2d98 to remote] DEBUG org.asynchttpclient.netty.request.NettyRequestSender - Using pooled Channel '[id: 0x6ce12093, L:/127.0.0.1:52175 - R:localhost/127.0.0.1:63483]' for 'GET' to 'http://localhost:63483/session/c96e50284e4b186201b3c0c7182f2d98/screenshot'
21:54:40.167 [Forwarding screenshot on session c96e50284e4b186201b3c0c7182f2d98 to remote] DEBUG org.asynchttpclient.netty.request.NettyRequestSender - Using open Channel [id: 0x6ce12093, L:/127.0.0.1:52175 - R:localhost/127.0.0.1:63483] for GET '/session/c96e50284e4b186201b3c0c7182f2d98/screenshot'
21:54:40.280 [AsyncHttpClient-1-1] DEBUG org.asynchttpclient.netty.channel.DefaultChannelPool - Entry count for : http://localhost:52176 : 1
21:54:40.423 [AsyncHttpClient-1-8] DEBUG org.asynchttpclient.netty.handler.HttpHandler - 

Request DefaultFullHttpRequest(decodeResult: success, version: HTTP/1.1, content: EmptyByteBufBE)
GET /session/c96e50284e4b186201b3c0c7182f2d98/screenshot HTTP/1.1
User-Agent: selenium/4.1.2 (java windows)
Cache-Control: no-cache
Content-Type: application/json; charset=utf-8
host: localhost:63483
accept: */*

Response DefaultHttpResponse(decodeResult: success, version: HTTP/1.1)
HTTP/1.1 200 OK
Content-Type: application/json; charset=utf-8
cache-control: no-cache
content-length: 26576

21:54:40.425 [AsyncHttpClient-1-8] DEBUG org.asynchttpclient.netty.channel.ChannelManager - Adding key: http://localhost:63483 for channel [id: 0x6ce12093, L:/127.0.0.1:52175 - R:localhost/127.0.0.1:63483]
21:54:40.429 [main] DEBUG net.serenitybdd.core.photography.Darkroom - Send negative for processing for target\site\serenity\de006117500243c9479b6878e7c988509239efea9de98079411adfaa41984a92.png
21:54:40.430 [Darkroom Processing Line] DEBUG net.serenitybdd.core.photography.DarkroomProcessingLine - Processing screenshot image in /var/screenshots/screenshot-13943177011875978890
21:54:40.430 [Darkroom Processing Line] DEBUG net.serenitybdd.core.photography.DarkroomProcessingLine - Saving screenshot to target\site\serenity\de006117500243c9479b6878e7c988509239efea9de98079411adfaa41984a92.png
21:54:40.447 [Forwarding findElement on session c96e50284e4b186201b3c0c7182f2d98 to remote] DEBUG org.asynchttpclient.netty.request.NettyRequestSender - Using pooled Channel '[id: 0x6ce12093, L:/127.0.0.1:52175 - R:localhost/127.0.0.1:63483]' for 'POST' to 'http://localhost:63483/session/c96e50284e4b186201b3c0c7182f2d98/element'
21:54:40.447 [Forwarding findElement on session c96e50284e4b186201b3c0c7182f2d98 to remote] DEBUG org.asynchttpclient.netty.request.NettyRequestSender - Using open Channel [id: 0x6ce12093, L:/127.0.0.1:52175 - R:localhost/127.0.0.1:63483] for POST '/session/c96e50284e4b186201b3c0c7182f2d98/element'
21:54:40.683 [AsyncHttpClient-1-8] DEBUG org.asynchttpclient.netty.handler.HttpHandler - 

Request DefaultHttpRequest(decodeResult: success, version: HTTP/1.1)
POST /session/c96e50284e4b186201b3c0c7182f2d98/element HTTP/1.1
User-Agent: selenium/4.1.2 (java windows)
Content-Length: 80
Content-Type: application/json; charset=utf-8
host: localhost:63483
accept: */*

Response DefaultHttpResponse(decodeResult: success, version: HTTP/1.1)
HTTP/1.1 200 OK
Content-Type: application/json; charset=utf-8
cache-control: no-cache
content-length: 88

21:54:40.683 [AsyncHttpClient-1-8] DEBUG org.asynchttpclient.netty.channel.ChannelManager - Adding key: http://localhost:63483 for channel [id: 0x6ce12093, L:/127.0.0.1:52175 - R:localhost/127.0.0.1:63483]
21:54:40.693 [Forwarding isElementDisplayed on session c96e50284e4b186201b3c0c7182f2d98 to remote] DEBUG org.asynchttpclient.netty.request.NettyRequestSender - Using pooled Channel '[id: 0x6ce12093, L:/127.0.0.1:52175 - R:localhost/127.0.0.1:63483]' for 'POST' to 'http://localhost:63483/session/c96e50284e4b186201b3c0c7182f2d98/execute/sync'
21:54:40.693 [Forwarding isElementDisplayed on session c96e50284e4b186201b3c0c7182f2d98 to remote] DEBUG org.asynchttpclient.netty.request.NettyRequestSender - Using open Channel [id: 0x6ce12093, L:/127.0.0.1:52175 - R:localhost/127.0.0.1:63483] for POST '/session/c96e50284e4b186201b3c0c7182f2d98/execute/sync'
21:54:40.727 [AsyncHttpClient-1-8] DEBUG org.asynchttpclient.netty.handler.HttpHandler - 

Request DefaultHttpRequest(decodeResult: success, version: HTTP/1.1)
POST /session/c96e50284e4b186201b3c0c7182f2d98/execute/sync HTTP/1.1
User-Agent: selenium/4.1.2 (java windows)
Content-Length: 48780
Content-Type: application/json; charset=utf-8
host: localhost:63483
accept: */*

Response DefaultHttpResponse(decodeResult: success, version: HTTP/1.1)
HTTP/1.1 200 OK
Content-Type: application/json; charset=utf-8
cache-control: no-cache
content-length: 14

21:54:40.727 [AsyncHttpClient-1-8] DEBUG org.asynchttpclient.netty.channel.ChannelManager - Adding key: http://localhost:63483 for channel [id: 0x6ce12093, L:/127.0.0.1:52175 - R:localhost/127.0.0.1:63483]
  &amp#27;[32mThen &amp#27;[0m&amp#27;[32mI will get the &amp#27;[0m&amp#27;[32m&amp#27;[1m"i cant login"&amp#27;[0m                    &amp#27;[90m# starter.stepdefinitions.LoginSteps.iWillGetThe(java.lang.String)&amp#27;[0m
21:54:40.738 [Forwarding screenshot on session c96e50284e4b186201b3c0c7182f2d98 to remote] DEBUG org.asynchttpclient.netty.request.NettyRequestSender - Using pooled Channel '[id: 0x6ce12093, L:/127.0.0.1:52175 - R:localhost/127.0.0.1:63483]' for 'GET' to 'http://localhost:63483/session/c96e50284e4b186201b3c0c7182f2d98/screenshot'
21:54:40.738 [Forwarding screenshot on session c96e50284e4b186201b3c0c7182f2d98 to remote] DEBUG org.asynchttpclient.netty.request.NettyRequestSender - Using open Channel [id: 0x6ce12093, L:/127.0.0.1:52175 - R:localhost/127.0.0.1:63483] for GET '/session/c96e50284e4b186201b3c0c7182f2d98/screenshot'
21:54:40.948 [AsyncHttpClient-1-8] DEBUG org.asynchttpclient.netty.handler.HttpHandler - 

Request DefaultFullHttpRequest(decodeResult: success, version: HTTP/1.1, content: EmptyByteBufBE)
GET /session/c96e50284e4b186201b3c0c7182f2d98/screenshot HTTP/1.1
User-Agent: selenium/4.1.2 (java windows)
Cache-Control: no-cache
Content-Type: application/json; charset=utf-8
host: localhost:63483
accept: */*

Response DefaultHttpResponse(decodeResult: success, version: HTTP/1.1)
HTTP/1.1 200 OK
Content-Type: application/json; charset=utf-8
cache-control: no-cache
content-length: 29656

21:54:40.949 [AsyncHttpClient-1-8] DEBUG org.asynchttpclient.netty.channel.ChannelManager - Adding key: http://localhost:63483 for channel [id: 0x6ce12093, L:/127.0.0.1:52175 - R:localhost/127.0.0.1:63483]
21:54:40.951 [main] DEBUG net.serenitybdd.core.photography.Darkroom - Send negative for processing for target\site\serenity\77310283cb75828eaac5307675fb9f05e1cd2ccc2583a846e3aa13da997f9065.png
21:54:40.952 [Darkroom Processing Line] DEBUG net.serenitybdd.core.photography.DarkroomProcessingLine - Processing screenshot image in /var/screenshots/screenshot-9295227045343544847
21:54:40.952 [Darkroom Processing Line] DEBUG net.serenitybdd.core.photography.DarkroomProcessingLine - Saving screenshot to target\site\serenity\77310283cb75828eaac5307675fb9f05e1cd2ccc2583a846e3aa13da997f9065.png
21:54:40.965 [AsyncHttpClient-1-2] DEBUG org.asynchttpclient.netty.handler.WebSocketHandler - Channel Closed: [id: 0x56e215d4, L:/127.0.0.1:52183 ! R:localhost/127.0.0.1:52176] with attribute NettyResponseFuture{currentRetry=5,
	isDone=1,
	isCancelled=0,
	asyncHandler=org.asynchttpclient.ws.WebSocketUpgradeHandler@e13e152,
	nettyRequest=org.asynchttpclient.netty.request.NettyRequest@380f290d,
	future=java.util.concurrent.CompletableFuture@60a2d365[Completed normally],
	uri=ws://localhost:52176/devtools/browser/3da42c5f-ecc9-4d32-8422-51523a36c73c,
	keepAlive=true,
	redirectCount=0,
	timeoutsHolder=null,
	inAuth=0,
	touch=1667573675827}
21:54:40.966 [AsyncHttpClient-1-2] DEBUG org.asynchttpclient.netty.channel.ChannelManager - Closing Channel [id: 0x56e215d4, L:/127.0.0.1:52183 ! R:localhost/127.0.0.1:52176] 
21:54:40.967 [Driver Command Executor] DEBUG org.asynchttpclient.netty.request.NettyRequestSender - Using pooled Channel '[id: 0x6ce12093, L:/127.0.0.1:52175 - R:localhost/127.0.0.1:63483]' for 'DELETE' to 'http://localhost:63483/session/c96e50284e4b186201b3c0c7182f2d98'
21:54:40.967 [Driver Command Executor] DEBUG org.asynchttpclient.netty.request.NettyRequestSender - Using open Channel [id: 0x6ce12093, L:/127.0.0.1:52175 - R:localhost/127.0.0.1:63483] for DELETE '/session/c96e50284e4b186201b3c0c7182f2d98'
21:54:41.151 [AsyncHttpClient-1-9] DEBUG org.asynchttpclient.netty.handler.HttpHandler - Unexpected I/O exception on channel [id: 0xdbecfad4, L:/127.0.0.1:52182 - R:localhost/127.0.0.1:52176]
java.io.IOException: An existing connection was forcibly closed by the remote host
	at java.base/sun.nio.ch.SocketDispatcher.read0(Native Method)
	at java.base/sun.nio.ch.SocketDispatcher.read(SocketDispatcher.java:43)
	at java.base/sun.nio.ch.IOUtil.readIntoNativeBuffer(IOUtil.java:276)
	at java.base/sun.nio.ch.IOUtil.read(IOUtil.java:233)
	at java.base/sun.nio.ch.IOUtil.read(IOUtil.java:223)
	at java.base/sun.nio.ch.SocketChannelImpl.read(SocketChannelImpl.java:358)
	at io.netty.buffer.PooledByteBuf.setBytes(PooledByteBuf.java:258)
	at io.netty.buffer.AbstractByteBuf.writeBytes(AbstractByteBuf.java:1132)
	at io.netty.channel.socket.nio.NioSocketChannel.doReadBytes(NioSocketChannel.java:350)
	at io.netty.channel.nio.AbstractNioByteChannel$NioByteUnsafe.read(AbstractNioByteChannel.java:151)
	at io.netty.channel.nio.NioEventLoop.processSelectedKey(NioEventLoop.java:722)
	at io.netty.channel.nio.NioEventLoop.processSelectedKeysOptimized(NioEventLoop.java:658)
	at io.netty.channel.nio.NioEventLoop.processSelectedKeys(NioEventLoop.java:584)
	at io.netty.channel.nio.NioEventLoop.run(NioEventLoop.java:496)
	at io.netty.util.concurrent.SingleThreadEventExecutor$4.run(SingleThreadEventExecutor.java:986)
	at io.netty.util.internal.ThreadExecutorMap$2.run(ThreadExecutorMap.java:74)
	at io.netty.util.concurrent.FastThreadLocalRunnable.run(FastThreadLocalRunnable.java:30)
	at java.base/java.lang.Thread.run(Thread.java:834)
21:54:41.151 [AsyncHttpClient-1-9] DEBUG org.asynchttpclient.netty.channel.ChannelManager - Closing Channel [id: 0xdbecfad4, L:/127.0.0.1:52182 - R:localhost/127.0.0.1:52176] 
21:54:41.151 [AsyncHttpClient-1-9] DEBUG org.asynchttpclient.netty.handler.HttpHandler - Channel Closed: [id: 0xdbecfad4, L:/127.0.0.1:52182 ! R:localhost/127.0.0.1:52176] with attribute DISCARD
21:54:41.208 [AsyncHttpClient-1-8] DEBUG org.asynchttpclient.netty.handler.HttpHandler - 

Request DefaultFullHttpRequest(decodeResult: success, version: HTTP/1.1, content: EmptyByteBufBE)
DELETE /session/c96e50284e4b186201b3c0c7182f2d98 HTTP/1.1
User-Agent: selenium/4.1.2 (java windows)
Content-Type: application/json; charset=utf-8
host: localhost:63483
accept: */*

Response DefaultHttpResponse(decodeResult: success, version: HTTP/1.1)
HTTP/1.1 200 OK
Content-Type: application/json; charset=utf-8
cache-control: no-cache
content-length: 14

21:54:41.209 [AsyncHttpClient-1-8] DEBUG org.asynchttpclient.netty.channel.ChannelManager - Adding key: http://localhost:63483 for channel [id: 0x6ce12093, L:/127.0.0.1:52175 - R:localhost/127.0.0.1:63483]
21:54:41.383 [AsyncHttpClient-1-1] DEBUG org.asynchttpclient.netty.channel.DefaultChannelPool - Entry count for : http://localhost:63483 : 1
21:54:41.383 [AsyncHttpClient-1-1] DEBUG org.asynchttpclient.netty.channel.DefaultChannelPool - Entry count for : http://localhost:52176 : 1
21:54:41.383 [AsyncHttpClient-1-1] DEBUG org.asynchttpclient.netty.channel.DefaultChannelPool - Adding Candidate expired Channel [id: 0xdbecfad4, L:/127.0.0.1:52182 ! R:localhost/127.0.0.1:52176] isIdleTimeoutExpired=false isRemotelyClosed=true isTtlExpired=false
21:54:41.383 [AsyncHttpClient-1-1] DEBUG org.asynchttpclient.netty.channel.DefaultChannelPool - Closing Idle Channel [id: 0xdbecfad4, L:/127.0.0.1:52182 ! R:localhost/127.0.0.1:52176]
21:54:41.384 [AsyncHttpClient-1-1] DEBUG org.asynchttpclient.netty.channel.DefaultChannelPool - Closed 1 connections out of 2 in 1 ms
21:54:41.561 [AsyncHttpClient-1-8] DEBUG org.asynchttpclient.netty.handler.HttpHandler - Channel Closed: [id: 0x6ce12093, L:/127.0.0.1:52175 ! R:localhost/127.0.0.1:63483] with attribute DISCARD
21:54:41.675 [main] INFO  - 
  _____   ___   ___   _____     ___     _     ___   ___   ___   ___  
 |_   _| | __| / __| |_   _|   | _ \   /_\   / __| / __| | __| |   \ 
   | |   | _|  \__ \   | |     |  _/  / _ \  \__ \ \__ \ | _|  | |) |
   |_|   |___| |___/   |_|     |_|   /_/ \_\ |___/ |___/ |___| |___/ 

Login account
----------------------------------------------------------------------
]]></system-out>
    <system-err><![CDATA[Starting ChromeDriver 106.0.5249.61 (511755355844955cd3e264779baf0dd38212a4d0-refs/branch-heads/5249@{#569}) on port 63483
Only local connections are allowed.
Please see https://chromedriver.chromium.org/security-considerations for suggestions on keeping ChromeDriver safe.
ChromeDriver was started successfully.
[1667573675.424][WARNING]: This version of ChromeDriver has not been tested with Chrome version 107.
Nov 04, 2022 9:54:35 PM org.openqa.selenium.remote.ProtocolHandshake createSession
INFO: Detected dialect: W3C
Nov 04, 2022 9:54:35 PM org.openqa.selenium.devtools.CdpVersionFinder findNearestMatch
WARNING: Unable to find an exact match for CDP version 107, so returning the closest version found: a no-op implementation
Nov 04, 2022 9:54:35 PM org.openqa.selenium.devtools.CdpVersionFinder findNearestMatch
INFO: Unable to find CDP implementation matching 107.
Nov 04, 2022 9:54:35 PM org.openqa.selenium.chromium.ChromiumDriver lambda$new$3
WARNING: Unable to find version of CDP to use for . You may need to include a dependency on a specific version of the CDP using something similar to `org.seleniumhq.selenium:selenium-devtools-v86:4.1.2` where the version ("v86") matches the version of the chromium-based browser you're using and the version number of the artifact is the same as Selenium's.
]]></system-err>
  </testcase>
  <testcase name="Login account #3" classname="Login" time="8.476">
    <system-out><![CDATA[
@Logins @Login
Scenario Outline: Login account                 &amp#27;[90m# src/test/resources/features/Login.feature:18&amp#27;[0m
21:54:41.908 [main] INFO io.cucumber.core.plugin.SerenityReporter - Running feature from file:///C:/Users/ACER/Documents/Mini_Proyek/test-web/src/test/resources/features/Login.feature
21:54:42.360 [main] INFO net.serenitybdd.core.webdriver.driverproviders.ChromeDriverProvider - Using automatically driver download
21:54:42.651 [AsyncHttpClient-1-1] DEBUG org.asynchttpclient.netty.channel.DefaultChannelPool - Entry count for : http://localhost:63483 : 1
21:54:42.755 [AsyncHttpClient-1-1] DEBUG org.asynchttpclient.netty.channel.DefaultChannelPool - Adding Candidate expired Channel [id: 0x6ce12093, L:/127.0.0.1:52175 ! R:localhost/127.0.0.1:63483] isIdleTimeoutExpired=false isRemotelyClosed=true isTtlExpired=false
21:54:42.755 [AsyncHttpClient-1-1] DEBUG org.asynchttpclient.netty.channel.DefaultChannelPool - Closing Idle Channel [id: 0x6ce12093, L:/127.0.0.1:52175 ! R:localhost/127.0.0.1:63483]
21:54:42.755 [AsyncHttpClient-1-1] DEBUG org.asynchttpclient.netty.channel.DefaultChannelPool - Closed 1 connections out of 1 in 0 ms
21:54:43.581 [main] DEBUG io.github.bonigarcia.wdm.cache.ResolutionCache - Resolution chrome=107 in cache (valid until 22:53:45 04/11/2022 ICT)
21:54:43.588 [main] DEBUG io.github.bonigarcia.wdm.cache.ResolutionCache - Resolution chrome107=107.0.5304.62 in cache (valid until 21:53:45 05/11/2022 ICT)
21:54:43.590 [main] INFO io.github.bonigarcia.wdm.WebDriverManager - Using chromedriver 107.0.5304.62 (resolved driver for Chrome 107)
21:54:43.612 [main] DEBUG io.github.bonigarcia.wdm.WebDriverManager - Driver chromedriver 107.0.5304.62 found in cache
21:54:43.614 [main] INFO io.github.bonigarcia.wdm.WebDriverManager - Exporting webdriver.chrome.driver as C:\Users\ACER\.cache\selenium\chromedriver\win32\107.0.5304.62\chromedriver.exe
21:54:43.804 [main] DEBUG net.serenitybdd.core.webdriver.driverproviders.ProvideNewDriver - Instantiating driver
21:54:43.804 [main] DEBUG net.serenitybdd.core.webdriver.driverproviders.ProvideNewDriver - Driver capabilities: Capabilities {acceptInsecureCerts: false, base.url: https://alta-shop.vercel.app, browserName: chrome, chrome.driver: src/test/resources/webdrive..., driver: chrome, goog:chromeOptions: {args: [], extensions: []}, wait.for.timeout: 15000}
21:54:43.925 [AsyncHttpClient-1-3] DEBUG org.asynchttpclient.netty.channel.NettyConnectListener - Using new Channel '[id: 0x945689fa, L:/127.0.0.1:52199 - R:localhost/127.0.0.1:58368]' for 'POST' to '/session'
21:54:45.150 [AsyncHttpClient-1-3] DEBUG org.asynchttpclient.netty.handler.HttpHandler - 

Request DefaultHttpRequest(decodeResult: success, version: HTTP/1.1)
POST /session HTTP/1.1
User-Agent: selenium/4.1.2 (java windows)
Content-Length: 640
Content-Type: application/json; charset=utf-8
host: localhost:58368
accept: */*

Response DefaultHttpResponse(decodeResult: success, version: HTTP/1.1)
HTTP/1.1 200 OK
Content-Type: application/json; charset=utf-8
cache-control: no-cache
content-length: 787

21:54:45.152 [AsyncHttpClient-1-3] DEBUG org.asynchttpclient.netty.channel.ChannelManager - Adding key: http://localhost:58368 for channel [id: 0x945689fa, L:/127.0.0.1:52199 - R:localhost/127.0.0.1:58368]
21:54:45.168 [AsyncHttpClient-1-4] DEBUG org.asynchttpclient.netty.channel.NettyConnectListener - Using new Channel '[id: 0x219ce93b, L:/127.0.0.1:52206 - R:localhost/127.0.0.1:52200]' for 'GET' to '/json/version'
21:54:45.173 [AsyncHttpClient-1-4] DEBUG org.asynchttpclient.netty.handler.HttpHandler - 

Request DefaultFullHttpRequest(decodeResult: success, version: HTTP/1.1, content: EmptyByteBufBE)
GET /json/version HTTP/1.1
User-Agent: selenium/4.1.2 (java windows)
host: localhost:52200
accept: */*

Response DefaultHttpResponse(decodeResult: success, version: HTTP/1.1)
HTTP/1.1 200 OK
Content-Type: application/json; charset=UTF-8
content-length: 423

21:54:45.173 [AsyncHttpClient-1-4] DEBUG org.asynchttpclient.netty.channel.ChannelManager - Adding key: http://localhost:52200 for channel [id: 0x219ce93b, L:/127.0.0.1:52206 - R:localhost/127.0.0.1:52200]
21:54:45.179 [AsyncHttpClient-1-5] DEBUG org.asynchttpclient.netty.channel.NettyConnectListener - Using new Channel '[id: 0xa992e6f2, L:/127.0.0.1:52207 - R:localhost/127.0.0.1:52200]' for 'GET' to '/devtools/browser/3860c64d-b638-48a1-ab19-af526ff1623f'
21:54:45.180 [AsyncHttpClient-1-5] DEBUG org.asynchttpclient.netty.handler.WebSocketHandler - 

Request DefaultFullHttpRequest(decodeResult: success, version: HTTP/1.1, content: EmptyByteBufBE)
GET /devtools/browser/3860c64d-b638-48a1-ab19-af526ff1623f HTTP/1.1
upgrade: websocket
connection: upgrade
sec-websocket-key: T9dxWNvNZJ8N4i65jt7llg==
sec-websocket-version: 13
origin: http://localhost:52200
host: localhost:52200
accept: */*
user-agent: AHC/2.1

Response DefaultHttpResponse(decodeResult: success, version: HTTP/1.1)
HTTP/1.1 101 WebSocket Protocol Handshake
Upgrade: WebSocket
Connection: Upgrade
Sec-WebSocket-Accept: wYEdE/EA88smM5nnC3DmfGFGhZA=

21:54:45.190 [Forwarding get on session a385c2787a1f64614adddca810536d8a to remote] DEBUG org.asynchttpclient.netty.request.NettyRequestSender - Using pooled Channel '[id: 0x945689fa, L:/127.0.0.1:52199 - R:localhost/127.0.0.1:58368]' for 'POST' to 'http://localhost:58368/session/a385c2787a1f64614adddca810536d8a/url'
21:54:45.190 [Forwarding get on session a385c2787a1f64614adddca810536d8a to remote] DEBUG org.asynchttpclient.netty.request.NettyRequestSender - Using open Channel [id: 0x945689fa, L:/127.0.0.1:52199 - R:localhost/127.0.0.1:58368] for POST '/session/a385c2787a1f64614adddca810536d8a/url'
21:54:45.976 [AsyncHttpClient-1-1] DEBUG org.asynchttpclient.netty.channel.DefaultChannelPool - Entry count for : http://localhost:52200 : 1
21:54:46.517 [AsyncHttpClient-1-3] DEBUG org.asynchttpclient.netty.handler.HttpHandler - 

Request DefaultHttpRequest(decodeResult: success, version: HTTP/1.1)
POST /session/a385c2787a1f64614adddca810536d8a/url HTTP/1.1
User-Agent: selenium/4.1.2 (java windows)
Content-Length: 59
Content-Type: application/json; charset=utf-8
host: localhost:58368
accept: */*

Response DefaultHttpResponse(decodeResult: success, version: HTTP/1.1)
HTTP/1.1 200 OK
Content-Type: application/json; charset=utf-8
cache-control: no-cache
content-length: 14

21:54:46.518 [AsyncHttpClient-1-3] DEBUG org.asynchttpclient.netty.channel.ChannelManager - Adding key: http://localhost:58368 for channel [id: 0x945689fa, L:/127.0.0.1:52199 - R:localhost/127.0.0.1:58368]
21:54:46.521 [Forwarding setTimeout on session a385c2787a1f64614adddca810536d8a to remote] DEBUG org.asynchttpclient.netty.request.NettyRequestSender - Using pooled Channel '[id: 0x945689fa, L:/127.0.0.1:52199 - R:localhost/127.0.0.1:58368]' for 'POST' to 'http://localhost:58368/session/a385c2787a1f64614adddca810536d8a/timeouts'
21:54:46.521 [Forwarding setTimeout on session a385c2787a1f64614adddca810536d8a to remote] DEBUG org.asynchttpclient.netty.request.NettyRequestSender - Using open Channel [id: 0x945689fa, L:/127.0.0.1:52199 - R:localhost/127.0.0.1:58368] for POST '/session/a385c2787a1f64614adddca810536d8a/timeouts'
21:54:46.540 [AsyncHttpClient-1-3] DEBUG org.asynchttpclient.netty.handler.HttpHandler - 

Request DefaultHttpRequest(decodeResult: success, version: HTTP/1.1)
POST /session/a385c2787a1f64614adddca810536d8a/timeouts HTTP/1.1
User-Agent: selenium/4.1.2 (java windows)
Content-Length: 22
Content-Type: application/json; charset=utf-8
host: localhost:58368
accept: */*

Response DefaultHttpResponse(decodeResult: success, version: HTTP/1.1)
HTTP/1.1 200 OK
Content-Type: application/json; charset=utf-8
cache-control: no-cache
content-length: 14

21:54:46.540 [AsyncHttpClient-1-3] DEBUG org.asynchttpclient.netty.channel.ChannelManager - Adding key: http://localhost:58368 for channel [id: 0x945689fa, L:/127.0.0.1:52199 - R:localhost/127.0.0.1:58368]
21:54:46.544 [Forwarding getCurrentUrl on session a385c2787a1f64614adddca810536d8a to remote] DEBUG org.asynchttpclient.netty.request.NettyRequestSender - Using pooled Channel '[id: 0x945689fa, L:/127.0.0.1:52199 - R:localhost/127.0.0.1:58368]' for 'GET' to 'http://localhost:58368/session/a385c2787a1f64614adddca810536d8a/url'
21:54:46.544 [Forwarding getCurrentUrl on session a385c2787a1f64614adddca810536d8a to remote] DEBUG org.asynchttpclient.netty.request.NettyRequestSender - Using open Channel [id: 0x945689fa, L:/127.0.0.1:52199 - R:localhost/127.0.0.1:58368] for GET '/session/a385c2787a1f64614adddca810536d8a/url'
21:54:46.579 [AsyncHttpClient-1-3] DEBUG org.asynchttpclient.netty.handler.HttpHandler - 

Request DefaultFullHttpRequest(decodeResult: success, version: HTTP/1.1, content: EmptyByteBufBE)
GET /session/a385c2787a1f64614adddca810536d8a/url HTTP/1.1
User-Agent: selenium/4.1.2 (java windows)
Cache-Control: no-cache
Content-Type: application/json; charset=utf-8
host: localhost:58368
accept: */*

Response DefaultHttpResponse(decodeResult: success, version: HTTP/1.1)
HTTP/1.1 200 OK
Content-Type: application/json; charset=utf-8
cache-control: no-cache
content-length: 41

21:54:46.579 [AsyncHttpClient-1-3] DEBUG org.asynchttpclient.netty.channel.ChannelManager - Adding key: http://localhost:58368 for channel [id: 0x945689fa, L:/127.0.0.1:52199 - R:localhost/127.0.0.1:58368]
  &amp#27;[32mGiven &amp#27;[0m&amp#27;[32mI am on the website page&amp#27;[0m                &amp#27;[90m# starter.stepdefinitions.LoginSteps.iAmOnTheWebsitePage()&amp#27;[0m
21:54:46.594 [Forwarding screenshot on session a385c2787a1f64614adddca810536d8a to remote] DEBUG org.asynchttpclient.netty.request.NettyRequestSender - Using pooled Channel '[id: 0x945689fa, L:/127.0.0.1:52199 - R:localhost/127.0.0.1:58368]' for 'GET' to 'http://localhost:58368/session/a385c2787a1f64614adddca810536d8a/screenshot'
21:54:46.594 [Forwarding screenshot on session a385c2787a1f64614adddca810536d8a to remote] DEBUG org.asynchttpclient.netty.request.NettyRequestSender - Using open Channel [id: 0x945689fa, L:/127.0.0.1:52199 - R:localhost/127.0.0.1:58368] for GET '/session/a385c2787a1f64614adddca810536d8a/screenshot'
21:54:47.075 [AsyncHttpClient-1-1] DEBUG org.asynchttpclient.netty.channel.DefaultChannelPool - Entry count for : http://localhost:52200 : 1
21:54:47.374 [AsyncHttpClient-1-3] DEBUG org.asynchttpclient.netty.handler.HttpHandler - 

Request DefaultFullHttpRequest(decodeResult: success, version: HTTP/1.1, content: EmptyByteBufBE)
GET /session/a385c2787a1f64614adddca810536d8a/screenshot HTTP/1.1
User-Agent: selenium/4.1.2 (java windows)
Cache-Control: no-cache
Content-Type: application/json; charset=utf-8
host: localhost:58368
accept: */*

Response DefaultHttpResponse(decodeResult: success, version: HTTP/1.1)
HTTP/1.1 200 OK
Content-Type: application/json; charset=utf-8
cache-control: no-cache
content-length: 22440

21:54:47.376 [AsyncHttpClient-1-3] DEBUG org.asynchttpclient.netty.channel.ChannelManager - Adding key: http://localhost:58368 for channel [id: 0x945689fa, L:/127.0.0.1:52199 - R:localhost/127.0.0.1:58368]
21:54:47.379 [main] DEBUG net.serenitybdd.core.photography.Darkroom - Send negative for processing for target\site\serenity\0e1d9d0d1d09e69b9663d3df9c257dac98f8d12c62e4ff0163afc088a3d1f5b9.png
21:54:47.379 [Darkroom Processing Line] DEBUG net.serenitybdd.core.photography.DarkroomProcessingLine - Processing screenshot image in /var/screenshots/screenshot-3465230395091722993
21:54:47.379 [Darkroom Processing Line] DEBUG net.serenitybdd.core.photography.DarkroomProcessingLine - Saving screenshot to target\site\serenity\0e1d9d0d1d09e69b9663d3df9c257dac98f8d12c62e4ff0163afc088a3d1f5b9.png
21:54:47.401 [Forwarding findElement on session a385c2787a1f64614adddca810536d8a to remote] DEBUG org.asynchttpclient.netty.request.NettyRequestSender - Using pooled Channel '[id: 0x945689fa, L:/127.0.0.1:52199 - R:localhost/127.0.0.1:58368]' for 'POST' to 'http://localhost:58368/session/a385c2787a1f64614adddca810536d8a/element'
21:54:47.401 [Forwarding findElement on session a385c2787a1f64614adddca810536d8a to remote] DEBUG org.asynchttpclient.netty.request.NettyRequestSender - Using open Channel [id: 0x945689fa, L:/127.0.0.1:52199 - R:localhost/127.0.0.1:58368] for POST '/session/a385c2787a1f64614adddca810536d8a/element'
21:54:47.437 [AsyncHttpClient-1-3] DEBUG org.asynchttpclient.netty.handler.HttpHandler - 

Request DefaultHttpRequest(decodeResult: success, version: HTTP/1.1)
POST /session/a385c2787a1f64614adddca810536d8a/element HTTP/1.1
User-Agent: selenium/4.1.2 (java windows)
Content-Length: 97
Content-Type: application/json; charset=utf-8
host: localhost:58368
accept: */*

Response DefaultHttpResponse(decodeResult: success, version: HTTP/1.1)
HTTP/1.1 200 OK
Content-Type: application/json; charset=utf-8
cache-control: no-cache
content-length: 88

21:54:47.437 [AsyncHttpClient-1-3] DEBUG org.asynchttpclient.netty.channel.ChannelManager - Adding key: http://localhost:58368 for channel [id: 0x945689fa, L:/127.0.0.1:52199 - R:localhost/127.0.0.1:58368]
21:54:47.441 [Forwarding getElementTagName on session a385c2787a1f64614adddca810536d8a to remote] DEBUG org.asynchttpclient.netty.request.NettyRequestSender - Using pooled Channel '[id: 0x945689fa, L:/127.0.0.1:52199 - R:localhost/127.0.0.1:58368]' for 'GET' to 'http://localhost:58368/session/a385c2787a1f64614adddca810536d8a/element/135ad9c7-bc8f-47cb-9e62-eda046c33a2a/name'
21:54:47.441 [Forwarding getElementTagName on session a385c2787a1f64614adddca810536d8a to remote] DEBUG org.asynchttpclient.netty.request.NettyRequestSender - Using open Channel [id: 0x945689fa, L:/127.0.0.1:52199 - R:localhost/127.0.0.1:58368] for GET '/session/a385c2787a1f64614adddca810536d8a/element/135ad9c7-bc8f-47cb-9e62-eda046c33a2a/name'
21:54:47.453 [AsyncHttpClient-1-3] DEBUG org.asynchttpclient.netty.handler.HttpHandler - 

Request DefaultFullHttpRequest(decodeResult: success, version: HTTP/1.1, content: EmptyByteBufBE)
GET /session/a385c2787a1f64614adddca810536d8a/element/135ad9c7-bc8f-47cb-9e62-eda046c33a2a/name HTTP/1.1
User-Agent: selenium/4.1.2 (java windows)
Cache-Control: no-cache
Content-Type: application/json; charset=utf-8
host: localhost:58368
accept: */*

Response DefaultHttpResponse(decodeResult: success, version: HTTP/1.1)
HTTP/1.1 200 OK
Content-Type: application/json; charset=utf-8
cache-control: no-cache
content-length: 13

21:54:47.453 [AsyncHttpClient-1-3] DEBUG org.asynchttpclient.netty.channel.ChannelManager - Adding key: http://localhost:58368 for channel [id: 0x945689fa, L:/127.0.0.1:52199 - R:localhost/127.0.0.1:58368]
21:54:47.456 [Forwarding getElementTagName on session a385c2787a1f64614adddca810536d8a to remote] DEBUG org.asynchttpclient.netty.request.NettyRequestSender - Using pooled Channel '[id: 0x945689fa, L:/127.0.0.1:52199 - R:localhost/127.0.0.1:58368]' for 'GET' to 'http://localhost:58368/session/a385c2787a1f64614adddca810536d8a/element/135ad9c7-bc8f-47cb-9e62-eda046c33a2a/name'
21:54:47.456 [Forwarding getElementTagName on session a385c2787a1f64614adddca810536d8a to remote] DEBUG org.asynchttpclient.netty.request.NettyRequestSender - Using open Channel [id: 0x945689fa, L:/127.0.0.1:52199 - R:localhost/127.0.0.1:58368] for GET '/session/a385c2787a1f64614adddca810536d8a/element/135ad9c7-bc8f-47cb-9e62-eda046c33a2a/name'
21:54:47.463 [AsyncHttpClient-1-3] DEBUG org.asynchttpclient.netty.handler.HttpHandler - 

Request DefaultFullHttpRequest(decodeResult: success, version: HTTP/1.1, content: EmptyByteBufBE)
GET /session/a385c2787a1f64614adddca810536d8a/element/135ad9c7-bc8f-47cb-9e62-eda046c33a2a/name HTTP/1.1
User-Agent: selenium/4.1.2 (java windows)
Cache-Control: no-cache
Content-Type: application/json; charset=utf-8
host: localhost:58368
accept: */*

Response DefaultHttpResponse(decodeResult: success, version: HTTP/1.1)
HTTP/1.1 200 OK
Content-Type: application/json; charset=utf-8
cache-control: no-cache
content-length: 13

21:54:47.463 [AsyncHttpClient-1-3] DEBUG org.asynchttpclient.netty.channel.ChannelManager - Adding key: http://localhost:58368 for channel [id: 0x945689fa, L:/127.0.0.1:52199 - R:localhost/127.0.0.1:58368]
21:54:47.471 [Forwarding findElement on session a385c2787a1f64614adddca810536d8a to remote] DEBUG org.asynchttpclient.netty.request.NettyRequestSender - Using pooled Channel '[id: 0x945689fa, L:/127.0.0.1:52199 - R:localhost/127.0.0.1:58368]' for 'POST' to 'http://localhost:58368/session/a385c2787a1f64614adddca810536d8a/element'
21:54:47.471 [Forwarding findElement on session a385c2787a1f64614adddca810536d8a to remote] DEBUG org.asynchttpclient.netty.request.NettyRequestSender - Using open Channel [id: 0x945689fa, L:/127.0.0.1:52199 - R:localhost/127.0.0.1:58368] for POST '/session/a385c2787a1f64614adddca810536d8a/element'
21:54:47.489 [AsyncHttpClient-1-3] DEBUG org.asynchttpclient.netty.handler.HttpHandler - 

Request DefaultHttpRequest(decodeResult: success, version: HTTP/1.1)
POST /session/a385c2787a1f64614adddca810536d8a/element HTTP/1.1
User-Agent: selenium/4.1.2 (java windows)
Content-Length: 97
Content-Type: application/json; charset=utf-8
host: localhost:58368
accept: */*

Response DefaultHttpResponse(decodeResult: success, version: HTTP/1.1)
HTTP/1.1 200 OK
Content-Type: application/json; charset=utf-8
cache-control: no-cache
content-length: 88

21:54:47.489 [AsyncHttpClient-1-3] DEBUG org.asynchttpclient.netty.channel.ChannelManager - Adding key: http://localhost:58368 for channel [id: 0x945689fa, L:/127.0.0.1:52199 - R:localhost/127.0.0.1:58368]
21:54:47.492 [Forwarding clickElement on session a385c2787a1f64614adddca810536d8a to remote] DEBUG org.asynchttpclient.netty.request.NettyRequestSender - Using pooled Channel '[id: 0x945689fa, L:/127.0.0.1:52199 - R:localhost/127.0.0.1:58368]' for 'POST' to 'http://localhost:58368/session/a385c2787a1f64614adddca810536d8a/element/135ad9c7-bc8f-47cb-9e62-eda046c33a2a/click'
21:54:47.492 [Forwarding clickElement on session a385c2787a1f64614adddca810536d8a to remote] DEBUG org.asynchttpclient.netty.request.NettyRequestSender - Using open Channel [id: 0x945689fa, L:/127.0.0.1:52199 - R:localhost/127.0.0.1:58368] for POST '/session/a385c2787a1f64614adddca810536d8a/element/135ad9c7-bc8f-47cb-9e62-eda046c33a2a/click'
21:54:47.598 [AsyncHttpClient-1-3] DEBUG org.asynchttpclient.netty.handler.HttpHandler - 

Request DefaultHttpRequest(decodeResult: success, version: HTTP/1.1)
POST /session/a385c2787a1f64614adddca810536d8a/element/135ad9c7-bc8f-47cb-9e62-eda046c33a2a/click HTTP/1.1
User-Agent: selenium/4.1.2 (java windows)
Content-Length: 50
Content-Type: application/json; charset=utf-8
host: localhost:58368
accept: */*

Response DefaultHttpResponse(decodeResult: success, version: HTTP/1.1)
HTTP/1.1 200 OK
Content-Type: application/json; charset=utf-8
cache-control: no-cache
content-length: 14

21:54:47.599 [AsyncHttpClient-1-3] DEBUG org.asynchttpclient.netty.channel.ChannelManager - Adding key: http://localhost:58368 for channel [id: 0x945689fa, L:/127.0.0.1:52199 - R:localhost/127.0.0.1:58368]
  &amp#27;[32mWhen &amp#27;[0m&amp#27;[32mI clik sigin button&amp#27;[0m                      &amp#27;[90m# starter.stepdefinitions.LoginSteps.iClikSiginButton()&amp#27;[0m
21:54:47.621 [Forwarding screenshot on session a385c2787a1f64614adddca810536d8a to remote] DEBUG org.asynchttpclient.netty.request.NettyRequestSender - Using pooled Channel '[id: 0x945689fa, L:/127.0.0.1:52199 - R:localhost/127.0.0.1:58368]' for 'GET' to 'http://localhost:58368/session/a385c2787a1f64614adddca810536d8a/screenshot'
21:54:47.622 [Forwarding screenshot on session a385c2787a1f64614adddca810536d8a to remote] DEBUG org.asynchttpclient.netty.request.NettyRequestSender - Using open Channel [id: 0x945689fa, L:/127.0.0.1:52199 - R:localhost/127.0.0.1:58368] for GET '/session/a385c2787a1f64614adddca810536d8a/screenshot'
21:54:48.020 [AsyncHttpClient-1-3] DEBUG org.asynchttpclient.netty.handler.HttpHandler - 

Request DefaultFullHttpRequest(decodeResult: success, version: HTTP/1.1, content: EmptyByteBufBE)
GET /session/a385c2787a1f64614adddca810536d8a/screenshot HTTP/1.1
User-Agent: selenium/4.1.2 (java windows)
Cache-Control: no-cache
Content-Type: application/json; charset=utf-8
host: localhost:58368
accept: */*

Response DefaultHttpResponse(decodeResult: success, version: HTTP/1.1)
HTTP/1.1 200 OK
Content-Type: application/json; charset=utf-8
cache-control: no-cache
content-length: 24196

21:54:48.020 [AsyncHttpClient-1-3] DEBUG org.asynchttpclient.netty.channel.ChannelManager - Adding key: http://localhost:58368 for channel [id: 0x945689fa, L:/127.0.0.1:52199 - R:localhost/127.0.0.1:58368]
21:54:48.022 [main] DEBUG net.serenitybdd.core.photography.Darkroom - Send negative for processing for target\site\serenity\72449991a533ad2a80ea7e4528e005b129019592c9bad9120bde64984fc2265c.png
21:54:48.023 [Darkroom Processing Line] DEBUG net.serenitybdd.core.photography.DarkroomProcessingLine - Processing screenshot image in /var/screenshots/screenshot-15545560632993347269
21:54:48.023 [Darkroom Processing Line] DEBUG net.serenitybdd.core.photography.DarkroomProcessingLine - Saving screenshot to target\site\serenity\72449991a533ad2a80ea7e4528e005b129019592c9bad9120bde64984fc2265c.png
21:54:48.034 [Forwarding findElement on session a385c2787a1f64614adddca810536d8a to remote] DEBUG org.asynchttpclient.netty.request.NettyRequestSender - Using pooled Channel '[id: 0x945689fa, L:/127.0.0.1:52199 - R:localhost/127.0.0.1:58368]' for 'POST' to 'http://localhost:58368/session/a385c2787a1f64614adddca810536d8a/element'
21:54:48.034 [Forwarding findElement on session a385c2787a1f64614adddca810536d8a to remote] DEBUG org.asynchttpclient.netty.request.NettyRequestSender - Using open Channel [id: 0x945689fa, L:/127.0.0.1:52199 - R:localhost/127.0.0.1:58368] for POST '/session/a385c2787a1f64614adddca810536d8a/element'
21:54:48.057 [AsyncHttpClient-1-3] DEBUG org.asynchttpclient.netty.handler.HttpHandler - 

Request DefaultHttpRequest(decodeResult: success, version: HTTP/1.1)
POST /session/a385c2787a1f64614adddca810536d8a/element HTTP/1.1
User-Agent: selenium/4.1.2 (java windows)
Content-Length: 88
Content-Type: application/json; charset=utf-8
host: localhost:58368
accept: */*

Response DefaultHttpResponse(decodeResult: success, version: HTTP/1.1)
HTTP/1.1 200 OK
Content-Type: application/json; charset=utf-8
cache-control: no-cache
content-length: 88

21:54:48.057 [AsyncHttpClient-1-3] DEBUG org.asynchttpclient.netty.channel.ChannelManager - Adding key: http://localhost:58368 for channel [id: 0x945689fa, L:/127.0.0.1:52199 - R:localhost/127.0.0.1:58368]
21:54:48.060 [Forwarding clearElement on session a385c2787a1f64614adddca810536d8a to remote] DEBUG org.asynchttpclient.netty.request.NettyRequestSender - Using pooled Channel '[id: 0x945689fa, L:/127.0.0.1:52199 - R:localhost/127.0.0.1:58368]' for 'POST' to 'http://localhost:58368/session/a385c2787a1f64614adddca810536d8a/element/63e711dd-3b51-4117-9f98-d4f1a7e97e6c/clear'
21:54:48.060 [Forwarding clearElement on session a385c2787a1f64614adddca810536d8a to remote] DEBUG org.asynchttpclient.netty.request.NettyRequestSender - Using open Channel [id: 0x945689fa, L:/127.0.0.1:52199 - R:localhost/127.0.0.1:58368] for POST '/session/a385c2787a1f64614adddca810536d8a/element/63e711dd-3b51-4117-9f98-d4f1a7e97e6c/clear'
21:54:48.129 [AsyncHttpClient-1-3] DEBUG org.asynchttpclient.netty.handler.HttpHandler - 

Request DefaultHttpRequest(decodeResult: success, version: HTTP/1.1)
POST /session/a385c2787a1f64614adddca810536d8a/element/63e711dd-3b51-4117-9f98-d4f1a7e97e6c/clear HTTP/1.1
User-Agent: selenium/4.1.2 (java windows)
Content-Length: 50
Content-Type: application/json; charset=utf-8
host: localhost:58368
accept: */*

Response DefaultHttpResponse(decodeResult: success, version: HTTP/1.1)
HTTP/1.1 200 OK
Content-Type: application/json; charset=utf-8
cache-control: no-cache
content-length: 14

21:54:48.130 [AsyncHttpClient-1-3] DEBUG org.asynchttpclient.netty.channel.ChannelManager - Adding key: http://localhost:58368 for channel [id: 0x945689fa, L:/127.0.0.1:52199 - R:localhost/127.0.0.1:58368]
21:54:48.134 [Forwarding sendKeysToElement on session a385c2787a1f64614adddca810536d8a to remote] DEBUG org.asynchttpclient.netty.request.NettyRequestSender - Using pooled Channel '[id: 0x945689fa, L:/127.0.0.1:52199 - R:localhost/127.0.0.1:58368]' for 'POST' to 'http://localhost:58368/session/a385c2787a1f64614adddca810536d8a/element/63e711dd-3b51-4117-9f98-d4f1a7e97e6c/value'
21:54:48.134 [Forwarding sendKeysToElement on session a385c2787a1f64614adddca810536d8a to remote] DEBUG org.asynchttpclient.netty.request.NettyRequestSender - Using open Channel [id: 0x945689fa, L:/127.0.0.1:52199 - R:localhost/127.0.0.1:58368] for POST '/session/a385c2787a1f64614adddca810536d8a/element/63e711dd-3b51-4117-9f98-d4f1a7e97e6c/value'
21:54:48.175 [AsyncHttpClient-1-1] DEBUG org.asynchttpclient.netty.channel.DefaultChannelPool - Entry count for : http://localhost:52200 : 1
21:54:48.240 [AsyncHttpClient-1-3] DEBUG org.asynchttpclient.netty.handler.HttpHandler - 

Request DefaultHttpRequest(decodeResult: success, version: HTTP/1.1)
POST /session/a385c2787a1f64614adddca810536d8a/element/63e711dd-3b51-4117-9f98-d4f1a7e97e6c/value HTTP/1.1
User-Agent: selenium/4.1.2 (java windows)
Content-Length: 111
Content-Type: application/json; charset=utf-8
host: localhost:58368
accept: */*

Response DefaultHttpResponse(decodeResult: success, version: HTTP/1.1)
HTTP/1.1 200 OK
Content-Type: application/json; charset=utf-8
cache-control: no-cache
content-length: 14

21:54:48.240 [AsyncHttpClient-1-3] DEBUG org.asynchttpclient.netty.channel.ChannelManager - Adding key: http://localhost:58368 for channel [id: 0x945689fa, L:/127.0.0.1:52199 - R:localhost/127.0.0.1:58368]
21:54:48.252 [Forwarding findElement on session a385c2787a1f64614adddca810536d8a to remote] DEBUG org.asynchttpclient.netty.request.NettyRequestSender - Using pooled Channel '[id: 0x945689fa, L:/127.0.0.1:52199 - R:localhost/127.0.0.1:58368]' for 'POST' to 'http://localhost:58368/session/a385c2787a1f64614adddca810536d8a/element'
21:54:48.252 [Forwarding findElement on session a385c2787a1f64614adddca810536d8a to remote] DEBUG org.asynchttpclient.netty.request.NettyRequestSender - Using open Channel [id: 0x945689fa, L:/127.0.0.1:52199 - R:localhost/127.0.0.1:58368] for POST '/session/a385c2787a1f64614adddca810536d8a/element'
21:54:48.295 [AsyncHttpClient-1-3] DEBUG org.asynchttpclient.netty.handler.HttpHandler - 

Request DefaultHttpRequest(decodeResult: success, version: HTTP/1.1)
POST /session/a385c2787a1f64614adddca810536d8a/element HTTP/1.1
User-Agent: selenium/4.1.2 (java windows)
Content-Length: 97
Content-Type: application/json; charset=utf-8
host: localhost:58368
accept: */*

Response DefaultHttpResponse(decodeResult: success, version: HTTP/1.1)
HTTP/1.1 200 OK
Content-Type: application/json; charset=utf-8
cache-control: no-cache
content-length: 88

21:54:48.296 [AsyncHttpClient-1-3] DEBUG org.asynchttpclient.netty.channel.ChannelManager - Adding key: http://localhost:58368 for channel [id: 0x945689fa, L:/127.0.0.1:52199 - R:localhost/127.0.0.1:58368]
21:54:48.300 [Forwarding clearElement on session a385c2787a1f64614adddca810536d8a to remote] DEBUG org.asynchttpclient.netty.request.NettyRequestSender - Using pooled Channel '[id: 0x945689fa, L:/127.0.0.1:52199 - R:localhost/127.0.0.1:58368]' for 'POST' to 'http://localhost:58368/session/a385c2787a1f64614adddca810536d8a/element/05725221-0d1d-40bd-8993-727f3b6b6043/clear'
21:54:48.301 [Forwarding clearElement on session a385c2787a1f64614adddca810536d8a to remote] DEBUG org.asynchttpclient.netty.request.NettyRequestSender - Using open Channel [id: 0x945689fa, L:/127.0.0.1:52199 - R:localhost/127.0.0.1:58368] for POST '/session/a385c2787a1f64614adddca810536d8a/element/05725221-0d1d-40bd-8993-727f3b6b6043/clear'
21:54:48.407 [AsyncHttpClient-1-3] DEBUG org.asynchttpclient.netty.handler.HttpHandler - 

Request DefaultHttpRequest(decodeResult: success, version: HTTP/1.1)
POST /session/a385c2787a1f64614adddca810536d8a/element/05725221-0d1d-40bd-8993-727f3b6b6043/clear HTTP/1.1
User-Agent: selenium/4.1.2 (java windows)
Content-Length: 50
Content-Type: application/json; charset=utf-8
host: localhost:58368
accept: */*

Response DefaultHttpResponse(decodeResult: success, version: HTTP/1.1)
HTTP/1.1 200 OK
Content-Type: application/json; charset=utf-8
cache-control: no-cache
content-length: 14

21:54:48.407 [AsyncHttpClient-1-3] DEBUG org.asynchttpclient.netty.channel.ChannelManager - Adding key: http://localhost:58368 for channel [id: 0x945689fa, L:/127.0.0.1:52199 - R:localhost/127.0.0.1:58368]
21:54:48.411 [Forwarding sendKeysToElement on session a385c2787a1f64614adddca810536d8a to remote] DEBUG org.asynchttpclient.netty.request.NettyRequestSender - Using pooled Channel '[id: 0x945689fa, L:/127.0.0.1:52199 - R:localhost/127.0.0.1:58368]' for 'POST' to 'http://localhost:58368/session/a385c2787a1f64614adddca810536d8a/element/05725221-0d1d-40bd-8993-727f3b6b6043/value'
21:54:48.411 [Forwarding sendKeysToElement on session a385c2787a1f64614adddca810536d8a to remote] DEBUG org.asynchttpclient.netty.request.NettyRequestSender - Using open Channel [id: 0x945689fa, L:/127.0.0.1:52199 - R:localhost/127.0.0.1:58368] for POST '/session/a385c2787a1f64614adddca810536d8a/element/05725221-0d1d-40bd-8993-727f3b6b6043/value'
21:54:48.523 [AsyncHttpClient-1-3] DEBUG org.asynchttpclient.netty.handler.HttpHandler - 

Request DefaultHttpRequest(decodeResult: success, version: HTTP/1.1)
POST /session/a385c2787a1f64614adddca810536d8a/element/05725221-0d1d-40bd-8993-727f3b6b6043/value HTTP/1.1
User-Agent: selenium/4.1.2 (java windows)
Content-Length: 82
Content-Type: application/json; charset=utf-8
host: localhost:58368
accept: */*

Response DefaultHttpResponse(decodeResult: success, version: HTTP/1.1)
HTTP/1.1 200 OK
Content-Type: application/json; charset=utf-8
cache-control: no-cache
content-length: 14

21:54:48.523 [AsyncHttpClient-1-3] DEBUG org.asynchttpclient.netty.channel.ChannelManager - Adding key: http://localhost:58368 for channel [id: 0x945689fa, L:/127.0.0.1:52199 - R:localhost/127.0.0.1:58368]
  &amp#27;[32mAnd &amp#27;[0m&amp#27;[32mI input valid &amp#27;[0m&amp#27;[32m&amp#27;[1m"aaa"&amp#27;[0m&amp#27;[32m email and &amp#27;[0m&amp#27;[32m&amp#27;[1m""&amp#27;[0m&amp#27;[32m password&amp#27;[0m &amp#27;[90m# starter.stepdefinitions.LoginSteps.iInputValidEmailAndPassword(java.lang.String,java.lang.String)&amp#27;[0m
21:54:48.543 [Forwarding screenshot on session a385c2787a1f64614adddca810536d8a to remote] DEBUG org.asynchttpclient.netty.request.NettyRequestSender - Using pooled Channel '[id: 0x945689fa, L:/127.0.0.1:52199 - R:localhost/127.0.0.1:58368]' for 'GET' to 'http://localhost:58368/session/a385c2787a1f64614adddca810536d8a/screenshot'
21:54:48.543 [Forwarding screenshot on session a385c2787a1f64614adddca810536d8a to remote] DEBUG org.asynchttpclient.netty.request.NettyRequestSender - Using open Channel [id: 0x945689fa, L:/127.0.0.1:52199 - R:localhost/127.0.0.1:58368] for GET '/session/a385c2787a1f64614adddca810536d8a/screenshot'
21:54:48.740 [AsyncHttpClient-1-3] DEBUG org.asynchttpclient.netty.handler.HttpHandler - 

Request DefaultFullHttpRequest(decodeResult: success, version: HTTP/1.1, content: EmptyByteBufBE)
GET /session/a385c2787a1f64614adddca810536d8a/screenshot HTTP/1.1
User-Agent: selenium/4.1.2 (java windows)
Cache-Control: no-cache
Content-Type: application/json; charset=utf-8
host: localhost:58368
accept: */*

Response DefaultHttpResponse(decodeResult: success, version: HTTP/1.1)
HTTP/1.1 200 OK
Content-Type: application/json; charset=utf-8
cache-control: no-cache
content-length: 24960

21:54:48.741 [AsyncHttpClient-1-3] DEBUG org.asynchttpclient.netty.channel.ChannelManager - Adding key: http://localhost:58368 for channel [id: 0x945689fa, L:/127.0.0.1:52199 - R:localhost/127.0.0.1:58368]
21:54:48.743 [main] DEBUG net.serenitybdd.core.photography.Darkroom - Send negative for processing for target\site\serenity\e359f8afd84a338144c485d12096292eaba7cd4edf30ac787d13045c3abdbed1.png
21:54:48.745 [Darkroom Processing Line] DEBUG net.serenitybdd.core.photography.DarkroomProcessingLine - Processing screenshot image in /var/screenshots/screenshot-9841716349592832749
21:54:48.745 [Darkroom Processing Line] DEBUG net.serenitybdd.core.photography.DarkroomProcessingLine - Saving screenshot to target\site\serenity\e359f8afd84a338144c485d12096292eaba7cd4edf30ac787d13045c3abdbed1.png
21:54:48.762 [Forwarding findElement on session a385c2787a1f64614adddca810536d8a to remote] DEBUG org.asynchttpclient.netty.request.NettyRequestSender - Using pooled Channel '[id: 0x945689fa, L:/127.0.0.1:52199 - R:localhost/127.0.0.1:58368]' for 'POST' to 'http://localhost:58368/session/a385c2787a1f64614adddca810536d8a/element'
21:54:48.762 [Forwarding findElement on session a385c2787a1f64614adddca810536d8a to remote] DEBUG org.asynchttpclient.netty.request.NettyRequestSender - Using open Channel [id: 0x945689fa, L:/127.0.0.1:52199 - R:localhost/127.0.0.1:58368] for POST '/session/a385c2787a1f64614adddca810536d8a/element'
21:54:48.789 [AsyncHttpClient-1-3] DEBUG org.asynchttpclient.netty.handler.HttpHandler - 

Request DefaultHttpRequest(decodeResult: success, version: HTTP/1.1)
POST /session/a385c2787a1f64614adddca810536d8a/element HTTP/1.1
User-Agent: selenium/4.1.2 (java windows)
Content-Length: 83
Content-Type: application/json; charset=utf-8
host: localhost:58368
accept: */*

Response DefaultHttpResponse(decodeResult: success, version: HTTP/1.1)
HTTP/1.1 200 OK
Content-Type: application/json; charset=utf-8
cache-control: no-cache
content-length: 88

21:54:48.790 [AsyncHttpClient-1-3] DEBUG org.asynchttpclient.netty.channel.ChannelManager - Adding key: http://localhost:58368 for channel [id: 0x945689fa, L:/127.0.0.1:52199 - R:localhost/127.0.0.1:58368]
21:54:48.791 [Forwarding getElementTagName on session a385c2787a1f64614adddca810536d8a to remote] DEBUG org.asynchttpclient.netty.request.NettyRequestSender - Using pooled Channel '[id: 0x945689fa, L:/127.0.0.1:52199 - R:localhost/127.0.0.1:58368]' for 'GET' to 'http://localhost:58368/session/a385c2787a1f64614adddca810536d8a/element/a4ffbda1-3c43-4938-a114-3df2a4497434/name'
21:54:48.792 [Forwarding getElementTagName on session a385c2787a1f64614adddca810536d8a to remote] DEBUG org.asynchttpclient.netty.request.NettyRequestSender - Using open Channel [id: 0x945689fa, L:/127.0.0.1:52199 - R:localhost/127.0.0.1:58368] for GET '/session/a385c2787a1f64614adddca810536d8a/element/a4ffbda1-3c43-4938-a114-3df2a4497434/name'
21:54:48.803 [AsyncHttpClient-1-3] DEBUG org.asynchttpclient.netty.handler.HttpHandler - 

Request DefaultFullHttpRequest(decodeResult: success, version: HTTP/1.1, content: EmptyByteBufBE)
GET /session/a385c2787a1f64614adddca810536d8a/element/a4ffbda1-3c43-4938-a114-3df2a4497434/name HTTP/1.1
User-Agent: selenium/4.1.2 (java windows)
Cache-Control: no-cache
Content-Type: application/json; charset=utf-8
host: localhost:58368
accept: */*

Response DefaultHttpResponse(decodeResult: success, version: HTTP/1.1)
HTTP/1.1 200 OK
Content-Type: application/json; charset=utf-8
cache-control: no-cache
content-length: 16

21:54:48.803 [AsyncHttpClient-1-3] DEBUG org.asynchttpclient.netty.channel.ChannelManager - Adding key: http://localhost:58368 for channel [id: 0x945689fa, L:/127.0.0.1:52199 - R:localhost/127.0.0.1:58368]
21:54:48.806 [Forwarding getElementTagName on session a385c2787a1f64614adddca810536d8a to remote] DEBUG org.asynchttpclient.netty.request.NettyRequestSender - Using pooled Channel '[id: 0x945689fa, L:/127.0.0.1:52199 - R:localhost/127.0.0.1:58368]' for 'GET' to 'http://localhost:58368/session/a385c2787a1f64614adddca810536d8a/element/a4ffbda1-3c43-4938-a114-3df2a4497434/name'
21:54:48.806 [Forwarding getElementTagName on session a385c2787a1f64614adddca810536d8a to remote] DEBUG org.asynchttpclient.netty.request.NettyRequestSender - Using open Channel [id: 0x945689fa, L:/127.0.0.1:52199 - R:localhost/127.0.0.1:58368] for GET '/session/a385c2787a1f64614adddca810536d8a/element/a4ffbda1-3c43-4938-a114-3df2a4497434/name'
21:54:48.811 [AsyncHttpClient-1-3] DEBUG org.asynchttpclient.netty.handler.HttpHandler - 

Request DefaultFullHttpRequest(decodeResult: success, version: HTTP/1.1, content: EmptyByteBufBE)
GET /session/a385c2787a1f64614adddca810536d8a/element/a4ffbda1-3c43-4938-a114-3df2a4497434/name HTTP/1.1
User-Agent: selenium/4.1.2 (java windows)
Cache-Control: no-cache
Content-Type: application/json; charset=utf-8
host: localhost:58368
accept: */*

Response DefaultHttpResponse(decodeResult: success, version: HTTP/1.1)
HTTP/1.1 200 OK
Content-Type: application/json; charset=utf-8
cache-control: no-cache
content-length: 16

21:54:48.812 [AsyncHttpClient-1-3] DEBUG org.asynchttpclient.netty.channel.ChannelManager - Adding key: http://localhost:58368 for channel [id: 0x945689fa, L:/127.0.0.1:52199 - R:localhost/127.0.0.1:58368]
21:54:48.817 [Forwarding findElement on session a385c2787a1f64614adddca810536d8a to remote] DEBUG org.asynchttpclient.netty.request.NettyRequestSender - Using pooled Channel '[id: 0x945689fa, L:/127.0.0.1:52199 - R:localhost/127.0.0.1:58368]' for 'POST' to 'http://localhost:58368/session/a385c2787a1f64614adddca810536d8a/element'
21:54:48.817 [Forwarding findElement on session a385c2787a1f64614adddca810536d8a to remote] DEBUG org.asynchttpclient.netty.request.NettyRequestSender - Using open Channel [id: 0x945689fa, L:/127.0.0.1:52199 - R:localhost/127.0.0.1:58368] for POST '/session/a385c2787a1f64614adddca810536d8a/element'
21:54:48.829 [AsyncHttpClient-1-3] DEBUG org.asynchttpclient.netty.handler.HttpHandler - 

Request DefaultHttpRequest(decodeResult: success, version: HTTP/1.1)
POST /session/a385c2787a1f64614adddca810536d8a/element HTTP/1.1
User-Agent: selenium/4.1.2 (java windows)
Content-Length: 83
Content-Type: application/json; charset=utf-8
host: localhost:58368
accept: */*

Response DefaultHttpResponse(decodeResult: success, version: HTTP/1.1)
HTTP/1.1 200 OK
Content-Type: application/json; charset=utf-8
cache-control: no-cache
content-length: 88

21:54:48.830 [AsyncHttpClient-1-3] DEBUG org.asynchttpclient.netty.channel.ChannelManager - Adding key: http://localhost:58368 for channel [id: 0x945689fa, L:/127.0.0.1:52199 - R:localhost/127.0.0.1:58368]
21:54:48.834 [Forwarding clickElement on session a385c2787a1f64614adddca810536d8a to remote] DEBUG org.asynchttpclient.netty.request.NettyRequestSender - Using pooled Channel '[id: 0x945689fa, L:/127.0.0.1:52199 - R:localhost/127.0.0.1:58368]' for 'POST' to 'http://localhost:58368/session/a385c2787a1f64614adddca810536d8a/element/a4ffbda1-3c43-4938-a114-3df2a4497434/click'
21:54:48.834 [Forwarding clickElement on session a385c2787a1f64614adddca810536d8a to remote] DEBUG org.asynchttpclient.netty.request.NettyRequestSender - Using open Channel [id: 0x945689fa, L:/127.0.0.1:52199 - R:localhost/127.0.0.1:58368] for POST '/session/a385c2787a1f64614adddca810536d8a/element/a4ffbda1-3c43-4938-a114-3df2a4497434/click'
21:54:48.922 [AsyncHttpClient-1-3] DEBUG org.asynchttpclient.netty.handler.HttpHandler - 

Request DefaultHttpRequest(decodeResult: success, version: HTTP/1.1)
POST /session/a385c2787a1f64614adddca810536d8a/element/a4ffbda1-3c43-4938-a114-3df2a4497434/click HTTP/1.1
User-Agent: selenium/4.1.2 (java windows)
Content-Length: 50
Content-Type: application/json; charset=utf-8
host: localhost:58368
accept: */*

Response DefaultHttpResponse(decodeResult: success, version: HTTP/1.1)
HTTP/1.1 200 OK
Content-Type: application/json; charset=utf-8
cache-control: no-cache
content-length: 14

21:54:48.923 [AsyncHttpClient-1-3] DEBUG org.asynchttpclient.netty.channel.ChannelManager - Adding key: http://localhost:58368 for channel [id: 0x945689fa, L:/127.0.0.1:52199 - R:localhost/127.0.0.1:58368]
  &amp#27;[32mAnd &amp#27;[0m&amp#27;[32mI click Login button&amp#27;[0m                      &amp#27;[90m# starter.stepdefinitions.LoginSteps.iClickLoginButton()&amp#27;[0m
21:54:48.937 [Forwarding screenshot on session a385c2787a1f64614adddca810536d8a to remote] DEBUG org.asynchttpclient.netty.request.NettyRequestSender - Using pooled Channel '[id: 0x945689fa, L:/127.0.0.1:52199 - R:localhost/127.0.0.1:58368]' for 'GET' to 'http://localhost:58368/session/a385c2787a1f64614adddca810536d8a/screenshot'
21:54:48.937 [Forwarding screenshot on session a385c2787a1f64614adddca810536d8a to remote] DEBUG org.asynchttpclient.netty.request.NettyRequestSender - Using open Channel [id: 0x945689fa, L:/127.0.0.1:52199 - R:localhost/127.0.0.1:58368] for GET '/session/a385c2787a1f64614adddca810536d8a/screenshot'
21:54:49.199 [AsyncHttpClient-1-3] DEBUG org.asynchttpclient.netty.handler.HttpHandler - 

Request DefaultFullHttpRequest(decodeResult: success, version: HTTP/1.1, content: EmptyByteBufBE)
GET /session/a385c2787a1f64614adddca810536d8a/screenshot HTTP/1.1
User-Agent: selenium/4.1.2 (java windows)
Cache-Control: no-cache
Content-Type: application/json; charset=utf-8
host: localhost:58368
accept: */*

Response DefaultHttpResponse(decodeResult: success, version: HTTP/1.1)
HTTP/1.1 200 OK
Content-Type: application/json; charset=utf-8
cache-control: no-cache
content-length: 25312

21:54:49.200 [AsyncHttpClient-1-3] DEBUG org.asynchttpclient.netty.channel.ChannelManager - Adding key: http://localhost:58368 for channel [id: 0x945689fa, L:/127.0.0.1:52199 - R:localhost/127.0.0.1:58368]
21:54:49.202 [main] DEBUG net.serenitybdd.core.photography.Darkroom - Send negative for processing for target\site\serenity\cbfc14685cd8267aad680618f9b790d7138d21608fa0679a9fc55e0c63411121.png
21:54:49.203 [Darkroom Processing Line] DEBUG net.serenitybdd.core.photography.DarkroomProcessingLine - Processing screenshot image in /var/screenshots/screenshot-5187223943362833276
21:54:49.203 [Darkroom Processing Line] DEBUG net.serenitybdd.core.photography.DarkroomProcessingLine - Saving screenshot to target\site\serenity\cbfc14685cd8267aad680618f9b790d7138d21608fa0679a9fc55e0c63411121.png
21:54:49.217 [Forwarding findElement on session a385c2787a1f64614adddca810536d8a to remote] DEBUG org.asynchttpclient.netty.request.NettyRequestSender - Using pooled Channel '[id: 0x945689fa, L:/127.0.0.1:52199 - R:localhost/127.0.0.1:58368]' for 'POST' to 'http://localhost:58368/session/a385c2787a1f64614adddca810536d8a/element'
21:54:49.217 [Forwarding findElement on session a385c2787a1f64614adddca810536d8a to remote] DEBUG org.asynchttpclient.netty.request.NettyRequestSender - Using open Channel [id: 0x945689fa, L:/127.0.0.1:52199 - R:localhost/127.0.0.1:58368] for POST '/session/a385c2787a1f64614adddca810536d8a/element'
21:54:49.276 [AsyncHttpClient-1-1] DEBUG org.asynchttpclient.netty.channel.DefaultChannelPool - Entry count for : http://localhost:52200 : 1
21:54:49.436 [AsyncHttpClient-1-3] DEBUG org.asynchttpclient.netty.handler.HttpHandler - 

Request DefaultHttpRequest(decodeResult: success, version: HTTP/1.1)
POST /session/a385c2787a1f64614adddca810536d8a/element HTTP/1.1
User-Agent: selenium/4.1.2 (java windows)
Content-Length: 80
Content-Type: application/json; charset=utf-8
host: localhost:58368
accept: */*

Response DefaultHttpResponse(decodeResult: success, version: HTTP/1.1)
HTTP/1.1 200 OK
Content-Type: application/json; charset=utf-8
cache-control: no-cache
content-length: 88

21:54:49.436 [AsyncHttpClient-1-3] DEBUG org.asynchttpclient.netty.channel.ChannelManager - Adding key: http://localhost:58368 for channel [id: 0x945689fa, L:/127.0.0.1:52199 - R:localhost/127.0.0.1:58368]
21:54:49.443 [Forwarding isElementDisplayed on session a385c2787a1f64614adddca810536d8a to remote] DEBUG org.asynchttpclient.netty.request.NettyRequestSender - Using pooled Channel '[id: 0x945689fa, L:/127.0.0.1:52199 - R:localhost/127.0.0.1:58368]' for 'POST' to 'http://localhost:58368/session/a385c2787a1f64614adddca810536d8a/execute/sync'
21:54:49.443 [Forwarding isElementDisplayed on session a385c2787a1f64614adddca810536d8a to remote] DEBUG org.asynchttpclient.netty.request.NettyRequestSender - Using open Channel [id: 0x945689fa, L:/127.0.0.1:52199 - R:localhost/127.0.0.1:58368] for POST '/session/a385c2787a1f64614adddca810536d8a/execute/sync'
21:54:49.471 [AsyncHttpClient-1-3] DEBUG org.asynchttpclient.netty.handler.HttpHandler - 

Request DefaultHttpRequest(decodeResult: success, version: HTTP/1.1)
POST /session/a385c2787a1f64614adddca810536d8a/execute/sync HTTP/1.1
User-Agent: selenium/4.1.2 (java windows)
Content-Length: 48780
Content-Type: application/json; charset=utf-8
host: localhost:58368
accept: */*

Response DefaultHttpResponse(decodeResult: success, version: HTTP/1.1)
HTTP/1.1 200 OK
Content-Type: application/json; charset=utf-8
cache-control: no-cache
content-length: 14

21:54:49.472 [AsyncHttpClient-1-3] DEBUG org.asynchttpclient.netty.channel.ChannelManager - Adding key: http://localhost:58368 for channel [id: 0x945689fa, L:/127.0.0.1:52199 - R:localhost/127.0.0.1:58368]
  &amp#27;[32mThen &amp#27;[0m&amp#27;[32mI will get the &amp#27;[0m&amp#27;[32m&amp#27;[1m"i cant login"&amp#27;[0m            &amp#27;[90m# starter.stepdefinitions.LoginSteps.iWillGetThe(java.lang.String)&amp#27;[0m
21:54:49.482 [Forwarding screenshot on session a385c2787a1f64614adddca810536d8a to remote] DEBUG org.asynchttpclient.netty.request.NettyRequestSender - Using pooled Channel '[id: 0x945689fa, L:/127.0.0.1:52199 - R:localhost/127.0.0.1:58368]' for 'GET' to 'http://localhost:58368/session/a385c2787a1f64614adddca810536d8a/screenshot'
21:54:49.482 [Forwarding screenshot on session a385c2787a1f64614adddca810536d8a to remote] DEBUG org.asynchttpclient.netty.request.NettyRequestSender - Using open Channel [id: 0x945689fa, L:/127.0.0.1:52199 - R:localhost/127.0.0.1:58368] for GET '/session/a385c2787a1f64614adddca810536d8a/screenshot'
21:54:49.714 [AsyncHttpClient-1-3] DEBUG org.asynchttpclient.netty.handler.HttpHandler - 

Request DefaultFullHttpRequest(decodeResult: success, version: HTTP/1.1, content: EmptyByteBufBE)
GET /session/a385c2787a1f64614adddca810536d8a/screenshot HTTP/1.1
User-Agent: selenium/4.1.2 (java windows)
Cache-Control: no-cache
Content-Type: application/json; charset=utf-8
host: localhost:58368
accept: */*

Response DefaultHttpResponse(decodeResult: success, version: HTTP/1.1)
HTTP/1.1 200 OK
Content-Type: application/json; charset=utf-8
cache-control: no-cache
content-length: 29548

21:54:49.715 [AsyncHttpClient-1-3] DEBUG org.asynchttpclient.netty.channel.ChannelManager - Adding key: http://localhost:58368 for channel [id: 0x945689fa, L:/127.0.0.1:52199 - R:localhost/127.0.0.1:58368]
21:54:49.718 [main] DEBUG net.serenitybdd.core.photography.Darkroom - Send negative for processing for target\site\serenity\c47308e2827449e1dfca1658aa883b25ee09a0efb5d02184708d914b1e6ff96f.png
21:54:49.718 [Darkroom Processing Line] DEBUG net.serenitybdd.core.photography.DarkroomProcessingLine - Processing screenshot image in /var/screenshots/screenshot-3429820709895906905
21:54:49.719 [Darkroom Processing Line] DEBUG net.serenitybdd.core.photography.DarkroomProcessingLine - Saving screenshot to target\site\serenity\c47308e2827449e1dfca1658aa883b25ee09a0efb5d02184708d914b1e6ff96f.png
21:54:49.734 [AsyncHttpClient-1-5] DEBUG org.asynchttpclient.netty.handler.WebSocketHandler - Channel Closed: [id: 0xa992e6f2, L:/127.0.0.1:52207 ! R:localhost/127.0.0.1:52200] with attribute NettyResponseFuture{currentRetry=5,
	isDone=1,
	isCancelled=0,
	asyncHandler=org.asynchttpclient.ws.WebSocketUpgradeHandler@40daf121,
	nettyRequest=org.asynchttpclient.netty.request.NettyRequest@745f45f9,
	future=java.util.concurrent.CompletableFuture@9f06483[Completed normally],
	uri=ws://localhost:52200/devtools/browser/3860c64d-b638-48a1-ab19-af526ff1623f,
	keepAlive=true,
	redirectCount=0,
	timeoutsHolder=null,
	inAuth=0,
	touch=1667573685181}
21:54:49.734 [AsyncHttpClient-1-5] DEBUG org.asynchttpclient.netty.channel.ChannelManager - Closing Channel [id: 0xa992e6f2, L:/127.0.0.1:52207 ! R:localhost/127.0.0.1:52200] 
21:54:49.735 [Driver Command Executor] DEBUG org.asynchttpclient.netty.request.NettyRequestSender - Using pooled Channel '[id: 0x945689fa, L:/127.0.0.1:52199 - R:localhost/127.0.0.1:58368]' for 'DELETE' to 'http://localhost:58368/session/a385c2787a1f64614adddca810536d8a'
21:54:49.735 [Driver Command Executor] DEBUG org.asynchttpclient.netty.request.NettyRequestSender - Using open Channel [id: 0x945689fa, L:/127.0.0.1:52199 - R:localhost/127.0.0.1:58368] for DELETE '/session/a385c2787a1f64614adddca810536d8a'
21:54:49.802 [AsyncHttpClient-1-4] DEBUG org.asynchttpclient.netty.handler.HttpHandler - Unexpected I/O exception on channel [id: 0x219ce93b, L:/127.0.0.1:52206 - R:localhost/127.0.0.1:52200]
java.io.IOException: An existing connection was forcibly closed by the remote host
	at java.base/sun.nio.ch.SocketDispatcher.read0(Native Method)
	at java.base/sun.nio.ch.SocketDispatcher.read(SocketDispatcher.java:43)
	at java.base/sun.nio.ch.IOUtil.readIntoNativeBuffer(IOUtil.java:276)
	at java.base/sun.nio.ch.IOUtil.read(IOUtil.java:233)
	at java.base/sun.nio.ch.IOUtil.read(IOUtil.java:223)
	at java.base/sun.nio.ch.SocketChannelImpl.read(SocketChannelImpl.java:358)
	at io.netty.buffer.PooledByteBuf.setBytes(PooledByteBuf.java:258)
	at io.netty.buffer.AbstractByteBuf.writeBytes(AbstractByteBuf.java:1132)
	at io.netty.channel.socket.nio.NioSocketChannel.doReadBytes(NioSocketChannel.java:350)
	at io.netty.channel.nio.AbstractNioByteChannel$NioByteUnsafe.read(AbstractNioByteChannel.java:151)
	at io.netty.channel.nio.NioEventLoop.processSelectedKey(NioEventLoop.java:722)
	at io.netty.channel.nio.NioEventLoop.processSelectedKeysOptimized(NioEventLoop.java:658)
	at io.netty.channel.nio.NioEventLoop.processSelectedKeys(NioEventLoop.java:584)
	at io.netty.channel.nio.NioEventLoop.run(NioEventLoop.java:496)
	at io.netty.util.concurrent.SingleThreadEventExecutor$4.run(SingleThreadEventExecutor.java:986)
	at io.netty.util.internal.ThreadExecutorMap$2.run(ThreadExecutorMap.java:74)
	at io.netty.util.concurrent.FastThreadLocalRunnable.run(FastThreadLocalRunnable.java:30)
	at java.base/java.lang.Thread.run(Thread.java:834)
21:54:49.802 [AsyncHttpClient-1-4] DEBUG org.asynchttpclient.netty.channel.ChannelManager - Closing Channel [id: 0x219ce93b, L:/127.0.0.1:52206 - R:localhost/127.0.0.1:52200] 
21:54:49.803 [AsyncHttpClient-1-4] DEBUG org.asynchttpclient.netty.handler.HttpHandler - Channel Closed: [id: 0x219ce93b, L:/127.0.0.1:52206 ! R:localhost/127.0.0.1:52200] with attribute DISCARD
21:54:49.884 [AsyncHttpClient-1-3] DEBUG org.asynchttpclient.netty.handler.HttpHandler - 

Request DefaultFullHttpRequest(decodeResult: success, version: HTTP/1.1, content: EmptyByteBufBE)
DELETE /session/a385c2787a1f64614adddca810536d8a HTTP/1.1
User-Agent: selenium/4.1.2 (java windows)
Content-Type: application/json; charset=utf-8
host: localhost:58368
accept: */*

Response DefaultHttpResponse(decodeResult: success, version: HTTP/1.1)
HTTP/1.1 200 OK
Content-Type: application/json; charset=utf-8
cache-control: no-cache
content-length: 14

21:54:49.884 [AsyncHttpClient-1-3] DEBUG org.asynchttpclient.netty.channel.ChannelManager - Adding key: http://localhost:58368 for channel [id: 0x945689fa, L:/127.0.0.1:52199 - R:localhost/127.0.0.1:58368]
21:54:50.072 [AsyncHttpClient-1-3] DEBUG org.asynchttpclient.netty.handler.HttpHandler - Channel Closed: [id: 0x945689fa, L:/127.0.0.1:52199 ! R:localhost/127.0.0.1:58368] with attribute DISCARD
]]></system-out>
    <system-err><![CDATA[Starting ChromeDriver 106.0.5249.61 (511755355844955cd3e264779baf0dd38212a4d0-refs/branch-heads/5249@{#569}) on port 58368
Only local connections are allowed.
Please see https://chromedriver.chromium.org/security-considerations for suggestions on keeping ChromeDriver safe.
ChromeDriver was started successfully.
[1667573684.822][WARNING]: This version of ChromeDriver has not been tested with Chrome version 107.
Nov 04, 2022 9:54:45 PM org.openqa.selenium.remote.ProtocolHandshake createSession
INFO: Detected dialect: W3C
Nov 04, 2022 9:54:45 PM org.openqa.selenium.devtools.CdpVersionFinder findNearestMatch
WARNING: Unable to find an exact match for CDP version 107, so returning the closest version found: a no-op implementation
Nov 04, 2022 9:54:45 PM org.openqa.selenium.devtools.CdpVersionFinder findNearestMatch
INFO: Unable to find CDP implementation matching 107.
Nov 04, 2022 9:54:45 PM org.openqa.selenium.chromium.ChromiumDriver lambda$new$3
WARNING: Unable to find version of CDP to use for . You may need to include a dependency on a specific version of the CDP using something similar to `org.seleniumhq.selenium:selenium-devtools-v86:4.1.2` where the version ("v86") matches the version of the chromium-based browser you're using and the version number of the artifact is the same as Selenium's.
]]></system-err>
  </testcase>
  <testcase name="Login account #4" classname="Login" time="9.847">
    <system-out><![CDATA[
@Logins @Login
Scenario Outline: Login account              &amp#27;[90m# src/test/resources/features/Login.feature:19&amp#27;[0m
21:54:50.204 [main] INFO io.cucumber.core.plugin.SerenityReporter - Running feature from file:///C:/Users/ACER/Documents/Mini_Proyek/test-web/src/test/resources/features/Login.feature
21:54:50.247 [main] INFO net.serenitybdd.core.webdriver.driverproviders.ChromeDriverProvider - Using automatically driver download
21:54:50.389 [AsyncHttpClient-1-1] DEBUG org.asynchttpclient.netty.channel.DefaultChannelPool - Entry count for : http://localhost:58368 : 1
21:54:50.390 [AsyncHttpClient-1-1] DEBUG org.asynchttpclient.netty.channel.DefaultChannelPool - Entry count for : http://localhost:52200 : 1
21:54:50.390 [AsyncHttpClient-1-1] DEBUG org.asynchttpclient.netty.channel.DefaultChannelPool - Adding Candidate expired Channel [id: 0x945689fa, L:/127.0.0.1:52199 ! R:localhost/127.0.0.1:58368] isIdleTimeoutExpired=false isRemotelyClosed=true isTtlExpired=false
21:54:50.390 [AsyncHttpClient-1-1] DEBUG org.asynchttpclient.netty.channel.DefaultChannelPool - Closing Idle Channel [id: 0x945689fa, L:/127.0.0.1:52199 ! R:localhost/127.0.0.1:58368]
21:54:50.391 [AsyncHttpClient-1-1] DEBUG org.asynchttpclient.netty.channel.DefaultChannelPool - Adding Candidate expired Channel [id: 0x219ce93b, L:/127.0.0.1:52206 ! R:localhost/127.0.0.1:52200] isIdleTimeoutExpired=false isRemotelyClosed=true isTtlExpired=false
21:54:50.391 [AsyncHttpClient-1-1] DEBUG org.asynchttpclient.netty.channel.DefaultChannelPool - Closing Idle Channel [id: 0x219ce93b, L:/127.0.0.1:52206 ! R:localhost/127.0.0.1:52200]
21:54:50.391 [AsyncHttpClient-1-1] DEBUG org.asynchttpclient.netty.channel.DefaultChannelPool - Closed 2 connections out of 2 in 1 ms
21:54:52.488 [main] DEBUG io.github.bonigarcia.wdm.cache.ResolutionCache - Resolution chrome=107 in cache (valid until 22:53:45 04/11/2022 ICT)
21:54:52.502 [main] DEBUG io.github.bonigarcia.wdm.cache.ResolutionCache - Resolution chrome107=107.0.5304.62 in cache (valid until 21:53:45 05/11/2022 ICT)
21:54:52.520 [main] INFO io.github.bonigarcia.wdm.WebDriverManager - Using chromedriver 107.0.5304.62 (resolved driver for Chrome 107)
21:54:52.614 [main] DEBUG io.github.bonigarcia.wdm.WebDriverManager - Driver chromedriver 107.0.5304.62 found in cache
21:54:52.615 [main] INFO io.github.bonigarcia.wdm.WebDriverManager - Exporting webdriver.chrome.driver as C:\Users\ACER\.cache\selenium\chromedriver\win32\107.0.5304.62\chromedriver.exe
21:54:53.033 [main] DEBUG net.serenitybdd.core.webdriver.driverproviders.ProvideNewDriver - Instantiating driver
21:54:53.033 [main] DEBUG net.serenitybdd.core.webdriver.driverproviders.ProvideNewDriver - Driver capabilities: Capabilities {acceptInsecureCerts: false, base.url: https://alta-shop.vercel.app, browserName: chrome, chrome.driver: src/test/resources/webdrive..., driver: chrome, goog:chromeOptions: {args: [], extensions: []}, wait.for.timeout: 15000}
21:54:53.146 [AsyncHttpClient-1-6] DEBUG org.asynchttpclient.netty.channel.NettyConnectListener - Using new Channel '[id: 0xa58cd368, L:/127.0.0.1:52223 - R:localhost/127.0.0.1:56837]' for 'POST' to '/session'
21:54:54.404 [AsyncHttpClient-1-6] DEBUG org.asynchttpclient.netty.handler.HttpHandler - 

Request DefaultHttpRequest(decodeResult: success, version: HTTP/1.1)
POST /session HTTP/1.1
User-Agent: selenium/4.1.2 (java windows)
Content-Length: 640
Content-Type: application/json; charset=utf-8
host: localhost:56837
accept: */*

Response DefaultHttpResponse(decodeResult: success, version: HTTP/1.1)
HTTP/1.1 200 OK
Content-Type: application/json; charset=utf-8
cache-control: no-cache
content-length: 787

21:54:54.404 [AsyncHttpClient-1-6] DEBUG org.asynchttpclient.netty.channel.ChannelManager - Adding key: http://localhost:56837 for channel [id: 0xa58cd368, L:/127.0.0.1:52223 - R:localhost/127.0.0.1:56837]
21:54:54.422 [AsyncHttpClient-1-7] DEBUG org.asynchttpclient.netty.channel.NettyConnectListener - Using new Channel '[id: 0x66ccd010, L:/127.0.0.1:52231 - R:localhost/127.0.0.1:52224]' for 'GET' to '/json/version'
21:54:54.425 [AsyncHttpClient-1-7] DEBUG org.asynchttpclient.netty.handler.HttpHandler - 

Request DefaultFullHttpRequest(decodeResult: success, version: HTTP/1.1, content: EmptyByteBufBE)
GET /json/version HTTP/1.1
User-Agent: selenium/4.1.2 (java windows)
host: localhost:52224
accept: */*

Response DefaultHttpResponse(decodeResult: success, version: HTTP/1.1)
HTTP/1.1 200 OK
Content-Type: application/json; charset=UTF-8
content-length: 423

21:54:54.425 [AsyncHttpClient-1-7] DEBUG org.asynchttpclient.netty.channel.ChannelManager - Adding key: http://localhost:52224 for channel [id: 0x66ccd010, L:/127.0.0.1:52231 - R:localhost/127.0.0.1:52224]
21:54:54.431 [AsyncHttpClient-1-8] DEBUG org.asynchttpclient.netty.channel.NettyConnectListener - Using new Channel '[id: 0xdd373657, L:/127.0.0.1:52232 - R:localhost/127.0.0.1:52224]' for 'GET' to '/devtools/browser/17dc2c89-ad28-497a-9b99-a280eb77408e'
21:54:54.433 [AsyncHttpClient-1-8] DEBUG org.asynchttpclient.netty.handler.WebSocketHandler - 

Request DefaultFullHttpRequest(decodeResult: success, version: HTTP/1.1, content: EmptyByteBufBE)
GET /devtools/browser/17dc2c89-ad28-497a-9b99-a280eb77408e HTTP/1.1
upgrade: websocket
connection: upgrade
sec-websocket-key: TLQf5f/uAt9i1T2mwVRGJw==
sec-websocket-version: 13
origin: http://localhost:52224
host: localhost:52224
accept: */*
user-agent: AHC/2.1

Response DefaultHttpResponse(decodeResult: success, version: HTTP/1.1)
HTTP/1.1 101 WebSocket Protocol Handshake
Upgrade: WebSocket
Connection: Upgrade
Sec-WebSocket-Accept: VrUaS37go61HEYNoUWGBNfp33Vc=

21:54:54.455 [Forwarding get on session 4995c6fed1c094839329a85e1f9eb9e2 to remote] DEBUG org.asynchttpclient.netty.request.NettyRequestSender - Using pooled Channel '[id: 0xa58cd368, L:/127.0.0.1:52223 - R:localhost/127.0.0.1:56837]' for 'POST' to 'http://localhost:56837/session/4995c6fed1c094839329a85e1f9eb9e2/url'
21:54:54.455 [Forwarding get on session 4995c6fed1c094839329a85e1f9eb9e2 to remote] DEBUG org.asynchttpclient.netty.request.NettyRequestSender - Using open Channel [id: 0xa58cd368, L:/127.0.0.1:52223 - R:localhost/127.0.0.1:56837] for POST '/session/4995c6fed1c094839329a85e1f9eb9e2/url'
21:54:55.101 [AsyncHttpClient-1-1] DEBUG org.asynchttpclient.netty.channel.DefaultChannelPool - Entry count for : http://localhost:52224 : 1
21:54:55.758 [AsyncHttpClient-1-6] DEBUG org.asynchttpclient.netty.handler.HttpHandler - 

Request DefaultHttpRequest(decodeResult: success, version: HTTP/1.1)
POST /session/4995c6fed1c094839329a85e1f9eb9e2/url HTTP/1.1
User-Agent: selenium/4.1.2 (java windows)
Content-Length: 59
Content-Type: application/json; charset=utf-8
host: localhost:56837
accept: */*

Response DefaultHttpResponse(decodeResult: success, version: HTTP/1.1)
HTTP/1.1 200 OK
Content-Type: application/json; charset=utf-8
cache-control: no-cache
content-length: 14

21:54:55.758 [AsyncHttpClient-1-6] DEBUG org.asynchttpclient.netty.channel.ChannelManager - Adding key: http://localhost:56837 for channel [id: 0xa58cd368, L:/127.0.0.1:52223 - R:localhost/127.0.0.1:56837]
21:54:55.763 [Forwarding setTimeout on session 4995c6fed1c094839329a85e1f9eb9e2 to remote] DEBUG org.asynchttpclient.netty.request.NettyRequestSender - Using pooled Channel '[id: 0xa58cd368, L:/127.0.0.1:52223 - R:localhost/127.0.0.1:56837]' for 'POST' to 'http://localhost:56837/session/4995c6fed1c094839329a85e1f9eb9e2/timeouts'
21:54:55.763 [Forwarding setTimeout on session 4995c6fed1c094839329a85e1f9eb9e2 to remote] DEBUG org.asynchttpclient.netty.request.NettyRequestSender - Using open Channel [id: 0xa58cd368, L:/127.0.0.1:52223 - R:localhost/127.0.0.1:56837] for POST '/session/4995c6fed1c094839329a85e1f9eb9e2/timeouts'
21:54:55.766 [AsyncHttpClient-1-6] DEBUG org.asynchttpclient.netty.handler.HttpHandler - 

Request DefaultHttpRequest(decodeResult: success, version: HTTP/1.1)
POST /session/4995c6fed1c094839329a85e1f9eb9e2/timeouts HTTP/1.1
User-Agent: selenium/4.1.2 (java windows)
Content-Length: 22
Content-Type: application/json; charset=utf-8
host: localhost:56837
accept: */*

Response DefaultHttpResponse(decodeResult: success, version: HTTP/1.1)
HTTP/1.1 200 OK
Content-Type: application/json; charset=utf-8
cache-control: no-cache
content-length: 14

21:54:55.766 [AsyncHttpClient-1-6] DEBUG org.asynchttpclient.netty.channel.ChannelManager - Adding key: http://localhost:56837 for channel [id: 0xa58cd368, L:/127.0.0.1:52223 - R:localhost/127.0.0.1:56837]
21:54:55.775 [Forwarding getCurrentUrl on session 4995c6fed1c094839329a85e1f9eb9e2 to remote] DEBUG org.asynchttpclient.netty.request.NettyRequestSender - Using pooled Channel '[id: 0xa58cd368, L:/127.0.0.1:52223 - R:localhost/127.0.0.1:56837]' for 'GET' to 'http://localhost:56837/session/4995c6fed1c094839329a85e1f9eb9e2/url'
21:54:55.775 [Forwarding getCurrentUrl on session 4995c6fed1c094839329a85e1f9eb9e2 to remote] DEBUG org.asynchttpclient.netty.request.NettyRequestSender - Using open Channel [id: 0xa58cd368, L:/127.0.0.1:52223 - R:localhost/127.0.0.1:56837] for GET '/session/4995c6fed1c094839329a85e1f9eb9e2/url'
21:54:55.791 [AsyncHttpClient-1-6] DEBUG org.asynchttpclient.netty.handler.HttpHandler - 

Request DefaultFullHttpRequest(decodeResult: success, version: HTTP/1.1, content: EmptyByteBufBE)
GET /session/4995c6fed1c094839329a85e1f9eb9e2/url HTTP/1.1
User-Agent: selenium/4.1.2 (java windows)
Cache-Control: no-cache
Content-Type: application/json; charset=utf-8
host: localhost:56837
accept: */*

Response DefaultHttpResponse(decodeResult: success, version: HTTP/1.1)
HTTP/1.1 200 OK
Content-Type: application/json; charset=utf-8
cache-control: no-cache
content-length: 41

21:54:55.791 [AsyncHttpClient-1-6] DEBUG org.asynchttpclient.netty.channel.ChannelManager - Adding key: http://localhost:56837 for channel [id: 0xa58cd368, L:/127.0.0.1:52223 - R:localhost/127.0.0.1:56837]
  &amp#27;[32mGiven &amp#27;[0m&amp#27;[32mI am on the website page&amp#27;[0m             &amp#27;[90m# starter.stepdefinitions.LoginSteps.iAmOnTheWebsitePage()&amp#27;[0m
21:54:55.808 [Forwarding screenshot on session 4995c6fed1c094839329a85e1f9eb9e2 to remote] DEBUG org.asynchttpclient.netty.request.NettyRequestSender - Using pooled Channel '[id: 0xa58cd368, L:/127.0.0.1:52223 - R:localhost/127.0.0.1:56837]' for 'GET' to 'http://localhost:56837/session/4995c6fed1c094839329a85e1f9eb9e2/screenshot'
21:54:55.808 [Forwarding screenshot on session 4995c6fed1c094839329a85e1f9eb9e2 to remote] DEBUG org.asynchttpclient.netty.request.NettyRequestSender - Using open Channel [id: 0xa58cd368, L:/127.0.0.1:52223 - R:localhost/127.0.0.1:56837] for GET '/session/4995c6fed1c094839329a85e1f9eb9e2/screenshot'
21:54:56.206 [AsyncHttpClient-1-1] DEBUG org.asynchttpclient.netty.channel.DefaultChannelPool - Entry count for : http://localhost:52224 : 1
21:54:56.567 [AsyncHttpClient-1-6] DEBUG org.asynchttpclient.netty.handler.HttpHandler - 

Request DefaultFullHttpRequest(decodeResult: success, version: HTTP/1.1, content: EmptyByteBufBE)
GET /session/4995c6fed1c094839329a85e1f9eb9e2/screenshot HTTP/1.1
User-Agent: selenium/4.1.2 (java windows)
Cache-Control: no-cache
Content-Type: application/json; charset=utf-8
host: localhost:56837
accept: */*

Response DefaultHttpResponse(decodeResult: success, version: HTTP/1.1)
HTTP/1.1 200 OK
Content-Type: application/json; charset=utf-8
cache-control: no-cache
content-length: 22328

21:54:56.568 [AsyncHttpClient-1-6] DEBUG org.asynchttpclient.netty.channel.ChannelManager - Adding key: http://localhost:56837 for channel [id: 0xa58cd368, L:/127.0.0.1:52223 - R:localhost/127.0.0.1:56837]
21:54:56.575 [main] DEBUG net.serenitybdd.core.photography.Darkroom - Send negative for processing for target\site\serenity\e618d384cf680fda6a3579eb3aa00b97d32e96d45bc00c852e6ef9e91253516c.png
21:54:56.576 [Darkroom Processing Line] DEBUG net.serenitybdd.core.photography.DarkroomProcessingLine - Processing screenshot image in /var/screenshots/screenshot-4058340615940577822
21:54:56.576 [Darkroom Processing Line] DEBUG net.serenitybdd.core.photography.DarkroomProcessingLine - Saving screenshot to target\site\serenity\e618d384cf680fda6a3579eb3aa00b97d32e96d45bc00c852e6ef9e91253516c.png
21:54:56.596 [Forwarding findElement on session 4995c6fed1c094839329a85e1f9eb9e2 to remote] DEBUG org.asynchttpclient.netty.request.NettyRequestSender - Using pooled Channel '[id: 0xa58cd368, L:/127.0.0.1:52223 - R:localhost/127.0.0.1:56837]' for 'POST' to 'http://localhost:56837/session/4995c6fed1c094839329a85e1f9eb9e2/element'
21:54:56.597 [Forwarding findElement on session 4995c6fed1c094839329a85e1f9eb9e2 to remote] DEBUG org.asynchttpclient.netty.request.NettyRequestSender - Using open Channel [id: 0xa58cd368, L:/127.0.0.1:52223 - R:localhost/127.0.0.1:56837] for POST '/session/4995c6fed1c094839329a85e1f9eb9e2/element'
21:54:56.632 [AsyncHttpClient-1-6] DEBUG org.asynchttpclient.netty.handler.HttpHandler - 

Request DefaultHttpRequest(decodeResult: success, version: HTTP/1.1)
POST /session/4995c6fed1c094839329a85e1f9eb9e2/element HTTP/1.1
User-Agent: selenium/4.1.2 (java windows)
Content-Length: 97
Content-Type: application/json; charset=utf-8
host: localhost:56837
accept: */*

Response DefaultHttpResponse(decodeResult: success, version: HTTP/1.1)
HTTP/1.1 200 OK
Content-Type: application/json; charset=utf-8
cache-control: no-cache
content-length: 88

21:54:56.633 [AsyncHttpClient-1-6] DEBUG org.asynchttpclient.netty.channel.ChannelManager - Adding key: http://localhost:56837 for channel [id: 0xa58cd368, L:/127.0.0.1:52223 - R:localhost/127.0.0.1:56837]
21:54:56.635 [Forwarding getElementTagName on session 4995c6fed1c094839329a85e1f9eb9e2 to remote] DEBUG org.asynchttpclient.netty.request.NettyRequestSender - Using pooled Channel '[id: 0xa58cd368, L:/127.0.0.1:52223 - R:localhost/127.0.0.1:56837]' for 'GET' to 'http://localhost:56837/session/4995c6fed1c094839329a85e1f9eb9e2/element/c8957c97-3511-4931-82b7-50872131b781/name'
21:54:56.635 [Forwarding getElementTagName on session 4995c6fed1c094839329a85e1f9eb9e2 to remote] DEBUG org.asynchttpclient.netty.request.NettyRequestSender - Using open Channel [id: 0xa58cd368, L:/127.0.0.1:52223 - R:localhost/127.0.0.1:56837] for GET '/session/4995c6fed1c094839329a85e1f9eb9e2/element/c8957c97-3511-4931-82b7-50872131b781/name'
21:54:56.648 [AsyncHttpClient-1-6] DEBUG org.asynchttpclient.netty.handler.HttpHandler - 

Request DefaultFullHttpRequest(decodeResult: success, version: HTTP/1.1, content: EmptyByteBufBE)
GET /session/4995c6fed1c094839329a85e1f9eb9e2/element/c8957c97-3511-4931-82b7-50872131b781/name HTTP/1.1
User-Agent: selenium/4.1.2 (java windows)
Cache-Control: no-cache
Content-Type: application/json; charset=utf-8
host: localhost:56837
accept: */*

Response DefaultHttpResponse(decodeResult: success, version: HTTP/1.1)
HTTP/1.1 200 OK
Content-Type: application/json; charset=utf-8
cache-control: no-cache
content-length: 13

21:54:56.648 [AsyncHttpClient-1-6] DEBUG org.asynchttpclient.netty.channel.ChannelManager - Adding key: http://localhost:56837 for channel [id: 0xa58cd368, L:/127.0.0.1:52223 - R:localhost/127.0.0.1:56837]
21:54:56.650 [Forwarding getElementTagName on session 4995c6fed1c094839329a85e1f9eb9e2 to remote] DEBUG org.asynchttpclient.netty.request.NettyRequestSender - Using pooled Channel '[id: 0xa58cd368, L:/127.0.0.1:52223 - R:localhost/127.0.0.1:56837]' for 'GET' to 'http://localhost:56837/session/4995c6fed1c094839329a85e1f9eb9e2/element/c8957c97-3511-4931-82b7-50872131b781/name'
21:54:56.650 [Forwarding getElementTagName on session 4995c6fed1c094839329a85e1f9eb9e2 to remote] DEBUG org.asynchttpclient.netty.request.NettyRequestSender - Using open Channel [id: 0xa58cd368, L:/127.0.0.1:52223 - R:localhost/127.0.0.1:56837] for GET '/session/4995c6fed1c094839329a85e1f9eb9e2/element/c8957c97-3511-4931-82b7-50872131b781/name'
21:54:56.659 [AsyncHttpClient-1-6] DEBUG org.asynchttpclient.netty.handler.HttpHandler - 

Request DefaultFullHttpRequest(decodeResult: success, version: HTTP/1.1, content: EmptyByteBufBE)
GET /session/4995c6fed1c094839329a85e1f9eb9e2/element/c8957c97-3511-4931-82b7-50872131b781/name HTTP/1.1
User-Agent: selenium/4.1.2 (java windows)
Cache-Control: no-cache
Content-Type: application/json; charset=utf-8
host: localhost:56837
accept: */*

Response DefaultHttpResponse(decodeResult: success, version: HTTP/1.1)
HTTP/1.1 200 OK
Content-Type: application/json; charset=utf-8
cache-control: no-cache
content-length: 13

21:54:56.659 [AsyncHttpClient-1-6] DEBUG org.asynchttpclient.netty.channel.ChannelManager - Adding key: http://localhost:56837 for channel [id: 0xa58cd368, L:/127.0.0.1:52223 - R:localhost/127.0.0.1:56837]
21:54:56.664 [Forwarding findElement on session 4995c6fed1c094839329a85e1f9eb9e2 to remote] DEBUG org.asynchttpclient.netty.request.NettyRequestSender - Using pooled Channel '[id: 0xa58cd368, L:/127.0.0.1:52223 - R:localhost/127.0.0.1:56837]' for 'POST' to 'http://localhost:56837/session/4995c6fed1c094839329a85e1f9eb9e2/element'
21:54:56.664 [Forwarding findElement on session 4995c6fed1c094839329a85e1f9eb9e2 to remote] DEBUG org.asynchttpclient.netty.request.NettyRequestSender - Using open Channel [id: 0xa58cd368, L:/127.0.0.1:52223 - R:localhost/127.0.0.1:56837] for POST '/session/4995c6fed1c094839329a85e1f9eb9e2/element'
21:54:56.685 [AsyncHttpClient-1-6] DEBUG org.asynchttpclient.netty.handler.HttpHandler - 

Request DefaultHttpRequest(decodeResult: success, version: HTTP/1.1)
POST /session/4995c6fed1c094839329a85e1f9eb9e2/element HTTP/1.1
User-Agent: selenium/4.1.2 (java windows)
Content-Length: 97
Content-Type: application/json; charset=utf-8
host: localhost:56837
accept: */*

Response DefaultHttpResponse(decodeResult: success, version: HTTP/1.1)
HTTP/1.1 200 OK
Content-Type: application/json; charset=utf-8
cache-control: no-cache
content-length: 88

21:54:56.686 [AsyncHttpClient-1-6] DEBUG org.asynchttpclient.netty.channel.ChannelManager - Adding key: http://localhost:56837 for channel [id: 0xa58cd368, L:/127.0.0.1:52223 - R:localhost/127.0.0.1:56837]
21:54:56.691 [Forwarding clickElement on session 4995c6fed1c094839329a85e1f9eb9e2 to remote] DEBUG org.asynchttpclient.netty.request.NettyRequestSender - Using pooled Channel '[id: 0xa58cd368, L:/127.0.0.1:52223 - R:localhost/127.0.0.1:56837]' for 'POST' to 'http://localhost:56837/session/4995c6fed1c094839329a85e1f9eb9e2/element/c8957c97-3511-4931-82b7-50872131b781/click'
21:54:56.691 [Forwarding clickElement on session 4995c6fed1c094839329a85e1f9eb9e2 to remote] DEBUG org.asynchttpclient.netty.request.NettyRequestSender - Using open Channel [id: 0xa58cd368, L:/127.0.0.1:52223 - R:localhost/127.0.0.1:56837] for POST '/session/4995c6fed1c094839329a85e1f9eb9e2/element/c8957c97-3511-4931-82b7-50872131b781/click'
21:54:56.849 [AsyncHttpClient-1-6] DEBUG org.asynchttpclient.netty.handler.HttpHandler - 

Request DefaultHttpRequest(decodeResult: success, version: HTTP/1.1)
POST /session/4995c6fed1c094839329a85e1f9eb9e2/element/c8957c97-3511-4931-82b7-50872131b781/click HTTP/1.1
User-Agent: selenium/4.1.2 (java windows)
Content-Length: 50
Content-Type: application/json; charset=utf-8
host: localhost:56837
accept: */*

Response DefaultHttpResponse(decodeResult: success, version: HTTP/1.1)
HTTP/1.1 200 OK
Content-Type: application/json; charset=utf-8
cache-control: no-cache
content-length: 14

21:54:56.850 [AsyncHttpClient-1-6] DEBUG org.asynchttpclient.netty.channel.ChannelManager - Adding key: http://localhost:56837 for channel [id: 0xa58cd368, L:/127.0.0.1:52223 - R:localhost/127.0.0.1:56837]
  &amp#27;[32mWhen &amp#27;[0m&amp#27;[32mI clik sigin button&amp#27;[0m                   &amp#27;[90m# starter.stepdefinitions.LoginSteps.iClikSiginButton()&amp#27;[0m
21:54:56.892 [Forwarding screenshot on session 4995c6fed1c094839329a85e1f9eb9e2 to remote] DEBUG org.asynchttpclient.netty.request.NettyRequestSender - Using pooled Channel '[id: 0xa58cd368, L:/127.0.0.1:52223 - R:localhost/127.0.0.1:56837]' for 'GET' to 'http://localhost:56837/session/4995c6fed1c094839329a85e1f9eb9e2/screenshot'
21:54:56.892 [Forwarding screenshot on session 4995c6fed1c094839329a85e1f9eb9e2 to remote] DEBUG org.asynchttpclient.netty.request.NettyRequestSender - Using open Channel [id: 0xa58cd368, L:/127.0.0.1:52223 - R:localhost/127.0.0.1:56837] for GET '/session/4995c6fed1c094839329a85e1f9eb9e2/screenshot'
21:54:57.282 [AsyncHttpClient-1-1] DEBUG org.asynchttpclient.netty.channel.DefaultChannelPool - Entry count for : http://localhost:52224 : 1
21:54:57.384 [AsyncHttpClient-1-6] DEBUG org.asynchttpclient.netty.handler.HttpHandler - 

Request DefaultFullHttpRequest(decodeResult: success, version: HTTP/1.1, content: EmptyByteBufBE)
GET /session/4995c6fed1c094839329a85e1f9eb9e2/screenshot HTTP/1.1
User-Agent: selenium/4.1.2 (java windows)
Cache-Control: no-cache
Content-Type: application/json; charset=utf-8
host: localhost:56837
accept: */*

Response DefaultHttpResponse(decodeResult: success, version: HTTP/1.1)
HTTP/1.1 200 OK
Content-Type: application/json; charset=utf-8
cache-control: no-cache
content-length: 24200

21:54:57.384 [AsyncHttpClient-1-6] DEBUG org.asynchttpclient.netty.channel.ChannelManager - Adding key: http://localhost:56837 for channel [id: 0xa58cd368, L:/127.0.0.1:52223 - R:localhost/127.0.0.1:56837]
21:54:57.389 [main] DEBUG net.serenitybdd.core.photography.Darkroom - Send negative for processing for target\site\serenity\bbd8779dcd6de4f4d5a85e17be9f845be29dfdd3487aa61176e4a40a216358f5.png
21:54:57.389 [Darkroom Processing Line] DEBUG net.serenitybdd.core.photography.DarkroomProcessingLine - Processing screenshot image in /var/screenshots/screenshot-15535848048204568476
21:54:57.390 [Darkroom Processing Line] DEBUG net.serenitybdd.core.photography.DarkroomProcessingLine - Saving screenshot to target\site\serenity\bbd8779dcd6de4f4d5a85e17be9f845be29dfdd3487aa61176e4a40a216358f5.png
21:54:57.398 [Forwarding findElement on session 4995c6fed1c094839329a85e1f9eb9e2 to remote] DEBUG org.asynchttpclient.netty.request.NettyRequestSender - Using pooled Channel '[id: 0xa58cd368, L:/127.0.0.1:52223 - R:localhost/127.0.0.1:56837]' for 'POST' to 'http://localhost:56837/session/4995c6fed1c094839329a85e1f9eb9e2/element'
21:54:57.398 [Forwarding findElement on session 4995c6fed1c094839329a85e1f9eb9e2 to remote] DEBUG org.asynchttpclient.netty.request.NettyRequestSender - Using open Channel [id: 0xa58cd368, L:/127.0.0.1:52223 - R:localhost/127.0.0.1:56837] for POST '/session/4995c6fed1c094839329a85e1f9eb9e2/element'
21:54:57.417 [AsyncHttpClient-1-6] DEBUG org.asynchttpclient.netty.handler.HttpHandler - 

Request DefaultHttpRequest(decodeResult: success, version: HTTP/1.1)
POST /session/4995c6fed1c094839329a85e1f9eb9e2/element HTTP/1.1
User-Agent: selenium/4.1.2 (java windows)
Content-Length: 88
Content-Type: application/json; charset=utf-8
host: localhost:56837
accept: */*

Response DefaultHttpResponse(decodeResult: success, version: HTTP/1.1)
HTTP/1.1 200 OK
Content-Type: application/json; charset=utf-8
cache-control: no-cache
content-length: 88

21:54:57.417 [AsyncHttpClient-1-6] DEBUG org.asynchttpclient.netty.channel.ChannelManager - Adding key: http://localhost:56837 for channel [id: 0xa58cd368, L:/127.0.0.1:52223 - R:localhost/127.0.0.1:56837]
21:54:57.419 [Forwarding clearElement on session 4995c6fed1c094839329a85e1f9eb9e2 to remote] DEBUG org.asynchttpclient.netty.request.NettyRequestSender - Using pooled Channel '[id: 0xa58cd368, L:/127.0.0.1:52223 - R:localhost/127.0.0.1:56837]' for 'POST' to 'http://localhost:56837/session/4995c6fed1c094839329a85e1f9eb9e2/element/40c07a07-5625-46fa-ade3-839b3def9c6e/clear'
21:54:57.419 [Forwarding clearElement on session 4995c6fed1c094839329a85e1f9eb9e2 to remote] DEBUG org.asynchttpclient.netty.request.NettyRequestSender - Using open Channel [id: 0xa58cd368, L:/127.0.0.1:52223 - R:localhost/127.0.0.1:56837] for POST '/session/4995c6fed1c094839329a85e1f9eb9e2/element/40c07a07-5625-46fa-ade3-839b3def9c6e/clear'
21:54:57.474 [AsyncHttpClient-1-6] DEBUG org.asynchttpclient.netty.handler.HttpHandler - 

Request DefaultHttpRequest(decodeResult: success, version: HTTP/1.1)
POST /session/4995c6fed1c094839329a85e1f9eb9e2/element/40c07a07-5625-46fa-ade3-839b3def9c6e/clear HTTP/1.1
User-Agent: selenium/4.1.2 (java windows)
Content-Length: 50
Content-Type: application/json; charset=utf-8
host: localhost:56837
accept: */*

Response DefaultHttpResponse(decodeResult: success, version: HTTP/1.1)
HTTP/1.1 200 OK
Content-Type: application/json; charset=utf-8
cache-control: no-cache
content-length: 14

21:54:57.474 [AsyncHttpClient-1-6] DEBUG org.asynchttpclient.netty.channel.ChannelManager - Adding key: http://localhost:56837 for channel [id: 0xa58cd368, L:/127.0.0.1:52223 - R:localhost/127.0.0.1:56837]
21:54:57.476 [Forwarding sendKeysToElement on session 4995c6fed1c094839329a85e1f9eb9e2 to remote] DEBUG org.asynchttpclient.netty.request.NettyRequestSender - Using pooled Channel '[id: 0xa58cd368, L:/127.0.0.1:52223 - R:localhost/127.0.0.1:56837]' for 'POST' to 'http://localhost:56837/session/4995c6fed1c094839329a85e1f9eb9e2/element/40c07a07-5625-46fa-ade3-839b3def9c6e/value'
21:54:57.476 [Forwarding sendKeysToElement on session 4995c6fed1c094839329a85e1f9eb9e2 to remote] DEBUG org.asynchttpclient.netty.request.NettyRequestSender - Using open Channel [id: 0xa58cd368, L:/127.0.0.1:52223 - R:localhost/127.0.0.1:56837] for POST '/session/4995c6fed1c094839329a85e1f9eb9e2/element/40c07a07-5625-46fa-ade3-839b3def9c6e/value'
21:54:57.640 [AsyncHttpClient-1-6] DEBUG org.asynchttpclient.netty.handler.HttpHandler - 

Request DefaultHttpRequest(decodeResult: success, version: HTTP/1.1)
POST /session/4995c6fed1c094839329a85e1f9eb9e2/element/40c07a07-5625-46fa-ade3-839b3def9c6e/value HTTP/1.1
User-Agent: selenium/4.1.2 (java windows)
Content-Length: 82
Content-Type: application/json; charset=utf-8
host: localhost:56837
accept: */*

Response DefaultHttpResponse(decodeResult: success, version: HTTP/1.1)
HTTP/1.1 200 OK
Content-Type: application/json; charset=utf-8
cache-control: no-cache
content-length: 14

21:54:57.641 [AsyncHttpClient-1-6] DEBUG org.asynchttpclient.netty.channel.ChannelManager - Adding key: http://localhost:56837 for channel [id: 0xa58cd368, L:/127.0.0.1:52223 - R:localhost/127.0.0.1:56837]
21:54:57.653 [Forwarding findElement on session 4995c6fed1c094839329a85e1f9eb9e2 to remote] DEBUG org.asynchttpclient.netty.request.NettyRequestSender - Using pooled Channel '[id: 0xa58cd368, L:/127.0.0.1:52223 - R:localhost/127.0.0.1:56837]' for 'POST' to 'http://localhost:56837/session/4995c6fed1c094839329a85e1f9eb9e2/element'
21:54:57.654 [Forwarding findElement on session 4995c6fed1c094839329a85e1f9eb9e2 to remote] DEBUG org.asynchttpclient.netty.request.NettyRequestSender - Using open Channel [id: 0xa58cd368, L:/127.0.0.1:52223 - R:localhost/127.0.0.1:56837] for POST '/session/4995c6fed1c094839329a85e1f9eb9e2/element'
21:54:57.717 [AsyncHttpClient-1-6] DEBUG org.asynchttpclient.netty.handler.HttpHandler - 

Request DefaultHttpRequest(decodeResult: success, version: HTTP/1.1)
POST /session/4995c6fed1c094839329a85e1f9eb9e2/element HTTP/1.1
User-Agent: selenium/4.1.2 (java windows)
Content-Length: 97
Content-Type: application/json; charset=utf-8
host: localhost:56837
accept: */*

Response DefaultHttpResponse(decodeResult: success, version: HTTP/1.1)
HTTP/1.1 200 OK
Content-Type: application/json; charset=utf-8
cache-control: no-cache
content-length: 88

21:54:57.717 [AsyncHttpClient-1-6] DEBUG org.asynchttpclient.netty.channel.ChannelManager - Adding key: http://localhost:56837 for channel [id: 0xa58cd368, L:/127.0.0.1:52223 - R:localhost/127.0.0.1:56837]
21:54:57.725 [Forwarding clearElement on session 4995c6fed1c094839329a85e1f9eb9e2 to remote] DEBUG org.asynchttpclient.netty.request.NettyRequestSender - Using pooled Channel '[id: 0xa58cd368, L:/127.0.0.1:52223 - R:localhost/127.0.0.1:56837]' for 'POST' to 'http://localhost:56837/session/4995c6fed1c094839329a85e1f9eb9e2/element/307a5a87-fa90-4373-94f1-0a14e1ee3dec/clear'
21:54:57.725 [Forwarding clearElement on session 4995c6fed1c094839329a85e1f9eb9e2 to remote] DEBUG org.asynchttpclient.netty.request.NettyRequestSender - Using open Channel [id: 0xa58cd368, L:/127.0.0.1:52223 - R:localhost/127.0.0.1:56837] for POST '/session/4995c6fed1c094839329a85e1f9eb9e2/element/307a5a87-fa90-4373-94f1-0a14e1ee3dec/clear'
21:54:57.869 [AsyncHttpClient-1-6] DEBUG org.asynchttpclient.netty.handler.HttpHandler - 

Request DefaultHttpRequest(decodeResult: success, version: HTTP/1.1)
POST /session/4995c6fed1c094839329a85e1f9eb9e2/element/307a5a87-fa90-4373-94f1-0a14e1ee3dec/clear HTTP/1.1
User-Agent: selenium/4.1.2 (java windows)
Content-Length: 50
Content-Type: application/json; charset=utf-8
host: localhost:56837
accept: */*

Response DefaultHttpResponse(decodeResult: success, version: HTTP/1.1)
HTTP/1.1 200 OK
Content-Type: application/json; charset=utf-8
cache-control: no-cache
content-length: 14

21:54:57.869 [AsyncHttpClient-1-6] DEBUG org.asynchttpclient.netty.channel.ChannelManager - Adding key: http://localhost:56837 for channel [id: 0xa58cd368, L:/127.0.0.1:52223 - R:localhost/127.0.0.1:56837]
21:54:57.874 [Forwarding sendKeysToElement on session 4995c6fed1c094839329a85e1f9eb9e2 to remote] DEBUG org.asynchttpclient.netty.request.NettyRequestSender - Using pooled Channel '[id: 0xa58cd368, L:/127.0.0.1:52223 - R:localhost/127.0.0.1:56837]' for 'POST' to 'http://localhost:56837/session/4995c6fed1c094839329a85e1f9eb9e2/element/307a5a87-fa90-4373-94f1-0a14e1ee3dec/value'
21:54:57.874 [Forwarding sendKeysToElement on session 4995c6fed1c094839329a85e1f9eb9e2 to remote] DEBUG org.asynchttpclient.netty.request.NettyRequestSender - Using open Channel [id: 0xa58cd368, L:/127.0.0.1:52223 - R:localhost/127.0.0.1:56837] for POST '/session/4995c6fed1c094839329a85e1f9eb9e2/element/307a5a87-fa90-4373-94f1-0a14e1ee3dec/value'
21:54:58.018 [AsyncHttpClient-1-6] DEBUG org.asynchttpclient.netty.handler.HttpHandler - 

Request DefaultHttpRequest(decodeResult: success, version: HTTP/1.1)
POST /session/4995c6fed1c094839329a85e1f9eb9e2/element/307a5a87-fa90-4373-94f1-0a14e1ee3dec/value HTTP/1.1
User-Agent: selenium/4.1.2 (java windows)
Content-Length: 82
Content-Type: application/json; charset=utf-8
host: localhost:56837
accept: */*

Response DefaultHttpResponse(decodeResult: success, version: HTTP/1.1)
HTTP/1.1 200 OK
Content-Type: application/json; charset=utf-8
cache-control: no-cache
content-length: 14

21:54:58.018 [AsyncHttpClient-1-6] DEBUG org.asynchttpclient.netty.channel.ChannelManager - Adding key: http://localhost:56837 for channel [id: 0xa58cd368, L:/127.0.0.1:52223 - R:localhost/127.0.0.1:56837]
  &amp#27;[32mAnd &amp#27;[0m&amp#27;[32mI input valid &amp#27;[0m&amp#27;[32m&amp#27;[1m""&amp#27;[0m&amp#27;[32m email and &amp#27;[0m&amp#27;[32m&amp#27;[1m""&amp#27;[0m&amp#27;[32m password&amp#27;[0m &amp#27;[90m# starter.stepdefinitions.LoginSteps.iInputValidEmailAndPassword(java.lang.String,java.lang.String)&amp#27;[0m
21:54:58.033 [Forwarding screenshot on session 4995c6fed1c094839329a85e1f9eb9e2 to remote] DEBUG org.asynchttpclient.netty.request.NettyRequestSender - Using pooled Channel '[id: 0xa58cd368, L:/127.0.0.1:52223 - R:localhost/127.0.0.1:56837]' for 'GET' to 'http://localhost:56837/session/4995c6fed1c094839329a85e1f9eb9e2/screenshot'
21:54:58.034 [Forwarding screenshot on session 4995c6fed1c094839329a85e1f9eb9e2 to remote] DEBUG org.asynchttpclient.netty.request.NettyRequestSender - Using open Channel [id: 0xa58cd368, L:/127.0.0.1:52223 - R:localhost/127.0.0.1:56837] for GET '/session/4995c6fed1c094839329a85e1f9eb9e2/screenshot'
21:54:58.268 [AsyncHttpClient-1-6] DEBUG org.asynchttpclient.netty.handler.HttpHandler - 

Request DefaultFullHttpRequest(decodeResult: success, version: HTTP/1.1, content: EmptyByteBufBE)
GET /session/4995c6fed1c094839329a85e1f9eb9e2/screenshot HTTP/1.1
User-Agent: selenium/4.1.2 (java windows)
Cache-Control: no-cache
Content-Type: application/json; charset=utf-8
host: localhost:56837
accept: */*

Response DefaultHttpResponse(decodeResult: success, version: HTTP/1.1)
HTTP/1.1 200 OK
Content-Type: application/json; charset=utf-8
cache-control: no-cache
content-length: 24196

21:54:58.268 [AsyncHttpClient-1-6] DEBUG org.asynchttpclient.netty.channel.ChannelManager - Adding key: http://localhost:56837 for channel [id: 0xa58cd368, L:/127.0.0.1:52223 - R:localhost/127.0.0.1:56837]
21:54:58.274 [main] DEBUG net.serenitybdd.core.photography.Darkroom - Send negative for processing for target\site\serenity\cbec595c6a253337da50c45a51b4b54c0266b98d11bd2557b938bdd1d0162c95.png
21:54:58.276 [Darkroom Processing Line] DEBUG net.serenitybdd.core.photography.DarkroomProcessingLine - Processing screenshot image in /var/screenshots/screenshot-10011949167636224490
21:54:58.276 [Darkroom Processing Line] DEBUG net.serenitybdd.core.photography.DarkroomProcessingLine - Saving screenshot to target\site\serenity\cbec595c6a253337da50c45a51b4b54c0266b98d11bd2557b938bdd1d0162c95.png
21:54:58.293 [Forwarding findElement on session 4995c6fed1c094839329a85e1f9eb9e2 to remote] DEBUG org.asynchttpclient.netty.request.NettyRequestSender - Using pooled Channel '[id: 0xa58cd368, L:/127.0.0.1:52223 - R:localhost/127.0.0.1:56837]' for 'POST' to 'http://localhost:56837/session/4995c6fed1c094839329a85e1f9eb9e2/element'
21:54:58.293 [Forwarding findElement on session 4995c6fed1c094839329a85e1f9eb9e2 to remote] DEBUG org.asynchttpclient.netty.request.NettyRequestSender - Using open Channel [id: 0xa58cd368, L:/127.0.0.1:52223 - R:localhost/127.0.0.1:56837] for POST '/session/4995c6fed1c094839329a85e1f9eb9e2/element'
21:54:58.324 [AsyncHttpClient-1-6] DEBUG org.asynchttpclient.netty.handler.HttpHandler - 

Request DefaultHttpRequest(decodeResult: success, version: HTTP/1.1)
POST /session/4995c6fed1c094839329a85e1f9eb9e2/element HTTP/1.1
User-Agent: selenium/4.1.2 (java windows)
Content-Length: 83
Content-Type: application/json; charset=utf-8
host: localhost:56837
accept: */*

Response DefaultHttpResponse(decodeResult: success, version: HTTP/1.1)
HTTP/1.1 200 OK
Content-Type: application/json; charset=utf-8
cache-control: no-cache
content-length: 88

21:54:58.324 [AsyncHttpClient-1-6] DEBUG org.asynchttpclient.netty.channel.ChannelManager - Adding key: http://localhost:56837 for channel [id: 0xa58cd368, L:/127.0.0.1:52223 - R:localhost/127.0.0.1:56837]
21:54:58.327 [Forwarding getElementTagName on session 4995c6fed1c094839329a85e1f9eb9e2 to remote] DEBUG org.asynchttpclient.netty.request.NettyRequestSender - Using pooled Channel '[id: 0xa58cd368, L:/127.0.0.1:52223 - R:localhost/127.0.0.1:56837]' for 'GET' to 'http://localhost:56837/session/4995c6fed1c094839329a85e1f9eb9e2/element/475815fb-40c5-4613-a5e8-e117f6b43ca6/name'
21:54:58.327 [Forwarding getElementTagName on session 4995c6fed1c094839329a85e1f9eb9e2 to remote] DEBUG org.asynchttpclient.netty.request.NettyRequestSender - Using open Channel [id: 0xa58cd368, L:/127.0.0.1:52223 - R:localhost/127.0.0.1:56837] for GET '/session/4995c6fed1c094839329a85e1f9eb9e2/element/475815fb-40c5-4613-a5e8-e117f6b43ca6/name'
21:54:58.334 [AsyncHttpClient-1-6] DEBUG org.asynchttpclient.netty.handler.HttpHandler - 

Request DefaultFullHttpRequest(decodeResult: success, version: HTTP/1.1, content: EmptyByteBufBE)
GET /session/4995c6fed1c094839329a85e1f9eb9e2/element/475815fb-40c5-4613-a5e8-e117f6b43ca6/name HTTP/1.1
User-Agent: selenium/4.1.2 (java windows)
Cache-Control: no-cache
Content-Type: application/json; charset=utf-8
host: localhost:56837
accept: */*

Response DefaultHttpResponse(decodeResult: success, version: HTTP/1.1)
HTTP/1.1 200 OK
Content-Type: application/json; charset=utf-8
cache-control: no-cache
content-length: 16

21:54:58.334 [AsyncHttpClient-1-6] DEBUG org.asynchttpclient.netty.channel.ChannelManager - Adding key: http://localhost:56837 for channel [id: 0xa58cd368, L:/127.0.0.1:52223 - R:localhost/127.0.0.1:56837]
21:54:58.338 [Forwarding getElementTagName on session 4995c6fed1c094839329a85e1f9eb9e2 to remote] DEBUG org.asynchttpclient.netty.request.NettyRequestSender - Using pooled Channel '[id: 0xa58cd368, L:/127.0.0.1:52223 - R:localhost/127.0.0.1:56837]' for 'GET' to 'http://localhost:56837/session/4995c6fed1c094839329a85e1f9eb9e2/element/475815fb-40c5-4613-a5e8-e117f6b43ca6/name'
21:54:58.338 [Forwarding getElementTagName on session 4995c6fed1c094839329a85e1f9eb9e2 to remote] DEBUG org.asynchttpclient.netty.request.NettyRequestSender - Using open Channel [id: 0xa58cd368, L:/127.0.0.1:52223 - R:localhost/127.0.0.1:56837] for GET '/session/4995c6fed1c094839329a85e1f9eb9e2/element/475815fb-40c5-4613-a5e8-e117f6b43ca6/name'
21:54:58.343 [AsyncHttpClient-1-6] DEBUG org.asynchttpclient.netty.handler.HttpHandler - 

Request DefaultFullHttpRequest(decodeResult: success, version: HTTP/1.1, content: EmptyByteBufBE)
GET /session/4995c6fed1c094839329a85e1f9eb9e2/element/475815fb-40c5-4613-a5e8-e117f6b43ca6/name HTTP/1.1
User-Agent: selenium/4.1.2 (java windows)
Cache-Control: no-cache
Content-Type: application/json; charset=utf-8
host: localhost:56837
accept: */*

Response DefaultHttpResponse(decodeResult: success, version: HTTP/1.1)
HTTP/1.1 200 OK
Content-Type: application/json; charset=utf-8
cache-control: no-cache
content-length: 16

21:54:58.343 [AsyncHttpClient-1-6] DEBUG org.asynchttpclient.netty.channel.ChannelManager - Adding key: http://localhost:56837 for channel [id: 0xa58cd368, L:/127.0.0.1:52223 - R:localhost/127.0.0.1:56837]
21:54:58.345 [Forwarding findElement on session 4995c6fed1c094839329a85e1f9eb9e2 to remote] DEBUG org.asynchttpclient.netty.request.NettyRequestSender - Using pooled Channel '[id: 0xa58cd368, L:/127.0.0.1:52223 - R:localhost/127.0.0.1:56837]' for 'POST' to 'http://localhost:56837/session/4995c6fed1c094839329a85e1f9eb9e2/element'
21:54:58.345 [Forwarding findElement on session 4995c6fed1c094839329a85e1f9eb9e2 to remote] DEBUG org.asynchttpclient.netty.request.NettyRequestSender - Using open Channel [id: 0xa58cd368, L:/127.0.0.1:52223 - R:localhost/127.0.0.1:56837] for POST '/session/4995c6fed1c094839329a85e1f9eb9e2/element'
21:54:58.357 [AsyncHttpClient-1-6] DEBUG org.asynchttpclient.netty.handler.HttpHandler - 

Request DefaultHttpRequest(decodeResult: success, version: HTTP/1.1)
POST /session/4995c6fed1c094839329a85e1f9eb9e2/element HTTP/1.1
User-Agent: selenium/4.1.2 (java windows)
Content-Length: 83
Content-Type: application/json; charset=utf-8
host: localhost:56837
accept: */*

Response DefaultHttpResponse(decodeResult: success, version: HTTP/1.1)
HTTP/1.1 200 OK
Content-Type: application/json; charset=utf-8
cache-control: no-cache
content-length: 88

21:54:58.357 [AsyncHttpClient-1-6] DEBUG org.asynchttpclient.netty.channel.ChannelManager - Adding key: http://localhost:56837 for channel [id: 0xa58cd368, L:/127.0.0.1:52223 - R:localhost/127.0.0.1:56837]
21:54:58.359 [Forwarding clickElement on session 4995c6fed1c094839329a85e1f9eb9e2 to remote] DEBUG org.asynchttpclient.netty.request.NettyRequestSender - Using pooled Channel '[id: 0xa58cd368, L:/127.0.0.1:52223 - R:localhost/127.0.0.1:56837]' for 'POST' to 'http://localhost:56837/session/4995c6fed1c094839329a85e1f9eb9e2/element/475815fb-40c5-4613-a5e8-e117f6b43ca6/click'
21:54:58.359 [Forwarding clickElement on session 4995c6fed1c094839329a85e1f9eb9e2 to remote] DEBUG org.asynchttpclient.netty.request.NettyRequestSender - Using open Channel [id: 0xa58cd368, L:/127.0.0.1:52223 - R:localhost/127.0.0.1:56837] for POST '/session/4995c6fed1c094839329a85e1f9eb9e2/element/475815fb-40c5-4613-a5e8-e117f6b43ca6/click'
21:54:58.382 [AsyncHttpClient-1-1] DEBUG org.asynchttpclient.netty.channel.DefaultChannelPool - Entry count for : http://localhost:52224 : 1
21:54:58.450 [AsyncHttpClient-1-6] DEBUG org.asynchttpclient.netty.handler.HttpHandler - 

Request DefaultHttpRequest(decodeResult: success, version: HTTP/1.1)
POST /session/4995c6fed1c094839329a85e1f9eb9e2/element/475815fb-40c5-4613-a5e8-e117f6b43ca6/click HTTP/1.1
User-Agent: selenium/4.1.2 (java windows)
Content-Length: 50
Content-Type: application/json; charset=utf-8
host: localhost:56837
accept: */*

Response DefaultHttpResponse(decodeResult: success, version: HTTP/1.1)
HTTP/1.1 200 OK
Content-Type: application/json; charset=utf-8
cache-control: no-cache
content-length: 14

21:54:58.450 [AsyncHttpClient-1-6] DEBUG org.asynchttpclient.netty.channel.ChannelManager - Adding key: http://localhost:56837 for channel [id: 0xa58cd368, L:/127.0.0.1:52223 - R:localhost/127.0.0.1:56837]
  &amp#27;[32mAnd &amp#27;[0m&amp#27;[32mI click Login button&amp#27;[0m                   &amp#27;[90m# starter.stepdefinitions.LoginSteps.iClickLoginButton()&amp#27;[0m
21:54:58.466 [Forwarding screenshot on session 4995c6fed1c094839329a85e1f9eb9e2 to remote] DEBUG org.asynchttpclient.netty.request.NettyRequestSender - Using pooled Channel '[id: 0xa58cd368, L:/127.0.0.1:52223 - R:localhost/127.0.0.1:56837]' for 'GET' to 'http://localhost:56837/session/4995c6fed1c094839329a85e1f9eb9e2/screenshot'
21:54:58.466 [Forwarding screenshot on session 4995c6fed1c094839329a85e1f9eb9e2 to remote] DEBUG org.asynchttpclient.netty.request.NettyRequestSender - Using open Channel [id: 0xa58cd368, L:/127.0.0.1:52223 - R:localhost/127.0.0.1:56837] for GET '/session/4995c6fed1c094839329a85e1f9eb9e2/screenshot'
21:54:58.738 [AsyncHttpClient-1-6] DEBUG org.asynchttpclient.netty.handler.HttpHandler - 

Request DefaultFullHttpRequest(decodeResult: success, version: HTTP/1.1, content: EmptyByteBufBE)
GET /session/4995c6fed1c094839329a85e1f9eb9e2/screenshot HTTP/1.1
User-Agent: selenium/4.1.2 (java windows)
Cache-Control: no-cache
Content-Type: application/json; charset=utf-8
host: localhost:56837
accept: */*

Response DefaultHttpResponse(decodeResult: success, version: HTTP/1.1)
HTTP/1.1 200 OK
Content-Type: application/json; charset=utf-8
cache-control: no-cache
content-length: 24524

21:54:58.739 [AsyncHttpClient-1-6] DEBUG org.asynchttpclient.netty.channel.ChannelManager - Adding key: http://localhost:56837 for channel [id: 0xa58cd368, L:/127.0.0.1:52223 - R:localhost/127.0.0.1:56837]
21:54:58.742 [main] DEBUG net.serenitybdd.core.photography.Darkroom - Send negative for processing for target\site\serenity\3d649f75525b271dba9aeecf8513d77e5dc9f84ee73e9e46618b48a3a5fa8d24.png
21:54:58.742 [Darkroom Processing Line] DEBUG net.serenitybdd.core.photography.DarkroomProcessingLine - Processing screenshot image in /var/screenshots/screenshot-8238826057904118571
21:54:58.742 [Darkroom Processing Line] DEBUG net.serenitybdd.core.photography.DarkroomProcessingLine - Saving screenshot to target\site\serenity\3d649f75525b271dba9aeecf8513d77e5dc9f84ee73e9e46618b48a3a5fa8d24.png
21:54:58.756 [Forwarding findElement on session 4995c6fed1c094839329a85e1f9eb9e2 to remote] DEBUG org.asynchttpclient.netty.request.NettyRequestSender - Using pooled Channel '[id: 0xa58cd368, L:/127.0.0.1:52223 - R:localhost/127.0.0.1:56837]' for 'POST' to 'http://localhost:56837/session/4995c6fed1c094839329a85e1f9eb9e2/element'
21:54:58.756 [Forwarding findElement on session 4995c6fed1c094839329a85e1f9eb9e2 to remote] DEBUG org.asynchttpclient.netty.request.NettyRequestSender - Using open Channel [id: 0xa58cd368, L:/127.0.0.1:52223 - R:localhost/127.0.0.1:56837] for POST '/session/4995c6fed1c094839329a85e1f9eb9e2/element'
21:54:58.989 [AsyncHttpClient-1-6] DEBUG org.asynchttpclient.netty.handler.HttpHandler - 

Request DefaultHttpRequest(decodeResult: success, version: HTTP/1.1)
POST /session/4995c6fed1c094839329a85e1f9eb9e2/element HTTP/1.1
User-Agent: selenium/4.1.2 (java windows)
Content-Length: 80
Content-Type: application/json; charset=utf-8
host: localhost:56837
accept: */*

Response DefaultHttpResponse(decodeResult: success, version: HTTP/1.1)
HTTP/1.1 200 OK
Content-Type: application/json; charset=utf-8
cache-control: no-cache
content-length: 88

21:54:58.990 [AsyncHttpClient-1-6] DEBUG org.asynchttpclient.netty.channel.ChannelManager - Adding key: http://localhost:56837 for channel [id: 0xa58cd368, L:/127.0.0.1:52223 - R:localhost/127.0.0.1:56837]
21:54:58.998 [Forwarding isElementDisplayed on session 4995c6fed1c094839329a85e1f9eb9e2 to remote] DEBUG org.asynchttpclient.netty.request.NettyRequestSender - Using pooled Channel '[id: 0xa58cd368, L:/127.0.0.1:52223 - R:localhost/127.0.0.1:56837]' for 'POST' to 'http://localhost:56837/session/4995c6fed1c094839329a85e1f9eb9e2/execute/sync'
21:54:58.998 [Forwarding isElementDisplayed on session 4995c6fed1c094839329a85e1f9eb9e2 to remote] DEBUG org.asynchttpclient.netty.request.NettyRequestSender - Using open Channel [id: 0xa58cd368, L:/127.0.0.1:52223 - R:localhost/127.0.0.1:56837] for POST '/session/4995c6fed1c094839329a85e1f9eb9e2/execute/sync'
21:54:59.031 [AsyncHttpClient-1-6] DEBUG org.asynchttpclient.netty.handler.HttpHandler - 

Request DefaultHttpRequest(decodeResult: success, version: HTTP/1.1)
POST /session/4995c6fed1c094839329a85e1f9eb9e2/execute/sync HTTP/1.1
User-Agent: selenium/4.1.2 (java windows)
Content-Length: 48780
Content-Type: application/json; charset=utf-8
host: localhost:56837
accept: */*

Response DefaultHttpResponse(decodeResult: success, version: HTTP/1.1)
HTTP/1.1 200 OK
Content-Type: application/json; charset=utf-8
cache-control: no-cache
content-length: 14

21:54:59.031 [AsyncHttpClient-1-6] DEBUG org.asynchttpclient.netty.channel.ChannelManager - Adding key: http://localhost:56837 for channel [id: 0xa58cd368, L:/127.0.0.1:52223 - R:localhost/127.0.0.1:56837]
  &amp#27;[32mThen &amp#27;[0m&amp#27;[32mI will get the &amp#27;[0m&amp#27;[32m&amp#27;[1m"i cant login"&amp#27;[0m         &amp#27;[90m# starter.stepdefinitions.LoginSteps.iWillGetThe(java.lang.String)&amp#27;[0m
21:54:59.042 [Forwarding screenshot on session 4995c6fed1c094839329a85e1f9eb9e2 to remote] DEBUG org.asynchttpclient.netty.request.NettyRequestSender - Using pooled Channel '[id: 0xa58cd368, L:/127.0.0.1:52223 - R:localhost/127.0.0.1:56837]' for 'GET' to 'http://localhost:56837/session/4995c6fed1c094839329a85e1f9eb9e2/screenshot'
21:54:59.042 [Forwarding screenshot on session 4995c6fed1c094839329a85e1f9eb9e2 to remote] DEBUG org.asynchttpclient.netty.request.NettyRequestSender - Using open Channel [id: 0xa58cd368, L:/127.0.0.1:52223 - R:localhost/127.0.0.1:56837] for GET '/session/4995c6fed1c094839329a85e1f9eb9e2/screenshot'
21:54:59.300 [AsyncHttpClient-1-6] DEBUG org.asynchttpclient.netty.handler.HttpHandler - 

Request DefaultFullHttpRequest(decodeResult: success, version: HTTP/1.1, content: EmptyByteBufBE)
GET /session/4995c6fed1c094839329a85e1f9eb9e2/screenshot HTTP/1.1
User-Agent: selenium/4.1.2 (java windows)
Cache-Control: no-cache
Content-Type: application/json; charset=utf-8
host: localhost:56837
accept: */*

Response DefaultHttpResponse(decodeResult: success, version: HTTP/1.1)
HTTP/1.1 200 OK
Content-Type: application/json; charset=utf-8
cache-control: no-cache
content-length: 27508

21:54:59.300 [AsyncHttpClient-1-6] DEBUG org.asynchttpclient.netty.channel.ChannelManager - Adding key: http://localhost:56837 for channel [id: 0xa58cd368, L:/127.0.0.1:52223 - R:localhost/127.0.0.1:56837]
21:54:59.304 [main] DEBUG net.serenitybdd.core.photography.Darkroom - Send negative for processing for target\site\serenity\d9c35c295a8f6009395ae9bd285d63282028360590c0de08772306a932d458d4.png
21:54:59.305 [Darkroom Processing Line] DEBUG net.serenitybdd.core.photography.DarkroomProcessingLine - Processing screenshot image in /var/screenshots/screenshot-2559521866236610334
21:54:59.305 [Darkroom Processing Line] DEBUG net.serenitybdd.core.photography.DarkroomProcessingLine - Saving screenshot to target\site\serenity\d9c35c295a8f6009395ae9bd285d63282028360590c0de08772306a932d458d4.png
21:54:59.313 [AsyncHttpClient-1-8] DEBUG org.asynchttpclient.netty.handler.WebSocketHandler - Channel Closed: [id: 0xdd373657, L:/127.0.0.1:52232 ! R:localhost/127.0.0.1:52224] with attribute NettyResponseFuture{currentRetry=5,
	isDone=1,
	isCancelled=0,
	asyncHandler=org.asynchttpclient.ws.WebSocketUpgradeHandler@5185ac2d,
	nettyRequest=org.asynchttpclient.netty.request.NettyRequest@2c59d5a0,
	future=java.util.concurrent.CompletableFuture@482a78d6[Completed normally],
	uri=ws://localhost:52224/devtools/browser/17dc2c89-ad28-497a-9b99-a280eb77408e,
	keepAlive=true,
	redirectCount=0,
	timeoutsHolder=null,
	inAuth=0,
	touch=1667573694433}
21:54:59.313 [AsyncHttpClient-1-8] DEBUG org.asynchttpclient.netty.channel.ChannelManager - Closing Channel [id: 0xdd373657, L:/127.0.0.1:52232 ! R:localhost/127.0.0.1:52224] 
21:54:59.313 [Driver Command Executor] DEBUG org.asynchttpclient.netty.request.NettyRequestSender - Using pooled Channel '[id: 0xa58cd368, L:/127.0.0.1:52223 - R:localhost/127.0.0.1:56837]' for 'DELETE' to 'http://localhost:56837/session/4995c6fed1c094839329a85e1f9eb9e2'
21:54:59.314 [Driver Command Executor] DEBUG org.asynchttpclient.netty.request.NettyRequestSender - Using open Channel [id: 0xa58cd368, L:/127.0.0.1:52223 - R:localhost/127.0.0.1:56837] for DELETE '/session/4995c6fed1c094839329a85e1f9eb9e2'
21:54:59.473 [AsyncHttpClient-1-1] DEBUG org.asynchttpclient.netty.channel.DefaultChannelPool - Entry count for : http://localhost:52224 : 1
21:54:59.499 [AsyncHttpClient-1-7] DEBUG org.asynchttpclient.netty.handler.HttpHandler - Unexpected I/O exception on channel [id: 0x66ccd010, L:/127.0.0.1:52231 - R:localhost/127.0.0.1:52224]
java.io.IOException: An existing connection was forcibly closed by the remote host
	at java.base/sun.nio.ch.SocketDispatcher.read0(Native Method)
	at java.base/sun.nio.ch.SocketDispatcher.read(SocketDispatcher.java:43)
	at java.base/sun.nio.ch.IOUtil.readIntoNativeBuffer(IOUtil.java:276)
	at java.base/sun.nio.ch.IOUtil.read(IOUtil.java:233)
	at java.base/sun.nio.ch.IOUtil.read(IOUtil.java:223)
	at java.base/sun.nio.ch.SocketChannelImpl.read(SocketChannelImpl.java:358)
	at io.netty.buffer.PooledByteBuf.setBytes(PooledByteBuf.java:258)
	at io.netty.buffer.AbstractByteBuf.writeBytes(AbstractByteBuf.java:1132)
	at io.netty.channel.socket.nio.NioSocketChannel.doReadBytes(NioSocketChannel.java:350)
	at io.netty.channel.nio.AbstractNioByteChannel$NioByteUnsafe.read(AbstractNioByteChannel.java:151)
	at io.netty.channel.nio.NioEventLoop.processSelectedKey(NioEventLoop.java:722)
	at io.netty.channel.nio.NioEventLoop.processSelectedKeysOptimized(NioEventLoop.java:658)
	at io.netty.channel.nio.NioEventLoop.processSelectedKeys(NioEventLoop.java:584)
	at io.netty.channel.nio.NioEventLoop.run(NioEventLoop.java:496)
	at io.netty.util.concurrent.SingleThreadEventExecutor$4.run(SingleThreadEventExecutor.java:986)
	at io.netty.util.internal.ThreadExecutorMap$2.run(ThreadExecutorMap.java:74)
	at io.netty.util.concurrent.FastThreadLocalRunnable.run(FastThreadLocalRunnable.java:30)
	at java.base/java.lang.Thread.run(Thread.java:834)
21:54:59.499 [AsyncHttpClient-1-7] DEBUG org.asynchttpclient.netty.channel.ChannelManager - Closing Channel [id: 0x66ccd010, L:/127.0.0.1:52231 - R:localhost/127.0.0.1:52224] 
21:54:59.500 [AsyncHttpClient-1-7] DEBUG org.asynchttpclient.netty.handler.HttpHandler - Channel Closed: [id: 0x66ccd010, L:/127.0.0.1:52231 ! R:localhost/127.0.0.1:52224] with attribute DISCARD
21:54:59.548 [AsyncHttpClient-1-6] DEBUG org.asynchttpclient.netty.handler.HttpHandler - 

Request DefaultFullHttpRequest(decodeResult: success, version: HTTP/1.1, content: EmptyByteBufBE)
DELETE /session/4995c6fed1c094839329a85e1f9eb9e2 HTTP/1.1
User-Agent: selenium/4.1.2 (java windows)
Content-Type: application/json; charset=utf-8
host: localhost:56837
accept: */*

Response DefaultHttpResponse(decodeResult: success, version: HTTP/1.1)
HTTP/1.1 200 OK
Content-Type: application/json; charset=utf-8
cache-control: no-cache
content-length: 14

21:54:59.548 [AsyncHttpClient-1-6] DEBUG org.asynchttpclient.netty.channel.ChannelManager - Adding key: http://localhost:56837 for channel [id: 0xa58cd368, L:/127.0.0.1:52223 - R:localhost/127.0.0.1:56837]
21:54:59.902 [AsyncHttpClient-1-6] DEBUG org.asynchttpclient.netty.handler.HttpHandler - Channel Closed: [id: 0xa58cd368, L:/127.0.0.1:52223 ! R:localhost/127.0.0.1:56837] with attribute DISCARD
]]></system-out>
    <system-err><![CDATA[Starting ChromeDriver 106.0.5249.61 (511755355844955cd3e264779baf0dd38212a4d0-refs/branch-heads/5249@{#569}) on port 56837
Only local connections are allowed.
Please see https://chromedriver.chromium.org/security-considerations for suggestions on keeping ChromeDriver safe.
ChromeDriver was started successfully.
[1667573694.133][WARNING]: This version of ChromeDriver has not been tested with Chrome version 107.
Nov 04, 2022 9:54:54 PM org.openqa.selenium.remote.ProtocolHandshake createSession
INFO: Detected dialect: W3C
Nov 04, 2022 9:54:54 PM org.openqa.selenium.devtools.CdpVersionFinder findNearestMatch
WARNING: Unable to find an exact match for CDP version 107, so returning the closest version found: a no-op implementation
Nov 04, 2022 9:54:54 PM org.openqa.selenium.devtools.CdpVersionFinder findNearestMatch
INFO: Unable to find CDP implementation matching 107.
Nov 04, 2022 9:54:54 PM org.openqa.selenium.chromium.ChromiumDriver lambda$new$3
WARNING: Unable to find version of CDP to use for . You may need to include a dependency on a specific version of the CDP using something similar to `org.seleniumhq.selenium:selenium-devtools-v86:4.1.2` where the version ("v86") matches the version of the chromium-based browser you're using and the version number of the artifact is the same as Selenium's.
]]></system-err>
  </testcase>
  <testcase name="Login account #5" classname="Login" time="8.673">
    <system-out><![CDATA[
@Logins @Login
Scenario Outline: Login account                    &amp#27;[90m# src/test/resources/features/Login.feature:20&amp#27;[0m
21:55:00.042 [main] INFO io.cucumber.core.plugin.SerenityReporter - Running feature from file:///C:/Users/ACER/Documents/Mini_Proyek/test-web/src/test/resources/features/Login.feature
21:55:00.106 [main] INFO net.serenitybdd.core.webdriver.driverproviders.ChromeDriverProvider - Using automatically driver download
21:55:00.683 [AsyncHttpClient-1-1] DEBUG org.asynchttpclient.netty.channel.DefaultChannelPool - Entry count for : http://localhost:56837 : 1
21:55:00.683 [AsyncHttpClient-1-1] DEBUG org.asynchttpclient.netty.channel.DefaultChannelPool - Entry count for : http://localhost:52224 : 1
21:55:00.683 [AsyncHttpClient-1-1] DEBUG org.asynchttpclient.netty.channel.DefaultChannelPool - Adding Candidate expired Channel [id: 0xa58cd368, L:/127.0.0.1:52223 ! R:localhost/127.0.0.1:56837] isIdleTimeoutExpired=false isRemotelyClosed=true isTtlExpired=false
21:55:00.683 [AsyncHttpClient-1-1] DEBUG org.asynchttpclient.netty.channel.DefaultChannelPool - Closing Idle Channel [id: 0xa58cd368, L:/127.0.0.1:52223 ! R:localhost/127.0.0.1:56837]
21:55:00.683 [AsyncHttpClient-1-1] DEBUG org.asynchttpclient.netty.channel.DefaultChannelPool - Adding Candidate expired Channel [id: 0x66ccd010, L:/127.0.0.1:52231 ! R:localhost/127.0.0.1:52224] isIdleTimeoutExpired=false isRemotelyClosed=true isTtlExpired=false
21:55:00.683 [AsyncHttpClient-1-1] DEBUG org.asynchttpclient.netty.channel.DefaultChannelPool - Closing Idle Channel [id: 0x66ccd010, L:/127.0.0.1:52231 ! R:localhost/127.0.0.1:52224]
21:55:00.683 [AsyncHttpClient-1-1] DEBUG org.asynchttpclient.netty.channel.DefaultChannelPool - Closed 2 connections out of 2 in 0 ms
21:55:01.813 [main] DEBUG io.github.bonigarcia.wdm.cache.ResolutionCache - Resolution chrome=107 in cache (valid until 22:53:45 04/11/2022 ICT)
21:55:01.827 [main] DEBUG io.github.bonigarcia.wdm.cache.ResolutionCache - Resolution chrome107=107.0.5304.62 in cache (valid until 21:53:45 05/11/2022 ICT)
21:55:01.832 [main] INFO io.github.bonigarcia.wdm.WebDriverManager - Using chromedriver 107.0.5304.62 (resolved driver for Chrome 107)
21:55:01.871 [main] DEBUG io.github.bonigarcia.wdm.WebDriverManager - Driver chromedriver 107.0.5304.62 found in cache
21:55:01.874 [main] INFO io.github.bonigarcia.wdm.WebDriverManager - Exporting webdriver.chrome.driver as C:\Users\ACER\.cache\selenium\chromedriver\win32\107.0.5304.62\chromedriver.exe
21:55:02.099 [main] DEBUG net.serenitybdd.core.webdriver.driverproviders.ProvideNewDriver - Instantiating driver
21:55:02.099 [main] DEBUG net.serenitybdd.core.webdriver.driverproviders.ProvideNewDriver - Driver capabilities: Capabilities {acceptInsecureCerts: false, base.url: https://alta-shop.vercel.app, browserName: chrome, chrome.driver: src/test/resources/webdrive..., driver: chrome, goog:chromeOptions: {args: [], extensions: []}, wait.for.timeout: 15000}
21:55:02.220 [AsyncHttpClient-1-9] DEBUG org.asynchttpclient.netty.channel.NettyConnectListener - Using new Channel '[id: 0x7883a262, L:/127.0.0.1:52247 - R:localhost/127.0.0.1:54518]' for 'POST' to '/session'
21:55:03.688 [AsyncHttpClient-1-9] DEBUG org.asynchttpclient.netty.handler.HttpHandler - 

Request DefaultHttpRequest(decodeResult: success, version: HTTP/1.1)
POST /session HTTP/1.1
User-Agent: selenium/4.1.2 (java windows)
Content-Length: 640
Content-Type: application/json; charset=utf-8
host: localhost:54518
accept: */*

Response DefaultHttpResponse(decodeResult: success, version: HTTP/1.1)
HTTP/1.1 200 OK
Content-Type: application/json; charset=utf-8
cache-control: no-cache
content-length: 788

21:55:03.688 [AsyncHttpClient-1-9] DEBUG org.asynchttpclient.netty.channel.ChannelManager - Adding key: http://localhost:54518 for channel [id: 0x7883a262, L:/127.0.0.1:52247 - R:localhost/127.0.0.1:54518]
21:55:03.700 [AsyncHttpClient-1-2] DEBUG org.asynchttpclient.netty.channel.NettyConnectListener - Using new Channel '[id: 0x67414812, L:/127.0.0.1:52255 - R:localhost/127.0.0.1:52248]' for 'GET' to '/json/version'
21:55:03.702 [AsyncHttpClient-1-2] DEBUG org.asynchttpclient.netty.handler.HttpHandler - 

Request DefaultFullHttpRequest(decodeResult: success, version: HTTP/1.1, content: EmptyByteBufBE)
GET /json/version HTTP/1.1
User-Agent: selenium/4.1.2 (java windows)
host: localhost:52248
accept: */*

Response DefaultHttpResponse(decodeResult: success, version: HTTP/1.1)
HTTP/1.1 200 OK
Content-Type: application/json; charset=UTF-8
content-length: 423

21:55:03.703 [AsyncHttpClient-1-2] DEBUG org.asynchttpclient.netty.channel.ChannelManager - Adding key: http://localhost:52248 for channel [id: 0x67414812, L:/127.0.0.1:52255 - R:localhost/127.0.0.1:52248]
21:55:03.709 [AsyncHttpClient-1-3] DEBUG org.asynchttpclient.netty.channel.NettyConnectListener - Using new Channel '[id: 0x13429966, L:/127.0.0.1:52256 - R:localhost/127.0.0.1:52248]' for 'GET' to '/devtools/browser/513489fd-1b56-412a-a79e-fecf0b6b6dcb'
21:55:03.710 [AsyncHttpClient-1-3] DEBUG org.asynchttpclient.netty.handler.WebSocketHandler - 

Request DefaultFullHttpRequest(decodeResult: success, version: HTTP/1.1, content: EmptyByteBufBE)
GET /devtools/browser/513489fd-1b56-412a-a79e-fecf0b6b6dcb HTTP/1.1
upgrade: websocket
connection: upgrade
sec-websocket-key: VPp1xek0Y4GrXOM7CaQH2Q==
sec-websocket-version: 13
origin: http://localhost:52248
host: localhost:52248
accept: */*
user-agent: AHC/2.1

Response DefaultHttpResponse(decodeResult: success, version: HTTP/1.1)
HTTP/1.1 101 WebSocket Protocol Handshake
Upgrade: WebSocket
Connection: Upgrade
Sec-WebSocket-Accept: dxSBsAkVxWQErkD8Hhzk3YzW7gc=

21:55:03.719 [Forwarding get on session 66c3a2aa39bf0705df378dc60d93b7ea to remote] DEBUG org.asynchttpclient.netty.request.NettyRequestSender - Using pooled Channel '[id: 0x7883a262, L:/127.0.0.1:52247 - R:localhost/127.0.0.1:54518]' for 'POST' to 'http://localhost:54518/session/66c3a2aa39bf0705df378dc60d93b7ea/url'
21:55:03.719 [Forwarding get on session 66c3a2aa39bf0705df378dc60d93b7ea to remote] DEBUG org.asynchttpclient.netty.request.NettyRequestSender - Using open Channel [id: 0x7883a262, L:/127.0.0.1:52247 - R:localhost/127.0.0.1:54518] for POST '/session/66c3a2aa39bf0705df378dc60d93b7ea/url'
21:55:03.986 [AsyncHttpClient-1-1] DEBUG org.asynchttpclient.netty.channel.DefaultChannelPool - Entry count for : http://localhost:52248 : 1
21:55:05.075 [AsyncHttpClient-1-9] DEBUG org.asynchttpclient.netty.handler.HttpHandler - 

Request DefaultHttpRequest(decodeResult: success, version: HTTP/1.1)
POST /session/66c3a2aa39bf0705df378dc60d93b7ea/url HTTP/1.1
User-Agent: selenium/4.1.2 (java windows)
Content-Length: 59
Content-Type: application/json; charset=utf-8
host: localhost:54518
accept: */*

Response DefaultHttpResponse(decodeResult: success, version: HTTP/1.1)
HTTP/1.1 200 OK
Content-Type: application/json; charset=utf-8
cache-control: no-cache
content-length: 14

21:55:05.076 [AsyncHttpClient-1-9] DEBUG org.asynchttpclient.netty.channel.ChannelManager - Adding key: http://localhost:54518 for channel [id: 0x7883a262, L:/127.0.0.1:52247 - R:localhost/127.0.0.1:54518]
21:55:05.081 [Forwarding setTimeout on session 66c3a2aa39bf0705df378dc60d93b7ea to remote] DEBUG org.asynchttpclient.netty.request.NettyRequestSender - Using pooled Channel '[id: 0x7883a262, L:/127.0.0.1:52247 - R:localhost/127.0.0.1:54518]' for 'POST' to 'http://localhost:54518/session/66c3a2aa39bf0705df378dc60d93b7ea/timeouts'
21:55:05.081 [Forwarding setTimeout on session 66c3a2aa39bf0705df378dc60d93b7ea to remote] DEBUG org.asynchttpclient.netty.request.NettyRequestSender - Using open Channel [id: 0x7883a262, L:/127.0.0.1:52247 - R:localhost/127.0.0.1:54518] for POST '/session/66c3a2aa39bf0705df378dc60d93b7ea/timeouts'
21:55:05.102 [AsyncHttpClient-1-1] DEBUG org.asynchttpclient.netty.channel.DefaultChannelPool - Entry count for : http://localhost:52248 : 1
21:55:05.103 [AsyncHttpClient-1-9] DEBUG org.asynchttpclient.netty.handler.HttpHandler - 

Request DefaultHttpRequest(decodeResult: success, version: HTTP/1.1)
POST /session/66c3a2aa39bf0705df378dc60d93b7ea/timeouts HTTP/1.1
User-Agent: selenium/4.1.2 (java windows)
Content-Length: 22
Content-Type: application/json; charset=utf-8
host: localhost:54518
accept: */*

Response DefaultHttpResponse(decodeResult: success, version: HTTP/1.1)
HTTP/1.1 200 OK
Content-Type: application/json; charset=utf-8
cache-control: no-cache
content-length: 14

21:55:05.103 [AsyncHttpClient-1-9] DEBUG org.asynchttpclient.netty.channel.ChannelManager - Adding key: http://localhost:54518 for channel [id: 0x7883a262, L:/127.0.0.1:52247 - R:localhost/127.0.0.1:54518]
21:55:05.106 [Forwarding getCurrentUrl on session 66c3a2aa39bf0705df378dc60d93b7ea to remote] DEBUG org.asynchttpclient.netty.request.NettyRequestSender - Using pooled Channel '[id: 0x7883a262, L:/127.0.0.1:52247 - R:localhost/127.0.0.1:54518]' for 'GET' to 'http://localhost:54518/session/66c3a2aa39bf0705df378dc60d93b7ea/url'
21:55:05.106 [Forwarding getCurrentUrl on session 66c3a2aa39bf0705df378dc60d93b7ea to remote] DEBUG org.asynchttpclient.netty.request.NettyRequestSender - Using open Channel [id: 0x7883a262, L:/127.0.0.1:52247 - R:localhost/127.0.0.1:54518] for GET '/session/66c3a2aa39bf0705df378dc60d93b7ea/url'
21:55:05.121 [AsyncHttpClient-1-9] DEBUG org.asynchttpclient.netty.handler.HttpHandler - 

Request DefaultFullHttpRequest(decodeResult: success, version: HTTP/1.1, content: EmptyByteBufBE)
GET /session/66c3a2aa39bf0705df378dc60d93b7ea/url HTTP/1.1
User-Agent: selenium/4.1.2 (java windows)
Cache-Control: no-cache
Content-Type: application/json; charset=utf-8
host: localhost:54518
accept: */*

Response DefaultHttpResponse(decodeResult: success, version: HTTP/1.1)
HTTP/1.1 200 OK
Content-Type: application/json; charset=utf-8
cache-control: no-cache
content-length: 41

21:55:05.121 [AsyncHttpClient-1-9] DEBUG org.asynchttpclient.netty.channel.ChannelManager - Adding key: http://localhost:54518 for channel [id: 0x7883a262, L:/127.0.0.1:52247 - R:localhost/127.0.0.1:54518]
  &amp#27;[32mGiven &amp#27;[0m&amp#27;[32mI am on the website page&amp#27;[0m                   &amp#27;[90m# starter.stepdefinitions.LoginSteps.iAmOnTheWebsitePage()&amp#27;[0m
21:55:05.135 [Forwarding screenshot on session 66c3a2aa39bf0705df378dc60d93b7ea to remote] DEBUG org.asynchttpclient.netty.request.NettyRequestSender - Using pooled Channel '[id: 0x7883a262, L:/127.0.0.1:52247 - R:localhost/127.0.0.1:54518]' for 'GET' to 'http://localhost:54518/session/66c3a2aa39bf0705df378dc60d93b7ea/screenshot'
21:55:05.135 [Forwarding screenshot on session 66c3a2aa39bf0705df378dc60d93b7ea to remote] DEBUG org.asynchttpclient.netty.request.NettyRequestSender - Using open Channel [id: 0x7883a262, L:/127.0.0.1:52247 - R:localhost/127.0.0.1:54518] for GET '/session/66c3a2aa39bf0705df378dc60d93b7ea/screenshot'
21:55:05.870 [AsyncHttpClient-1-9] DEBUG org.asynchttpclient.netty.handler.HttpHandler - 

Request DefaultFullHttpRequest(decodeResult: success, version: HTTP/1.1, content: EmptyByteBufBE)
GET /session/66c3a2aa39bf0705df378dc60d93b7ea/screenshot HTTP/1.1
User-Agent: selenium/4.1.2 (java windows)
Cache-Control: no-cache
Content-Type: application/json; charset=utf-8
host: localhost:54518
accept: */*

Response DefaultHttpResponse(decodeResult: success, version: HTTP/1.1)
HTTP/1.1 200 OK
Content-Type: application/json; charset=utf-8
cache-control: no-cache
content-length: 21836

21:55:05.870 [AsyncHttpClient-1-9] DEBUG org.asynchttpclient.netty.channel.ChannelManager - Adding key: http://localhost:54518 for channel [id: 0x7883a262, L:/127.0.0.1:52247 - R:localhost/127.0.0.1:54518]
21:55:05.873 [main] DEBUG net.serenitybdd.core.photography.Darkroom - Send negative for processing for target\site\serenity\aaa0fc38510f58c5833aaedbc79de4a658821fec099dde85b4cb0ea0ec128a70.png
21:55:05.874 [Darkroom Processing Line] DEBUG net.serenitybdd.core.photography.DarkroomProcessingLine - Processing screenshot image in /var/screenshots/screenshot-17950726222668212298
21:55:05.874 [Darkroom Processing Line] DEBUG net.serenitybdd.core.photography.DarkroomProcessingLine - Saving screenshot to target\site\serenity\aaa0fc38510f58c5833aaedbc79de4a658821fec099dde85b4cb0ea0ec128a70.png
21:55:05.895 [Forwarding findElement on session 66c3a2aa39bf0705df378dc60d93b7ea to remote] DEBUG org.asynchttpclient.netty.request.NettyRequestSender - Using pooled Channel '[id: 0x7883a262, L:/127.0.0.1:52247 - R:localhost/127.0.0.1:54518]' for 'POST' to 'http://localhost:54518/session/66c3a2aa39bf0705df378dc60d93b7ea/element'
21:55:05.895 [Forwarding findElement on session 66c3a2aa39bf0705df378dc60d93b7ea to remote] DEBUG org.asynchttpclient.netty.request.NettyRequestSender - Using open Channel [id: 0x7883a262, L:/127.0.0.1:52247 - R:localhost/127.0.0.1:54518] for POST '/session/66c3a2aa39bf0705df378dc60d93b7ea/element'
21:55:05.923 [AsyncHttpClient-1-9] DEBUG org.asynchttpclient.netty.handler.HttpHandler - 

Request DefaultHttpRequest(decodeResult: success, version: HTTP/1.1)
POST /session/66c3a2aa39bf0705df378dc60d93b7ea/element HTTP/1.1
User-Agent: selenium/4.1.2 (java windows)
Content-Length: 97
Content-Type: application/json; charset=utf-8
host: localhost:54518
accept: */*

Response DefaultHttpResponse(decodeResult: success, version: HTTP/1.1)
HTTP/1.1 200 OK
Content-Type: application/json; charset=utf-8
cache-control: no-cache
content-length: 88

21:55:05.923 [AsyncHttpClient-1-9] DEBUG org.asynchttpclient.netty.channel.ChannelManager - Adding key: http://localhost:54518 for channel [id: 0x7883a262, L:/127.0.0.1:52247 - R:localhost/127.0.0.1:54518]
21:55:05.926 [Forwarding getElementTagName on session 66c3a2aa39bf0705df378dc60d93b7ea to remote] DEBUG org.asynchttpclient.netty.request.NettyRequestSender - Using pooled Channel '[id: 0x7883a262, L:/127.0.0.1:52247 - R:localhost/127.0.0.1:54518]' for 'GET' to 'http://localhost:54518/session/66c3a2aa39bf0705df378dc60d93b7ea/element/585ae987-71a3-4b53-bb43-bd1de6e4d573/name'
21:55:05.926 [Forwarding getElementTagName on session 66c3a2aa39bf0705df378dc60d93b7ea to remote] DEBUG org.asynchttpclient.netty.request.NettyRequestSender - Using open Channel [id: 0x7883a262, L:/127.0.0.1:52247 - R:localhost/127.0.0.1:54518] for GET '/session/66c3a2aa39bf0705df378dc60d93b7ea/element/585ae987-71a3-4b53-bb43-bd1de6e4d573/name'
21:55:05.936 [AsyncHttpClient-1-9] DEBUG org.asynchttpclient.netty.handler.HttpHandler - 

Request DefaultFullHttpRequest(decodeResult: success, version: HTTP/1.1, content: EmptyByteBufBE)
GET /session/66c3a2aa39bf0705df378dc60d93b7ea/element/585ae987-71a3-4b53-bb43-bd1de6e4d573/name HTTP/1.1
User-Agent: selenium/4.1.2 (java windows)
Cache-Control: no-cache
Content-Type: application/json; charset=utf-8
host: localhost:54518
accept: */*

Response DefaultHttpResponse(decodeResult: success, version: HTTP/1.1)
HTTP/1.1 200 OK
Content-Type: application/json; charset=utf-8
cache-control: no-cache
content-length: 13

21:55:05.936 [AsyncHttpClient-1-9] DEBUG org.asynchttpclient.netty.channel.ChannelManager - Adding key: http://localhost:54518 for channel [id: 0x7883a262, L:/127.0.0.1:52247 - R:localhost/127.0.0.1:54518]
21:55:05.938 [Forwarding getElementTagName on session 66c3a2aa39bf0705df378dc60d93b7ea to remote] DEBUG org.asynchttpclient.netty.request.NettyRequestSender - Using pooled Channel '[id: 0x7883a262, L:/127.0.0.1:52247 - R:localhost/127.0.0.1:54518]' for 'GET' to 'http://localhost:54518/session/66c3a2aa39bf0705df378dc60d93b7ea/element/585ae987-71a3-4b53-bb43-bd1de6e4d573/name'
21:55:05.938 [Forwarding getElementTagName on session 66c3a2aa39bf0705df378dc60d93b7ea to remote] DEBUG org.asynchttpclient.netty.request.NettyRequestSender - Using open Channel [id: 0x7883a262, L:/127.0.0.1:52247 - R:localhost/127.0.0.1:54518] for GET '/session/66c3a2aa39bf0705df378dc60d93b7ea/element/585ae987-71a3-4b53-bb43-bd1de6e4d573/name'
21:55:05.943 [AsyncHttpClient-1-9] DEBUG org.asynchttpclient.netty.handler.HttpHandler - 

Request DefaultFullHttpRequest(decodeResult: success, version: HTTP/1.1, content: EmptyByteBufBE)
GET /session/66c3a2aa39bf0705df378dc60d93b7ea/element/585ae987-71a3-4b53-bb43-bd1de6e4d573/name HTTP/1.1
User-Agent: selenium/4.1.2 (java windows)
Cache-Control: no-cache
Content-Type: application/json; charset=utf-8
host: localhost:54518
accept: */*

Response DefaultHttpResponse(decodeResult: success, version: HTTP/1.1)
HTTP/1.1 200 OK
Content-Type: application/json; charset=utf-8
cache-control: no-cache
content-length: 13

21:55:05.943 [AsyncHttpClient-1-9] DEBUG org.asynchttpclient.netty.channel.ChannelManager - Adding key: http://localhost:54518 for channel [id: 0x7883a262, L:/127.0.0.1:52247 - R:localhost/127.0.0.1:54518]
21:55:05.948 [Forwarding findElement on session 66c3a2aa39bf0705df378dc60d93b7ea to remote] DEBUG org.asynchttpclient.netty.request.NettyRequestSender - Using pooled Channel '[id: 0x7883a262, L:/127.0.0.1:52247 - R:localhost/127.0.0.1:54518]' for 'POST' to 'http://localhost:54518/session/66c3a2aa39bf0705df378dc60d93b7ea/element'
21:55:05.948 [Forwarding findElement on session 66c3a2aa39bf0705df378dc60d93b7ea to remote] DEBUG org.asynchttpclient.netty.request.NettyRequestSender - Using open Channel [id: 0x7883a262, L:/127.0.0.1:52247 - R:localhost/127.0.0.1:54518] for POST '/session/66c3a2aa39bf0705df378dc60d93b7ea/element'
21:55:05.962 [AsyncHttpClient-1-9] DEBUG org.asynchttpclient.netty.handler.HttpHandler - 

Request DefaultHttpRequest(decodeResult: success, version: HTTP/1.1)
POST /session/66c3a2aa39bf0705df378dc60d93b7ea/element HTTP/1.1
User-Agent: selenium/4.1.2 (java windows)
Content-Length: 97
Content-Type: application/json; charset=utf-8
host: localhost:54518
accept: */*

Response DefaultHttpResponse(decodeResult: success, version: HTTP/1.1)
HTTP/1.1 200 OK
Content-Type: application/json; charset=utf-8
cache-control: no-cache
content-length: 88

21:55:05.962 [AsyncHttpClient-1-9] DEBUG org.asynchttpclient.netty.channel.ChannelManager - Adding key: http://localhost:54518 for channel [id: 0x7883a262, L:/127.0.0.1:52247 - R:localhost/127.0.0.1:54518]
21:55:05.965 [Forwarding clickElement on session 66c3a2aa39bf0705df378dc60d93b7ea to remote] DEBUG org.asynchttpclient.netty.request.NettyRequestSender - Using pooled Channel '[id: 0x7883a262, L:/127.0.0.1:52247 - R:localhost/127.0.0.1:54518]' for 'POST' to 'http://localhost:54518/session/66c3a2aa39bf0705df378dc60d93b7ea/element/585ae987-71a3-4b53-bb43-bd1de6e4d573/click'
21:55:05.965 [Forwarding clickElement on session 66c3a2aa39bf0705df378dc60d93b7ea to remote] DEBUG org.asynchttpclient.netty.request.NettyRequestSender - Using open Channel [id: 0x7883a262, L:/127.0.0.1:52247 - R:localhost/127.0.0.1:54518] for POST '/session/66c3a2aa39bf0705df378dc60d93b7ea/element/585ae987-71a3-4b53-bb43-bd1de6e4d573/click'
21:55:06.088 [AsyncHttpClient-1-9] DEBUG org.asynchttpclient.netty.handler.HttpHandler - 

Request DefaultHttpRequest(decodeResult: success, version: HTTP/1.1)
POST /session/66c3a2aa39bf0705df378dc60d93b7ea/element/585ae987-71a3-4b53-bb43-bd1de6e4d573/click HTTP/1.1
User-Agent: selenium/4.1.2 (java windows)
Content-Length: 50
Content-Type: application/json; charset=utf-8
host: localhost:54518
accept: */*

Response DefaultHttpResponse(decodeResult: success, version: HTTP/1.1)
HTTP/1.1 200 OK
Content-Type: application/json; charset=utf-8
cache-control: no-cache
content-length: 14

21:55:06.088 [AsyncHttpClient-1-9] DEBUG org.asynchttpclient.netty.channel.ChannelManager - Adding key: http://localhost:54518 for channel [id: 0x7883a262, L:/127.0.0.1:52247 - R:localhost/127.0.0.1:54518]
  &amp#27;[32mWhen &amp#27;[0m&amp#27;[32mI clik sigin button&amp#27;[0m                         &amp#27;[90m# starter.stepdefinitions.LoginSteps.iClikSiginButton()&amp#27;[0m
21:55:06.117 [Forwarding screenshot on session 66c3a2aa39bf0705df378dc60d93b7ea to remote] DEBUG org.asynchttpclient.netty.request.NettyRequestSender - Using pooled Channel '[id: 0x7883a262, L:/127.0.0.1:52247 - R:localhost/127.0.0.1:54518]' for 'GET' to 'http://localhost:54518/session/66c3a2aa39bf0705df378dc60d93b7ea/screenshot'
21:55:06.117 [Forwarding screenshot on session 66c3a2aa39bf0705df378dc60d93b7ea to remote] DEBUG org.asynchttpclient.netty.request.NettyRequestSender - Using open Channel [id: 0x7883a262, L:/127.0.0.1:52247 - R:localhost/127.0.0.1:54518] for GET '/session/66c3a2aa39bf0705df378dc60d93b7ea/screenshot'
21:55:06.179 [AsyncHttpClient-1-1] DEBUG org.asynchttpclient.netty.channel.DefaultChannelPool - Entry count for : http://localhost:52248 : 1
21:55:06.514 [AsyncHttpClient-1-9] DEBUG org.asynchttpclient.netty.handler.HttpHandler - 

Request DefaultFullHttpRequest(decodeResult: success, version: HTTP/1.1, content: EmptyByteBufBE)
GET /session/66c3a2aa39bf0705df378dc60d93b7ea/screenshot HTTP/1.1
User-Agent: selenium/4.1.2 (java windows)
Cache-Control: no-cache
Content-Type: application/json; charset=utf-8
host: localhost:54518
accept: */*

Response DefaultHttpResponse(decodeResult: success, version: HTTP/1.1)
HTTP/1.1 200 OK
Content-Type: application/json; charset=utf-8
cache-control: no-cache
content-length: 24172

21:55:06.514 [AsyncHttpClient-1-9] DEBUG org.asynchttpclient.netty.channel.ChannelManager - Adding key: http://localhost:54518 for channel [id: 0x7883a262, L:/127.0.0.1:52247 - R:localhost/127.0.0.1:54518]
21:55:06.517 [main] DEBUG net.serenitybdd.core.photography.Darkroom - Send negative for processing for target\site\serenity\c66eae1d7133385bc4164143c9fb137bdcfc97bb59ad743655ea40f4c0c31fd4.png
21:55:06.517 [Darkroom Processing Line] DEBUG net.serenitybdd.core.photography.DarkroomProcessingLine - Processing screenshot image in /var/screenshots/screenshot-16356870036087426258
21:55:06.518 [Darkroom Processing Line] DEBUG net.serenitybdd.core.photography.DarkroomProcessingLine - Saving screenshot to target\site\serenity\c66eae1d7133385bc4164143c9fb137bdcfc97bb59ad743655ea40f4c0c31fd4.png
21:55:06.529 [Forwarding findElement on session 66c3a2aa39bf0705df378dc60d93b7ea to remote] DEBUG org.asynchttpclient.netty.request.NettyRequestSender - Using pooled Channel '[id: 0x7883a262, L:/127.0.0.1:52247 - R:localhost/127.0.0.1:54518]' for 'POST' to 'http://localhost:54518/session/66c3a2aa39bf0705df378dc60d93b7ea/element'
21:55:06.529 [Forwarding findElement on session 66c3a2aa39bf0705df378dc60d93b7ea to remote] DEBUG org.asynchttpclient.netty.request.NettyRequestSender - Using open Channel [id: 0x7883a262, L:/127.0.0.1:52247 - R:localhost/127.0.0.1:54518] for POST '/session/66c3a2aa39bf0705df378dc60d93b7ea/element'
21:55:06.548 [AsyncHttpClient-1-9] DEBUG org.asynchttpclient.netty.handler.HttpHandler - 

Request DefaultHttpRequest(decodeResult: success, version: HTTP/1.1)
POST /session/66c3a2aa39bf0705df378dc60d93b7ea/element HTTP/1.1
User-Agent: selenium/4.1.2 (java windows)
Content-Length: 88
Content-Type: application/json; charset=utf-8
host: localhost:54518
accept: */*

Response DefaultHttpResponse(decodeResult: success, version: HTTP/1.1)
HTTP/1.1 200 OK
Content-Type: application/json; charset=utf-8
cache-control: no-cache
content-length: 88

21:55:06.549 [AsyncHttpClient-1-9] DEBUG org.asynchttpclient.netty.channel.ChannelManager - Adding key: http://localhost:54518 for channel [id: 0x7883a262, L:/127.0.0.1:52247 - R:localhost/127.0.0.1:54518]
21:55:06.551 [Forwarding clearElement on session 66c3a2aa39bf0705df378dc60d93b7ea to remote] DEBUG org.asynchttpclient.netty.request.NettyRequestSender - Using pooled Channel '[id: 0x7883a262, L:/127.0.0.1:52247 - R:localhost/127.0.0.1:54518]' for 'POST' to 'http://localhost:54518/session/66c3a2aa39bf0705df378dc60d93b7ea/element/eae30f5a-56ed-4e76-a0e9-fbe5d03e328b/clear'
21:55:06.551 [Forwarding clearElement on session 66c3a2aa39bf0705df378dc60d93b7ea to remote] DEBUG org.asynchttpclient.netty.request.NettyRequestSender - Using open Channel [id: 0x7883a262, L:/127.0.0.1:52247 - R:localhost/127.0.0.1:54518] for POST '/session/66c3a2aa39bf0705df378dc60d93b7ea/element/eae30f5a-56ed-4e76-a0e9-fbe5d03e328b/clear'
21:55:06.605 [AsyncHttpClient-1-9] DEBUG org.asynchttpclient.netty.handler.HttpHandler - 

Request DefaultHttpRequest(decodeResult: success, version: HTTP/1.1)
POST /session/66c3a2aa39bf0705df378dc60d93b7ea/element/eae30f5a-56ed-4e76-a0e9-fbe5d03e328b/clear HTTP/1.1
User-Agent: selenium/4.1.2 (java windows)
Content-Length: 50
Content-Type: application/json; charset=utf-8
host: localhost:54518
accept: */*

Response DefaultHttpResponse(decodeResult: success, version: HTTP/1.1)
HTTP/1.1 200 OK
Content-Type: application/json; charset=utf-8
cache-control: no-cache
content-length: 14

21:55:06.606 [AsyncHttpClient-1-9] DEBUG org.asynchttpclient.netty.channel.ChannelManager - Adding key: http://localhost:54518 for channel [id: 0x7883a262, L:/127.0.0.1:52247 - R:localhost/127.0.0.1:54518]
21:55:06.609 [Forwarding sendKeysToElement on session 66c3a2aa39bf0705df378dc60d93b7ea to remote] DEBUG org.asynchttpclient.netty.request.NettyRequestSender - Using pooled Channel '[id: 0x7883a262, L:/127.0.0.1:52247 - R:localhost/127.0.0.1:54518]' for 'POST' to 'http://localhost:54518/session/66c3a2aa39bf0705df378dc60d93b7ea/element/eae30f5a-56ed-4e76-a0e9-fbe5d03e328b/value'
21:55:06.611 [Forwarding sendKeysToElement on session 66c3a2aa39bf0705df378dc60d93b7ea to remote] DEBUG org.asynchttpclient.netty.request.NettyRequestSender - Using open Channel [id: 0x7883a262, L:/127.0.0.1:52247 - R:localhost/127.0.0.1:54518] for POST '/session/66c3a2aa39bf0705df378dc60d93b7ea/element/eae30f5a-56ed-4e76-a0e9-fbe5d03e328b/value'
21:55:06.805 [AsyncHttpClient-1-9] DEBUG org.asynchttpclient.netty.handler.HttpHandler - 

Request DefaultHttpRequest(decodeResult: success, version: HTTP/1.1)
POST /session/66c3a2aa39bf0705df378dc60d93b7ea/element/eae30f5a-56ed-4e76-a0e9-fbe5d03e328b/value HTTP/1.1
User-Agent: selenium/4.1.2 (java windows)
Content-Length: 111
Content-Type: application/json; charset=utf-8
host: localhost:54518
accept: */*

Response DefaultHttpResponse(decodeResult: success, version: HTTP/1.1)
HTTP/1.1 200 OK
Content-Type: application/json; charset=utf-8
cache-control: no-cache
content-length: 14

21:55:06.805 [AsyncHttpClient-1-9] DEBUG org.asynchttpclient.netty.channel.ChannelManager - Adding key: http://localhost:54518 for channel [id: 0x7883a262, L:/127.0.0.1:52247 - R:localhost/127.0.0.1:54518]
21:55:06.816 [Forwarding findElement on session 66c3a2aa39bf0705df378dc60d93b7ea to remote] DEBUG org.asynchttpclient.netty.request.NettyRequestSender - Using pooled Channel '[id: 0x7883a262, L:/127.0.0.1:52247 - R:localhost/127.0.0.1:54518]' for 'POST' to 'http://localhost:54518/session/66c3a2aa39bf0705df378dc60d93b7ea/element'
21:55:06.816 [Forwarding findElement on session 66c3a2aa39bf0705df378dc60d93b7ea to remote] DEBUG org.asynchttpclient.netty.request.NettyRequestSender - Using open Channel [id: 0x7883a262, L:/127.0.0.1:52247 - R:localhost/127.0.0.1:54518] for POST '/session/66c3a2aa39bf0705df378dc60d93b7ea/element'
21:55:06.851 [AsyncHttpClient-1-9] DEBUG org.asynchttpclient.netty.handler.HttpHandler - 

Request DefaultHttpRequest(decodeResult: success, version: HTTP/1.1)
POST /session/66c3a2aa39bf0705df378dc60d93b7ea/element HTTP/1.1
User-Agent: selenium/4.1.2 (java windows)
Content-Length: 97
Content-Type: application/json; charset=utf-8
host: localhost:54518
accept: */*

Response DefaultHttpResponse(decodeResult: success, version: HTTP/1.1)
HTTP/1.1 200 OK
Content-Type: application/json; charset=utf-8
cache-control: no-cache
content-length: 88

21:55:06.851 [AsyncHttpClient-1-9] DEBUG org.asynchttpclient.netty.channel.ChannelManager - Adding key: http://localhost:54518 for channel [id: 0x7883a262, L:/127.0.0.1:52247 - R:localhost/127.0.0.1:54518]
21:55:06.853 [Forwarding clearElement on session 66c3a2aa39bf0705df378dc60d93b7ea to remote] DEBUG org.asynchttpclient.netty.request.NettyRequestSender - Using pooled Channel '[id: 0x7883a262, L:/127.0.0.1:52247 - R:localhost/127.0.0.1:54518]' for 'POST' to 'http://localhost:54518/session/66c3a2aa39bf0705df378dc60d93b7ea/element/2c52b94d-0926-4b29-8dc8-78406fa2b1bb/clear'
21:55:06.853 [Forwarding clearElement on session 66c3a2aa39bf0705df378dc60d93b7ea to remote] DEBUG org.asynchttpclient.netty.request.NettyRequestSender - Using open Channel [id: 0x7883a262, L:/127.0.0.1:52247 - R:localhost/127.0.0.1:54518] for POST '/session/66c3a2aa39bf0705df378dc60d93b7ea/element/2c52b94d-0926-4b29-8dc8-78406fa2b1bb/clear'
21:55:06.933 [AsyncHttpClient-1-9] DEBUG org.asynchttpclient.netty.handler.HttpHandler - 

Request DefaultHttpRequest(decodeResult: success, version: HTTP/1.1)
POST /session/66c3a2aa39bf0705df378dc60d93b7ea/element/2c52b94d-0926-4b29-8dc8-78406fa2b1bb/clear HTTP/1.1
User-Agent: selenium/4.1.2 (java windows)
Content-Length: 50
Content-Type: application/json; charset=utf-8
host: localhost:54518
accept: */*

Response DefaultHttpResponse(decodeResult: success, version: HTTP/1.1)
HTTP/1.1 200 OK
Content-Type: application/json; charset=utf-8
cache-control: no-cache
content-length: 14

21:55:06.933 [AsyncHttpClient-1-9] DEBUG org.asynchttpclient.netty.channel.ChannelManager - Adding key: http://localhost:54518 for channel [id: 0x7883a262, L:/127.0.0.1:52247 - R:localhost/127.0.0.1:54518]
21:55:06.936 [Forwarding sendKeysToElement on session 66c3a2aa39bf0705df378dc60d93b7ea to remote] DEBUG org.asynchttpclient.netty.request.NettyRequestSender - Using pooled Channel '[id: 0x7883a262, L:/127.0.0.1:52247 - R:localhost/127.0.0.1:54518]' for 'POST' to 'http://localhost:54518/session/66c3a2aa39bf0705df378dc60d93b7ea/element/2c52b94d-0926-4b29-8dc8-78406fa2b1bb/value'
21:55:06.936 [Forwarding sendKeysToElement on session 66c3a2aa39bf0705df378dc60d93b7ea to remote] DEBUG org.asynchttpclient.netty.request.NettyRequestSender - Using open Channel [id: 0x7883a262, L:/127.0.0.1:52247 - R:localhost/127.0.0.1:54518] for POST '/session/66c3a2aa39bf0705df378dc60d93b7ea/element/2c52b94d-0926-4b29-8dc8-78406fa2b1bb/value'
21:55:07.116 [AsyncHttpClient-1-9] DEBUG org.asynchttpclient.netty.handler.HttpHandler - 

Request DefaultHttpRequest(decodeResult: success, version: HTTP/1.1)
POST /session/66c3a2aa39bf0705df378dc60d93b7ea/element/2c52b94d-0926-4b29-8dc8-78406fa2b1bb/value HTTP/1.1
User-Agent: selenium/4.1.2 (java windows)
Content-Length: 111
Content-Type: application/json; charset=utf-8
host: localhost:54518
accept: */*

Response DefaultHttpResponse(decodeResult: success, version: HTTP/1.1)
HTTP/1.1 200 OK
Content-Type: application/json; charset=utf-8
cache-control: no-cache
content-length: 14

21:55:07.116 [AsyncHttpClient-1-9] DEBUG org.asynchttpclient.netty.channel.ChannelManager - Adding key: http://localhost:54518 for channel [id: 0x7883a262, L:/127.0.0.1:52247 - R:localhost/127.0.0.1:54518]
  &amp#27;[32mAnd &amp#27;[0m&amp#27;[32mI input valid &amp#27;[0m&amp#27;[32m&amp#27;[1m"aaa"&amp#27;[0m&amp#27;[32m email and &amp#27;[0m&amp#27;[32m&amp#27;[1m"aaa"&amp#27;[0m&amp#27;[32m password&amp#27;[0m &amp#27;[90m# starter.stepdefinitions.LoginSteps.iInputValidEmailAndPassword(java.lang.String,java.lang.String)&amp#27;[0m
21:55:07.127 [Forwarding screenshot on session 66c3a2aa39bf0705df378dc60d93b7ea to remote] DEBUG org.asynchttpclient.netty.request.NettyRequestSender - Using pooled Channel '[id: 0x7883a262, L:/127.0.0.1:52247 - R:localhost/127.0.0.1:54518]' for 'GET' to 'http://localhost:54518/session/66c3a2aa39bf0705df378dc60d93b7ea/screenshot'
21:55:07.128 [Forwarding screenshot on session 66c3a2aa39bf0705df378dc60d93b7ea to remote] DEBUG org.asynchttpclient.netty.request.NettyRequestSender - Using open Channel [id: 0x7883a262, L:/127.0.0.1:52247 - R:localhost/127.0.0.1:54518] for GET '/session/66c3a2aa39bf0705df378dc60d93b7ea/screenshot'
21:55:07.278 [AsyncHttpClient-1-1] DEBUG org.asynchttpclient.netty.channel.DefaultChannelPool - Entry count for : http://localhost:52248 : 1
21:55:07.350 [AsyncHttpClient-1-9] DEBUG org.asynchttpclient.netty.handler.HttpHandler - 

Request DefaultFullHttpRequest(decodeResult: success, version: HTTP/1.1, content: EmptyByteBufBE)
GET /session/66c3a2aa39bf0705df378dc60d93b7ea/screenshot HTTP/1.1
User-Agent: selenium/4.1.2 (java windows)
Cache-Control: no-cache
Content-Type: application/json; charset=utf-8
host: localhost:54518
accept: */*

Response DefaultHttpResponse(decodeResult: success, version: HTTP/1.1)
HTTP/1.1 200 OK
Content-Type: application/json; charset=utf-8
cache-control: no-cache
content-length: 25744

21:55:07.351 [AsyncHttpClient-1-9] DEBUG org.asynchttpclient.netty.channel.ChannelManager - Adding key: http://localhost:54518 for channel [id: 0x7883a262, L:/127.0.0.1:52247 - R:localhost/127.0.0.1:54518]
21:55:07.353 [main] DEBUG net.serenitybdd.core.photography.Darkroom - Send negative for processing for target\site\serenity\a393223d04be85e99ea566655ca48462214149e09d10030df4d8af68dbe8b474.png
21:55:07.354 [Darkroom Processing Line] DEBUG net.serenitybdd.core.photography.DarkroomProcessingLine - Processing screenshot image in /var/screenshots/screenshot-13109749851516119755
21:55:07.354 [Darkroom Processing Line] DEBUG net.serenitybdd.core.photography.DarkroomProcessingLine - Saving screenshot to target\site\serenity\a393223d04be85e99ea566655ca48462214149e09d10030df4d8af68dbe8b474.png
21:55:07.370 [Forwarding findElement on session 66c3a2aa39bf0705df378dc60d93b7ea to remote] DEBUG org.asynchttpclient.netty.request.NettyRequestSender - Using pooled Channel '[id: 0x7883a262, L:/127.0.0.1:52247 - R:localhost/127.0.0.1:54518]' for 'POST' to 'http://localhost:54518/session/66c3a2aa39bf0705df378dc60d93b7ea/element'
21:55:07.370 [Forwarding findElement on session 66c3a2aa39bf0705df378dc60d93b7ea to remote] DEBUG org.asynchttpclient.netty.request.NettyRequestSender - Using open Channel [id: 0x7883a262, L:/127.0.0.1:52247 - R:localhost/127.0.0.1:54518] for POST '/session/66c3a2aa39bf0705df378dc60d93b7ea/element'
21:55:07.389 [AsyncHttpClient-1-9] DEBUG org.asynchttpclient.netty.handler.HttpHandler - 

Request DefaultHttpRequest(decodeResult: success, version: HTTP/1.1)
POST /session/66c3a2aa39bf0705df378dc60d93b7ea/element HTTP/1.1
User-Agent: selenium/4.1.2 (java windows)
Content-Length: 83
Content-Type: application/json; charset=utf-8
host: localhost:54518
accept: */*

Response DefaultHttpResponse(decodeResult: success, version: HTTP/1.1)
HTTP/1.1 200 OK
Content-Type: application/json; charset=utf-8
cache-control: no-cache
content-length: 88

21:55:07.389 [AsyncHttpClient-1-9] DEBUG org.asynchttpclient.netty.channel.ChannelManager - Adding key: http://localhost:54518 for channel [id: 0x7883a262, L:/127.0.0.1:52247 - R:localhost/127.0.0.1:54518]
21:55:07.391 [Forwarding getElementTagName on session 66c3a2aa39bf0705df378dc60d93b7ea to remote] DEBUG org.asynchttpclient.netty.request.NettyRequestSender - Using pooled Channel '[id: 0x7883a262, L:/127.0.0.1:52247 - R:localhost/127.0.0.1:54518]' for 'GET' to 'http://localhost:54518/session/66c3a2aa39bf0705df378dc60d93b7ea/element/350c7383-90bf-4748-8a88-9e3ca1978038/name'
21:55:07.391 [Forwarding getElementTagName on session 66c3a2aa39bf0705df378dc60d93b7ea to remote] DEBUG org.asynchttpclient.netty.request.NettyRequestSender - Using open Channel [id: 0x7883a262, L:/127.0.0.1:52247 - R:localhost/127.0.0.1:54518] for GET '/session/66c3a2aa39bf0705df378dc60d93b7ea/element/350c7383-90bf-4748-8a88-9e3ca1978038/name'
21:55:07.398 [AsyncHttpClient-1-9] DEBUG org.asynchttpclient.netty.handler.HttpHandler - 

Request DefaultFullHttpRequest(decodeResult: success, version: HTTP/1.1, content: EmptyByteBufBE)
GET /session/66c3a2aa39bf0705df378dc60d93b7ea/element/350c7383-90bf-4748-8a88-9e3ca1978038/name HTTP/1.1
User-Agent: selenium/4.1.2 (java windows)
Cache-Control: no-cache
Content-Type: application/json; charset=utf-8
host: localhost:54518
accept: */*

Response DefaultHttpResponse(decodeResult: success, version: HTTP/1.1)
HTTP/1.1 200 OK
Content-Type: application/json; charset=utf-8
cache-control: no-cache
content-length: 16

21:55:07.398 [AsyncHttpClient-1-9] DEBUG org.asynchttpclient.netty.channel.ChannelManager - Adding key: http://localhost:54518 for channel [id: 0x7883a262, L:/127.0.0.1:52247 - R:localhost/127.0.0.1:54518]
21:55:07.400 [Forwarding getElementTagName on session 66c3a2aa39bf0705df378dc60d93b7ea to remote] DEBUG org.asynchttpclient.netty.request.NettyRequestSender - Using pooled Channel '[id: 0x7883a262, L:/127.0.0.1:52247 - R:localhost/127.0.0.1:54518]' for 'GET' to 'http://localhost:54518/session/66c3a2aa39bf0705df378dc60d93b7ea/element/350c7383-90bf-4748-8a88-9e3ca1978038/name'
21:55:07.400 [Forwarding getElementTagName on session 66c3a2aa39bf0705df378dc60d93b7ea to remote] DEBUG org.asynchttpclient.netty.request.NettyRequestSender - Using open Channel [id: 0x7883a262, L:/127.0.0.1:52247 - R:localhost/127.0.0.1:54518] for GET '/session/66c3a2aa39bf0705df378dc60d93b7ea/element/350c7383-90bf-4748-8a88-9e3ca1978038/name'
21:55:07.405 [AsyncHttpClient-1-9] DEBUG org.asynchttpclient.netty.handler.HttpHandler - 

Request DefaultFullHttpRequest(decodeResult: success, version: HTTP/1.1, content: EmptyByteBufBE)
GET /session/66c3a2aa39bf0705df378dc60d93b7ea/element/350c7383-90bf-4748-8a88-9e3ca1978038/name HTTP/1.1
User-Agent: selenium/4.1.2 (java windows)
Cache-Control: no-cache
Content-Type: application/json; charset=utf-8
host: localhost:54518
accept: */*

Response DefaultHttpResponse(decodeResult: success, version: HTTP/1.1)
HTTP/1.1 200 OK
Content-Type: application/json; charset=utf-8
cache-control: no-cache
content-length: 16

21:55:07.405 [AsyncHttpClient-1-9] DEBUG org.asynchttpclient.netty.channel.ChannelManager - Adding key: http://localhost:54518 for channel [id: 0x7883a262, L:/127.0.0.1:52247 - R:localhost/127.0.0.1:54518]
21:55:07.407 [Forwarding findElement on session 66c3a2aa39bf0705df378dc60d93b7ea to remote] DEBUG org.asynchttpclient.netty.request.NettyRequestSender - Using pooled Channel '[id: 0x7883a262, L:/127.0.0.1:52247 - R:localhost/127.0.0.1:54518]' for 'POST' to 'http://localhost:54518/session/66c3a2aa39bf0705df378dc60d93b7ea/element'
21:55:07.408 [Forwarding findElement on session 66c3a2aa39bf0705df378dc60d93b7ea to remote] DEBUG org.asynchttpclient.netty.request.NettyRequestSender - Using open Channel [id: 0x7883a262, L:/127.0.0.1:52247 - R:localhost/127.0.0.1:54518] for POST '/session/66c3a2aa39bf0705df378dc60d93b7ea/element'
21:55:07.420 [AsyncHttpClient-1-9] DEBUG org.asynchttpclient.netty.handler.HttpHandler - 

Request DefaultHttpRequest(decodeResult: success, version: HTTP/1.1)
POST /session/66c3a2aa39bf0705df378dc60d93b7ea/element HTTP/1.1
User-Agent: selenium/4.1.2 (java windows)
Content-Length: 83
Content-Type: application/json; charset=utf-8
host: localhost:54518
accept: */*

Response DefaultHttpResponse(decodeResult: success, version: HTTP/1.1)
HTTP/1.1 200 OK
Content-Type: application/json; charset=utf-8
cache-control: no-cache
content-length: 88

21:55:07.420 [AsyncHttpClient-1-9] DEBUG org.asynchttpclient.netty.channel.ChannelManager - Adding key: http://localhost:54518 for channel [id: 0x7883a262, L:/127.0.0.1:52247 - R:localhost/127.0.0.1:54518]
21:55:07.421 [Forwarding clickElement on session 66c3a2aa39bf0705df378dc60d93b7ea to remote] DEBUG org.asynchttpclient.netty.request.NettyRequestSender - Using pooled Channel '[id: 0x7883a262, L:/127.0.0.1:52247 - R:localhost/127.0.0.1:54518]' for 'POST' to 'http://localhost:54518/session/66c3a2aa39bf0705df378dc60d93b7ea/element/350c7383-90bf-4748-8a88-9e3ca1978038/click'
21:55:07.422 [Forwarding clickElement on session 66c3a2aa39bf0705df378dc60d93b7ea to remote] DEBUG org.asynchttpclient.netty.request.NettyRequestSender - Using open Channel [id: 0x7883a262, L:/127.0.0.1:52247 - R:localhost/127.0.0.1:54518] for POST '/session/66c3a2aa39bf0705df378dc60d93b7ea/element/350c7383-90bf-4748-8a88-9e3ca1978038/click'
21:55:07.505 [AsyncHttpClient-1-9] DEBUG org.asynchttpclient.netty.handler.HttpHandler - 

Request DefaultHttpRequest(decodeResult: success, version: HTTP/1.1)
POST /session/66c3a2aa39bf0705df378dc60d93b7ea/element/350c7383-90bf-4748-8a88-9e3ca1978038/click HTTP/1.1
User-Agent: selenium/4.1.2 (java windows)
Content-Length: 50
Content-Type: application/json; charset=utf-8
host: localhost:54518
accept: */*

Response DefaultHttpResponse(decodeResult: success, version: HTTP/1.1)
HTTP/1.1 200 OK
Content-Type: application/json; charset=utf-8
cache-control: no-cache
content-length: 14

21:55:07.505 [AsyncHttpClient-1-9] DEBUG org.asynchttpclient.netty.channel.ChannelManager - Adding key: http://localhost:54518 for channel [id: 0x7883a262, L:/127.0.0.1:52247 - R:localhost/127.0.0.1:54518]
  &amp#27;[32mAnd &amp#27;[0m&amp#27;[32mI click Login button&amp#27;[0m                         &amp#27;[90m# starter.stepdefinitions.LoginSteps.iClickLoginButton()&amp#27;[0m
21:55:07.519 [Forwarding screenshot on session 66c3a2aa39bf0705df378dc60d93b7ea to remote] DEBUG org.asynchttpclient.netty.request.NettyRequestSender - Using pooled Channel '[id: 0x7883a262, L:/127.0.0.1:52247 - R:localhost/127.0.0.1:54518]' for 'GET' to 'http://localhost:54518/session/66c3a2aa39bf0705df378dc60d93b7ea/screenshot'
21:55:07.520 [Forwarding screenshot on session 66c3a2aa39bf0705df378dc60d93b7ea to remote] DEBUG org.asynchttpclient.netty.request.NettyRequestSender - Using open Channel [id: 0x7883a262, L:/127.0.0.1:52247 - R:localhost/127.0.0.1:54518] for GET '/session/66c3a2aa39bf0705df378dc60d93b7ea/screenshot'
21:55:07.791 [AsyncHttpClient-1-9] DEBUG org.asynchttpclient.netty.handler.HttpHandler - 

Request DefaultFullHttpRequest(decodeResult: success, version: HTTP/1.1, content: EmptyByteBufBE)
GET /session/66c3a2aa39bf0705df378dc60d93b7ea/screenshot HTTP/1.1
User-Agent: selenium/4.1.2 (java windows)
Cache-Control: no-cache
Content-Type: application/json; charset=utf-8
host: localhost:54518
accept: */*

Response DefaultHttpResponse(decodeResult: success, version: HTTP/1.1)
HTTP/1.1 200 OK
Content-Type: application/json; charset=utf-8
cache-control: no-cache
content-length: 25224

21:55:07.792 [AsyncHttpClient-1-9] DEBUG org.asynchttpclient.netty.channel.ChannelManager - Adding key: http://localhost:54518 for channel [id: 0x7883a262, L:/127.0.0.1:52247 - R:localhost/127.0.0.1:54518]
21:55:07.796 [main] DEBUG net.serenitybdd.core.photography.Darkroom - Send negative for processing for target\site\serenity\c074cb6648b2249e51b88614246b82877687bbccc3d6a8906fad3edb8b17cc5b.png
21:55:07.796 [Darkroom Processing Line] DEBUG net.serenitybdd.core.photography.DarkroomProcessingLine - Processing screenshot image in /var/screenshots/screenshot-16891390487462267183
21:55:07.796 [Darkroom Processing Line] DEBUG net.serenitybdd.core.photography.DarkroomProcessingLine - Saving screenshot to target\site\serenity\c074cb6648b2249e51b88614246b82877687bbccc3d6a8906fad3edb8b17cc5b.png
21:55:07.805 [Forwarding findElement on session 66c3a2aa39bf0705df378dc60d93b7ea to remote] DEBUG org.asynchttpclient.netty.request.NettyRequestSender - Using pooled Channel '[id: 0x7883a262, L:/127.0.0.1:52247 - R:localhost/127.0.0.1:54518]' for 'POST' to 'http://localhost:54518/session/66c3a2aa39bf0705df378dc60d93b7ea/element'
21:55:07.805 [Forwarding findElement on session 66c3a2aa39bf0705df378dc60d93b7ea to remote] DEBUG org.asynchttpclient.netty.request.NettyRequestSender - Using open Channel [id: 0x7883a262, L:/127.0.0.1:52247 - R:localhost/127.0.0.1:54518] for POST '/session/66c3a2aa39bf0705df378dc60d93b7ea/element'
21:55:08.085 [AsyncHttpClient-1-9] DEBUG org.asynchttpclient.netty.handler.HttpHandler - 

Request DefaultHttpRequest(decodeResult: success, version: HTTP/1.1)
POST /session/66c3a2aa39bf0705df378dc60d93b7ea/element HTTP/1.1
User-Agent: selenium/4.1.2 (java windows)
Content-Length: 80
Content-Type: application/json; charset=utf-8
host: localhost:54518
accept: */*

Response DefaultHttpResponse(decodeResult: success, version: HTTP/1.1)
HTTP/1.1 200 OK
Content-Type: application/json; charset=utf-8
cache-control: no-cache
content-length: 88

21:55:08.085 [AsyncHttpClient-1-9] DEBUG org.asynchttpclient.netty.channel.ChannelManager - Adding key: http://localhost:54518 for channel [id: 0x7883a262, L:/127.0.0.1:52247 - R:localhost/127.0.0.1:54518]
21:55:08.090 [Forwarding isElementDisplayed on session 66c3a2aa39bf0705df378dc60d93b7ea to remote] DEBUG org.asynchttpclient.netty.request.NettyRequestSender - Using pooled Channel '[id: 0x7883a262, L:/127.0.0.1:52247 - R:localhost/127.0.0.1:54518]' for 'POST' to 'http://localhost:54518/session/66c3a2aa39bf0705df378dc60d93b7ea/execute/sync'
21:55:08.090 [Forwarding isElementDisplayed on session 66c3a2aa39bf0705df378dc60d93b7ea to remote] DEBUG org.asynchttpclient.netty.request.NettyRequestSender - Using open Channel [id: 0x7883a262, L:/127.0.0.1:52247 - R:localhost/127.0.0.1:54518] for POST '/session/66c3a2aa39bf0705df378dc60d93b7ea/execute/sync'
21:55:08.118 [AsyncHttpClient-1-9] DEBUG org.asynchttpclient.netty.handler.HttpHandler - 

Request DefaultHttpRequest(decodeResult: success, version: HTTP/1.1)
POST /session/66c3a2aa39bf0705df378dc60d93b7ea/execute/sync HTTP/1.1
User-Agent: selenium/4.1.2 (java windows)
Content-Length: 48780
Content-Type: application/json; charset=utf-8
host: localhost:54518
accept: */*

Response DefaultHttpResponse(decodeResult: success, version: HTTP/1.1)
HTTP/1.1 200 OK
Content-Type: application/json; charset=utf-8
cache-control: no-cache
content-length: 14

21:55:08.118 [AsyncHttpClient-1-9] DEBUG org.asynchttpclient.netty.channel.ChannelManager - Adding key: http://localhost:54518 for channel [id: 0x7883a262, L:/127.0.0.1:52247 - R:localhost/127.0.0.1:54518]
  &amp#27;[32mThen &amp#27;[0m&amp#27;[32mI will get the &amp#27;[0m&amp#27;[32m&amp#27;[1m"i cant login"&amp#27;[0m               &amp#27;[90m# starter.stepdefinitions.LoginSteps.iWillGetThe(java.lang.String)&amp#27;[0m
21:55:08.128 [Forwarding screenshot on session 66c3a2aa39bf0705df378dc60d93b7ea to remote] DEBUG org.asynchttpclient.netty.request.NettyRequestSender - Using pooled Channel '[id: 0x7883a262, L:/127.0.0.1:52247 - R:localhost/127.0.0.1:54518]' for 'GET' to 'http://localhost:54518/session/66c3a2aa39bf0705df378dc60d93b7ea/screenshot'
21:55:08.128 [Forwarding screenshot on session 66c3a2aa39bf0705df378dc60d93b7ea to remote] DEBUG org.asynchttpclient.netty.request.NettyRequestSender - Using open Channel [id: 0x7883a262, L:/127.0.0.1:52247 - R:localhost/127.0.0.1:54518] for GET '/session/66c3a2aa39bf0705df378dc60d93b7ea/screenshot'
21:55:08.304 [AsyncHttpClient-1-9] DEBUG org.asynchttpclient.netty.handler.HttpHandler - 

Request DefaultFullHttpRequest(decodeResult: success, version: HTTP/1.1, content: EmptyByteBufBE)
GET /session/66c3a2aa39bf0705df378dc60d93b7ea/screenshot HTTP/1.1
User-Agent: selenium/4.1.2 (java windows)
Cache-Control: no-cache
Content-Type: application/json; charset=utf-8
host: localhost:54518
accept: */*

Response DefaultHttpResponse(decodeResult: success, version: HTTP/1.1)
HTTP/1.1 200 OK
Content-Type: application/json; charset=utf-8
cache-control: no-cache
content-length: 30540

21:55:08.305 [AsyncHttpClient-1-9] DEBUG org.asynchttpclient.netty.channel.ChannelManager - Adding key: http://localhost:54518 for channel [id: 0x7883a262, L:/127.0.0.1:52247 - R:localhost/127.0.0.1:54518]
21:55:08.307 [main] DEBUG net.serenitybdd.core.photography.Darkroom - Send negative for processing for target\site\serenity\2d53c03e156ba57ddbfad7ae6969afca32a475d0a1e8da145a31cf3cfaed6b2f.png
21:55:08.310 [Darkroom Processing Line] DEBUG net.serenitybdd.core.photography.DarkroomProcessingLine - Processing screenshot image in /var/screenshots/screenshot-13792549103953950016
21:55:08.310 [Darkroom Processing Line] DEBUG net.serenitybdd.core.photography.DarkroomProcessingLine - Saving screenshot to target\site\serenity\2d53c03e156ba57ddbfad7ae6969afca32a475d0a1e8da145a31cf3cfaed6b2f.png
21:55:08.321 [AsyncHttpClient-1-3] DEBUG org.asynchttpclient.netty.handler.WebSocketHandler - Channel Closed: [id: 0x13429966, L:/127.0.0.1:52256 ! R:localhost/127.0.0.1:52248] with attribute NettyResponseFuture{currentRetry=5,
	isDone=1,
	isCancelled=0,
	asyncHandler=org.asynchttpclient.ws.WebSocketUpgradeHandler@15ac3329,
	nettyRequest=org.asynchttpclient.netty.request.NettyRequest@3aef36c2,
	future=java.util.concurrent.CompletableFuture@4e6f8973[Completed normally],
	uri=ws://localhost:52248/devtools/browser/513489fd-1b56-412a-a79e-fecf0b6b6dcb,
	keepAlive=true,
	redirectCount=0,
	timeoutsHolder=null,
	inAuth=0,
	touch=1667573703711}
21:55:08.321 [AsyncHttpClient-1-3] DEBUG org.asynchttpclient.netty.channel.ChannelManager - Closing Channel [id: 0x13429966, L:/127.0.0.1:52256 ! R:localhost/127.0.0.1:52248] 
21:55:08.322 [Driver Command Executor] DEBUG org.asynchttpclient.netty.request.NettyRequestSender - Using pooled Channel '[id: 0x7883a262, L:/127.0.0.1:52247 - R:localhost/127.0.0.1:54518]' for 'DELETE' to 'http://localhost:54518/session/66c3a2aa39bf0705df378dc60d93b7ea'
21:55:08.322 [Driver Command Executor] DEBUG org.asynchttpclient.netty.request.NettyRequestSender - Using open Channel [id: 0x7883a262, L:/127.0.0.1:52247 - R:localhost/127.0.0.1:54518] for DELETE '/session/66c3a2aa39bf0705df378dc60d93b7ea'
21:55:08.376 [AsyncHttpClient-1-1] DEBUG org.asynchttpclient.netty.channel.DefaultChannelPool - Entry count for : http://localhost:52248 : 1
21:55:08.485 [AsyncHttpClient-1-2] DEBUG org.asynchttpclient.netty.handler.HttpHandler - Unexpected I/O exception on channel [id: 0x67414812, L:/127.0.0.1:52255 - R:localhost/127.0.0.1:52248]
java.io.IOException: An existing connection was forcibly closed by the remote host
	at java.base/sun.nio.ch.SocketDispatcher.read0(Native Method)
	at java.base/sun.nio.ch.SocketDispatcher.read(SocketDispatcher.java:43)
	at java.base/sun.nio.ch.IOUtil.readIntoNativeBuffer(IOUtil.java:276)
	at java.base/sun.nio.ch.IOUtil.read(IOUtil.java:233)
	at java.base/sun.nio.ch.IOUtil.read(IOUtil.java:223)
	at java.base/sun.nio.ch.SocketChannelImpl.read(SocketChannelImpl.java:358)
	at io.netty.buffer.PooledByteBuf.setBytes(PooledByteBuf.java:258)
	at io.netty.buffer.AbstractByteBuf.writeBytes(AbstractByteBuf.java:1132)
	at io.netty.channel.socket.nio.NioSocketChannel.doReadBytes(NioSocketChannel.java:350)
	at io.netty.channel.nio.AbstractNioByteChannel$NioByteUnsafe.read(AbstractNioByteChannel.java:151)
	at io.netty.channel.nio.NioEventLoop.processSelectedKey(NioEventLoop.java:722)
	at io.netty.channel.nio.NioEventLoop.processSelectedKeysOptimized(NioEventLoop.java:658)
	at io.netty.channel.nio.NioEventLoop.processSelectedKeys(NioEventLoop.java:584)
	at io.netty.channel.nio.NioEventLoop.run(NioEventLoop.java:496)
	at io.netty.util.concurrent.SingleThreadEventExecutor$4.run(SingleThreadEventExecutor.java:986)
	at io.netty.util.internal.ThreadExecutorMap$2.run(ThreadExecutorMap.java:74)
	at io.netty.util.concurrent.FastThreadLocalRunnable.run(FastThreadLocalRunnable.java:30)
	at java.base/java.lang.Thread.run(Thread.java:834)
21:55:08.485 [AsyncHttpClient-1-2] DEBUG org.asynchttpclient.netty.channel.ChannelManager - Closing Channel [id: 0x67414812, L:/127.0.0.1:52255 - R:localhost/127.0.0.1:52248] 
21:55:08.486 [AsyncHttpClient-1-2] DEBUG org.asynchttpclient.netty.handler.HttpHandler - Channel Closed: [id: 0x67414812, L:/127.0.0.1:52255 ! R:localhost/127.0.0.1:52248] with attribute DISCARD
21:55:08.523 [AsyncHttpClient-1-9] DEBUG org.asynchttpclient.netty.handler.HttpHandler - 

Request DefaultFullHttpRequest(decodeResult: success, version: HTTP/1.1, content: EmptyByteBufBE)
DELETE /session/66c3a2aa39bf0705df378dc60d93b7ea HTTP/1.1
User-Agent: selenium/4.1.2 (java windows)
Content-Type: application/json; charset=utf-8
host: localhost:54518
accept: */*

Response DefaultHttpResponse(decodeResult: success, version: HTTP/1.1)
HTTP/1.1 200 OK
Content-Type: application/json; charset=utf-8
cache-control: no-cache
content-length: 14

21:55:08.523 [AsyncHttpClient-1-9] DEBUG org.asynchttpclient.netty.channel.ChannelManager - Adding key: http://localhost:54518 for channel [id: 0x7883a262, L:/127.0.0.1:52247 - R:localhost/127.0.0.1:54518]
21:55:08.628 [AsyncHttpClient-1-9] DEBUG org.asynchttpclient.netty.handler.HttpHandler - Channel Closed: [id: 0x7883a262, L:/127.0.0.1:52247 ! R:localhost/127.0.0.1:54518] with attribute DISCARD
]]></system-out>
    <system-err><![CDATA[Starting ChromeDriver 106.0.5249.61 (511755355844955cd3e264779baf0dd38212a4d0-refs/branch-heads/5249@{#569}) on port 54518
Only local connections are allowed.
Please see https://chromedriver.chromium.org/security-considerations for suggestions on keeping ChromeDriver safe.
ChromeDriver was started successfully.
[1667573703.411][WARNING]: This version of ChromeDriver has not been tested with Chrome version 107.
Nov 04, 2022 9:55:03 PM org.openqa.selenium.remote.ProtocolHandshake createSession
INFO: Detected dialect: W3C
Nov 04, 2022 9:55:03 PM org.openqa.selenium.devtools.CdpVersionFinder findNearestMatch
WARNING: Unable to find an exact match for CDP version 107, so returning the closest version found: a no-op implementation
Nov 04, 2022 9:55:03 PM org.openqa.selenium.devtools.CdpVersionFinder findNearestMatch
INFO: Unable to find CDP implementation matching 107.
Nov 04, 2022 9:55:03 PM org.openqa.selenium.chromium.ChromiumDriver lambda$new$3
WARNING: Unable to find version of CDP to use for . You may need to include a dependency on a specific version of the CDP using something similar to `org.seleniumhq.selenium:selenium-devtools-v86:4.1.2` where the version ("v86") matches the version of the chromium-based browser you're using and the version number of the artifact is the same as Selenium's.
]]></system-err>
  </testcase>
  <testcase name="Success logout" classname="Logout" time="10.925">
    <system-out><![CDATA[21:55:08.693 [main] INFO io.cucumber.core.plugin.SerenityReporter - Running feature from file:///C:/Users/ACER/Documents/Mini_Proyek/test-web/src/test/resources/features/Logout.feature
21:55:08.700 [main] DEBUG net.thucydides.core.steps.StepEventBus - Test suite started for story net.thucydides.core.model.Story@7960de68
21:55:08.701 [main] INFO  - Test Suite Started: Logout

@Logouts @Logout
Scenario: Success logout            &amp#27;[90m# src/test/resources/features/Logout.feature:8&amp#27;[0m
21:55:08.727 [main] INFO io.cucumber.core.plugin.SerenityReporter - Running feature from file:///C:/Users/ACER/Documents/Mini_Proyek/test-web/src/test/resources/features/Logout.feature
21:55:08.731 [main] INFO  - 
  _____   ___   ___   _____     ___   _____     _     ___   _____   ___   ___  
 |_   _| | __| / __| |_   _|   / __| |_   _|   /_\   | _ \ |_   _| | __| |   \ 
   | |   | _|  \__ \   | |     \__ \   | |    / _ \  |   /   | |   | _|  | |) |
   |_|   |___| |___/   |_|     |___/   |_|   /_/ \_\ |_|_\   |_|   |___| |___/ 

Success logout(logout;success-logout)
--------------------------------------------------------------------------------
21:55:08.812 [main] INFO net.serenitybdd.core.webdriver.driverproviders.ChromeDriverProvider - Using automatically driver download
21:55:09.204 [main] DEBUG io.github.bonigarcia.wdm.cache.ResolutionCache - Resolution chrome=107 in cache (valid until 22:53:45 04/11/2022 ICT)
21:55:09.237 [main] DEBUG io.github.bonigarcia.wdm.cache.ResolutionCache - Resolution chrome107=107.0.5304.62 in cache (valid until 21:53:45 05/11/2022 ICT)
21:55:09.257 [main] INFO io.github.bonigarcia.wdm.WebDriverManager - Using chromedriver 107.0.5304.62 (resolved driver for Chrome 107)
21:55:09.297 [main] DEBUG io.github.bonigarcia.wdm.WebDriverManager - Driver chromedriver 107.0.5304.62 found in cache
21:55:09.298 [main] INFO io.github.bonigarcia.wdm.WebDriverManager - Exporting webdriver.chrome.driver as C:\Users\ACER\.cache\selenium\chromedriver\win32\107.0.5304.62\chromedriver.exe
21:55:09.475 [AsyncHttpClient-1-1] DEBUG org.asynchttpclient.netty.channel.DefaultChannelPool - Entry count for : http://localhost:52248 : 1
21:55:09.475 [AsyncHttpClient-1-1] DEBUG org.asynchttpclient.netty.channel.DefaultChannelPool - Entry count for : http://localhost:54518 : 1
21:55:09.475 [AsyncHttpClient-1-1] DEBUG org.asynchttpclient.netty.channel.DefaultChannelPool - Adding Candidate expired Channel [id: 0x67414812, L:/127.0.0.1:52255 ! R:localhost/127.0.0.1:52248] isIdleTimeoutExpired=false isRemotelyClosed=true isTtlExpired=false
21:55:09.475 [AsyncHttpClient-1-1] DEBUG org.asynchttpclient.netty.channel.DefaultChannelPool - Closing Idle Channel [id: 0x67414812, L:/127.0.0.1:52255 ! R:localhost/127.0.0.1:52248]
21:55:09.475 [AsyncHttpClient-1-1] DEBUG org.asynchttpclient.netty.channel.DefaultChannelPool - Adding Candidate expired Channel [id: 0x7883a262, L:/127.0.0.1:52247 ! R:localhost/127.0.0.1:54518] isIdleTimeoutExpired=false isRemotelyClosed=true isTtlExpired=false
21:55:09.475 [AsyncHttpClient-1-1] DEBUG org.asynchttpclient.netty.channel.DefaultChannelPool - Closing Idle Channel [id: 0x7883a262, L:/127.0.0.1:52247 ! R:localhost/127.0.0.1:54518]
21:55:09.475 [AsyncHttpClient-1-1] DEBUG org.asynchttpclient.netty.channel.DefaultChannelPool - Closed 2 connections out of 2 in 0 ms
21:55:10.976 [main] DEBUG net.serenitybdd.core.webdriver.driverproviders.ProvideNewDriver - Instantiating driver
21:55:10.976 [main] DEBUG net.serenitybdd.core.webdriver.driverproviders.ProvideNewDriver - Driver capabilities: Capabilities {acceptInsecureCerts: false, base.url: https://alta-shop.vercel.app, browserName: chrome, chrome.driver: src/test/resources/webdrive..., driver: chrome, goog:chromeOptions: {args: [], extensions: []}, wait.for.timeout: 15000}
21:55:11.233 [AsyncHttpClient-1-4] DEBUG org.asynchttpclient.netty.channel.NettyConnectListener - Using new Channel '[id: 0xf45dc98b, L:/127.0.0.1:52272 - R:localhost/127.0.0.1:53174]' for 'POST' to '/session'
21:55:12.569 [AsyncHttpClient-1-4] DEBUG org.asynchttpclient.netty.handler.HttpHandler - 

Request DefaultHttpRequest(decodeResult: success, version: HTTP/1.1)
POST /session HTTP/1.1
User-Agent: selenium/4.1.2 (java windows)
Content-Length: 640
Content-Type: application/json; charset=utf-8
host: localhost:53174
accept: */*

Response DefaultHttpResponse(decodeResult: success, version: HTTP/1.1)
HTTP/1.1 200 OK
Content-Type: application/json; charset=utf-8
cache-control: no-cache
content-length: 787

21:55:12.569 [AsyncHttpClient-1-4] DEBUG org.asynchttpclient.netty.channel.ChannelManager - Adding key: http://localhost:53174 for channel [id: 0xf45dc98b, L:/127.0.0.1:52272 - R:localhost/127.0.0.1:53174]
21:55:12.583 [AsyncHttpClient-1-5] DEBUG org.asynchttpclient.netty.channel.NettyConnectListener - Using new Channel '[id: 0xc4471ca5, L:/127.0.0.1:52280 - R:localhost/127.0.0.1:52273]' for 'GET' to '/json/version'
21:55:12.584 [AsyncHttpClient-1-5] DEBUG org.asynchttpclient.netty.handler.HttpHandler - 

Request DefaultFullHttpRequest(decodeResult: success, version: HTTP/1.1, content: EmptyByteBufBE)
GET /json/version HTTP/1.1
User-Agent: selenium/4.1.2 (java windows)
host: localhost:52273
accept: */*

Response DefaultHttpResponse(decodeResult: success, version: HTTP/1.1)
HTTP/1.1 200 OK
Content-Type: application/json; charset=UTF-8
content-length: 423

21:55:12.585 [AsyncHttpClient-1-5] DEBUG org.asynchttpclient.netty.channel.ChannelManager - Adding key: http://localhost:52273 for channel [id: 0xc4471ca5, L:/127.0.0.1:52280 - R:localhost/127.0.0.1:52273]
21:55:12.592 [AsyncHttpClient-1-6] DEBUG org.asynchttpclient.netty.channel.NettyConnectListener - Using new Channel '[id: 0xe824ba64, L:/127.0.0.1:52281 - R:localhost/127.0.0.1:52273]' for 'GET' to '/devtools/browser/d85cf300-6b6b-4e0d-9b85-3605d1bb7996'
21:55:12.594 [AsyncHttpClient-1-6] DEBUG org.asynchttpclient.netty.handler.WebSocketHandler - 

Request DefaultFullHttpRequest(decodeResult: success, version: HTTP/1.1, content: EmptyByteBufBE)
GET /devtools/browser/d85cf300-6b6b-4e0d-9b85-3605d1bb7996 HTTP/1.1
upgrade: websocket
connection: upgrade
sec-websocket-key: 1zbHOku0BFfxpLtDkQs9kw==
sec-websocket-version: 13
origin: http://localhost:52273
host: localhost:52273
accept: */*
user-agent: AHC/2.1

Response DefaultHttpResponse(decodeResult: success, version: HTTP/1.1)
HTTP/1.1 101 WebSocket Protocol Handshake
Upgrade: WebSocket
Connection: Upgrade
Sec-WebSocket-Accept: ab72Udf5qW0f1L/Mx0fl4uaPPUE=

21:55:12.608 [Forwarding get on session f200f1effccccf2c67cd81feae8717a6 to remote] DEBUG org.asynchttpclient.netty.request.NettyRequestSender - Using pooled Channel '[id: 0xf45dc98b, L:/127.0.0.1:52272 - R:localhost/127.0.0.1:53174]' for 'POST' to 'http://localhost:53174/session/f200f1effccccf2c67cd81feae8717a6/url'
21:55:12.609 [Forwarding get on session f200f1effccccf2c67cd81feae8717a6 to remote] DEBUG org.asynchttpclient.netty.request.NettyRequestSender - Using open Channel [id: 0xf45dc98b, L:/127.0.0.1:52272 - R:localhost/127.0.0.1:53174] for POST '/session/f200f1effccccf2c67cd81feae8717a6/url'
21:55:13.107 [AsyncHttpClient-1-1] DEBUG org.asynchttpclient.netty.channel.DefaultChannelPool - Entry count for : http://localhost:52273 : 1
21:55:13.920 [AsyncHttpClient-1-4] DEBUG org.asynchttpclient.netty.handler.HttpHandler - 

Request DefaultHttpRequest(decodeResult: success, version: HTTP/1.1)
POST /session/f200f1effccccf2c67cd81feae8717a6/url HTTP/1.1
User-Agent: selenium/4.1.2 (java windows)
Content-Length: 59
Content-Type: application/json; charset=utf-8
host: localhost:53174
accept: */*

Response DefaultHttpResponse(decodeResult: success, version: HTTP/1.1)
HTTP/1.1 200 OK
Content-Type: application/json; charset=utf-8
cache-control: no-cache
content-length: 14

21:55:13.920 [AsyncHttpClient-1-4] DEBUG org.asynchttpclient.netty.channel.ChannelManager - Adding key: http://localhost:53174 for channel [id: 0xf45dc98b, L:/127.0.0.1:52272 - R:localhost/127.0.0.1:53174]
21:55:13.928 [Forwarding setTimeout on session f200f1effccccf2c67cd81feae8717a6 to remote] DEBUG org.asynchttpclient.netty.request.NettyRequestSender - Using pooled Channel '[id: 0xf45dc98b, L:/127.0.0.1:52272 - R:localhost/127.0.0.1:53174]' for 'POST' to 'http://localhost:53174/session/f200f1effccccf2c67cd81feae8717a6/timeouts'
21:55:13.928 [Forwarding setTimeout on session f200f1effccccf2c67cd81feae8717a6 to remote] DEBUG org.asynchttpclient.netty.request.NettyRequestSender - Using open Channel [id: 0xf45dc98b, L:/127.0.0.1:52272 - R:localhost/127.0.0.1:53174] for POST '/session/f200f1effccccf2c67cd81feae8717a6/timeouts'
21:55:13.933 [AsyncHttpClient-1-4] DEBUG org.asynchttpclient.netty.handler.HttpHandler - 

Request DefaultHttpRequest(decodeResult: success, version: HTTP/1.1)
POST /session/f200f1effccccf2c67cd81feae8717a6/timeouts HTTP/1.1
User-Agent: selenium/4.1.2 (java windows)
Content-Length: 22
Content-Type: application/json; charset=utf-8
host: localhost:53174
accept: */*

Response DefaultHttpResponse(decodeResult: success, version: HTTP/1.1)
HTTP/1.1 200 OK
Content-Type: application/json; charset=utf-8
cache-control: no-cache
content-length: 14

21:55:13.933 [AsyncHttpClient-1-4] DEBUG org.asynchttpclient.netty.channel.ChannelManager - Adding key: http://localhost:53174 for channel [id: 0xf45dc98b, L:/127.0.0.1:52272 - R:localhost/127.0.0.1:53174]
21:55:13.940 [Forwarding getCurrentUrl on session f200f1effccccf2c67cd81feae8717a6 to remote] DEBUG org.asynchttpclient.netty.request.NettyRequestSender - Using pooled Channel '[id: 0xf45dc98b, L:/127.0.0.1:52272 - R:localhost/127.0.0.1:53174]' for 'GET' to 'http://localhost:53174/session/f200f1effccccf2c67cd81feae8717a6/url'
21:55:13.941 [Forwarding getCurrentUrl on session f200f1effccccf2c67cd81feae8717a6 to remote] DEBUG org.asynchttpclient.netty.request.NettyRequestSender - Using open Channel [id: 0xf45dc98b, L:/127.0.0.1:52272 - R:localhost/127.0.0.1:53174] for GET '/session/f200f1effccccf2c67cd81feae8717a6/url'
21:55:13.952 [AsyncHttpClient-1-4] DEBUG org.asynchttpclient.netty.handler.HttpHandler - 

Request DefaultFullHttpRequest(decodeResult: success, version: HTTP/1.1, content: EmptyByteBufBE)
GET /session/f200f1effccccf2c67cd81feae8717a6/url HTTP/1.1
User-Agent: selenium/4.1.2 (java windows)
Cache-Control: no-cache
Content-Type: application/json; charset=utf-8
host: localhost:53174
accept: */*

Response DefaultHttpResponse(decodeResult: success, version: HTTP/1.1)
HTTP/1.1 200 OK
Content-Type: application/json; charset=utf-8
cache-control: no-cache
content-length: 41

21:55:13.953 [AsyncHttpClient-1-4] DEBUG org.asynchttpclient.netty.channel.ChannelManager - Adding key: http://localhost:53174 for channel [id: 0xf45dc98b, L:/127.0.0.1:52272 - R:localhost/127.0.0.1:53174]
21:55:13.964 [Forwarding findElement on session f200f1effccccf2c67cd81feae8717a6 to remote] DEBUG org.asynchttpclient.netty.request.NettyRequestSender - Using pooled Channel '[id: 0xf45dc98b, L:/127.0.0.1:52272 - R:localhost/127.0.0.1:53174]' for 'POST' to 'http://localhost:53174/session/f200f1effccccf2c67cd81feae8717a6/element'
21:55:13.965 [Forwarding findElement on session f200f1effccccf2c67cd81feae8717a6 to remote] DEBUG org.asynchttpclient.netty.request.NettyRequestSender - Using open Channel [id: 0xf45dc98b, L:/127.0.0.1:52272 - R:localhost/127.0.0.1:53174] for POST '/session/f200f1effccccf2c67cd81feae8717a6/element'
21:55:14.009 [AsyncHttpClient-1-4] DEBUG org.asynchttpclient.netty.handler.HttpHandler - 

Request DefaultHttpRequest(decodeResult: success, version: HTTP/1.1)
POST /session/f200f1effccccf2c67cd81feae8717a6/element HTTP/1.1
User-Agent: selenium/4.1.2 (java windows)
Content-Length: 97
Content-Type: application/json; charset=utf-8
host: localhost:53174
accept: */*

Response DefaultHttpResponse(decodeResult: success, version: HTTP/1.1)
HTTP/1.1 200 OK
Content-Type: application/json; charset=utf-8
cache-control: no-cache
content-length: 88

21:55:14.010 [AsyncHttpClient-1-4] DEBUG org.asynchttpclient.netty.channel.ChannelManager - Adding key: http://localhost:53174 for channel [id: 0xf45dc98b, L:/127.0.0.1:52272 - R:localhost/127.0.0.1:53174]
21:55:14.014 [Forwarding getElementTagName on session f200f1effccccf2c67cd81feae8717a6 to remote] DEBUG org.asynchttpclient.netty.request.NettyRequestSender - Using pooled Channel '[id: 0xf45dc98b, L:/127.0.0.1:52272 - R:localhost/127.0.0.1:53174]' for 'GET' to 'http://localhost:53174/session/f200f1effccccf2c67cd81feae8717a6/element/cf58a87b-dd4a-44fb-bc98-ea0b4678162e/name'
21:55:14.015 [Forwarding getElementTagName on session f200f1effccccf2c67cd81feae8717a6 to remote] DEBUG org.asynchttpclient.netty.request.NettyRequestSender - Using open Channel [id: 0xf45dc98b, L:/127.0.0.1:52272 - R:localhost/127.0.0.1:53174] for GET '/session/f200f1effccccf2c67cd81feae8717a6/element/cf58a87b-dd4a-44fb-bc98-ea0b4678162e/name'
21:55:14.024 [AsyncHttpClient-1-4] DEBUG org.asynchttpclient.netty.handler.HttpHandler - 

Request DefaultFullHttpRequest(decodeResult: success, version: HTTP/1.1, content: EmptyByteBufBE)
GET /session/f200f1effccccf2c67cd81feae8717a6/element/cf58a87b-dd4a-44fb-bc98-ea0b4678162e/name HTTP/1.1
User-Agent: selenium/4.1.2 (java windows)
Cache-Control: no-cache
Content-Type: application/json; charset=utf-8
host: localhost:53174
accept: */*

Response DefaultHttpResponse(decodeResult: success, version: HTTP/1.1)
HTTP/1.1 200 OK
Content-Type: application/json; charset=utf-8
cache-control: no-cache
content-length: 13

21:55:14.025 [AsyncHttpClient-1-4] DEBUG org.asynchttpclient.netty.channel.ChannelManager - Adding key: http://localhost:53174 for channel [id: 0xf45dc98b, L:/127.0.0.1:52272 - R:localhost/127.0.0.1:53174]
21:55:14.033 [Forwarding getElementTagName on session f200f1effccccf2c67cd81feae8717a6 to remote] DEBUG org.asynchttpclient.netty.request.NettyRequestSender - Using pooled Channel '[id: 0xf45dc98b, L:/127.0.0.1:52272 - R:localhost/127.0.0.1:53174]' for 'GET' to 'http://localhost:53174/session/f200f1effccccf2c67cd81feae8717a6/element/cf58a87b-dd4a-44fb-bc98-ea0b4678162e/name'
21:55:14.033 [Forwarding getElementTagName on session f200f1effccccf2c67cd81feae8717a6 to remote] DEBUG org.asynchttpclient.netty.request.NettyRequestSender - Using open Channel [id: 0xf45dc98b, L:/127.0.0.1:52272 - R:localhost/127.0.0.1:53174] for GET '/session/f200f1effccccf2c67cd81feae8717a6/element/cf58a87b-dd4a-44fb-bc98-ea0b4678162e/name'
21:55:14.042 [AsyncHttpClient-1-4] DEBUG org.asynchttpclient.netty.handler.HttpHandler - 

Request DefaultFullHttpRequest(decodeResult: success, version: HTTP/1.1, content: EmptyByteBufBE)
GET /session/f200f1effccccf2c67cd81feae8717a6/element/cf58a87b-dd4a-44fb-bc98-ea0b4678162e/name HTTP/1.1
User-Agent: selenium/4.1.2 (java windows)
Cache-Control: no-cache
Content-Type: application/json; charset=utf-8
host: localhost:53174
accept: */*

Response DefaultHttpResponse(decodeResult: success, version: HTTP/1.1)
HTTP/1.1 200 OK
Content-Type: application/json; charset=utf-8
cache-control: no-cache
content-length: 13

21:55:14.042 [AsyncHttpClient-1-4] DEBUG org.asynchttpclient.netty.channel.ChannelManager - Adding key: http://localhost:53174 for channel [id: 0xf45dc98b, L:/127.0.0.1:52272 - R:localhost/127.0.0.1:53174]
21:55:14.046 [Forwarding findElement on session f200f1effccccf2c67cd81feae8717a6 to remote] DEBUG org.asynchttpclient.netty.request.NettyRequestSender - Using pooled Channel '[id: 0xf45dc98b, L:/127.0.0.1:52272 - R:localhost/127.0.0.1:53174]' for 'POST' to 'http://localhost:53174/session/f200f1effccccf2c67cd81feae8717a6/element'
21:55:14.046 [Forwarding findElement on session f200f1effccccf2c67cd81feae8717a6 to remote] DEBUG org.asynchttpclient.netty.request.NettyRequestSender - Using open Channel [id: 0xf45dc98b, L:/127.0.0.1:52272 - R:localhost/127.0.0.1:53174] for POST '/session/f200f1effccccf2c67cd81feae8717a6/element'
21:55:14.063 [AsyncHttpClient-1-4] DEBUG org.asynchttpclient.netty.handler.HttpHandler - 

Request DefaultHttpRequest(decodeResult: success, version: HTTP/1.1)
POST /session/f200f1effccccf2c67cd81feae8717a6/element HTTP/1.1
User-Agent: selenium/4.1.2 (java windows)
Content-Length: 97
Content-Type: application/json; charset=utf-8
host: localhost:53174
accept: */*

Response DefaultHttpResponse(decodeResult: success, version: HTTP/1.1)
HTTP/1.1 200 OK
Content-Type: application/json; charset=utf-8
cache-control: no-cache
content-length: 88

21:55:14.063 [AsyncHttpClient-1-4] DEBUG org.asynchttpclient.netty.channel.ChannelManager - Adding key: http://localhost:53174 for channel [id: 0xf45dc98b, L:/127.0.0.1:52272 - R:localhost/127.0.0.1:53174]
21:55:14.066 [Forwarding clickElement on session f200f1effccccf2c67cd81feae8717a6 to remote] DEBUG org.asynchttpclient.netty.request.NettyRequestSender - Using pooled Channel '[id: 0xf45dc98b, L:/127.0.0.1:52272 - R:localhost/127.0.0.1:53174]' for 'POST' to 'http://localhost:53174/session/f200f1effccccf2c67cd81feae8717a6/element/cf58a87b-dd4a-44fb-bc98-ea0b4678162e/click'
21:55:14.066 [Forwarding clickElement on session f200f1effccccf2c67cd81feae8717a6 to remote] DEBUG org.asynchttpclient.netty.request.NettyRequestSender - Using open Channel [id: 0xf45dc98b, L:/127.0.0.1:52272 - R:localhost/127.0.0.1:53174] for POST '/session/f200f1effccccf2c67cd81feae8717a6/element/cf58a87b-dd4a-44fb-bc98-ea0b4678162e/click'
21:55:14.205 [AsyncHttpClient-1-1] DEBUG org.asynchttpclient.netty.channel.DefaultChannelPool - Entry count for : http://localhost:52273 : 1
21:55:14.257 [AsyncHttpClient-1-4] DEBUG org.asynchttpclient.netty.handler.HttpHandler - 

Request DefaultHttpRequest(decodeResult: success, version: HTTP/1.1)
POST /session/f200f1effccccf2c67cd81feae8717a6/element/cf58a87b-dd4a-44fb-bc98-ea0b4678162e/click HTTP/1.1
User-Agent: selenium/4.1.2 (java windows)
Content-Length: 50
Content-Type: application/json; charset=utf-8
host: localhost:53174
accept: */*

Response DefaultHttpResponse(decodeResult: success, version: HTTP/1.1)
HTTP/1.1 200 OK
Content-Type: application/json; charset=utf-8
cache-control: no-cache
content-length: 14

21:55:14.257 [AsyncHttpClient-1-4] DEBUG org.asynchttpclient.netty.channel.ChannelManager - Adding key: http://localhost:53174 for channel [id: 0xf45dc98b, L:/127.0.0.1:52272 - R:localhost/127.0.0.1:53174]
21:55:14.273 [Forwarding findElement on session f200f1effccccf2c67cd81feae8717a6 to remote] DEBUG org.asynchttpclient.netty.request.NettyRequestSender - Using pooled Channel '[id: 0xf45dc98b, L:/127.0.0.1:52272 - R:localhost/127.0.0.1:53174]' for 'POST' to 'http://localhost:53174/session/f200f1effccccf2c67cd81feae8717a6/element'
21:55:14.273 [Forwarding findElement on session f200f1effccccf2c67cd81feae8717a6 to remote] DEBUG org.asynchttpclient.netty.request.NettyRequestSender - Using open Channel [id: 0xf45dc98b, L:/127.0.0.1:52272 - R:localhost/127.0.0.1:53174] for POST '/session/f200f1effccccf2c67cd81feae8717a6/element'
21:55:14.328 [AsyncHttpClient-1-4] DEBUG org.asynchttpclient.netty.handler.HttpHandler - 

Request DefaultHttpRequest(decodeResult: success, version: HTTP/1.1)
POST /session/f200f1effccccf2c67cd81feae8717a6/element HTTP/1.1
User-Agent: selenium/4.1.2 (java windows)
Content-Length: 88
Content-Type: application/json; charset=utf-8
host: localhost:53174
accept: */*

Response DefaultHttpResponse(decodeResult: success, version: HTTP/1.1)
HTTP/1.1 200 OK
Content-Type: application/json; charset=utf-8
cache-control: no-cache
content-length: 88

21:55:14.329 [AsyncHttpClient-1-4] DEBUG org.asynchttpclient.netty.channel.ChannelManager - Adding key: http://localhost:53174 for channel [id: 0xf45dc98b, L:/127.0.0.1:52272 - R:localhost/127.0.0.1:53174]
21:55:14.331 [Forwarding clearElement on session f200f1effccccf2c67cd81feae8717a6 to remote] DEBUG org.asynchttpclient.netty.request.NettyRequestSender - Using pooled Channel '[id: 0xf45dc98b, L:/127.0.0.1:52272 - R:localhost/127.0.0.1:53174]' for 'POST' to 'http://localhost:53174/session/f200f1effccccf2c67cd81feae8717a6/element/152da91a-f889-4aff-9aa9-9d0aaa2806c9/clear'
21:55:14.331 [Forwarding clearElement on session f200f1effccccf2c67cd81feae8717a6 to remote] DEBUG org.asynchttpclient.netty.request.NettyRequestSender - Using open Channel [id: 0xf45dc98b, L:/127.0.0.1:52272 - R:localhost/127.0.0.1:53174] for POST '/session/f200f1effccccf2c67cd81feae8717a6/element/152da91a-f889-4aff-9aa9-9d0aaa2806c9/clear'
21:55:14.497 [AsyncHttpClient-1-4] DEBUG org.asynchttpclient.netty.handler.HttpHandler - 

Request DefaultHttpRequest(decodeResult: success, version: HTTP/1.1)
POST /session/f200f1effccccf2c67cd81feae8717a6/element/152da91a-f889-4aff-9aa9-9d0aaa2806c9/clear HTTP/1.1
User-Agent: selenium/4.1.2 (java windows)
Content-Length: 50
Content-Type: application/json; charset=utf-8
host: localhost:53174
accept: */*

Response DefaultHttpResponse(decodeResult: success, version: HTTP/1.1)
HTTP/1.1 200 OK
Content-Type: application/json; charset=utf-8
cache-control: no-cache
content-length: 14

21:55:14.498 [AsyncHttpClient-1-4] DEBUG org.asynchttpclient.netty.channel.ChannelManager - Adding key: http://localhost:53174 for channel [id: 0xf45dc98b, L:/127.0.0.1:52272 - R:localhost/127.0.0.1:53174]
21:55:14.504 [Forwarding sendKeysToElement on session f200f1effccccf2c67cd81feae8717a6 to remote] DEBUG org.asynchttpclient.netty.request.NettyRequestSender - Using pooled Channel '[id: 0xf45dc98b, L:/127.0.0.1:52272 - R:localhost/127.0.0.1:53174]' for 'POST' to 'http://localhost:53174/session/f200f1effccccf2c67cd81feae8717a6/element/152da91a-f889-4aff-9aa9-9d0aaa2806c9/value'
21:55:14.504 [Forwarding sendKeysToElement on session f200f1effccccf2c67cd81feae8717a6 to remote] DEBUG org.asynchttpclient.netty.request.NettyRequestSender - Using open Channel [id: 0xf45dc98b, L:/127.0.0.1:52272 - R:localhost/127.0.0.1:53174] for POST '/session/f200f1effccccf2c67cd81feae8717a6/element/152da91a-f889-4aff-9aa9-9d0aaa2806c9/value'
21:55:14.687 [AsyncHttpClient-1-4] DEBUG org.asynchttpclient.netty.handler.HttpHandler - 

Request DefaultHttpRequest(decodeResult: success, version: HTTP/1.1)
POST /session/f200f1effccccf2c67cd81feae8717a6/element/152da91a-f889-4aff-9aa9-9d0aaa2806c9/value HTTP/1.1
User-Agent: selenium/4.1.2 (java windows)
Content-Length: 111
Content-Type: application/json; charset=utf-8
host: localhost:53174
accept: */*

Response DefaultHttpResponse(decodeResult: success, version: HTTP/1.1)
HTTP/1.1 200 OK
Content-Type: application/json; charset=utf-8
cache-control: no-cache
content-length: 14

21:55:14.688 [AsyncHttpClient-1-4] DEBUG org.asynchttpclient.netty.channel.ChannelManager - Adding key: http://localhost:53174 for channel [id: 0xf45dc98b, L:/127.0.0.1:52272 - R:localhost/127.0.0.1:53174]
21:55:14.698 [Forwarding findElement on session f200f1effccccf2c67cd81feae8717a6 to remote] DEBUG org.asynchttpclient.netty.request.NettyRequestSender - Using pooled Channel '[id: 0xf45dc98b, L:/127.0.0.1:52272 - R:localhost/127.0.0.1:53174]' for 'POST' to 'http://localhost:53174/session/f200f1effccccf2c67cd81feae8717a6/element'
21:55:14.698 [Forwarding findElement on session f200f1effccccf2c67cd81feae8717a6 to remote] DEBUG org.asynchttpclient.netty.request.NettyRequestSender - Using open Channel [id: 0xf45dc98b, L:/127.0.0.1:52272 - R:localhost/127.0.0.1:53174] for POST '/session/f200f1effccccf2c67cd81feae8717a6/element'
21:55:14.730 [AsyncHttpClient-1-4] DEBUG org.asynchttpclient.netty.handler.HttpHandler - 

Request DefaultHttpRequest(decodeResult: success, version: HTTP/1.1)
POST /session/f200f1effccccf2c67cd81feae8717a6/element HTTP/1.1
User-Agent: selenium/4.1.2 (java windows)
Content-Length: 97
Content-Type: application/json; charset=utf-8
host: localhost:53174
accept: */*

Response DefaultHttpResponse(decodeResult: success, version: HTTP/1.1)
HTTP/1.1 200 OK
Content-Type: application/json; charset=utf-8
cache-control: no-cache
content-length: 88

21:55:14.730 [AsyncHttpClient-1-4] DEBUG org.asynchttpclient.netty.channel.ChannelManager - Adding key: http://localhost:53174 for channel [id: 0xf45dc98b, L:/127.0.0.1:52272 - R:localhost/127.0.0.1:53174]
21:55:14.733 [Forwarding clearElement on session f200f1effccccf2c67cd81feae8717a6 to remote] DEBUG org.asynchttpclient.netty.request.NettyRequestSender - Using pooled Channel '[id: 0xf45dc98b, L:/127.0.0.1:52272 - R:localhost/127.0.0.1:53174]' for 'POST' to 'http://localhost:53174/session/f200f1effccccf2c67cd81feae8717a6/element/a3a01de5-46af-45e2-aeb2-6a5f8d1266a9/clear'
21:55:14.733 [Forwarding clearElement on session f200f1effccccf2c67cd81feae8717a6 to remote] DEBUG org.asynchttpclient.netty.request.NettyRequestSender - Using open Channel [id: 0xf45dc98b, L:/127.0.0.1:52272 - R:localhost/127.0.0.1:53174] for POST '/session/f200f1effccccf2c67cd81feae8717a6/element/a3a01de5-46af-45e2-aeb2-6a5f8d1266a9/clear'
21:55:14.810 [AsyncHttpClient-1-4] DEBUG org.asynchttpclient.netty.handler.HttpHandler - 

Request DefaultHttpRequest(decodeResult: success, version: HTTP/1.1)
POST /session/f200f1effccccf2c67cd81feae8717a6/element/a3a01de5-46af-45e2-aeb2-6a5f8d1266a9/clear HTTP/1.1
User-Agent: selenium/4.1.2 (java windows)
Content-Length: 50
Content-Type: application/json; charset=utf-8
host: localhost:53174
accept: */*

Response DefaultHttpResponse(decodeResult: success, version: HTTP/1.1)
HTTP/1.1 200 OK
Content-Type: application/json; charset=utf-8
cache-control: no-cache
content-length: 14

21:55:14.810 [AsyncHttpClient-1-4] DEBUG org.asynchttpclient.netty.channel.ChannelManager - Adding key: http://localhost:53174 for channel [id: 0xf45dc98b, L:/127.0.0.1:52272 - R:localhost/127.0.0.1:53174]
21:55:14.814 [Forwarding sendKeysToElement on session f200f1effccccf2c67cd81feae8717a6 to remote] DEBUG org.asynchttpclient.netty.request.NettyRequestSender - Using pooled Channel '[id: 0xf45dc98b, L:/127.0.0.1:52272 - R:localhost/127.0.0.1:53174]' for 'POST' to 'http://localhost:53174/session/f200f1effccccf2c67cd81feae8717a6/element/a3a01de5-46af-45e2-aeb2-6a5f8d1266a9/value'
21:55:14.814 [Forwarding sendKeysToElement on session f200f1effccccf2c67cd81feae8717a6 to remote] DEBUG org.asynchttpclient.netty.request.NettyRequestSender - Using open Channel [id: 0xf45dc98b, L:/127.0.0.1:52272 - R:localhost/127.0.0.1:53174] for POST '/session/f200f1effccccf2c67cd81feae8717a6/element/a3a01de5-46af-45e2-aeb2-6a5f8d1266a9/value'
21:55:15.263 [AsyncHttpClient-1-4] DEBUG org.asynchttpclient.netty.handler.HttpHandler - 

Request DefaultHttpRequest(decodeResult: success, version: HTTP/1.1)
POST /session/f200f1effccccf2c67cd81feae8717a6/element/a3a01de5-46af-45e2-aeb2-6a5f8d1266a9/value HTTP/1.1
User-Agent: selenium/4.1.2 (java windows)
Content-Length: 191
Content-Type: application/json; charset=utf-8
host: localhost:53174
accept: */*

Response DefaultHttpResponse(decodeResult: success, version: HTTP/1.1)
HTTP/1.1 200 OK
Content-Type: application/json; charset=utf-8
cache-control: no-cache
content-length: 14

21:55:15.263 [AsyncHttpClient-1-4] DEBUG org.asynchttpclient.netty.channel.ChannelManager - Adding key: http://localhost:53174 for channel [id: 0xf45dc98b, L:/127.0.0.1:52272 - R:localhost/127.0.0.1:53174]
21:55:15.277 [Forwarding findElement on session f200f1effccccf2c67cd81feae8717a6 to remote] DEBUG org.asynchttpclient.netty.request.NettyRequestSender - Using pooled Channel '[id: 0xf45dc98b, L:/127.0.0.1:52272 - R:localhost/127.0.0.1:53174]' for 'POST' to 'http://localhost:53174/session/f200f1effccccf2c67cd81feae8717a6/element'
21:55:15.277 [Forwarding findElement on session f200f1effccccf2c67cd81feae8717a6 to remote] DEBUG org.asynchttpclient.netty.request.NettyRequestSender - Using open Channel [id: 0xf45dc98b, L:/127.0.0.1:52272 - R:localhost/127.0.0.1:53174] for POST '/session/f200f1effccccf2c67cd81feae8717a6/element'
21:55:15.281 [AsyncHttpClient-1-1] DEBUG org.asynchttpclient.netty.channel.DefaultChannelPool - Entry count for : http://localhost:52273 : 1
21:55:15.310 [AsyncHttpClient-1-4] DEBUG org.asynchttpclient.netty.handler.HttpHandler - 

Request DefaultHttpRequest(decodeResult: success, version: HTTP/1.1)
POST /session/f200f1effccccf2c67cd81feae8717a6/element HTTP/1.1
User-Agent: selenium/4.1.2 (java windows)
Content-Length: 83
Content-Type: application/json; charset=utf-8
host: localhost:53174
accept: */*

Response DefaultHttpResponse(decodeResult: success, version: HTTP/1.1)
HTTP/1.1 200 OK
Content-Type: application/json; charset=utf-8
cache-control: no-cache
content-length: 88

21:55:15.311 [AsyncHttpClient-1-4] DEBUG org.asynchttpclient.netty.channel.ChannelManager - Adding key: http://localhost:53174 for channel [id: 0xf45dc98b, L:/127.0.0.1:52272 - R:localhost/127.0.0.1:53174]
21:55:15.313 [Forwarding getElementTagName on session f200f1effccccf2c67cd81feae8717a6 to remote] DEBUG org.asynchttpclient.netty.request.NettyRequestSender - Using pooled Channel '[id: 0xf45dc98b, L:/127.0.0.1:52272 - R:localhost/127.0.0.1:53174]' for 'GET' to 'http://localhost:53174/session/f200f1effccccf2c67cd81feae8717a6/element/ce3364c6-aa45-429f-a05f-135cdcc7e273/name'
21:55:15.313 [Forwarding getElementTagName on session f200f1effccccf2c67cd81feae8717a6 to remote] DEBUG org.asynchttpclient.netty.request.NettyRequestSender - Using open Channel [id: 0xf45dc98b, L:/127.0.0.1:52272 - R:localhost/127.0.0.1:53174] for GET '/session/f200f1effccccf2c67cd81feae8717a6/element/ce3364c6-aa45-429f-a05f-135cdcc7e273/name'
21:55:15.326 [AsyncHttpClient-1-4] DEBUG org.asynchttpclient.netty.handler.HttpHandler - 

Request DefaultFullHttpRequest(decodeResult: success, version: HTTP/1.1, content: EmptyByteBufBE)
GET /session/f200f1effccccf2c67cd81feae8717a6/element/ce3364c6-aa45-429f-a05f-135cdcc7e273/name HTTP/1.1
User-Agent: selenium/4.1.2 (java windows)
Cache-Control: no-cache
Content-Type: application/json; charset=utf-8
host: localhost:53174
accept: */*

Response DefaultHttpResponse(decodeResult: success, version: HTTP/1.1)
HTTP/1.1 200 OK
Content-Type: application/json; charset=utf-8
cache-control: no-cache
content-length: 16

21:55:15.326 [AsyncHttpClient-1-4] DEBUG org.asynchttpclient.netty.channel.ChannelManager - Adding key: http://localhost:53174 for channel [id: 0xf45dc98b, L:/127.0.0.1:52272 - R:localhost/127.0.0.1:53174]
21:55:15.328 [Forwarding getElementTagName on session f200f1effccccf2c67cd81feae8717a6 to remote] DEBUG org.asynchttpclient.netty.request.NettyRequestSender - Using pooled Channel '[id: 0xf45dc98b, L:/127.0.0.1:52272 - R:localhost/127.0.0.1:53174]' for 'GET' to 'http://localhost:53174/session/f200f1effccccf2c67cd81feae8717a6/element/ce3364c6-aa45-429f-a05f-135cdcc7e273/name'
21:55:15.328 [Forwarding getElementTagName on session f200f1effccccf2c67cd81feae8717a6 to remote] DEBUG org.asynchttpclient.netty.request.NettyRequestSender - Using open Channel [id: 0xf45dc98b, L:/127.0.0.1:52272 - R:localhost/127.0.0.1:53174] for GET '/session/f200f1effccccf2c67cd81feae8717a6/element/ce3364c6-aa45-429f-a05f-135cdcc7e273/name'
21:55:15.339 [AsyncHttpClient-1-4] DEBUG org.asynchttpclient.netty.handler.HttpHandler - 

Request DefaultFullHttpRequest(decodeResult: success, version: HTTP/1.1, content: EmptyByteBufBE)
GET /session/f200f1effccccf2c67cd81feae8717a6/element/ce3364c6-aa45-429f-a05f-135cdcc7e273/name HTTP/1.1
User-Agent: selenium/4.1.2 (java windows)
Cache-Control: no-cache
Content-Type: application/json; charset=utf-8
host: localhost:53174
accept: */*

Response DefaultHttpResponse(decodeResult: success, version: HTTP/1.1)
HTTP/1.1 200 OK
Content-Type: application/json; charset=utf-8
cache-control: no-cache
content-length: 16

21:55:15.339 [AsyncHttpClient-1-4] DEBUG org.asynchttpclient.netty.channel.ChannelManager - Adding key: http://localhost:53174 for channel [id: 0xf45dc98b, L:/127.0.0.1:52272 - R:localhost/127.0.0.1:53174]
21:55:15.344 [Forwarding findElement on session f200f1effccccf2c67cd81feae8717a6 to remote] DEBUG org.asynchttpclient.netty.request.NettyRequestSender - Using pooled Channel '[id: 0xf45dc98b, L:/127.0.0.1:52272 - R:localhost/127.0.0.1:53174]' for 'POST' to 'http://localhost:53174/session/f200f1effccccf2c67cd81feae8717a6/element'
21:55:15.344 [Forwarding findElement on session f200f1effccccf2c67cd81feae8717a6 to remote] DEBUG org.asynchttpclient.netty.request.NettyRequestSender - Using open Channel [id: 0xf45dc98b, L:/127.0.0.1:52272 - R:localhost/127.0.0.1:53174] for POST '/session/f200f1effccccf2c67cd81feae8717a6/element'
21:55:15.360 [AsyncHttpClient-1-4] DEBUG org.asynchttpclient.netty.handler.HttpHandler - 

Request DefaultHttpRequest(decodeResult: success, version: HTTP/1.1)
POST /session/f200f1effccccf2c67cd81feae8717a6/element HTTP/1.1
User-Agent: selenium/4.1.2 (java windows)
Content-Length: 83
Content-Type: application/json; charset=utf-8
host: localhost:53174
accept: */*

Response DefaultHttpResponse(decodeResult: success, version: HTTP/1.1)
HTTP/1.1 200 OK
Content-Type: application/json; charset=utf-8
cache-control: no-cache
content-length: 88

21:55:15.360 [AsyncHttpClient-1-4] DEBUG org.asynchttpclient.netty.channel.ChannelManager - Adding key: http://localhost:53174 for channel [id: 0xf45dc98b, L:/127.0.0.1:52272 - R:localhost/127.0.0.1:53174]
21:55:15.362 [Forwarding clickElement on session f200f1effccccf2c67cd81feae8717a6 to remote] DEBUG org.asynchttpclient.netty.request.NettyRequestSender - Using pooled Channel '[id: 0xf45dc98b, L:/127.0.0.1:52272 - R:localhost/127.0.0.1:53174]' for 'POST' to 'http://localhost:53174/session/f200f1effccccf2c67cd81feae8717a6/element/ce3364c6-aa45-429f-a05f-135cdcc7e273/click'
21:55:15.363 [Forwarding clickElement on session f200f1effccccf2c67cd81feae8717a6 to remote] DEBUG org.asynchttpclient.netty.request.NettyRequestSender - Using open Channel [id: 0xf45dc98b, L:/127.0.0.1:52272 - R:localhost/127.0.0.1:53174] for POST '/session/f200f1effccccf2c67cd81feae8717a6/element/ce3364c6-aa45-429f-a05f-135cdcc7e273/click'
21:55:15.472 [AsyncHttpClient-1-4] DEBUG org.asynchttpclient.netty.handler.HttpHandler - 

Request DefaultHttpRequest(decodeResult: success, version: HTTP/1.1)
POST /session/f200f1effccccf2c67cd81feae8717a6/element/ce3364c6-aa45-429f-a05f-135cdcc7e273/click HTTP/1.1
User-Agent: selenium/4.1.2 (java windows)
Content-Length: 50
Content-Type: application/json; charset=utf-8
host: localhost:53174
accept: */*

Response DefaultHttpResponse(decodeResult: success, version: HTTP/1.1)
HTTP/1.1 200 OK
Content-Type: application/json; charset=utf-8
cache-control: no-cache
content-length: 14

21:55:15.472 [AsyncHttpClient-1-4] DEBUG org.asynchttpclient.netty.channel.ChannelManager - Adding key: http://localhost:53174 for channel [id: 0xf45dc98b, L:/127.0.0.1:52272 - R:localhost/127.0.0.1:53174]
21:55:15.480 [Forwarding findElement on session f200f1effccccf2c67cd81feae8717a6 to remote] DEBUG org.asynchttpclient.netty.request.NettyRequestSender - Using pooled Channel '[id: 0xf45dc98b, L:/127.0.0.1:52272 - R:localhost/127.0.0.1:53174]' for 'POST' to 'http://localhost:53174/session/f200f1effccccf2c67cd81feae8717a6/element'
21:55:15.481 [Forwarding findElement on session f200f1effccccf2c67cd81feae8717a6 to remote] DEBUG org.asynchttpclient.netty.request.NettyRequestSender - Using open Channel [id: 0xf45dc98b, L:/127.0.0.1:52272 - R:localhost/127.0.0.1:53174] for POST '/session/f200f1effccccf2c67cd81feae8717a6/element'
21:55:15.518 [AsyncHttpClient-1-4] DEBUG org.asynchttpclient.netty.handler.HttpHandler - 

Request DefaultHttpRequest(decodeResult: success, version: HTTP/1.1)
POST /session/f200f1effccccf2c67cd81feae8717a6/element HTTP/1.1
User-Agent: selenium/4.1.2 (java windows)
Content-Length: 125
Content-Type: application/json; charset=utf-8
host: localhost:53174
accept: */*

Response DefaultHttpResponse(decodeResult: success, version: HTTP/1.1)
HTTP/1.1 200 OK
Content-Type: application/json; charset=utf-8
cache-control: no-cache
content-length: 88

21:55:15.518 [AsyncHttpClient-1-4] DEBUG org.asynchttpclient.netty.channel.ChannelManager - Adding key: http://localhost:53174 for channel [id: 0xf45dc98b, L:/127.0.0.1:52272 - R:localhost/127.0.0.1:53174]
21:55:15.528 [Forwarding isElementDisplayed on session f200f1effccccf2c67cd81feae8717a6 to remote] DEBUG org.asynchttpclient.netty.request.NettyRequestSender - Using pooled Channel '[id: 0xf45dc98b, L:/127.0.0.1:52272 - R:localhost/127.0.0.1:53174]' for 'POST' to 'http://localhost:53174/session/f200f1effccccf2c67cd81feae8717a6/execute/sync'
21:55:15.528 [Forwarding isElementDisplayed on session f200f1effccccf2c67cd81feae8717a6 to remote] DEBUG org.asynchttpclient.netty.request.NettyRequestSender - Using open Channel [id: 0xf45dc98b, L:/127.0.0.1:52272 - R:localhost/127.0.0.1:53174] for POST '/session/f200f1effccccf2c67cd81feae8717a6/execute/sync'
21:55:15.575 [AsyncHttpClient-1-4] DEBUG org.asynchttpclient.netty.handler.HttpHandler - 

Request DefaultHttpRequest(decodeResult: success, version: HTTP/1.1)
POST /session/f200f1effccccf2c67cd81feae8717a6/execute/sync HTTP/1.1
User-Agent: selenium/4.1.2 (java windows)
Content-Length: 48780
Content-Type: application/json; charset=utf-8
host: localhost:53174
accept: */*

Response DefaultHttpResponse(decodeResult: success, version: HTTP/1.1)
HTTP/1.1 200 OK
Content-Type: application/json; charset=utf-8
cache-control: no-cache
content-length: 14

21:55:15.575 [AsyncHttpClient-1-4] DEBUG org.asynchttpclient.netty.channel.ChannelManager - Adding key: http://localhost:53174 for channel [id: 0xf45dc98b, L:/127.0.0.1:52272 - R:localhost/127.0.0.1:53174]
  &amp#27;[32mGiven &amp#27;[0m&amp#27;[32mI have logged in&amp#27;[0m            &amp#27;[90m# starter.stepdefinitions.LogoutSteps.iHaveLoggedIn()&amp#27;[0m
21:55:15.590 [main] DEBUG net.serenitybdd.core.photography.Darkroom - Opening darkroom
21:55:15.591 [Forwarding screenshot on session f200f1effccccf2c67cd81feae8717a6 to remote] DEBUG org.asynchttpclient.netty.request.NettyRequestSender - Using pooled Channel '[id: 0xf45dc98b, L:/127.0.0.1:52272 - R:localhost/127.0.0.1:53174]' for 'GET' to 'http://localhost:53174/session/f200f1effccccf2c67cd81feae8717a6/screenshot'
21:55:15.592 [Forwarding screenshot on session f200f1effccccf2c67cd81feae8717a6 to remote] DEBUG org.asynchttpclient.netty.request.NettyRequestSender - Using open Channel [id: 0xf45dc98b, L:/127.0.0.1:52272 - R:localhost/127.0.0.1:53174] for GET '/session/f200f1effccccf2c67cd81feae8717a6/screenshot'
21:55:15.594 [Darkroom Processing Line] DEBUG net.serenitybdd.core.photography.DarkroomProcessingLine - Darkroom processing line starting up
21:55:15.922 [AsyncHttpClient-1-4] DEBUG org.asynchttpclient.netty.handler.HttpHandler - 

Request DefaultFullHttpRequest(decodeResult: success, version: HTTP/1.1, content: EmptyByteBufBE)
GET /session/f200f1effccccf2c67cd81feae8717a6/screenshot HTTP/1.1
User-Agent: selenium/4.1.2 (java windows)
Cache-Control: no-cache
Content-Type: application/json; charset=utf-8
host: localhost:53174
accept: */*

Response DefaultHttpResponse(decodeResult: success, version: HTTP/1.1)
HTTP/1.1 200 OK
Content-Type: application/json; charset=utf-8
cache-control: no-cache
content-length: 25684

21:55:15.924 [AsyncHttpClient-1-4] DEBUG org.asynchttpclient.netty.channel.ChannelManager - Adding key: http://localhost:53174 for channel [id: 0xf45dc98b, L:/127.0.0.1:52272 - R:localhost/127.0.0.1:53174]
21:55:15.926 [main] DEBUG net.serenitybdd.core.photography.Darkroom - Send negative for processing for target\site\serenity\68e93e6563b5cf2681f891d9bd32cc802182e1ecc6504d5ab12147e7d533f684.png
21:55:15.927 [Darkroom Processing Line] DEBUG net.serenitybdd.core.photography.DarkroomProcessingLine - Processing screenshot image in /var/screenshots/screenshot-14089795461433280555
21:55:15.927 [Darkroom Processing Line] DEBUG net.serenitybdd.core.photography.DarkroomProcessingLine - Saving screenshot to target\site\serenity\68e93e6563b5cf2681f891d9bd32cc802182e1ecc6504d5ab12147e7d533f684.png
21:55:15.946 [Forwarding findElement on session f200f1effccccf2c67cd81feae8717a6 to remote] DEBUG org.asynchttpclient.netty.request.NettyRequestSender - Using pooled Channel '[id: 0xf45dc98b, L:/127.0.0.1:52272 - R:localhost/127.0.0.1:53174]' for 'POST' to 'http://localhost:53174/session/f200f1effccccf2c67cd81feae8717a6/element'
21:55:15.946 [Forwarding findElement on session f200f1effccccf2c67cd81feae8717a6 to remote] DEBUG org.asynchttpclient.netty.request.NettyRequestSender - Using open Channel [id: 0xf45dc98b, L:/127.0.0.1:52272 - R:localhost/127.0.0.1:53174] for POST '/session/f200f1effccccf2c67cd81feae8717a6/element'
21:55:16.383 [AsyncHttpClient-1-1] DEBUG org.asynchttpclient.netty.channel.DefaultChannelPool - Entry count for : http://localhost:52273 : 1
21:55:17.485 [AsyncHttpClient-1-1] DEBUG org.asynchttpclient.netty.channel.DefaultChannelPool - Entry count for : http://localhost:52273 : 1
21:55:17.859 [AsyncHttpClient-1-4] DEBUG org.asynchttpclient.netty.handler.HttpHandler - 

Request DefaultHttpRequest(decodeResult: success, version: HTTP/1.1)
POST /session/f200f1effccccf2c67cd81feae8717a6/element HTTP/1.1
User-Agent: selenium/4.1.2 (java windows)
Content-Length: 89
Content-Type: application/json; charset=utf-8
host: localhost:53174
accept: */*

Response DefaultHttpResponse(decodeResult: success, version: HTTP/1.1)
HTTP/1.1 200 OK
Content-Type: application/json; charset=utf-8
cache-control: no-cache
content-length: 88

21:55:17.859 [AsyncHttpClient-1-4] DEBUG org.asynchttpclient.netty.channel.ChannelManager - Adding key: http://localhost:53174 for channel [id: 0xf45dc98b, L:/127.0.0.1:52272 - R:localhost/127.0.0.1:53174]
21:55:17.861 [Forwarding getElementTagName on session f200f1effccccf2c67cd81feae8717a6 to remote] DEBUG org.asynchttpclient.netty.request.NettyRequestSender - Using pooled Channel '[id: 0xf45dc98b, L:/127.0.0.1:52272 - R:localhost/127.0.0.1:53174]' for 'GET' to 'http://localhost:53174/session/f200f1effccccf2c67cd81feae8717a6/element/7dd28894-86b7-4823-a736-994298eadd85/name'
21:55:17.862 [Forwarding getElementTagName on session f200f1effccccf2c67cd81feae8717a6 to remote] DEBUG org.asynchttpclient.netty.request.NettyRequestSender - Using open Channel [id: 0xf45dc98b, L:/127.0.0.1:52272 - R:localhost/127.0.0.1:53174] for GET '/session/f200f1effccccf2c67cd81feae8717a6/element/7dd28894-86b7-4823-a736-994298eadd85/name'
21:55:17.875 [AsyncHttpClient-1-4] DEBUG org.asynchttpclient.netty.handler.HttpHandler - 

Request DefaultFullHttpRequest(decodeResult: success, version: HTTP/1.1, content: EmptyByteBufBE)
GET /session/f200f1effccccf2c67cd81feae8717a6/element/7dd28894-86b7-4823-a736-994298eadd85/name HTTP/1.1
User-Agent: selenium/4.1.2 (java windows)
Cache-Control: no-cache
Content-Type: application/json; charset=utf-8
host: localhost:53174
accept: */*

Response DefaultHttpResponse(decodeResult: success, version: HTTP/1.1)
HTTP/1.1 200 OK
Content-Type: application/json; charset=utf-8
cache-control: no-cache
content-length: 13

21:55:17.875 [AsyncHttpClient-1-4] DEBUG org.asynchttpclient.netty.channel.ChannelManager - Adding key: http://localhost:53174 for channel [id: 0xf45dc98b, L:/127.0.0.1:52272 - R:localhost/127.0.0.1:53174]
21:55:17.877 [Forwarding getElementTagName on session f200f1effccccf2c67cd81feae8717a6 to remote] DEBUG org.asynchttpclient.netty.request.NettyRequestSender - Using pooled Channel '[id: 0xf45dc98b, L:/127.0.0.1:52272 - R:localhost/127.0.0.1:53174]' for 'GET' to 'http://localhost:53174/session/f200f1effccccf2c67cd81feae8717a6/element/7dd28894-86b7-4823-a736-994298eadd85/name'
21:55:17.877 [Forwarding getElementTagName on session f200f1effccccf2c67cd81feae8717a6 to remote] DEBUG org.asynchttpclient.netty.request.NettyRequestSender - Using open Channel [id: 0xf45dc98b, L:/127.0.0.1:52272 - R:localhost/127.0.0.1:53174] for GET '/session/f200f1effccccf2c67cd81feae8717a6/element/7dd28894-86b7-4823-a736-994298eadd85/name'
21:55:17.885 [AsyncHttpClient-1-4] DEBUG org.asynchttpclient.netty.handler.HttpHandler - 

Request DefaultFullHttpRequest(decodeResult: success, version: HTTP/1.1, content: EmptyByteBufBE)
GET /session/f200f1effccccf2c67cd81feae8717a6/element/7dd28894-86b7-4823-a736-994298eadd85/name HTTP/1.1
User-Agent: selenium/4.1.2 (java windows)
Cache-Control: no-cache
Content-Type: application/json; charset=utf-8
host: localhost:53174
accept: */*

Response DefaultHttpResponse(decodeResult: success, version: HTTP/1.1)
HTTP/1.1 200 OK
Content-Type: application/json; charset=utf-8
cache-control: no-cache
content-length: 13

21:55:17.885 [AsyncHttpClient-1-4] DEBUG org.asynchttpclient.netty.channel.ChannelManager - Adding key: http://localhost:53174 for channel [id: 0xf45dc98b, L:/127.0.0.1:52272 - R:localhost/127.0.0.1:53174]
21:55:17.888 [Forwarding findElement on session f200f1effccccf2c67cd81feae8717a6 to remote] DEBUG org.asynchttpclient.netty.request.NettyRequestSender - Using pooled Channel '[id: 0xf45dc98b, L:/127.0.0.1:52272 - R:localhost/127.0.0.1:53174]' for 'POST' to 'http://localhost:53174/session/f200f1effccccf2c67cd81feae8717a6/element'
21:55:17.888 [Forwarding findElement on session f200f1effccccf2c67cd81feae8717a6 to remote] DEBUG org.asynchttpclient.netty.request.NettyRequestSender - Using open Channel [id: 0xf45dc98b, L:/127.0.0.1:52272 - R:localhost/127.0.0.1:53174] for POST '/session/f200f1effccccf2c67cd81feae8717a6/element'
21:55:17.903 [AsyncHttpClient-1-4] DEBUG org.asynchttpclient.netty.handler.HttpHandler - 

Request DefaultHttpRequest(decodeResult: success, version: HTTP/1.1)
POST /session/f200f1effccccf2c67cd81feae8717a6/element HTTP/1.1
User-Agent: selenium/4.1.2 (java windows)
Content-Length: 89
Content-Type: application/json; charset=utf-8
host: localhost:53174
accept: */*

Response DefaultHttpResponse(decodeResult: success, version: HTTP/1.1)
HTTP/1.1 200 OK
Content-Type: application/json; charset=utf-8
cache-control: no-cache
content-length: 88

21:55:17.903 [AsyncHttpClient-1-4] DEBUG org.asynchttpclient.netty.channel.ChannelManager - Adding key: http://localhost:53174 for channel [id: 0xf45dc98b, L:/127.0.0.1:52272 - R:localhost/127.0.0.1:53174]
21:55:17.905 [Forwarding clickElement on session f200f1effccccf2c67cd81feae8717a6 to remote] DEBUG org.asynchttpclient.netty.request.NettyRequestSender - Using pooled Channel '[id: 0xf45dc98b, L:/127.0.0.1:52272 - R:localhost/127.0.0.1:53174]' for 'POST' to 'http://localhost:53174/session/f200f1effccccf2c67cd81feae8717a6/element/7dd28894-86b7-4823-a736-994298eadd85/click'
21:55:17.905 [Forwarding clickElement on session f200f1effccccf2c67cd81feae8717a6 to remote] DEBUG org.asynchttpclient.netty.request.NettyRequestSender - Using open Channel [id: 0xf45dc98b, L:/127.0.0.1:52272 - R:localhost/127.0.0.1:53174] for POST '/session/f200f1effccccf2c67cd81feae8717a6/element/7dd28894-86b7-4823-a736-994298eadd85/click'
21:55:18.023 [AsyncHttpClient-1-4] DEBUG org.asynchttpclient.netty.handler.HttpHandler - 

Request DefaultHttpRequest(decodeResult: success, version: HTTP/1.1)
POST /session/f200f1effccccf2c67cd81feae8717a6/element/7dd28894-86b7-4823-a736-994298eadd85/click HTTP/1.1
User-Agent: selenium/4.1.2 (java windows)
Content-Length: 50
Content-Type: application/json; charset=utf-8
host: localhost:53174
accept: */*

Response DefaultHttpResponse(decodeResult: success, version: HTTP/1.1)
HTTP/1.1 200 OK
Content-Type: application/json; charset=utf-8
cache-control: no-cache
content-length: 14

21:55:18.023 [AsyncHttpClient-1-4] DEBUG org.asynchttpclient.netty.channel.ChannelManager - Adding key: http://localhost:53174 for channel [id: 0xf45dc98b, L:/127.0.0.1:52272 - R:localhost/127.0.0.1:53174]
  &amp#27;[32mWhen &amp#27;[0m&amp#27;[32mI click profile menu&amp#27;[0m         &amp#27;[90m# starter.stepdefinitions.LogoutSteps.iClickProfileMenu()&amp#27;[0m
21:55:18.033 [Forwarding screenshot on session f200f1effccccf2c67cd81feae8717a6 to remote] DEBUG org.asynchttpclient.netty.request.NettyRequestSender - Using pooled Channel '[id: 0xf45dc98b, L:/127.0.0.1:52272 - R:localhost/127.0.0.1:53174]' for 'GET' to 'http://localhost:53174/session/f200f1effccccf2c67cd81feae8717a6/screenshot'
21:55:18.033 [Forwarding screenshot on session f200f1effccccf2c67cd81feae8717a6 to remote] DEBUG org.asynchttpclient.netty.request.NettyRequestSender - Using open Channel [id: 0xf45dc98b, L:/127.0.0.1:52272 - R:localhost/127.0.0.1:53174] for GET '/session/f200f1effccccf2c67cd81feae8717a6/screenshot'
21:55:18.340 [AsyncHttpClient-1-4] DEBUG org.asynchttpclient.netty.handler.HttpHandler - 

Request DefaultFullHttpRequest(decodeResult: success, version: HTTP/1.1, content: EmptyByteBufBE)
GET /session/f200f1effccccf2c67cd81feae8717a6/screenshot HTTP/1.1
User-Agent: selenium/4.1.2 (java windows)
Cache-Control: no-cache
Content-Type: application/json; charset=utf-8
host: localhost:53174
accept: */*

Response DefaultHttpResponse(decodeResult: success, version: HTTP/1.1)
HTTP/1.1 200 OK
Content-Type: application/json; charset=utf-8
cache-control: no-cache
content-length: 35760

21:55:18.341 [AsyncHttpClient-1-4] DEBUG org.asynchttpclient.netty.channel.ChannelManager - Adding key: http://localhost:53174 for channel [id: 0xf45dc98b, L:/127.0.0.1:52272 - R:localhost/127.0.0.1:53174]
21:55:18.343 [main] DEBUG net.serenitybdd.core.photography.Darkroom - Send negative for processing for target\site\serenity\e38ee3c27968088e8bc9687d1e9ee40f2e3f42bd08537ee355ded7ce96877bff.png
21:55:18.344 [Darkroom Processing Line] DEBUG net.serenitybdd.core.photography.DarkroomProcessingLine - Processing screenshot image in /var/screenshots/screenshot-8796735426136415170
21:55:18.344 [Darkroom Processing Line] DEBUG net.serenitybdd.core.photography.DarkroomProcessingLine - Saving screenshot to target\site\serenity\e38ee3c27968088e8bc9687d1e9ee40f2e3f42bd08537ee355ded7ce96877bff.png
21:55:18.362 [Forwarding findElement on session f200f1effccccf2c67cd81feae8717a6 to remote] DEBUG org.asynchttpclient.netty.request.NettyRequestSender - Using pooled Channel '[id: 0xf45dc98b, L:/127.0.0.1:52272 - R:localhost/127.0.0.1:53174]' for 'POST' to 'http://localhost:53174/session/f200f1effccccf2c67cd81feae8717a6/element'
21:55:18.363 [Forwarding findElement on session f200f1effccccf2c67cd81feae8717a6 to remote] DEBUG org.asynchttpclient.netty.request.NettyRequestSender - Using open Channel [id: 0xf45dc98b, L:/127.0.0.1:52272 - R:localhost/127.0.0.1:53174] for POST '/session/f200f1effccccf2c67cd81feae8717a6/element'
21:55:18.394 [AsyncHttpClient-1-4] DEBUG org.asynchttpclient.netty.handler.HttpHandler - 

Request DefaultHttpRequest(decodeResult: success, version: HTTP/1.1)
POST /session/f200f1effccccf2c67cd81feae8717a6/element HTTP/1.1
User-Agent: selenium/4.1.2 (java windows)
Content-Length: 88
Content-Type: application/json; charset=utf-8
host: localhost:53174
accept: */*

Response DefaultHttpResponse(decodeResult: success, version: HTTP/1.1)
HTTP/1.1 200 OK
Content-Type: application/json; charset=utf-8
cache-control: no-cache
content-length: 88

21:55:18.395 [AsyncHttpClient-1-4] DEBUG org.asynchttpclient.netty.channel.ChannelManager - Adding key: http://localhost:53174 for channel [id: 0xf45dc98b, L:/127.0.0.1:52272 - R:localhost/127.0.0.1:53174]
21:55:18.399 [Forwarding getElementTagName on session f200f1effccccf2c67cd81feae8717a6 to remote] DEBUG org.asynchttpclient.netty.request.NettyRequestSender - Using pooled Channel '[id: 0xf45dc98b, L:/127.0.0.1:52272 - R:localhost/127.0.0.1:53174]' for 'GET' to 'http://localhost:53174/session/f200f1effccccf2c67cd81feae8717a6/element/22be0b92-5f37-4e7c-85a6-11dad0d96da6/name'
21:55:18.399 [Forwarding getElementTagName on session f200f1effccccf2c67cd81feae8717a6 to remote] DEBUG org.asynchttpclient.netty.request.NettyRequestSender - Using open Channel [id: 0xf45dc98b, L:/127.0.0.1:52272 - R:localhost/127.0.0.1:53174] for GET '/session/f200f1effccccf2c67cd81feae8717a6/element/22be0b92-5f37-4e7c-85a6-11dad0d96da6/name'
21:55:18.405 [AsyncHttpClient-1-4] DEBUG org.asynchttpclient.netty.handler.HttpHandler - 

Request DefaultFullHttpRequest(decodeResult: success, version: HTTP/1.1, content: EmptyByteBufBE)
GET /session/f200f1effccccf2c67cd81feae8717a6/element/22be0b92-5f37-4e7c-85a6-11dad0d96da6/name HTTP/1.1
User-Agent: selenium/4.1.2 (java windows)
Cache-Control: no-cache
Content-Type: application/json; charset=utf-8
host: localhost:53174
accept: */*

Response DefaultHttpResponse(decodeResult: success, version: HTTP/1.1)
HTTP/1.1 200 OK
Content-Type: application/json; charset=utf-8
cache-control: no-cache
content-length: 13

21:55:18.405 [AsyncHttpClient-1-4] DEBUG org.asynchttpclient.netty.channel.ChannelManager - Adding key: http://localhost:53174 for channel [id: 0xf45dc98b, L:/127.0.0.1:52272 - R:localhost/127.0.0.1:53174]
21:55:18.407 [Forwarding getElementTagName on session f200f1effccccf2c67cd81feae8717a6 to remote] DEBUG org.asynchttpclient.netty.request.NettyRequestSender - Using pooled Channel '[id: 0xf45dc98b, L:/127.0.0.1:52272 - R:localhost/127.0.0.1:53174]' for 'GET' to 'http://localhost:53174/session/f200f1effccccf2c67cd81feae8717a6/element/22be0b92-5f37-4e7c-85a6-11dad0d96da6/name'
21:55:18.407 [Forwarding getElementTagName on session f200f1effccccf2c67cd81feae8717a6 to remote] DEBUG org.asynchttpclient.netty.request.NettyRequestSender - Using open Channel [id: 0xf45dc98b, L:/127.0.0.1:52272 - R:localhost/127.0.0.1:53174] for GET '/session/f200f1effccccf2c67cd81feae8717a6/element/22be0b92-5f37-4e7c-85a6-11dad0d96da6/name'
21:55:18.414 [AsyncHttpClient-1-4] DEBUG org.asynchttpclient.netty.handler.HttpHandler - 

Request DefaultFullHttpRequest(decodeResult: success, version: HTTP/1.1, content: EmptyByteBufBE)
GET /session/f200f1effccccf2c67cd81feae8717a6/element/22be0b92-5f37-4e7c-85a6-11dad0d96da6/name HTTP/1.1
User-Agent: selenium/4.1.2 (java windows)
Cache-Control: no-cache
Content-Type: application/json; charset=utf-8
host: localhost:53174
accept: */*

Response DefaultHttpResponse(decodeResult: success, version: HTTP/1.1)
HTTP/1.1 200 OK
Content-Type: application/json; charset=utf-8
cache-control: no-cache
content-length: 13

21:55:18.415 [AsyncHttpClient-1-4] DEBUG org.asynchttpclient.netty.channel.ChannelManager - Adding key: http://localhost:53174 for channel [id: 0xf45dc98b, L:/127.0.0.1:52272 - R:localhost/127.0.0.1:53174]
21:55:18.419 [Forwarding findElement on session f200f1effccccf2c67cd81feae8717a6 to remote] DEBUG org.asynchttpclient.netty.request.NettyRequestSender - Using pooled Channel '[id: 0xf45dc98b, L:/127.0.0.1:52272 - R:localhost/127.0.0.1:53174]' for 'POST' to 'http://localhost:53174/session/f200f1effccccf2c67cd81feae8717a6/element'
21:55:18.419 [Forwarding findElement on session f200f1effccccf2c67cd81feae8717a6 to remote] DEBUG org.asynchttpclient.netty.request.NettyRequestSender - Using open Channel [id: 0xf45dc98b, L:/127.0.0.1:52272 - R:localhost/127.0.0.1:53174] for POST '/session/f200f1effccccf2c67cd81feae8717a6/element'
21:55:18.429 [AsyncHttpClient-1-4] DEBUG org.asynchttpclient.netty.handler.HttpHandler - 

Request DefaultHttpRequest(decodeResult: success, version: HTTP/1.1)
POST /session/f200f1effccccf2c67cd81feae8717a6/element HTTP/1.1
User-Agent: selenium/4.1.2 (java windows)
Content-Length: 88
Content-Type: application/json; charset=utf-8
host: localhost:53174
accept: */*

Response DefaultHttpResponse(decodeResult: success, version: HTTP/1.1)
HTTP/1.1 200 OK
Content-Type: application/json; charset=utf-8
cache-control: no-cache
content-length: 88

21:55:18.431 [AsyncHttpClient-1-4] DEBUG org.asynchttpclient.netty.channel.ChannelManager - Adding key: http://localhost:53174 for channel [id: 0xf45dc98b, L:/127.0.0.1:52272 - R:localhost/127.0.0.1:53174]
21:55:18.433 [Forwarding clickElement on session f200f1effccccf2c67cd81feae8717a6 to remote] DEBUG org.asynchttpclient.netty.request.NettyRequestSender - Using pooled Channel '[id: 0xf45dc98b, L:/127.0.0.1:52272 - R:localhost/127.0.0.1:53174]' for 'POST' to 'http://localhost:53174/session/f200f1effccccf2c67cd81feae8717a6/element/22be0b92-5f37-4e7c-85a6-11dad0d96da6/click'
21:55:18.434 [Forwarding clickElement on session f200f1effccccf2c67cd81feae8717a6 to remote] DEBUG org.asynchttpclient.netty.request.NettyRequestSender - Using open Channel [id: 0xf45dc98b, L:/127.0.0.1:52272 - R:localhost/127.0.0.1:53174] for POST '/session/f200f1effccccf2c67cd81feae8717a6/element/22be0b92-5f37-4e7c-85a6-11dad0d96da6/click'
21:55:18.557 [AsyncHttpClient-1-4] DEBUG org.asynchttpclient.netty.handler.HttpHandler - 

Request DefaultHttpRequest(decodeResult: success, version: HTTP/1.1)
POST /session/f200f1effccccf2c67cd81feae8717a6/element/22be0b92-5f37-4e7c-85a6-11dad0d96da6/click HTTP/1.1
User-Agent: selenium/4.1.2 (java windows)
Content-Length: 50
Content-Type: application/json; charset=utf-8
host: localhost:53174
accept: */*

Response DefaultHttpResponse(decodeResult: success, version: HTTP/1.1)
HTTP/1.1 200 OK
Content-Type: application/json; charset=utf-8
cache-control: no-cache
content-length: 14

21:55:18.557 [AsyncHttpClient-1-4] DEBUG org.asynchttpclient.netty.channel.ChannelManager - Adding key: http://localhost:53174 for channel [id: 0xf45dc98b, L:/127.0.0.1:52272 - R:localhost/127.0.0.1:53174]
  &amp#27;[32mAnd &amp#27;[0m&amp#27;[32mI click logout button&amp#27;[0m         &amp#27;[90m# starter.stepdefinitions.LogoutSteps.iClickLogoutButton()&amp#27;[0m
21:55:18.569 [Forwarding screenshot on session f200f1effccccf2c67cd81feae8717a6 to remote] DEBUG org.asynchttpclient.netty.request.NettyRequestSender - Using pooled Channel '[id: 0xf45dc98b, L:/127.0.0.1:52272 - R:localhost/127.0.0.1:53174]' for 'GET' to 'http://localhost:53174/session/f200f1effccccf2c67cd81feae8717a6/screenshot'
21:55:18.569 [Forwarding screenshot on session f200f1effccccf2c67cd81feae8717a6 to remote] DEBUG org.asynchttpclient.netty.request.NettyRequestSender - Using open Channel [id: 0xf45dc98b, L:/127.0.0.1:52272 - R:localhost/127.0.0.1:53174] for GET '/session/f200f1effccccf2c67cd81feae8717a6/screenshot'
21:55:18.583 [AsyncHttpClient-1-1] DEBUG org.asynchttpclient.netty.channel.DefaultChannelPool - Entry count for : http://localhost:52273 : 1
21:55:18.707 [AsyncHttpClient-1-4] DEBUG org.asynchttpclient.netty.handler.HttpHandler - 

Request DefaultFullHttpRequest(decodeResult: success, version: HTTP/1.1, content: EmptyByteBufBE)
GET /session/f200f1effccccf2c67cd81feae8717a6/screenshot HTTP/1.1
User-Agent: selenium/4.1.2 (java windows)
Cache-Control: no-cache
Content-Type: application/json; charset=utf-8
host: localhost:53174
accept: */*

Response DefaultHttpResponse(decodeResult: success, version: HTTP/1.1)
HTTP/1.1 200 OK
Content-Type: application/json; charset=utf-8
cache-control: no-cache
content-length: 23020

21:55:18.707 [AsyncHttpClient-1-4] DEBUG org.asynchttpclient.netty.channel.ChannelManager - Adding key: http://localhost:53174 for channel [id: 0xf45dc98b, L:/127.0.0.1:52272 - R:localhost/127.0.0.1:53174]
21:55:18.709 [main] DEBUG net.serenitybdd.core.photography.Darkroom - Send negative for processing for target\site\serenity\6269ce1aff5df554aa8ecf28eb17e398ecc002c104164b1ff1c8e995af0b58a6.png
21:55:18.709 [Darkroom Processing Line] DEBUG net.serenitybdd.core.photography.DarkroomProcessingLine - Processing screenshot image in /var/screenshots/screenshot-11528333002781261906
21:55:18.710 [Darkroom Processing Line] DEBUG net.serenitybdd.core.photography.DarkroomProcessingLine - Saving screenshot to target\site\serenity\6269ce1aff5df554aa8ecf28eb17e398ecc002c104164b1ff1c8e995af0b58a6.png
21:55:18.720 [Forwarding findElement on session f200f1effccccf2c67cd81feae8717a6 to remote] DEBUG org.asynchttpclient.netty.request.NettyRequestSender - Using pooled Channel '[id: 0xf45dc98b, L:/127.0.0.1:52272 - R:localhost/127.0.0.1:53174]' for 'POST' to 'http://localhost:53174/session/f200f1effccccf2c67cd81feae8717a6/element'
21:55:18.720 [Forwarding findElement on session f200f1effccccf2c67cd81feae8717a6 to remote] DEBUG org.asynchttpclient.netty.request.NettyRequestSender - Using open Channel [id: 0xf45dc98b, L:/127.0.0.1:52272 - R:localhost/127.0.0.1:53174] for POST '/session/f200f1effccccf2c67cd81feae8717a6/element'
21:55:18.740 [AsyncHttpClient-1-4] DEBUG org.asynchttpclient.netty.handler.HttpHandler - 

Request DefaultHttpRequest(decodeResult: success, version: HTTP/1.1)
POST /session/f200f1effccccf2c67cd81feae8717a6/element HTTP/1.1
User-Agent: selenium/4.1.2 (java windows)
Content-Length: 76
Content-Type: application/json; charset=utf-8
host: localhost:53174
accept: */*

Response DefaultHttpResponse(decodeResult: success, version: HTTP/1.1)
HTTP/1.1 200 OK
Content-Type: application/json; charset=utf-8
cache-control: no-cache
content-length: 88

21:55:18.740 [AsyncHttpClient-1-4] DEBUG org.asynchttpclient.netty.channel.ChannelManager - Adding key: http://localhost:53174 for channel [id: 0xf45dc98b, L:/127.0.0.1:52272 - R:localhost/127.0.0.1:53174]
21:55:18.748 [Forwarding isElementDisplayed on session f200f1effccccf2c67cd81feae8717a6 to remote] DEBUG org.asynchttpclient.netty.request.NettyRequestSender - Using pooled Channel '[id: 0xf45dc98b, L:/127.0.0.1:52272 - R:localhost/127.0.0.1:53174]' for 'POST' to 'http://localhost:53174/session/f200f1effccccf2c67cd81feae8717a6/execute/sync'
21:55:18.748 [Forwarding isElementDisplayed on session f200f1effccccf2c67cd81feae8717a6 to remote] DEBUG org.asynchttpclient.netty.request.NettyRequestSender - Using open Channel [id: 0xf45dc98b, L:/127.0.0.1:52272 - R:localhost/127.0.0.1:53174] for POST '/session/f200f1effccccf2c67cd81feae8717a6/execute/sync'
21:55:18.785 [AsyncHttpClient-1-4] DEBUG org.asynchttpclient.netty.handler.HttpHandler - 

Request DefaultHttpRequest(decodeResult: success, version: HTTP/1.1)
POST /session/f200f1effccccf2c67cd81feae8717a6/execute/sync HTTP/1.1
User-Agent: selenium/4.1.2 (java windows)
Content-Length: 48780
Content-Type: application/json; charset=utf-8
host: localhost:53174
accept: */*

Response DefaultHttpResponse(decodeResult: success, version: HTTP/1.1)
HTTP/1.1 200 OK
Content-Type: application/json; charset=utf-8
cache-control: no-cache
content-length: 14

21:55:18.786 [AsyncHttpClient-1-4] DEBUG org.asynchttpclient.netty.channel.ChannelManager - Adding key: http://localhost:53174 for channel [id: 0xf45dc98b, L:/127.0.0.1:52272 - R:localhost/127.0.0.1:53174]
  &amp#27;[32mThen &amp#27;[0m&amp#27;[32mI will go back to login page&amp#27;[0m &amp#27;[90m# starter.stepdefinitions.LogoutSteps.iWillGoBackToLoginPage()&amp#27;[0m
21:55:18.793 [Forwarding screenshot on session f200f1effccccf2c67cd81feae8717a6 to remote] DEBUG org.asynchttpclient.netty.request.NettyRequestSender - Using pooled Channel '[id: 0xf45dc98b, L:/127.0.0.1:52272 - R:localhost/127.0.0.1:53174]' for 'GET' to 'http://localhost:53174/session/f200f1effccccf2c67cd81feae8717a6/screenshot'
21:55:18.793 [Forwarding screenshot on session f200f1effccccf2c67cd81feae8717a6 to remote] DEBUG org.asynchttpclient.netty.request.NettyRequestSender - Using open Channel [id: 0xf45dc98b, L:/127.0.0.1:52272 - R:localhost/127.0.0.1:53174] for GET '/session/f200f1effccccf2c67cd81feae8717a6/screenshot'
21:55:18.923 [AsyncHttpClient-1-4] DEBUG org.asynchttpclient.netty.handler.HttpHandler - 

Request DefaultFullHttpRequest(decodeResult: success, version: HTTP/1.1, content: EmptyByteBufBE)
GET /session/f200f1effccccf2c67cd81feae8717a6/screenshot HTTP/1.1
User-Agent: selenium/4.1.2 (java windows)
Cache-Control: no-cache
Content-Type: application/json; charset=utf-8
host: localhost:53174
accept: */*

Response DefaultHttpResponse(decodeResult: success, version: HTTP/1.1)
HTTP/1.1 200 OK
Content-Type: application/json; charset=utf-8
cache-control: no-cache
content-length: 23020

21:55:18.923 [AsyncHttpClient-1-4] DEBUG org.asynchttpclient.netty.channel.ChannelManager - Adding key: http://localhost:53174 for channel [id: 0xf45dc98b, L:/127.0.0.1:52272 - R:localhost/127.0.0.1:53174]
21:55:18.925 [main] DEBUG net.serenitybdd.core.photography.Darkroom - Send negative for processing for target\site\serenity\6269ce1aff5df554aa8ecf28eb17e398ecc002c104164b1ff1c8e995af0b58a6.png
21:55:18.927 [main] INFO  - 
  _____   ___   ___   _____     ___     _     ___   ___   ___   ___  
 |_   _| | __| / __| |_   _|   | _ \   /_\   / __| / __| | __| |   \ 
   | |   | _|  \__ \   | |     |  _/  / _ \  \__ \ \__ \ | _|  | |) |
   |_|   |___| |___/   |_|     |_|   /_/ \_\ |___/ |___/ |___| |___/ 

Success logout
----------------------------------------------------------------------
21:55:18.929 [AsyncHttpClient-1-6] DEBUG org.asynchttpclient.netty.handler.WebSocketHandler - Channel Closed: [id: 0xe824ba64, L:/127.0.0.1:52281 ! R:localhost/127.0.0.1:52273] with attribute NettyResponseFuture{currentRetry=5,
	isDone=1,
	isCancelled=0,
	asyncHandler=org.asynchttpclient.ws.WebSocketUpgradeHandler@2ff060d7,
	nettyRequest=org.asynchttpclient.netty.request.NettyRequest@30903b27,
	future=java.util.concurrent.CompletableFuture@7d21a2e7[Completed normally],
	uri=ws://localhost:52273/devtools/browser/d85cf300-6b6b-4e0d-9b85-3605d1bb7996,
	keepAlive=true,
	redirectCount=0,
	timeoutsHolder=null,
	inAuth=0,
	touch=1667573712595}
21:55:18.929 [AsyncHttpClient-1-6] DEBUG org.asynchttpclient.netty.channel.ChannelManager - Closing Channel [id: 0xe824ba64, L:/127.0.0.1:52281 ! R:localhost/127.0.0.1:52273] 
21:55:18.930 [Driver Command Executor] DEBUG org.asynchttpclient.netty.request.NettyRequestSender - Using pooled Channel '[id: 0xf45dc98b, L:/127.0.0.1:52272 - R:localhost/127.0.0.1:53174]' for 'DELETE' to 'http://localhost:53174/session/f200f1effccccf2c67cd81feae8717a6'
21:55:18.930 [Driver Command Executor] DEBUG org.asynchttpclient.netty.request.NettyRequestSender - Using open Channel [id: 0xf45dc98b, L:/127.0.0.1:52272 - R:localhost/127.0.0.1:53174] for DELETE '/session/f200f1effccccf2c67cd81feae8717a6'
21:55:19.077 [AsyncHttpClient-1-5] DEBUG org.asynchttpclient.netty.handler.HttpHandler - Unexpected I/O exception on channel [id: 0xc4471ca5, L:/127.0.0.1:52280 - R:localhost/127.0.0.1:52273]
java.io.IOException: An existing connection was forcibly closed by the remote host
	at java.base/sun.nio.ch.SocketDispatcher.read0(Native Method)
	at java.base/sun.nio.ch.SocketDispatcher.read(SocketDispatcher.java:43)
	at java.base/sun.nio.ch.IOUtil.readIntoNativeBuffer(IOUtil.java:276)
	at java.base/sun.nio.ch.IOUtil.read(IOUtil.java:233)
	at java.base/sun.nio.ch.IOUtil.read(IOUtil.java:223)
	at java.base/sun.nio.ch.SocketChannelImpl.read(SocketChannelImpl.java:358)
	at io.netty.buffer.PooledByteBuf.setBytes(PooledByteBuf.java:258)
	at io.netty.buffer.AbstractByteBuf.writeBytes(AbstractByteBuf.java:1132)
	at io.netty.channel.socket.nio.NioSocketChannel.doReadBytes(NioSocketChannel.java:350)
	at io.netty.channel.nio.AbstractNioByteChannel$NioByteUnsafe.read(AbstractNioByteChannel.java:151)
	at io.netty.channel.nio.NioEventLoop.processSelectedKey(NioEventLoop.java:722)
	at io.netty.channel.nio.NioEventLoop.processSelectedKeysOptimized(NioEventLoop.java:658)
	at io.netty.channel.nio.NioEventLoop.processSelectedKeys(NioEventLoop.java:584)
	at io.netty.channel.nio.NioEventLoop.run(NioEventLoop.java:496)
	at io.netty.util.concurrent.SingleThreadEventExecutor$4.run(SingleThreadEventExecutor.java:986)
	at io.netty.util.internal.ThreadExecutorMap$2.run(ThreadExecutorMap.java:74)
	at io.netty.util.concurrent.FastThreadLocalRunnable.run(FastThreadLocalRunnable.java:30)
	at java.base/java.lang.Thread.run(Thread.java:834)
21:55:19.077 [AsyncHttpClient-1-5] DEBUG org.asynchttpclient.netty.channel.ChannelManager - Closing Channel [id: 0xc4471ca5, L:/127.0.0.1:52280 - R:localhost/127.0.0.1:52273] 
21:55:19.077 [AsyncHttpClient-1-5] DEBUG org.asynchttpclient.netty.handler.HttpHandler - Channel Closed: [id: 0xc4471ca5, L:/127.0.0.1:52280 ! R:localhost/127.0.0.1:52273] with attribute DISCARD
21:55:19.122 [AsyncHttpClient-1-4] DEBUG org.asynchttpclient.netty.handler.HttpHandler - 

Request DefaultFullHttpRequest(decodeResult: success, version: HTTP/1.1, content: EmptyByteBufBE)
DELETE /session/f200f1effccccf2c67cd81feae8717a6 HTTP/1.1
User-Agent: selenium/4.1.2 (java windows)
Content-Type: application/json; charset=utf-8
host: localhost:53174
accept: */*

Response DefaultHttpResponse(decodeResult: success, version: HTTP/1.1)
HTTP/1.1 200 OK
Content-Type: application/json; charset=utf-8
cache-control: no-cache
content-length: 14

21:55:19.123 [AsyncHttpClient-1-4] DEBUG org.asynchttpclient.netty.channel.ChannelManager - Adding key: http://localhost:53174 for channel [id: 0xf45dc98b, L:/127.0.0.1:52272 - R:localhost/127.0.0.1:53174]
21:55:19.487 [AsyncHttpClient-1-4] DEBUG org.asynchttpclient.netty.handler.HttpHandler - Channel Closed: [id: 0xf45dc98b, L:/127.0.0.1:52272 ! R:localhost/127.0.0.1:53174] with attribute DISCARD
]]></system-out>
    <system-err><![CDATA[Starting ChromeDriver 106.0.5249.61 (511755355844955cd3e264779baf0dd38212a4d0-refs/branch-heads/5249@{#569}) on port 53174
Only local connections are allowed.
Please see https://chromedriver.chromium.org/security-considerations for suggestions on keeping ChromeDriver safe.
ChromeDriver was started successfully.
[1667573712.245][WARNING]: This version of ChromeDriver has not been tested with Chrome version 107.
Nov 04, 2022 9:55:12 PM org.openqa.selenium.remote.ProtocolHandshake createSession
INFO: Detected dialect: W3C
Nov 04, 2022 9:55:12 PM org.openqa.selenium.devtools.CdpVersionFinder findNearestMatch
WARNING: Unable to find an exact match for CDP version 107, so returning the closest version found: a no-op implementation
Nov 04, 2022 9:55:12 PM org.openqa.selenium.devtools.CdpVersionFinder findNearestMatch
INFO: Unable to find CDP implementation matching 107.
Nov 04, 2022 9:55:12 PM org.openqa.selenium.chromium.ChromiumDriver lambda$new$3
WARNING: Unable to find version of CDP to use for . You may need to include a dependency on a specific version of the CDP using something similar to `org.seleniumhq.selenium:selenium-devtools-v86:4.1.2` where the version ("v86") matches the version of the chromium-based browser you're using and the version number of the artifact is the same as Selenium's.
]]></system-err>
  </testcase>
  <testcase name="Order with one phone" classname="Order" time="13.937">
    <system-out><![CDATA[21:55:19.635 [main] INFO io.cucumber.core.plugin.SerenityReporter - Running feature from file:///C:/Users/ACER/Documents/Mini_Proyek/test-web/src/test/resources/features/Order.feature
21:55:19.643 [main] DEBUG net.thucydides.core.steps.StepEventBus - Test suite started for story net.thucydides.core.model.Story@cc4b76a8
21:55:19.644 [main] INFO  - Test Suite Started: Order

@Orders @Order
Scenario: Order with one phone   &amp#27;[90m# src/test/resources/features/Order.feature:8&amp#27;[0m
21:55:19.669 [main] INFO io.cucumber.core.plugin.SerenityReporter - Running feature from file:///C:/Users/ACER/Documents/Mini_Proyek/test-web/src/test/resources/features/Order.feature
21:55:19.673 [main] INFO  - 
  _____   ___   ___   _____     ___   _____     _     ___   _____   ___   ___  
 |_   _| | __| / __| |_   _|   / __| |_   _|   /_\   | _ \ |_   _| | __| |   \ 
   | |   | _|  \__ \   | |     \__ \   | |    / _ \  |   /   | |   | _|  | |) |
   |_|   |___| |___/   |_|     |___/   |_|   /_/ \_\ |_|_\   |_|   |___| |___/ 

Order with one phone(order;order-with-one-phone)
--------------------------------------------------------------------------------
21:55:19.684 [AsyncHttpClient-1-1] DEBUG org.asynchttpclient.netty.channel.DefaultChannelPool - Entry count for : http://localhost:53174 : 1
21:55:19.684 [AsyncHttpClient-1-1] DEBUG org.asynchttpclient.netty.channel.DefaultChannelPool - Entry count for : http://localhost:52273 : 1
21:55:19.684 [AsyncHttpClient-1-1] DEBUG org.asynchttpclient.netty.channel.DefaultChannelPool - Adding Candidate expired Channel [id: 0xf45dc98b, L:/127.0.0.1:52272 ! R:localhost/127.0.0.1:53174] isIdleTimeoutExpired=false isRemotelyClosed=true isTtlExpired=false
21:55:19.685 [AsyncHttpClient-1-1] DEBUG org.asynchttpclient.netty.channel.DefaultChannelPool - Closing Idle Channel [id: 0xf45dc98b, L:/127.0.0.1:52272 ! R:localhost/127.0.0.1:53174]
21:55:19.685 [AsyncHttpClient-1-1] DEBUG org.asynchttpclient.netty.channel.DefaultChannelPool - Adding Candidate expired Channel [id: 0xc4471ca5, L:/127.0.0.1:52280 ! R:localhost/127.0.0.1:52273] isIdleTimeoutExpired=false isRemotelyClosed=true isTtlExpired=false
21:55:19.685 [AsyncHttpClient-1-1] DEBUG org.asynchttpclient.netty.channel.DefaultChannelPool - Closing Idle Channel [id: 0xc4471ca5, L:/127.0.0.1:52280 ! R:localhost/127.0.0.1:52273]
21:55:19.685 [AsyncHttpClient-1-1] DEBUG org.asynchttpclient.netty.channel.DefaultChannelPool - Closed 2 connections out of 2 in 1 ms
21:55:19.851 [main] INFO net.serenitybdd.core.webdriver.driverproviders.ChromeDriverProvider - Using automatically driver download
21:55:21.277 [main] DEBUG io.github.bonigarcia.wdm.cache.ResolutionCache - Resolution chrome=107 in cache (valid until 22:53:45 04/11/2022 ICT)
21:55:21.283 [main] DEBUG io.github.bonigarcia.wdm.cache.ResolutionCache - Resolution chrome107=107.0.5304.62 in cache (valid until 21:53:45 05/11/2022 ICT)
21:55:21.287 [main] INFO io.github.bonigarcia.wdm.WebDriverManager - Using chromedriver 107.0.5304.62 (resolved driver for Chrome 107)
21:55:21.307 [main] DEBUG io.github.bonigarcia.wdm.WebDriverManager - Driver chromedriver 107.0.5304.62 found in cache
21:55:21.308 [main] INFO io.github.bonigarcia.wdm.WebDriverManager - Exporting webdriver.chrome.driver as C:\Users\ACER\.cache\selenium\chromedriver\win32\107.0.5304.62\chromedriver.exe
21:55:21.517 [main] DEBUG net.serenitybdd.core.webdriver.driverproviders.ProvideNewDriver - Instantiating driver
21:55:21.517 [main] DEBUG net.serenitybdd.core.webdriver.driverproviders.ProvideNewDriver - Driver capabilities: Capabilities {acceptInsecureCerts: false, base.url: https://alta-shop.vercel.app, browserName: chrome, chrome.driver: src/test/resources/webdrive..., driver: chrome, goog:chromeOptions: {args: [], extensions: []}, wait.for.timeout: 15000}
21:55:21.648 [AsyncHttpClient-1-7] DEBUG org.asynchttpclient.netty.channel.NettyConnectListener - Using new Channel '[id: 0x2748b8b8, L:/127.0.0.1:52296 - R:localhost/127.0.0.1:58184]' for 'POST' to '/session'
21:55:23.035 [AsyncHttpClient-1-7] DEBUG org.asynchttpclient.netty.handler.HttpHandler - 

Request DefaultHttpRequest(decodeResult: success, version: HTTP/1.1)
POST /session HTTP/1.1
User-Agent: selenium/4.1.2 (java windows)
Content-Length: 640
Content-Type: application/json; charset=utf-8
host: localhost:58184
accept: */*

Response DefaultHttpResponse(decodeResult: success, version: HTTP/1.1)
HTTP/1.1 200 OK
Content-Type: application/json; charset=utf-8
cache-control: no-cache
content-length: 788

21:55:23.035 [AsyncHttpClient-1-7] DEBUG org.asynchttpclient.netty.channel.ChannelManager - Adding key: http://localhost:58184 for channel [id: 0x2748b8b8, L:/127.0.0.1:52296 - R:localhost/127.0.0.1:58184]
21:55:23.049 [AsyncHttpClient-1-8] DEBUG org.asynchttpclient.netty.channel.NettyConnectListener - Using new Channel '[id: 0x6b036d42, L:/127.0.0.1:52303 - R:localhost/127.0.0.1:52297]' for 'GET' to '/json/version'
21:55:23.050 [AsyncHttpClient-1-8] DEBUG org.asynchttpclient.netty.handler.HttpHandler - 

Request DefaultFullHttpRequest(decodeResult: success, version: HTTP/1.1, content: EmptyByteBufBE)
GET /json/version HTTP/1.1
User-Agent: selenium/4.1.2 (java windows)
host: localhost:52297
accept: */*

Response DefaultHttpResponse(decodeResult: success, version: HTTP/1.1)
HTTP/1.1 200 OK
Content-Type: application/json; charset=UTF-8
content-length: 423

21:55:23.050 [AsyncHttpClient-1-8] DEBUG org.asynchttpclient.netty.channel.ChannelManager - Adding key: http://localhost:52297 for channel [id: 0x6b036d42, L:/127.0.0.1:52303 - R:localhost/127.0.0.1:52297]
21:55:23.055 [AsyncHttpClient-1-9] DEBUG org.asynchttpclient.netty.channel.NettyConnectListener - Using new Channel '[id: 0xa57a290b, L:/127.0.0.1:52304 - R:localhost/127.0.0.1:52297]' for 'GET' to '/devtools/browser/edea5857-82ea-43da-b630-a66ae05794e8'
21:55:23.056 [AsyncHttpClient-1-9] DEBUG org.asynchttpclient.netty.handler.WebSocketHandler - 

Request DefaultFullHttpRequest(decodeResult: success, version: HTTP/1.1, content: EmptyByteBufBE)
GET /devtools/browser/edea5857-82ea-43da-b630-a66ae05794e8 HTTP/1.1
upgrade: websocket
connection: upgrade
sec-websocket-key: xG4u82l3yY7xPNqTERxAJQ==
sec-websocket-version: 13
origin: http://localhost:52297
host: localhost:52297
accept: */*
user-agent: AHC/2.1

Response DefaultHttpResponse(decodeResult: success, version: HTTP/1.1)
HTTP/1.1 101 WebSocket Protocol Handshake
Upgrade: WebSocket
Connection: Upgrade
Sec-WebSocket-Accept: 1kxD6Df3GARsO6Nr7qF4E+sOCf0=

21:55:23.066 [Forwarding get on session 988efefc31c01f392208a1d8cbdcda06 to remote] DEBUG org.asynchttpclient.netty.request.NettyRequestSender - Using pooled Channel '[id: 0x2748b8b8, L:/127.0.0.1:52296 - R:localhost/127.0.0.1:58184]' for 'POST' to 'http://localhost:58184/session/988efefc31c01f392208a1d8cbdcda06/url'
21:55:23.066 [Forwarding get on session 988efefc31c01f392208a1d8cbdcda06 to remote] DEBUG org.asynchttpclient.netty.request.NettyRequestSender - Using open Channel [id: 0x2748b8b8, L:/127.0.0.1:52296 - R:localhost/127.0.0.1:58184] for POST '/session/988efefc31c01f392208a1d8cbdcda06/url'
21:55:23.188 [AsyncHttpClient-1-1] DEBUG org.asynchttpclient.netty.channel.DefaultChannelPool - Entry count for : http://localhost:52297 : 1
21:55:24.295 [AsyncHttpClient-1-1] DEBUG org.asynchttpclient.netty.channel.DefaultChannelPool - Entry count for : http://localhost:52297 : 1
21:55:24.568 [AsyncHttpClient-1-7] DEBUG org.asynchttpclient.netty.handler.HttpHandler - 

Request DefaultHttpRequest(decodeResult: success, version: HTTP/1.1)
POST /session/988efefc31c01f392208a1d8cbdcda06/url HTTP/1.1
User-Agent: selenium/4.1.2 (java windows)
Content-Length: 59
Content-Type: application/json; charset=utf-8
host: localhost:58184
accept: */*

Response DefaultHttpResponse(decodeResult: success, version: HTTP/1.1)
HTTP/1.1 200 OK
Content-Type: application/json; charset=utf-8
cache-control: no-cache
content-length: 14

21:55:24.568 [AsyncHttpClient-1-7] DEBUG org.asynchttpclient.netty.channel.ChannelManager - Adding key: http://localhost:58184 for channel [id: 0x2748b8b8, L:/127.0.0.1:52296 - R:localhost/127.0.0.1:58184]
21:55:24.572 [Forwarding setTimeout on session 988efefc31c01f392208a1d8cbdcda06 to remote] DEBUG org.asynchttpclient.netty.request.NettyRequestSender - Using pooled Channel '[id: 0x2748b8b8, L:/127.0.0.1:52296 - R:localhost/127.0.0.1:58184]' for 'POST' to 'http://localhost:58184/session/988efefc31c01f392208a1d8cbdcda06/timeouts'
21:55:24.572 [Forwarding setTimeout on session 988efefc31c01f392208a1d8cbdcda06 to remote] DEBUG org.asynchttpclient.netty.request.NettyRequestSender - Using open Channel [id: 0x2748b8b8, L:/127.0.0.1:52296 - R:localhost/127.0.0.1:58184] for POST '/session/988efefc31c01f392208a1d8cbdcda06/timeouts'
21:55:24.574 [AsyncHttpClient-1-7] DEBUG org.asynchttpclient.netty.handler.HttpHandler - 

Request DefaultHttpRequest(decodeResult: success, version: HTTP/1.1)
POST /session/988efefc31c01f392208a1d8cbdcda06/timeouts HTTP/1.1
User-Agent: selenium/4.1.2 (java windows)
Content-Length: 22
Content-Type: application/json; charset=utf-8
host: localhost:58184
accept: */*

Response DefaultHttpResponse(decodeResult: success, version: HTTP/1.1)
HTTP/1.1 200 OK
Content-Type: application/json; charset=utf-8
cache-control: no-cache
content-length: 14

21:55:24.574 [AsyncHttpClient-1-7] DEBUG org.asynchttpclient.netty.channel.ChannelManager - Adding key: http://localhost:58184 for channel [id: 0x2748b8b8, L:/127.0.0.1:52296 - R:localhost/127.0.0.1:58184]
21:55:24.588 [Forwarding getCurrentUrl on session 988efefc31c01f392208a1d8cbdcda06 to remote] DEBUG org.asynchttpclient.netty.request.NettyRequestSender - Using pooled Channel '[id: 0x2748b8b8, L:/127.0.0.1:52296 - R:localhost/127.0.0.1:58184]' for 'GET' to 'http://localhost:58184/session/988efefc31c01f392208a1d8cbdcda06/url'
21:55:24.588 [Forwarding getCurrentUrl on session 988efefc31c01f392208a1d8cbdcda06 to remote] DEBUG org.asynchttpclient.netty.request.NettyRequestSender - Using open Channel [id: 0x2748b8b8, L:/127.0.0.1:52296 - R:localhost/127.0.0.1:58184] for GET '/session/988efefc31c01f392208a1d8cbdcda06/url'
21:55:24.639 [AsyncHttpClient-1-7] DEBUG org.asynchttpclient.netty.handler.HttpHandler - 

Request DefaultFullHttpRequest(decodeResult: success, version: HTTP/1.1, content: EmptyByteBufBE)
GET /session/988efefc31c01f392208a1d8cbdcda06/url HTTP/1.1
User-Agent: selenium/4.1.2 (java windows)
Cache-Control: no-cache
Content-Type: application/json; charset=utf-8
host: localhost:58184
accept: */*

Response DefaultHttpResponse(decodeResult: success, version: HTTP/1.1)
HTTP/1.1 200 OK
Content-Type: application/json; charset=utf-8
cache-control: no-cache
content-length: 41

21:55:24.639 [AsyncHttpClient-1-7] DEBUG org.asynchttpclient.netty.channel.ChannelManager - Adding key: http://localhost:58184 for channel [id: 0x2748b8b8, L:/127.0.0.1:52296 - R:localhost/127.0.0.1:58184]
21:55:24.650 [Forwarding findElement on session 988efefc31c01f392208a1d8cbdcda06 to remote] DEBUG org.asynchttpclient.netty.request.NettyRequestSender - Using pooled Channel '[id: 0x2748b8b8, L:/127.0.0.1:52296 - R:localhost/127.0.0.1:58184]' for 'POST' to 'http://localhost:58184/session/988efefc31c01f392208a1d8cbdcda06/element'
21:55:24.650 [Forwarding findElement on session 988efefc31c01f392208a1d8cbdcda06 to remote] DEBUG org.asynchttpclient.netty.request.NettyRequestSender - Using open Channel [id: 0x2748b8b8, L:/127.0.0.1:52296 - R:localhost/127.0.0.1:58184] for POST '/session/988efefc31c01f392208a1d8cbdcda06/element'
21:55:24.680 [AsyncHttpClient-1-7] DEBUG org.asynchttpclient.netty.handler.HttpHandler - 

Request DefaultHttpRequest(decodeResult: success, version: HTTP/1.1)
POST /session/988efefc31c01f392208a1d8cbdcda06/element HTTP/1.1
User-Agent: selenium/4.1.2 (java windows)
Content-Length: 97
Content-Type: application/json; charset=utf-8
host: localhost:58184
accept: */*

Response DefaultHttpResponse(decodeResult: success, version: HTTP/1.1)
HTTP/1.1 200 OK
Content-Type: application/json; charset=utf-8
cache-control: no-cache
content-length: 88

21:55:24.681 [AsyncHttpClient-1-7] DEBUG org.asynchttpclient.netty.channel.ChannelManager - Adding key: http://localhost:58184 for channel [id: 0x2748b8b8, L:/127.0.0.1:52296 - R:localhost/127.0.0.1:58184]
21:55:24.683 [Forwarding getElementTagName on session 988efefc31c01f392208a1d8cbdcda06 to remote] DEBUG org.asynchttpclient.netty.request.NettyRequestSender - Using pooled Channel '[id: 0x2748b8b8, L:/127.0.0.1:52296 - R:localhost/127.0.0.1:58184]' for 'GET' to 'http://localhost:58184/session/988efefc31c01f392208a1d8cbdcda06/element/09201b36-229e-4e82-b918-beb569d7ade1/name'
21:55:24.683 [Forwarding getElementTagName on session 988efefc31c01f392208a1d8cbdcda06 to remote] DEBUG org.asynchttpclient.netty.request.NettyRequestSender - Using open Channel [id: 0x2748b8b8, L:/127.0.0.1:52296 - R:localhost/127.0.0.1:58184] for GET '/session/988efefc31c01f392208a1d8cbdcda06/element/09201b36-229e-4e82-b918-beb569d7ade1/name'
21:55:24.692 [AsyncHttpClient-1-7] DEBUG org.asynchttpclient.netty.handler.HttpHandler - 

Request DefaultFullHttpRequest(decodeResult: success, version: HTTP/1.1, content: EmptyByteBufBE)
GET /session/988efefc31c01f392208a1d8cbdcda06/element/09201b36-229e-4e82-b918-beb569d7ade1/name HTTP/1.1
User-Agent: selenium/4.1.2 (java windows)
Cache-Control: no-cache
Content-Type: application/json; charset=utf-8
host: localhost:58184
accept: */*

Response DefaultHttpResponse(decodeResult: success, version: HTTP/1.1)
HTTP/1.1 200 OK
Content-Type: application/json; charset=utf-8
cache-control: no-cache
content-length: 13

21:55:24.692 [AsyncHttpClient-1-7] DEBUG org.asynchttpclient.netty.channel.ChannelManager - Adding key: http://localhost:58184 for channel [id: 0x2748b8b8, L:/127.0.0.1:52296 - R:localhost/127.0.0.1:58184]
21:55:24.696 [Forwarding getElementTagName on session 988efefc31c01f392208a1d8cbdcda06 to remote] DEBUG org.asynchttpclient.netty.request.NettyRequestSender - Using pooled Channel '[id: 0x2748b8b8, L:/127.0.0.1:52296 - R:localhost/127.0.0.1:58184]' for 'GET' to 'http://localhost:58184/session/988efefc31c01f392208a1d8cbdcda06/element/09201b36-229e-4e82-b918-beb569d7ade1/name'
21:55:24.696 [Forwarding getElementTagName on session 988efefc31c01f392208a1d8cbdcda06 to remote] DEBUG org.asynchttpclient.netty.request.NettyRequestSender - Using open Channel [id: 0x2748b8b8, L:/127.0.0.1:52296 - R:localhost/127.0.0.1:58184] for GET '/session/988efefc31c01f392208a1d8cbdcda06/element/09201b36-229e-4e82-b918-beb569d7ade1/name'
21:55:24.703 [AsyncHttpClient-1-7] DEBUG org.asynchttpclient.netty.handler.HttpHandler - 

Request DefaultFullHttpRequest(decodeResult: success, version: HTTP/1.1, content: EmptyByteBufBE)
GET /session/988efefc31c01f392208a1d8cbdcda06/element/09201b36-229e-4e82-b918-beb569d7ade1/name HTTP/1.1
User-Agent: selenium/4.1.2 (java windows)
Cache-Control: no-cache
Content-Type: application/json; charset=utf-8
host: localhost:58184
accept: */*

Response DefaultHttpResponse(decodeResult: success, version: HTTP/1.1)
HTTP/1.1 200 OK
Content-Type: application/json; charset=utf-8
cache-control: no-cache
content-length: 13

21:55:24.703 [AsyncHttpClient-1-7] DEBUG org.asynchttpclient.netty.channel.ChannelManager - Adding key: http://localhost:58184 for channel [id: 0x2748b8b8, L:/127.0.0.1:52296 - R:localhost/127.0.0.1:58184]
21:55:24.707 [Forwarding findElement on session 988efefc31c01f392208a1d8cbdcda06 to remote] DEBUG org.asynchttpclient.netty.request.NettyRequestSender - Using pooled Channel '[id: 0x2748b8b8, L:/127.0.0.1:52296 - R:localhost/127.0.0.1:58184]' for 'POST' to 'http://localhost:58184/session/988efefc31c01f392208a1d8cbdcda06/element'
21:55:24.707 [Forwarding findElement on session 988efefc31c01f392208a1d8cbdcda06 to remote] DEBUG org.asynchttpclient.netty.request.NettyRequestSender - Using open Channel [id: 0x2748b8b8, L:/127.0.0.1:52296 - R:localhost/127.0.0.1:58184] for POST '/session/988efefc31c01f392208a1d8cbdcda06/element'
21:55:24.724 [AsyncHttpClient-1-7] DEBUG org.asynchttpclient.netty.handler.HttpHandler - 

Request DefaultHttpRequest(decodeResult: success, version: HTTP/1.1)
POST /session/988efefc31c01f392208a1d8cbdcda06/element HTTP/1.1
User-Agent: selenium/4.1.2 (java windows)
Content-Length: 97
Content-Type: application/json; charset=utf-8
host: localhost:58184
accept: */*

Response DefaultHttpResponse(decodeResult: success, version: HTTP/1.1)
HTTP/1.1 200 OK
Content-Type: application/json; charset=utf-8
cache-control: no-cache
content-length: 88

21:55:24.725 [AsyncHttpClient-1-7] DEBUG org.asynchttpclient.netty.channel.ChannelManager - Adding key: http://localhost:58184 for channel [id: 0x2748b8b8, L:/127.0.0.1:52296 - R:localhost/127.0.0.1:58184]
21:55:24.727 [Forwarding clickElement on session 988efefc31c01f392208a1d8cbdcda06 to remote] DEBUG org.asynchttpclient.netty.request.NettyRequestSender - Using pooled Channel '[id: 0x2748b8b8, L:/127.0.0.1:52296 - R:localhost/127.0.0.1:58184]' for 'POST' to 'http://localhost:58184/session/988efefc31c01f392208a1d8cbdcda06/element/09201b36-229e-4e82-b918-beb569d7ade1/click'
21:55:24.727 [Forwarding clickElement on session 988efefc31c01f392208a1d8cbdcda06 to remote] DEBUG org.asynchttpclient.netty.request.NettyRequestSender - Using open Channel [id: 0x2748b8b8, L:/127.0.0.1:52296 - R:localhost/127.0.0.1:58184] for POST '/session/988efefc31c01f392208a1d8cbdcda06/element/09201b36-229e-4e82-b918-beb569d7ade1/click'
21:55:24.853 [AsyncHttpClient-1-7] DEBUG org.asynchttpclient.netty.handler.HttpHandler - 

Request DefaultHttpRequest(decodeResult: success, version: HTTP/1.1)
POST /session/988efefc31c01f392208a1d8cbdcda06/element/09201b36-229e-4e82-b918-beb569d7ade1/click HTTP/1.1
User-Agent: selenium/4.1.2 (java windows)
Content-Length: 50
Content-Type: application/json; charset=utf-8
host: localhost:58184
accept: */*

Response DefaultHttpResponse(decodeResult: success, version: HTTP/1.1)
HTTP/1.1 200 OK
Content-Type: application/json; charset=utf-8
cache-control: no-cache
content-length: 14

21:55:24.853 [AsyncHttpClient-1-7] DEBUG org.asynchttpclient.netty.channel.ChannelManager - Adding key: http://localhost:58184 for channel [id: 0x2748b8b8, L:/127.0.0.1:52296 - R:localhost/127.0.0.1:58184]
21:55:24.865 [Forwarding findElement on session 988efefc31c01f392208a1d8cbdcda06 to remote] DEBUG org.asynchttpclient.netty.request.NettyRequestSender - Using pooled Channel '[id: 0x2748b8b8, L:/127.0.0.1:52296 - R:localhost/127.0.0.1:58184]' for 'POST' to 'http://localhost:58184/session/988efefc31c01f392208a1d8cbdcda06/element'
21:55:24.865 [Forwarding findElement on session 988efefc31c01f392208a1d8cbdcda06 to remote] DEBUG org.asynchttpclient.netty.request.NettyRequestSender - Using open Channel [id: 0x2748b8b8, L:/127.0.0.1:52296 - R:localhost/127.0.0.1:58184] for POST '/session/988efefc31c01f392208a1d8cbdcda06/element'
21:55:24.983 [AsyncHttpClient-1-7] DEBUG org.asynchttpclient.netty.handler.HttpHandler - 

Request DefaultHttpRequest(decodeResult: success, version: HTTP/1.1)
POST /session/988efefc31c01f392208a1d8cbdcda06/element HTTP/1.1
User-Agent: selenium/4.1.2 (java windows)
Content-Length: 88
Content-Type: application/json; charset=utf-8
host: localhost:58184
accept: */*

Response DefaultHttpResponse(decodeResult: success, version: HTTP/1.1)
HTTP/1.1 200 OK
Content-Type: application/json; charset=utf-8
cache-control: no-cache
content-length: 88

21:55:24.983 [AsyncHttpClient-1-7] DEBUG org.asynchttpclient.netty.channel.ChannelManager - Adding key: http://localhost:58184 for channel [id: 0x2748b8b8, L:/127.0.0.1:52296 - R:localhost/127.0.0.1:58184]
21:55:24.991 [Forwarding clearElement on session 988efefc31c01f392208a1d8cbdcda06 to remote] DEBUG org.asynchttpclient.netty.request.NettyRequestSender - Using pooled Channel '[id: 0x2748b8b8, L:/127.0.0.1:52296 - R:localhost/127.0.0.1:58184]' for 'POST' to 'http://localhost:58184/session/988efefc31c01f392208a1d8cbdcda06/element/68ad1b35-2060-403a-a881-fc89280e5c1c/clear'
21:55:24.991 [Forwarding clearElement on session 988efefc31c01f392208a1d8cbdcda06 to remote] DEBUG org.asynchttpclient.netty.request.NettyRequestSender - Using open Channel [id: 0x2748b8b8, L:/127.0.0.1:52296 - R:localhost/127.0.0.1:58184] for POST '/session/988efefc31c01f392208a1d8cbdcda06/element/68ad1b35-2060-403a-a881-fc89280e5c1c/clear'
21:55:25.141 [AsyncHttpClient-1-7] DEBUG org.asynchttpclient.netty.handler.HttpHandler - 

Request DefaultHttpRequest(decodeResult: success, version: HTTP/1.1)
POST /session/988efefc31c01f392208a1d8cbdcda06/element/68ad1b35-2060-403a-a881-fc89280e5c1c/clear HTTP/1.1
User-Agent: selenium/4.1.2 (java windows)
Content-Length: 50
Content-Type: application/json; charset=utf-8
host: localhost:58184
accept: */*

Response DefaultHttpResponse(decodeResult: success, version: HTTP/1.1)
HTTP/1.1 200 OK
Content-Type: application/json; charset=utf-8
cache-control: no-cache
content-length: 14

21:55:25.141 [AsyncHttpClient-1-7] DEBUG org.asynchttpclient.netty.channel.ChannelManager - Adding key: http://localhost:58184 for channel [id: 0x2748b8b8, L:/127.0.0.1:52296 - R:localhost/127.0.0.1:58184]
21:55:25.145 [Forwarding sendKeysToElement on session 988efefc31c01f392208a1d8cbdcda06 to remote] DEBUG org.asynchttpclient.netty.request.NettyRequestSender - Using pooled Channel '[id: 0x2748b8b8, L:/127.0.0.1:52296 - R:localhost/127.0.0.1:58184]' for 'POST' to 'http://localhost:58184/session/988efefc31c01f392208a1d8cbdcda06/element/68ad1b35-2060-403a-a881-fc89280e5c1c/value'
21:55:25.145 [Forwarding sendKeysToElement on session 988efefc31c01f392208a1d8cbdcda06 to remote] DEBUG org.asynchttpclient.netty.request.NettyRequestSender - Using open Channel [id: 0x2748b8b8, L:/127.0.0.1:52296 - R:localhost/127.0.0.1:58184] for POST '/session/988efefc31c01f392208a1d8cbdcda06/element/68ad1b35-2060-403a-a881-fc89280e5c1c/value'
21:55:25.380 [AsyncHttpClient-1-1] DEBUG org.asynchttpclient.netty.channel.DefaultChannelPool - Entry count for : http://localhost:52297 : 1
21:55:25.383 [AsyncHttpClient-1-7] DEBUG org.asynchttpclient.netty.handler.HttpHandler - 

Request DefaultHttpRequest(decodeResult: success, version: HTTP/1.1)
POST /session/988efefc31c01f392208a1d8cbdcda06/element/68ad1b35-2060-403a-a881-fc89280e5c1c/value HTTP/1.1
User-Agent: selenium/4.1.2 (java windows)
Content-Length: 111
Content-Type: application/json; charset=utf-8
host: localhost:58184
accept: */*

Response DefaultHttpResponse(decodeResult: success, version: HTTP/1.1)
HTTP/1.1 200 OK
Content-Type: application/json; charset=utf-8
cache-control: no-cache
content-length: 14

21:55:25.383 [AsyncHttpClient-1-7] DEBUG org.asynchttpclient.netty.channel.ChannelManager - Adding key: http://localhost:58184 for channel [id: 0x2748b8b8, L:/127.0.0.1:52296 - R:localhost/127.0.0.1:58184]
21:55:25.401 [Forwarding findElement on session 988efefc31c01f392208a1d8cbdcda06 to remote] DEBUG org.asynchttpclient.netty.request.NettyRequestSender - Using pooled Channel '[id: 0x2748b8b8, L:/127.0.0.1:52296 - R:localhost/127.0.0.1:58184]' for 'POST' to 'http://localhost:58184/session/988efefc31c01f392208a1d8cbdcda06/element'
21:55:25.401 [Forwarding findElement on session 988efefc31c01f392208a1d8cbdcda06 to remote] DEBUG org.asynchttpclient.netty.request.NettyRequestSender - Using open Channel [id: 0x2748b8b8, L:/127.0.0.1:52296 - R:localhost/127.0.0.1:58184] for POST '/session/988efefc31c01f392208a1d8cbdcda06/element'
21:55:25.435 [AsyncHttpClient-1-7] DEBUG org.asynchttpclient.netty.handler.HttpHandler - 

Request DefaultHttpRequest(decodeResult: success, version: HTTP/1.1)
POST /session/988efefc31c01f392208a1d8cbdcda06/element HTTP/1.1
User-Agent: selenium/4.1.2 (java windows)
Content-Length: 97
Content-Type: application/json; charset=utf-8
host: localhost:58184
accept: */*

Response DefaultHttpResponse(decodeResult: success, version: HTTP/1.1)
HTTP/1.1 200 OK
Content-Type: application/json; charset=utf-8
cache-control: no-cache
content-length: 88

21:55:25.435 [AsyncHttpClient-1-7] DEBUG org.asynchttpclient.netty.channel.ChannelManager - Adding key: http://localhost:58184 for channel [id: 0x2748b8b8, L:/127.0.0.1:52296 - R:localhost/127.0.0.1:58184]
21:55:25.437 [Forwarding clearElement on session 988efefc31c01f392208a1d8cbdcda06 to remote] DEBUG org.asynchttpclient.netty.request.NettyRequestSender - Using pooled Channel '[id: 0x2748b8b8, L:/127.0.0.1:52296 - R:localhost/127.0.0.1:58184]' for 'POST' to 'http://localhost:58184/session/988efefc31c01f392208a1d8cbdcda06/element/6fe62918-1b67-484a-a466-0f173ae90d32/clear'
21:55:25.438 [Forwarding clearElement on session 988efefc31c01f392208a1d8cbdcda06 to remote] DEBUG org.asynchttpclient.netty.request.NettyRequestSender - Using open Channel [id: 0x2748b8b8, L:/127.0.0.1:52296 - R:localhost/127.0.0.1:58184] for POST '/session/988efefc31c01f392208a1d8cbdcda06/element/6fe62918-1b67-484a-a466-0f173ae90d32/clear'
21:55:25.559 [AsyncHttpClient-1-7] DEBUG org.asynchttpclient.netty.handler.HttpHandler - 

Request DefaultHttpRequest(decodeResult: success, version: HTTP/1.1)
POST /session/988efefc31c01f392208a1d8cbdcda06/element/6fe62918-1b67-484a-a466-0f173ae90d32/clear HTTP/1.1
User-Agent: selenium/4.1.2 (java windows)
Content-Length: 50
Content-Type: application/json; charset=utf-8
host: localhost:58184
accept: */*

Response DefaultHttpResponse(decodeResult: success, version: HTTP/1.1)
HTTP/1.1 200 OK
Content-Type: application/json; charset=utf-8
cache-control: no-cache
content-length: 14

21:55:25.560 [AsyncHttpClient-1-7] DEBUG org.asynchttpclient.netty.channel.ChannelManager - Adding key: http://localhost:58184 for channel [id: 0x2748b8b8, L:/127.0.0.1:52296 - R:localhost/127.0.0.1:58184]
21:55:25.564 [Forwarding sendKeysToElement on session 988efefc31c01f392208a1d8cbdcda06 to remote] DEBUG org.asynchttpclient.netty.request.NettyRequestSender - Using pooled Channel '[id: 0x2748b8b8, L:/127.0.0.1:52296 - R:localhost/127.0.0.1:58184]' for 'POST' to 'http://localhost:58184/session/988efefc31c01f392208a1d8cbdcda06/element/6fe62918-1b67-484a-a466-0f173ae90d32/value'
21:55:25.564 [Forwarding sendKeysToElement on session 988efefc31c01f392208a1d8cbdcda06 to remote] DEBUG org.asynchttpclient.netty.request.NettyRequestSender - Using open Channel [id: 0x2748b8b8, L:/127.0.0.1:52296 - R:localhost/127.0.0.1:58184] for POST '/session/988efefc31c01f392208a1d8cbdcda06/element/6fe62918-1b67-484a-a466-0f173ae90d32/value'
21:55:26.026 [AsyncHttpClient-1-7] DEBUG org.asynchttpclient.netty.handler.HttpHandler - 

Request DefaultHttpRequest(decodeResult: success, version: HTTP/1.1)
POST /session/988efefc31c01f392208a1d8cbdcda06/element/6fe62918-1b67-484a-a466-0f173ae90d32/value HTTP/1.1
User-Agent: selenium/4.1.2 (java windows)
Content-Length: 191
Content-Type: application/json; charset=utf-8
host: localhost:58184
accept: */*

Response DefaultHttpResponse(decodeResult: success, version: HTTP/1.1)
HTTP/1.1 200 OK
Content-Type: application/json; charset=utf-8
cache-control: no-cache
content-length: 14

21:55:26.026 [AsyncHttpClient-1-7] DEBUG org.asynchttpclient.netty.channel.ChannelManager - Adding key: http://localhost:58184 for channel [id: 0x2748b8b8, L:/127.0.0.1:52296 - R:localhost/127.0.0.1:58184]
21:55:26.041 [Forwarding findElement on session 988efefc31c01f392208a1d8cbdcda06 to remote] DEBUG org.asynchttpclient.netty.request.NettyRequestSender - Using pooled Channel '[id: 0x2748b8b8, L:/127.0.0.1:52296 - R:localhost/127.0.0.1:58184]' for 'POST' to 'http://localhost:58184/session/988efefc31c01f392208a1d8cbdcda06/element'
21:55:26.041 [Forwarding findElement on session 988efefc31c01f392208a1d8cbdcda06 to remote] DEBUG org.asynchttpclient.netty.request.NettyRequestSender - Using open Channel [id: 0x2748b8b8, L:/127.0.0.1:52296 - R:localhost/127.0.0.1:58184] for POST '/session/988efefc31c01f392208a1d8cbdcda06/element'
21:55:26.068 [AsyncHttpClient-1-7] DEBUG org.asynchttpclient.netty.handler.HttpHandler - 

Request DefaultHttpRequest(decodeResult: success, version: HTTP/1.1)
POST /session/988efefc31c01f392208a1d8cbdcda06/element HTTP/1.1
User-Agent: selenium/4.1.2 (java windows)
Content-Length: 83
Content-Type: application/json; charset=utf-8
host: localhost:58184
accept: */*

Response DefaultHttpResponse(decodeResult: success, version: HTTP/1.1)
HTTP/1.1 200 OK
Content-Type: application/json; charset=utf-8
cache-control: no-cache
content-length: 88

21:55:26.068 [AsyncHttpClient-1-7] DEBUG org.asynchttpclient.netty.channel.ChannelManager - Adding key: http://localhost:58184 for channel [id: 0x2748b8b8, L:/127.0.0.1:52296 - R:localhost/127.0.0.1:58184]
21:55:26.072 [Forwarding getElementTagName on session 988efefc31c01f392208a1d8cbdcda06 to remote] DEBUG org.asynchttpclient.netty.request.NettyRequestSender - Using pooled Channel '[id: 0x2748b8b8, L:/127.0.0.1:52296 - R:localhost/127.0.0.1:58184]' for 'GET' to 'http://localhost:58184/session/988efefc31c01f392208a1d8cbdcda06/element/afbc5601-40b1-4de8-aff1-54a6fb10c109/name'
21:55:26.073 [Forwarding getElementTagName on session 988efefc31c01f392208a1d8cbdcda06 to remote] DEBUG org.asynchttpclient.netty.request.NettyRequestSender - Using open Channel [id: 0x2748b8b8, L:/127.0.0.1:52296 - R:localhost/127.0.0.1:58184] for GET '/session/988efefc31c01f392208a1d8cbdcda06/element/afbc5601-40b1-4de8-aff1-54a6fb10c109/name'
21:55:26.081 [AsyncHttpClient-1-7] DEBUG org.asynchttpclient.netty.handler.HttpHandler - 

Request DefaultFullHttpRequest(decodeResult: success, version: HTTP/1.1, content: EmptyByteBufBE)
GET /session/988efefc31c01f392208a1d8cbdcda06/element/afbc5601-40b1-4de8-aff1-54a6fb10c109/name HTTP/1.1
User-Agent: selenium/4.1.2 (java windows)
Cache-Control: no-cache
Content-Type: application/json; charset=utf-8
host: localhost:58184
accept: */*

Response DefaultHttpResponse(decodeResult: success, version: HTTP/1.1)
HTTP/1.1 200 OK
Content-Type: application/json; charset=utf-8
cache-control: no-cache
content-length: 16

21:55:26.081 [AsyncHttpClient-1-7] DEBUG org.asynchttpclient.netty.channel.ChannelManager - Adding key: http://localhost:58184 for channel [id: 0x2748b8b8, L:/127.0.0.1:52296 - R:localhost/127.0.0.1:58184]
21:55:26.084 [Forwarding getElementTagName on session 988efefc31c01f392208a1d8cbdcda06 to remote] DEBUG org.asynchttpclient.netty.request.NettyRequestSender - Using pooled Channel '[id: 0x2748b8b8, L:/127.0.0.1:52296 - R:localhost/127.0.0.1:58184]' for 'GET' to 'http://localhost:58184/session/988efefc31c01f392208a1d8cbdcda06/element/afbc5601-40b1-4de8-aff1-54a6fb10c109/name'
21:55:26.084 [Forwarding getElementTagName on session 988efefc31c01f392208a1d8cbdcda06 to remote] DEBUG org.asynchttpclient.netty.request.NettyRequestSender - Using open Channel [id: 0x2748b8b8, L:/127.0.0.1:52296 - R:localhost/127.0.0.1:58184] for GET '/session/988efefc31c01f392208a1d8cbdcda06/element/afbc5601-40b1-4de8-aff1-54a6fb10c109/name'
21:55:26.093 [AsyncHttpClient-1-7] DEBUG org.asynchttpclient.netty.handler.HttpHandler - 

Request DefaultFullHttpRequest(decodeResult: success, version: HTTP/1.1, content: EmptyByteBufBE)
GET /session/988efefc31c01f392208a1d8cbdcda06/element/afbc5601-40b1-4de8-aff1-54a6fb10c109/name HTTP/1.1
User-Agent: selenium/4.1.2 (java windows)
Cache-Control: no-cache
Content-Type: application/json; charset=utf-8
host: localhost:58184
accept: */*

Response DefaultHttpResponse(decodeResult: success, version: HTTP/1.1)
HTTP/1.1 200 OK
Content-Type: application/json; charset=utf-8
cache-control: no-cache
content-length: 16

21:55:26.094 [AsyncHttpClient-1-7] DEBUG org.asynchttpclient.netty.channel.ChannelManager - Adding key: http://localhost:58184 for channel [id: 0x2748b8b8, L:/127.0.0.1:52296 - R:localhost/127.0.0.1:58184]
21:55:26.097 [Forwarding findElement on session 988efefc31c01f392208a1d8cbdcda06 to remote] DEBUG org.asynchttpclient.netty.request.NettyRequestSender - Using pooled Channel '[id: 0x2748b8b8, L:/127.0.0.1:52296 - R:localhost/127.0.0.1:58184]' for 'POST' to 'http://localhost:58184/session/988efefc31c01f392208a1d8cbdcda06/element'
21:55:26.097 [Forwarding findElement on session 988efefc31c01f392208a1d8cbdcda06 to remote] DEBUG org.asynchttpclient.netty.request.NettyRequestSender - Using open Channel [id: 0x2748b8b8, L:/127.0.0.1:52296 - R:localhost/127.0.0.1:58184] for POST '/session/988efefc31c01f392208a1d8cbdcda06/element'
21:55:26.119 [AsyncHttpClient-1-7] DEBUG org.asynchttpclient.netty.handler.HttpHandler - 

Request DefaultHttpRequest(decodeResult: success, version: HTTP/1.1)
POST /session/988efefc31c01f392208a1d8cbdcda06/element HTTP/1.1
User-Agent: selenium/4.1.2 (java windows)
Content-Length: 83
Content-Type: application/json; charset=utf-8
host: localhost:58184
accept: */*

Response DefaultHttpResponse(decodeResult: success, version: HTTP/1.1)
HTTP/1.1 200 OK
Content-Type: application/json; charset=utf-8
cache-control: no-cache
content-length: 88

21:55:26.119 [AsyncHttpClient-1-7] DEBUG org.asynchttpclient.netty.channel.ChannelManager - Adding key: http://localhost:58184 for channel [id: 0x2748b8b8, L:/127.0.0.1:52296 - R:localhost/127.0.0.1:58184]
21:55:26.126 [Forwarding clickElement on session 988efefc31c01f392208a1d8cbdcda06 to remote] DEBUG org.asynchttpclient.netty.request.NettyRequestSender - Using pooled Channel '[id: 0x2748b8b8, L:/127.0.0.1:52296 - R:localhost/127.0.0.1:58184]' for 'POST' to 'http://localhost:58184/session/988efefc31c01f392208a1d8cbdcda06/element/afbc5601-40b1-4de8-aff1-54a6fb10c109/click'
21:55:26.126 [Forwarding clickElement on session 988efefc31c01f392208a1d8cbdcda06 to remote] DEBUG org.asynchttpclient.netty.request.NettyRequestSender - Using open Channel [id: 0x2748b8b8, L:/127.0.0.1:52296 - R:localhost/127.0.0.1:58184] for POST '/session/988efefc31c01f392208a1d8cbdcda06/element/afbc5601-40b1-4de8-aff1-54a6fb10c109/click'
21:55:26.232 [AsyncHttpClient-1-7] DEBUG org.asynchttpclient.netty.handler.HttpHandler - 

Request DefaultHttpRequest(decodeResult: success, version: HTTP/1.1)
POST /session/988efefc31c01f392208a1d8cbdcda06/element/afbc5601-40b1-4de8-aff1-54a6fb10c109/click HTTP/1.1
User-Agent: selenium/4.1.2 (java windows)
Content-Length: 50
Content-Type: application/json; charset=utf-8
host: localhost:58184
accept: */*

Response DefaultHttpResponse(decodeResult: success, version: HTTP/1.1)
HTTP/1.1 200 OK
Content-Type: application/json; charset=utf-8
cache-control: no-cache
content-length: 14

21:55:26.232 [AsyncHttpClient-1-7] DEBUG org.asynchttpclient.netty.channel.ChannelManager - Adding key: http://localhost:58184 for channel [id: 0x2748b8b8, L:/127.0.0.1:52296 - R:localhost/127.0.0.1:58184]
21:55:26.253 [Forwarding findElement on session 988efefc31c01f392208a1d8cbdcda06 to remote] DEBUG org.asynchttpclient.netty.request.NettyRequestSender - Using pooled Channel '[id: 0x2748b8b8, L:/127.0.0.1:52296 - R:localhost/127.0.0.1:58184]' for 'POST' to 'http://localhost:58184/session/988efefc31c01f392208a1d8cbdcda06/element'
21:55:26.253 [Forwarding findElement on session 988efefc31c01f392208a1d8cbdcda06 to remote] DEBUG org.asynchttpclient.netty.request.NettyRequestSender - Using open Channel [id: 0x2748b8b8, L:/127.0.0.1:52296 - R:localhost/127.0.0.1:58184] for POST '/session/988efefc31c01f392208a1d8cbdcda06/element'
21:55:26.296 [AsyncHttpClient-1-7] DEBUG org.asynchttpclient.netty.handler.HttpHandler - 

Request DefaultHttpRequest(decodeResult: success, version: HTTP/1.1)
POST /session/988efefc31c01f392208a1d8cbdcda06/element HTTP/1.1
User-Agent: selenium/4.1.2 (java windows)
Content-Length: 125
Content-Type: application/json; charset=utf-8
host: localhost:58184
accept: */*

Response DefaultHttpResponse(decodeResult: success, version: HTTP/1.1)
HTTP/1.1 200 OK
Content-Type: application/json; charset=utf-8
cache-control: no-cache
content-length: 88

21:55:26.296 [AsyncHttpClient-1-7] DEBUG org.asynchttpclient.netty.channel.ChannelManager - Adding key: http://localhost:58184 for channel [id: 0x2748b8b8, L:/127.0.0.1:52296 - R:localhost/127.0.0.1:58184]
21:55:26.313 [Forwarding isElementDisplayed on session 988efefc31c01f392208a1d8cbdcda06 to remote] DEBUG org.asynchttpclient.netty.request.NettyRequestSender - Using pooled Channel '[id: 0x2748b8b8, L:/127.0.0.1:52296 - R:localhost/127.0.0.1:58184]' for 'POST' to 'http://localhost:58184/session/988efefc31c01f392208a1d8cbdcda06/execute/sync'
21:55:26.313 [Forwarding isElementDisplayed on session 988efefc31c01f392208a1d8cbdcda06 to remote] DEBUG org.asynchttpclient.netty.request.NettyRequestSender - Using open Channel [id: 0x2748b8b8, L:/127.0.0.1:52296 - R:localhost/127.0.0.1:58184] for POST '/session/988efefc31c01f392208a1d8cbdcda06/execute/sync'
21:55:26.352 [AsyncHttpClient-1-7] DEBUG org.asynchttpclient.netty.handler.HttpHandler - 

Request DefaultHttpRequest(decodeResult: success, version: HTTP/1.1)
POST /session/988efefc31c01f392208a1d8cbdcda06/execute/sync HTTP/1.1
User-Agent: selenium/4.1.2 (java windows)
Content-Length: 48780
Content-Type: application/json; charset=utf-8
host: localhost:58184
accept: */*

Response DefaultHttpResponse(decodeResult: success, version: HTTP/1.1)
HTTP/1.1 200 OK
Content-Type: application/json; charset=utf-8
cache-control: no-cache
content-length: 14

21:55:26.352 [AsyncHttpClient-1-7] DEBUG org.asynchttpclient.netty.channel.ChannelManager - Adding key: http://localhost:58184 for channel [id: 0x2748b8b8, L:/127.0.0.1:52296 - R:localhost/127.0.0.1:58184]
  &amp#27;[32mGiven &amp#27;[0m&amp#27;[32mI have logged in&amp#27;[0m         &amp#27;[90m# starter.stepdefinitions.LogoutSteps.iHaveLoggedIn()&amp#27;[0m
21:55:26.363 [main] DEBUG net.serenitybdd.core.photography.Darkroom - Opening darkroom
21:55:26.364 [Darkroom Processing Line] DEBUG net.serenitybdd.core.photography.DarkroomProcessingLine - Darkroom processing line starting up
21:55:26.364 [Forwarding screenshot on session 988efefc31c01f392208a1d8cbdcda06 to remote] DEBUG org.asynchttpclient.netty.request.NettyRequestSender - Using pooled Channel '[id: 0x2748b8b8, L:/127.0.0.1:52296 - R:localhost/127.0.0.1:58184]' for 'GET' to 'http://localhost:58184/session/988efefc31c01f392208a1d8cbdcda06/screenshot'
21:55:26.364 [Forwarding screenshot on session 988efefc31c01f392208a1d8cbdcda06 to remote] DEBUG org.asynchttpclient.netty.request.NettyRequestSender - Using open Channel [id: 0x2748b8b8, L:/127.0.0.1:52296 - R:localhost/127.0.0.1:58184] for GET '/session/988efefc31c01f392208a1d8cbdcda06/screenshot'
21:55:26.482 [AsyncHttpClient-1-1] DEBUG org.asynchttpclient.netty.channel.DefaultChannelPool - Entry count for : http://localhost:52297 : 1
21:55:26.647 [AsyncHttpClient-1-7] DEBUG org.asynchttpclient.netty.handler.HttpHandler - 

Request DefaultFullHttpRequest(decodeResult: success, version: HTTP/1.1, content: EmptyByteBufBE)
GET /session/988efefc31c01f392208a1d8cbdcda06/screenshot HTTP/1.1
User-Agent: selenium/4.1.2 (java windows)
Cache-Control: no-cache
Content-Type: application/json; charset=utf-8
host: localhost:58184
accept: */*

Response DefaultHttpResponse(decodeResult: success, version: HTTP/1.1)
HTTP/1.1 200 OK
Content-Type: application/json; charset=utf-8
cache-control: no-cache
content-length: 25668

21:55:26.647 [AsyncHttpClient-1-7] DEBUG org.asynchttpclient.netty.channel.ChannelManager - Adding key: http://localhost:58184 for channel [id: 0x2748b8b8, L:/127.0.0.1:52296 - R:localhost/127.0.0.1:58184]
21:55:26.650 [main] DEBUG net.serenitybdd.core.photography.Darkroom - Send negative for processing for target\site\serenity\1e28bbad93923df0e61d3829c796aecc4c5628ddecd3bd71e89c0ab0e96a10e6.png
21:55:26.651 [Darkroom Processing Line] DEBUG net.serenitybdd.core.photography.DarkroomProcessingLine - Processing screenshot image in /var/screenshots/screenshot-4576172147597820508
21:55:26.651 [Darkroom Processing Line] DEBUG net.serenitybdd.core.photography.DarkroomProcessingLine - Saving screenshot to target\site\serenity\1e28bbad93923df0e61d3829c796aecc4c5628ddecd3bd71e89c0ab0e96a10e6.png
21:55:26.680 [Forwarding findElement on session 988efefc31c01f392208a1d8cbdcda06 to remote] DEBUG org.asynchttpclient.netty.request.NettyRequestSender - Using pooled Channel '[id: 0x2748b8b8, L:/127.0.0.1:52296 - R:localhost/127.0.0.1:58184]' for 'POST' to 'http://localhost:58184/session/988efefc31c01f392208a1d8cbdcda06/element'
21:55:26.681 [Forwarding findElement on session 988efefc31c01f392208a1d8cbdcda06 to remote] DEBUG org.asynchttpclient.netty.request.NettyRequestSender - Using open Channel [id: 0x2748b8b8, L:/127.0.0.1:52296 - R:localhost/127.0.0.1:58184] for POST '/session/988efefc31c01f392208a1d8cbdcda06/element'
21:55:27.579 [AsyncHttpClient-1-1] DEBUG org.asynchttpclient.netty.channel.DefaultChannelPool - Entry count for : http://localhost:52297 : 1
21:55:28.673 [AsyncHttpClient-1-1] DEBUG org.asynchttpclient.netty.channel.DefaultChannelPool - Entry count for : http://localhost:52297 : 1
21:55:28.710 [AsyncHttpClient-1-7] DEBUG org.asynchttpclient.netty.handler.HttpHandler - 

Request DefaultHttpRequest(decodeResult: success, version: HTTP/1.1)
POST /session/988efefc31c01f392208a1d8cbdcda06/element HTTP/1.1
User-Agent: selenium/4.1.2 (java windows)
Content-Length: 87
Content-Type: application/json; charset=utf-8
host: localhost:58184
accept: */*

Response DefaultHttpResponse(decodeResult: success, version: HTTP/1.1)
HTTP/1.1 404 Not Found
Content-Type: application/json; charset=utf-8
cache-control: no-cache
content-length: 1041

21:55:28.710 [AsyncHttpClient-1-7] DEBUG org.asynchttpclient.netty.channel.ChannelManager - Adding key: http://localhost:58184 for channel [id: 0x2748b8b8, L:/127.0.0.1:52296 - R:localhost/127.0.0.1:58184]
21:55:28.827 [Forwarding findElement on session 988efefc31c01f392208a1d8cbdcda06 to remote] DEBUG org.asynchttpclient.netty.request.NettyRequestSender - Using pooled Channel '[id: 0x2748b8b8, L:/127.0.0.1:52296 - R:localhost/127.0.0.1:58184]' for 'POST' to 'http://localhost:58184/session/988efefc31c01f392208a1d8cbdcda06/element'
21:55:28.827 [Forwarding findElement on session 988efefc31c01f392208a1d8cbdcda06 to remote] DEBUG org.asynchttpclient.netty.request.NettyRequestSender - Using open Channel [id: 0x2748b8b8, L:/127.0.0.1:52296 - R:localhost/127.0.0.1:58184] for POST '/session/988efefc31c01f392208a1d8cbdcda06/element'
21:55:29.776 [AsyncHttpClient-1-1] DEBUG org.asynchttpclient.netty.channel.DefaultChannelPool - Entry count for : http://localhost:52297 : 1
21:55:30.877 [AsyncHttpClient-1-1] DEBUG org.asynchttpclient.netty.channel.DefaultChannelPool - Entry count for : http://localhost:52297 : 1
21:55:31.354 [AsyncHttpClient-1-7] DEBUG org.asynchttpclient.netty.handler.HttpHandler - 

Request DefaultHttpRequest(decodeResult: success, version: HTTP/1.1)
POST /session/988efefc31c01f392208a1d8cbdcda06/element HTTP/1.1
User-Agent: selenium/4.1.2 (java windows)
Content-Length: 87
Content-Type: application/json; charset=utf-8
host: localhost:58184
accept: */*

Response DefaultHttpResponse(decodeResult: success, version: HTTP/1.1)
HTTP/1.1 200 OK
Content-Type: application/json; charset=utf-8
cache-control: no-cache
content-length: 88

21:55:31.355 [AsyncHttpClient-1-7] DEBUG org.asynchttpclient.netty.channel.ChannelManager - Adding key: http://localhost:58184 for channel [id: 0x2748b8b8, L:/127.0.0.1:52296 - R:localhost/127.0.0.1:58184]
21:55:31.357 [Forwarding getElementTagName on session 988efefc31c01f392208a1d8cbdcda06 to remote] DEBUG org.asynchttpclient.netty.request.NettyRequestSender - Using pooled Channel '[id: 0x2748b8b8, L:/127.0.0.1:52296 - R:localhost/127.0.0.1:58184]' for 'GET' to 'http://localhost:58184/session/988efefc31c01f392208a1d8cbdcda06/element/0584af9f-878b-4757-bc79-eef5f2e5ac8c/name'
21:55:31.357 [Forwarding getElementTagName on session 988efefc31c01f392208a1d8cbdcda06 to remote] DEBUG org.asynchttpclient.netty.request.NettyRequestSender - Using open Channel [id: 0x2748b8b8, L:/127.0.0.1:52296 - R:localhost/127.0.0.1:58184] for GET '/session/988efefc31c01f392208a1d8cbdcda06/element/0584af9f-878b-4757-bc79-eef5f2e5ac8c/name'
21:55:31.365 [AsyncHttpClient-1-7] DEBUG org.asynchttpclient.netty.handler.HttpHandler - 

Request DefaultFullHttpRequest(decodeResult: success, version: HTTP/1.1, content: EmptyByteBufBE)
GET /session/988efefc31c01f392208a1d8cbdcda06/element/0584af9f-878b-4757-bc79-eef5f2e5ac8c/name HTTP/1.1
User-Agent: selenium/4.1.2 (java windows)
Cache-Control: no-cache
Content-Type: application/json; charset=utf-8
host: localhost:58184
accept: */*

Response DefaultHttpResponse(decodeResult: success, version: HTTP/1.1)
HTTP/1.1 200 OK
Content-Type: application/json; charset=utf-8
cache-control: no-cache
content-length: 16

21:55:31.366 [AsyncHttpClient-1-7] DEBUG org.asynchttpclient.netty.channel.ChannelManager - Adding key: http://localhost:58184 for channel [id: 0x2748b8b8, L:/127.0.0.1:52296 - R:localhost/127.0.0.1:58184]
21:55:31.368 [Forwarding getElementTagName on session 988efefc31c01f392208a1d8cbdcda06 to remote] DEBUG org.asynchttpclient.netty.request.NettyRequestSender - Using pooled Channel '[id: 0x2748b8b8, L:/127.0.0.1:52296 - R:localhost/127.0.0.1:58184]' for 'GET' to 'http://localhost:58184/session/988efefc31c01f392208a1d8cbdcda06/element/0584af9f-878b-4757-bc79-eef5f2e5ac8c/name'
21:55:31.368 [Forwarding getElementTagName on session 988efefc31c01f392208a1d8cbdcda06 to remote] DEBUG org.asynchttpclient.netty.request.NettyRequestSender - Using open Channel [id: 0x2748b8b8, L:/127.0.0.1:52296 - R:localhost/127.0.0.1:58184] for GET '/session/988efefc31c01f392208a1d8cbdcda06/element/0584af9f-878b-4757-bc79-eef5f2e5ac8c/name'
21:55:31.373 [AsyncHttpClient-1-7] DEBUG org.asynchttpclient.netty.handler.HttpHandler - 

Request DefaultFullHttpRequest(decodeResult: success, version: HTTP/1.1, content: EmptyByteBufBE)
GET /session/988efefc31c01f392208a1d8cbdcda06/element/0584af9f-878b-4757-bc79-eef5f2e5ac8c/name HTTP/1.1
User-Agent: selenium/4.1.2 (java windows)
Cache-Control: no-cache
Content-Type: application/json; charset=utf-8
host: localhost:58184
accept: */*

Response DefaultHttpResponse(decodeResult: success, version: HTTP/1.1)
HTTP/1.1 200 OK
Content-Type: application/json; charset=utf-8
cache-control: no-cache
content-length: 16

21:55:31.373 [AsyncHttpClient-1-7] DEBUG org.asynchttpclient.netty.channel.ChannelManager - Adding key: http://localhost:58184 for channel [id: 0x2748b8b8, L:/127.0.0.1:52296 - R:localhost/127.0.0.1:58184]
21:55:31.377 [Forwarding findElement on session 988efefc31c01f392208a1d8cbdcda06 to remote] DEBUG org.asynchttpclient.netty.request.NettyRequestSender - Using pooled Channel '[id: 0x2748b8b8, L:/127.0.0.1:52296 - R:localhost/127.0.0.1:58184]' for 'POST' to 'http://localhost:58184/session/988efefc31c01f392208a1d8cbdcda06/element'
21:55:31.377 [Forwarding findElement on session 988efefc31c01f392208a1d8cbdcda06 to remote] DEBUG org.asynchttpclient.netty.request.NettyRequestSender - Using open Channel [id: 0x2748b8b8, L:/127.0.0.1:52296 - R:localhost/127.0.0.1:58184] for POST '/session/988efefc31c01f392208a1d8cbdcda06/element'
21:55:31.394 [AsyncHttpClient-1-7] DEBUG org.asynchttpclient.netty.handler.HttpHandler - 

Request DefaultHttpRequest(decodeResult: success, version: HTTP/1.1)
POST /session/988efefc31c01f392208a1d8cbdcda06/element HTTP/1.1
User-Agent: selenium/4.1.2 (java windows)
Content-Length: 87
Content-Type: application/json; charset=utf-8
host: localhost:58184
accept: */*

Response DefaultHttpResponse(decodeResult: success, version: HTTP/1.1)
HTTP/1.1 200 OK
Content-Type: application/json; charset=utf-8
cache-control: no-cache
content-length: 88

21:55:31.395 [AsyncHttpClient-1-7] DEBUG org.asynchttpclient.netty.channel.ChannelManager - Adding key: http://localhost:58184 for channel [id: 0x2748b8b8, L:/127.0.0.1:52296 - R:localhost/127.0.0.1:58184]
21:55:31.396 [Forwarding clickElement on session 988efefc31c01f392208a1d8cbdcda06 to remote] DEBUG org.asynchttpclient.netty.request.NettyRequestSender - Using pooled Channel '[id: 0x2748b8b8, L:/127.0.0.1:52296 - R:localhost/127.0.0.1:58184]' for 'POST' to 'http://localhost:58184/session/988efefc31c01f392208a1d8cbdcda06/element/0584af9f-878b-4757-bc79-eef5f2e5ac8c/click'
21:55:31.396 [Forwarding clickElement on session 988efefc31c01f392208a1d8cbdcda06 to remote] DEBUG org.asynchttpclient.netty.request.NettyRequestSender - Using open Channel [id: 0x2748b8b8, L:/127.0.0.1:52296 - R:localhost/127.0.0.1:58184] for POST '/session/988efefc31c01f392208a1d8cbdcda06/element/0584af9f-878b-4757-bc79-eef5f2e5ac8c/click'
21:55:31.514 [AsyncHttpClient-1-7] DEBUG org.asynchttpclient.netty.handler.HttpHandler - 

Request DefaultHttpRequest(decodeResult: success, version: HTTP/1.1)
POST /session/988efefc31c01f392208a1d8cbdcda06/element/0584af9f-878b-4757-bc79-eef5f2e5ac8c/click HTTP/1.1
User-Agent: selenium/4.1.2 (java windows)
Content-Length: 50
Content-Type: application/json; charset=utf-8
host: localhost:58184
accept: */*

Response DefaultHttpResponse(decodeResult: success, version: HTTP/1.1)
HTTP/1.1 200 OK
Content-Type: application/json; charset=utf-8
cache-control: no-cache
content-length: 14

21:55:31.515 [AsyncHttpClient-1-7] DEBUG org.asynchttpclient.netty.channel.ChannelManager - Adding key: http://localhost:58184 for channel [id: 0x2748b8b8, L:/127.0.0.1:52296 - R:localhost/127.0.0.1:58184]
  &amp#27;[32mWhen &amp#27;[0m&amp#27;[32mI click add button&amp#27;[0m        &amp#27;[90m# starter.stepdefinitions.OrderSteps.iClickAddButton()&amp#27;[0m
21:55:31.530 [Forwarding screenshot on session 988efefc31c01f392208a1d8cbdcda06 to remote] DEBUG org.asynchttpclient.netty.request.NettyRequestSender - Using pooled Channel '[id: 0x2748b8b8, L:/127.0.0.1:52296 - R:localhost/127.0.0.1:58184]' for 'GET' to 'http://localhost:58184/session/988efefc31c01f392208a1d8cbdcda06/screenshot'
21:55:31.530 [Forwarding screenshot on session 988efefc31c01f392208a1d8cbdcda06 to remote] DEBUG org.asynchttpclient.netty.request.NettyRequestSender - Using open Channel [id: 0x2748b8b8, L:/127.0.0.1:52296 - R:localhost/127.0.0.1:58184] for GET '/session/988efefc31c01f392208a1d8cbdcda06/screenshot'
21:55:31.763 [AsyncHttpClient-1-7] DEBUG org.asynchttpclient.netty.handler.HttpHandler - 

Request DefaultFullHttpRequest(decodeResult: success, version: HTTP/1.1, content: EmptyByteBufBE)
GET /session/988efefc31c01f392208a1d8cbdcda06/screenshot HTTP/1.1
User-Agent: selenium/4.1.2 (java windows)
Cache-Control: no-cache
Content-Type: application/json; charset=utf-8
host: localhost:58184
accept: */*

Response DefaultHttpResponse(decodeResult: success, version: HTTP/1.1)
HTTP/1.1 200 OK
Content-Type: application/json; charset=utf-8
cache-control: no-cache
content-length: 52564

21:55:31.763 [AsyncHttpClient-1-7] DEBUG org.asynchttpclient.netty.channel.ChannelManager - Adding key: http://localhost:58184 for channel [id: 0x2748b8b8, L:/127.0.0.1:52296 - R:localhost/127.0.0.1:58184]
21:55:31.769 [main] DEBUG net.serenitybdd.core.photography.Darkroom - Send negative for processing for target\site\serenity\ee95c49e29fbfb10d9eecb61058d722a5746320053e9bd5685ec5ad7b39d3689.png
21:55:31.769 [Darkroom Processing Line] DEBUG net.serenitybdd.core.photography.DarkroomProcessingLine - Processing screenshot image in /var/screenshots/screenshot-15988493703620436039
21:55:31.769 [Darkroom Processing Line] DEBUG net.serenitybdd.core.photography.DarkroomProcessingLine - Saving screenshot to target\site\serenity\ee95c49e29fbfb10d9eecb61058d722a5746320053e9bd5685ec5ad7b39d3689.png
21:55:31.785 [Forwarding findElement on session 988efefc31c01f392208a1d8cbdcda06 to remote] DEBUG org.asynchttpclient.netty.request.NettyRequestSender - Using pooled Channel '[id: 0x2748b8b8, L:/127.0.0.1:52296 - R:localhost/127.0.0.1:58184]' for 'POST' to 'http://localhost:58184/session/988efefc31c01f392208a1d8cbdcda06/element'
21:55:31.785 [Forwarding findElement on session 988efefc31c01f392208a1d8cbdcda06 to remote] DEBUG org.asynchttpclient.netty.request.NettyRequestSender - Using open Channel [id: 0x2748b8b8, L:/127.0.0.1:52296 - R:localhost/127.0.0.1:58184] for POST '/session/988efefc31c01f392208a1d8cbdcda06/element'
21:55:31.808 [AsyncHttpClient-1-7] DEBUG org.asynchttpclient.netty.handler.HttpHandler - 

Request DefaultHttpRequest(decodeResult: success, version: HTTP/1.1)
POST /session/988efefc31c01f392208a1d8cbdcda06/element HTTP/1.1
User-Agent: selenium/4.1.2 (java windows)
Content-Length: 93
Content-Type: application/json; charset=utf-8
host: localhost:58184
accept: */*

Response DefaultHttpResponse(decodeResult: success, version: HTTP/1.1)
HTTP/1.1 200 OK
Content-Type: application/json; charset=utf-8
cache-control: no-cache
content-length: 88

21:55:31.808 [AsyncHttpClient-1-7] DEBUG org.asynchttpclient.netty.channel.ChannelManager - Adding key: http://localhost:58184 for channel [id: 0x2748b8b8, L:/127.0.0.1:52296 - R:localhost/127.0.0.1:58184]
21:55:31.810 [Forwarding getElementTagName on session 988efefc31c01f392208a1d8cbdcda06 to remote] DEBUG org.asynchttpclient.netty.request.NettyRequestSender - Using pooled Channel '[id: 0x2748b8b8, L:/127.0.0.1:52296 - R:localhost/127.0.0.1:58184]' for 'GET' to 'http://localhost:58184/session/988efefc31c01f392208a1d8cbdcda06/element/3fb9c261-2d25-4f63-96ab-b825c04146fe/name'
21:55:31.811 [Forwarding getElementTagName on session 988efefc31c01f392208a1d8cbdcda06 to remote] DEBUG org.asynchttpclient.netty.request.NettyRequestSender - Using open Channel [id: 0x2748b8b8, L:/127.0.0.1:52296 - R:localhost/127.0.0.1:58184] for GET '/session/988efefc31c01f392208a1d8cbdcda06/element/3fb9c261-2d25-4f63-96ab-b825c04146fe/name'
21:55:31.840 [AsyncHttpClient-1-7] DEBUG org.asynchttpclient.netty.handler.HttpHandler - 

Request DefaultFullHttpRequest(decodeResult: success, version: HTTP/1.1, content: EmptyByteBufBE)
GET /session/988efefc31c01f392208a1d8cbdcda06/element/3fb9c261-2d25-4f63-96ab-b825c04146fe/name HTTP/1.1
User-Agent: selenium/4.1.2 (java windows)
Cache-Control: no-cache
Content-Type: application/json; charset=utf-8
host: localhost:58184
accept: */*

Response DefaultHttpResponse(decodeResult: success, version: HTTP/1.1)
HTTP/1.1 200 OK
Content-Type: application/json; charset=utf-8
cache-control: no-cache
content-length: 13

21:55:31.840 [AsyncHttpClient-1-7] DEBUG org.asynchttpclient.netty.channel.ChannelManager - Adding key: http://localhost:58184 for channel [id: 0x2748b8b8, L:/127.0.0.1:52296 - R:localhost/127.0.0.1:58184]
21:55:31.842 [Forwarding getElementTagName on session 988efefc31c01f392208a1d8cbdcda06 to remote] DEBUG org.asynchttpclient.netty.request.NettyRequestSender - Using pooled Channel '[id: 0x2748b8b8, L:/127.0.0.1:52296 - R:localhost/127.0.0.1:58184]' for 'GET' to 'http://localhost:58184/session/988efefc31c01f392208a1d8cbdcda06/element/3fb9c261-2d25-4f63-96ab-b825c04146fe/name'
21:55:31.842 [Forwarding getElementTagName on session 988efefc31c01f392208a1d8cbdcda06 to remote] DEBUG org.asynchttpclient.netty.request.NettyRequestSender - Using open Channel [id: 0x2748b8b8, L:/127.0.0.1:52296 - R:localhost/127.0.0.1:58184] for GET '/session/988efefc31c01f392208a1d8cbdcda06/element/3fb9c261-2d25-4f63-96ab-b825c04146fe/name'
21:55:31.849 [AsyncHttpClient-1-7] DEBUG org.asynchttpclient.netty.handler.HttpHandler - 

Request DefaultFullHttpRequest(decodeResult: success, version: HTTP/1.1, content: EmptyByteBufBE)
GET /session/988efefc31c01f392208a1d8cbdcda06/element/3fb9c261-2d25-4f63-96ab-b825c04146fe/name HTTP/1.1
User-Agent: selenium/4.1.2 (java windows)
Cache-Control: no-cache
Content-Type: application/json; charset=utf-8
host: localhost:58184
accept: */*

Response DefaultHttpResponse(decodeResult: success, version: HTTP/1.1)
HTTP/1.1 200 OK
Content-Type: application/json; charset=utf-8
cache-control: no-cache
content-length: 13

21:55:31.849 [AsyncHttpClient-1-7] DEBUG org.asynchttpclient.netty.channel.ChannelManager - Adding key: http://localhost:58184 for channel [id: 0x2748b8b8, L:/127.0.0.1:52296 - R:localhost/127.0.0.1:58184]
21:55:31.853 [Forwarding findElement on session 988efefc31c01f392208a1d8cbdcda06 to remote] DEBUG org.asynchttpclient.netty.request.NettyRequestSender - Using pooled Channel '[id: 0x2748b8b8, L:/127.0.0.1:52296 - R:localhost/127.0.0.1:58184]' for 'POST' to 'http://localhost:58184/session/988efefc31c01f392208a1d8cbdcda06/element'
21:55:31.853 [Forwarding findElement on session 988efefc31c01f392208a1d8cbdcda06 to remote] DEBUG org.asynchttpclient.netty.request.NettyRequestSender - Using open Channel [id: 0x2748b8b8, L:/127.0.0.1:52296 - R:localhost/127.0.0.1:58184] for POST '/session/988efefc31c01f392208a1d8cbdcda06/element'
21:55:31.869 [AsyncHttpClient-1-7] DEBUG org.asynchttpclient.netty.handler.HttpHandler - 

Request DefaultHttpRequest(decodeResult: success, version: HTTP/1.1)
POST /session/988efefc31c01f392208a1d8cbdcda06/element HTTP/1.1
User-Agent: selenium/4.1.2 (java windows)
Content-Length: 93
Content-Type: application/json; charset=utf-8
host: localhost:58184
accept: */*

Response DefaultHttpResponse(decodeResult: success, version: HTTP/1.1)
HTTP/1.1 200 OK
Content-Type: application/json; charset=utf-8
cache-control: no-cache
content-length: 88

21:55:31.869 [AsyncHttpClient-1-7] DEBUG org.asynchttpclient.netty.channel.ChannelManager - Adding key: http://localhost:58184 for channel [id: 0x2748b8b8, L:/127.0.0.1:52296 - R:localhost/127.0.0.1:58184]
21:55:31.872 [Forwarding clickElement on session 988efefc31c01f392208a1d8cbdcda06 to remote] DEBUG org.asynchttpclient.netty.request.NettyRequestSender - Using pooled Channel '[id: 0x2748b8b8, L:/127.0.0.1:52296 - R:localhost/127.0.0.1:58184]' for 'POST' to 'http://localhost:58184/session/988efefc31c01f392208a1d8cbdcda06/element/3fb9c261-2d25-4f63-96ab-b825c04146fe/click'
21:55:31.872 [Forwarding clickElement on session 988efefc31c01f392208a1d8cbdcda06 to remote] DEBUG org.asynchttpclient.netty.request.NettyRequestSender - Using open Channel [id: 0x2748b8b8, L:/127.0.0.1:52296 - R:localhost/127.0.0.1:58184] for POST '/session/988efefc31c01f392208a1d8cbdcda06/element/3fb9c261-2d25-4f63-96ab-b825c04146fe/click'
21:55:31.945 [AsyncHttpClient-1-7] DEBUG org.asynchttpclient.netty.handler.HttpHandler - 

Request DefaultHttpRequest(decodeResult: success, version: HTTP/1.1)
POST /session/988efefc31c01f392208a1d8cbdcda06/element/3fb9c261-2d25-4f63-96ab-b825c04146fe/click HTTP/1.1
User-Agent: selenium/4.1.2 (java windows)
Content-Length: 50
Content-Type: application/json; charset=utf-8
host: localhost:58184
accept: */*

Response DefaultHttpResponse(decodeResult: success, version: HTTP/1.1)
HTTP/1.1 200 OK
Content-Type: application/json; charset=utf-8
cache-control: no-cache
content-length: 14

21:55:31.946 [AsyncHttpClient-1-7] DEBUG org.asynchttpclient.netty.channel.ChannelManager - Adding key: http://localhost:58184 for channel [id: 0x2748b8b8, L:/127.0.0.1:52296 - R:localhost/127.0.0.1:58184]
  &amp#27;[32mAnd &amp#27;[0m&amp#27;[32mI click order button&amp#27;[0m       &amp#27;[90m# starter.stepdefinitions.OrderSteps.iClickOrderButton()&amp#27;[0m
21:55:31.962 [Forwarding screenshot on session 988efefc31c01f392208a1d8cbdcda06 to remote] DEBUG org.asynchttpclient.netty.request.NettyRequestSender - Using pooled Channel '[id: 0x2748b8b8, L:/127.0.0.1:52296 - R:localhost/127.0.0.1:58184]' for 'GET' to 'http://localhost:58184/session/988efefc31c01f392208a1d8cbdcda06/screenshot'
21:55:31.962 [Forwarding screenshot on session 988efefc31c01f392208a1d8cbdcda06 to remote] DEBUG org.asynchttpclient.netty.request.NettyRequestSender - Using open Channel [id: 0x2748b8b8, L:/127.0.0.1:52296 - R:localhost/127.0.0.1:58184] for GET '/session/988efefc31c01f392208a1d8cbdcda06/screenshot'
21:55:31.975 [AsyncHttpClient-1-1] DEBUG org.asynchttpclient.netty.channel.DefaultChannelPool - Entry count for : http://localhost:52297 : 1
21:55:32.344 [AsyncHttpClient-1-7] DEBUG org.asynchttpclient.netty.handler.HttpHandler - 

Request DefaultFullHttpRequest(decodeResult: success, version: HTTP/1.1, content: EmptyByteBufBE)
GET /session/988efefc31c01f392208a1d8cbdcda06/screenshot HTTP/1.1
User-Agent: selenium/4.1.2 (java windows)
Cache-Control: no-cache
Content-Type: application/json; charset=utf-8
host: localhost:58184
accept: */*

Response DefaultHttpResponse(decodeResult: success, version: HTTP/1.1)
HTTP/1.1 200 OK
Content-Type: application/json; charset=utf-8
cache-control: no-cache
content-length: 27888

21:55:32.345 [AsyncHttpClient-1-7] DEBUG org.asynchttpclient.netty.channel.ChannelManager - Adding key: http://localhost:58184 for channel [id: 0x2748b8b8, L:/127.0.0.1:52296 - R:localhost/127.0.0.1:58184]
21:55:32.346 [main] DEBUG net.serenitybdd.core.photography.Darkroom - Send negative for processing for target\site\serenity\0f8f06ad995391712c4a73e62e062901c67ef38ba89c89188c7c2a02e169ff80.png
21:55:32.348 [Darkroom Processing Line] DEBUG net.serenitybdd.core.photography.DarkroomProcessingLine - Processing screenshot image in /var/screenshots/screenshot-14083098514886101331
21:55:32.349 [Darkroom Processing Line] DEBUG net.serenitybdd.core.photography.DarkroomProcessingLine - Saving screenshot to target\site\serenity\0f8f06ad995391712c4a73e62e062901c67ef38ba89c89188c7c2a02e169ff80.png
21:55:32.361 [Forwarding findElement on session 988efefc31c01f392208a1d8cbdcda06 to remote] DEBUG org.asynchttpclient.netty.request.NettyRequestSender - Using pooled Channel '[id: 0x2748b8b8, L:/127.0.0.1:52296 - R:localhost/127.0.0.1:58184]' for 'POST' to 'http://localhost:58184/session/988efefc31c01f392208a1d8cbdcda06/element'
21:55:32.361 [Forwarding findElement on session 988efefc31c01f392208a1d8cbdcda06 to remote] DEBUG org.asynchttpclient.netty.request.NettyRequestSender - Using open Channel [id: 0x2748b8b8, L:/127.0.0.1:52296 - R:localhost/127.0.0.1:58184] for POST '/session/988efefc31c01f392208a1d8cbdcda06/element'
21:55:32.380 [AsyncHttpClient-1-7] DEBUG org.asynchttpclient.netty.handler.HttpHandler - 

Request DefaultHttpRequest(decodeResult: success, version: HTTP/1.1)
POST /session/988efefc31c01f392208a1d8cbdcda06/element HTTP/1.1
User-Agent: selenium/4.1.2 (java windows)
Content-Length: 59
Content-Type: application/json; charset=utf-8
host: localhost:58184
accept: */*

Response DefaultHttpResponse(decodeResult: success, version: HTTP/1.1)
HTTP/1.1 200 OK
Content-Type: application/json; charset=utf-8
cache-control: no-cache
content-length: 88

21:55:32.380 [AsyncHttpClient-1-7] DEBUG org.asynchttpclient.netty.channel.ChannelManager - Adding key: http://localhost:58184 for channel [id: 0x2748b8b8, L:/127.0.0.1:52296 - R:localhost/127.0.0.1:58184]
21:55:32.383 [Forwarding getElementTagName on session 988efefc31c01f392208a1d8cbdcda06 to remote] DEBUG org.asynchttpclient.netty.request.NettyRequestSender - Using pooled Channel '[id: 0x2748b8b8, L:/127.0.0.1:52296 - R:localhost/127.0.0.1:58184]' for 'GET' to 'http://localhost:58184/session/988efefc31c01f392208a1d8cbdcda06/element/5d3de910-169f-4a3c-8947-745c02efed58/name'
21:55:32.383 [Forwarding getElementTagName on session 988efefc31c01f392208a1d8cbdcda06 to remote] DEBUG org.asynchttpclient.netty.request.NettyRequestSender - Using open Channel [id: 0x2748b8b8, L:/127.0.0.1:52296 - R:localhost/127.0.0.1:58184] for GET '/session/988efefc31c01f392208a1d8cbdcda06/element/5d3de910-169f-4a3c-8947-745c02efed58/name'
21:55:32.389 [AsyncHttpClient-1-7] DEBUG org.asynchttpclient.netty.handler.HttpHandler - 

Request DefaultFullHttpRequest(decodeResult: success, version: HTTP/1.1, content: EmptyByteBufBE)
GET /session/988efefc31c01f392208a1d8cbdcda06/element/5d3de910-169f-4a3c-8947-745c02efed58/name HTTP/1.1
User-Agent: selenium/4.1.2 (java windows)
Cache-Control: no-cache
Content-Type: application/json; charset=utf-8
host: localhost:58184
accept: */*

Response DefaultHttpResponse(decodeResult: success, version: HTTP/1.1)
HTTP/1.1 200 OK
Content-Type: application/json; charset=utf-8
cache-control: no-cache
content-length: 18

21:55:32.389 [AsyncHttpClient-1-7] DEBUG org.asynchttpclient.netty.channel.ChannelManager - Adding key: http://localhost:58184 for channel [id: 0x2748b8b8, L:/127.0.0.1:52296 - R:localhost/127.0.0.1:58184]
21:55:32.391 [Forwarding getElementTagName on session 988efefc31c01f392208a1d8cbdcda06 to remote] DEBUG org.asynchttpclient.netty.request.NettyRequestSender - Using pooled Channel '[id: 0x2748b8b8, L:/127.0.0.1:52296 - R:localhost/127.0.0.1:58184]' for 'GET' to 'http://localhost:58184/session/988efefc31c01f392208a1d8cbdcda06/element/5d3de910-169f-4a3c-8947-745c02efed58/name'
21:55:32.391 [Forwarding getElementTagName on session 988efefc31c01f392208a1d8cbdcda06 to remote] DEBUG org.asynchttpclient.netty.request.NettyRequestSender - Using open Channel [id: 0x2748b8b8, L:/127.0.0.1:52296 - R:localhost/127.0.0.1:58184] for GET '/session/988efefc31c01f392208a1d8cbdcda06/element/5d3de910-169f-4a3c-8947-745c02efed58/name'
21:55:32.395 [AsyncHttpClient-1-7] DEBUG org.asynchttpclient.netty.handler.HttpHandler - 

Request DefaultFullHttpRequest(decodeResult: success, version: HTTP/1.1, content: EmptyByteBufBE)
GET /session/988efefc31c01f392208a1d8cbdcda06/element/5d3de910-169f-4a3c-8947-745c02efed58/name HTTP/1.1
User-Agent: selenium/4.1.2 (java windows)
Cache-Control: no-cache
Content-Type: application/json; charset=utf-8
host: localhost:58184
accept: */*

Response DefaultHttpResponse(decodeResult: success, version: HTTP/1.1)
HTTP/1.1 200 OK
Content-Type: application/json; charset=utf-8
cache-control: no-cache
content-length: 18

21:55:32.395 [AsyncHttpClient-1-7] DEBUG org.asynchttpclient.netty.channel.ChannelManager - Adding key: http://localhost:58184 for channel [id: 0x2748b8b8, L:/127.0.0.1:52296 - R:localhost/127.0.0.1:58184]
21:55:32.402 [Forwarding isElementEnabled on session 988efefc31c01f392208a1d8cbdcda06 to remote] DEBUG org.asynchttpclient.netty.request.NettyRequestSender - Using pooled Channel '[id: 0x2748b8b8, L:/127.0.0.1:52296 - R:localhost/127.0.0.1:58184]' for 'GET' to 'http://localhost:58184/session/988efefc31c01f392208a1d8cbdcda06/element/5d3de910-169f-4a3c-8947-745c02efed58/enabled'
21:55:32.402 [Forwarding isElementEnabled on session 988efefc31c01f392208a1d8cbdcda06 to remote] DEBUG org.asynchttpclient.netty.request.NettyRequestSender - Using open Channel [id: 0x2748b8b8, L:/127.0.0.1:52296 - R:localhost/127.0.0.1:58184] for GET '/session/988efefc31c01f392208a1d8cbdcda06/element/5d3de910-169f-4a3c-8947-745c02efed58/enabled'
21:55:32.416 [AsyncHttpClient-1-7] DEBUG org.asynchttpclient.netty.handler.HttpHandler - 

Request DefaultFullHttpRequest(decodeResult: success, version: HTTP/1.1, content: EmptyByteBufBE)
GET /session/988efefc31c01f392208a1d8cbdcda06/element/5d3de910-169f-4a3c-8947-745c02efed58/enabled HTTP/1.1
User-Agent: selenium/4.1.2 (java windows)
Cache-Control: no-cache
Content-Type: application/json; charset=utf-8
host: localhost:58184
accept: */*

Response DefaultHttpResponse(decodeResult: success, version: HTTP/1.1)
HTTP/1.1 200 OK
Content-Type: application/json; charset=utf-8
cache-control: no-cache
content-length: 14

21:55:32.416 [AsyncHttpClient-1-7] DEBUG org.asynchttpclient.netty.channel.ChannelManager - Adding key: http://localhost:58184 for channel [id: 0x2748b8b8, L:/127.0.0.1:52296 - R:localhost/127.0.0.1:58184]
21:55:32.417 [Forwarding isElementEnabled on session 988efefc31c01f392208a1d8cbdcda06 to remote] DEBUG org.asynchttpclient.netty.request.NettyRequestSender - Using pooled Channel '[id: 0x2748b8b8, L:/127.0.0.1:52296 - R:localhost/127.0.0.1:58184]' for 'GET' to 'http://localhost:58184/session/988efefc31c01f392208a1d8cbdcda06/element/5d3de910-169f-4a3c-8947-745c02efed58/enabled'
21:55:32.417 [Forwarding isElementEnabled on session 988efefc31c01f392208a1d8cbdcda06 to remote] DEBUG org.asynchttpclient.netty.request.NettyRequestSender - Using open Channel [id: 0x2748b8b8, L:/127.0.0.1:52296 - R:localhost/127.0.0.1:58184] for GET '/session/988efefc31c01f392208a1d8cbdcda06/element/5d3de910-169f-4a3c-8947-745c02efed58/enabled'
21:55:32.425 [AsyncHttpClient-1-7] DEBUG org.asynchttpclient.netty.handler.HttpHandler - 

Request DefaultFullHttpRequest(decodeResult: success, version: HTTP/1.1, content: EmptyByteBufBE)
GET /session/988efefc31c01f392208a1d8cbdcda06/element/5d3de910-169f-4a3c-8947-745c02efed58/enabled HTTP/1.1
User-Agent: selenium/4.1.2 (java windows)
Cache-Control: no-cache
Content-Type: application/json; charset=utf-8
host: localhost:58184
accept: */*

Response DefaultHttpResponse(decodeResult: success, version: HTTP/1.1)
HTTP/1.1 200 OK
Content-Type: application/json; charset=utf-8
cache-control: no-cache
content-length: 14

21:55:32.426 [AsyncHttpClient-1-7] DEBUG org.asynchttpclient.netty.channel.ChannelManager - Adding key: http://localhost:58184 for channel [id: 0x2748b8b8, L:/127.0.0.1:52296 - R:localhost/127.0.0.1:58184]
21:55:32.428 [Forwarding findElement on session 988efefc31c01f392208a1d8cbdcda06 to remote] DEBUG org.asynchttpclient.netty.request.NettyRequestSender - Using pooled Channel '[id: 0x2748b8b8, L:/127.0.0.1:52296 - R:localhost/127.0.0.1:58184]' for 'POST' to 'http://localhost:58184/session/988efefc31c01f392208a1d8cbdcda06/element'
21:55:32.428 [Forwarding findElement on session 988efefc31c01f392208a1d8cbdcda06 to remote] DEBUG org.asynchttpclient.netty.request.NettyRequestSender - Using open Channel [id: 0x2748b8b8, L:/127.0.0.1:52296 - R:localhost/127.0.0.1:58184] for POST '/session/988efefc31c01f392208a1d8cbdcda06/element'
21:55:32.443 [AsyncHttpClient-1-7] DEBUG org.asynchttpclient.netty.handler.HttpHandler - 

Request DefaultHttpRequest(decodeResult: success, version: HTTP/1.1)
POST /session/988efefc31c01f392208a1d8cbdcda06/element HTTP/1.1
User-Agent: selenium/4.1.2 (java windows)
Content-Length: 59
Content-Type: application/json; charset=utf-8
host: localhost:58184
accept: */*

Response DefaultHttpResponse(decodeResult: success, version: HTTP/1.1)
HTTP/1.1 200 OK
Content-Type: application/json; charset=utf-8
cache-control: no-cache
content-length: 88

21:55:32.443 [AsyncHttpClient-1-7] DEBUG org.asynchttpclient.netty.channel.ChannelManager - Adding key: http://localhost:58184 for channel [id: 0x2748b8b8, L:/127.0.0.1:52296 - R:localhost/127.0.0.1:58184]
21:55:32.445 [Forwarding clickElement on session 988efefc31c01f392208a1d8cbdcda06 to remote] DEBUG org.asynchttpclient.netty.request.NettyRequestSender - Using pooled Channel '[id: 0x2748b8b8, L:/127.0.0.1:52296 - R:localhost/127.0.0.1:58184]' for 'POST' to 'http://localhost:58184/session/988efefc31c01f392208a1d8cbdcda06/element/5d3de910-169f-4a3c-8947-745c02efed58/click'
21:55:32.445 [Forwarding clickElement on session 988efefc31c01f392208a1d8cbdcda06 to remote] DEBUG org.asynchttpclient.netty.request.NettyRequestSender - Using open Channel [id: 0x2748b8b8, L:/127.0.0.1:52296 - R:localhost/127.0.0.1:58184] for POST '/session/988efefc31c01f392208a1d8cbdcda06/element/5d3de910-169f-4a3c-8947-745c02efed58/click'
21:55:32.552 [AsyncHttpClient-1-7] DEBUG org.asynchttpclient.netty.handler.HttpHandler - 

Request DefaultHttpRequest(decodeResult: success, version: HTTP/1.1)
POST /session/988efefc31c01f392208a1d8cbdcda06/element/5d3de910-169f-4a3c-8947-745c02efed58/click HTTP/1.1
User-Agent: selenium/4.1.2 (java windows)
Content-Length: 50
Content-Type: application/json; charset=utf-8
host: localhost:58184
accept: */*

Response DefaultHttpResponse(decodeResult: success, version: HTTP/1.1)
HTTP/1.1 200 OK
Content-Type: application/json; charset=utf-8
cache-control: no-cache
content-length: 14

21:55:32.553 [AsyncHttpClient-1-7] DEBUG org.asynchttpclient.netty.channel.ChannelManager - Adding key: http://localhost:58184 for channel [id: 0x2748b8b8, L:/127.0.0.1:52296 - R:localhost/127.0.0.1:58184]
  &amp#27;[32mAnd &amp#27;[0m&amp#27;[32mI click bayar button&amp#27;[0m       &amp#27;[90m# starter.stepdefinitions.OrderSteps.iClickBayarButton()&amp#27;[0m
21:55:32.570 [Forwarding screenshot on session 988efefc31c01f392208a1d8cbdcda06 to remote] DEBUG org.asynchttpclient.netty.request.NettyRequestSender - Using pooled Channel '[id: 0x2748b8b8, L:/127.0.0.1:52296 - R:localhost/127.0.0.1:58184]' for 'GET' to 'http://localhost:58184/session/988efefc31c01f392208a1d8cbdcda06/screenshot'
21:55:32.570 [Forwarding screenshot on session 988efefc31c01f392208a1d8cbdcda06 to remote] DEBUG org.asynchttpclient.netty.request.NettyRequestSender - Using open Channel [id: 0x2748b8b8, L:/127.0.0.1:52296 - R:localhost/127.0.0.1:58184] for GET '/session/988efefc31c01f392208a1d8cbdcda06/screenshot'
21:55:32.803 [AsyncHttpClient-1-7] DEBUG org.asynchttpclient.netty.handler.HttpHandler - 

Request DefaultFullHttpRequest(decodeResult: success, version: HTTP/1.1, content: EmptyByteBufBE)
GET /session/988efefc31c01f392208a1d8cbdcda06/screenshot HTTP/1.1
User-Agent: selenium/4.1.2 (java windows)
Cache-Control: no-cache
Content-Type: application/json; charset=utf-8
host: localhost:58184
accept: */*

Response DefaultHttpResponse(decodeResult: success, version: HTTP/1.1)
HTTP/1.1 200 OK
Content-Type: application/json; charset=utf-8
cache-control: no-cache
content-length: 28268

21:55:32.804 [AsyncHttpClient-1-7] DEBUG org.asynchttpclient.netty.channel.ChannelManager - Adding key: http://localhost:58184 for channel [id: 0x2748b8b8, L:/127.0.0.1:52296 - R:localhost/127.0.0.1:58184]
21:55:32.806 [main] DEBUG net.serenitybdd.core.photography.Darkroom - Send negative for processing for target\site\serenity\5b5162908dd8530c7f3448ae5258059cd9398e7d5582beb3a9f9f30982f00200.png
21:55:32.806 [Darkroom Processing Line] DEBUG net.serenitybdd.core.photography.DarkroomProcessingLine - Processing screenshot image in /var/screenshots/screenshot-9859944359467242322
21:55:32.806 [Darkroom Processing Line] DEBUG net.serenitybdd.core.photography.DarkroomProcessingLine - Saving screenshot to target\site\serenity\5b5162908dd8530c7f3448ae5258059cd9398e7d5582beb3a9f9f30982f00200.png
21:55:32.826 [Forwarding findElement on session 988efefc31c01f392208a1d8cbdcda06 to remote] DEBUG org.asynchttpclient.netty.request.NettyRequestSender - Using pooled Channel '[id: 0x2748b8b8, L:/127.0.0.1:52296 - R:localhost/127.0.0.1:58184]' for 'POST' to 'http://localhost:58184/session/988efefc31c01f392208a1d8cbdcda06/element'
21:55:32.826 [Forwarding findElement on session 988efefc31c01f392208a1d8cbdcda06 to remote] DEBUG org.asynchttpclient.netty.request.NettyRequestSender - Using open Channel [id: 0x2748b8b8, L:/127.0.0.1:52296 - R:localhost/127.0.0.1:58184] for POST '/session/988efefc31c01f392208a1d8cbdcda06/element'
21:55:32.844 [AsyncHttpClient-1-7] DEBUG org.asynchttpclient.netty.handler.HttpHandler - 

Request DefaultHttpRequest(decodeResult: success, version: HTTP/1.1)
POST /session/988efefc31c01f392208a1d8cbdcda06/element HTTP/1.1
User-Agent: selenium/4.1.2 (java windows)
Content-Length: 74
Content-Type: application/json; charset=utf-8
host: localhost:58184
accept: */*

Response DefaultHttpResponse(decodeResult: success, version: HTTP/1.1)
HTTP/1.1 200 OK
Content-Type: application/json; charset=utf-8
cache-control: no-cache
content-length: 88

21:55:32.844 [AsyncHttpClient-1-7] DEBUG org.asynchttpclient.netty.channel.ChannelManager - Adding key: http://localhost:58184 for channel [id: 0x2748b8b8, L:/127.0.0.1:52296 - R:localhost/127.0.0.1:58184]
21:55:32.852 [Forwarding isElementDisplayed on session 988efefc31c01f392208a1d8cbdcda06 to remote] DEBUG org.asynchttpclient.netty.request.NettyRequestSender - Using pooled Channel '[id: 0x2748b8b8, L:/127.0.0.1:52296 - R:localhost/127.0.0.1:58184]' for 'POST' to 'http://localhost:58184/session/988efefc31c01f392208a1d8cbdcda06/execute/sync'
21:55:32.852 [Forwarding isElementDisplayed on session 988efefc31c01f392208a1d8cbdcda06 to remote] DEBUG org.asynchttpclient.netty.request.NettyRequestSender - Using open Channel [id: 0x2748b8b8, L:/127.0.0.1:52296 - R:localhost/127.0.0.1:58184] for POST '/session/988efefc31c01f392208a1d8cbdcda06/execute/sync'
21:55:32.875 [AsyncHttpClient-1-7] DEBUG org.asynchttpclient.netty.handler.HttpHandler - 

Request DefaultHttpRequest(decodeResult: success, version: HTTP/1.1)
POST /session/988efefc31c01f392208a1d8cbdcda06/execute/sync HTTP/1.1
User-Agent: selenium/4.1.2 (java windows)
Content-Length: 48780
Content-Type: application/json; charset=utf-8
host: localhost:58184
accept: */*

Response DefaultHttpResponse(decodeResult: success, version: HTTP/1.1)
HTTP/1.1 200 OK
Content-Type: application/json; charset=utf-8
cache-control: no-cache
content-length: 14

21:55:32.875 [AsyncHttpClient-1-7] DEBUG org.asynchttpclient.netty.channel.ChannelManager - Adding key: http://localhost:58184 for channel [id: 0x2748b8b8, L:/127.0.0.1:52296 - R:localhost/127.0.0.1:58184]
  &amp#27;[32mThen &amp#27;[0m&amp#27;[32mi on the transaction page&amp#27;[0m &amp#27;[90m# starter.stepdefinitions.OrderSteps.iOnTheTransactionPage()&amp#27;[0m
21:55:32.882 [Forwarding screenshot on session 988efefc31c01f392208a1d8cbdcda06 to remote] DEBUG org.asynchttpclient.netty.request.NettyRequestSender - Using pooled Channel '[id: 0x2748b8b8, L:/127.0.0.1:52296 - R:localhost/127.0.0.1:58184]' for 'GET' to 'http://localhost:58184/session/988efefc31c01f392208a1d8cbdcda06/screenshot'
21:55:32.882 [Forwarding screenshot on session 988efefc31c01f392208a1d8cbdcda06 to remote] DEBUG org.asynchttpclient.netty.request.NettyRequestSender - Using open Channel [id: 0x2748b8b8, L:/127.0.0.1:52296 - R:localhost/127.0.0.1:58184] for GET '/session/988efefc31c01f392208a1d8cbdcda06/screenshot'
21:55:33.000 [AsyncHttpClient-1-7] DEBUG org.asynchttpclient.netty.handler.HttpHandler - 

Request DefaultFullHttpRequest(decodeResult: success, version: HTTP/1.1, content: EmptyByteBufBE)
GET /session/988efefc31c01f392208a1d8cbdcda06/screenshot HTTP/1.1
User-Agent: selenium/4.1.2 (java windows)
Cache-Control: no-cache
Content-Type: application/json; charset=utf-8
host: localhost:58184
accept: */*

Response DefaultHttpResponse(decodeResult: success, version: HTTP/1.1)
HTTP/1.1 200 OK
Content-Type: application/json; charset=utf-8
cache-control: no-cache
content-length: 28268

21:55:33.001 [AsyncHttpClient-1-7] DEBUG org.asynchttpclient.netty.channel.ChannelManager - Adding key: http://localhost:58184 for channel [id: 0x2748b8b8, L:/127.0.0.1:52296 - R:localhost/127.0.0.1:58184]
21:55:33.003 [main] DEBUG net.serenitybdd.core.photography.Darkroom - Send negative for processing for target\site\serenity\8eb923da8536430d734170d24c2b6a5b0329e713b38597496d5f73d020430aa2.png
21:55:33.003 [Darkroom Processing Line] DEBUG net.serenitybdd.core.photography.DarkroomProcessingLine - Processing screenshot image in /var/screenshots/screenshot-14145549791106640424
21:55:33.003 [Darkroom Processing Line] DEBUG net.serenitybdd.core.photography.DarkroomProcessingLine - Saving screenshot to target\site\serenity\8eb923da8536430d734170d24c2b6a5b0329e713b38597496d5f73d020430aa2.png
21:55:33.008 [main] INFO  - 
  _____   ___   ___   _____     ___     _     ___   ___   ___   ___  
 |_   _| | __| / __| |_   _|   | _ \   /_\   / __| / __| | __| |   \ 
   | |   | _|  \__ \   | |     |  _/  / _ \  \__ \ \__ \ | _|  | |) |
   |_|   |___| |___/   |_|     |_|   /_/ \_\ |___/ |___/ |___| |___/ 

Order with one phone
----------------------------------------------------------------------
21:55:33.010 [AsyncHttpClient-1-9] DEBUG org.asynchttpclient.netty.handler.WebSocketHandler - Channel Closed: [id: 0xa57a290b, L:/127.0.0.1:52304 ! R:localhost/127.0.0.1:52297] with attribute NettyResponseFuture{currentRetry=5,
	isDone=1,
	isCancelled=0,
	asyncHandler=org.asynchttpclient.ws.WebSocketUpgradeHandler@2cf12a67,
	nettyRequest=org.asynchttpclient.netty.request.NettyRequest@3a67168,
	future=java.util.concurrent.CompletableFuture@445de46e[Completed normally],
	uri=ws://localhost:52297/devtools/browser/edea5857-82ea-43da-b630-a66ae05794e8,
	keepAlive=true,
	redirectCount=0,
	timeoutsHolder=null,
	inAuth=0,
	touch=1667573723057}
21:55:33.010 [AsyncHttpClient-1-9] DEBUG org.asynchttpclient.netty.channel.ChannelManager - Closing Channel [id: 0xa57a290b, L:/127.0.0.1:52304 ! R:localhost/127.0.0.1:52297] 
21:55:33.013 [Driver Command Executor] DEBUG org.asynchttpclient.netty.request.NettyRequestSender - Using pooled Channel '[id: 0x2748b8b8, L:/127.0.0.1:52296 - R:localhost/127.0.0.1:58184]' for 'DELETE' to 'http://localhost:58184/session/988efefc31c01f392208a1d8cbdcda06'
21:55:33.013 [Driver Command Executor] DEBUG org.asynchttpclient.netty.request.NettyRequestSender - Using open Channel [id: 0x2748b8b8, L:/127.0.0.1:52296 - R:localhost/127.0.0.1:58184] for DELETE '/session/988efefc31c01f392208a1d8cbdcda06'
21:55:33.083 [AsyncHttpClient-1-1] DEBUG org.asynchttpclient.netty.channel.DefaultChannelPool - Entry count for : http://localhost:52297 : 1
21:55:33.152 [AsyncHttpClient-1-8] DEBUG org.asynchttpclient.netty.handler.HttpHandler - Unexpected I/O exception on channel [id: 0x6b036d42, L:/127.0.0.1:52303 - R:localhost/127.0.0.1:52297]
java.io.IOException: An existing connection was forcibly closed by the remote host
	at java.base/sun.nio.ch.SocketDispatcher.read0(Native Method)
	at java.base/sun.nio.ch.SocketDispatcher.read(SocketDispatcher.java:43)
	at java.base/sun.nio.ch.IOUtil.readIntoNativeBuffer(IOUtil.java:276)
	at java.base/sun.nio.ch.IOUtil.read(IOUtil.java:233)
	at java.base/sun.nio.ch.IOUtil.read(IOUtil.java:223)
	at java.base/sun.nio.ch.SocketChannelImpl.read(SocketChannelImpl.java:358)
	at io.netty.buffer.PooledByteBuf.setBytes(PooledByteBuf.java:258)
	at io.netty.buffer.AbstractByteBuf.writeBytes(AbstractByteBuf.java:1132)
	at io.netty.channel.socket.nio.NioSocketChannel.doReadBytes(NioSocketChannel.java:350)
	at io.netty.channel.nio.AbstractNioByteChannel$NioByteUnsafe.read(AbstractNioByteChannel.java:151)
	at io.netty.channel.nio.NioEventLoop.processSelectedKey(NioEventLoop.java:722)
	at io.netty.channel.nio.NioEventLoop.processSelectedKeysOptimized(NioEventLoop.java:658)
	at io.netty.channel.nio.NioEventLoop.processSelectedKeys(NioEventLoop.java:584)
	at io.netty.channel.nio.NioEventLoop.run(NioEventLoop.java:496)
	at io.netty.util.concurrent.SingleThreadEventExecutor$4.run(SingleThreadEventExecutor.java:986)
	at io.netty.util.internal.ThreadExecutorMap$2.run(ThreadExecutorMap.java:74)
	at io.netty.util.concurrent.FastThreadLocalRunnable.run(FastThreadLocalRunnable.java:30)
	at java.base/java.lang.Thread.run(Thread.java:834)
21:55:33.153 [AsyncHttpClient-1-8] DEBUG org.asynchttpclient.netty.channel.ChannelManager - Closing Channel [id: 0x6b036d42, L:/127.0.0.1:52303 - R:localhost/127.0.0.1:52297] 
21:55:33.153 [AsyncHttpClient-1-8] DEBUG org.asynchttpclient.netty.handler.HttpHandler - Channel Closed: [id: 0x6b036d42, L:/127.0.0.1:52303 ! R:localhost/127.0.0.1:52297] with attribute DISCARD
21:55:33.180 [AsyncHttpClient-1-7] DEBUG org.asynchttpclient.netty.handler.HttpHandler - 

Request DefaultFullHttpRequest(decodeResult: success, version: HTTP/1.1, content: EmptyByteBufBE)
DELETE /session/988efefc31c01f392208a1d8cbdcda06 HTTP/1.1
User-Agent: selenium/4.1.2 (java windows)
Content-Type: application/json; charset=utf-8
host: localhost:58184
accept: */*

Response DefaultHttpResponse(decodeResult: success, version: HTTP/1.1)
HTTP/1.1 200 OK
Content-Type: application/json; charset=utf-8
cache-control: no-cache
content-length: 14

21:55:33.180 [AsyncHttpClient-1-7] DEBUG org.asynchttpclient.netty.channel.ChannelManager - Adding key: http://localhost:58184 for channel [id: 0x2748b8b8, L:/127.0.0.1:52296 - R:localhost/127.0.0.1:58184]
21:55:33.508 [AsyncHttpClient-1-7] DEBUG org.asynchttpclient.netty.handler.HttpHandler - Channel Closed: [id: 0x2748b8b8, L:/127.0.0.1:52296 ! R:localhost/127.0.0.1:58184] with attribute DISCARD
]]></system-out>
    <system-err><![CDATA[Starting ChromeDriver 106.0.5249.61 (511755355844955cd3e264779baf0dd38212a4d0-refs/branch-heads/5249@{#569}) on port 58184
Only local connections are allowed.
Please see https://chromedriver.chromium.org/security-considerations for suggestions on keeping ChromeDriver safe.
ChromeDriver was started successfully.
[1667573722.837][WARNING]: This version of ChromeDriver has not been tested with Chrome version 107.
Nov 04, 2022 9:55:23 PM org.openqa.selenium.remote.ProtocolHandshake createSession
INFO: Detected dialect: W3C
Nov 04, 2022 9:55:23 PM org.openqa.selenium.devtools.CdpVersionFinder findNearestMatch
WARNING: Unable to find an exact match for CDP version 107, so returning the closest version found: a no-op implementation
Nov 04, 2022 9:55:23 PM org.openqa.selenium.devtools.CdpVersionFinder findNearestMatch
INFO: Unable to find CDP implementation matching 107.
Nov 04, 2022 9:55:23 PM org.openqa.selenium.chromium.ChromiumDriver lambda$new$3
WARNING: Unable to find version of CDP to use for . You may need to include a dependency on a specific version of the CDP using something similar to `org.seleniumhq.selenium:selenium-devtools-v86:4.1.2` where the version ("v86") matches the version of the chromium-based browser you're using and the version number of the artifact is the same as Selenium's.
]]></system-err>
  </testcase>
  <testcase name="Order with add qty" classname="Order" time="14.197">
    <system-out><![CDATA[
@Orders
Scenario: Order with add qty     &amp#27;[90m# src/test/resources/features/Order.feature:15&amp#27;[0m
21:55:33.601 [main] INFO io.cucumber.core.plugin.SerenityReporter - Running feature from file:///C:/Users/ACER/Documents/Mini_Proyek/test-web/src/test/resources/features/Order.feature
21:55:33.605 [main] INFO  - 
  _____   ___   ___   _____     ___   _____     _     ___   _____   ___   ___  
 |_   _| | __| / __| |_   _|   / __| |_   _|   /_\   | _ \ |_   _| | __| |   \ 
   | |   | _|  \__ \   | |     \__ \   | |    / _ \  |   /   | |   | _|  | |) |
   |_|   |___| |___/   |_|     |___/   |_|   /_/ \_\ |_|_\   |_|   |___| |___/ 

Order with add qty(order;order-with-add-qty)
--------------------------------------------------------------------------------
21:55:33.927 [main] INFO net.serenitybdd.core.webdriver.driverproviders.ChromeDriverProvider - Using automatically driver download
21:55:34.291 [AsyncHttpClient-1-1] DEBUG org.asynchttpclient.netty.channel.DefaultChannelPool - Entry count for : http://localhost:58184 : 1
21:55:34.291 [AsyncHttpClient-1-1] DEBUG org.asynchttpclient.netty.channel.DefaultChannelPool - Entry count for : http://localhost:52297 : 1
21:55:34.291 [AsyncHttpClient-1-1] DEBUG org.asynchttpclient.netty.channel.DefaultChannelPool - Adding Candidate expired Channel [id: 0x2748b8b8, L:/127.0.0.1:52296 ! R:localhost/127.0.0.1:58184] isIdleTimeoutExpired=false isRemotelyClosed=true isTtlExpired=false
21:55:34.488 [AsyncHttpClient-1-1] DEBUG org.asynchttpclient.netty.channel.DefaultChannelPool - Closing Idle Channel [id: 0x2748b8b8, L:/127.0.0.1:52296 ! R:localhost/127.0.0.1:58184]
21:55:34.488 [AsyncHttpClient-1-1] DEBUG org.asynchttpclient.netty.channel.DefaultChannelPool - Adding Candidate expired Channel [id: 0x6b036d42, L:/127.0.0.1:52303 ! R:localhost/127.0.0.1:52297] isIdleTimeoutExpired=false isRemotelyClosed=true isTtlExpired=false
21:55:34.488 [AsyncHttpClient-1-1] DEBUG org.asynchttpclient.netty.channel.DefaultChannelPool - Closing Idle Channel [id: 0x6b036d42, L:/127.0.0.1:52303 ! R:localhost/127.0.0.1:52297]
21:55:34.488 [AsyncHttpClient-1-1] DEBUG org.asynchttpclient.netty.channel.DefaultChannelPool - Closed 2 connections out of 2 in 197 ms
21:55:35.505 [main] DEBUG io.github.bonigarcia.wdm.cache.ResolutionCache - Resolution chrome=107 in cache (valid until 22:53:45 04/11/2022 ICT)
21:55:35.515 [main] DEBUG io.github.bonigarcia.wdm.cache.ResolutionCache - Resolution chrome107=107.0.5304.62 in cache (valid until 21:53:45 05/11/2022 ICT)
21:55:35.520 [main] INFO io.github.bonigarcia.wdm.WebDriverManager - Using chromedriver 107.0.5304.62 (resolved driver for Chrome 107)
21:55:35.544 [main] DEBUG io.github.bonigarcia.wdm.WebDriverManager - Driver chromedriver 107.0.5304.62 found in cache
21:55:35.545 [main] INFO io.github.bonigarcia.wdm.WebDriverManager - Exporting webdriver.chrome.driver as C:\Users\ACER\.cache\selenium\chromedriver\win32\107.0.5304.62\chromedriver.exe
21:55:36.093 [main] DEBUG net.serenitybdd.core.webdriver.driverproviders.ProvideNewDriver - Instantiating driver
21:55:36.093 [main] DEBUG net.serenitybdd.core.webdriver.driverproviders.ProvideNewDriver - Driver capabilities: Capabilities {acceptInsecureCerts: false, base.url: https://alta-shop.vercel.app, browserName: chrome, chrome.driver: src/test/resources/webdrive..., driver: chrome, goog:chromeOptions: {args: [], extensions: []}, wait.for.timeout: 15000}
21:55:36.224 [AsyncHttpClient-1-2] DEBUG org.asynchttpclient.netty.channel.NettyConnectListener - Using new Channel '[id: 0xc8e3bfb4, L:/127.0.0.1:52320 - R:localhost/127.0.0.1:61351]' for 'POST' to '/session'
21:55:37.307 [AsyncHttpClient-1-2] DEBUG org.asynchttpclient.netty.handler.HttpHandler - 

Request DefaultHttpRequest(decodeResult: success, version: HTTP/1.1)
POST /session HTTP/1.1
User-Agent: selenium/4.1.2 (java windows)
Content-Length: 640
Content-Type: application/json; charset=utf-8
host: localhost:61351
accept: */*

Response DefaultHttpResponse(decodeResult: success, version: HTTP/1.1)
HTTP/1.1 200 OK
Content-Type: application/json; charset=utf-8
cache-control: no-cache
content-length: 788

21:55:37.308 [AsyncHttpClient-1-2] DEBUG org.asynchttpclient.netty.channel.ChannelManager - Adding key: http://localhost:61351 for channel [id: 0xc8e3bfb4, L:/127.0.0.1:52320 - R:localhost/127.0.0.1:61351]
21:55:37.319 [AsyncHttpClient-1-3] DEBUG org.asynchttpclient.netty.channel.NettyConnectListener - Using new Channel '[id: 0x8ef01221, L:/127.0.0.1:52326 - R:localhost/127.0.0.1:52321]' for 'GET' to '/json/version'
21:55:37.320 [AsyncHttpClient-1-3] DEBUG org.asynchttpclient.netty.handler.HttpHandler - 

Request DefaultFullHttpRequest(decodeResult: success, version: HTTP/1.1, content: EmptyByteBufBE)
GET /json/version HTTP/1.1
User-Agent: selenium/4.1.2 (java windows)
host: localhost:52321
accept: */*

Response DefaultHttpResponse(decodeResult: success, version: HTTP/1.1)
HTTP/1.1 200 OK
Content-Type: application/json; charset=UTF-8
content-length: 423

21:55:37.320 [AsyncHttpClient-1-3] DEBUG org.asynchttpclient.netty.channel.ChannelManager - Adding key: http://localhost:52321 for channel [id: 0x8ef01221, L:/127.0.0.1:52326 - R:localhost/127.0.0.1:52321]
21:55:37.326 [AsyncHttpClient-1-4] DEBUG org.asynchttpclient.netty.channel.NettyConnectListener - Using new Channel '[id: 0xf69ed206, L:/127.0.0.1:52327 - R:localhost/127.0.0.1:52321]' for 'GET' to '/devtools/browser/7a5bb676-ffa0-4022-bd80-e28e1ae10878'
21:55:37.327 [AsyncHttpClient-1-4] DEBUG org.asynchttpclient.netty.handler.WebSocketHandler - 

Request DefaultFullHttpRequest(decodeResult: success, version: HTTP/1.1, content: EmptyByteBufBE)
GET /devtools/browser/7a5bb676-ffa0-4022-bd80-e28e1ae10878 HTTP/1.1
upgrade: websocket
connection: upgrade
sec-websocket-key: J/TTPLtn7+qLqDMFwxKyhA==
sec-websocket-version: 13
origin: http://localhost:52321
host: localhost:52321
accept: */*
user-agent: AHC/2.1

Response DefaultHttpResponse(decodeResult: success, version: HTTP/1.1)
HTTP/1.1 101 WebSocket Protocol Handshake
Upgrade: WebSocket
Connection: Upgrade
Sec-WebSocket-Accept: x7hToLP88FzvxwR25svSL4kxNCc=

21:55:37.334 [Forwarding get on session be324589cb0792c435bfc25b9e24daf6 to remote] DEBUG org.asynchttpclient.netty.request.NettyRequestSender - Using pooled Channel '[id: 0xc8e3bfb4, L:/127.0.0.1:52320 - R:localhost/127.0.0.1:61351]' for 'POST' to 'http://localhost:61351/session/be324589cb0792c435bfc25b9e24daf6/url'
21:55:37.334 [Forwarding get on session be324589cb0792c435bfc25b9e24daf6 to remote] DEBUG org.asynchttpclient.netty.request.NettyRequestSender - Using open Channel [id: 0xc8e3bfb4, L:/127.0.0.1:52320 - R:localhost/127.0.0.1:61351] for POST '/session/be324589cb0792c435bfc25b9e24daf6/url'
21:55:37.986 [AsyncHttpClient-1-1] DEBUG org.asynchttpclient.netty.channel.DefaultChannelPool - Entry count for : http://localhost:52321 : 1
21:55:38.647 [AsyncHttpClient-1-2] DEBUG org.asynchttpclient.netty.handler.HttpHandler - 

Request DefaultHttpRequest(decodeResult: success, version: HTTP/1.1)
POST /session/be324589cb0792c435bfc25b9e24daf6/url HTTP/1.1
User-Agent: selenium/4.1.2 (java windows)
Content-Length: 59
Content-Type: application/json; charset=utf-8
host: localhost:61351
accept: */*

Response DefaultHttpResponse(decodeResult: success, version: HTTP/1.1)
HTTP/1.1 200 OK
Content-Type: application/json; charset=utf-8
cache-control: no-cache
content-length: 14

21:55:38.648 [AsyncHttpClient-1-2] DEBUG org.asynchttpclient.netty.channel.ChannelManager - Adding key: http://localhost:61351 for channel [id: 0xc8e3bfb4, L:/127.0.0.1:52320 - R:localhost/127.0.0.1:61351]
21:55:38.650 [Forwarding setTimeout on session be324589cb0792c435bfc25b9e24daf6 to remote] DEBUG org.asynchttpclient.netty.request.NettyRequestSender - Using pooled Channel '[id: 0xc8e3bfb4, L:/127.0.0.1:52320 - R:localhost/127.0.0.1:61351]' for 'POST' to 'http://localhost:61351/session/be324589cb0792c435bfc25b9e24daf6/timeouts'
21:55:38.650 [Forwarding setTimeout on session be324589cb0792c435bfc25b9e24daf6 to remote] DEBUG org.asynchttpclient.netty.request.NettyRequestSender - Using open Channel [id: 0xc8e3bfb4, L:/127.0.0.1:52320 - R:localhost/127.0.0.1:61351] for POST '/session/be324589cb0792c435bfc25b9e24daf6/timeouts'
21:55:38.655 [AsyncHttpClient-1-2] DEBUG org.asynchttpclient.netty.handler.HttpHandler - 

Request DefaultHttpRequest(decodeResult: success, version: HTTP/1.1)
POST /session/be324589cb0792c435bfc25b9e24daf6/timeouts HTTP/1.1
User-Agent: selenium/4.1.2 (java windows)
Content-Length: 22
Content-Type: application/json; charset=utf-8
host: localhost:61351
accept: */*

Response DefaultHttpResponse(decodeResult: success, version: HTTP/1.1)
HTTP/1.1 200 OK
Content-Type: application/json; charset=utf-8
cache-control: no-cache
content-length: 14

21:55:38.655 [AsyncHttpClient-1-2] DEBUG org.asynchttpclient.netty.channel.ChannelManager - Adding key: http://localhost:61351 for channel [id: 0xc8e3bfb4, L:/127.0.0.1:52320 - R:localhost/127.0.0.1:61351]
21:55:38.661 [Forwarding getCurrentUrl on session be324589cb0792c435bfc25b9e24daf6 to remote] DEBUG org.asynchttpclient.netty.request.NettyRequestSender - Using pooled Channel '[id: 0xc8e3bfb4, L:/127.0.0.1:52320 - R:localhost/127.0.0.1:61351]' for 'GET' to 'http://localhost:61351/session/be324589cb0792c435bfc25b9e24daf6/url'
21:55:38.661 [Forwarding getCurrentUrl on session be324589cb0792c435bfc25b9e24daf6 to remote] DEBUG org.asynchttpclient.netty.request.NettyRequestSender - Using open Channel [id: 0xc8e3bfb4, L:/127.0.0.1:52320 - R:localhost/127.0.0.1:61351] for GET '/session/be324589cb0792c435bfc25b9e24daf6/url'
21:55:38.682 [AsyncHttpClient-1-2] DEBUG org.asynchttpclient.netty.handler.HttpHandler - 

Request DefaultFullHttpRequest(decodeResult: success, version: HTTP/1.1, content: EmptyByteBufBE)
GET /session/be324589cb0792c435bfc25b9e24daf6/url HTTP/1.1
User-Agent: selenium/4.1.2 (java windows)
Cache-Control: no-cache
Content-Type: application/json; charset=utf-8
host: localhost:61351
accept: */*

Response DefaultHttpResponse(decodeResult: success, version: HTTP/1.1)
HTTP/1.1 200 OK
Content-Type: application/json; charset=utf-8
cache-control: no-cache
content-length: 41

21:55:38.683 [AsyncHttpClient-1-2] DEBUG org.asynchttpclient.netty.channel.ChannelManager - Adding key: http://localhost:61351 for channel [id: 0xc8e3bfb4, L:/127.0.0.1:52320 - R:localhost/127.0.0.1:61351]
21:55:38.694 [Forwarding findElement on session be324589cb0792c435bfc25b9e24daf6 to remote] DEBUG org.asynchttpclient.netty.request.NettyRequestSender - Using pooled Channel '[id: 0xc8e3bfb4, L:/127.0.0.1:52320 - R:localhost/127.0.0.1:61351]' for 'POST' to 'http://localhost:61351/session/be324589cb0792c435bfc25b9e24daf6/element'
21:55:38.694 [Forwarding findElement on session be324589cb0792c435bfc25b9e24daf6 to remote] DEBUG org.asynchttpclient.netty.request.NettyRequestSender - Using open Channel [id: 0xc8e3bfb4, L:/127.0.0.1:52320 - R:localhost/127.0.0.1:61351] for POST '/session/be324589cb0792c435bfc25b9e24daf6/element'
21:55:38.723 [AsyncHttpClient-1-2] DEBUG org.asynchttpclient.netty.handler.HttpHandler - 

Request DefaultHttpRequest(decodeResult: success, version: HTTP/1.1)
POST /session/be324589cb0792c435bfc25b9e24daf6/element HTTP/1.1
User-Agent: selenium/4.1.2 (java windows)
Content-Length: 97
Content-Type: application/json; charset=utf-8
host: localhost:61351
accept: */*

Response DefaultHttpResponse(decodeResult: success, version: HTTP/1.1)
HTTP/1.1 200 OK
Content-Type: application/json; charset=utf-8
cache-control: no-cache
content-length: 88

21:55:38.723 [AsyncHttpClient-1-2] DEBUG org.asynchttpclient.netty.channel.ChannelManager - Adding key: http://localhost:61351 for channel [id: 0xc8e3bfb4, L:/127.0.0.1:52320 - R:localhost/127.0.0.1:61351]
21:55:38.726 [Forwarding getElementTagName on session be324589cb0792c435bfc25b9e24daf6 to remote] DEBUG org.asynchttpclient.netty.request.NettyRequestSender - Using pooled Channel '[id: 0xc8e3bfb4, L:/127.0.0.1:52320 - R:localhost/127.0.0.1:61351]' for 'GET' to 'http://localhost:61351/session/be324589cb0792c435bfc25b9e24daf6/element/3b038c31-e80f-4a06-8281-a8066dfe9ffa/name'
21:55:38.726 [Forwarding getElementTagName on session be324589cb0792c435bfc25b9e24daf6 to remote] DEBUG org.asynchttpclient.netty.request.NettyRequestSender - Using open Channel [id: 0xc8e3bfb4, L:/127.0.0.1:52320 - R:localhost/127.0.0.1:61351] for GET '/session/be324589cb0792c435bfc25b9e24daf6/element/3b038c31-e80f-4a06-8281-a8066dfe9ffa/name'
21:55:38.744 [AsyncHttpClient-1-2] DEBUG org.asynchttpclient.netty.handler.HttpHandler - 

Request DefaultFullHttpRequest(decodeResult: success, version: HTTP/1.1, content: EmptyByteBufBE)
GET /session/be324589cb0792c435bfc25b9e24daf6/element/3b038c31-e80f-4a06-8281-a8066dfe9ffa/name HTTP/1.1
User-Agent: selenium/4.1.2 (java windows)
Cache-Control: no-cache
Content-Type: application/json; charset=utf-8
host: localhost:61351
accept: */*

Response DefaultHttpResponse(decodeResult: success, version: HTTP/1.1)
HTTP/1.1 200 OK
Content-Type: application/json; charset=utf-8
cache-control: no-cache
content-length: 13

21:55:38.744 [AsyncHttpClient-1-2] DEBUG org.asynchttpclient.netty.channel.ChannelManager - Adding key: http://localhost:61351 for channel [id: 0xc8e3bfb4, L:/127.0.0.1:52320 - R:localhost/127.0.0.1:61351]
21:55:38.746 [Forwarding getElementTagName on session be324589cb0792c435bfc25b9e24daf6 to remote] DEBUG org.asynchttpclient.netty.request.NettyRequestSender - Using pooled Channel '[id: 0xc8e3bfb4, L:/127.0.0.1:52320 - R:localhost/127.0.0.1:61351]' for 'GET' to 'http://localhost:61351/session/be324589cb0792c435bfc25b9e24daf6/element/3b038c31-e80f-4a06-8281-a8066dfe9ffa/name'
21:55:38.746 [Forwarding getElementTagName on session be324589cb0792c435bfc25b9e24daf6 to remote] DEBUG org.asynchttpclient.netty.request.NettyRequestSender - Using open Channel [id: 0xc8e3bfb4, L:/127.0.0.1:52320 - R:localhost/127.0.0.1:61351] for GET '/session/be324589cb0792c435bfc25b9e24daf6/element/3b038c31-e80f-4a06-8281-a8066dfe9ffa/name'
21:55:38.762 [AsyncHttpClient-1-2] DEBUG org.asynchttpclient.netty.handler.HttpHandler - 

Request DefaultFullHttpRequest(decodeResult: success, version: HTTP/1.1, content: EmptyByteBufBE)
GET /session/be324589cb0792c435bfc25b9e24daf6/element/3b038c31-e80f-4a06-8281-a8066dfe9ffa/name HTTP/1.1
User-Agent: selenium/4.1.2 (java windows)
Cache-Control: no-cache
Content-Type: application/json; charset=utf-8
host: localhost:61351
accept: */*

Response DefaultHttpResponse(decodeResult: success, version: HTTP/1.1)
HTTP/1.1 200 OK
Content-Type: application/json; charset=utf-8
cache-control: no-cache
content-length: 13

21:55:38.762 [AsyncHttpClient-1-2] DEBUG org.asynchttpclient.netty.channel.ChannelManager - Adding key: http://localhost:61351 for channel [id: 0xc8e3bfb4, L:/127.0.0.1:52320 - R:localhost/127.0.0.1:61351]
21:55:38.765 [Forwarding findElement on session be324589cb0792c435bfc25b9e24daf6 to remote] DEBUG org.asynchttpclient.netty.request.NettyRequestSender - Using pooled Channel '[id: 0xc8e3bfb4, L:/127.0.0.1:52320 - R:localhost/127.0.0.1:61351]' for 'POST' to 'http://localhost:61351/session/be324589cb0792c435bfc25b9e24daf6/element'
21:55:38.766 [Forwarding findElement on session be324589cb0792c435bfc25b9e24daf6 to remote] DEBUG org.asynchttpclient.netty.request.NettyRequestSender - Using open Channel [id: 0xc8e3bfb4, L:/127.0.0.1:52320 - R:localhost/127.0.0.1:61351] for POST '/session/be324589cb0792c435bfc25b9e24daf6/element'
21:55:38.779 [AsyncHttpClient-1-2] DEBUG org.asynchttpclient.netty.handler.HttpHandler - 

Request DefaultHttpRequest(decodeResult: success, version: HTTP/1.1)
POST /session/be324589cb0792c435bfc25b9e24daf6/element HTTP/1.1
User-Agent: selenium/4.1.2 (java windows)
Content-Length: 97
Content-Type: application/json; charset=utf-8
host: localhost:61351
accept: */*

Response DefaultHttpResponse(decodeResult: success, version: HTTP/1.1)
HTTP/1.1 200 OK
Content-Type: application/json; charset=utf-8
cache-control: no-cache
content-length: 88

21:55:38.780 [AsyncHttpClient-1-2] DEBUG org.asynchttpclient.netty.channel.ChannelManager - Adding key: http://localhost:61351 for channel [id: 0xc8e3bfb4, L:/127.0.0.1:52320 - R:localhost/127.0.0.1:61351]
21:55:38.782 [Forwarding clickElement on session be324589cb0792c435bfc25b9e24daf6 to remote] DEBUG org.asynchttpclient.netty.request.NettyRequestSender - Using pooled Channel '[id: 0xc8e3bfb4, L:/127.0.0.1:52320 - R:localhost/127.0.0.1:61351]' for 'POST' to 'http://localhost:61351/session/be324589cb0792c435bfc25b9e24daf6/element/3b038c31-e80f-4a06-8281-a8066dfe9ffa/click'
21:55:38.782 [Forwarding clickElement on session be324589cb0792c435bfc25b9e24daf6 to remote] DEBUG org.asynchttpclient.netty.request.NettyRequestSender - Using open Channel [id: 0xc8e3bfb4, L:/127.0.0.1:52320 - R:localhost/127.0.0.1:61351] for POST '/session/be324589cb0792c435bfc25b9e24daf6/element/3b038c31-e80f-4a06-8281-a8066dfe9ffa/click'
21:55:39.048 [AsyncHttpClient-1-2] DEBUG org.asynchttpclient.netty.handler.HttpHandler - 

Request DefaultHttpRequest(decodeResult: success, version: HTTP/1.1)
POST /session/be324589cb0792c435bfc25b9e24daf6/element/3b038c31-e80f-4a06-8281-a8066dfe9ffa/click HTTP/1.1
User-Agent: selenium/4.1.2 (java windows)
Content-Length: 50
Content-Type: application/json; charset=utf-8
host: localhost:61351
accept: */*

Response DefaultHttpResponse(decodeResult: success, version: HTTP/1.1)
HTTP/1.1 200 OK
Content-Type: application/json; charset=utf-8
cache-control: no-cache
content-length: 14

21:55:39.048 [AsyncHttpClient-1-2] DEBUG org.asynchttpclient.netty.channel.ChannelManager - Adding key: http://localhost:61351 for channel [id: 0xc8e3bfb4, L:/127.0.0.1:52320 - R:localhost/127.0.0.1:61351]
21:55:39.063 [Forwarding findElement on session be324589cb0792c435bfc25b9e24daf6 to remote] DEBUG org.asynchttpclient.netty.request.NettyRequestSender - Using pooled Channel '[id: 0xc8e3bfb4, L:/127.0.0.1:52320 - R:localhost/127.0.0.1:61351]' for 'POST' to 'http://localhost:61351/session/be324589cb0792c435bfc25b9e24daf6/element'
21:55:39.063 [Forwarding findElement on session be324589cb0792c435bfc25b9e24daf6 to remote] DEBUG org.asynchttpclient.netty.request.NettyRequestSender - Using open Channel [id: 0xc8e3bfb4, L:/127.0.0.1:52320 - R:localhost/127.0.0.1:61351] for POST '/session/be324589cb0792c435bfc25b9e24daf6/element'
21:55:39.103 [AsyncHttpClient-1-1] DEBUG org.asynchttpclient.netty.channel.DefaultChannelPool - Entry count for : http://localhost:52321 : 1
21:55:39.108 [AsyncHttpClient-1-2] DEBUG org.asynchttpclient.netty.handler.HttpHandler - 

Request DefaultHttpRequest(decodeResult: success, version: HTTP/1.1)
POST /session/be324589cb0792c435bfc25b9e24daf6/element HTTP/1.1
User-Agent: selenium/4.1.2 (java windows)
Content-Length: 88
Content-Type: application/json; charset=utf-8
host: localhost:61351
accept: */*

Response DefaultHttpResponse(decodeResult: success, version: HTTP/1.1)
HTTP/1.1 200 OK
Content-Type: application/json; charset=utf-8
cache-control: no-cache
content-length: 88

21:55:39.108 [AsyncHttpClient-1-2] DEBUG org.asynchttpclient.netty.channel.ChannelManager - Adding key: http://localhost:61351 for channel [id: 0xc8e3bfb4, L:/127.0.0.1:52320 - R:localhost/127.0.0.1:61351]
21:55:39.112 [Forwarding clearElement on session be324589cb0792c435bfc25b9e24daf6 to remote] DEBUG org.asynchttpclient.netty.request.NettyRequestSender - Using pooled Channel '[id: 0xc8e3bfb4, L:/127.0.0.1:52320 - R:localhost/127.0.0.1:61351]' for 'POST' to 'http://localhost:61351/session/be324589cb0792c435bfc25b9e24daf6/element/5b0e6343-d4aa-4c76-a9d1-36cd2c0c8652/clear'
21:55:39.112 [Forwarding clearElement on session be324589cb0792c435bfc25b9e24daf6 to remote] DEBUG org.asynchttpclient.netty.request.NettyRequestSender - Using open Channel [id: 0xc8e3bfb4, L:/127.0.0.1:52320 - R:localhost/127.0.0.1:61351] for POST '/session/be324589cb0792c435bfc25b9e24daf6/element/5b0e6343-d4aa-4c76-a9d1-36cd2c0c8652/clear'
21:55:39.413 [AsyncHttpClient-1-2] DEBUG org.asynchttpclient.netty.handler.HttpHandler - 

Request DefaultHttpRequest(decodeResult: success, version: HTTP/1.1)
POST /session/be324589cb0792c435bfc25b9e24daf6/element/5b0e6343-d4aa-4c76-a9d1-36cd2c0c8652/clear HTTP/1.1
User-Agent: selenium/4.1.2 (java windows)
Content-Length: 50
Content-Type: application/json; charset=utf-8
host: localhost:61351
accept: */*

Response DefaultHttpResponse(decodeResult: success, version: HTTP/1.1)
HTTP/1.1 200 OK
Content-Type: application/json; charset=utf-8
cache-control: no-cache
content-length: 14

21:55:39.413 [AsyncHttpClient-1-2] DEBUG org.asynchttpclient.netty.channel.ChannelManager - Adding key: http://localhost:61351 for channel [id: 0xc8e3bfb4, L:/127.0.0.1:52320 - R:localhost/127.0.0.1:61351]
21:55:39.425 [Forwarding sendKeysToElement on session be324589cb0792c435bfc25b9e24daf6 to remote] DEBUG org.asynchttpclient.netty.request.NettyRequestSender - Using pooled Channel '[id: 0xc8e3bfb4, L:/127.0.0.1:52320 - R:localhost/127.0.0.1:61351]' for 'POST' to 'http://localhost:61351/session/be324589cb0792c435bfc25b9e24daf6/element/5b0e6343-d4aa-4c76-a9d1-36cd2c0c8652/value'
21:55:39.425 [Forwarding sendKeysToElement on session be324589cb0792c435bfc25b9e24daf6 to remote] DEBUG org.asynchttpclient.netty.request.NettyRequestSender - Using open Channel [id: 0xc8e3bfb4, L:/127.0.0.1:52320 - R:localhost/127.0.0.1:61351] for POST '/session/be324589cb0792c435bfc25b9e24daf6/element/5b0e6343-d4aa-4c76-a9d1-36cd2c0c8652/value'
21:55:39.624 [AsyncHttpClient-1-2] DEBUG org.asynchttpclient.netty.handler.HttpHandler - 

Request DefaultHttpRequest(decodeResult: success, version: HTTP/1.1)
POST /session/be324589cb0792c435bfc25b9e24daf6/element/5b0e6343-d4aa-4c76-a9d1-36cd2c0c8652/value HTTP/1.1
User-Agent: selenium/4.1.2 (java windows)
Content-Length: 111
Content-Type: application/json; charset=utf-8
host: localhost:61351
accept: */*

Response DefaultHttpResponse(decodeResult: success, version: HTTP/1.1)
HTTP/1.1 200 OK
Content-Type: application/json; charset=utf-8
cache-control: no-cache
content-length: 14

21:55:39.624 [AsyncHttpClient-1-2] DEBUG org.asynchttpclient.netty.channel.ChannelManager - Adding key: http://localhost:61351 for channel [id: 0xc8e3bfb4, L:/127.0.0.1:52320 - R:localhost/127.0.0.1:61351]
21:55:39.648 [Forwarding findElement on session be324589cb0792c435bfc25b9e24daf6 to remote] DEBUG org.asynchttpclient.netty.request.NettyRequestSender - Using pooled Channel '[id: 0xc8e3bfb4, L:/127.0.0.1:52320 - R:localhost/127.0.0.1:61351]' for 'POST' to 'http://localhost:61351/session/be324589cb0792c435bfc25b9e24daf6/element'
21:55:39.648 [Forwarding findElement on session be324589cb0792c435bfc25b9e24daf6 to remote] DEBUG org.asynchttpclient.netty.request.NettyRequestSender - Using open Channel [id: 0xc8e3bfb4, L:/127.0.0.1:52320 - R:localhost/127.0.0.1:61351] for POST '/session/be324589cb0792c435bfc25b9e24daf6/element'
21:55:39.713 [AsyncHttpClient-1-2] DEBUG org.asynchttpclient.netty.handler.HttpHandler - 

Request DefaultHttpRequest(decodeResult: success, version: HTTP/1.1)
POST /session/be324589cb0792c435bfc25b9e24daf6/element HTTP/1.1
User-Agent: selenium/4.1.2 (java windows)
Content-Length: 97
Content-Type: application/json; charset=utf-8
host: localhost:61351
accept: */*

Response DefaultHttpResponse(decodeResult: success, version: HTTP/1.1)
HTTP/1.1 200 OK
Content-Type: application/json; charset=utf-8
cache-control: no-cache
content-length: 88

21:55:39.713 [AsyncHttpClient-1-2] DEBUG org.asynchttpclient.netty.channel.ChannelManager - Adding key: http://localhost:61351 for channel [id: 0xc8e3bfb4, L:/127.0.0.1:52320 - R:localhost/127.0.0.1:61351]
21:55:39.715 [Forwarding clearElement on session be324589cb0792c435bfc25b9e24daf6 to remote] DEBUG org.asynchttpclient.netty.request.NettyRequestSender - Using pooled Channel '[id: 0xc8e3bfb4, L:/127.0.0.1:52320 - R:localhost/127.0.0.1:61351]' for 'POST' to 'http://localhost:61351/session/be324589cb0792c435bfc25b9e24daf6/element/c1372a6f-3b54-40f9-9cb1-30215ec5d26a/clear'
21:55:39.716 [Forwarding clearElement on session be324589cb0792c435bfc25b9e24daf6 to remote] DEBUG org.asynchttpclient.netty.request.NettyRequestSender - Using open Channel [id: 0xc8e3bfb4, L:/127.0.0.1:52320 - R:localhost/127.0.0.1:61351] for POST '/session/be324589cb0792c435bfc25b9e24daf6/element/c1372a6f-3b54-40f9-9cb1-30215ec5d26a/clear'
21:55:39.807 [AsyncHttpClient-1-2] DEBUG org.asynchttpclient.netty.handler.HttpHandler - 

Request DefaultHttpRequest(decodeResult: success, version: HTTP/1.1)
POST /session/be324589cb0792c435bfc25b9e24daf6/element/c1372a6f-3b54-40f9-9cb1-30215ec5d26a/clear HTTP/1.1
User-Agent: selenium/4.1.2 (java windows)
Content-Length: 50
Content-Type: application/json; charset=utf-8
host: localhost:61351
accept: */*

Response DefaultHttpResponse(decodeResult: success, version: HTTP/1.1)
HTTP/1.1 200 OK
Content-Type: application/json; charset=utf-8
cache-control: no-cache
content-length: 14

21:55:39.807 [AsyncHttpClient-1-2] DEBUG org.asynchttpclient.netty.channel.ChannelManager - Adding key: http://localhost:61351 for channel [id: 0xc8e3bfb4, L:/127.0.0.1:52320 - R:localhost/127.0.0.1:61351]
21:55:39.811 [Forwarding sendKeysToElement on session be324589cb0792c435bfc25b9e24daf6 to remote] DEBUG org.asynchttpclient.netty.request.NettyRequestSender - Using pooled Channel '[id: 0xc8e3bfb4, L:/127.0.0.1:52320 - R:localhost/127.0.0.1:61351]' for 'POST' to 'http://localhost:61351/session/be324589cb0792c435bfc25b9e24daf6/element/c1372a6f-3b54-40f9-9cb1-30215ec5d26a/value'
21:55:39.811 [Forwarding sendKeysToElement on session be324589cb0792c435bfc25b9e24daf6 to remote] DEBUG org.asynchttpclient.netty.request.NettyRequestSender - Using open Channel [id: 0xc8e3bfb4, L:/127.0.0.1:52320 - R:localhost/127.0.0.1:61351] for POST '/session/be324589cb0792c435bfc25b9e24daf6/element/c1372a6f-3b54-40f9-9cb1-30215ec5d26a/value'
21:55:40.180 [AsyncHttpClient-1-1] DEBUG org.asynchttpclient.netty.channel.DefaultChannelPool - Entry count for : http://localhost:52321 : 1
21:55:40.185 [AsyncHttpClient-1-2] DEBUG org.asynchttpclient.netty.handler.HttpHandler - 

Request DefaultHttpRequest(decodeResult: success, version: HTTP/1.1)
POST /session/be324589cb0792c435bfc25b9e24daf6/element/c1372a6f-3b54-40f9-9cb1-30215ec5d26a/value HTTP/1.1
User-Agent: selenium/4.1.2 (java windows)
Content-Length: 191
Content-Type: application/json; charset=utf-8
host: localhost:61351
accept: */*

Response DefaultHttpResponse(decodeResult: success, version: HTTP/1.1)
HTTP/1.1 200 OK
Content-Type: application/json; charset=utf-8
cache-control: no-cache
content-length: 14

21:55:40.185 [AsyncHttpClient-1-2] DEBUG org.asynchttpclient.netty.channel.ChannelManager - Adding key: http://localhost:61351 for channel [id: 0xc8e3bfb4, L:/127.0.0.1:52320 - R:localhost/127.0.0.1:61351]
21:55:40.200 [Forwarding findElement on session be324589cb0792c435bfc25b9e24daf6 to remote] DEBUG org.asynchttpclient.netty.request.NettyRequestSender - Using pooled Channel '[id: 0xc8e3bfb4, L:/127.0.0.1:52320 - R:localhost/127.0.0.1:61351]' for 'POST' to 'http://localhost:61351/session/be324589cb0792c435bfc25b9e24daf6/element'
21:55:40.200 [Forwarding findElement on session be324589cb0792c435bfc25b9e24daf6 to remote] DEBUG org.asynchttpclient.netty.request.NettyRequestSender - Using open Channel [id: 0xc8e3bfb4, L:/127.0.0.1:52320 - R:localhost/127.0.0.1:61351] for POST '/session/be324589cb0792c435bfc25b9e24daf6/element'
21:55:40.235 [AsyncHttpClient-1-2] DEBUG org.asynchttpclient.netty.handler.HttpHandler - 

Request DefaultHttpRequest(decodeResult: success, version: HTTP/1.1)
POST /session/be324589cb0792c435bfc25b9e24daf6/element HTTP/1.1
User-Agent: selenium/4.1.2 (java windows)
Content-Length: 83
Content-Type: application/json; charset=utf-8
host: localhost:61351
accept: */*

Response DefaultHttpResponse(decodeResult: success, version: HTTP/1.1)
HTTP/1.1 200 OK
Content-Type: application/json; charset=utf-8
cache-control: no-cache
content-length: 88

21:55:40.235 [AsyncHttpClient-1-2] DEBUG org.asynchttpclient.netty.channel.ChannelManager - Adding key: http://localhost:61351 for channel [id: 0xc8e3bfb4, L:/127.0.0.1:52320 - R:localhost/127.0.0.1:61351]
21:55:40.241 [Forwarding getElementTagName on session be324589cb0792c435bfc25b9e24daf6 to remote] DEBUG org.asynchttpclient.netty.request.NettyRequestSender - Using pooled Channel '[id: 0xc8e3bfb4, L:/127.0.0.1:52320 - R:localhost/127.0.0.1:61351]' for 'GET' to 'http://localhost:61351/session/be324589cb0792c435bfc25b9e24daf6/element/ecd6ffbf-6586-4b53-9141-1ed5d90be41a/name'
21:55:40.241 [Forwarding getElementTagName on session be324589cb0792c435bfc25b9e24daf6 to remote] DEBUG org.asynchttpclient.netty.request.NettyRequestSender - Using open Channel [id: 0xc8e3bfb4, L:/127.0.0.1:52320 - R:localhost/127.0.0.1:61351] for GET '/session/be324589cb0792c435bfc25b9e24daf6/element/ecd6ffbf-6586-4b53-9141-1ed5d90be41a/name'
21:55:40.254 [AsyncHttpClient-1-2] DEBUG org.asynchttpclient.netty.handler.HttpHandler - 

Request DefaultFullHttpRequest(decodeResult: success, version: HTTP/1.1, content: EmptyByteBufBE)
GET /session/be324589cb0792c435bfc25b9e24daf6/element/ecd6ffbf-6586-4b53-9141-1ed5d90be41a/name HTTP/1.1
User-Agent: selenium/4.1.2 (java windows)
Cache-Control: no-cache
Content-Type: application/json; charset=utf-8
host: localhost:61351
accept: */*

Response DefaultHttpResponse(decodeResult: success, version: HTTP/1.1)
HTTP/1.1 200 OK
Content-Type: application/json; charset=utf-8
cache-control: no-cache
content-length: 16

21:55:40.254 [AsyncHttpClient-1-2] DEBUG org.asynchttpclient.netty.channel.ChannelManager - Adding key: http://localhost:61351 for channel [id: 0xc8e3bfb4, L:/127.0.0.1:52320 - R:localhost/127.0.0.1:61351]
21:55:40.259 [Forwarding getElementTagName on session be324589cb0792c435bfc25b9e24daf6 to remote] DEBUG org.asynchttpclient.netty.request.NettyRequestSender - Using pooled Channel '[id: 0xc8e3bfb4, L:/127.0.0.1:52320 - R:localhost/127.0.0.1:61351]' for 'GET' to 'http://localhost:61351/session/be324589cb0792c435bfc25b9e24daf6/element/ecd6ffbf-6586-4b53-9141-1ed5d90be41a/name'
21:55:40.259 [Forwarding getElementTagName on session be324589cb0792c435bfc25b9e24daf6 to remote] DEBUG org.asynchttpclient.netty.request.NettyRequestSender - Using open Channel [id: 0xc8e3bfb4, L:/127.0.0.1:52320 - R:localhost/127.0.0.1:61351] for GET '/session/be324589cb0792c435bfc25b9e24daf6/element/ecd6ffbf-6586-4b53-9141-1ed5d90be41a/name'
21:55:40.266 [AsyncHttpClient-1-2] DEBUG org.asynchttpclient.netty.handler.HttpHandler - 

Request DefaultFullHttpRequest(decodeResult: success, version: HTTP/1.1, content: EmptyByteBufBE)
GET /session/be324589cb0792c435bfc25b9e24daf6/element/ecd6ffbf-6586-4b53-9141-1ed5d90be41a/name HTTP/1.1
User-Agent: selenium/4.1.2 (java windows)
Cache-Control: no-cache
Content-Type: application/json; charset=utf-8
host: localhost:61351
accept: */*

Response DefaultHttpResponse(decodeResult: success, version: HTTP/1.1)
HTTP/1.1 200 OK
Content-Type: application/json; charset=utf-8
cache-control: no-cache
content-length: 16

21:55:40.267 [AsyncHttpClient-1-2] DEBUG org.asynchttpclient.netty.channel.ChannelManager - Adding key: http://localhost:61351 for channel [id: 0xc8e3bfb4, L:/127.0.0.1:52320 - R:localhost/127.0.0.1:61351]
21:55:40.270 [Forwarding findElement on session be324589cb0792c435bfc25b9e24daf6 to remote] DEBUG org.asynchttpclient.netty.request.NettyRequestSender - Using pooled Channel '[id: 0xc8e3bfb4, L:/127.0.0.1:52320 - R:localhost/127.0.0.1:61351]' for 'POST' to 'http://localhost:61351/session/be324589cb0792c435bfc25b9e24daf6/element'
21:55:40.270 [Forwarding findElement on session be324589cb0792c435bfc25b9e24daf6 to remote] DEBUG org.asynchttpclient.netty.request.NettyRequestSender - Using open Channel [id: 0xc8e3bfb4, L:/127.0.0.1:52320 - R:localhost/127.0.0.1:61351] for POST '/session/be324589cb0792c435bfc25b9e24daf6/element'
21:55:40.286 [AsyncHttpClient-1-2] DEBUG org.asynchttpclient.netty.handler.HttpHandler - 

Request DefaultHttpRequest(decodeResult: success, version: HTTP/1.1)
POST /session/be324589cb0792c435bfc25b9e24daf6/element HTTP/1.1
User-Agent: selenium/4.1.2 (java windows)
Content-Length: 83
Content-Type: application/json; charset=utf-8
host: localhost:61351
accept: */*

Response DefaultHttpResponse(decodeResult: success, version: HTTP/1.1)
HTTP/1.1 200 OK
Content-Type: application/json; charset=utf-8
cache-control: no-cache
content-length: 88

21:55:40.286 [AsyncHttpClient-1-2] DEBUG org.asynchttpclient.netty.channel.ChannelManager - Adding key: http://localhost:61351 for channel [id: 0xc8e3bfb4, L:/127.0.0.1:52320 - R:localhost/127.0.0.1:61351]
21:55:40.290 [Forwarding clickElement on session be324589cb0792c435bfc25b9e24daf6 to remote] DEBUG org.asynchttpclient.netty.request.NettyRequestSender - Using pooled Channel '[id: 0xc8e3bfb4, L:/127.0.0.1:52320 - R:localhost/127.0.0.1:61351]' for 'POST' to 'http://localhost:61351/session/be324589cb0792c435bfc25b9e24daf6/element/ecd6ffbf-6586-4b53-9141-1ed5d90be41a/click'
21:55:40.290 [Forwarding clickElement on session be324589cb0792c435bfc25b9e24daf6 to remote] DEBUG org.asynchttpclient.netty.request.NettyRequestSender - Using open Channel [id: 0xc8e3bfb4, L:/127.0.0.1:52320 - R:localhost/127.0.0.1:61351] for POST '/session/be324589cb0792c435bfc25b9e24daf6/element/ecd6ffbf-6586-4b53-9141-1ed5d90be41a/click'
21:55:40.399 [AsyncHttpClient-1-2] DEBUG org.asynchttpclient.netty.handler.HttpHandler - 

Request DefaultHttpRequest(decodeResult: success, version: HTTP/1.1)
POST /session/be324589cb0792c435bfc25b9e24daf6/element/ecd6ffbf-6586-4b53-9141-1ed5d90be41a/click HTTP/1.1
User-Agent: selenium/4.1.2 (java windows)
Content-Length: 50
Content-Type: application/json; charset=utf-8
host: localhost:61351
accept: */*

Response DefaultHttpResponse(decodeResult: success, version: HTTP/1.1)
HTTP/1.1 200 OK
Content-Type: application/json; charset=utf-8
cache-control: no-cache
content-length: 14

21:55:40.399 [AsyncHttpClient-1-2] DEBUG org.asynchttpclient.netty.channel.ChannelManager - Adding key: http://localhost:61351 for channel [id: 0xc8e3bfb4, L:/127.0.0.1:52320 - R:localhost/127.0.0.1:61351]
21:55:40.412 [Forwarding findElement on session be324589cb0792c435bfc25b9e24daf6 to remote] DEBUG org.asynchttpclient.netty.request.NettyRequestSender - Using pooled Channel '[id: 0xc8e3bfb4, L:/127.0.0.1:52320 - R:localhost/127.0.0.1:61351]' for 'POST' to 'http://localhost:61351/session/be324589cb0792c435bfc25b9e24daf6/element'
21:55:40.412 [Forwarding findElement on session be324589cb0792c435bfc25b9e24daf6 to remote] DEBUG org.asynchttpclient.netty.request.NettyRequestSender - Using open Channel [id: 0xc8e3bfb4, L:/127.0.0.1:52320 - R:localhost/127.0.0.1:61351] for POST '/session/be324589cb0792c435bfc25b9e24daf6/element'
21:55:40.450 [AsyncHttpClient-1-2] DEBUG org.asynchttpclient.netty.handler.HttpHandler - 

Request DefaultHttpRequest(decodeResult: success, version: HTTP/1.1)
POST /session/be324589cb0792c435bfc25b9e24daf6/element HTTP/1.1
User-Agent: selenium/4.1.2 (java windows)
Content-Length: 125
Content-Type: application/json; charset=utf-8
host: localhost:61351
accept: */*

Response DefaultHttpResponse(decodeResult: success, version: HTTP/1.1)
HTTP/1.1 200 OK
Content-Type: application/json; charset=utf-8
cache-control: no-cache
content-length: 88

21:55:40.450 [AsyncHttpClient-1-2] DEBUG org.asynchttpclient.netty.channel.ChannelManager - Adding key: http://localhost:61351 for channel [id: 0xc8e3bfb4, L:/127.0.0.1:52320 - R:localhost/127.0.0.1:61351]
21:55:40.458 [Forwarding isElementDisplayed on session be324589cb0792c435bfc25b9e24daf6 to remote] DEBUG org.asynchttpclient.netty.request.NettyRequestSender - Using pooled Channel '[id: 0xc8e3bfb4, L:/127.0.0.1:52320 - R:localhost/127.0.0.1:61351]' for 'POST' to 'http://localhost:61351/session/be324589cb0792c435bfc25b9e24daf6/execute/sync'
21:55:40.458 [Forwarding isElementDisplayed on session be324589cb0792c435bfc25b9e24daf6 to remote] DEBUG org.asynchttpclient.netty.request.NettyRequestSender - Using open Channel [id: 0xc8e3bfb4, L:/127.0.0.1:52320 - R:localhost/127.0.0.1:61351] for POST '/session/be324589cb0792c435bfc25b9e24daf6/execute/sync'
21:55:40.504 [AsyncHttpClient-1-2] DEBUG org.asynchttpclient.netty.handler.HttpHandler - 

Request DefaultHttpRequest(decodeResult: success, version: HTTP/1.1)
POST /session/be324589cb0792c435bfc25b9e24daf6/execute/sync HTTP/1.1
User-Agent: selenium/4.1.2 (java windows)
Content-Length: 48780
Content-Type: application/json; charset=utf-8
host: localhost:61351
accept: */*

Response DefaultHttpResponse(decodeResult: success, version: HTTP/1.1)
HTTP/1.1 200 OK
Content-Type: application/json; charset=utf-8
cache-control: no-cache
content-length: 14

21:55:40.504 [AsyncHttpClient-1-2] DEBUG org.asynchttpclient.netty.channel.ChannelManager - Adding key: http://localhost:61351 for channel [id: 0xc8e3bfb4, L:/127.0.0.1:52320 - R:localhost/127.0.0.1:61351]
  &amp#27;[32mGiven &amp#27;[0m&amp#27;[32mI have logged in&amp#27;[0m         &amp#27;[90m# starter.stepdefinitions.LogoutSteps.iHaveLoggedIn()&amp#27;[0m
21:55:40.522 [Forwarding screenshot on session be324589cb0792c435bfc25b9e24daf6 to remote] DEBUG org.asynchttpclient.netty.request.NettyRequestSender - Using pooled Channel '[id: 0xc8e3bfb4, L:/127.0.0.1:52320 - R:localhost/127.0.0.1:61351]' for 'GET' to 'http://localhost:61351/session/be324589cb0792c435bfc25b9e24daf6/screenshot'
21:55:40.522 [Forwarding screenshot on session be324589cb0792c435bfc25b9e24daf6 to remote] DEBUG org.asynchttpclient.netty.request.NettyRequestSender - Using open Channel [id: 0xc8e3bfb4, L:/127.0.0.1:52320 - R:localhost/127.0.0.1:61351] for GET '/session/be324589cb0792c435bfc25b9e24daf6/screenshot'
21:55:40.795 [AsyncHttpClient-1-2] DEBUG org.asynchttpclient.netty.handler.HttpHandler - 

Request DefaultFullHttpRequest(decodeResult: success, version: HTTP/1.1, content: EmptyByteBufBE)
GET /session/be324589cb0792c435bfc25b9e24daf6/screenshot HTTP/1.1
User-Agent: selenium/4.1.2 (java windows)
Cache-Control: no-cache
Content-Type: application/json; charset=utf-8
host: localhost:61351
accept: */*

Response DefaultHttpResponse(decodeResult: success, version: HTTP/1.1)
HTTP/1.1 200 OK
Content-Type: application/json; charset=utf-8
cache-control: no-cache
content-length: 25820

21:55:40.795 [AsyncHttpClient-1-2] DEBUG org.asynchttpclient.netty.channel.ChannelManager - Adding key: http://localhost:61351 for channel [id: 0xc8e3bfb4, L:/127.0.0.1:52320 - R:localhost/127.0.0.1:61351]
21:55:40.797 [main] DEBUG net.serenitybdd.core.photography.Darkroom - Send negative for processing for target\site\serenity\d337674f3f1f5119833dc3b557da81b854dfa5e52eba9a5b15883df648679b1c.png
21:55:40.798 [Darkroom Processing Line] DEBUG net.serenitybdd.core.photography.DarkroomProcessingLine - Processing screenshot image in /var/screenshots/screenshot-13034197027581822922
21:55:40.798 [Darkroom Processing Line] DEBUG net.serenitybdd.core.photography.DarkroomProcessingLine - Saving screenshot to target\site\serenity\d337674f3f1f5119833dc3b557da81b854dfa5e52eba9a5b15883df648679b1c.png
21:55:40.819 [Forwarding findElement on session be324589cb0792c435bfc25b9e24daf6 to remote] DEBUG org.asynchttpclient.netty.request.NettyRequestSender - Using pooled Channel '[id: 0xc8e3bfb4, L:/127.0.0.1:52320 - R:localhost/127.0.0.1:61351]' for 'POST' to 'http://localhost:61351/session/be324589cb0792c435bfc25b9e24daf6/element'
21:55:40.819 [Forwarding findElement on session be324589cb0792c435bfc25b9e24daf6 to remote] DEBUG org.asynchttpclient.netty.request.NettyRequestSender - Using open Channel [id: 0xc8e3bfb4, L:/127.0.0.1:52320 - R:localhost/127.0.0.1:61351] for POST '/session/be324589cb0792c435bfc25b9e24daf6/element'
21:55:41.275 [AsyncHttpClient-1-1] DEBUG org.asynchttpclient.netty.channel.DefaultChannelPool - Entry count for : http://localhost:52321 : 1
21:55:42.374 [AsyncHttpClient-1-1] DEBUG org.asynchttpclient.netty.channel.DefaultChannelPool - Entry count for : http://localhost:52321 : 1
21:55:42.843 [AsyncHttpClient-1-2] DEBUG org.asynchttpclient.netty.handler.HttpHandler - 

Request DefaultHttpRequest(decodeResult: success, version: HTTP/1.1)
POST /session/be324589cb0792c435bfc25b9e24daf6/element HTTP/1.1
User-Agent: selenium/4.1.2 (java windows)
Content-Length: 87
Content-Type: application/json; charset=utf-8
host: localhost:61351
accept: */*

Response DefaultHttpResponse(decodeResult: success, version: HTTP/1.1)
HTTP/1.1 404 Not Found
Content-Type: application/json; charset=utf-8
cache-control: no-cache
content-length: 1041

21:55:42.844 [AsyncHttpClient-1-2] DEBUG org.asynchttpclient.netty.channel.ChannelManager - Adding key: http://localhost:61351 for channel [id: 0xc8e3bfb4, L:/127.0.0.1:52320 - R:localhost/127.0.0.1:61351]
21:55:42.961 [Forwarding findElement on session be324589cb0792c435bfc25b9e24daf6 to remote] DEBUG org.asynchttpclient.netty.request.NettyRequestSender - Using pooled Channel '[id: 0xc8e3bfb4, L:/127.0.0.1:52320 - R:localhost/127.0.0.1:61351]' for 'POST' to 'http://localhost:61351/session/be324589cb0792c435bfc25b9e24daf6/element'
21:55:42.961 [Forwarding findElement on session be324589cb0792c435bfc25b9e24daf6 to remote] DEBUG org.asynchttpclient.netty.request.NettyRequestSender - Using open Channel [id: 0xc8e3bfb4, L:/127.0.0.1:52320 - R:localhost/127.0.0.1:61351] for POST '/session/be324589cb0792c435bfc25b9e24daf6/element'
21:55:43.475 [AsyncHttpClient-1-1] DEBUG org.asynchttpclient.netty.channel.DefaultChannelPool - Entry count for : http://localhost:52321 : 1
21:55:44.585 [AsyncHttpClient-1-1] DEBUG org.asynchttpclient.netty.channel.DefaultChannelPool - Entry count for : http://localhost:52321 : 1
21:55:45.393 [AsyncHttpClient-1-2] DEBUG org.asynchttpclient.netty.handler.HttpHandler - 

Request DefaultHttpRequest(decodeResult: success, version: HTTP/1.1)
POST /session/be324589cb0792c435bfc25b9e24daf6/element HTTP/1.1
User-Agent: selenium/4.1.2 (java windows)
Content-Length: 87
Content-Type: application/json; charset=utf-8
host: localhost:61351
accept: */*

Response DefaultHttpResponse(decodeResult: success, version: HTTP/1.1)
HTTP/1.1 200 OK
Content-Type: application/json; charset=utf-8
cache-control: no-cache
content-length: 88

21:55:45.394 [AsyncHttpClient-1-2] DEBUG org.asynchttpclient.netty.channel.ChannelManager - Adding key: http://localhost:61351 for channel [id: 0xc8e3bfb4, L:/127.0.0.1:52320 - R:localhost/127.0.0.1:61351]
21:55:45.396 [Forwarding getElementTagName on session be324589cb0792c435bfc25b9e24daf6 to remote] DEBUG org.asynchttpclient.netty.request.NettyRequestSender - Using pooled Channel '[id: 0xc8e3bfb4, L:/127.0.0.1:52320 - R:localhost/127.0.0.1:61351]' for 'GET' to 'http://localhost:61351/session/be324589cb0792c435bfc25b9e24daf6/element/e3497f82-9ef9-48c5-af88-995e16d00722/name'
21:55:45.396 [Forwarding getElementTagName on session be324589cb0792c435bfc25b9e24daf6 to remote] DEBUG org.asynchttpclient.netty.request.NettyRequestSender - Using open Channel [id: 0xc8e3bfb4, L:/127.0.0.1:52320 - R:localhost/127.0.0.1:61351] for GET '/session/be324589cb0792c435bfc25b9e24daf6/element/e3497f82-9ef9-48c5-af88-995e16d00722/name'
21:55:45.404 [AsyncHttpClient-1-2] DEBUG org.asynchttpclient.netty.handler.HttpHandler - 

Request DefaultFullHttpRequest(decodeResult: success, version: HTTP/1.1, content: EmptyByteBufBE)
GET /session/be324589cb0792c435bfc25b9e24daf6/element/e3497f82-9ef9-48c5-af88-995e16d00722/name HTTP/1.1
User-Agent: selenium/4.1.2 (java windows)
Cache-Control: no-cache
Content-Type: application/json; charset=utf-8
host: localhost:61351
accept: */*

Response DefaultHttpResponse(decodeResult: success, version: HTTP/1.1)
HTTP/1.1 200 OK
Content-Type: application/json; charset=utf-8
cache-control: no-cache
content-length: 16

21:55:45.404 [AsyncHttpClient-1-2] DEBUG org.asynchttpclient.netty.channel.ChannelManager - Adding key: http://localhost:61351 for channel [id: 0xc8e3bfb4, L:/127.0.0.1:52320 - R:localhost/127.0.0.1:61351]
21:55:45.406 [Forwarding getElementTagName on session be324589cb0792c435bfc25b9e24daf6 to remote] DEBUG org.asynchttpclient.netty.request.NettyRequestSender - Using pooled Channel '[id: 0xc8e3bfb4, L:/127.0.0.1:52320 - R:localhost/127.0.0.1:61351]' for 'GET' to 'http://localhost:61351/session/be324589cb0792c435bfc25b9e24daf6/element/e3497f82-9ef9-48c5-af88-995e16d00722/name'
21:55:45.406 [Forwarding getElementTagName on session be324589cb0792c435bfc25b9e24daf6 to remote] DEBUG org.asynchttpclient.netty.request.NettyRequestSender - Using open Channel [id: 0xc8e3bfb4, L:/127.0.0.1:52320 - R:localhost/127.0.0.1:61351] for GET '/session/be324589cb0792c435bfc25b9e24daf6/element/e3497f82-9ef9-48c5-af88-995e16d00722/name'
21:55:45.410 [AsyncHttpClient-1-2] DEBUG org.asynchttpclient.netty.handler.HttpHandler - 

Request DefaultFullHttpRequest(decodeResult: success, version: HTTP/1.1, content: EmptyByteBufBE)
GET /session/be324589cb0792c435bfc25b9e24daf6/element/e3497f82-9ef9-48c5-af88-995e16d00722/name HTTP/1.1
User-Agent: selenium/4.1.2 (java windows)
Cache-Control: no-cache
Content-Type: application/json; charset=utf-8
host: localhost:61351
accept: */*

Response DefaultHttpResponse(decodeResult: success, version: HTTP/1.1)
HTTP/1.1 200 OK
Content-Type: application/json; charset=utf-8
cache-control: no-cache
content-length: 16

21:55:45.410 [AsyncHttpClient-1-2] DEBUG org.asynchttpclient.netty.channel.ChannelManager - Adding key: http://localhost:61351 for channel [id: 0xc8e3bfb4, L:/127.0.0.1:52320 - R:localhost/127.0.0.1:61351]
21:55:45.412 [Forwarding findElement on session be324589cb0792c435bfc25b9e24daf6 to remote] DEBUG org.asynchttpclient.netty.request.NettyRequestSender - Using pooled Channel '[id: 0xc8e3bfb4, L:/127.0.0.1:52320 - R:localhost/127.0.0.1:61351]' for 'POST' to 'http://localhost:61351/session/be324589cb0792c435bfc25b9e24daf6/element'
21:55:45.412 [Forwarding findElement on session be324589cb0792c435bfc25b9e24daf6 to remote] DEBUG org.asynchttpclient.netty.request.NettyRequestSender - Using open Channel [id: 0xc8e3bfb4, L:/127.0.0.1:52320 - R:localhost/127.0.0.1:61351] for POST '/session/be324589cb0792c435bfc25b9e24daf6/element'
21:55:45.427 [AsyncHttpClient-1-2] DEBUG org.asynchttpclient.netty.handler.HttpHandler - 

Request DefaultHttpRequest(decodeResult: success, version: HTTP/1.1)
POST /session/be324589cb0792c435bfc25b9e24daf6/element HTTP/1.1
User-Agent: selenium/4.1.2 (java windows)
Content-Length: 87
Content-Type: application/json; charset=utf-8
host: localhost:61351
accept: */*

Response DefaultHttpResponse(decodeResult: success, version: HTTP/1.1)
HTTP/1.1 200 OK
Content-Type: application/json; charset=utf-8
cache-control: no-cache
content-length: 88

21:55:45.427 [AsyncHttpClient-1-2] DEBUG org.asynchttpclient.netty.channel.ChannelManager - Adding key: http://localhost:61351 for channel [id: 0xc8e3bfb4, L:/127.0.0.1:52320 - R:localhost/127.0.0.1:61351]
21:55:45.429 [Forwarding clickElement on session be324589cb0792c435bfc25b9e24daf6 to remote] DEBUG org.asynchttpclient.netty.request.NettyRequestSender - Using pooled Channel '[id: 0xc8e3bfb4, L:/127.0.0.1:52320 - R:localhost/127.0.0.1:61351]' for 'POST' to 'http://localhost:61351/session/be324589cb0792c435bfc25b9e24daf6/element/e3497f82-9ef9-48c5-af88-995e16d00722/click'
21:55:45.429 [Forwarding clickElement on session be324589cb0792c435bfc25b9e24daf6 to remote] DEBUG org.asynchttpclient.netty.request.NettyRequestSender - Using open Channel [id: 0xc8e3bfb4, L:/127.0.0.1:52320 - R:localhost/127.0.0.1:61351] for POST '/session/be324589cb0792c435bfc25b9e24daf6/element/e3497f82-9ef9-48c5-af88-995e16d00722/click'
21:55:45.545 [AsyncHttpClient-1-2] DEBUG org.asynchttpclient.netty.handler.HttpHandler - 

Request DefaultHttpRequest(decodeResult: success, version: HTTP/1.1)
POST /session/be324589cb0792c435bfc25b9e24daf6/element/e3497f82-9ef9-48c5-af88-995e16d00722/click HTTP/1.1
User-Agent: selenium/4.1.2 (java windows)
Content-Length: 50
Content-Type: application/json; charset=utf-8
host: localhost:61351
accept: */*

Response DefaultHttpResponse(decodeResult: success, version: HTTP/1.1)
HTTP/1.1 200 OK
Content-Type: application/json; charset=utf-8
cache-control: no-cache
content-length: 14

21:55:45.545 [AsyncHttpClient-1-2] DEBUG org.asynchttpclient.netty.channel.ChannelManager - Adding key: http://localhost:61351 for channel [id: 0xc8e3bfb4, L:/127.0.0.1:52320 - R:localhost/127.0.0.1:61351]
  &amp#27;[32mWhen &amp#27;[0m&amp#27;[32mI click add button&amp#27;[0m        &amp#27;[90m# starter.stepdefinitions.OrderSteps.iClickAddButton()&amp#27;[0m
21:55:45.554 [Forwarding screenshot on session be324589cb0792c435bfc25b9e24daf6 to remote] DEBUG org.asynchttpclient.netty.request.NettyRequestSender - Using pooled Channel '[id: 0xc8e3bfb4, L:/127.0.0.1:52320 - R:localhost/127.0.0.1:61351]' for 'GET' to 'http://localhost:61351/session/be324589cb0792c435bfc25b9e24daf6/screenshot'
21:55:45.554 [Forwarding screenshot on session be324589cb0792c435bfc25b9e24daf6 to remote] DEBUG org.asynchttpclient.netty.request.NettyRequestSender - Using open Channel [id: 0xc8e3bfb4, L:/127.0.0.1:52320 - R:localhost/127.0.0.1:61351] for GET '/session/be324589cb0792c435bfc25b9e24daf6/screenshot'
21:55:45.673 [AsyncHttpClient-1-1] DEBUG org.asynchttpclient.netty.channel.DefaultChannelPool - Entry count for : http://localhost:52321 : 1
21:55:45.762 [AsyncHttpClient-1-2] DEBUG org.asynchttpclient.netty.handler.HttpHandler - 

Request DefaultFullHttpRequest(decodeResult: success, version: HTTP/1.1, content: EmptyByteBufBE)
GET /session/be324589cb0792c435bfc25b9e24daf6/screenshot HTTP/1.1
User-Agent: selenium/4.1.2 (java windows)
Cache-Control: no-cache
Content-Type: application/json; charset=utf-8
host: localhost:61351
accept: */*

Response DefaultHttpResponse(decodeResult: success, version: HTTP/1.1)
HTTP/1.1 200 OK
Content-Type: application/json; charset=utf-8
cache-control: no-cache
content-length: 52508

21:55:45.762 [AsyncHttpClient-1-2] DEBUG org.asynchttpclient.netty.channel.ChannelManager - Adding key: http://localhost:61351 for channel [id: 0xc8e3bfb4, L:/127.0.0.1:52320 - R:localhost/127.0.0.1:61351]
21:55:45.767 [main] DEBUG net.serenitybdd.core.photography.Darkroom - Send negative for processing for target\site\serenity\e6f2e259893d35419b91ca9c8965371f5a48ca99b6d52d300cc90e2ad3e42682.png
21:55:45.768 [Darkroom Processing Line] DEBUG net.serenitybdd.core.photography.DarkroomProcessingLine - Processing screenshot image in /var/screenshots/screenshot-3701543675777104219
21:55:45.768 [Darkroom Processing Line] DEBUG net.serenitybdd.core.photography.DarkroomProcessingLine - Saving screenshot to target\site\serenity\e6f2e259893d35419b91ca9c8965371f5a48ca99b6d52d300cc90e2ad3e42682.png
21:55:45.778 [Forwarding findElement on session be324589cb0792c435bfc25b9e24daf6 to remote] DEBUG org.asynchttpclient.netty.request.NettyRequestSender - Using pooled Channel '[id: 0xc8e3bfb4, L:/127.0.0.1:52320 - R:localhost/127.0.0.1:61351]' for 'POST' to 'http://localhost:61351/session/be324589cb0792c435bfc25b9e24daf6/element'
21:55:45.778 [Forwarding findElement on session be324589cb0792c435bfc25b9e24daf6 to remote] DEBUG org.asynchttpclient.netty.request.NettyRequestSender - Using open Channel [id: 0xc8e3bfb4, L:/127.0.0.1:52320 - R:localhost/127.0.0.1:61351] for POST '/session/be324589cb0792c435bfc25b9e24daf6/element'
21:55:45.800 [AsyncHttpClient-1-2] DEBUG org.asynchttpclient.netty.handler.HttpHandler - 

Request DefaultHttpRequest(decodeResult: success, version: HTTP/1.1)
POST /session/be324589cb0792c435bfc25b9e24daf6/element HTTP/1.1
User-Agent: selenium/4.1.2 (java windows)
Content-Length: 93
Content-Type: application/json; charset=utf-8
host: localhost:61351
accept: */*

Response DefaultHttpResponse(decodeResult: success, version: HTTP/1.1)
HTTP/1.1 200 OK
Content-Type: application/json; charset=utf-8
cache-control: no-cache
content-length: 88

21:55:45.800 [AsyncHttpClient-1-2] DEBUG org.asynchttpclient.netty.channel.ChannelManager - Adding key: http://localhost:61351 for channel [id: 0xc8e3bfb4, L:/127.0.0.1:52320 - R:localhost/127.0.0.1:61351]
21:55:45.803 [Forwarding getElementTagName on session be324589cb0792c435bfc25b9e24daf6 to remote] DEBUG org.asynchttpclient.netty.request.NettyRequestSender - Using pooled Channel '[id: 0xc8e3bfb4, L:/127.0.0.1:52320 - R:localhost/127.0.0.1:61351]' for 'GET' to 'http://localhost:61351/session/be324589cb0792c435bfc25b9e24daf6/element/a2cca49d-a652-426b-a2e2-5278b59a539d/name'
21:55:45.803 [Forwarding getElementTagName on session be324589cb0792c435bfc25b9e24daf6 to remote] DEBUG org.asynchttpclient.netty.request.NettyRequestSender - Using open Channel [id: 0xc8e3bfb4, L:/127.0.0.1:52320 - R:localhost/127.0.0.1:61351] for GET '/session/be324589cb0792c435bfc25b9e24daf6/element/a2cca49d-a652-426b-a2e2-5278b59a539d/name'
21:55:45.809 [AsyncHttpClient-1-2] DEBUG org.asynchttpclient.netty.handler.HttpHandler - 

Request DefaultFullHttpRequest(decodeResult: success, version: HTTP/1.1, content: EmptyByteBufBE)
GET /session/be324589cb0792c435bfc25b9e24daf6/element/a2cca49d-a652-426b-a2e2-5278b59a539d/name HTTP/1.1
User-Agent: selenium/4.1.2 (java windows)
Cache-Control: no-cache
Content-Type: application/json; charset=utf-8
host: localhost:61351
accept: */*

Response DefaultHttpResponse(decodeResult: success, version: HTTP/1.1)
HTTP/1.1 200 OK
Content-Type: application/json; charset=utf-8
cache-control: no-cache
content-length: 13

21:55:45.809 [AsyncHttpClient-1-2] DEBUG org.asynchttpclient.netty.channel.ChannelManager - Adding key: http://localhost:61351 for channel [id: 0xc8e3bfb4, L:/127.0.0.1:52320 - R:localhost/127.0.0.1:61351]
21:55:45.810 [Forwarding getElementTagName on session be324589cb0792c435bfc25b9e24daf6 to remote] DEBUG org.asynchttpclient.netty.request.NettyRequestSender - Using pooled Channel '[id: 0xc8e3bfb4, L:/127.0.0.1:52320 - R:localhost/127.0.0.1:61351]' for 'GET' to 'http://localhost:61351/session/be324589cb0792c435bfc25b9e24daf6/element/a2cca49d-a652-426b-a2e2-5278b59a539d/name'
21:55:45.810 [Forwarding getElementTagName on session be324589cb0792c435bfc25b9e24daf6 to remote] DEBUG org.asynchttpclient.netty.request.NettyRequestSender - Using open Channel [id: 0xc8e3bfb4, L:/127.0.0.1:52320 - R:localhost/127.0.0.1:61351] for GET '/session/be324589cb0792c435bfc25b9e24daf6/element/a2cca49d-a652-426b-a2e2-5278b59a539d/name'
21:55:45.817 [AsyncHttpClient-1-2] DEBUG org.asynchttpclient.netty.handler.HttpHandler - 

Request DefaultFullHttpRequest(decodeResult: success, version: HTTP/1.1, content: EmptyByteBufBE)
GET /session/be324589cb0792c435bfc25b9e24daf6/element/a2cca49d-a652-426b-a2e2-5278b59a539d/name HTTP/1.1
User-Agent: selenium/4.1.2 (java windows)
Cache-Control: no-cache
Content-Type: application/json; charset=utf-8
host: localhost:61351
accept: */*

Response DefaultHttpResponse(decodeResult: success, version: HTTP/1.1)
HTTP/1.1 200 OK
Content-Type: application/json; charset=utf-8
cache-control: no-cache
content-length: 13

21:55:45.817 [AsyncHttpClient-1-2] DEBUG org.asynchttpclient.netty.channel.ChannelManager - Adding key: http://localhost:61351 for channel [id: 0xc8e3bfb4, L:/127.0.0.1:52320 - R:localhost/127.0.0.1:61351]
21:55:45.819 [Forwarding findElement on session be324589cb0792c435bfc25b9e24daf6 to remote] DEBUG org.asynchttpclient.netty.request.NettyRequestSender - Using pooled Channel '[id: 0xc8e3bfb4, L:/127.0.0.1:52320 - R:localhost/127.0.0.1:61351]' for 'POST' to 'http://localhost:61351/session/be324589cb0792c435bfc25b9e24daf6/element'
21:55:45.819 [Forwarding findElement on session be324589cb0792c435bfc25b9e24daf6 to remote] DEBUG org.asynchttpclient.netty.request.NettyRequestSender - Using open Channel [id: 0xc8e3bfb4, L:/127.0.0.1:52320 - R:localhost/127.0.0.1:61351] for POST '/session/be324589cb0792c435bfc25b9e24daf6/element'
21:55:45.831 [AsyncHttpClient-1-2] DEBUG org.asynchttpclient.netty.handler.HttpHandler - 

Request DefaultHttpRequest(decodeResult: success, version: HTTP/1.1)
POST /session/be324589cb0792c435bfc25b9e24daf6/element HTTP/1.1
User-Agent: selenium/4.1.2 (java windows)
Content-Length: 93
Content-Type: application/json; charset=utf-8
host: localhost:61351
accept: */*

Response DefaultHttpResponse(decodeResult: success, version: HTTP/1.1)
HTTP/1.1 200 OK
Content-Type: application/json; charset=utf-8
cache-control: no-cache
content-length: 88

21:55:45.831 [AsyncHttpClient-1-2] DEBUG org.asynchttpclient.netty.channel.ChannelManager - Adding key: http://localhost:61351 for channel [id: 0xc8e3bfb4, L:/127.0.0.1:52320 - R:localhost/127.0.0.1:61351]
21:55:45.835 [Forwarding clickElement on session be324589cb0792c435bfc25b9e24daf6 to remote] DEBUG org.asynchttpclient.netty.request.NettyRequestSender - Using pooled Channel '[id: 0xc8e3bfb4, L:/127.0.0.1:52320 - R:localhost/127.0.0.1:61351]' for 'POST' to 'http://localhost:61351/session/be324589cb0792c435bfc25b9e24daf6/element/a2cca49d-a652-426b-a2e2-5278b59a539d/click'
21:55:45.835 [Forwarding clickElement on session be324589cb0792c435bfc25b9e24daf6 to remote] DEBUG org.asynchttpclient.netty.request.NettyRequestSender - Using open Channel [id: 0xc8e3bfb4, L:/127.0.0.1:52320 - R:localhost/127.0.0.1:61351] for POST '/session/be324589cb0792c435bfc25b9e24daf6/element/a2cca49d-a652-426b-a2e2-5278b59a539d/click'
21:55:45.912 [AsyncHttpClient-1-2] DEBUG org.asynchttpclient.netty.handler.HttpHandler - 

Request DefaultHttpRequest(decodeResult: success, version: HTTP/1.1)
POST /session/be324589cb0792c435bfc25b9e24daf6/element/a2cca49d-a652-426b-a2e2-5278b59a539d/click HTTP/1.1
User-Agent: selenium/4.1.2 (java windows)
Content-Length: 50
Content-Type: application/json; charset=utf-8
host: localhost:61351
accept: */*

Response DefaultHttpResponse(decodeResult: success, version: HTTP/1.1)
HTTP/1.1 200 OK
Content-Type: application/json; charset=utf-8
cache-control: no-cache
content-length: 14

21:55:45.912 [AsyncHttpClient-1-2] DEBUG org.asynchttpclient.netty.channel.ChannelManager - Adding key: http://localhost:61351 for channel [id: 0xc8e3bfb4, L:/127.0.0.1:52320 - R:localhost/127.0.0.1:61351]
  &amp#27;[32mAnd &amp#27;[0m&amp#27;[32mI click order button&amp#27;[0m       &amp#27;[90m# starter.stepdefinitions.OrderSteps.iClickOrderButton()&amp#27;[0m
21:55:45.927 [Forwarding screenshot on session be324589cb0792c435bfc25b9e24daf6 to remote] DEBUG org.asynchttpclient.netty.request.NettyRequestSender - Using pooled Channel '[id: 0xc8e3bfb4, L:/127.0.0.1:52320 - R:localhost/127.0.0.1:61351]' for 'GET' to 'http://localhost:61351/session/be324589cb0792c435bfc25b9e24daf6/screenshot'
21:55:45.927 [Forwarding screenshot on session be324589cb0792c435bfc25b9e24daf6 to remote] DEBUG org.asynchttpclient.netty.request.NettyRequestSender - Using open Channel [id: 0xc8e3bfb4, L:/127.0.0.1:52320 - R:localhost/127.0.0.1:61351] for GET '/session/be324589cb0792c435bfc25b9e24daf6/screenshot'
21:55:46.316 [AsyncHttpClient-1-2] DEBUG org.asynchttpclient.netty.handler.HttpHandler - 

Request DefaultFullHttpRequest(decodeResult: success, version: HTTP/1.1, content: EmptyByteBufBE)
GET /session/be324589cb0792c435bfc25b9e24daf6/screenshot HTTP/1.1
User-Agent: selenium/4.1.2 (java windows)
Cache-Control: no-cache
Content-Type: application/json; charset=utf-8
host: localhost:61351
accept: */*

Response DefaultHttpResponse(decodeResult: success, version: HTTP/1.1)
HTTP/1.1 200 OK
Content-Type: application/json; charset=utf-8
cache-control: no-cache
content-length: 27876

21:55:46.317 [AsyncHttpClient-1-2] DEBUG org.asynchttpclient.netty.channel.ChannelManager - Adding key: http://localhost:61351 for channel [id: 0xc8e3bfb4, L:/127.0.0.1:52320 - R:localhost/127.0.0.1:61351]
21:55:46.319 [main] DEBUG net.serenitybdd.core.photography.Darkroom - Send negative for processing for target\site\serenity\7490fd201c6920b6873cf4154d348a480dbab77e700140a90ec8b5322b6bff63.png
21:55:46.319 [Darkroom Processing Line] DEBUG net.serenitybdd.core.photography.DarkroomProcessingLine - Processing screenshot image in /var/screenshots/screenshot-3722675636376637112
21:55:46.320 [Darkroom Processing Line] DEBUG net.serenitybdd.core.photography.DarkroomProcessingLine - Saving screenshot to target\site\serenity\7490fd201c6920b6873cf4154d348a480dbab77e700140a90ec8b5322b6bff63.png
21:55:46.336 [Forwarding findElement on session be324589cb0792c435bfc25b9e24daf6 to remote] DEBUG org.asynchttpclient.netty.request.NettyRequestSender - Using pooled Channel '[id: 0xc8e3bfb4, L:/127.0.0.1:52320 - R:localhost/127.0.0.1:61351]' for 'POST' to 'http://localhost:61351/session/be324589cb0792c435bfc25b9e24daf6/element'
21:55:46.336 [Forwarding findElement on session be324589cb0792c435bfc25b9e24daf6 to remote] DEBUG org.asynchttpclient.netty.request.NettyRequestSender - Using open Channel [id: 0xc8e3bfb4, L:/127.0.0.1:52320 - R:localhost/127.0.0.1:61351] for POST '/session/be324589cb0792c435bfc25b9e24daf6/element'
21:55:46.357 [AsyncHttpClient-1-2] DEBUG org.asynchttpclient.netty.handler.HttpHandler - 

Request DefaultHttpRequest(decodeResult: success, version: HTTP/1.1)
POST /session/be324589cb0792c435bfc25b9e24daf6/element HTTP/1.1
User-Agent: selenium/4.1.2 (java windows)
Content-Length: 77
Content-Type: application/json; charset=utf-8
host: localhost:61351
accept: */*

Response DefaultHttpResponse(decodeResult: success, version: HTTP/1.1)
HTTP/1.1 200 OK
Content-Type: application/json; charset=utf-8
cache-control: no-cache
content-length: 88

21:55:46.358 [AsyncHttpClient-1-2] DEBUG org.asynchttpclient.netty.channel.ChannelManager - Adding key: http://localhost:61351 for channel [id: 0xc8e3bfb4, L:/127.0.0.1:52320 - R:localhost/127.0.0.1:61351]
21:55:46.359 [Forwarding getElementTagName on session be324589cb0792c435bfc25b9e24daf6 to remote] DEBUG org.asynchttpclient.netty.request.NettyRequestSender - Using pooled Channel '[id: 0xc8e3bfb4, L:/127.0.0.1:52320 - R:localhost/127.0.0.1:61351]' for 'GET' to 'http://localhost:61351/session/be324589cb0792c435bfc25b9e24daf6/element/c941049a-f302-4825-93de-e3db409d053c/name'
21:55:46.359 [Forwarding getElementTagName on session be324589cb0792c435bfc25b9e24daf6 to remote] DEBUG org.asynchttpclient.netty.request.NettyRequestSender - Using open Channel [id: 0xc8e3bfb4, L:/127.0.0.1:52320 - R:localhost/127.0.0.1:61351] for GET '/session/be324589cb0792c435bfc25b9e24daf6/element/c941049a-f302-4825-93de-e3db409d053c/name'
21:55:46.367 [AsyncHttpClient-1-2] DEBUG org.asynchttpclient.netty.handler.HttpHandler - 

Request DefaultFullHttpRequest(decodeResult: success, version: HTTP/1.1, content: EmptyByteBufBE)
GET /session/be324589cb0792c435bfc25b9e24daf6/element/c941049a-f302-4825-93de-e3db409d053c/name HTTP/1.1
User-Agent: selenium/4.1.2 (java windows)
Cache-Control: no-cache
Content-Type: application/json; charset=utf-8
host: localhost:61351
accept: */*

Response DefaultHttpResponse(decodeResult: success, version: HTTP/1.1)
HTTP/1.1 200 OK
Content-Type: application/json; charset=utf-8
cache-control: no-cache
content-length: 16

21:55:46.367 [AsyncHttpClient-1-2] DEBUG org.asynchttpclient.netty.channel.ChannelManager - Adding key: http://localhost:61351 for channel [id: 0xc8e3bfb4, L:/127.0.0.1:52320 - R:localhost/127.0.0.1:61351]
21:55:46.369 [Forwarding getElementTagName on session be324589cb0792c435bfc25b9e24daf6 to remote] DEBUG org.asynchttpclient.netty.request.NettyRequestSender - Using pooled Channel '[id: 0xc8e3bfb4, L:/127.0.0.1:52320 - R:localhost/127.0.0.1:61351]' for 'GET' to 'http://localhost:61351/session/be324589cb0792c435bfc25b9e24daf6/element/c941049a-f302-4825-93de-e3db409d053c/name'
21:55:46.369 [Forwarding getElementTagName on session be324589cb0792c435bfc25b9e24daf6 to remote] DEBUG org.asynchttpclient.netty.request.NettyRequestSender - Using open Channel [id: 0xc8e3bfb4, L:/127.0.0.1:52320 - R:localhost/127.0.0.1:61351] for GET '/session/be324589cb0792c435bfc25b9e24daf6/element/c941049a-f302-4825-93de-e3db409d053c/name'
21:55:46.374 [AsyncHttpClient-1-2] DEBUG org.asynchttpclient.netty.handler.HttpHandler - 

Request DefaultFullHttpRequest(decodeResult: success, version: HTTP/1.1, content: EmptyByteBufBE)
GET /session/be324589cb0792c435bfc25b9e24daf6/element/c941049a-f302-4825-93de-e3db409d053c/name HTTP/1.1
User-Agent: selenium/4.1.2 (java windows)
Cache-Control: no-cache
Content-Type: application/json; charset=utf-8
host: localhost:61351
accept: */*

Response DefaultHttpResponse(decodeResult: success, version: HTTP/1.1)
HTTP/1.1 200 OK
Content-Type: application/json; charset=utf-8
cache-control: no-cache
content-length: 16

21:55:46.374 [AsyncHttpClient-1-2] DEBUG org.asynchttpclient.netty.channel.ChannelManager - Adding key: http://localhost:61351 for channel [id: 0xc8e3bfb4, L:/127.0.0.1:52320 - R:localhost/127.0.0.1:61351]
21:55:46.376 [Forwarding findElement on session be324589cb0792c435bfc25b9e24daf6 to remote] DEBUG org.asynchttpclient.netty.request.NettyRequestSender - Using pooled Channel '[id: 0xc8e3bfb4, L:/127.0.0.1:52320 - R:localhost/127.0.0.1:61351]' for 'POST' to 'http://localhost:61351/session/be324589cb0792c435bfc25b9e24daf6/element'
21:55:46.376 [Forwarding findElement on session be324589cb0792c435bfc25b9e24daf6 to remote] DEBUG org.asynchttpclient.netty.request.NettyRequestSender - Using open Channel [id: 0xc8e3bfb4, L:/127.0.0.1:52320 - R:localhost/127.0.0.1:61351] for POST '/session/be324589cb0792c435bfc25b9e24daf6/element'
21:55:46.387 [AsyncHttpClient-1-2] DEBUG org.asynchttpclient.netty.handler.HttpHandler - 

Request DefaultHttpRequest(decodeResult: success, version: HTTP/1.1)
POST /session/be324589cb0792c435bfc25b9e24daf6/element HTTP/1.1
User-Agent: selenium/4.1.2 (java windows)
Content-Length: 77
Content-Type: application/json; charset=utf-8
host: localhost:61351
accept: */*

Response DefaultHttpResponse(decodeResult: success, version: HTTP/1.1)
HTTP/1.1 200 OK
Content-Type: application/json; charset=utf-8
cache-control: no-cache
content-length: 88

21:55:46.388 [AsyncHttpClient-1-2] DEBUG org.asynchttpclient.netty.channel.ChannelManager - Adding key: http://localhost:61351 for channel [id: 0xc8e3bfb4, L:/127.0.0.1:52320 - R:localhost/127.0.0.1:61351]
21:55:46.390 [Forwarding clickElement on session be324589cb0792c435bfc25b9e24daf6 to remote] DEBUG org.asynchttpclient.netty.request.NettyRequestSender - Using pooled Channel '[id: 0xc8e3bfb4, L:/127.0.0.1:52320 - R:localhost/127.0.0.1:61351]' for 'POST' to 'http://localhost:61351/session/be324589cb0792c435bfc25b9e24daf6/element/c941049a-f302-4825-93de-e3db409d053c/click'
21:55:46.390 [Forwarding clickElement on session be324589cb0792c435bfc25b9e24daf6 to remote] DEBUG org.asynchttpclient.netty.request.NettyRequestSender - Using open Channel [id: 0xc8e3bfb4, L:/127.0.0.1:52320 - R:localhost/127.0.0.1:61351] for POST '/session/be324589cb0792c435bfc25b9e24daf6/element/c941049a-f302-4825-93de-e3db409d053c/click'
21:55:46.469 [AsyncHttpClient-1-2] DEBUG org.asynchttpclient.netty.handler.HttpHandler - 

Request DefaultHttpRequest(decodeResult: success, version: HTTP/1.1)
POST /session/be324589cb0792c435bfc25b9e24daf6/element/c941049a-f302-4825-93de-e3db409d053c/click HTTP/1.1
User-Agent: selenium/4.1.2 (java windows)
Content-Length: 50
Content-Type: application/json; charset=utf-8
host: localhost:61351
accept: */*

Response DefaultHttpResponse(decodeResult: success, version: HTTP/1.1)
HTTP/1.1 200 OK
Content-Type: application/json; charset=utf-8
cache-control: no-cache
content-length: 14

21:55:46.469 [AsyncHttpClient-1-2] DEBUG org.asynchttpclient.netty.channel.ChannelManager - Adding key: http://localhost:61351 for channel [id: 0xc8e3bfb4, L:/127.0.0.1:52320 - R:localhost/127.0.0.1:61351]
  &amp#27;[32mAnd &amp#27;[0m&amp#27;[32mI click add qty&amp#27;[0m            &amp#27;[90m# starter.stepdefinitions.OrderSteps.iClickAddQty()&amp#27;[0m
21:55:46.479 [Forwarding screenshot on session be324589cb0792c435bfc25b9e24daf6 to remote] DEBUG org.asynchttpclient.netty.request.NettyRequestSender - Using pooled Channel '[id: 0xc8e3bfb4, L:/127.0.0.1:52320 - R:localhost/127.0.0.1:61351]' for 'GET' to 'http://localhost:61351/session/be324589cb0792c435bfc25b9e24daf6/screenshot'
21:55:46.479 [Forwarding screenshot on session be324589cb0792c435bfc25b9e24daf6 to remote] DEBUG org.asynchttpclient.netty.request.NettyRequestSender - Using open Channel [id: 0xc8e3bfb4, L:/127.0.0.1:52320 - R:localhost/127.0.0.1:61351] for GET '/session/be324589cb0792c435bfc25b9e24daf6/screenshot'
21:55:46.695 [AsyncHttpClient-1-2] DEBUG org.asynchttpclient.netty.handler.HttpHandler - 

Request DefaultFullHttpRequest(decodeResult: success, version: HTTP/1.1, content: EmptyByteBufBE)
GET /session/be324589cb0792c435bfc25b9e24daf6/screenshot HTTP/1.1
User-Agent: selenium/4.1.2 (java windows)
Cache-Control: no-cache
Content-Type: application/json; charset=utf-8
host: localhost:61351
accept: */*

Response DefaultHttpResponse(decodeResult: success, version: HTTP/1.1)
HTTP/1.1 200 OK
Content-Type: application/json; charset=utf-8
cache-control: no-cache
content-length: 31316

21:55:46.696 [AsyncHttpClient-1-2] DEBUG org.asynchttpclient.netty.channel.ChannelManager - Adding key: http://localhost:61351 for channel [id: 0xc8e3bfb4, L:/127.0.0.1:52320 - R:localhost/127.0.0.1:61351]
21:55:46.700 [main] DEBUG net.serenitybdd.core.photography.Darkroom - Send negative for processing for target\site\serenity\54bfbc2fac9576d5bbdbe4adffaef2e19cc2f0846a96d599b23d94c3c019cd9d.png
21:55:46.701 [Darkroom Processing Line] DEBUG net.serenitybdd.core.photography.DarkroomProcessingLine - Processing screenshot image in /var/screenshots/screenshot-11401003208955041027
21:55:46.701 [Darkroom Processing Line] DEBUG net.serenitybdd.core.photography.DarkroomProcessingLine - Saving screenshot to target\site\serenity\54bfbc2fac9576d5bbdbe4adffaef2e19cc2f0846a96d599b23d94c3c019cd9d.png
21:55:46.722 [Forwarding findElement on session be324589cb0792c435bfc25b9e24daf6 to remote] DEBUG org.asynchttpclient.netty.request.NettyRequestSender - Using pooled Channel '[id: 0xc8e3bfb4, L:/127.0.0.1:52320 - R:localhost/127.0.0.1:61351]' for 'POST' to 'http://localhost:61351/session/be324589cb0792c435bfc25b9e24daf6/element'
21:55:46.722 [Forwarding findElement on session be324589cb0792c435bfc25b9e24daf6 to remote] DEBUG org.asynchttpclient.netty.request.NettyRequestSender - Using open Channel [id: 0xc8e3bfb4, L:/127.0.0.1:52320 - R:localhost/127.0.0.1:61351] for POST '/session/be324589cb0792c435bfc25b9e24daf6/element'
21:55:46.752 [AsyncHttpClient-1-2] DEBUG org.asynchttpclient.netty.handler.HttpHandler - 

Request DefaultHttpRequest(decodeResult: success, version: HTTP/1.1)
POST /session/be324589cb0792c435bfc25b9e24daf6/element HTTP/1.1
User-Agent: selenium/4.1.2 (java windows)
Content-Length: 59
Content-Type: application/json; charset=utf-8
host: localhost:61351
accept: */*

Response DefaultHttpResponse(decodeResult: success, version: HTTP/1.1)
HTTP/1.1 200 OK
Content-Type: application/json; charset=utf-8
cache-control: no-cache
content-length: 88

21:55:46.752 [AsyncHttpClient-1-2] DEBUG org.asynchttpclient.netty.channel.ChannelManager - Adding key: http://localhost:61351 for channel [id: 0xc8e3bfb4, L:/127.0.0.1:52320 - R:localhost/127.0.0.1:61351]
21:55:46.771 [Forwarding getElementTagName on session be324589cb0792c435bfc25b9e24daf6 to remote] DEBUG org.asynchttpclient.netty.request.NettyRequestSender - Using pooled Channel '[id: 0xc8e3bfb4, L:/127.0.0.1:52320 - R:localhost/127.0.0.1:61351]' for 'GET' to 'http://localhost:61351/session/be324589cb0792c435bfc25b9e24daf6/element/e96eb0c1-35f2-499f-9b0f-02651660bc2f/name'
21:55:46.771 [Forwarding getElementTagName on session be324589cb0792c435bfc25b9e24daf6 to remote] DEBUG org.asynchttpclient.netty.request.NettyRequestSender - Using open Channel [id: 0xc8e3bfb4, L:/127.0.0.1:52320 - R:localhost/127.0.0.1:61351] for GET '/session/be324589cb0792c435bfc25b9e24daf6/element/e96eb0c1-35f2-499f-9b0f-02651660bc2f/name'
21:55:46.775 [AsyncHttpClient-1-1] DEBUG org.asynchttpclient.netty.channel.DefaultChannelPool - Entry count for : http://localhost:52321 : 1
21:55:46.778 [AsyncHttpClient-1-2] DEBUG org.asynchttpclient.netty.handler.HttpHandler - 

Request DefaultFullHttpRequest(decodeResult: success, version: HTTP/1.1, content: EmptyByteBufBE)
GET /session/be324589cb0792c435bfc25b9e24daf6/element/e96eb0c1-35f2-499f-9b0f-02651660bc2f/name HTTP/1.1
User-Agent: selenium/4.1.2 (java windows)
Cache-Control: no-cache
Content-Type: application/json; charset=utf-8
host: localhost:61351
accept: */*

Response DefaultHttpResponse(decodeResult: success, version: HTTP/1.1)
HTTP/1.1 200 OK
Content-Type: application/json; charset=utf-8
cache-control: no-cache
content-length: 18

21:55:46.779 [AsyncHttpClient-1-2] DEBUG org.asynchttpclient.netty.channel.ChannelManager - Adding key: http://localhost:61351 for channel [id: 0xc8e3bfb4, L:/127.0.0.1:52320 - R:localhost/127.0.0.1:61351]
21:55:46.782 [Forwarding getElementTagName on session be324589cb0792c435bfc25b9e24daf6 to remote] DEBUG org.asynchttpclient.netty.request.NettyRequestSender - Using pooled Channel '[id: 0xc8e3bfb4, L:/127.0.0.1:52320 - R:localhost/127.0.0.1:61351]' for 'GET' to 'http://localhost:61351/session/be324589cb0792c435bfc25b9e24daf6/element/e96eb0c1-35f2-499f-9b0f-02651660bc2f/name'
21:55:46.782 [Forwarding getElementTagName on session be324589cb0792c435bfc25b9e24daf6 to remote] DEBUG org.asynchttpclient.netty.request.NettyRequestSender - Using open Channel [id: 0xc8e3bfb4, L:/127.0.0.1:52320 - R:localhost/127.0.0.1:61351] for GET '/session/be324589cb0792c435bfc25b9e24daf6/element/e96eb0c1-35f2-499f-9b0f-02651660bc2f/name'
21:55:46.788 [AsyncHttpClient-1-2] DEBUG org.asynchttpclient.netty.handler.HttpHandler - 

Request DefaultFullHttpRequest(decodeResult: success, version: HTTP/1.1, content: EmptyByteBufBE)
GET /session/be324589cb0792c435bfc25b9e24daf6/element/e96eb0c1-35f2-499f-9b0f-02651660bc2f/name HTTP/1.1
User-Agent: selenium/4.1.2 (java windows)
Cache-Control: no-cache
Content-Type: application/json; charset=utf-8
host: localhost:61351
accept: */*

Response DefaultHttpResponse(decodeResult: success, version: HTTP/1.1)
HTTP/1.1 200 OK
Content-Type: application/json; charset=utf-8
cache-control: no-cache
content-length: 18

21:55:46.788 [AsyncHttpClient-1-2] DEBUG org.asynchttpclient.netty.channel.ChannelManager - Adding key: http://localhost:61351 for channel [id: 0xc8e3bfb4, L:/127.0.0.1:52320 - R:localhost/127.0.0.1:61351]
21:55:46.792 [Forwarding isElementEnabled on session be324589cb0792c435bfc25b9e24daf6 to remote] DEBUG org.asynchttpclient.netty.request.NettyRequestSender - Using pooled Channel '[id: 0xc8e3bfb4, L:/127.0.0.1:52320 - R:localhost/127.0.0.1:61351]' for 'GET' to 'http://localhost:61351/session/be324589cb0792c435bfc25b9e24daf6/element/e96eb0c1-35f2-499f-9b0f-02651660bc2f/enabled'
21:55:46.792 [Forwarding isElementEnabled on session be324589cb0792c435bfc25b9e24daf6 to remote] DEBUG org.asynchttpclient.netty.request.NettyRequestSender - Using open Channel [id: 0xc8e3bfb4, L:/127.0.0.1:52320 - R:localhost/127.0.0.1:61351] for GET '/session/be324589cb0792c435bfc25b9e24daf6/element/e96eb0c1-35f2-499f-9b0f-02651660bc2f/enabled'
21:55:46.811 [AsyncHttpClient-1-2] DEBUG org.asynchttpclient.netty.handler.HttpHandler - 

Request DefaultFullHttpRequest(decodeResult: success, version: HTTP/1.1, content: EmptyByteBufBE)
GET /session/be324589cb0792c435bfc25b9e24daf6/element/e96eb0c1-35f2-499f-9b0f-02651660bc2f/enabled HTTP/1.1
User-Agent: selenium/4.1.2 (java windows)
Cache-Control: no-cache
Content-Type: application/json; charset=utf-8
host: localhost:61351
accept: */*

Response DefaultHttpResponse(decodeResult: success, version: HTTP/1.1)
HTTP/1.1 200 OK
Content-Type: application/json; charset=utf-8
cache-control: no-cache
content-length: 14

21:55:46.811 [AsyncHttpClient-1-2] DEBUG org.asynchttpclient.netty.channel.ChannelManager - Adding key: http://localhost:61351 for channel [id: 0xc8e3bfb4, L:/127.0.0.1:52320 - R:localhost/127.0.0.1:61351]
21:55:46.812 [Forwarding isElementEnabled on session be324589cb0792c435bfc25b9e24daf6 to remote] DEBUG org.asynchttpclient.netty.request.NettyRequestSender - Using pooled Channel '[id: 0xc8e3bfb4, L:/127.0.0.1:52320 - R:localhost/127.0.0.1:61351]' for 'GET' to 'http://localhost:61351/session/be324589cb0792c435bfc25b9e24daf6/element/e96eb0c1-35f2-499f-9b0f-02651660bc2f/enabled'
21:55:46.812 [Forwarding isElementEnabled on session be324589cb0792c435bfc25b9e24daf6 to remote] DEBUG org.asynchttpclient.netty.request.NettyRequestSender - Using open Channel [id: 0xc8e3bfb4, L:/127.0.0.1:52320 - R:localhost/127.0.0.1:61351] for GET '/session/be324589cb0792c435bfc25b9e24daf6/element/e96eb0c1-35f2-499f-9b0f-02651660bc2f/enabled'
21:55:46.826 [AsyncHttpClient-1-2] DEBUG org.asynchttpclient.netty.handler.HttpHandler - 

Request DefaultFullHttpRequest(decodeResult: success, version: HTTP/1.1, content: EmptyByteBufBE)
GET /session/be324589cb0792c435bfc25b9e24daf6/element/e96eb0c1-35f2-499f-9b0f-02651660bc2f/enabled HTTP/1.1
User-Agent: selenium/4.1.2 (java windows)
Cache-Control: no-cache
Content-Type: application/json; charset=utf-8
host: localhost:61351
accept: */*

Response DefaultHttpResponse(decodeResult: success, version: HTTP/1.1)
HTTP/1.1 200 OK
Content-Type: application/json; charset=utf-8
cache-control: no-cache
content-length: 14

21:55:46.826 [AsyncHttpClient-1-2] DEBUG org.asynchttpclient.netty.channel.ChannelManager - Adding key: http://localhost:61351 for channel [id: 0xc8e3bfb4, L:/127.0.0.1:52320 - R:localhost/127.0.0.1:61351]
21:55:46.832 [Forwarding findElement on session be324589cb0792c435bfc25b9e24daf6 to remote] DEBUG org.asynchttpclient.netty.request.NettyRequestSender - Using pooled Channel '[id: 0xc8e3bfb4, L:/127.0.0.1:52320 - R:localhost/127.0.0.1:61351]' for 'POST' to 'http://localhost:61351/session/be324589cb0792c435bfc25b9e24daf6/element'
21:55:46.832 [Forwarding findElement on session be324589cb0792c435bfc25b9e24daf6 to remote] DEBUG org.asynchttpclient.netty.request.NettyRequestSender - Using open Channel [id: 0xc8e3bfb4, L:/127.0.0.1:52320 - R:localhost/127.0.0.1:61351] for POST '/session/be324589cb0792c435bfc25b9e24daf6/element'
21:55:46.845 [AsyncHttpClient-1-2] DEBUG org.asynchttpclient.netty.handler.HttpHandler - 

Request DefaultHttpRequest(decodeResult: success, version: HTTP/1.1)
POST /session/be324589cb0792c435bfc25b9e24daf6/element HTTP/1.1
User-Agent: selenium/4.1.2 (java windows)
Content-Length: 59
Content-Type: application/json; charset=utf-8
host: localhost:61351
accept: */*

Response DefaultHttpResponse(decodeResult: success, version: HTTP/1.1)
HTTP/1.1 200 OK
Content-Type: application/json; charset=utf-8
cache-control: no-cache
content-length: 88

21:55:46.846 [AsyncHttpClient-1-2] DEBUG org.asynchttpclient.netty.channel.ChannelManager - Adding key: http://localhost:61351 for channel [id: 0xc8e3bfb4, L:/127.0.0.1:52320 - R:localhost/127.0.0.1:61351]
21:55:46.850 [Forwarding clickElement on session be324589cb0792c435bfc25b9e24daf6 to remote] DEBUG org.asynchttpclient.netty.request.NettyRequestSender - Using pooled Channel '[id: 0xc8e3bfb4, L:/127.0.0.1:52320 - R:localhost/127.0.0.1:61351]' for 'POST' to 'http://localhost:61351/session/be324589cb0792c435bfc25b9e24daf6/element/e96eb0c1-35f2-499f-9b0f-02651660bc2f/click'
21:55:46.850 [Forwarding clickElement on session be324589cb0792c435bfc25b9e24daf6 to remote] DEBUG org.asynchttpclient.netty.request.NettyRequestSender - Using open Channel [id: 0xc8e3bfb4, L:/127.0.0.1:52320 - R:localhost/127.0.0.1:61351] for POST '/session/be324589cb0792c435bfc25b9e24daf6/element/e96eb0c1-35f2-499f-9b0f-02651660bc2f/click'
21:55:46.930 [AsyncHttpClient-1-2] DEBUG org.asynchttpclient.netty.handler.HttpHandler - 

Request DefaultHttpRequest(decodeResult: success, version: HTTP/1.1)
POST /session/be324589cb0792c435bfc25b9e24daf6/element/e96eb0c1-35f2-499f-9b0f-02651660bc2f/click HTTP/1.1
User-Agent: selenium/4.1.2 (java windows)
Content-Length: 50
Content-Type: application/json; charset=utf-8
host: localhost:61351
accept: */*

Response DefaultHttpResponse(decodeResult: success, version: HTTP/1.1)
HTTP/1.1 200 OK
Content-Type: application/json; charset=utf-8
cache-control: no-cache
content-length: 14

21:55:46.931 [AsyncHttpClient-1-2] DEBUG org.asynchttpclient.netty.channel.ChannelManager - Adding key: http://localhost:61351 for channel [id: 0xc8e3bfb4, L:/127.0.0.1:52320 - R:localhost/127.0.0.1:61351]
  &amp#27;[32mAnd &amp#27;[0m&amp#27;[32mI click bayar button&amp#27;[0m       &amp#27;[90m# starter.stepdefinitions.OrderSteps.iClickBayarButton()&amp#27;[0m
21:55:46.946 [Forwarding screenshot on session be324589cb0792c435bfc25b9e24daf6 to remote] DEBUG org.asynchttpclient.netty.request.NettyRequestSender - Using pooled Channel '[id: 0xc8e3bfb4, L:/127.0.0.1:52320 - R:localhost/127.0.0.1:61351]' for 'GET' to 'http://localhost:61351/session/be324589cb0792c435bfc25b9e24daf6/screenshot'
21:55:46.946 [Forwarding screenshot on session be324589cb0792c435bfc25b9e24daf6 to remote] DEBUG org.asynchttpclient.netty.request.NettyRequestSender - Using open Channel [id: 0xc8e3bfb4, L:/127.0.0.1:52320 - R:localhost/127.0.0.1:61351] for GET '/session/be324589cb0792c435bfc25b9e24daf6/screenshot'
21:55:47.155 [AsyncHttpClient-1-2] DEBUG org.asynchttpclient.netty.handler.HttpHandler - 

Request DefaultFullHttpRequest(decodeResult: success, version: HTTP/1.1, content: EmptyByteBufBE)
GET /session/be324589cb0792c435bfc25b9e24daf6/screenshot HTTP/1.1
User-Agent: selenium/4.1.2 (java windows)
Cache-Control: no-cache
Content-Type: application/json; charset=utf-8
host: localhost:61351
accept: */*

Response DefaultHttpResponse(decodeResult: success, version: HTTP/1.1)
HTTP/1.1 200 OK
Content-Type: application/json; charset=utf-8
cache-control: no-cache
content-length: 28268

21:55:47.156 [AsyncHttpClient-1-2] DEBUG org.asynchttpclient.netty.channel.ChannelManager - Adding key: http://localhost:61351 for channel [id: 0xc8e3bfb4, L:/127.0.0.1:52320 - R:localhost/127.0.0.1:61351]
21:55:47.158 [main] DEBUG net.serenitybdd.core.photography.Darkroom - Send negative for processing for target\site\serenity\8eb923da8536430d734170d24c2b6a5b0329e713b38597496d5f73d020430aa2.png
21:55:47.166 [Forwarding findElement on session be324589cb0792c435bfc25b9e24daf6 to remote] DEBUG org.asynchttpclient.netty.request.NettyRequestSender - Using pooled Channel '[id: 0xc8e3bfb4, L:/127.0.0.1:52320 - R:localhost/127.0.0.1:61351]' for 'POST' to 'http://localhost:61351/session/be324589cb0792c435bfc25b9e24daf6/element'
21:55:47.166 [Forwarding findElement on session be324589cb0792c435bfc25b9e24daf6 to remote] DEBUG org.asynchttpclient.netty.request.NettyRequestSender - Using open Channel [id: 0xc8e3bfb4, L:/127.0.0.1:52320 - R:localhost/127.0.0.1:61351] for POST '/session/be324589cb0792c435bfc25b9e24daf6/element'
21:55:47.184 [AsyncHttpClient-1-2] DEBUG org.asynchttpclient.netty.handler.HttpHandler - 

Request DefaultHttpRequest(decodeResult: success, version: HTTP/1.1)
POST /session/be324589cb0792c435bfc25b9e24daf6/element HTTP/1.1
User-Agent: selenium/4.1.2 (java windows)
Content-Length: 74
Content-Type: application/json; charset=utf-8
host: localhost:61351
accept: */*

Response DefaultHttpResponse(decodeResult: success, version: HTTP/1.1)
HTTP/1.1 200 OK
Content-Type: application/json; charset=utf-8
cache-control: no-cache
content-length: 88

21:55:47.184 [AsyncHttpClient-1-2] DEBUG org.asynchttpclient.netty.channel.ChannelManager - Adding key: http://localhost:61351 for channel [id: 0xc8e3bfb4, L:/127.0.0.1:52320 - R:localhost/127.0.0.1:61351]
21:55:47.193 [Forwarding isElementDisplayed on session be324589cb0792c435bfc25b9e24daf6 to remote] DEBUG org.asynchttpclient.netty.request.NettyRequestSender - Using pooled Channel '[id: 0xc8e3bfb4, L:/127.0.0.1:52320 - R:localhost/127.0.0.1:61351]' for 'POST' to 'http://localhost:61351/session/be324589cb0792c435bfc25b9e24daf6/execute/sync'
21:55:47.193 [Forwarding isElementDisplayed on session be324589cb0792c435bfc25b9e24daf6 to remote] DEBUG org.asynchttpclient.netty.request.NettyRequestSender - Using open Channel [id: 0xc8e3bfb4, L:/127.0.0.1:52320 - R:localhost/127.0.0.1:61351] for POST '/session/be324589cb0792c435bfc25b9e24daf6/execute/sync'
21:55:47.215 [AsyncHttpClient-1-2] DEBUG org.asynchttpclient.netty.handler.HttpHandler - 

Request DefaultHttpRequest(decodeResult: success, version: HTTP/1.1)
POST /session/be324589cb0792c435bfc25b9e24daf6/execute/sync HTTP/1.1
User-Agent: selenium/4.1.2 (java windows)
Content-Length: 48780
Content-Type: application/json; charset=utf-8
host: localhost:61351
accept: */*

Response DefaultHttpResponse(decodeResult: success, version: HTTP/1.1)
HTTP/1.1 200 OK
Content-Type: application/json; charset=utf-8
cache-control: no-cache
content-length: 14

21:55:47.215 [AsyncHttpClient-1-2] DEBUG org.asynchttpclient.netty.channel.ChannelManager - Adding key: http://localhost:61351 for channel [id: 0xc8e3bfb4, L:/127.0.0.1:52320 - R:localhost/127.0.0.1:61351]
  &amp#27;[32mThen &amp#27;[0m&amp#27;[32mi on the transaction page&amp#27;[0m &amp#27;[90m# starter.stepdefinitions.OrderSteps.iOnTheTransactionPage()&amp#27;[0m
21:55:47.222 [Forwarding screenshot on session be324589cb0792c435bfc25b9e24daf6 to remote] DEBUG org.asynchttpclient.netty.request.NettyRequestSender - Using pooled Channel '[id: 0xc8e3bfb4, L:/127.0.0.1:52320 - R:localhost/127.0.0.1:61351]' for 'GET' to 'http://localhost:61351/session/be324589cb0792c435bfc25b9e24daf6/screenshot'
21:55:47.222 [Forwarding screenshot on session be324589cb0792c435bfc25b9e24daf6 to remote] DEBUG org.asynchttpclient.netty.request.NettyRequestSender - Using open Channel [id: 0xc8e3bfb4, L:/127.0.0.1:52320 - R:localhost/127.0.0.1:61351] for GET '/session/be324589cb0792c435bfc25b9e24daf6/screenshot'
21:55:47.357 [AsyncHttpClient-1-2] DEBUG org.asynchttpclient.netty.handler.HttpHandler - 

Request DefaultFullHttpRequest(decodeResult: success, version: HTTP/1.1, content: EmptyByteBufBE)
GET /session/be324589cb0792c435bfc25b9e24daf6/screenshot HTTP/1.1
User-Agent: selenium/4.1.2 (java windows)
Cache-Control: no-cache
Content-Type: application/json; charset=utf-8
host: localhost:61351
accept: */*

Response DefaultHttpResponse(decodeResult: success, version: HTTP/1.1)
HTTP/1.1 200 OK
Content-Type: application/json; charset=utf-8
cache-control: no-cache
content-length: 28268

21:55:47.358 [AsyncHttpClient-1-2] DEBUG org.asynchttpclient.netty.channel.ChannelManager - Adding key: http://localhost:61351 for channel [id: 0xc8e3bfb4, L:/127.0.0.1:52320 - R:localhost/127.0.0.1:61351]
21:55:47.360 [main] DEBUG net.serenitybdd.core.photography.Darkroom - Send negative for processing for target\site\serenity\8eb923da8536430d734170d24c2b6a5b0329e713b38597496d5f73d020430aa2.png
21:55:47.361 [main] INFO  - 
  _____   ___   ___   _____     ___     _     ___   ___   ___   ___  
 |_   _| | __| / __| |_   _|   | _ \   /_\   / __| / __| | __| |   \ 
   | |   | _|  \__ \   | |     |  _/  / _ \  \__ \ \__ \ | _|  | |) |
   |_|   |___| |___/   |_|     |_|   /_/ \_\ |___/ |___/ |___| |___/ 

Order with add qty
----------------------------------------------------------------------
21:55:47.363 [AsyncHttpClient-1-4] DEBUG org.asynchttpclient.netty.handler.WebSocketHandler - Channel Closed: [id: 0xf69ed206, L:/127.0.0.1:52327 ! R:localhost/127.0.0.1:52321] with attribute NettyResponseFuture{currentRetry=5,
	isDone=1,
	isCancelled=0,
	asyncHandler=org.asynchttpclient.ws.WebSocketUpgradeHandler@70a0a3db,
	nettyRequest=org.asynchttpclient.netty.request.NettyRequest@33a426be,
	future=java.util.concurrent.CompletableFuture@6c02d849[Completed normally],
	uri=ws://localhost:52321/devtools/browser/7a5bb676-ffa0-4022-bd80-e28e1ae10878,
	keepAlive=true,
	redirectCount=0,
	timeoutsHolder=null,
	inAuth=0,
	touch=1667573737328}
21:55:47.363 [AsyncHttpClient-1-4] DEBUG org.asynchttpclient.netty.channel.ChannelManager - Closing Channel [id: 0xf69ed206, L:/127.0.0.1:52327 ! R:localhost/127.0.0.1:52321] 
21:55:47.363 [Driver Command Executor] DEBUG org.asynchttpclient.netty.request.NettyRequestSender - Using pooled Channel '[id: 0xc8e3bfb4, L:/127.0.0.1:52320 - R:localhost/127.0.0.1:61351]' for 'DELETE' to 'http://localhost:61351/session/be324589cb0792c435bfc25b9e24daf6'
21:55:47.363 [Driver Command Executor] DEBUG org.asynchttpclient.netty.request.NettyRequestSender - Using open Channel [id: 0xc8e3bfb4, L:/127.0.0.1:52320 - R:localhost/127.0.0.1:61351] for DELETE '/session/be324589cb0792c435bfc25b9e24daf6'
21:55:47.434 [AsyncHttpClient-1-3] DEBUG org.asynchttpclient.netty.handler.HttpHandler - Unexpected I/O exception on channel [id: 0x8ef01221, L:/127.0.0.1:52326 - R:localhost/127.0.0.1:52321]
java.io.IOException: An existing connection was forcibly closed by the remote host
	at java.base/sun.nio.ch.SocketDispatcher.read0(Native Method)
	at java.base/sun.nio.ch.SocketDispatcher.read(SocketDispatcher.java:43)
	at java.base/sun.nio.ch.IOUtil.readIntoNativeBuffer(IOUtil.java:276)
	at java.base/sun.nio.ch.IOUtil.read(IOUtil.java:233)
	at java.base/sun.nio.ch.IOUtil.read(IOUtil.java:223)
	at java.base/sun.nio.ch.SocketChannelImpl.read(SocketChannelImpl.java:358)
	at io.netty.buffer.PooledByteBuf.setBytes(PooledByteBuf.java:258)
	at io.netty.buffer.AbstractByteBuf.writeBytes(AbstractByteBuf.java:1132)
	at io.netty.channel.socket.nio.NioSocketChannel.doReadBytes(NioSocketChannel.java:350)
	at io.netty.channel.nio.AbstractNioByteChannel$NioByteUnsafe.read(AbstractNioByteChannel.java:151)
	at io.netty.channel.nio.NioEventLoop.processSelectedKey(NioEventLoop.java:722)
	at io.netty.channel.nio.NioEventLoop.processSelectedKeysOptimized(NioEventLoop.java:658)
	at io.netty.channel.nio.NioEventLoop.processSelectedKeys(NioEventLoop.java:584)
	at io.netty.channel.nio.NioEventLoop.run(NioEventLoop.java:496)
	at io.netty.util.concurrent.SingleThreadEventExecutor$4.run(SingleThreadEventExecutor.java:986)
	at io.netty.util.internal.ThreadExecutorMap$2.run(ThreadExecutorMap.java:74)
	at io.netty.util.concurrent.FastThreadLocalRunnable.run(FastThreadLocalRunnable.java:30)
	at java.base/java.lang.Thread.run(Thread.java:834)
21:55:47.434 [AsyncHttpClient-1-3] DEBUG org.asynchttpclient.netty.channel.ChannelManager - Closing Channel [id: 0x8ef01221, L:/127.0.0.1:52326 - R:localhost/127.0.0.1:52321] 
21:55:47.434 [AsyncHttpClient-1-3] DEBUG org.asynchttpclient.netty.handler.HttpHandler - Channel Closed: [id: 0x8ef01221, L:/127.0.0.1:52326 ! R:localhost/127.0.0.1:52321] with attribute DISCARD
21:55:47.519 [AsyncHttpClient-1-2] DEBUG org.asynchttpclient.netty.handler.HttpHandler - 

Request DefaultFullHttpRequest(decodeResult: success, version: HTTP/1.1, content: EmptyByteBufBE)
DELETE /session/be324589cb0792c435bfc25b9e24daf6 HTTP/1.1
User-Agent: selenium/4.1.2 (java windows)
Content-Type: application/json; charset=utf-8
host: localhost:61351
accept: */*

Response DefaultHttpResponse(decodeResult: success, version: HTTP/1.1)
HTTP/1.1 200 OK
Content-Type: application/json; charset=utf-8
cache-control: no-cache
content-length: 14

21:55:47.519 [AsyncHttpClient-1-2] DEBUG org.asynchttpclient.netty.channel.ChannelManager - Adding key: http://localhost:61351 for channel [id: 0xc8e3bfb4, L:/127.0.0.1:52320 - R:localhost/127.0.0.1:61351]
21:55:47.702 [AsyncHttpClient-1-2] DEBUG org.asynchttpclient.netty.handler.HttpHandler - Channel Closed: [id: 0xc8e3bfb4, L:/127.0.0.1:52320 ! R:localhost/127.0.0.1:61351] with attribute DISCARD
]]></system-out>
    <system-err><![CDATA[Starting ChromeDriver 106.0.5249.61 (511755355844955cd3e264779baf0dd38212a4d0-refs/branch-heads/5249@{#569}) on port 61351
Only local connections are allowed.
Please see https://chromedriver.chromium.org/security-considerations for suggestions on keeping ChromeDriver safe.
ChromeDriver was started successfully.
[1667573737.081][WARNING]: This version of ChromeDriver has not been tested with Chrome version 107.
Nov 04, 2022 9:55:37 PM org.openqa.selenium.remote.ProtocolHandshake createSession
INFO: Detected dialect: W3C
Nov 04, 2022 9:55:37 PM org.openqa.selenium.devtools.CdpVersionFinder findNearestMatch
WARNING: Unable to find an exact match for CDP version 107, so returning the closest version found: a no-op implementation
Nov 04, 2022 9:55:37 PM org.openqa.selenium.devtools.CdpVersionFinder findNearestMatch
INFO: Unable to find CDP implementation matching 107.
Nov 04, 2022 9:55:37 PM org.openqa.selenium.chromium.ChromiumDriver lambda$new$3
WARNING: Unable to find version of CDP to use for . You may need to include a dependency on a specific version of the CDP using something similar to `org.seleniumhq.selenium:selenium-devtools-v86:4.1.2` where the version ("v86") matches the version of the chromium-based browser you're using and the version number of the artifact is the same as Selenium's.
]]></system-err>
  </testcase>
  <testcase name="Order with reduce qty" classname="Order" time="12.383">
    <system-out><![CDATA[
@Orders
Scenario: Order with reduce qty      &amp#27;[90m# src/test/resources/features/Order.feature:23&amp#27;[0m
21:55:47.798 [main] INFO io.cucumber.core.plugin.SerenityReporter - Running feature from file:///C:/Users/ACER/Documents/Mini_Proyek/test-web/src/test/resources/features/Order.feature
21:55:47.814 [main] INFO  - 
  _____   ___   ___   _____     ___   _____     _     ___   _____   ___   ___  
 |_   _| | __| / __| |_   _|   / __| |_   _|   /_\   | _ \ |_   _| | __| |   \ 
   | |   | _|  \__ \   | |     \__ \   | |    / _ \  |   /   | |   | _|  | |) |
   |_|   |___| |___/   |_|     |___/   |_|   /_/ \_\ |_|_\   |_|   |___| |___/ 

Order with reduce qty(order;order-with-reduce-qty)
--------------------------------------------------------------------------------
21:55:47.893 [main] INFO net.serenitybdd.core.webdriver.driverproviders.ChromeDriverProvider - Using automatically driver download
21:55:47.906 [AsyncHttpClient-1-1] DEBUG org.asynchttpclient.netty.channel.DefaultChannelPool - Entry count for : http://localhost:61351 : 1
21:55:47.906 [AsyncHttpClient-1-1] DEBUG org.asynchttpclient.netty.channel.DefaultChannelPool - Entry count for : http://localhost:52321 : 1
21:55:47.906 [AsyncHttpClient-1-1] DEBUG org.asynchttpclient.netty.channel.DefaultChannelPool - Adding Candidate expired Channel [id: 0xc8e3bfb4, L:/127.0.0.1:52320 ! R:localhost/127.0.0.1:61351] isIdleTimeoutExpired=false isRemotelyClosed=true isTtlExpired=false
21:55:47.907 [AsyncHttpClient-1-1] DEBUG org.asynchttpclient.netty.channel.DefaultChannelPool - Closing Idle Channel [id: 0xc8e3bfb4, L:/127.0.0.1:52320 ! R:localhost/127.0.0.1:61351]
21:55:47.907 [AsyncHttpClient-1-1] DEBUG org.asynchttpclient.netty.channel.DefaultChannelPool - Adding Candidate expired Channel [id: 0x8ef01221, L:/127.0.0.1:52326 ! R:localhost/127.0.0.1:52321] isIdleTimeoutExpired=false isRemotelyClosed=true isTtlExpired=false
21:55:47.907 [AsyncHttpClient-1-1] DEBUG org.asynchttpclient.netty.channel.DefaultChannelPool - Closing Idle Channel [id: 0x8ef01221, L:/127.0.0.1:52326 ! R:localhost/127.0.0.1:52321]
21:55:47.907 [AsyncHttpClient-1-1] DEBUG org.asynchttpclient.netty.channel.DefaultChannelPool - Closed 2 connections out of 2 in 1 ms
21:55:49.341 [main] DEBUG io.github.bonigarcia.wdm.cache.ResolutionCache - Resolution chrome=107 in cache (valid until 22:53:45 04/11/2022 ICT)
21:55:49.374 [main] DEBUG io.github.bonigarcia.wdm.cache.ResolutionCache - Resolution chrome107=107.0.5304.62 in cache (valid until 21:53:45 05/11/2022 ICT)
21:55:49.381 [main] INFO io.github.bonigarcia.wdm.WebDriverManager - Using chromedriver 107.0.5304.62 (resolved driver for Chrome 107)
21:55:49.414 [main] DEBUG io.github.bonigarcia.wdm.WebDriverManager - Driver chromedriver 107.0.5304.62 found in cache
21:55:49.419 [main] INFO io.github.bonigarcia.wdm.WebDriverManager - Exporting webdriver.chrome.driver as C:\Users\ACER\.cache\selenium\chromedriver\win32\107.0.5304.62\chromedriver.exe
21:55:49.674 [main] DEBUG net.serenitybdd.core.webdriver.driverproviders.ProvideNewDriver - Instantiating driver
21:55:49.674 [main] DEBUG net.serenitybdd.core.webdriver.driverproviders.ProvideNewDriver - Driver capabilities: Capabilities {acceptInsecureCerts: false, base.url: https://alta-shop.vercel.app, browserName: chrome, chrome.driver: src/test/resources/webdrive..., driver: chrome, goog:chromeOptions: {args: [], extensions: []}, wait.for.timeout: 15000}
21:55:49.792 [AsyncHttpClient-1-5] DEBUG org.asynchttpclient.netty.channel.NettyConnectListener - Using new Channel '[id: 0x7e783ce6, L:/127.0.0.1:52344 - R:localhost/127.0.0.1:57626]' for 'POST' to '/session'
21:55:50.983 [AsyncHttpClient-1-5] DEBUG org.asynchttpclient.netty.handler.HttpHandler - 

Request DefaultHttpRequest(decodeResult: success, version: HTTP/1.1)
POST /session HTTP/1.1
User-Agent: selenium/4.1.2 (java windows)
Content-Length: 640
Content-Type: application/json; charset=utf-8
host: localhost:57626
accept: */*

Response DefaultHttpResponse(decodeResult: success, version: HTTP/1.1)
HTTP/1.1 200 OK
Content-Type: application/json; charset=utf-8
cache-control: no-cache
content-length: 789

21:55:50.983 [AsyncHttpClient-1-5] DEBUG org.asynchttpclient.netty.channel.ChannelManager - Adding key: http://localhost:57626 for channel [id: 0x7e783ce6, L:/127.0.0.1:52344 - R:localhost/127.0.0.1:57626]
21:55:50.997 [AsyncHttpClient-1-6] DEBUG org.asynchttpclient.netty.channel.NettyConnectListener - Using new Channel '[id: 0x210b8999, L:/127.0.0.1:52350 - R:localhost/127.0.0.1:52345]' for 'GET' to '/json/version'
21:55:50.998 [AsyncHttpClient-1-6] DEBUG org.asynchttpclient.netty.handler.HttpHandler - 

Request DefaultFullHttpRequest(decodeResult: success, version: HTTP/1.1, content: EmptyByteBufBE)
GET /json/version HTTP/1.1
User-Agent: selenium/4.1.2 (java windows)
host: localhost:52345
accept: */*

Response DefaultHttpResponse(decodeResult: success, version: HTTP/1.1)
HTTP/1.1 200 OK
Content-Type: application/json; charset=UTF-8
content-length: 423

21:55:50.999 [AsyncHttpClient-1-6] DEBUG org.asynchttpclient.netty.channel.ChannelManager - Adding key: http://localhost:52345 for channel [id: 0x210b8999, L:/127.0.0.1:52350 - R:localhost/127.0.0.1:52345]
21:55:51.003 [AsyncHttpClient-1-7] DEBUG org.asynchttpclient.netty.channel.NettyConnectListener - Using new Channel '[id: 0x2bac9ab7, L:/127.0.0.1:52351 - R:localhost/127.0.0.1:52345]' for 'GET' to '/devtools/browser/17f4b21e-f073-4714-a7f2-5c9ac66feb05'
21:55:51.004 [AsyncHttpClient-1-7] DEBUG org.asynchttpclient.netty.handler.WebSocketHandler - 

Request DefaultFullHttpRequest(decodeResult: success, version: HTTP/1.1, content: EmptyByteBufBE)
GET /devtools/browser/17f4b21e-f073-4714-a7f2-5c9ac66feb05 HTTP/1.1
upgrade: websocket
connection: upgrade
sec-websocket-key: c5jS6o7CezHaPGzeWdI9hQ==
sec-websocket-version: 13
origin: http://localhost:52345
host: localhost:52345
accept: */*
user-agent: AHC/2.1

Response DefaultHttpResponse(decodeResult: success, version: HTTP/1.1)
HTTP/1.1 101 WebSocket Protocol Handshake
Upgrade: WebSocket
Connection: Upgrade
Sec-WebSocket-Accept: Sfr+N7wx9/pFsOPBs95yWmDStNQ=

21:55:51.014 [Forwarding get on session 37536c2a8cc601242c0d79553c5de0fa to remote] DEBUG org.asynchttpclient.netty.request.NettyRequestSender - Using pooled Channel '[id: 0x7e783ce6, L:/127.0.0.1:52344 - R:localhost/127.0.0.1:57626]' for 'POST' to 'http://localhost:57626/session/37536c2a8cc601242c0d79553c5de0fa/url'
21:55:51.014 [Forwarding get on session 37536c2a8cc601242c0d79553c5de0fa to remote] DEBUG org.asynchttpclient.netty.request.NettyRequestSender - Using open Channel [id: 0x7e783ce6, L:/127.0.0.1:52344 - R:localhost/127.0.0.1:57626] for POST '/session/37536c2a8cc601242c0d79553c5de0fa/url'
21:55:51.203 [AsyncHttpClient-1-1] DEBUG org.asynchttpclient.netty.channel.DefaultChannelPool - Entry count for : http://localhost:52345 : 1
21:55:52.284 [AsyncHttpClient-1-1] DEBUG org.asynchttpclient.netty.channel.DefaultChannelPool - Entry count for : http://localhost:52345 : 1
21:55:52.612 [AsyncHttpClient-1-5] DEBUG org.asynchttpclient.netty.handler.HttpHandler - 

Request DefaultHttpRequest(decodeResult: success, version: HTTP/1.1)
POST /session/37536c2a8cc601242c0d79553c5de0fa/url HTTP/1.1
User-Agent: selenium/4.1.2 (java windows)
Content-Length: 59
Content-Type: application/json; charset=utf-8
host: localhost:57626
accept: */*

Response DefaultHttpResponse(decodeResult: success, version: HTTP/1.1)
HTTP/1.1 200 OK
Content-Type: application/json; charset=utf-8
cache-control: no-cache
content-length: 14

21:55:52.613 [AsyncHttpClient-1-5] DEBUG org.asynchttpclient.netty.channel.ChannelManager - Adding key: http://localhost:57626 for channel [id: 0x7e783ce6, L:/127.0.0.1:52344 - R:localhost/127.0.0.1:57626]
21:55:52.615 [Forwarding setTimeout on session 37536c2a8cc601242c0d79553c5de0fa to remote] DEBUG org.asynchttpclient.netty.request.NettyRequestSender - Using pooled Channel '[id: 0x7e783ce6, L:/127.0.0.1:52344 - R:localhost/127.0.0.1:57626]' for 'POST' to 'http://localhost:57626/session/37536c2a8cc601242c0d79553c5de0fa/timeouts'
21:55:52.615 [Forwarding setTimeout on session 37536c2a8cc601242c0d79553c5de0fa to remote] DEBUG org.asynchttpclient.netty.request.NettyRequestSender - Using open Channel [id: 0x7e783ce6, L:/127.0.0.1:52344 - R:localhost/127.0.0.1:57626] for POST '/session/37536c2a8cc601242c0d79553c5de0fa/timeouts'
21:55:52.617 [AsyncHttpClient-1-5] DEBUG org.asynchttpclient.netty.handler.HttpHandler - 

Request DefaultHttpRequest(decodeResult: success, version: HTTP/1.1)
POST /session/37536c2a8cc601242c0d79553c5de0fa/timeouts HTTP/1.1
User-Agent: selenium/4.1.2 (java windows)
Content-Length: 22
Content-Type: application/json; charset=utf-8
host: localhost:57626
accept: */*

Response DefaultHttpResponse(decodeResult: success, version: HTTP/1.1)
HTTP/1.1 200 OK
Content-Type: application/json; charset=utf-8
cache-control: no-cache
content-length: 14

21:55:52.618 [AsyncHttpClient-1-5] DEBUG org.asynchttpclient.netty.channel.ChannelManager - Adding key: http://localhost:57626 for channel [id: 0x7e783ce6, L:/127.0.0.1:52344 - R:localhost/127.0.0.1:57626]
21:55:52.623 [Forwarding getCurrentUrl on session 37536c2a8cc601242c0d79553c5de0fa to remote] DEBUG org.asynchttpclient.netty.request.NettyRequestSender - Using pooled Channel '[id: 0x7e783ce6, L:/127.0.0.1:52344 - R:localhost/127.0.0.1:57626]' for 'GET' to 'http://localhost:57626/session/37536c2a8cc601242c0d79553c5de0fa/url'
21:55:52.623 [Forwarding getCurrentUrl on session 37536c2a8cc601242c0d79553c5de0fa to remote] DEBUG org.asynchttpclient.netty.request.NettyRequestSender - Using open Channel [id: 0x7e783ce6, L:/127.0.0.1:52344 - R:localhost/127.0.0.1:57626] for GET '/session/37536c2a8cc601242c0d79553c5de0fa/url'
21:55:52.633 [AsyncHttpClient-1-5] DEBUG org.asynchttpclient.netty.handler.HttpHandler - 

Request DefaultFullHttpRequest(decodeResult: success, version: HTTP/1.1, content: EmptyByteBufBE)
GET /session/37536c2a8cc601242c0d79553c5de0fa/url HTTP/1.1
User-Agent: selenium/4.1.2 (java windows)
Cache-Control: no-cache
Content-Type: application/json; charset=utf-8
host: localhost:57626
accept: */*

Response DefaultHttpResponse(decodeResult: success, version: HTTP/1.1)
HTTP/1.1 200 OK
Content-Type: application/json; charset=utf-8
cache-control: no-cache
content-length: 41

21:55:52.633 [AsyncHttpClient-1-5] DEBUG org.asynchttpclient.netty.channel.ChannelManager - Adding key: http://localhost:57626 for channel [id: 0x7e783ce6, L:/127.0.0.1:52344 - R:localhost/127.0.0.1:57626]
21:55:52.642 [Forwarding findElement on session 37536c2a8cc601242c0d79553c5de0fa to remote] DEBUG org.asynchttpclient.netty.request.NettyRequestSender - Using pooled Channel '[id: 0x7e783ce6, L:/127.0.0.1:52344 - R:localhost/127.0.0.1:57626]' for 'POST' to 'http://localhost:57626/session/37536c2a8cc601242c0d79553c5de0fa/element'
21:55:52.642 [Forwarding findElement on session 37536c2a8cc601242c0d79553c5de0fa to remote] DEBUG org.asynchttpclient.netty.request.NettyRequestSender - Using open Channel [id: 0x7e783ce6, L:/127.0.0.1:52344 - R:localhost/127.0.0.1:57626] for POST '/session/37536c2a8cc601242c0d79553c5de0fa/element'
21:55:52.670 [AsyncHttpClient-1-5] DEBUG org.asynchttpclient.netty.handler.HttpHandler - 

Request DefaultHttpRequest(decodeResult: success, version: HTTP/1.1)
POST /session/37536c2a8cc601242c0d79553c5de0fa/element HTTP/1.1
User-Agent: selenium/4.1.2 (java windows)
Content-Length: 97
Content-Type: application/json; charset=utf-8
host: localhost:57626
accept: */*

Response DefaultHttpResponse(decodeResult: success, version: HTTP/1.1)
HTTP/1.1 200 OK
Content-Type: application/json; charset=utf-8
cache-control: no-cache
content-length: 88

21:55:52.670 [AsyncHttpClient-1-5] DEBUG org.asynchttpclient.netty.channel.ChannelManager - Adding key: http://localhost:57626 for channel [id: 0x7e783ce6, L:/127.0.0.1:52344 - R:localhost/127.0.0.1:57626]
21:55:52.672 [Forwarding getElementTagName on session 37536c2a8cc601242c0d79553c5de0fa to remote] DEBUG org.asynchttpclient.netty.request.NettyRequestSender - Using pooled Channel '[id: 0x7e783ce6, L:/127.0.0.1:52344 - R:localhost/127.0.0.1:57626]' for 'GET' to 'http://localhost:57626/session/37536c2a8cc601242c0d79553c5de0fa/element/d5a0b92d-0e90-488e-af2a-c90323726671/name'
21:55:52.672 [Forwarding getElementTagName on session 37536c2a8cc601242c0d79553c5de0fa to remote] DEBUG org.asynchttpclient.netty.request.NettyRequestSender - Using open Channel [id: 0x7e783ce6, L:/127.0.0.1:52344 - R:localhost/127.0.0.1:57626] for GET '/session/37536c2a8cc601242c0d79553c5de0fa/element/d5a0b92d-0e90-488e-af2a-c90323726671/name'
21:55:52.680 [AsyncHttpClient-1-5] DEBUG org.asynchttpclient.netty.handler.HttpHandler - 

Request DefaultFullHttpRequest(decodeResult: success, version: HTTP/1.1, content: EmptyByteBufBE)
GET /session/37536c2a8cc601242c0d79553c5de0fa/element/d5a0b92d-0e90-488e-af2a-c90323726671/name HTTP/1.1
User-Agent: selenium/4.1.2 (java windows)
Cache-Control: no-cache
Content-Type: application/json; charset=utf-8
host: localhost:57626
accept: */*

Response DefaultHttpResponse(decodeResult: success, version: HTTP/1.1)
HTTP/1.1 200 OK
Content-Type: application/json; charset=utf-8
cache-control: no-cache
content-length: 13

21:55:52.680 [AsyncHttpClient-1-5] DEBUG org.asynchttpclient.netty.channel.ChannelManager - Adding key: http://localhost:57626 for channel [id: 0x7e783ce6, L:/127.0.0.1:52344 - R:localhost/127.0.0.1:57626]
21:55:52.682 [Forwarding getElementTagName on session 37536c2a8cc601242c0d79553c5de0fa to remote] DEBUG org.asynchttpclient.netty.request.NettyRequestSender - Using pooled Channel '[id: 0x7e783ce6, L:/127.0.0.1:52344 - R:localhost/127.0.0.1:57626]' for 'GET' to 'http://localhost:57626/session/37536c2a8cc601242c0d79553c5de0fa/element/d5a0b92d-0e90-488e-af2a-c90323726671/name'
21:55:52.682 [Forwarding getElementTagName on session 37536c2a8cc601242c0d79553c5de0fa to remote] DEBUG org.asynchttpclient.netty.request.NettyRequestSender - Using open Channel [id: 0x7e783ce6, L:/127.0.0.1:52344 - R:localhost/127.0.0.1:57626] for GET '/session/37536c2a8cc601242c0d79553c5de0fa/element/d5a0b92d-0e90-488e-af2a-c90323726671/name'
21:55:52.688 [AsyncHttpClient-1-5] DEBUG org.asynchttpclient.netty.handler.HttpHandler - 

Request DefaultFullHttpRequest(decodeResult: success, version: HTTP/1.1, content: EmptyByteBufBE)
GET /session/37536c2a8cc601242c0d79553c5de0fa/element/d5a0b92d-0e90-488e-af2a-c90323726671/name HTTP/1.1
User-Agent: selenium/4.1.2 (java windows)
Cache-Control: no-cache
Content-Type: application/json; charset=utf-8
host: localhost:57626
accept: */*

Response DefaultHttpResponse(decodeResult: success, version: HTTP/1.1)
HTTP/1.1 200 OK
Content-Type: application/json; charset=utf-8
cache-control: no-cache
content-length: 13

21:55:52.688 [AsyncHttpClient-1-5] DEBUG org.asynchttpclient.netty.channel.ChannelManager - Adding key: http://localhost:57626 for channel [id: 0x7e783ce6, L:/127.0.0.1:52344 - R:localhost/127.0.0.1:57626]
21:55:52.692 [Forwarding findElement on session 37536c2a8cc601242c0d79553c5de0fa to remote] DEBUG org.asynchttpclient.netty.request.NettyRequestSender - Using pooled Channel '[id: 0x7e783ce6, L:/127.0.0.1:52344 - R:localhost/127.0.0.1:57626]' for 'POST' to 'http://localhost:57626/session/37536c2a8cc601242c0d79553c5de0fa/element'
21:55:52.692 [Forwarding findElement on session 37536c2a8cc601242c0d79553c5de0fa to remote] DEBUG org.asynchttpclient.netty.request.NettyRequestSender - Using open Channel [id: 0x7e783ce6, L:/127.0.0.1:52344 - R:localhost/127.0.0.1:57626] for POST '/session/37536c2a8cc601242c0d79553c5de0fa/element'
21:55:52.705 [AsyncHttpClient-1-5] DEBUG org.asynchttpclient.netty.handler.HttpHandler - 

Request DefaultHttpRequest(decodeResult: success, version: HTTP/1.1)
POST /session/37536c2a8cc601242c0d79553c5de0fa/element HTTP/1.1
User-Agent: selenium/4.1.2 (java windows)
Content-Length: 97
Content-Type: application/json; charset=utf-8
host: localhost:57626
accept: */*

Response DefaultHttpResponse(decodeResult: success, version: HTTP/1.1)
HTTP/1.1 200 OK
Content-Type: application/json; charset=utf-8
cache-control: no-cache
content-length: 88

21:55:52.705 [AsyncHttpClient-1-5] DEBUG org.asynchttpclient.netty.channel.ChannelManager - Adding key: http://localhost:57626 for channel [id: 0x7e783ce6, L:/127.0.0.1:52344 - R:localhost/127.0.0.1:57626]
21:55:52.707 [Forwarding clickElement on session 37536c2a8cc601242c0d79553c5de0fa to remote] DEBUG org.asynchttpclient.netty.request.NettyRequestSender - Using pooled Channel '[id: 0x7e783ce6, L:/127.0.0.1:52344 - R:localhost/127.0.0.1:57626]' for 'POST' to 'http://localhost:57626/session/37536c2a8cc601242c0d79553c5de0fa/element/d5a0b92d-0e90-488e-af2a-c90323726671/click'
21:55:52.707 [Forwarding clickElement on session 37536c2a8cc601242c0d79553c5de0fa to remote] DEBUG org.asynchttpclient.netty.request.NettyRequestSender - Using open Channel [id: 0x7e783ce6, L:/127.0.0.1:52344 - R:localhost/127.0.0.1:57626] for POST '/session/37536c2a8cc601242c0d79553c5de0fa/element/d5a0b92d-0e90-488e-af2a-c90323726671/click'
21:55:52.797 [AsyncHttpClient-1-5] DEBUG org.asynchttpclient.netty.handler.HttpHandler - 

Request DefaultHttpRequest(decodeResult: success, version: HTTP/1.1)
POST /session/37536c2a8cc601242c0d79553c5de0fa/element/d5a0b92d-0e90-488e-af2a-c90323726671/click HTTP/1.1
User-Agent: selenium/4.1.2 (java windows)
Content-Length: 50
Content-Type: application/json; charset=utf-8
host: localhost:57626
accept: */*

Response DefaultHttpResponse(decodeResult: success, version: HTTP/1.1)
HTTP/1.1 200 OK
Content-Type: application/json; charset=utf-8
cache-control: no-cache
content-length: 14

21:55:52.797 [AsyncHttpClient-1-5] DEBUG org.asynchttpclient.netty.channel.ChannelManager - Adding key: http://localhost:57626 for channel [id: 0x7e783ce6, L:/127.0.0.1:52344 - R:localhost/127.0.0.1:57626]
21:55:52.809 [Forwarding findElement on session 37536c2a8cc601242c0d79553c5de0fa to remote] DEBUG org.asynchttpclient.netty.request.NettyRequestSender - Using pooled Channel '[id: 0x7e783ce6, L:/127.0.0.1:52344 - R:localhost/127.0.0.1:57626]' for 'POST' to 'http://localhost:57626/session/37536c2a8cc601242c0d79553c5de0fa/element'
21:55:52.809 [Forwarding findElement on session 37536c2a8cc601242c0d79553c5de0fa to remote] DEBUG org.asynchttpclient.netty.request.NettyRequestSender - Using open Channel [id: 0x7e783ce6, L:/127.0.0.1:52344 - R:localhost/127.0.0.1:57626] for POST '/session/37536c2a8cc601242c0d79553c5de0fa/element'
21:55:52.930 [AsyncHttpClient-1-5] DEBUG org.asynchttpclient.netty.handler.HttpHandler - 

Request DefaultHttpRequest(decodeResult: success, version: HTTP/1.1)
POST /session/37536c2a8cc601242c0d79553c5de0fa/element HTTP/1.1
User-Agent: selenium/4.1.2 (java windows)
Content-Length: 88
Content-Type: application/json; charset=utf-8
host: localhost:57626
accept: */*

Response DefaultHttpResponse(decodeResult: success, version: HTTP/1.1)
HTTP/1.1 200 OK
Content-Type: application/json; charset=utf-8
cache-control: no-cache
content-length: 88

21:55:52.931 [AsyncHttpClient-1-5] DEBUG org.asynchttpclient.netty.channel.ChannelManager - Adding key: http://localhost:57626 for channel [id: 0x7e783ce6, L:/127.0.0.1:52344 - R:localhost/127.0.0.1:57626]
21:55:52.932 [Forwarding clearElement on session 37536c2a8cc601242c0d79553c5de0fa to remote] DEBUG org.asynchttpclient.netty.request.NettyRequestSender - Using pooled Channel '[id: 0x7e783ce6, L:/127.0.0.1:52344 - R:localhost/127.0.0.1:57626]' for 'POST' to 'http://localhost:57626/session/37536c2a8cc601242c0d79553c5de0fa/element/839e3131-b4af-4957-992d-cc88716231f7/clear'
21:55:52.933 [Forwarding clearElement on session 37536c2a8cc601242c0d79553c5de0fa to remote] DEBUG org.asynchttpclient.netty.request.NettyRequestSender - Using open Channel [id: 0x7e783ce6, L:/127.0.0.1:52344 - R:localhost/127.0.0.1:57626] for POST '/session/37536c2a8cc601242c0d79553c5de0fa/element/839e3131-b4af-4957-992d-cc88716231f7/clear'
21:55:53.012 [AsyncHttpClient-1-5] DEBUG org.asynchttpclient.netty.handler.HttpHandler - 

Request DefaultHttpRequest(decodeResult: success, version: HTTP/1.1)
POST /session/37536c2a8cc601242c0d79553c5de0fa/element/839e3131-b4af-4957-992d-cc88716231f7/clear HTTP/1.1
User-Agent: selenium/4.1.2 (java windows)
Content-Length: 50
Content-Type: application/json; charset=utf-8
host: localhost:57626
accept: */*

Response DefaultHttpResponse(decodeResult: success, version: HTTP/1.1)
HTTP/1.1 200 OK
Content-Type: application/json; charset=utf-8
cache-control: no-cache
content-length: 14

21:55:53.012 [AsyncHttpClient-1-5] DEBUG org.asynchttpclient.netty.channel.ChannelManager - Adding key: http://localhost:57626 for channel [id: 0x7e783ce6, L:/127.0.0.1:52344 - R:localhost/127.0.0.1:57626]
21:55:53.015 [Forwarding sendKeysToElement on session 37536c2a8cc601242c0d79553c5de0fa to remote] DEBUG org.asynchttpclient.netty.request.NettyRequestSender - Using pooled Channel '[id: 0x7e783ce6, L:/127.0.0.1:52344 - R:localhost/127.0.0.1:57626]' for 'POST' to 'http://localhost:57626/session/37536c2a8cc601242c0d79553c5de0fa/element/839e3131-b4af-4957-992d-cc88716231f7/value'
21:55:53.015 [Forwarding sendKeysToElement on session 37536c2a8cc601242c0d79553c5de0fa to remote] DEBUG org.asynchttpclient.netty.request.NettyRequestSender - Using open Channel [id: 0x7e783ce6, L:/127.0.0.1:52344 - R:localhost/127.0.0.1:57626] for POST '/session/37536c2a8cc601242c0d79553c5de0fa/element/839e3131-b4af-4957-992d-cc88716231f7/value'
21:55:53.161 [AsyncHttpClient-1-5] DEBUG org.asynchttpclient.netty.handler.HttpHandler - 

Request DefaultHttpRequest(decodeResult: success, version: HTTP/1.1)
POST /session/37536c2a8cc601242c0d79553c5de0fa/element/839e3131-b4af-4957-992d-cc88716231f7/value HTTP/1.1
User-Agent: selenium/4.1.2 (java windows)
Content-Length: 111
Content-Type: application/json; charset=utf-8
host: localhost:57626
accept: */*

Response DefaultHttpResponse(decodeResult: success, version: HTTP/1.1)
HTTP/1.1 200 OK
Content-Type: application/json; charset=utf-8
cache-control: no-cache
content-length: 14

21:55:53.161 [AsyncHttpClient-1-5] DEBUG org.asynchttpclient.netty.channel.ChannelManager - Adding key: http://localhost:57626 for channel [id: 0x7e783ce6, L:/127.0.0.1:52344 - R:localhost/127.0.0.1:57626]
21:55:53.173 [Forwarding findElement on session 37536c2a8cc601242c0d79553c5de0fa to remote] DEBUG org.asynchttpclient.netty.request.NettyRequestSender - Using pooled Channel '[id: 0x7e783ce6, L:/127.0.0.1:52344 - R:localhost/127.0.0.1:57626]' for 'POST' to 'http://localhost:57626/session/37536c2a8cc601242c0d79553c5de0fa/element'
21:55:53.173 [Forwarding findElement on session 37536c2a8cc601242c0d79553c5de0fa to remote] DEBUG org.asynchttpclient.netty.request.NettyRequestSender - Using open Channel [id: 0x7e783ce6, L:/127.0.0.1:52344 - R:localhost/127.0.0.1:57626] for POST '/session/37536c2a8cc601242c0d79553c5de0fa/element'
21:55:53.200 [AsyncHttpClient-1-5] DEBUG org.asynchttpclient.netty.handler.HttpHandler - 

Request DefaultHttpRequest(decodeResult: success, version: HTTP/1.1)
POST /session/37536c2a8cc601242c0d79553c5de0fa/element HTTP/1.1
User-Agent: selenium/4.1.2 (java windows)
Content-Length: 97
Content-Type: application/json; charset=utf-8
host: localhost:57626
accept: */*

Response DefaultHttpResponse(decodeResult: success, version: HTTP/1.1)
HTTP/1.1 200 OK
Content-Type: application/json; charset=utf-8
cache-control: no-cache
content-length: 88

21:55:53.200 [AsyncHttpClient-1-5] DEBUG org.asynchttpclient.netty.channel.ChannelManager - Adding key: http://localhost:57626 for channel [id: 0x7e783ce6, L:/127.0.0.1:52344 - R:localhost/127.0.0.1:57626]
21:55:53.202 [Forwarding clearElement on session 37536c2a8cc601242c0d79553c5de0fa to remote] DEBUG org.asynchttpclient.netty.request.NettyRequestSender - Using pooled Channel '[id: 0x7e783ce6, L:/127.0.0.1:52344 - R:localhost/127.0.0.1:57626]' for 'POST' to 'http://localhost:57626/session/37536c2a8cc601242c0d79553c5de0fa/element/2bc28442-7129-4814-b43c-543dc15f29a4/clear'
21:55:53.202 [Forwarding clearElement on session 37536c2a8cc601242c0d79553c5de0fa to remote] DEBUG org.asynchttpclient.netty.request.NettyRequestSender - Using open Channel [id: 0x7e783ce6, L:/127.0.0.1:52344 - R:localhost/127.0.0.1:57626] for POST '/session/37536c2a8cc601242c0d79553c5de0fa/element/2bc28442-7129-4814-b43c-543dc15f29a4/clear'
21:55:53.263 [AsyncHttpClient-1-5] DEBUG org.asynchttpclient.netty.handler.HttpHandler - 

Request DefaultHttpRequest(decodeResult: success, version: HTTP/1.1)
POST /session/37536c2a8cc601242c0d79553c5de0fa/element/2bc28442-7129-4814-b43c-543dc15f29a4/clear HTTP/1.1
User-Agent: selenium/4.1.2 (java windows)
Content-Length: 50
Content-Type: application/json; charset=utf-8
host: localhost:57626
accept: */*

Response DefaultHttpResponse(decodeResult: success, version: HTTP/1.1)
HTTP/1.1 200 OK
Content-Type: application/json; charset=utf-8
cache-control: no-cache
content-length: 14

21:55:53.264 [AsyncHttpClient-1-5] DEBUG org.asynchttpclient.netty.channel.ChannelManager - Adding key: http://localhost:57626 for channel [id: 0x7e783ce6, L:/127.0.0.1:52344 - R:localhost/127.0.0.1:57626]
21:55:53.267 [Forwarding sendKeysToElement on session 37536c2a8cc601242c0d79553c5de0fa to remote] DEBUG org.asynchttpclient.netty.request.NettyRequestSender - Using pooled Channel '[id: 0x7e783ce6, L:/127.0.0.1:52344 - R:localhost/127.0.0.1:57626]' for 'POST' to 'http://localhost:57626/session/37536c2a8cc601242c0d79553c5de0fa/element/2bc28442-7129-4814-b43c-543dc15f29a4/value'
21:55:53.271 [Forwarding sendKeysToElement on session 37536c2a8cc601242c0d79553c5de0fa to remote] DEBUG org.asynchttpclient.netty.request.NettyRequestSender - Using open Channel [id: 0x7e783ce6, L:/127.0.0.1:52344 - R:localhost/127.0.0.1:57626] for POST '/session/37536c2a8cc601242c0d79553c5de0fa/element/2bc28442-7129-4814-b43c-543dc15f29a4/value'
21:55:53.399 [AsyncHttpClient-1-1] DEBUG org.asynchttpclient.netty.channel.DefaultChannelPool - Entry count for : http://localhost:52345 : 1
21:55:53.671 [AsyncHttpClient-1-5] DEBUG org.asynchttpclient.netty.handler.HttpHandler - 

Request DefaultHttpRequest(decodeResult: success, version: HTTP/1.1)
POST /session/37536c2a8cc601242c0d79553c5de0fa/element/2bc28442-7129-4814-b43c-543dc15f29a4/value HTTP/1.1
User-Agent: selenium/4.1.2 (java windows)
Content-Length: 191
Content-Type: application/json; charset=utf-8
host: localhost:57626
accept: */*

Response DefaultHttpResponse(decodeResult: success, version: HTTP/1.1)
HTTP/1.1 200 OK
Content-Type: application/json; charset=utf-8
cache-control: no-cache
content-length: 14

21:55:53.671 [AsyncHttpClient-1-5] DEBUG org.asynchttpclient.netty.channel.ChannelManager - Adding key: http://localhost:57626 for channel [id: 0x7e783ce6, L:/127.0.0.1:52344 - R:localhost/127.0.0.1:57626]
21:55:53.686 [Forwarding findElement on session 37536c2a8cc601242c0d79553c5de0fa to remote] DEBUG org.asynchttpclient.netty.request.NettyRequestSender - Using pooled Channel '[id: 0x7e783ce6, L:/127.0.0.1:52344 - R:localhost/127.0.0.1:57626]' for 'POST' to 'http://localhost:57626/session/37536c2a8cc601242c0d79553c5de0fa/element'
21:55:53.686 [Forwarding findElement on session 37536c2a8cc601242c0d79553c5de0fa to remote] DEBUG org.asynchttpclient.netty.request.NettyRequestSender - Using open Channel [id: 0x7e783ce6, L:/127.0.0.1:52344 - R:localhost/127.0.0.1:57626] for POST '/session/37536c2a8cc601242c0d79553c5de0fa/element'
21:55:53.736 [AsyncHttpClient-1-5] DEBUG org.asynchttpclient.netty.handler.HttpHandler - 

Request DefaultHttpRequest(decodeResult: success, version: HTTP/1.1)
POST /session/37536c2a8cc601242c0d79553c5de0fa/element HTTP/1.1
User-Agent: selenium/4.1.2 (java windows)
Content-Length: 83
Content-Type: application/json; charset=utf-8
host: localhost:57626
accept: */*

Response DefaultHttpResponse(decodeResult: success, version: HTTP/1.1)
HTTP/1.1 200 OK
Content-Type: application/json; charset=utf-8
cache-control: no-cache
content-length: 88

21:55:53.736 [AsyncHttpClient-1-5] DEBUG org.asynchttpclient.netty.channel.ChannelManager - Adding key: http://localhost:57626 for channel [id: 0x7e783ce6, L:/127.0.0.1:52344 - R:localhost/127.0.0.1:57626]
21:55:53.739 [Forwarding getElementTagName on session 37536c2a8cc601242c0d79553c5de0fa to remote] DEBUG org.asynchttpclient.netty.request.NettyRequestSender - Using pooled Channel '[id: 0x7e783ce6, L:/127.0.0.1:52344 - R:localhost/127.0.0.1:57626]' for 'GET' to 'http://localhost:57626/session/37536c2a8cc601242c0d79553c5de0fa/element/c11c067a-dd3e-43cc-908c-82e4ffb029bb/name'
21:55:53.739 [Forwarding getElementTagName on session 37536c2a8cc601242c0d79553c5de0fa to remote] DEBUG org.asynchttpclient.netty.request.NettyRequestSender - Using open Channel [id: 0x7e783ce6, L:/127.0.0.1:52344 - R:localhost/127.0.0.1:57626] for GET '/session/37536c2a8cc601242c0d79553c5de0fa/element/c11c067a-dd3e-43cc-908c-82e4ffb029bb/name'
21:55:53.755 [AsyncHttpClient-1-5] DEBUG org.asynchttpclient.netty.handler.HttpHandler - 

Request DefaultFullHttpRequest(decodeResult: success, version: HTTP/1.1, content: EmptyByteBufBE)
GET /session/37536c2a8cc601242c0d79553c5de0fa/element/c11c067a-dd3e-43cc-908c-82e4ffb029bb/name HTTP/1.1
User-Agent: selenium/4.1.2 (java windows)
Cache-Control: no-cache
Content-Type: application/json; charset=utf-8
host: localhost:57626
accept: */*

Response DefaultHttpResponse(decodeResult: success, version: HTTP/1.1)
HTTP/1.1 200 OK
Content-Type: application/json; charset=utf-8
cache-control: no-cache
content-length: 16

21:55:53.755 [AsyncHttpClient-1-5] DEBUG org.asynchttpclient.netty.channel.ChannelManager - Adding key: http://localhost:57626 for channel [id: 0x7e783ce6, L:/127.0.0.1:52344 - R:localhost/127.0.0.1:57626]
21:55:53.760 [Forwarding getElementTagName on session 37536c2a8cc601242c0d79553c5de0fa to remote] DEBUG org.asynchttpclient.netty.request.NettyRequestSender - Using pooled Channel '[id: 0x7e783ce6, L:/127.0.0.1:52344 - R:localhost/127.0.0.1:57626]' for 'GET' to 'http://localhost:57626/session/37536c2a8cc601242c0d79553c5de0fa/element/c11c067a-dd3e-43cc-908c-82e4ffb029bb/name'
21:55:53.760 [Forwarding getElementTagName on session 37536c2a8cc601242c0d79553c5de0fa to remote] DEBUG org.asynchttpclient.netty.request.NettyRequestSender - Using open Channel [id: 0x7e783ce6, L:/127.0.0.1:52344 - R:localhost/127.0.0.1:57626] for GET '/session/37536c2a8cc601242c0d79553c5de0fa/element/c11c067a-dd3e-43cc-908c-82e4ffb029bb/name'
21:55:53.771 [AsyncHttpClient-1-5] DEBUG org.asynchttpclient.netty.handler.HttpHandler - 

Request DefaultFullHttpRequest(decodeResult: success, version: HTTP/1.1, content: EmptyByteBufBE)
GET /session/37536c2a8cc601242c0d79553c5de0fa/element/c11c067a-dd3e-43cc-908c-82e4ffb029bb/name HTTP/1.1
User-Agent: selenium/4.1.2 (java windows)
Cache-Control: no-cache
Content-Type: application/json; charset=utf-8
host: localhost:57626
accept: */*

Response DefaultHttpResponse(decodeResult: success, version: HTTP/1.1)
HTTP/1.1 200 OK
Content-Type: application/json; charset=utf-8
cache-control: no-cache
content-length: 16

21:55:53.771 [AsyncHttpClient-1-5] DEBUG org.asynchttpclient.netty.channel.ChannelManager - Adding key: http://localhost:57626 for channel [id: 0x7e783ce6, L:/127.0.0.1:52344 - R:localhost/127.0.0.1:57626]
21:55:53.778 [Forwarding findElement on session 37536c2a8cc601242c0d79553c5de0fa to remote] DEBUG org.asynchttpclient.netty.request.NettyRequestSender - Using pooled Channel '[id: 0x7e783ce6, L:/127.0.0.1:52344 - R:localhost/127.0.0.1:57626]' for 'POST' to 'http://localhost:57626/session/37536c2a8cc601242c0d79553c5de0fa/element'
21:55:53.778 [Forwarding findElement on session 37536c2a8cc601242c0d79553c5de0fa to remote] DEBUG org.asynchttpclient.netty.request.NettyRequestSender - Using open Channel [id: 0x7e783ce6, L:/127.0.0.1:52344 - R:localhost/127.0.0.1:57626] for POST '/session/37536c2a8cc601242c0d79553c5de0fa/element'
21:55:53.797 [AsyncHttpClient-1-5] DEBUG org.asynchttpclient.netty.handler.HttpHandler - 

Request DefaultHttpRequest(decodeResult: success, version: HTTP/1.1)
POST /session/37536c2a8cc601242c0d79553c5de0fa/element HTTP/1.1
User-Agent: selenium/4.1.2 (java windows)
Content-Length: 83
Content-Type: application/json; charset=utf-8
host: localhost:57626
accept: */*

Response DefaultHttpResponse(decodeResult: success, version: HTTP/1.1)
HTTP/1.1 200 OK
Content-Type: application/json; charset=utf-8
cache-control: no-cache
content-length: 88

21:55:53.798 [AsyncHttpClient-1-5] DEBUG org.asynchttpclient.netty.channel.ChannelManager - Adding key: http://localhost:57626 for channel [id: 0x7e783ce6, L:/127.0.0.1:52344 - R:localhost/127.0.0.1:57626]
21:55:53.800 [Forwarding clickElement on session 37536c2a8cc601242c0d79553c5de0fa to remote] DEBUG org.asynchttpclient.netty.request.NettyRequestSender - Using pooled Channel '[id: 0x7e783ce6, L:/127.0.0.1:52344 - R:localhost/127.0.0.1:57626]' for 'POST' to 'http://localhost:57626/session/37536c2a8cc601242c0d79553c5de0fa/element/c11c067a-dd3e-43cc-908c-82e4ffb029bb/click'
21:55:53.800 [Forwarding clickElement on session 37536c2a8cc601242c0d79553c5de0fa to remote] DEBUG org.asynchttpclient.netty.request.NettyRequestSender - Using open Channel [id: 0x7e783ce6, L:/127.0.0.1:52344 - R:localhost/127.0.0.1:57626] for POST '/session/37536c2a8cc601242c0d79553c5de0fa/element/c11c067a-dd3e-43cc-908c-82e4ffb029bb/click'
21:55:53.887 [AsyncHttpClient-1-5] DEBUG org.asynchttpclient.netty.handler.HttpHandler - 

Request DefaultHttpRequest(decodeResult: success, version: HTTP/1.1)
POST /session/37536c2a8cc601242c0d79553c5de0fa/element/c11c067a-dd3e-43cc-908c-82e4ffb029bb/click HTTP/1.1
User-Agent: selenium/4.1.2 (java windows)
Content-Length: 50
Content-Type: application/json; charset=utf-8
host: localhost:57626
accept: */*

Response DefaultHttpResponse(decodeResult: success, version: HTTP/1.1)
HTTP/1.1 200 OK
Content-Type: application/json; charset=utf-8
cache-control: no-cache
content-length: 14

21:55:53.887 [AsyncHttpClient-1-5] DEBUG org.asynchttpclient.netty.channel.ChannelManager - Adding key: http://localhost:57626 for channel [id: 0x7e783ce6, L:/127.0.0.1:52344 - R:localhost/127.0.0.1:57626]
21:55:53.896 [Forwarding findElement on session 37536c2a8cc601242c0d79553c5de0fa to remote] DEBUG org.asynchttpclient.netty.request.NettyRequestSender - Using pooled Channel '[id: 0x7e783ce6, L:/127.0.0.1:52344 - R:localhost/127.0.0.1:57626]' for 'POST' to 'http://localhost:57626/session/37536c2a8cc601242c0d79553c5de0fa/element'
21:55:53.896 [Forwarding findElement on session 37536c2a8cc601242c0d79553c5de0fa to remote] DEBUG org.asynchttpclient.netty.request.NettyRequestSender - Using open Channel [id: 0x7e783ce6, L:/127.0.0.1:52344 - R:localhost/127.0.0.1:57626] for POST '/session/37536c2a8cc601242c0d79553c5de0fa/element'
21:55:53.914 [AsyncHttpClient-1-5] DEBUG org.asynchttpclient.netty.handler.HttpHandler - 

Request DefaultHttpRequest(decodeResult: success, version: HTTP/1.1)
POST /session/37536c2a8cc601242c0d79553c5de0fa/element HTTP/1.1
User-Agent: selenium/4.1.2 (java windows)
Content-Length: 125
Content-Type: application/json; charset=utf-8
host: localhost:57626
accept: */*

Response DefaultHttpResponse(decodeResult: success, version: HTTP/1.1)
HTTP/1.1 200 OK
Content-Type: application/json; charset=utf-8
cache-control: no-cache
content-length: 88

21:55:53.915 [AsyncHttpClient-1-5] DEBUG org.asynchttpclient.netty.channel.ChannelManager - Adding key: http://localhost:57626 for channel [id: 0x7e783ce6, L:/127.0.0.1:52344 - R:localhost/127.0.0.1:57626]
21:55:53.920 [Forwarding isElementDisplayed on session 37536c2a8cc601242c0d79553c5de0fa to remote] DEBUG org.asynchttpclient.netty.request.NettyRequestSender - Using pooled Channel '[id: 0x7e783ce6, L:/127.0.0.1:52344 - R:localhost/127.0.0.1:57626]' for 'POST' to 'http://localhost:57626/session/37536c2a8cc601242c0d79553c5de0fa/execute/sync'
21:55:53.920 [Forwarding isElementDisplayed on session 37536c2a8cc601242c0d79553c5de0fa to remote] DEBUG org.asynchttpclient.netty.request.NettyRequestSender - Using open Channel [id: 0x7e783ce6, L:/127.0.0.1:52344 - R:localhost/127.0.0.1:57626] for POST '/session/37536c2a8cc601242c0d79553c5de0fa/execute/sync'
21:55:53.947 [AsyncHttpClient-1-5] DEBUG org.asynchttpclient.netty.handler.HttpHandler - 

Request DefaultHttpRequest(decodeResult: success, version: HTTP/1.1)
POST /session/37536c2a8cc601242c0d79553c5de0fa/execute/sync HTTP/1.1
User-Agent: selenium/4.1.2 (java windows)
Content-Length: 48780
Content-Type: application/json; charset=utf-8
host: localhost:57626
accept: */*

Response DefaultHttpResponse(decodeResult: success, version: HTTP/1.1)
HTTP/1.1 200 OK
Content-Type: application/json; charset=utf-8
cache-control: no-cache
content-length: 14

21:55:53.947 [AsyncHttpClient-1-5] DEBUG org.asynchttpclient.netty.channel.ChannelManager - Adding key: http://localhost:57626 for channel [id: 0x7e783ce6, L:/127.0.0.1:52344 - R:localhost/127.0.0.1:57626]
  &amp#27;[32mGiven &amp#27;[0m&amp#27;[32mI have logged in&amp#27;[0m             &amp#27;[90m# starter.stepdefinitions.LogoutSteps.iHaveLoggedIn()&amp#27;[0m
21:55:53.953 [Forwarding screenshot on session 37536c2a8cc601242c0d79553c5de0fa to remote] DEBUG org.asynchttpclient.netty.request.NettyRequestSender - Using pooled Channel '[id: 0x7e783ce6, L:/127.0.0.1:52344 - R:localhost/127.0.0.1:57626]' for 'GET' to 'http://localhost:57626/session/37536c2a8cc601242c0d79553c5de0fa/screenshot'
21:55:53.953 [Forwarding screenshot on session 37536c2a8cc601242c0d79553c5de0fa to remote] DEBUG org.asynchttpclient.netty.request.NettyRequestSender - Using open Channel [id: 0x7e783ce6, L:/127.0.0.1:52344 - R:localhost/127.0.0.1:57626] for GET '/session/37536c2a8cc601242c0d79553c5de0fa/screenshot'
21:55:54.205 [AsyncHttpClient-1-5] DEBUG org.asynchttpclient.netty.handler.HttpHandler - 

Request DefaultFullHttpRequest(decodeResult: success, version: HTTP/1.1, content: EmptyByteBufBE)
GET /session/37536c2a8cc601242c0d79553c5de0fa/screenshot HTTP/1.1
User-Agent: selenium/4.1.2 (java windows)
Cache-Control: no-cache
Content-Type: application/json; charset=utf-8
host: localhost:57626
accept: */*

Response DefaultHttpResponse(decodeResult: success, version: HTTP/1.1)
HTTP/1.1 200 OK
Content-Type: application/json; charset=utf-8
cache-control: no-cache
content-length: 25992

21:55:54.207 [AsyncHttpClient-1-5] DEBUG org.asynchttpclient.netty.channel.ChannelManager - Adding key: http://localhost:57626 for channel [id: 0x7e783ce6, L:/127.0.0.1:52344 - R:localhost/127.0.0.1:57626]
21:55:54.210 [main] DEBUG net.serenitybdd.core.photography.Darkroom - Send negative for processing for target\site\serenity\11f84137a0e97e4a80b581cbe81af8f846539e5de7669a79a3d4c0df02c9f6e9.png
21:55:54.211 [Darkroom Processing Line] DEBUG net.serenitybdd.core.photography.DarkroomProcessingLine - Processing screenshot image in /var/screenshots/screenshot-2043254697855858653
21:55:54.211 [Darkroom Processing Line] DEBUG net.serenitybdd.core.photography.DarkroomProcessingLine - Saving screenshot to target\site\serenity\11f84137a0e97e4a80b581cbe81af8f846539e5de7669a79a3d4c0df02c9f6e9.png
21:55:54.231 [Forwarding findElement on session 37536c2a8cc601242c0d79553c5de0fa to remote] DEBUG org.asynchttpclient.netty.request.NettyRequestSender - Using pooled Channel '[id: 0x7e783ce6, L:/127.0.0.1:52344 - R:localhost/127.0.0.1:57626]' for 'POST' to 'http://localhost:57626/session/37536c2a8cc601242c0d79553c5de0fa/element'
21:55:54.231 [Forwarding findElement on session 37536c2a8cc601242c0d79553c5de0fa to remote] DEBUG org.asynchttpclient.netty.request.NettyRequestSender - Using open Channel [id: 0x7e783ce6, L:/127.0.0.1:52344 - R:localhost/127.0.0.1:57626] for POST '/session/37536c2a8cc601242c0d79553c5de0fa/element'
21:55:54.475 [AsyncHttpClient-1-1] DEBUG org.asynchttpclient.netty.channel.DefaultChannelPool - Entry count for : http://localhost:52345 : 1
21:55:55.574 [AsyncHttpClient-1-1] DEBUG org.asynchttpclient.netty.channel.DefaultChannelPool - Entry count for : http://localhost:52345 : 1
21:55:56.674 [AsyncHttpClient-1-1] DEBUG org.asynchttpclient.netty.channel.DefaultChannelPool - Entry count for : http://localhost:52345 : 1
21:55:57.775 [AsyncHttpClient-1-1] DEBUG org.asynchttpclient.netty.channel.DefaultChannelPool - Entry count for : http://localhost:52345 : 1
21:55:57.964 [AsyncHttpClient-1-5] DEBUG org.asynchttpclient.netty.handler.HttpHandler - 

Request DefaultHttpRequest(decodeResult: success, version: HTTP/1.1)
POST /session/37536c2a8cc601242c0d79553c5de0fa/element HTTP/1.1
User-Agent: selenium/4.1.2 (java windows)
Content-Length: 87
Content-Type: application/json; charset=utf-8
host: localhost:57626
accept: */*

Response DefaultHttpResponse(decodeResult: success, version: HTTP/1.1)
HTTP/1.1 200 OK
Content-Type: application/json; charset=utf-8
cache-control: no-cache
content-length: 88

21:55:57.964 [AsyncHttpClient-1-5] DEBUG org.asynchttpclient.netty.channel.ChannelManager - Adding key: http://localhost:57626 for channel [id: 0x7e783ce6, L:/127.0.0.1:52344 - R:localhost/127.0.0.1:57626]
21:55:57.967 [Forwarding getElementTagName on session 37536c2a8cc601242c0d79553c5de0fa to remote] DEBUG org.asynchttpclient.netty.request.NettyRequestSender - Using pooled Channel '[id: 0x7e783ce6, L:/127.0.0.1:52344 - R:localhost/127.0.0.1:57626]' for 'GET' to 'http://localhost:57626/session/37536c2a8cc601242c0d79553c5de0fa/element/3bd7d2ea-71a9-4437-b825-debedaae6a6e/name'
21:55:57.967 [Forwarding getElementTagName on session 37536c2a8cc601242c0d79553c5de0fa to remote] DEBUG org.asynchttpclient.netty.request.NettyRequestSender - Using open Channel [id: 0x7e783ce6, L:/127.0.0.1:52344 - R:localhost/127.0.0.1:57626] for GET '/session/37536c2a8cc601242c0d79553c5de0fa/element/3bd7d2ea-71a9-4437-b825-debedaae6a6e/name'
21:55:57.982 [AsyncHttpClient-1-5] DEBUG org.asynchttpclient.netty.handler.HttpHandler - 

Request DefaultFullHttpRequest(decodeResult: success, version: HTTP/1.1, content: EmptyByteBufBE)
GET /session/37536c2a8cc601242c0d79553c5de0fa/element/3bd7d2ea-71a9-4437-b825-debedaae6a6e/name HTTP/1.1
User-Agent: selenium/4.1.2 (java windows)
Cache-Control: no-cache
Content-Type: application/json; charset=utf-8
host: localhost:57626
accept: */*

Response DefaultHttpResponse(decodeResult: success, version: HTTP/1.1)
HTTP/1.1 200 OK
Content-Type: application/json; charset=utf-8
cache-control: no-cache
content-length: 16

21:55:57.982 [AsyncHttpClient-1-5] DEBUG org.asynchttpclient.netty.channel.ChannelManager - Adding key: http://localhost:57626 for channel [id: 0x7e783ce6, L:/127.0.0.1:52344 - R:localhost/127.0.0.1:57626]
21:55:57.984 [Forwarding getElementTagName on session 37536c2a8cc601242c0d79553c5de0fa to remote] DEBUG org.asynchttpclient.netty.request.NettyRequestSender - Using pooled Channel '[id: 0x7e783ce6, L:/127.0.0.1:52344 - R:localhost/127.0.0.1:57626]' for 'GET' to 'http://localhost:57626/session/37536c2a8cc601242c0d79553c5de0fa/element/3bd7d2ea-71a9-4437-b825-debedaae6a6e/name'
21:55:57.985 [Forwarding getElementTagName on session 37536c2a8cc601242c0d79553c5de0fa to remote] DEBUG org.asynchttpclient.netty.request.NettyRequestSender - Using open Channel [id: 0x7e783ce6, L:/127.0.0.1:52344 - R:localhost/127.0.0.1:57626] for GET '/session/37536c2a8cc601242c0d79553c5de0fa/element/3bd7d2ea-71a9-4437-b825-debedaae6a6e/name'
21:55:57.990 [AsyncHttpClient-1-5] DEBUG org.asynchttpclient.netty.handler.HttpHandler - 

Request DefaultFullHttpRequest(decodeResult: success, version: HTTP/1.1, content: EmptyByteBufBE)
GET /session/37536c2a8cc601242c0d79553c5de0fa/element/3bd7d2ea-71a9-4437-b825-debedaae6a6e/name HTTP/1.1
User-Agent: selenium/4.1.2 (java windows)
Cache-Control: no-cache
Content-Type: application/json; charset=utf-8
host: localhost:57626
accept: */*

Response DefaultHttpResponse(decodeResult: success, version: HTTP/1.1)
HTTP/1.1 200 OK
Content-Type: application/json; charset=utf-8
cache-control: no-cache
content-length: 16

21:55:57.990 [AsyncHttpClient-1-5] DEBUG org.asynchttpclient.netty.channel.ChannelManager - Adding key: http://localhost:57626 for channel [id: 0x7e783ce6, L:/127.0.0.1:52344 - R:localhost/127.0.0.1:57626]
21:55:57.992 [Forwarding findElement on session 37536c2a8cc601242c0d79553c5de0fa to remote] DEBUG org.asynchttpclient.netty.request.NettyRequestSender - Using pooled Channel '[id: 0x7e783ce6, L:/127.0.0.1:52344 - R:localhost/127.0.0.1:57626]' for 'POST' to 'http://localhost:57626/session/37536c2a8cc601242c0d79553c5de0fa/element'
21:55:57.992 [Forwarding findElement on session 37536c2a8cc601242c0d79553c5de0fa to remote] DEBUG org.asynchttpclient.netty.request.NettyRequestSender - Using open Channel [id: 0x7e783ce6, L:/127.0.0.1:52344 - R:localhost/127.0.0.1:57626] for POST '/session/37536c2a8cc601242c0d79553c5de0fa/element'
21:55:58.008 [AsyncHttpClient-1-5] DEBUG org.asynchttpclient.netty.handler.HttpHandler - 

Request DefaultHttpRequest(decodeResult: success, version: HTTP/1.1)
POST /session/37536c2a8cc601242c0d79553c5de0fa/element HTTP/1.1
User-Agent: selenium/4.1.2 (java windows)
Content-Length: 87
Content-Type: application/json; charset=utf-8
host: localhost:57626
accept: */*

Response DefaultHttpResponse(decodeResult: success, version: HTTP/1.1)
HTTP/1.1 200 OK
Content-Type: application/json; charset=utf-8
cache-control: no-cache
content-length: 88

21:55:58.008 [AsyncHttpClient-1-5] DEBUG org.asynchttpclient.netty.channel.ChannelManager - Adding key: http://localhost:57626 for channel [id: 0x7e783ce6, L:/127.0.0.1:52344 - R:localhost/127.0.0.1:57626]
21:55:58.010 [Forwarding clickElement on session 37536c2a8cc601242c0d79553c5de0fa to remote] DEBUG org.asynchttpclient.netty.request.NettyRequestSender - Using pooled Channel '[id: 0x7e783ce6, L:/127.0.0.1:52344 - R:localhost/127.0.0.1:57626]' for 'POST' to 'http://localhost:57626/session/37536c2a8cc601242c0d79553c5de0fa/element/3bd7d2ea-71a9-4437-b825-debedaae6a6e/click'
21:55:58.010 [Forwarding clickElement on session 37536c2a8cc601242c0d79553c5de0fa to remote] DEBUG org.asynchttpclient.netty.request.NettyRequestSender - Using open Channel [id: 0x7e783ce6, L:/127.0.0.1:52344 - R:localhost/127.0.0.1:57626] for POST '/session/37536c2a8cc601242c0d79553c5de0fa/element/3bd7d2ea-71a9-4437-b825-debedaae6a6e/click'
21:55:58.130 [AsyncHttpClient-1-5] DEBUG org.asynchttpclient.netty.handler.HttpHandler - 

Request DefaultHttpRequest(decodeResult: success, version: HTTP/1.1)
POST /session/37536c2a8cc601242c0d79553c5de0fa/element/3bd7d2ea-71a9-4437-b825-debedaae6a6e/click HTTP/1.1
User-Agent: selenium/4.1.2 (java windows)
Content-Length: 50
Content-Type: application/json; charset=utf-8
host: localhost:57626
accept: */*

Response DefaultHttpResponse(decodeResult: success, version: HTTP/1.1)
HTTP/1.1 200 OK
Content-Type: application/json; charset=utf-8
cache-control: no-cache
content-length: 14

21:55:58.130 [AsyncHttpClient-1-5] DEBUG org.asynchttpclient.netty.channel.ChannelManager - Adding key: http://localhost:57626 for channel [id: 0x7e783ce6, L:/127.0.0.1:52344 - R:localhost/127.0.0.1:57626]
  &amp#27;[32mWhen &amp#27;[0m&amp#27;[32mI click add button&amp#27;[0m            &amp#27;[90m# starter.stepdefinitions.OrderSteps.iClickAddButton()&amp#27;[0m
21:55:58.139 [Forwarding screenshot on session 37536c2a8cc601242c0d79553c5de0fa to remote] DEBUG org.asynchttpclient.netty.request.NettyRequestSender - Using pooled Channel '[id: 0x7e783ce6, L:/127.0.0.1:52344 - R:localhost/127.0.0.1:57626]' for 'GET' to 'http://localhost:57626/session/37536c2a8cc601242c0d79553c5de0fa/screenshot'
21:55:58.139 [Forwarding screenshot on session 37536c2a8cc601242c0d79553c5de0fa to remote] DEBUG org.asynchttpclient.netty.request.NettyRequestSender - Using open Channel [id: 0x7e783ce6, L:/127.0.0.1:52344 - R:localhost/127.0.0.1:57626] for GET '/session/37536c2a8cc601242c0d79553c5de0fa/screenshot'
21:55:58.343 [AsyncHttpClient-1-5] DEBUG org.asynchttpclient.netty.handler.HttpHandler - 

Request DefaultFullHttpRequest(decodeResult: success, version: HTTP/1.1, content: EmptyByteBufBE)
GET /session/37536c2a8cc601242c0d79553c5de0fa/screenshot HTTP/1.1
User-Agent: selenium/4.1.2 (java windows)
Cache-Control: no-cache
Content-Type: application/json; charset=utf-8
host: localhost:57626
accept: */*

Response DefaultHttpResponse(decodeResult: success, version: HTTP/1.1)
HTTP/1.1 200 OK
Content-Type: application/json; charset=utf-8
cache-control: no-cache
content-length: 52980

21:55:58.344 [AsyncHttpClient-1-5] DEBUG org.asynchttpclient.netty.channel.ChannelManager - Adding key: http://localhost:57626 for channel [id: 0x7e783ce6, L:/127.0.0.1:52344 - R:localhost/127.0.0.1:57626]
21:55:58.347 [main] DEBUG net.serenitybdd.core.photography.Darkroom - Send negative for processing for target\site\serenity\fabd1f18382e92e2e6d3682468782f458b394923cc359a9d5996cdd368b70599.png
21:55:58.347 [Darkroom Processing Line] DEBUG net.serenitybdd.core.photography.DarkroomProcessingLine - Processing screenshot image in /var/screenshots/screenshot-11474789313230636725
21:55:58.347 [Darkroom Processing Line] DEBUG net.serenitybdd.core.photography.DarkroomProcessingLine - Saving screenshot to target\site\serenity\fabd1f18382e92e2e6d3682468782f458b394923cc359a9d5996cdd368b70599.png
21:55:58.369 [Forwarding findElement on session 37536c2a8cc601242c0d79553c5de0fa to remote] DEBUG org.asynchttpclient.netty.request.NettyRequestSender - Using pooled Channel '[id: 0x7e783ce6, L:/127.0.0.1:52344 - R:localhost/127.0.0.1:57626]' for 'POST' to 'http://localhost:57626/session/37536c2a8cc601242c0d79553c5de0fa/element'
21:55:58.369 [Forwarding findElement on session 37536c2a8cc601242c0d79553c5de0fa to remote] DEBUG org.asynchttpclient.netty.request.NettyRequestSender - Using open Channel [id: 0x7e783ce6, L:/127.0.0.1:52344 - R:localhost/127.0.0.1:57626] for POST '/session/37536c2a8cc601242c0d79553c5de0fa/element'
21:55:58.393 [AsyncHttpClient-1-5] DEBUG org.asynchttpclient.netty.handler.HttpHandler - 

Request DefaultHttpRequest(decodeResult: success, version: HTTP/1.1)
POST /session/37536c2a8cc601242c0d79553c5de0fa/element HTTP/1.1
User-Agent: selenium/4.1.2 (java windows)
Content-Length: 93
Content-Type: application/json; charset=utf-8
host: localhost:57626
accept: */*

Response DefaultHttpResponse(decodeResult: success, version: HTTP/1.1)
HTTP/1.1 200 OK
Content-Type: application/json; charset=utf-8
cache-control: no-cache
content-length: 88

21:55:58.393 [AsyncHttpClient-1-5] DEBUG org.asynchttpclient.netty.channel.ChannelManager - Adding key: http://localhost:57626 for channel [id: 0x7e783ce6, L:/127.0.0.1:52344 - R:localhost/127.0.0.1:57626]
21:55:58.395 [Forwarding getElementTagName on session 37536c2a8cc601242c0d79553c5de0fa to remote] DEBUG org.asynchttpclient.netty.request.NettyRequestSender - Using pooled Channel '[id: 0x7e783ce6, L:/127.0.0.1:52344 - R:localhost/127.0.0.1:57626]' for 'GET' to 'http://localhost:57626/session/37536c2a8cc601242c0d79553c5de0fa/element/210707ea-3f24-450c-91af-43a504bb95df/name'
21:55:58.395 [Forwarding getElementTagName on session 37536c2a8cc601242c0d79553c5de0fa to remote] DEBUG org.asynchttpclient.netty.request.NettyRequestSender - Using open Channel [id: 0x7e783ce6, L:/127.0.0.1:52344 - R:localhost/127.0.0.1:57626] for GET '/session/37536c2a8cc601242c0d79553c5de0fa/element/210707ea-3f24-450c-91af-43a504bb95df/name'
21:55:58.403 [AsyncHttpClient-1-5] DEBUG org.asynchttpclient.netty.handler.HttpHandler - 

Request DefaultFullHttpRequest(decodeResult: success, version: HTTP/1.1, content: EmptyByteBufBE)
GET /session/37536c2a8cc601242c0d79553c5de0fa/element/210707ea-3f24-450c-91af-43a504bb95df/name HTTP/1.1
User-Agent: selenium/4.1.2 (java windows)
Cache-Control: no-cache
Content-Type: application/json; charset=utf-8
host: localhost:57626
accept: */*

Response DefaultHttpResponse(decodeResult: success, version: HTTP/1.1)
HTTP/1.1 200 OK
Content-Type: application/json; charset=utf-8
cache-control: no-cache
content-length: 13

21:55:58.404 [AsyncHttpClient-1-5] DEBUG org.asynchttpclient.netty.channel.ChannelManager - Adding key: http://localhost:57626 for channel [id: 0x7e783ce6, L:/127.0.0.1:52344 - R:localhost/127.0.0.1:57626]
21:55:58.405 [Forwarding getElementTagName on session 37536c2a8cc601242c0d79553c5de0fa to remote] DEBUG org.asynchttpclient.netty.request.NettyRequestSender - Using pooled Channel '[id: 0x7e783ce6, L:/127.0.0.1:52344 - R:localhost/127.0.0.1:57626]' for 'GET' to 'http://localhost:57626/session/37536c2a8cc601242c0d79553c5de0fa/element/210707ea-3f24-450c-91af-43a504bb95df/name'
21:55:58.405 [Forwarding getElementTagName on session 37536c2a8cc601242c0d79553c5de0fa to remote] DEBUG org.asynchttpclient.netty.request.NettyRequestSender - Using open Channel [id: 0x7e783ce6, L:/127.0.0.1:52344 - R:localhost/127.0.0.1:57626] for GET '/session/37536c2a8cc601242c0d79553c5de0fa/element/210707ea-3f24-450c-91af-43a504bb95df/name'
21:55:58.410 [AsyncHttpClient-1-5] DEBUG org.asynchttpclient.netty.handler.HttpHandler - 

Request DefaultFullHttpRequest(decodeResult: success, version: HTTP/1.1, content: EmptyByteBufBE)
GET /session/37536c2a8cc601242c0d79553c5de0fa/element/210707ea-3f24-450c-91af-43a504bb95df/name HTTP/1.1
User-Agent: selenium/4.1.2 (java windows)
Cache-Control: no-cache
Content-Type: application/json; charset=utf-8
host: localhost:57626
accept: */*

Response DefaultHttpResponse(decodeResult: success, version: HTTP/1.1)
HTTP/1.1 200 OK
Content-Type: application/json; charset=utf-8
cache-control: no-cache
content-length: 13

21:55:58.410 [AsyncHttpClient-1-5] DEBUG org.asynchttpclient.netty.channel.ChannelManager - Adding key: http://localhost:57626 for channel [id: 0x7e783ce6, L:/127.0.0.1:52344 - R:localhost/127.0.0.1:57626]
21:55:58.412 [Forwarding findElement on session 37536c2a8cc601242c0d79553c5de0fa to remote] DEBUG org.asynchttpclient.netty.request.NettyRequestSender - Using pooled Channel '[id: 0x7e783ce6, L:/127.0.0.1:52344 - R:localhost/127.0.0.1:57626]' for 'POST' to 'http://localhost:57626/session/37536c2a8cc601242c0d79553c5de0fa/element'
21:55:58.412 [Forwarding findElement on session 37536c2a8cc601242c0d79553c5de0fa to remote] DEBUG org.asynchttpclient.netty.request.NettyRequestSender - Using open Channel [id: 0x7e783ce6, L:/127.0.0.1:52344 - R:localhost/127.0.0.1:57626] for POST '/session/37536c2a8cc601242c0d79553c5de0fa/element'
21:55:58.448 [AsyncHttpClient-1-5] DEBUG org.asynchttpclient.netty.handler.HttpHandler - 

Request DefaultHttpRequest(decodeResult: success, version: HTTP/1.1)
POST /session/37536c2a8cc601242c0d79553c5de0fa/element HTTP/1.1
User-Agent: selenium/4.1.2 (java windows)
Content-Length: 93
Content-Type: application/json; charset=utf-8
host: localhost:57626
accept: */*

Response DefaultHttpResponse(decodeResult: success, version: HTTP/1.1)
HTTP/1.1 200 OK
Content-Type: application/json; charset=utf-8
cache-control: no-cache
content-length: 88

21:55:58.449 [AsyncHttpClient-1-5] DEBUG org.asynchttpclient.netty.channel.ChannelManager - Adding key: http://localhost:57626 for channel [id: 0x7e783ce6, L:/127.0.0.1:52344 - R:localhost/127.0.0.1:57626]
21:55:58.456 [Forwarding clickElement on session 37536c2a8cc601242c0d79553c5de0fa to remote] DEBUG org.asynchttpclient.netty.request.NettyRequestSender - Using pooled Channel '[id: 0x7e783ce6, L:/127.0.0.1:52344 - R:localhost/127.0.0.1:57626]' for 'POST' to 'http://localhost:57626/session/37536c2a8cc601242c0d79553c5de0fa/element/210707ea-3f24-450c-91af-43a504bb95df/click'
21:55:58.456 [Forwarding clickElement on session 37536c2a8cc601242c0d79553c5de0fa to remote] DEBUG org.asynchttpclient.netty.request.NettyRequestSender - Using open Channel [id: 0x7e783ce6, L:/127.0.0.1:52344 - R:localhost/127.0.0.1:57626] for POST '/session/37536c2a8cc601242c0d79553c5de0fa/element/210707ea-3f24-450c-91af-43a504bb95df/click'
21:55:58.561 [AsyncHttpClient-1-5] DEBUG org.asynchttpclient.netty.handler.HttpHandler - 

Request DefaultHttpRequest(decodeResult: success, version: HTTP/1.1)
POST /session/37536c2a8cc601242c0d79553c5de0fa/element/210707ea-3f24-450c-91af-43a504bb95df/click HTTP/1.1
User-Agent: selenium/4.1.2 (java windows)
Content-Length: 50
Content-Type: application/json; charset=utf-8
host: localhost:57626
accept: */*

Response DefaultHttpResponse(decodeResult: success, version: HTTP/1.1)
HTTP/1.1 200 OK
Content-Type: application/json; charset=utf-8
cache-control: no-cache
content-length: 14

21:55:58.561 [AsyncHttpClient-1-5] DEBUG org.asynchttpclient.netty.channel.ChannelManager - Adding key: http://localhost:57626 for channel [id: 0x7e783ce6, L:/127.0.0.1:52344 - R:localhost/127.0.0.1:57626]
  &amp#27;[32mAnd &amp#27;[0m&amp#27;[32mI click order button&amp#27;[0m           &amp#27;[90m# starter.stepdefinitions.OrderSteps.iClickOrderButton()&amp#27;[0m
21:55:58.581 [Forwarding screenshot on session 37536c2a8cc601242c0d79553c5de0fa to remote] DEBUG org.asynchttpclient.netty.request.NettyRequestSender - Using pooled Channel '[id: 0x7e783ce6, L:/127.0.0.1:52344 - R:localhost/127.0.0.1:57626]' for 'GET' to 'http://localhost:57626/session/37536c2a8cc601242c0d79553c5de0fa/screenshot'
21:55:58.581 [Forwarding screenshot on session 37536c2a8cc601242c0d79553c5de0fa to remote] DEBUG org.asynchttpclient.netty.request.NettyRequestSender - Using open Channel [id: 0x7e783ce6, L:/127.0.0.1:52344 - R:localhost/127.0.0.1:57626] for GET '/session/37536c2a8cc601242c0d79553c5de0fa/screenshot'
21:55:58.876 [AsyncHttpClient-1-1] DEBUG org.asynchttpclient.netty.channel.DefaultChannelPool - Entry count for : http://localhost:52345 : 1
21:55:58.933 [AsyncHttpClient-1-5] DEBUG org.asynchttpclient.netty.handler.HttpHandler - 

Request DefaultFullHttpRequest(decodeResult: success, version: HTTP/1.1, content: EmptyByteBufBE)
GET /session/37536c2a8cc601242c0d79553c5de0fa/screenshot HTTP/1.1
User-Agent: selenium/4.1.2 (java windows)
Cache-Control: no-cache
Content-Type: application/json; charset=utf-8
host: localhost:57626
accept: */*

Response DefaultHttpResponse(decodeResult: success, version: HTTP/1.1)
HTTP/1.1 200 OK
Content-Type: application/json; charset=utf-8
cache-control: no-cache
content-length: 27888

21:55:58.934 [AsyncHttpClient-1-5] DEBUG org.asynchttpclient.netty.channel.ChannelManager - Adding key: http://localhost:57626 for channel [id: 0x7e783ce6, L:/127.0.0.1:52344 - R:localhost/127.0.0.1:57626]
21:55:58.937 [main] DEBUG net.serenitybdd.core.photography.Darkroom - Send negative for processing for target\site\serenity\0f8f06ad995391712c4a73e62e062901c67ef38ba89c89188c7c2a02e169ff80.png
21:55:58.946 [Forwarding findElement on session 37536c2a8cc601242c0d79553c5de0fa to remote] DEBUG org.asynchttpclient.netty.request.NettyRequestSender - Using pooled Channel '[id: 0x7e783ce6, L:/127.0.0.1:52344 - R:localhost/127.0.0.1:57626]' for 'POST' to 'http://localhost:57626/session/37536c2a8cc601242c0d79553c5de0fa/element'
21:55:58.947 [Forwarding findElement on session 37536c2a8cc601242c0d79553c5de0fa to remote] DEBUG org.asynchttpclient.netty.request.NettyRequestSender - Using open Channel [id: 0x7e783ce6, L:/127.0.0.1:52344 - R:localhost/127.0.0.1:57626] for POST '/session/37536c2a8cc601242c0d79553c5de0fa/element'
21:55:58.964 [AsyncHttpClient-1-5] DEBUG org.asynchttpclient.netty.handler.HttpHandler - 

Request DefaultHttpRequest(decodeResult: success, version: HTTP/1.1)
POST /session/37536c2a8cc601242c0d79553c5de0fa/element HTTP/1.1
User-Agent: selenium/4.1.2 (java windows)
Content-Length: 77
Content-Type: application/json; charset=utf-8
host: localhost:57626
accept: */*

Response DefaultHttpResponse(decodeResult: success, version: HTTP/1.1)
HTTP/1.1 200 OK
Content-Type: application/json; charset=utf-8
cache-control: no-cache
content-length: 88

21:55:58.965 [AsyncHttpClient-1-5] DEBUG org.asynchttpclient.netty.channel.ChannelManager - Adding key: http://localhost:57626 for channel [id: 0x7e783ce6, L:/127.0.0.1:52344 - R:localhost/127.0.0.1:57626]
21:55:58.966 [Forwarding getElementTagName on session 37536c2a8cc601242c0d79553c5de0fa to remote] DEBUG org.asynchttpclient.netty.request.NettyRequestSender - Using pooled Channel '[id: 0x7e783ce6, L:/127.0.0.1:52344 - R:localhost/127.0.0.1:57626]' for 'GET' to 'http://localhost:57626/session/37536c2a8cc601242c0d79553c5de0fa/element/03698921-ba39-4b1a-9b5e-37038c272fe4/name'
21:55:58.966 [Forwarding getElementTagName on session 37536c2a8cc601242c0d79553c5de0fa to remote] DEBUG org.asynchttpclient.netty.request.NettyRequestSender - Using open Channel [id: 0x7e783ce6, L:/127.0.0.1:52344 - R:localhost/127.0.0.1:57626] for GET '/session/37536c2a8cc601242c0d79553c5de0fa/element/03698921-ba39-4b1a-9b5e-37038c272fe4/name'
21:55:58.974 [AsyncHttpClient-1-5] DEBUG org.asynchttpclient.netty.handler.HttpHandler - 

Request DefaultFullHttpRequest(decodeResult: success, version: HTTP/1.1, content: EmptyByteBufBE)
GET /session/37536c2a8cc601242c0d79553c5de0fa/element/03698921-ba39-4b1a-9b5e-37038c272fe4/name HTTP/1.1
User-Agent: selenium/4.1.2 (java windows)
Cache-Control: no-cache
Content-Type: application/json; charset=utf-8
host: localhost:57626
accept: */*

Response DefaultHttpResponse(decodeResult: success, version: HTTP/1.1)
HTTP/1.1 200 OK
Content-Type: application/json; charset=utf-8
cache-control: no-cache
content-length: 16

21:55:58.974 [AsyncHttpClient-1-5] DEBUG org.asynchttpclient.netty.channel.ChannelManager - Adding key: http://localhost:57626 for channel [id: 0x7e783ce6, L:/127.0.0.1:52344 - R:localhost/127.0.0.1:57626]
21:55:58.975 [Forwarding getElementTagName on session 37536c2a8cc601242c0d79553c5de0fa to remote] DEBUG org.asynchttpclient.netty.request.NettyRequestSender - Using pooled Channel '[id: 0x7e783ce6, L:/127.0.0.1:52344 - R:localhost/127.0.0.1:57626]' for 'GET' to 'http://localhost:57626/session/37536c2a8cc601242c0d79553c5de0fa/element/03698921-ba39-4b1a-9b5e-37038c272fe4/name'
21:55:58.975 [Forwarding getElementTagName on session 37536c2a8cc601242c0d79553c5de0fa to remote] DEBUG org.asynchttpclient.netty.request.NettyRequestSender - Using open Channel [id: 0x7e783ce6, L:/127.0.0.1:52344 - R:localhost/127.0.0.1:57626] for GET '/session/37536c2a8cc601242c0d79553c5de0fa/element/03698921-ba39-4b1a-9b5e-37038c272fe4/name'
21:55:58.980 [AsyncHttpClient-1-5] DEBUG org.asynchttpclient.netty.handler.HttpHandler - 

Request DefaultFullHttpRequest(decodeResult: success, version: HTTP/1.1, content: EmptyByteBufBE)
GET /session/37536c2a8cc601242c0d79553c5de0fa/element/03698921-ba39-4b1a-9b5e-37038c272fe4/name HTTP/1.1
User-Agent: selenium/4.1.2 (java windows)
Cache-Control: no-cache
Content-Type: application/json; charset=utf-8
host: localhost:57626
accept: */*

Response DefaultHttpResponse(decodeResult: success, version: HTTP/1.1)
HTTP/1.1 200 OK
Content-Type: application/json; charset=utf-8
cache-control: no-cache
content-length: 16

21:55:58.980 [AsyncHttpClient-1-5] DEBUG org.asynchttpclient.netty.channel.ChannelManager - Adding key: http://localhost:57626 for channel [id: 0x7e783ce6, L:/127.0.0.1:52344 - R:localhost/127.0.0.1:57626]
21:55:58.982 [Forwarding findElement on session 37536c2a8cc601242c0d79553c5de0fa to remote] DEBUG org.asynchttpclient.netty.request.NettyRequestSender - Using pooled Channel '[id: 0x7e783ce6, L:/127.0.0.1:52344 - R:localhost/127.0.0.1:57626]' for 'POST' to 'http://localhost:57626/session/37536c2a8cc601242c0d79553c5de0fa/element'
21:55:58.983 [Forwarding findElement on session 37536c2a8cc601242c0d79553c5de0fa to remote] DEBUG org.asynchttpclient.netty.request.NettyRequestSender - Using open Channel [id: 0x7e783ce6, L:/127.0.0.1:52344 - R:localhost/127.0.0.1:57626] for POST '/session/37536c2a8cc601242c0d79553c5de0fa/element'
21:55:58.995 [AsyncHttpClient-1-5] DEBUG org.asynchttpclient.netty.handler.HttpHandler - 

Request DefaultHttpRequest(decodeResult: success, version: HTTP/1.1)
POST /session/37536c2a8cc601242c0d79553c5de0fa/element HTTP/1.1
User-Agent: selenium/4.1.2 (java windows)
Content-Length: 77
Content-Type: application/json; charset=utf-8
host: localhost:57626
accept: */*

Response DefaultHttpResponse(decodeResult: success, version: HTTP/1.1)
HTTP/1.1 200 OK
Content-Type: application/json; charset=utf-8
cache-control: no-cache
content-length: 88

21:55:58.995 [AsyncHttpClient-1-5] DEBUG org.asynchttpclient.netty.channel.ChannelManager - Adding key: http://localhost:57626 for channel [id: 0x7e783ce6, L:/127.0.0.1:52344 - R:localhost/127.0.0.1:57626]
21:55:58.996 [Forwarding clickElement on session 37536c2a8cc601242c0d79553c5de0fa to remote] DEBUG org.asynchttpclient.netty.request.NettyRequestSender - Using pooled Channel '[id: 0x7e783ce6, L:/127.0.0.1:52344 - R:localhost/127.0.0.1:57626]' for 'POST' to 'http://localhost:57626/session/37536c2a8cc601242c0d79553c5de0fa/element/03698921-ba39-4b1a-9b5e-37038c272fe4/click'
21:55:58.997 [Forwarding clickElement on session 37536c2a8cc601242c0d79553c5de0fa to remote] DEBUG org.asynchttpclient.netty.request.NettyRequestSender - Using open Channel [id: 0x7e783ce6, L:/127.0.0.1:52344 - R:localhost/127.0.0.1:57626] for POST '/session/37536c2a8cc601242c0d79553c5de0fa/element/03698921-ba39-4b1a-9b5e-37038c272fe4/click'
21:55:59.060 [AsyncHttpClient-1-5] DEBUG org.asynchttpclient.netty.handler.HttpHandler - 

Request DefaultHttpRequest(decodeResult: success, version: HTTP/1.1)
POST /session/37536c2a8cc601242c0d79553c5de0fa/element/03698921-ba39-4b1a-9b5e-37038c272fe4/click HTTP/1.1
User-Agent: selenium/4.1.2 (java windows)
Content-Length: 50
Content-Type: application/json; charset=utf-8
host: localhost:57626
accept: */*

Response DefaultHttpResponse(decodeResult: success, version: HTTP/1.1)
HTTP/1.1 200 OK
Content-Type: application/json; charset=utf-8
cache-control: no-cache
content-length: 14

21:55:59.060 [AsyncHttpClient-1-5] DEBUG org.asynchttpclient.netty.channel.ChannelManager - Adding key: http://localhost:57626 for channel [id: 0x7e783ce6, L:/127.0.0.1:52344 - R:localhost/127.0.0.1:57626]
  &amp#27;[32mAnd &amp#27;[0m&amp#27;[32mI click reduce qty&amp#27;[0m             &amp#27;[90m# starter.stepdefinitions.OrderSteps.iClickReduceQty()&amp#27;[0m
21:55:59.073 [Forwarding screenshot on session 37536c2a8cc601242c0d79553c5de0fa to remote] DEBUG org.asynchttpclient.netty.request.NettyRequestSender - Using pooled Channel '[id: 0x7e783ce6, L:/127.0.0.1:52344 - R:localhost/127.0.0.1:57626]' for 'GET' to 'http://localhost:57626/session/37536c2a8cc601242c0d79553c5de0fa/screenshot'
21:55:59.073 [Forwarding screenshot on session 37536c2a8cc601242c0d79553c5de0fa to remote] DEBUG org.asynchttpclient.netty.request.NettyRequestSender - Using open Channel [id: 0x7e783ce6, L:/127.0.0.1:52344 - R:localhost/127.0.0.1:57626] for GET '/session/37536c2a8cc601242c0d79553c5de0fa/screenshot'
21:55:59.354 [AsyncHttpClient-1-5] DEBUG org.asynchttpclient.netty.handler.HttpHandler - 

Request DefaultFullHttpRequest(decodeResult: success, version: HTTP/1.1, content: EmptyByteBufBE)
GET /session/37536c2a8cc601242c0d79553c5de0fa/screenshot HTTP/1.1
User-Agent: selenium/4.1.2 (java windows)
Cache-Control: no-cache
Content-Type: application/json; charset=utf-8
host: localhost:57626
accept: */*

Response DefaultHttpResponse(decodeResult: success, version: HTTP/1.1)
HTTP/1.1 200 OK
Content-Type: application/json; charset=utf-8
cache-control: no-cache
content-length: 16140

21:55:59.354 [AsyncHttpClient-1-5] DEBUG org.asynchttpclient.netty.channel.ChannelManager - Adding key: http://localhost:57626 for channel [id: 0x7e783ce6, L:/127.0.0.1:52344 - R:localhost/127.0.0.1:57626]
21:55:59.355 [main] DEBUG net.serenitybdd.core.photography.Darkroom - Send negative for processing for target\site\serenity\4ea12c5b36ec166bca7e31bda000ad4bbee6e42e194f2856301211413f47b089.png
21:55:59.356 [Darkroom Processing Line] DEBUG net.serenitybdd.core.photography.DarkroomProcessingLine - Processing screenshot image in /var/screenshots/screenshot-10517506907287831703
21:55:59.356 [Darkroom Processing Line] DEBUG net.serenitybdd.core.photography.DarkroomProcessingLine - Saving screenshot to target\site\serenity\4ea12c5b36ec166bca7e31bda000ad4bbee6e42e194f2856301211413f47b089.png
21:55:59.367 [Forwarding findElement on session 37536c2a8cc601242c0d79553c5de0fa to remote] DEBUG org.asynchttpclient.netty.request.NettyRequestSender - Using pooled Channel '[id: 0x7e783ce6, L:/127.0.0.1:52344 - R:localhost/127.0.0.1:57626]' for 'POST' to 'http://localhost:57626/session/37536c2a8cc601242c0d79553c5de0fa/element'
21:55:59.368 [Forwarding findElement on session 37536c2a8cc601242c0d79553c5de0fa to remote] DEBUG org.asynchttpclient.netty.request.NettyRequestSender - Using open Channel [id: 0x7e783ce6, L:/127.0.0.1:52344 - R:localhost/127.0.0.1:57626] for POST '/session/37536c2a8cc601242c0d79553c5de0fa/element'
21:55:59.411 [AsyncHttpClient-1-5] DEBUG org.asynchttpclient.netty.handler.HttpHandler - 

Request DefaultHttpRequest(decodeResult: success, version: HTTP/1.1)
POST /session/37536c2a8cc601242c0d79553c5de0fa/element HTTP/1.1
User-Agent: selenium/4.1.2 (java windows)
Content-Length: 130
Content-Type: application/json; charset=utf-8
host: localhost:57626
accept: */*

Response DefaultHttpResponse(decodeResult: success, version: HTTP/1.1)
HTTP/1.1 200 OK
Content-Type: application/json; charset=utf-8
cache-control: no-cache
content-length: 88

21:55:59.411 [AsyncHttpClient-1-5] DEBUG org.asynchttpclient.netty.channel.ChannelManager - Adding key: http://localhost:57626 for channel [id: 0x7e783ce6, L:/127.0.0.1:52344 - R:localhost/127.0.0.1:57626]
21:55:59.418 [Forwarding isElementDisplayed on session 37536c2a8cc601242c0d79553c5de0fa to remote] DEBUG org.asynchttpclient.netty.request.NettyRequestSender - Using pooled Channel '[id: 0x7e783ce6, L:/127.0.0.1:52344 - R:localhost/127.0.0.1:57626]' for 'POST' to 'http://localhost:57626/session/37536c2a8cc601242c0d79553c5de0fa/execute/sync'
21:55:59.419 [Forwarding isElementDisplayed on session 37536c2a8cc601242c0d79553c5de0fa to remote] DEBUG org.asynchttpclient.netty.request.NettyRequestSender - Using open Channel [id: 0x7e783ce6, L:/127.0.0.1:52344 - R:localhost/127.0.0.1:57626] for POST '/session/37536c2a8cc601242c0d79553c5de0fa/execute/sync'
21:55:59.453 [AsyncHttpClient-1-5] DEBUG org.asynchttpclient.netty.handler.HttpHandler - 

Request DefaultHttpRequest(decodeResult: success, version: HTTP/1.1)
POST /session/37536c2a8cc601242c0d79553c5de0fa/execute/sync HTTP/1.1
User-Agent: selenium/4.1.2 (java windows)
Content-Length: 48780
Content-Type: application/json; charset=utf-8
host: localhost:57626
accept: */*

Response DefaultHttpResponse(decodeResult: success, version: HTTP/1.1)
HTTP/1.1 200 OK
Content-Type: application/json; charset=utf-8
cache-control: no-cache
content-length: 14

21:55:59.453 [AsyncHttpClient-1-5] DEBUG org.asynchttpclient.netty.channel.ChannelManager - Adding key: http://localhost:57626 for channel [id: 0x7e783ce6, L:/127.0.0.1:52344 - R:localhost/127.0.0.1:57626]
  &amp#27;[32mThen &amp#27;[0m&amp#27;[32mi get message order is empty!&amp#27;[0m &amp#27;[90m# starter.stepdefinitions.OrderSteps.iGetMessageOrderIsEmpty()&amp#27;[0m
21:55:59.464 [Forwarding screenshot on session 37536c2a8cc601242c0d79553c5de0fa to remote] DEBUG org.asynchttpclient.netty.request.NettyRequestSender - Using pooled Channel '[id: 0x7e783ce6, L:/127.0.0.1:52344 - R:localhost/127.0.0.1:57626]' for 'GET' to 'http://localhost:57626/session/37536c2a8cc601242c0d79553c5de0fa/screenshot'
21:55:59.464 [Forwarding screenshot on session 37536c2a8cc601242c0d79553c5de0fa to remote] DEBUG org.asynchttpclient.netty.request.NettyRequestSender - Using open Channel [id: 0x7e783ce6, L:/127.0.0.1:52344 - R:localhost/127.0.0.1:57626] for GET '/session/37536c2a8cc601242c0d79553c5de0fa/screenshot'
21:55:59.599 [AsyncHttpClient-1-5] DEBUG org.asynchttpclient.netty.handler.HttpHandler - 

Request DefaultFullHttpRequest(decodeResult: success, version: HTTP/1.1, content: EmptyByteBufBE)
GET /session/37536c2a8cc601242c0d79553c5de0fa/screenshot HTTP/1.1
User-Agent: selenium/4.1.2 (java windows)
Cache-Control: no-cache
Content-Type: application/json; charset=utf-8
host: localhost:57626
accept: */*

Response DefaultHttpResponse(decodeResult: success, version: HTTP/1.1)
HTTP/1.1 200 OK
Content-Type: application/json; charset=utf-8
cache-control: no-cache
content-length: 15652

21:55:59.599 [AsyncHttpClient-1-5] DEBUG org.asynchttpclient.netty.channel.ChannelManager - Adding key: http://localhost:57626 for channel [id: 0x7e783ce6, L:/127.0.0.1:52344 - R:localhost/127.0.0.1:57626]
21:55:59.601 [main] DEBUG net.serenitybdd.core.photography.Darkroom - Send negative for processing for target\site\serenity\2902276c5c681adf97de9fa445d9be83461b3e27d2b9664c1ad993b5b73363d4.png
21:55:59.601 [Darkroom Processing Line] DEBUG net.serenitybdd.core.photography.DarkroomProcessingLine - Processing screenshot image in /var/screenshots/screenshot-7102986090874819705
21:55:59.602 [Darkroom Processing Line] DEBUG net.serenitybdd.core.photography.DarkroomProcessingLine - Saving screenshot to target\site\serenity\2902276c5c681adf97de9fa445d9be83461b3e27d2b9664c1ad993b5b73363d4.png
21:55:59.603 [main] INFO  - 
  _____   ___   ___   _____     ___     _     ___   ___   ___   ___  
 |_   _| | __| / __| |_   _|   | _ \   /_\   / __| / __| | __| |   \ 
   | |   | _|  \__ \   | |     |  _/  / _ \  \__ \ \__ \ | _|  | |) |
   |_|   |___| |___/   |_|     |_|   /_/ \_\ |___/ |___/ |___| |___/ 

Order with reduce qty
----------------------------------------------------------------------
21:55:59.605 [AsyncHttpClient-1-7] DEBUG org.asynchttpclient.netty.handler.WebSocketHandler - Channel Closed: [id: 0x2bac9ab7, L:/127.0.0.1:52351 ! R:localhost/127.0.0.1:52345] with attribute NettyResponseFuture{currentRetry=5,
	isDone=1,
	isCancelled=0,
	asyncHandler=org.asynchttpclient.ws.WebSocketUpgradeHandler@32a1e42c,
	nettyRequest=org.asynchttpclient.netty.request.NettyRequest@7521cc02,
	future=java.util.concurrent.CompletableFuture@6459c7d3[Completed normally],
	uri=ws://localhost:52345/devtools/browser/17f4b21e-f073-4714-a7f2-5c9ac66feb05,
	keepAlive=true,
	redirectCount=0,
	timeoutsHolder=null,
	inAuth=0,
	touch=1667573751005}
21:55:59.605 [AsyncHttpClient-1-7] DEBUG org.asynchttpclient.netty.channel.ChannelManager - Closing Channel [id: 0x2bac9ab7, L:/127.0.0.1:52351 ! R:localhost/127.0.0.1:52345] 
21:55:59.605 [Driver Command Executor] DEBUG org.asynchttpclient.netty.request.NettyRequestSender - Using pooled Channel '[id: 0x7e783ce6, L:/127.0.0.1:52344 - R:localhost/127.0.0.1:57626]' for 'DELETE' to 'http://localhost:57626/session/37536c2a8cc601242c0d79553c5de0fa'
21:55:59.605 [Driver Command Executor] DEBUG org.asynchttpclient.netty.request.NettyRequestSender - Using open Channel [id: 0x7e783ce6, L:/127.0.0.1:52344 - R:localhost/127.0.0.1:57626] for DELETE '/session/37536c2a8cc601242c0d79553c5de0fa'
21:55:59.758 [AsyncHttpClient-1-6] DEBUG org.asynchttpclient.netty.handler.HttpHandler - Unexpected I/O exception on channel [id: 0x210b8999, L:/127.0.0.1:52350 - R:localhost/127.0.0.1:52345]
java.io.IOException: An existing connection was forcibly closed by the remote host
	at java.base/sun.nio.ch.SocketDispatcher.read0(Native Method)
	at java.base/sun.nio.ch.SocketDispatcher.read(SocketDispatcher.java:43)
	at java.base/sun.nio.ch.IOUtil.readIntoNativeBuffer(IOUtil.java:276)
	at java.base/sun.nio.ch.IOUtil.read(IOUtil.java:233)
	at java.base/sun.nio.ch.IOUtil.read(IOUtil.java:223)
	at java.base/sun.nio.ch.SocketChannelImpl.read(SocketChannelImpl.java:358)
	at io.netty.buffer.PooledByteBuf.setBytes(PooledByteBuf.java:258)
	at io.netty.buffer.AbstractByteBuf.writeBytes(AbstractByteBuf.java:1132)
	at io.netty.channel.socket.nio.NioSocketChannel.doReadBytes(NioSocketChannel.java:350)
	at io.netty.channel.nio.AbstractNioByteChannel$NioByteUnsafe.read(AbstractNioByteChannel.java:151)
	at io.netty.channel.nio.NioEventLoop.processSelectedKey(NioEventLoop.java:722)
	at io.netty.channel.nio.NioEventLoop.processSelectedKeysOptimized(NioEventLoop.java:658)
	at io.netty.channel.nio.NioEventLoop.processSelectedKeys(NioEventLoop.java:584)
	at io.netty.channel.nio.NioEventLoop.run(NioEventLoop.java:496)
	at io.netty.util.concurrent.SingleThreadEventExecutor$4.run(SingleThreadEventExecutor.java:986)
	at io.netty.util.internal.ThreadExecutorMap$2.run(ThreadExecutorMap.java:74)
	at io.netty.util.concurrent.FastThreadLocalRunnable.run(FastThreadLocalRunnable.java:30)
	at java.base/java.lang.Thread.run(Thread.java:834)
21:55:59.758 [AsyncHttpClient-1-6] DEBUG org.asynchttpclient.netty.channel.ChannelManager - Closing Channel [id: 0x210b8999, L:/127.0.0.1:52350 - R:localhost/127.0.0.1:52345] 
21:55:59.758 [AsyncHttpClient-1-6] DEBUG org.asynchttpclient.netty.handler.HttpHandler - Channel Closed: [id: 0x210b8999, L:/127.0.0.1:52350 ! R:localhost/127.0.0.1:52345] with attribute DISCARD
21:55:59.796 [AsyncHttpClient-1-5] DEBUG org.asynchttpclient.netty.handler.HttpHandler - 

Request DefaultFullHttpRequest(decodeResult: success, version: HTTP/1.1, content: EmptyByteBufBE)
DELETE /session/37536c2a8cc601242c0d79553c5de0fa HTTP/1.1
User-Agent: selenium/4.1.2 (java windows)
Content-Type: application/json; charset=utf-8
host: localhost:57626
accept: */*

Response DefaultHttpResponse(decodeResult: success, version: HTTP/1.1)
HTTP/1.1 200 OK
Content-Type: application/json; charset=utf-8
cache-control: no-cache
content-length: 14

21:55:59.796 [AsyncHttpClient-1-5] DEBUG org.asynchttpclient.netty.channel.ChannelManager - Adding key: http://localhost:57626 for channel [id: 0x7e783ce6, L:/127.0.0.1:52344 - R:localhost/127.0.0.1:57626]
21:55:59.973 [AsyncHttpClient-1-1] DEBUG org.asynchttpclient.netty.channel.DefaultChannelPool - Entry count for : http://localhost:57626 : 1
21:55:59.973 [AsyncHttpClient-1-1] DEBUG org.asynchttpclient.netty.channel.DefaultChannelPool - Entry count for : http://localhost:52345 : 1
21:55:59.973 [AsyncHttpClient-1-1] DEBUG org.asynchttpclient.netty.channel.DefaultChannelPool - Adding Candidate expired Channel [id: 0x210b8999, L:/127.0.0.1:52350 ! R:localhost/127.0.0.1:52345] isIdleTimeoutExpired=false isRemotelyClosed=true isTtlExpired=false
21:55:59.973 [AsyncHttpClient-1-1] DEBUG org.asynchttpclient.netty.channel.DefaultChannelPool - Closing Idle Channel [id: 0x210b8999, L:/127.0.0.1:52350 ! R:localhost/127.0.0.1:52345]
21:55:59.973 [AsyncHttpClient-1-1] DEBUG org.asynchttpclient.netty.channel.DefaultChannelPool - Closed 1 connections out of 2 in 0 ms
21:56:00.073 [AsyncHttpClient-1-5] DEBUG org.asynchttpclient.netty.handler.HttpHandler - Channel Closed: [id: 0x7e783ce6, L:/127.0.0.1:52344 ! R:localhost/127.0.0.1:57626] with attribute DISCARD
]]></system-out>
    <system-err><![CDATA[Starting ChromeDriver 106.0.5249.61 (511755355844955cd3e264779baf0dd38212a4d0-refs/branch-heads/5249@{#569}) on port 57626
Only local connections are allowed.
Please see https://chromedriver.chromium.org/security-considerations for suggestions on keeping ChromeDriver safe.
ChromeDriver was started successfully.
[1667573750.797][WARNING]: This version of ChromeDriver has not been tested with Chrome version 107.
Nov 04, 2022 9:55:50 PM org.openqa.selenium.remote.ProtocolHandshake createSession
INFO: Detected dialect: W3C
Nov 04, 2022 9:55:51 PM org.openqa.selenium.devtools.CdpVersionFinder findNearestMatch
WARNING: Unable to find an exact match for CDP version 107, so returning the closest version found: a no-op implementation
Nov 04, 2022 9:55:51 PM org.openqa.selenium.devtools.CdpVersionFinder findNearestMatch
INFO: Unable to find CDP implementation matching 107.
Nov 04, 2022 9:55:51 PM org.openqa.selenium.chromium.ChromiumDriver lambda$new$3
WARNING: Unable to find version of CDP to use for . You may need to include a dependency on a specific version of the CDP using something similar to `org.seleniumhq.selenium:selenium-devtools-v86:4.1.2` where the version ("v86") matches the version of the chromium-based browser you're using and the version number of the artifact is the same as Selenium's.
]]></system-err>
  </testcase>
  <testcase name="Order without add product" classname="Order" time="9.651">
    <system-out><![CDATA[
@Orders
Scenario: Order without add product  &amp#27;[90m# src/test/resources/features/Order.feature:30&amp#27;[0m
21:56:00.178 [main] INFO io.cucumber.core.plugin.SerenityReporter - Running feature from file:///C:/Users/ACER/Documents/Mini_Proyek/test-web/src/test/resources/features/Order.feature
21:56:00.182 [main] INFO  - 
  _____   ___   ___   _____     ___   _____     _     ___   _____   ___   ___  
 |_   _| | __| / __| |_   _|   / __| |_   _|   /_\   | _ \ |_   _| | __| |   \ 
   | |   | _|  \__ \   | |     \__ \   | |    / _ \  |   /   | |   | _|  | |) |
   |_|   |___| |___/   |_|     |___/   |_|   /_/ \_\ |_|_\   |_|   |___| |___/ 

Order without add product(order;order-without-add-product)
--------------------------------------------------------------------------------
21:56:00.279 [main] INFO net.serenitybdd.core.webdriver.driverproviders.ChromeDriverProvider - Using automatically driver download
21:56:01.889 [AsyncHttpClient-1-1] DEBUG org.asynchttpclient.netty.channel.DefaultChannelPool - Entry count for : http://localhost:57626 : 1
21:56:01.889 [AsyncHttpClient-1-1] DEBUG org.asynchttpclient.netty.channel.DefaultChannelPool - Adding Candidate expired Channel [id: 0x7e783ce6, L:/127.0.0.1:52344 ! R:localhost/127.0.0.1:57626] isIdleTimeoutExpired=false isRemotelyClosed=true isTtlExpired=false
21:56:01.889 [AsyncHttpClient-1-1] DEBUG org.asynchttpclient.netty.channel.DefaultChannelPool - Closing Idle Channel [id: 0x7e783ce6, L:/127.0.0.1:52344 ! R:localhost/127.0.0.1:57626]
21:56:01.890 [AsyncHttpClient-1-1] DEBUG org.asynchttpclient.netty.channel.DefaultChannelPool - Closed 1 connections out of 1 in 1 ms
21:56:02.225 [main] DEBUG io.github.bonigarcia.wdm.cache.ResolutionCache - Resolution chrome=107 in cache (valid until 22:53:45 04/11/2022 ICT)
21:56:02.232 [main] DEBUG io.github.bonigarcia.wdm.cache.ResolutionCache - Resolution chrome107=107.0.5304.62 in cache (valid until 21:53:45 05/11/2022 ICT)
21:56:02.235 [main] INFO io.github.bonigarcia.wdm.WebDriverManager - Using chromedriver 107.0.5304.62 (resolved driver for Chrome 107)
21:56:02.262 [main] DEBUG io.github.bonigarcia.wdm.WebDriverManager - Driver chromedriver 107.0.5304.62 found in cache
21:56:02.263 [main] INFO io.github.bonigarcia.wdm.WebDriverManager - Exporting webdriver.chrome.driver as C:\Users\ACER\.cache\selenium\chromedriver\win32\107.0.5304.62\chromedriver.exe
21:56:02.461 [main] DEBUG net.serenitybdd.core.webdriver.driverproviders.ProvideNewDriver - Instantiating driver
21:56:02.462 [main] DEBUG net.serenitybdd.core.webdriver.driverproviders.ProvideNewDriver - Driver capabilities: Capabilities {acceptInsecureCerts: false, base.url: https://alta-shop.vercel.app, browserName: chrome, chrome.driver: src/test/resources/webdrive..., driver: chrome, goog:chromeOptions: {args: [], extensions: []}, wait.for.timeout: 15000}
21:56:02.583 [AsyncHttpClient-1-8] DEBUG org.asynchttpclient.netty.channel.NettyConnectListener - Using new Channel '[id: 0x396d69ec, L:/127.0.0.1:52368 - R:localhost/127.0.0.1:58766]' for 'POST' to '/session'
21:56:03.863 [AsyncHttpClient-1-8] DEBUG org.asynchttpclient.netty.handler.HttpHandler - 

Request DefaultHttpRequest(decodeResult: success, version: HTTP/1.1)
POST /session HTTP/1.1
User-Agent: selenium/4.1.2 (java windows)
Content-Length: 640
Content-Type: application/json; charset=utf-8
host: localhost:58766
accept: */*

Response DefaultHttpResponse(decodeResult: success, version: HTTP/1.1)
HTTP/1.1 200 OK
Content-Type: application/json; charset=utf-8
cache-control: no-cache
content-length: 787

21:56:03.863 [AsyncHttpClient-1-8] DEBUG org.asynchttpclient.netty.channel.ChannelManager - Adding key: http://localhost:58766 for channel [id: 0x396d69ec, L:/127.0.0.1:52368 - R:localhost/127.0.0.1:58766]
21:56:03.875 [AsyncHttpClient-1-9] DEBUG org.asynchttpclient.netty.channel.NettyConnectListener - Using new Channel '[id: 0xf3bb1a75, L:/127.0.0.1:52375 - R:localhost/127.0.0.1:52369]' for 'GET' to '/json/version'
21:56:03.876 [AsyncHttpClient-1-9] DEBUG org.asynchttpclient.netty.handler.HttpHandler - 

Request DefaultFullHttpRequest(decodeResult: success, version: HTTP/1.1, content: EmptyByteBufBE)
GET /json/version HTTP/1.1
User-Agent: selenium/4.1.2 (java windows)
host: localhost:52369
accept: */*

Response DefaultHttpResponse(decodeResult: success, version: HTTP/1.1)
HTTP/1.1 200 OK
Content-Type: application/json; charset=UTF-8
content-length: 423

21:56:03.877 [AsyncHttpClient-1-9] DEBUG org.asynchttpclient.netty.channel.ChannelManager - Adding key: http://localhost:52369 for channel [id: 0xf3bb1a75, L:/127.0.0.1:52375 - R:localhost/127.0.0.1:52369]
21:56:03.883 [AsyncHttpClient-1-2] DEBUG org.asynchttpclient.netty.channel.NettyConnectListener - Using new Channel '[id: 0x3896fb91, L:/127.0.0.1:52376 - R:localhost/127.0.0.1:52369]' for 'GET' to '/devtools/browser/fdbe5498-1659-4854-80b7-b51b124303b9'
21:56:03.885 [AsyncHttpClient-1-2] DEBUG org.asynchttpclient.netty.handler.WebSocketHandler - 

Request DefaultFullHttpRequest(decodeResult: success, version: HTTP/1.1, content: EmptyByteBufBE)
GET /devtools/browser/fdbe5498-1659-4854-80b7-b51b124303b9 HTTP/1.1
upgrade: websocket
connection: upgrade
sec-websocket-key: F0OQL0TQrE6ms0BmsByiWQ==
sec-websocket-version: 13
origin: http://localhost:52369
host: localhost:52369
accept: */*
user-agent: AHC/2.1

Response DefaultHttpResponse(decodeResult: success, version: HTTP/1.1)
HTTP/1.1 101 WebSocket Protocol Handshake
Upgrade: WebSocket
Connection: Upgrade
Sec-WebSocket-Accept: mI2tfj/S6Y5aGPmbSwg+4RHIia4=

21:56:03.892 [Forwarding get on session 66b7071069f0744c98d7161116c08e59 to remote] DEBUG org.asynchttpclient.netty.request.NettyRequestSender - Using pooled Channel '[id: 0x396d69ec, L:/127.0.0.1:52368 - R:localhost/127.0.0.1:58766]' for 'POST' to 'http://localhost:58766/session/66b7071069f0744c98d7161116c08e59/url'
21:56:03.892 [Forwarding get on session 66b7071069f0744c98d7161116c08e59 to remote] DEBUG org.asynchttpclient.netty.request.NettyRequestSender - Using open Channel [id: 0x396d69ec, L:/127.0.0.1:52368 - R:localhost/127.0.0.1:58766] for POST '/session/66b7071069f0744c98d7161116c08e59/url'
21:56:04.089 [AsyncHttpClient-1-1] DEBUG org.asynchttpclient.netty.channel.DefaultChannelPool - Entry count for : http://localhost:52369 : 1
21:56:05.173 [AsyncHttpClient-1-1] DEBUG org.asynchttpclient.netty.channel.DefaultChannelPool - Entry count for : http://localhost:52369 : 1
21:56:05.320 [AsyncHttpClient-1-8] DEBUG org.asynchttpclient.netty.handler.HttpHandler - 

Request DefaultHttpRequest(decodeResult: success, version: HTTP/1.1)
POST /session/66b7071069f0744c98d7161116c08e59/url HTTP/1.1
User-Agent: selenium/4.1.2 (java windows)
Content-Length: 59
Content-Type: application/json; charset=utf-8
host: localhost:58766
accept: */*

Response DefaultHttpResponse(decodeResult: success, version: HTTP/1.1)
HTTP/1.1 200 OK
Content-Type: application/json; charset=utf-8
cache-control: no-cache
content-length: 14

21:56:05.320 [AsyncHttpClient-1-8] DEBUG org.asynchttpclient.netty.channel.ChannelManager - Adding key: http://localhost:58766 for channel [id: 0x396d69ec, L:/127.0.0.1:52368 - R:localhost/127.0.0.1:58766]
21:56:05.322 [Forwarding setTimeout on session 66b7071069f0744c98d7161116c08e59 to remote] DEBUG org.asynchttpclient.netty.request.NettyRequestSender - Using pooled Channel '[id: 0x396d69ec, L:/127.0.0.1:52368 - R:localhost/127.0.0.1:58766]' for 'POST' to 'http://localhost:58766/session/66b7071069f0744c98d7161116c08e59/timeouts'
21:56:05.322 [Forwarding setTimeout on session 66b7071069f0744c98d7161116c08e59 to remote] DEBUG org.asynchttpclient.netty.request.NettyRequestSender - Using open Channel [id: 0x396d69ec, L:/127.0.0.1:52368 - R:localhost/127.0.0.1:58766] for POST '/session/66b7071069f0744c98d7161116c08e59/timeouts'
21:56:05.329 [AsyncHttpClient-1-8] DEBUG org.asynchttpclient.netty.handler.HttpHandler - 

Request DefaultHttpRequest(decodeResult: success, version: HTTP/1.1)
POST /session/66b7071069f0744c98d7161116c08e59/timeouts HTTP/1.1
User-Agent: selenium/4.1.2 (java windows)
Content-Length: 22
Content-Type: application/json; charset=utf-8
host: localhost:58766
accept: */*

Response DefaultHttpResponse(decodeResult: success, version: HTTP/1.1)
HTTP/1.1 200 OK
Content-Type: application/json; charset=utf-8
cache-control: no-cache
content-length: 14

21:56:05.329 [AsyncHttpClient-1-8] DEBUG org.asynchttpclient.netty.channel.ChannelManager - Adding key: http://localhost:58766 for channel [id: 0x396d69ec, L:/127.0.0.1:52368 - R:localhost/127.0.0.1:58766]
21:56:05.336 [Forwarding getCurrentUrl on session 66b7071069f0744c98d7161116c08e59 to remote] DEBUG org.asynchttpclient.netty.request.NettyRequestSender - Using pooled Channel '[id: 0x396d69ec, L:/127.0.0.1:52368 - R:localhost/127.0.0.1:58766]' for 'GET' to 'http://localhost:58766/session/66b7071069f0744c98d7161116c08e59/url'
21:56:05.336 [Forwarding getCurrentUrl on session 66b7071069f0744c98d7161116c08e59 to remote] DEBUG org.asynchttpclient.netty.request.NettyRequestSender - Using open Channel [id: 0x396d69ec, L:/127.0.0.1:52368 - R:localhost/127.0.0.1:58766] for GET '/session/66b7071069f0744c98d7161116c08e59/url'
21:56:05.357 [AsyncHttpClient-1-8] DEBUG org.asynchttpclient.netty.handler.HttpHandler - 

Request DefaultFullHttpRequest(decodeResult: success, version: HTTP/1.1, content: EmptyByteBufBE)
GET /session/66b7071069f0744c98d7161116c08e59/url HTTP/1.1
User-Agent: selenium/4.1.2 (java windows)
Cache-Control: no-cache
Content-Type: application/json; charset=utf-8
host: localhost:58766
accept: */*

Response DefaultHttpResponse(decodeResult: success, version: HTTP/1.1)
HTTP/1.1 200 OK
Content-Type: application/json; charset=utf-8
cache-control: no-cache
content-length: 41

21:56:05.357 [AsyncHttpClient-1-8] DEBUG org.asynchttpclient.netty.channel.ChannelManager - Adding key: http://localhost:58766 for channel [id: 0x396d69ec, L:/127.0.0.1:52368 - R:localhost/127.0.0.1:58766]
21:56:05.368 [Forwarding findElement on session 66b7071069f0744c98d7161116c08e59 to remote] DEBUG org.asynchttpclient.netty.request.NettyRequestSender - Using pooled Channel '[id: 0x396d69ec, L:/127.0.0.1:52368 - R:localhost/127.0.0.1:58766]' for 'POST' to 'http://localhost:58766/session/66b7071069f0744c98d7161116c08e59/element'
21:56:05.368 [Forwarding findElement on session 66b7071069f0744c98d7161116c08e59 to remote] DEBUG org.asynchttpclient.netty.request.NettyRequestSender - Using open Channel [id: 0x396d69ec, L:/127.0.0.1:52368 - R:localhost/127.0.0.1:58766] for POST '/session/66b7071069f0744c98d7161116c08e59/element'
21:56:05.405 [AsyncHttpClient-1-8] DEBUG org.asynchttpclient.netty.handler.HttpHandler - 

Request DefaultHttpRequest(decodeResult: success, version: HTTP/1.1)
POST /session/66b7071069f0744c98d7161116c08e59/element HTTP/1.1
User-Agent: selenium/4.1.2 (java windows)
Content-Length: 97
Content-Type: application/json; charset=utf-8
host: localhost:58766
accept: */*

Response DefaultHttpResponse(decodeResult: success, version: HTTP/1.1)
HTTP/1.1 200 OK
Content-Type: application/json; charset=utf-8
cache-control: no-cache
content-length: 88

21:56:05.405 [AsyncHttpClient-1-8] DEBUG org.asynchttpclient.netty.channel.ChannelManager - Adding key: http://localhost:58766 for channel [id: 0x396d69ec, L:/127.0.0.1:52368 - R:localhost/127.0.0.1:58766]
21:56:05.407 [Forwarding getElementTagName on session 66b7071069f0744c98d7161116c08e59 to remote] DEBUG org.asynchttpclient.netty.request.NettyRequestSender - Using pooled Channel '[id: 0x396d69ec, L:/127.0.0.1:52368 - R:localhost/127.0.0.1:58766]' for 'GET' to 'http://localhost:58766/session/66b7071069f0744c98d7161116c08e59/element/1405ce0e-689a-402f-b683-19dc7f4ead65/name'
21:56:05.408 [Forwarding getElementTagName on session 66b7071069f0744c98d7161116c08e59 to remote] DEBUG org.asynchttpclient.netty.request.NettyRequestSender - Using open Channel [id: 0x396d69ec, L:/127.0.0.1:52368 - R:localhost/127.0.0.1:58766] for GET '/session/66b7071069f0744c98d7161116c08e59/element/1405ce0e-689a-402f-b683-19dc7f4ead65/name'
21:56:05.415 [AsyncHttpClient-1-8] DEBUG org.asynchttpclient.netty.handler.HttpHandler - 

Request DefaultFullHttpRequest(decodeResult: success, version: HTTP/1.1, content: EmptyByteBufBE)
GET /session/66b7071069f0744c98d7161116c08e59/element/1405ce0e-689a-402f-b683-19dc7f4ead65/name HTTP/1.1
User-Agent: selenium/4.1.2 (java windows)
Cache-Control: no-cache
Content-Type: application/json; charset=utf-8
host: localhost:58766
accept: */*

Response DefaultHttpResponse(decodeResult: success, version: HTTP/1.1)
HTTP/1.1 200 OK
Content-Type: application/json; charset=utf-8
cache-control: no-cache
content-length: 13

21:56:05.415 [AsyncHttpClient-1-8] DEBUG org.asynchttpclient.netty.channel.ChannelManager - Adding key: http://localhost:58766 for channel [id: 0x396d69ec, L:/127.0.0.1:52368 - R:localhost/127.0.0.1:58766]
21:56:05.417 [Forwarding getElementTagName on session 66b7071069f0744c98d7161116c08e59 to remote] DEBUG org.asynchttpclient.netty.request.NettyRequestSender - Using pooled Channel '[id: 0x396d69ec, L:/127.0.0.1:52368 - R:localhost/127.0.0.1:58766]' for 'GET' to 'http://localhost:58766/session/66b7071069f0744c98d7161116c08e59/element/1405ce0e-689a-402f-b683-19dc7f4ead65/name'
21:56:05.417 [Forwarding getElementTagName on session 66b7071069f0744c98d7161116c08e59 to remote] DEBUG org.asynchttpclient.netty.request.NettyRequestSender - Using open Channel [id: 0x396d69ec, L:/127.0.0.1:52368 - R:localhost/127.0.0.1:58766] for GET '/session/66b7071069f0744c98d7161116c08e59/element/1405ce0e-689a-402f-b683-19dc7f4ead65/name'
21:56:05.426 [AsyncHttpClient-1-8] DEBUG org.asynchttpclient.netty.handler.HttpHandler - 

Request DefaultFullHttpRequest(decodeResult: success, version: HTTP/1.1, content: EmptyByteBufBE)
GET /session/66b7071069f0744c98d7161116c08e59/element/1405ce0e-689a-402f-b683-19dc7f4ead65/name HTTP/1.1
User-Agent: selenium/4.1.2 (java windows)
Cache-Control: no-cache
Content-Type: application/json; charset=utf-8
host: localhost:58766
accept: */*

Response DefaultHttpResponse(decodeResult: success, version: HTTP/1.1)
HTTP/1.1 200 OK
Content-Type: application/json; charset=utf-8
cache-control: no-cache
content-length: 13

21:56:05.426 [AsyncHttpClient-1-8] DEBUG org.asynchttpclient.netty.channel.ChannelManager - Adding key: http://localhost:58766 for channel [id: 0x396d69ec, L:/127.0.0.1:52368 - R:localhost/127.0.0.1:58766]
21:56:05.430 [Forwarding findElement on session 66b7071069f0744c98d7161116c08e59 to remote] DEBUG org.asynchttpclient.netty.request.NettyRequestSender - Using pooled Channel '[id: 0x396d69ec, L:/127.0.0.1:52368 - R:localhost/127.0.0.1:58766]' for 'POST' to 'http://localhost:58766/session/66b7071069f0744c98d7161116c08e59/element'
21:56:05.430 [Forwarding findElement on session 66b7071069f0744c98d7161116c08e59 to remote] DEBUG org.asynchttpclient.netty.request.NettyRequestSender - Using open Channel [id: 0x396d69ec, L:/127.0.0.1:52368 - R:localhost/127.0.0.1:58766] for POST '/session/66b7071069f0744c98d7161116c08e59/element'
21:56:05.451 [AsyncHttpClient-1-8] DEBUG org.asynchttpclient.netty.handler.HttpHandler - 

Request DefaultHttpRequest(decodeResult: success, version: HTTP/1.1)
POST /session/66b7071069f0744c98d7161116c08e59/element HTTP/1.1
User-Agent: selenium/4.1.2 (java windows)
Content-Length: 97
Content-Type: application/json; charset=utf-8
host: localhost:58766
accept: */*

Response DefaultHttpResponse(decodeResult: success, version: HTTP/1.1)
HTTP/1.1 200 OK
Content-Type: application/json; charset=utf-8
cache-control: no-cache
content-length: 88

21:56:05.451 [AsyncHttpClient-1-8] DEBUG org.asynchttpclient.netty.channel.ChannelManager - Adding key: http://localhost:58766 for channel [id: 0x396d69ec, L:/127.0.0.1:52368 - R:localhost/127.0.0.1:58766]
21:56:05.453 [Forwarding clickElement on session 66b7071069f0744c98d7161116c08e59 to remote] DEBUG org.asynchttpclient.netty.request.NettyRequestSender - Using pooled Channel '[id: 0x396d69ec, L:/127.0.0.1:52368 - R:localhost/127.0.0.1:58766]' for 'POST' to 'http://localhost:58766/session/66b7071069f0744c98d7161116c08e59/element/1405ce0e-689a-402f-b683-19dc7f4ead65/click'
21:56:05.453 [Forwarding clickElement on session 66b7071069f0744c98d7161116c08e59 to remote] DEBUG org.asynchttpclient.netty.request.NettyRequestSender - Using open Channel [id: 0x396d69ec, L:/127.0.0.1:52368 - R:localhost/127.0.0.1:58766] for POST '/session/66b7071069f0744c98d7161116c08e59/element/1405ce0e-689a-402f-b683-19dc7f4ead65/click'
21:56:05.600 [AsyncHttpClient-1-8] DEBUG org.asynchttpclient.netty.handler.HttpHandler - 

Request DefaultHttpRequest(decodeResult: success, version: HTTP/1.1)
POST /session/66b7071069f0744c98d7161116c08e59/element/1405ce0e-689a-402f-b683-19dc7f4ead65/click HTTP/1.1
User-Agent: selenium/4.1.2 (java windows)
Content-Length: 50
Content-Type: application/json; charset=utf-8
host: localhost:58766
accept: */*

Response DefaultHttpResponse(decodeResult: success, version: HTTP/1.1)
HTTP/1.1 200 OK
Content-Type: application/json; charset=utf-8
cache-control: no-cache
content-length: 14

21:56:05.600 [AsyncHttpClient-1-8] DEBUG org.asynchttpclient.netty.channel.ChannelManager - Adding key: http://localhost:58766 for channel [id: 0x396d69ec, L:/127.0.0.1:52368 - R:localhost/127.0.0.1:58766]
21:56:05.609 [Forwarding findElement on session 66b7071069f0744c98d7161116c08e59 to remote] DEBUG org.asynchttpclient.netty.request.NettyRequestSender - Using pooled Channel '[id: 0x396d69ec, L:/127.0.0.1:52368 - R:localhost/127.0.0.1:58766]' for 'POST' to 'http://localhost:58766/session/66b7071069f0744c98d7161116c08e59/element'
21:56:05.609 [Forwarding findElement on session 66b7071069f0744c98d7161116c08e59 to remote] DEBUG org.asynchttpclient.netty.request.NettyRequestSender - Using open Channel [id: 0x396d69ec, L:/127.0.0.1:52368 - R:localhost/127.0.0.1:58766] for POST '/session/66b7071069f0744c98d7161116c08e59/element'
21:56:05.823 [AsyncHttpClient-1-8] DEBUG org.asynchttpclient.netty.handler.HttpHandler - 

Request DefaultHttpRequest(decodeResult: success, version: HTTP/1.1)
POST /session/66b7071069f0744c98d7161116c08e59/element HTTP/1.1
User-Agent: selenium/4.1.2 (java windows)
Content-Length: 88
Content-Type: application/json; charset=utf-8
host: localhost:58766
accept: */*

Response DefaultHttpResponse(decodeResult: success, version: HTTP/1.1)
HTTP/1.1 200 OK
Content-Type: application/json; charset=utf-8
cache-control: no-cache
content-length: 88

21:56:05.823 [AsyncHttpClient-1-8] DEBUG org.asynchttpclient.netty.channel.ChannelManager - Adding key: http://localhost:58766 for channel [id: 0x396d69ec, L:/127.0.0.1:52368 - R:localhost/127.0.0.1:58766]
21:56:05.825 [Forwarding clearElement on session 66b7071069f0744c98d7161116c08e59 to remote] DEBUG org.asynchttpclient.netty.request.NettyRequestSender - Using pooled Channel '[id: 0x396d69ec, L:/127.0.0.1:52368 - R:localhost/127.0.0.1:58766]' for 'POST' to 'http://localhost:58766/session/66b7071069f0744c98d7161116c08e59/element/f1eb8449-aa41-487c-8728-8c87328cbbf1/clear'
21:56:05.825 [Forwarding clearElement on session 66b7071069f0744c98d7161116c08e59 to remote] DEBUG org.asynchttpclient.netty.request.NettyRequestSender - Using open Channel [id: 0x396d69ec, L:/127.0.0.1:52368 - R:localhost/127.0.0.1:58766] for POST '/session/66b7071069f0744c98d7161116c08e59/element/f1eb8449-aa41-487c-8728-8c87328cbbf1/clear'
21:56:05.934 [AsyncHttpClient-1-8] DEBUG org.asynchttpclient.netty.handler.HttpHandler - 

Request DefaultHttpRequest(decodeResult: success, version: HTTP/1.1)
POST /session/66b7071069f0744c98d7161116c08e59/element/f1eb8449-aa41-487c-8728-8c87328cbbf1/clear HTTP/1.1
User-Agent: selenium/4.1.2 (java windows)
Content-Length: 50
Content-Type: application/json; charset=utf-8
host: localhost:58766
accept: */*

Response DefaultHttpResponse(decodeResult: success, version: HTTP/1.1)
HTTP/1.1 200 OK
Content-Type: application/json; charset=utf-8
cache-control: no-cache
content-length: 14

21:56:05.934 [AsyncHttpClient-1-8] DEBUG org.asynchttpclient.netty.channel.ChannelManager - Adding key: http://localhost:58766 for channel [id: 0x396d69ec, L:/127.0.0.1:52368 - R:localhost/127.0.0.1:58766]
21:56:05.937 [Forwarding sendKeysToElement on session 66b7071069f0744c98d7161116c08e59 to remote] DEBUG org.asynchttpclient.netty.request.NettyRequestSender - Using pooled Channel '[id: 0x396d69ec, L:/127.0.0.1:52368 - R:localhost/127.0.0.1:58766]' for 'POST' to 'http://localhost:58766/session/66b7071069f0744c98d7161116c08e59/element/f1eb8449-aa41-487c-8728-8c87328cbbf1/value'
21:56:05.937 [Forwarding sendKeysToElement on session 66b7071069f0744c98d7161116c08e59 to remote] DEBUG org.asynchttpclient.netty.request.NettyRequestSender - Using open Channel [id: 0x396d69ec, L:/127.0.0.1:52368 - R:localhost/127.0.0.1:58766] for POST '/session/66b7071069f0744c98d7161116c08e59/element/f1eb8449-aa41-487c-8728-8c87328cbbf1/value'
21:56:06.096 [AsyncHttpClient-1-8] DEBUG org.asynchttpclient.netty.handler.HttpHandler - 

Request DefaultHttpRequest(decodeResult: success, version: HTTP/1.1)
POST /session/66b7071069f0744c98d7161116c08e59/element/f1eb8449-aa41-487c-8728-8c87328cbbf1/value HTTP/1.1
User-Agent: selenium/4.1.2 (java windows)
Content-Length: 111
Content-Type: application/json; charset=utf-8
host: localhost:58766
accept: */*

Response DefaultHttpResponse(decodeResult: success, version: HTTP/1.1)
HTTP/1.1 200 OK
Content-Type: application/json; charset=utf-8
cache-control: no-cache
content-length: 14

21:56:06.096 [AsyncHttpClient-1-8] DEBUG org.asynchttpclient.netty.channel.ChannelManager - Adding key: http://localhost:58766 for channel [id: 0x396d69ec, L:/127.0.0.1:52368 - R:localhost/127.0.0.1:58766]
21:56:06.107 [Forwarding findElement on session 66b7071069f0744c98d7161116c08e59 to remote] DEBUG org.asynchttpclient.netty.request.NettyRequestSender - Using pooled Channel '[id: 0x396d69ec, L:/127.0.0.1:52368 - R:localhost/127.0.0.1:58766]' for 'POST' to 'http://localhost:58766/session/66b7071069f0744c98d7161116c08e59/element'
21:56:06.107 [Forwarding findElement on session 66b7071069f0744c98d7161116c08e59 to remote] DEBUG org.asynchttpclient.netty.request.NettyRequestSender - Using open Channel [id: 0x396d69ec, L:/127.0.0.1:52368 - R:localhost/127.0.0.1:58766] for POST '/session/66b7071069f0744c98d7161116c08e59/element'
21:56:06.138 [AsyncHttpClient-1-8] DEBUG org.asynchttpclient.netty.handler.HttpHandler - 

Request DefaultHttpRequest(decodeResult: success, version: HTTP/1.1)
POST /session/66b7071069f0744c98d7161116c08e59/element HTTP/1.1
User-Agent: selenium/4.1.2 (java windows)
Content-Length: 97
Content-Type: application/json; charset=utf-8
host: localhost:58766
accept: */*

Response DefaultHttpResponse(decodeResult: success, version: HTTP/1.1)
HTTP/1.1 200 OK
Content-Type: application/json; charset=utf-8
cache-control: no-cache
content-length: 88

21:56:06.138 [AsyncHttpClient-1-8] DEBUG org.asynchttpclient.netty.channel.ChannelManager - Adding key: http://localhost:58766 for channel [id: 0x396d69ec, L:/127.0.0.1:52368 - R:localhost/127.0.0.1:58766]
21:56:06.140 [Forwarding clearElement on session 66b7071069f0744c98d7161116c08e59 to remote] DEBUG org.asynchttpclient.netty.request.NettyRequestSender - Using pooled Channel '[id: 0x396d69ec, L:/127.0.0.1:52368 - R:localhost/127.0.0.1:58766]' for 'POST' to 'http://localhost:58766/session/66b7071069f0744c98d7161116c08e59/element/e7735416-a06f-48dc-87c4-b5cf7ed25f70/clear'
21:56:06.140 [Forwarding clearElement on session 66b7071069f0744c98d7161116c08e59 to remote] DEBUG org.asynchttpclient.netty.request.NettyRequestSender - Using open Channel [id: 0x396d69ec, L:/127.0.0.1:52368 - R:localhost/127.0.0.1:58766] for POST '/session/66b7071069f0744c98d7161116c08e59/element/e7735416-a06f-48dc-87c4-b5cf7ed25f70/clear'
21:56:06.244 [AsyncHttpClient-1-8] DEBUG org.asynchttpclient.netty.handler.HttpHandler - 

Request DefaultHttpRequest(decodeResult: success, version: HTTP/1.1)
POST /session/66b7071069f0744c98d7161116c08e59/element/e7735416-a06f-48dc-87c4-b5cf7ed25f70/clear HTTP/1.1
User-Agent: selenium/4.1.2 (java windows)
Content-Length: 50
Content-Type: application/json; charset=utf-8
host: localhost:58766
accept: */*

Response DefaultHttpResponse(decodeResult: success, version: HTTP/1.1)
HTTP/1.1 200 OK
Content-Type: application/json; charset=utf-8
cache-control: no-cache
content-length: 14

21:56:06.244 [AsyncHttpClient-1-8] DEBUG org.asynchttpclient.netty.channel.ChannelManager - Adding key: http://localhost:58766 for channel [id: 0x396d69ec, L:/127.0.0.1:52368 - R:localhost/127.0.0.1:58766]
21:56:06.250 [Forwarding sendKeysToElement on session 66b7071069f0744c98d7161116c08e59 to remote] DEBUG org.asynchttpclient.netty.request.NettyRequestSender - Using pooled Channel '[id: 0x396d69ec, L:/127.0.0.1:52368 - R:localhost/127.0.0.1:58766]' for 'POST' to 'http://localhost:58766/session/66b7071069f0744c98d7161116c08e59/element/e7735416-a06f-48dc-87c4-b5cf7ed25f70/value'
21:56:06.250 [Forwarding sendKeysToElement on session 66b7071069f0744c98d7161116c08e59 to remote] DEBUG org.asynchttpclient.netty.request.NettyRequestSender - Using open Channel [id: 0x396d69ec, L:/127.0.0.1:52368 - R:localhost/127.0.0.1:58766] for POST '/session/66b7071069f0744c98d7161116c08e59/element/e7735416-a06f-48dc-87c4-b5cf7ed25f70/value'
21:56:06.279 [AsyncHttpClient-1-1] DEBUG org.asynchttpclient.netty.channel.DefaultChannelPool - Entry count for : http://localhost:52369 : 1
21:56:06.590 [AsyncHttpClient-1-8] DEBUG org.asynchttpclient.netty.handler.HttpHandler - 

Request DefaultHttpRequest(decodeResult: success, version: HTTP/1.1)
POST /session/66b7071069f0744c98d7161116c08e59/element/e7735416-a06f-48dc-87c4-b5cf7ed25f70/value HTTP/1.1
User-Agent: selenium/4.1.2 (java windows)
Content-Length: 191
Content-Type: application/json; charset=utf-8
host: localhost:58766
accept: */*

Response DefaultHttpResponse(decodeResult: success, version: HTTP/1.1)
HTTP/1.1 200 OK
Content-Type: application/json; charset=utf-8
cache-control: no-cache
content-length: 14

21:56:06.590 [AsyncHttpClient-1-8] DEBUG org.asynchttpclient.netty.channel.ChannelManager - Adding key: http://localhost:58766 for channel [id: 0x396d69ec, L:/127.0.0.1:52368 - R:localhost/127.0.0.1:58766]
21:56:06.601 [Forwarding findElement on session 66b7071069f0744c98d7161116c08e59 to remote] DEBUG org.asynchttpclient.netty.request.NettyRequestSender - Using pooled Channel '[id: 0x396d69ec, L:/127.0.0.1:52368 - R:localhost/127.0.0.1:58766]' for 'POST' to 'http://localhost:58766/session/66b7071069f0744c98d7161116c08e59/element'
21:56:06.601 [Forwarding findElement on session 66b7071069f0744c98d7161116c08e59 to remote] DEBUG org.asynchttpclient.netty.request.NettyRequestSender - Using open Channel [id: 0x396d69ec, L:/127.0.0.1:52368 - R:localhost/127.0.0.1:58766] for POST '/session/66b7071069f0744c98d7161116c08e59/element'
21:56:06.635 [AsyncHttpClient-1-8] DEBUG org.asynchttpclient.netty.handler.HttpHandler - 

Request DefaultHttpRequest(decodeResult: success, version: HTTP/1.1)
POST /session/66b7071069f0744c98d7161116c08e59/element HTTP/1.1
User-Agent: selenium/4.1.2 (java windows)
Content-Length: 83
Content-Type: application/json; charset=utf-8
host: localhost:58766
accept: */*

Response DefaultHttpResponse(decodeResult: success, version: HTTP/1.1)
HTTP/1.1 200 OK
Content-Type: application/json; charset=utf-8
cache-control: no-cache
content-length: 88

21:56:06.635 [AsyncHttpClient-1-8] DEBUG org.asynchttpclient.netty.channel.ChannelManager - Adding key: http://localhost:58766 for channel [id: 0x396d69ec, L:/127.0.0.1:52368 - R:localhost/127.0.0.1:58766]
21:56:06.637 [Forwarding getElementTagName on session 66b7071069f0744c98d7161116c08e59 to remote] DEBUG org.asynchttpclient.netty.request.NettyRequestSender - Using pooled Channel '[id: 0x396d69ec, L:/127.0.0.1:52368 - R:localhost/127.0.0.1:58766]' for 'GET' to 'http://localhost:58766/session/66b7071069f0744c98d7161116c08e59/element/61a17cee-ca16-41c3-80f2-d9dda974e659/name'
21:56:06.637 [Forwarding getElementTagName on session 66b7071069f0744c98d7161116c08e59 to remote] DEBUG org.asynchttpclient.netty.request.NettyRequestSender - Using open Channel [id: 0x396d69ec, L:/127.0.0.1:52368 - R:localhost/127.0.0.1:58766] for GET '/session/66b7071069f0744c98d7161116c08e59/element/61a17cee-ca16-41c3-80f2-d9dda974e659/name'
21:56:06.649 [AsyncHttpClient-1-8] DEBUG org.asynchttpclient.netty.handler.HttpHandler - 

Request DefaultFullHttpRequest(decodeResult: success, version: HTTP/1.1, content: EmptyByteBufBE)
GET /session/66b7071069f0744c98d7161116c08e59/element/61a17cee-ca16-41c3-80f2-d9dda974e659/name HTTP/1.1
User-Agent: selenium/4.1.2 (java windows)
Cache-Control: no-cache
Content-Type: application/json; charset=utf-8
host: localhost:58766
accept: */*

Response DefaultHttpResponse(decodeResult: success, version: HTTP/1.1)
HTTP/1.1 200 OK
Content-Type: application/json; charset=utf-8
cache-control: no-cache
content-length: 16

21:56:06.649 [AsyncHttpClient-1-8] DEBUG org.asynchttpclient.netty.channel.ChannelManager - Adding key: http://localhost:58766 for channel [id: 0x396d69ec, L:/127.0.0.1:52368 - R:localhost/127.0.0.1:58766]
21:56:06.651 [Forwarding getElementTagName on session 66b7071069f0744c98d7161116c08e59 to remote] DEBUG org.asynchttpclient.netty.request.NettyRequestSender - Using pooled Channel '[id: 0x396d69ec, L:/127.0.0.1:52368 - R:localhost/127.0.0.1:58766]' for 'GET' to 'http://localhost:58766/session/66b7071069f0744c98d7161116c08e59/element/61a17cee-ca16-41c3-80f2-d9dda974e659/name'
21:56:06.651 [Forwarding getElementTagName on session 66b7071069f0744c98d7161116c08e59 to remote] DEBUG org.asynchttpclient.netty.request.NettyRequestSender - Using open Channel [id: 0x396d69ec, L:/127.0.0.1:52368 - R:localhost/127.0.0.1:58766] for GET '/session/66b7071069f0744c98d7161116c08e59/element/61a17cee-ca16-41c3-80f2-d9dda974e659/name'
21:56:06.656 [AsyncHttpClient-1-8] DEBUG org.asynchttpclient.netty.handler.HttpHandler - 

Request DefaultFullHttpRequest(decodeResult: success, version: HTTP/1.1, content: EmptyByteBufBE)
GET /session/66b7071069f0744c98d7161116c08e59/element/61a17cee-ca16-41c3-80f2-d9dda974e659/name HTTP/1.1
User-Agent: selenium/4.1.2 (java windows)
Cache-Control: no-cache
Content-Type: application/json; charset=utf-8
host: localhost:58766
accept: */*

Response DefaultHttpResponse(decodeResult: success, version: HTTP/1.1)
HTTP/1.1 200 OK
Content-Type: application/json; charset=utf-8
cache-control: no-cache
content-length: 16

21:56:06.656 [AsyncHttpClient-1-8] DEBUG org.asynchttpclient.netty.channel.ChannelManager - Adding key: http://localhost:58766 for channel [id: 0x396d69ec, L:/127.0.0.1:52368 - R:localhost/127.0.0.1:58766]
21:56:06.659 [Forwarding findElement on session 66b7071069f0744c98d7161116c08e59 to remote] DEBUG org.asynchttpclient.netty.request.NettyRequestSender - Using pooled Channel '[id: 0x396d69ec, L:/127.0.0.1:52368 - R:localhost/127.0.0.1:58766]' for 'POST' to 'http://localhost:58766/session/66b7071069f0744c98d7161116c08e59/element'
21:56:06.660 [Forwarding findElement on session 66b7071069f0744c98d7161116c08e59 to remote] DEBUG org.asynchttpclient.netty.request.NettyRequestSender - Using open Channel [id: 0x396d69ec, L:/127.0.0.1:52368 - R:localhost/127.0.0.1:58766] for POST '/session/66b7071069f0744c98d7161116c08e59/element'
21:56:06.673 [AsyncHttpClient-1-8] DEBUG org.asynchttpclient.netty.handler.HttpHandler - 

Request DefaultHttpRequest(decodeResult: success, version: HTTP/1.1)
POST /session/66b7071069f0744c98d7161116c08e59/element HTTP/1.1
User-Agent: selenium/4.1.2 (java windows)
Content-Length: 83
Content-Type: application/json; charset=utf-8
host: localhost:58766
accept: */*

Response DefaultHttpResponse(decodeResult: success, version: HTTP/1.1)
HTTP/1.1 200 OK
Content-Type: application/json; charset=utf-8
cache-control: no-cache
content-length: 88

21:56:06.673 [AsyncHttpClient-1-8] DEBUG org.asynchttpclient.netty.channel.ChannelManager - Adding key: http://localhost:58766 for channel [id: 0x396d69ec, L:/127.0.0.1:52368 - R:localhost/127.0.0.1:58766]
21:56:06.677 [Forwarding clickElement on session 66b7071069f0744c98d7161116c08e59 to remote] DEBUG org.asynchttpclient.netty.request.NettyRequestSender - Using pooled Channel '[id: 0x396d69ec, L:/127.0.0.1:52368 - R:localhost/127.0.0.1:58766]' for 'POST' to 'http://localhost:58766/session/66b7071069f0744c98d7161116c08e59/element/61a17cee-ca16-41c3-80f2-d9dda974e659/click'
21:56:06.678 [Forwarding clickElement on session 66b7071069f0744c98d7161116c08e59 to remote] DEBUG org.asynchttpclient.netty.request.NettyRequestSender - Using open Channel [id: 0x396d69ec, L:/127.0.0.1:52368 - R:localhost/127.0.0.1:58766] for POST '/session/66b7071069f0744c98d7161116c08e59/element/61a17cee-ca16-41c3-80f2-d9dda974e659/click'
21:56:06.745 [AsyncHttpClient-1-8] DEBUG org.asynchttpclient.netty.handler.HttpHandler - 

Request DefaultHttpRequest(decodeResult: success, version: HTTP/1.1)
POST /session/66b7071069f0744c98d7161116c08e59/element/61a17cee-ca16-41c3-80f2-d9dda974e659/click HTTP/1.1
User-Agent: selenium/4.1.2 (java windows)
Content-Length: 50
Content-Type: application/json; charset=utf-8
host: localhost:58766
accept: */*

Response DefaultHttpResponse(decodeResult: success, version: HTTP/1.1)
HTTP/1.1 200 OK
Content-Type: application/json; charset=utf-8
cache-control: no-cache
content-length: 14

21:56:06.746 [AsyncHttpClient-1-8] DEBUG org.asynchttpclient.netty.channel.ChannelManager - Adding key: http://localhost:58766 for channel [id: 0x396d69ec, L:/127.0.0.1:52368 - R:localhost/127.0.0.1:58766]
21:56:06.750 [Forwarding findElement on session 66b7071069f0744c98d7161116c08e59 to remote] DEBUG org.asynchttpclient.netty.request.NettyRequestSender - Using pooled Channel '[id: 0x396d69ec, L:/127.0.0.1:52368 - R:localhost/127.0.0.1:58766]' for 'POST' to 'http://localhost:58766/session/66b7071069f0744c98d7161116c08e59/element'
21:56:06.750 [Forwarding findElement on session 66b7071069f0744c98d7161116c08e59 to remote] DEBUG org.asynchttpclient.netty.request.NettyRequestSender - Using open Channel [id: 0x396d69ec, L:/127.0.0.1:52368 - R:localhost/127.0.0.1:58766] for POST '/session/66b7071069f0744c98d7161116c08e59/element'
21:56:06.768 [AsyncHttpClient-1-8] DEBUG org.asynchttpclient.netty.handler.HttpHandler - 

Request DefaultHttpRequest(decodeResult: success, version: HTTP/1.1)
POST /session/66b7071069f0744c98d7161116c08e59/element HTTP/1.1
User-Agent: selenium/4.1.2 (java windows)
Content-Length: 125
Content-Type: application/json; charset=utf-8
host: localhost:58766
accept: */*

Response DefaultHttpResponse(decodeResult: success, version: HTTP/1.1)
HTTP/1.1 200 OK
Content-Type: application/json; charset=utf-8
cache-control: no-cache
content-length: 88

21:56:06.768 [AsyncHttpClient-1-8] DEBUG org.asynchttpclient.netty.channel.ChannelManager - Adding key: http://localhost:58766 for channel [id: 0x396d69ec, L:/127.0.0.1:52368 - R:localhost/127.0.0.1:58766]
21:56:06.772 [Forwarding isElementDisplayed on session 66b7071069f0744c98d7161116c08e59 to remote] DEBUG org.asynchttpclient.netty.request.NettyRequestSender - Using pooled Channel '[id: 0x396d69ec, L:/127.0.0.1:52368 - R:localhost/127.0.0.1:58766]' for 'POST' to 'http://localhost:58766/session/66b7071069f0744c98d7161116c08e59/execute/sync'
21:56:06.772 [Forwarding isElementDisplayed on session 66b7071069f0744c98d7161116c08e59 to remote] DEBUG org.asynchttpclient.netty.request.NettyRequestSender - Using open Channel [id: 0x396d69ec, L:/127.0.0.1:52368 - R:localhost/127.0.0.1:58766] for POST '/session/66b7071069f0744c98d7161116c08e59/execute/sync'
21:56:06.803 [AsyncHttpClient-1-8] DEBUG org.asynchttpclient.netty.handler.HttpHandler - 

Request DefaultHttpRequest(decodeResult: success, version: HTTP/1.1)
POST /session/66b7071069f0744c98d7161116c08e59/execute/sync HTTP/1.1
User-Agent: selenium/4.1.2 (java windows)
Content-Length: 48780
Content-Type: application/json; charset=utf-8
host: localhost:58766
accept: */*

Response DefaultHttpResponse(decodeResult: success, version: HTTP/1.1)
HTTP/1.1 200 OK
Content-Type: application/json; charset=utf-8
cache-control: no-cache
content-length: 14

21:56:06.803 [AsyncHttpClient-1-8] DEBUG org.asynchttpclient.netty.channel.ChannelManager - Adding key: http://localhost:58766 for channel [id: 0x396d69ec, L:/127.0.0.1:52368 - R:localhost/127.0.0.1:58766]
  &amp#27;[32mGiven &amp#27;[0m&amp#27;[32mI have logged in&amp#27;[0m             &amp#27;[90m# starter.stepdefinitions.LogoutSteps.iHaveLoggedIn()&amp#27;[0m
21:56:06.812 [Forwarding screenshot on session 66b7071069f0744c98d7161116c08e59 to remote] DEBUG org.asynchttpclient.netty.request.NettyRequestSender - Using pooled Channel '[id: 0x396d69ec, L:/127.0.0.1:52368 - R:localhost/127.0.0.1:58766]' for 'GET' to 'http://localhost:58766/session/66b7071069f0744c98d7161116c08e59/screenshot'
21:56:06.812 [Forwarding screenshot on session 66b7071069f0744c98d7161116c08e59 to remote] DEBUG org.asynchttpclient.netty.request.NettyRequestSender - Using open Channel [id: 0x396d69ec, L:/127.0.0.1:52368 - R:localhost/127.0.0.1:58766] for GET '/session/66b7071069f0744c98d7161116c08e59/screenshot'
21:56:07.081 [AsyncHttpClient-1-8] DEBUG org.asynchttpclient.netty.handler.HttpHandler - 

Request DefaultFullHttpRequest(decodeResult: success, version: HTTP/1.1, content: EmptyByteBufBE)
GET /session/66b7071069f0744c98d7161116c08e59/screenshot HTTP/1.1
User-Agent: selenium/4.1.2 (java windows)
Cache-Control: no-cache
Content-Type: application/json; charset=utf-8
host: localhost:58766
accept: */*

Response DefaultHttpResponse(decodeResult: success, version: HTTP/1.1)
HTTP/1.1 200 OK
Content-Type: application/json; charset=utf-8
cache-control: no-cache
content-length: 27028

21:56:07.082 [AsyncHttpClient-1-8] DEBUG org.asynchttpclient.netty.channel.ChannelManager - Adding key: http://localhost:58766 for channel [id: 0x396d69ec, L:/127.0.0.1:52368 - R:localhost/127.0.0.1:58766]
21:56:07.084 [main] DEBUG net.serenitybdd.core.photography.Darkroom - Send negative for processing for target\site\serenity\23789eaf8ffadd6de2f1bed0a28e35a837d31786768e8d19edf3c1936a0fdc8d.png
21:56:07.092 [Darkroom Processing Line] DEBUG net.serenitybdd.core.photography.DarkroomProcessingLine - Processing screenshot image in /var/screenshots/screenshot-14991339663215613872
21:56:07.092 [Darkroom Processing Line] DEBUG net.serenitybdd.core.photography.DarkroomProcessingLine - Saving screenshot to target\site\serenity\23789eaf8ffadd6de2f1bed0a28e35a837d31786768e8d19edf3c1936a0fdc8d.png
21:56:07.128 [Forwarding findElement on session 66b7071069f0744c98d7161116c08e59 to remote] DEBUG org.asynchttpclient.netty.request.NettyRequestSender - Using pooled Channel '[id: 0x396d69ec, L:/127.0.0.1:52368 - R:localhost/127.0.0.1:58766]' for 'POST' to 'http://localhost:58766/session/66b7071069f0744c98d7161116c08e59/element'
21:56:07.128 [Forwarding findElement on session 66b7071069f0744c98d7161116c08e59 to remote] DEBUG org.asynchttpclient.netty.request.NettyRequestSender - Using open Channel [id: 0x396d69ec, L:/127.0.0.1:52368 - R:localhost/127.0.0.1:58766] for POST '/session/66b7071069f0744c98d7161116c08e59/element'
21:56:07.149 [AsyncHttpClient-1-8] DEBUG org.asynchttpclient.netty.handler.HttpHandler - 

Request DefaultHttpRequest(decodeResult: success, version: HTTP/1.1)
POST /session/66b7071069f0744c98d7161116c08e59/element HTTP/1.1
User-Agent: selenium/4.1.2 (java windows)
Content-Length: 93
Content-Type: application/json; charset=utf-8
host: localhost:58766
accept: */*

Response DefaultHttpResponse(decodeResult: success, version: HTTP/1.1)
HTTP/1.1 200 OK
Content-Type: application/json; charset=utf-8
cache-control: no-cache
content-length: 88

21:56:07.149 [AsyncHttpClient-1-8] DEBUG org.asynchttpclient.netty.channel.ChannelManager - Adding key: http://localhost:58766 for channel [id: 0x396d69ec, L:/127.0.0.1:52368 - R:localhost/127.0.0.1:58766]
21:56:07.150 [Forwarding getElementTagName on session 66b7071069f0744c98d7161116c08e59 to remote] DEBUG org.asynchttpclient.netty.request.NettyRequestSender - Using pooled Channel '[id: 0x396d69ec, L:/127.0.0.1:52368 - R:localhost/127.0.0.1:58766]' for 'GET' to 'http://localhost:58766/session/66b7071069f0744c98d7161116c08e59/element/d5a9ac10-111f-4ae8-b578-7c4bf4891ead/name'
21:56:07.150 [Forwarding getElementTagName on session 66b7071069f0744c98d7161116c08e59 to remote] DEBUG org.asynchttpclient.netty.request.NettyRequestSender - Using open Channel [id: 0x396d69ec, L:/127.0.0.1:52368 - R:localhost/127.0.0.1:58766] for GET '/session/66b7071069f0744c98d7161116c08e59/element/d5a9ac10-111f-4ae8-b578-7c4bf4891ead/name'
21:56:07.160 [AsyncHttpClient-1-8] DEBUG org.asynchttpclient.netty.handler.HttpHandler - 

Request DefaultFullHttpRequest(decodeResult: success, version: HTTP/1.1, content: EmptyByteBufBE)
GET /session/66b7071069f0744c98d7161116c08e59/element/d5a9ac10-111f-4ae8-b578-7c4bf4891ead/name HTTP/1.1
User-Agent: selenium/4.1.2 (java windows)
Cache-Control: no-cache
Content-Type: application/json; charset=utf-8
host: localhost:58766
accept: */*

Response DefaultHttpResponse(decodeResult: success, version: HTTP/1.1)
HTTP/1.1 200 OK
Content-Type: application/json; charset=utf-8
cache-control: no-cache
content-length: 13

21:56:07.160 [AsyncHttpClient-1-8] DEBUG org.asynchttpclient.netty.channel.ChannelManager - Adding key: http://localhost:58766 for channel [id: 0x396d69ec, L:/127.0.0.1:52368 - R:localhost/127.0.0.1:58766]
21:56:07.162 [Forwarding getElementTagName on session 66b7071069f0744c98d7161116c08e59 to remote] DEBUG org.asynchttpclient.netty.request.NettyRequestSender - Using pooled Channel '[id: 0x396d69ec, L:/127.0.0.1:52368 - R:localhost/127.0.0.1:58766]' for 'GET' to 'http://localhost:58766/session/66b7071069f0744c98d7161116c08e59/element/d5a9ac10-111f-4ae8-b578-7c4bf4891ead/name'
21:56:07.162 [Forwarding getElementTagName on session 66b7071069f0744c98d7161116c08e59 to remote] DEBUG org.asynchttpclient.netty.request.NettyRequestSender - Using open Channel [id: 0x396d69ec, L:/127.0.0.1:52368 - R:localhost/127.0.0.1:58766] for GET '/session/66b7071069f0744c98d7161116c08e59/element/d5a9ac10-111f-4ae8-b578-7c4bf4891ead/name'
21:56:07.167 [AsyncHttpClient-1-8] DEBUG org.asynchttpclient.netty.handler.HttpHandler - 

Request DefaultFullHttpRequest(decodeResult: success, version: HTTP/1.1, content: EmptyByteBufBE)
GET /session/66b7071069f0744c98d7161116c08e59/element/d5a9ac10-111f-4ae8-b578-7c4bf4891ead/name HTTP/1.1
User-Agent: selenium/4.1.2 (java windows)
Cache-Control: no-cache
Content-Type: application/json; charset=utf-8
host: localhost:58766
accept: */*

Response DefaultHttpResponse(decodeResult: success, version: HTTP/1.1)
HTTP/1.1 200 OK
Content-Type: application/json; charset=utf-8
cache-control: no-cache
content-length: 13

21:56:07.167 [AsyncHttpClient-1-8] DEBUG org.asynchttpclient.netty.channel.ChannelManager - Adding key: http://localhost:58766 for channel [id: 0x396d69ec, L:/127.0.0.1:52368 - R:localhost/127.0.0.1:58766]
21:56:07.170 [Forwarding findElement on session 66b7071069f0744c98d7161116c08e59 to remote] DEBUG org.asynchttpclient.netty.request.NettyRequestSender - Using pooled Channel '[id: 0x396d69ec, L:/127.0.0.1:52368 - R:localhost/127.0.0.1:58766]' for 'POST' to 'http://localhost:58766/session/66b7071069f0744c98d7161116c08e59/element'
21:56:07.170 [Forwarding findElement on session 66b7071069f0744c98d7161116c08e59 to remote] DEBUG org.asynchttpclient.netty.request.NettyRequestSender - Using open Channel [id: 0x396d69ec, L:/127.0.0.1:52368 - R:localhost/127.0.0.1:58766] for POST '/session/66b7071069f0744c98d7161116c08e59/element'
21:56:07.181 [AsyncHttpClient-1-8] DEBUG org.asynchttpclient.netty.handler.HttpHandler - 

Request DefaultHttpRequest(decodeResult: success, version: HTTP/1.1)
POST /session/66b7071069f0744c98d7161116c08e59/element HTTP/1.1
User-Agent: selenium/4.1.2 (java windows)
Content-Length: 93
Content-Type: application/json; charset=utf-8
host: localhost:58766
accept: */*

Response DefaultHttpResponse(decodeResult: success, version: HTTP/1.1)
HTTP/1.1 200 OK
Content-Type: application/json; charset=utf-8
cache-control: no-cache
content-length: 88

21:56:07.181 [AsyncHttpClient-1-8] DEBUG org.asynchttpclient.netty.channel.ChannelManager - Adding key: http://localhost:58766 for channel [id: 0x396d69ec, L:/127.0.0.1:52368 - R:localhost/127.0.0.1:58766]
21:56:07.183 [Forwarding clickElement on session 66b7071069f0744c98d7161116c08e59 to remote] DEBUG org.asynchttpclient.netty.request.NettyRequestSender - Using pooled Channel '[id: 0x396d69ec, L:/127.0.0.1:52368 - R:localhost/127.0.0.1:58766]' for 'POST' to 'http://localhost:58766/session/66b7071069f0744c98d7161116c08e59/element/d5a9ac10-111f-4ae8-b578-7c4bf4891ead/click'
21:56:07.183 [Forwarding clickElement on session 66b7071069f0744c98d7161116c08e59 to remote] DEBUG org.asynchttpclient.netty.request.NettyRequestSender - Using open Channel [id: 0x396d69ec, L:/127.0.0.1:52368 - R:localhost/127.0.0.1:58766] for POST '/session/66b7071069f0744c98d7161116c08e59/element/d5a9ac10-111f-4ae8-b578-7c4bf4891ead/click'
21:56:07.379 [AsyncHttpClient-1-1] DEBUG org.asynchttpclient.netty.channel.DefaultChannelPool - Entry count for : http://localhost:52369 : 1
21:56:08.485 [AsyncHttpClient-1-1] DEBUG org.asynchttpclient.netty.channel.DefaultChannelPool - Entry count for : http://localhost:52369 : 1
21:56:08.911 [AsyncHttpClient-1-8] DEBUG org.asynchttpclient.netty.handler.HttpHandler - 

Request DefaultHttpRequest(decodeResult: success, version: HTTP/1.1)
POST /session/66b7071069f0744c98d7161116c08e59/element/d5a9ac10-111f-4ae8-b578-7c4bf4891ead/click HTTP/1.1
User-Agent: selenium/4.1.2 (java windows)
Content-Length: 50
Content-Type: application/json; charset=utf-8
host: localhost:58766
accept: */*

Response DefaultHttpResponse(decodeResult: success, version: HTTP/1.1)
HTTP/1.1 200 OK
Content-Type: application/json; charset=utf-8
cache-control: no-cache
content-length: 14

21:56:08.911 [AsyncHttpClient-1-8] DEBUG org.asynchttpclient.netty.channel.ChannelManager - Adding key: http://localhost:58766 for channel [id: 0x396d69ec, L:/127.0.0.1:52368 - R:localhost/127.0.0.1:58766]
  &amp#27;[32mWhen &amp#27;[0m&amp#27;[32mI just click order button&amp#27;[0m     &amp#27;[90m# starter.stepdefinitions.OrderSteps.iJustClickOrderButton()&amp#27;[0m
21:56:08.933 [Forwarding screenshot on session 66b7071069f0744c98d7161116c08e59 to remote] DEBUG org.asynchttpclient.netty.request.NettyRequestSender - Using pooled Channel '[id: 0x396d69ec, L:/127.0.0.1:52368 - R:localhost/127.0.0.1:58766]' for 'GET' to 'http://localhost:58766/session/66b7071069f0744c98d7161116c08e59/screenshot'
21:56:08.934 [Forwarding screenshot on session 66b7071069f0744c98d7161116c08e59 to remote] DEBUG org.asynchttpclient.netty.request.NettyRequestSender - Using open Channel [id: 0x396d69ec, L:/127.0.0.1:52368 - R:localhost/127.0.0.1:58766] for GET '/session/66b7071069f0744c98d7161116c08e59/screenshot'
21:56:09.169 [AsyncHttpClient-1-8] DEBUG org.asynchttpclient.netty.handler.HttpHandler - 

Request DefaultFullHttpRequest(decodeResult: success, version: HTTP/1.1, content: EmptyByteBufBE)
GET /session/66b7071069f0744c98d7161116c08e59/screenshot HTTP/1.1
User-Agent: selenium/4.1.2 (java windows)
Cache-Control: no-cache
Content-Type: application/json; charset=utf-8
host: localhost:58766
accept: */*

Response DefaultHttpResponse(decodeResult: success, version: HTTP/1.1)
HTTP/1.1 200 OK
Content-Type: application/json; charset=utf-8
cache-control: no-cache
content-length: 17836

21:56:09.169 [AsyncHttpClient-1-8] DEBUG org.asynchttpclient.netty.channel.ChannelManager - Adding key: http://localhost:58766 for channel [id: 0x396d69ec, L:/127.0.0.1:52368 - R:localhost/127.0.0.1:58766]
21:56:09.171 [main] DEBUG net.serenitybdd.core.photography.Darkroom - Send negative for processing for target\site\serenity\1e32e35e407cf40f781eeb438321f76e7e366af6d0aa5750b6585f3156c1c508.png
21:56:09.171 [Darkroom Processing Line] DEBUG net.serenitybdd.core.photography.DarkroomProcessingLine - Processing screenshot image in /var/screenshots/screenshot-5154325627136175305
21:56:09.173 [Darkroom Processing Line] DEBUG net.serenitybdd.core.photography.DarkroomProcessingLine - Saving screenshot to target\site\serenity\1e32e35e407cf40f781eeb438321f76e7e366af6d0aa5750b6585f3156c1c508.png
21:56:09.187 [Forwarding findElement on session 66b7071069f0744c98d7161116c08e59 to remote] DEBUG org.asynchttpclient.netty.request.NettyRequestSender - Using pooled Channel '[id: 0x396d69ec, L:/127.0.0.1:52368 - R:localhost/127.0.0.1:58766]' for 'POST' to 'http://localhost:58766/session/66b7071069f0744c98d7161116c08e59/element'
21:56:09.187 [Forwarding findElement on session 66b7071069f0744c98d7161116c08e59 to remote] DEBUG org.asynchttpclient.netty.request.NettyRequestSender - Using open Channel [id: 0x396d69ec, L:/127.0.0.1:52368 - R:localhost/127.0.0.1:58766] for POST '/session/66b7071069f0744c98d7161116c08e59/element'
21:56:09.210 [AsyncHttpClient-1-8] DEBUG org.asynchttpclient.netty.handler.HttpHandler - 

Request DefaultHttpRequest(decodeResult: success, version: HTTP/1.1)
POST /session/66b7071069f0744c98d7161116c08e59/element HTTP/1.1
User-Agent: selenium/4.1.2 (java windows)
Content-Length: 130
Content-Type: application/json; charset=utf-8
host: localhost:58766
accept: */*

Response DefaultHttpResponse(decodeResult: success, version: HTTP/1.1)
HTTP/1.1 200 OK
Content-Type: application/json; charset=utf-8
cache-control: no-cache
content-length: 88

21:56:09.211 [AsyncHttpClient-1-8] DEBUG org.asynchttpclient.netty.channel.ChannelManager - Adding key: http://localhost:58766 for channel [id: 0x396d69ec, L:/127.0.0.1:52368 - R:localhost/127.0.0.1:58766]
21:56:09.215 [Forwarding isElementDisplayed on session 66b7071069f0744c98d7161116c08e59 to remote] DEBUG org.asynchttpclient.netty.request.NettyRequestSender - Using pooled Channel '[id: 0x396d69ec, L:/127.0.0.1:52368 - R:localhost/127.0.0.1:58766]' for 'POST' to 'http://localhost:58766/session/66b7071069f0744c98d7161116c08e59/execute/sync'
21:56:09.216 [Forwarding isElementDisplayed on session 66b7071069f0744c98d7161116c08e59 to remote] DEBUG org.asynchttpclient.netty.request.NettyRequestSender - Using open Channel [id: 0x396d69ec, L:/127.0.0.1:52368 - R:localhost/127.0.0.1:58766] for POST '/session/66b7071069f0744c98d7161116c08e59/execute/sync'
21:56:09.241 [AsyncHttpClient-1-8] DEBUG org.asynchttpclient.netty.handler.HttpHandler - 

Request DefaultHttpRequest(decodeResult: success, version: HTTP/1.1)
POST /session/66b7071069f0744c98d7161116c08e59/execute/sync HTTP/1.1
User-Agent: selenium/4.1.2 (java windows)
Content-Length: 48780
Content-Type: application/json; charset=utf-8
host: localhost:58766
accept: */*

Response DefaultHttpResponse(decodeResult: success, version: HTTP/1.1)
HTTP/1.1 200 OK
Content-Type: application/json; charset=utf-8
cache-control: no-cache
content-length: 14

21:56:09.241 [AsyncHttpClient-1-8] DEBUG org.asynchttpclient.netty.channel.ChannelManager - Adding key: http://localhost:58766 for channel [id: 0x396d69ec, L:/127.0.0.1:52368 - R:localhost/127.0.0.1:58766]
  &amp#27;[32mThen &amp#27;[0m&amp#27;[32mi get message order is empty!&amp#27;[0m &amp#27;[90m# starter.stepdefinitions.OrderSteps.iGetMessageOrderIsEmpty()&amp#27;[0m
21:56:09.247 [Forwarding screenshot on session 66b7071069f0744c98d7161116c08e59 to remote] DEBUG org.asynchttpclient.netty.request.NettyRequestSender - Using pooled Channel '[id: 0x396d69ec, L:/127.0.0.1:52368 - R:localhost/127.0.0.1:58766]' for 'GET' to 'http://localhost:58766/session/66b7071069f0744c98d7161116c08e59/screenshot'
21:56:09.247 [Forwarding screenshot on session 66b7071069f0744c98d7161116c08e59 to remote] DEBUG org.asynchttpclient.netty.request.NettyRequestSender - Using open Channel [id: 0x396d69ec, L:/127.0.0.1:52368 - R:localhost/127.0.0.1:58766] for GET '/session/66b7071069f0744c98d7161116c08e59/screenshot'
21:56:09.415 [AsyncHttpClient-1-8] DEBUG org.asynchttpclient.netty.handler.HttpHandler - 

Request DefaultFullHttpRequest(decodeResult: success, version: HTTP/1.1, content: EmptyByteBufBE)
GET /session/66b7071069f0744c98d7161116c08e59/screenshot HTTP/1.1
User-Agent: selenium/4.1.2 (java windows)
Cache-Control: no-cache
Content-Type: application/json; charset=utf-8
host: localhost:58766
accept: */*

Response DefaultHttpResponse(decodeResult: success, version: HTTP/1.1)
HTTP/1.1 200 OK
Content-Type: application/json; charset=utf-8
cache-control: no-cache
content-length: 16772

21:56:09.415 [AsyncHttpClient-1-8] DEBUG org.asynchttpclient.netty.channel.ChannelManager - Adding key: http://localhost:58766 for channel [id: 0x396d69ec, L:/127.0.0.1:52368 - R:localhost/127.0.0.1:58766]
21:56:09.416 [main] DEBUG net.serenitybdd.core.photography.Darkroom - Send negative for processing for target\site\serenity\c71858af78aa8adbb17652712eb08581cbf2431214d3fe3c9cb8278578fd66b8.png
21:56:09.417 [Darkroom Processing Line] DEBUG net.serenitybdd.core.photography.DarkroomProcessingLine - Processing screenshot image in /var/screenshots/screenshot-2186097034547372543
21:56:09.417 [Darkroom Processing Line] DEBUG net.serenitybdd.core.photography.DarkroomProcessingLine - Saving screenshot to target\site\serenity\c71858af78aa8adbb17652712eb08581cbf2431214d3fe3c9cb8278578fd66b8.png
21:56:09.418 [main] INFO  - 
  _____   ___   ___   _____     ___     _     ___   ___   ___   ___  
 |_   _| | __| / __| |_   _|   | _ \   /_\   / __| / __| | __| |   \ 
   | |   | _|  \__ \   | |     |  _/  / _ \  \__ \ \__ \ | _|  | |) |
   |_|   |___| |___/   |_|     |_|   /_/ \_\ |___/ |___/ |___| |___/ 

Order without add product
----------------------------------------------------------------------
21:56:09.420 [AsyncHttpClient-1-2] DEBUG org.asynchttpclient.netty.handler.WebSocketHandler - Channel Closed: [id: 0x3896fb91, L:/127.0.0.1:52376 ! R:localhost/127.0.0.1:52369] with attribute NettyResponseFuture{currentRetry=5,
	isDone=1,
	isCancelled=0,
	asyncHandler=org.asynchttpclient.ws.WebSocketUpgradeHandler@4d50107a,
	nettyRequest=org.asynchttpclient.netty.request.NettyRequest@4d6773c8,
	future=java.util.concurrent.CompletableFuture@1c2c27ba[Completed normally],
	uri=ws://localhost:52369/devtools/browser/fdbe5498-1659-4854-80b7-b51b124303b9,
	keepAlive=true,
	redirectCount=0,
	timeoutsHolder=null,
	inAuth=0,
	touch=1667573763885}
21:56:09.420 [AsyncHttpClient-1-2] DEBUG org.asynchttpclient.netty.channel.ChannelManager - Closing Channel [id: 0x3896fb91, L:/127.0.0.1:52376 ! R:localhost/127.0.0.1:52369] 
21:56:09.420 [Driver Command Executor] DEBUG org.asynchttpclient.netty.request.NettyRequestSender - Using pooled Channel '[id: 0x396d69ec, L:/127.0.0.1:52368 - R:localhost/127.0.0.1:58766]' for 'DELETE' to 'http://localhost:58766/session/66b7071069f0744c98d7161116c08e59'
21:56:09.420 [Driver Command Executor] DEBUG org.asynchttpclient.netty.request.NettyRequestSender - Using open Channel [id: 0x396d69ec, L:/127.0.0.1:52368 - R:localhost/127.0.0.1:58766] for DELETE '/session/66b7071069f0744c98d7161116c08e59'
21:56:09.580 [AsyncHttpClient-1-1] DEBUG org.asynchttpclient.netty.channel.DefaultChannelPool - Entry count for : http://localhost:52369 : 1
21:56:09.592 [AsyncHttpClient-1-9] DEBUG org.asynchttpclient.netty.handler.HttpHandler - Unexpected I/O exception on channel [id: 0xf3bb1a75, L:/127.0.0.1:52375 - R:localhost/127.0.0.1:52369]
java.io.IOException: An existing connection was forcibly closed by the remote host
	at java.base/sun.nio.ch.SocketDispatcher.read0(Native Method)
	at java.base/sun.nio.ch.SocketDispatcher.read(SocketDispatcher.java:43)
	at java.base/sun.nio.ch.IOUtil.readIntoNativeBuffer(IOUtil.java:276)
	at java.base/sun.nio.ch.IOUtil.read(IOUtil.java:233)
	at java.base/sun.nio.ch.IOUtil.read(IOUtil.java:223)
	at java.base/sun.nio.ch.SocketChannelImpl.read(SocketChannelImpl.java:358)
	at io.netty.buffer.PooledByteBuf.setBytes(PooledByteBuf.java:258)
	at io.netty.buffer.AbstractByteBuf.writeBytes(AbstractByteBuf.java:1132)
	at io.netty.channel.socket.nio.NioSocketChannel.doReadBytes(NioSocketChannel.java:350)
	at io.netty.channel.nio.AbstractNioByteChannel$NioByteUnsafe.read(AbstractNioByteChannel.java:151)
	at io.netty.channel.nio.NioEventLoop.processSelectedKey(NioEventLoop.java:722)
	at io.netty.channel.nio.NioEventLoop.processSelectedKeysOptimized(NioEventLoop.java:658)
	at io.netty.channel.nio.NioEventLoop.processSelectedKeys(NioEventLoop.java:584)
	at io.netty.channel.nio.NioEventLoop.run(NioEventLoop.java:496)
	at io.netty.util.concurrent.SingleThreadEventExecutor$4.run(SingleThreadEventExecutor.java:986)
	at io.netty.util.internal.ThreadExecutorMap$2.run(ThreadExecutorMap.java:74)
	at io.netty.util.concurrent.FastThreadLocalRunnable.run(FastThreadLocalRunnable.java:30)
	at java.base/java.lang.Thread.run(Thread.java:834)
21:56:09.592 [AsyncHttpClient-1-9] DEBUG org.asynchttpclient.netty.channel.ChannelManager - Closing Channel [id: 0xf3bb1a75, L:/127.0.0.1:52375 - R:localhost/127.0.0.1:52369] 
21:56:09.593 [AsyncHttpClient-1-9] DEBUG org.asynchttpclient.netty.handler.HttpHandler - Channel Closed: [id: 0xf3bb1a75, L:/127.0.0.1:52375 ! R:localhost/127.0.0.1:52369] with attribute DISCARD
21:56:09.629 [AsyncHttpClient-1-8] DEBUG org.asynchttpclient.netty.handler.HttpHandler - 

Request DefaultFullHttpRequest(decodeResult: success, version: HTTP/1.1, content: EmptyByteBufBE)
DELETE /session/66b7071069f0744c98d7161116c08e59 HTTP/1.1
User-Agent: selenium/4.1.2 (java windows)
Content-Type: application/json; charset=utf-8
host: localhost:58766
accept: */*

Response DefaultHttpResponse(decodeResult: success, version: HTTP/1.1)
HTTP/1.1 200 OK
Content-Type: application/json; charset=utf-8
cache-control: no-cache
content-length: 14

21:56:09.629 [AsyncHttpClient-1-8] DEBUG org.asynchttpclient.netty.channel.ChannelManager - Adding key: http://localhost:58766 for channel [id: 0x396d69ec, L:/127.0.0.1:52368 - R:localhost/127.0.0.1:58766]
21:56:09.723 [AsyncHttpClient-1-8] DEBUG org.asynchttpclient.netty.handler.HttpHandler - Channel Closed: [id: 0x396d69ec, L:/127.0.0.1:52368 ! R:localhost/127.0.0.1:58766] with attribute DISCARD
]]></system-out>
    <system-err><![CDATA[Starting ChromeDriver 106.0.5249.61 (511755355844955cd3e264779baf0dd38212a4d0-refs/branch-heads/5249@{#569}) on port 58766
Only local connections are allowed.
Please see https://chromedriver.chromium.org/security-considerations for suggestions on keeping ChromeDriver safe.
ChromeDriver was started successfully.
[1667573763.472][WARNING]: This version of ChromeDriver has not been tested with Chrome version 107.
Nov 04, 2022 9:56:03 PM org.openqa.selenium.remote.ProtocolHandshake createSession
INFO: Detected dialect: W3C
Nov 04, 2022 9:56:03 PM org.openqa.selenium.devtools.CdpVersionFinder findNearestMatch
WARNING: Unable to find an exact match for CDP version 107, so returning the closest version found: a no-op implementation
Nov 04, 2022 9:56:03 PM org.openqa.selenium.devtools.CdpVersionFinder findNearestMatch
INFO: Unable to find CDP implementation matching 107.
Nov 04, 2022 9:56:03 PM org.openqa.selenium.chromium.ChromiumDriver lambda$new$3
WARNING: Unable to find version of CDP to use for . You may need to include a dependency on a specific version of the CDP using something similar to `org.seleniumhq.selenium:selenium-devtools-v86:4.1.2` where the version ("v86") matches the version of the chromium-based browser you're using and the version number of the artifact is the same as Selenium's.
]]></system-err>
  </testcase>
  <testcase name="Login account #1" classname="Register" time="8.097">
    <system-out><![CDATA[21:56:09.821 [main] INFO io.cucumber.core.plugin.SerenityReporter - Running feature from file:///C:/Users/ACER/Documents/Mini_Proyek/test-web/src/test/resources/features/Register.feature
21:56:09.826 [main] DEBUG net.thucydides.core.steps.StepEventBus - Test suite started for story net.thucydides.core.model.Story@30e75088
21:56:09.827 [main] INFO  - Test Suite Started: Register

@Registers @Register
Scenario Outline: Login account                                        &amp#27;[90m# src/test/resources/features/Register.feature:15&amp#27;[0m
21:56:09.857 [main] INFO io.cucumber.core.plugin.SerenityReporter - Running feature from file:///C:/Users/ACER/Documents/Mini_Proyek/test-web/src/test/resources/features/Register.feature
21:56:09.868 [main] INFO  - 
  _____   ___   ___   _____     ___   _____     _     ___   _____   ___   ___  
 |_   _| | __| / __| |_   _|   / __| |_   _|   /_\   | _ \ |_   _| | __| |   \ 
   | |   | _|  \__ \   | |     \__ \   | |    / _ \  |   /   | |   | _|  | |) |
   |_|   |___| |___/   |_|     |___/   |_|   /_/ \_\ |_|_\   |_|   |___| |___/ 

Login account(register;login-account)
--------------------------------------------------------------------------------
21:56:11.123 [AsyncHttpClient-1-1] DEBUG org.asynchttpclient.netty.channel.DefaultChannelPool - Entry count for : http://localhost:58766 : 1
21:56:11.124 [AsyncHttpClient-1-1] DEBUG org.asynchttpclient.netty.channel.DefaultChannelPool - Entry count for : http://localhost:52369 : 1
21:56:11.124 [AsyncHttpClient-1-1] DEBUG org.asynchttpclient.netty.channel.DefaultChannelPool - Adding Candidate expired Channel [id: 0x396d69ec, L:/127.0.0.1:52368 ! R:localhost/127.0.0.1:58766] isIdleTimeoutExpired=false isRemotelyClosed=true isTtlExpired=false
21:56:11.124 [AsyncHttpClient-1-1] DEBUG org.asynchttpclient.netty.channel.DefaultChannelPool - Closing Idle Channel [id: 0x396d69ec, L:/127.0.0.1:52368 ! R:localhost/127.0.0.1:58766]
21:56:11.124 [AsyncHttpClient-1-1] DEBUG org.asynchttpclient.netty.channel.DefaultChannelPool - Adding Candidate expired Channel [id: 0xf3bb1a75, L:/127.0.0.1:52375 ! R:localhost/127.0.0.1:52369] isIdleTimeoutExpired=false isRemotelyClosed=true isTtlExpired=false
21:56:11.124 [AsyncHttpClient-1-1] DEBUG org.asynchttpclient.netty.channel.DefaultChannelPool - Closing Idle Channel [id: 0xf3bb1a75, L:/127.0.0.1:52375 ! R:localhost/127.0.0.1:52369]
21:56:11.124 [AsyncHttpClient-1-1] DEBUG org.asynchttpclient.netty.channel.DefaultChannelPool - Closed 2 connections out of 2 in 0 ms
21:56:12.040 [main] INFO net.serenitybdd.core.webdriver.driverproviders.ChromeDriverProvider - Using automatically driver download
21:56:12.346 [main] DEBUG io.github.bonigarcia.wdm.cache.ResolutionCache - Resolution chrome=107 in cache (valid until 22:53:45 04/11/2022 ICT)
21:56:12.353 [main] DEBUG io.github.bonigarcia.wdm.cache.ResolutionCache - Resolution chrome107=107.0.5304.62 in cache (valid until 21:53:45 05/11/2022 ICT)
21:56:12.358 [main] INFO io.github.bonigarcia.wdm.WebDriverManager - Using chromedriver 107.0.5304.62 (resolved driver for Chrome 107)
21:56:12.387 [main] DEBUG io.github.bonigarcia.wdm.WebDriverManager - Driver chromedriver 107.0.5304.62 found in cache
21:56:12.389 [main] INFO io.github.bonigarcia.wdm.WebDriverManager - Exporting webdriver.chrome.driver as C:\Users\ACER\.cache\selenium\chromedriver\win32\107.0.5304.62\chromedriver.exe
21:56:12.610 [main] DEBUG net.serenitybdd.core.webdriver.driverproviders.ProvideNewDriver - Instantiating driver
21:56:12.610 [main] DEBUG net.serenitybdd.core.webdriver.driverproviders.ProvideNewDriver - Driver capabilities: Capabilities {acceptInsecureCerts: false, base.url: https://alta-shop.vercel.app, browserName: chrome, chrome.driver: src/test/resources/webdrive..., driver: chrome, goog:chromeOptions: {args: [], extensions: []}, wait.for.timeout: 15000}
21:56:12.722 [AsyncHttpClient-1-3] DEBUG org.asynchttpclient.netty.channel.NettyConnectListener - Using new Channel '[id: 0xf775ddcc, L:/127.0.0.1:52393 - R:localhost/127.0.0.1:57860]' for 'POST' to '/session'
21:56:13.761 [AsyncHttpClient-1-3] DEBUG org.asynchttpclient.netty.handler.HttpHandler - 

Request DefaultHttpRequest(decodeResult: success, version: HTTP/1.1)
POST /session HTTP/1.1
User-Agent: selenium/4.1.2 (java windows)
Content-Length: 640
Content-Type: application/json; charset=utf-8
host: localhost:57860
accept: */*

Response DefaultHttpResponse(decodeResult: success, version: HTTP/1.1)
HTTP/1.1 200 OK
Content-Type: application/json; charset=utf-8
cache-control: no-cache
content-length: 786

21:56:13.761 [AsyncHttpClient-1-3] DEBUG org.asynchttpclient.netty.channel.ChannelManager - Adding key: http://localhost:57860 for channel [id: 0xf775ddcc, L:/127.0.0.1:52393 - R:localhost/127.0.0.1:57860]
21:56:13.775 [AsyncHttpClient-1-4] DEBUG org.asynchttpclient.netty.channel.NettyConnectListener - Using new Channel '[id: 0xd4aa85bf, L:/127.0.0.1:52399 - R:localhost/127.0.0.1:52394]' for 'GET' to '/json/version'
21:56:13.776 [AsyncHttpClient-1-4] DEBUG org.asynchttpclient.netty.handler.HttpHandler - 

Request DefaultFullHttpRequest(decodeResult: success, version: HTTP/1.1, content: EmptyByteBufBE)
GET /json/version HTTP/1.1
User-Agent: selenium/4.1.2 (java windows)
host: localhost:52394
accept: */*

Response DefaultHttpResponse(decodeResult: success, version: HTTP/1.1)
HTTP/1.1 200 OK
Content-Type: application/json; charset=UTF-8
content-length: 423

21:56:13.776 [AsyncHttpClient-1-4] DEBUG org.asynchttpclient.netty.channel.ChannelManager - Adding key: http://localhost:52394 for channel [id: 0xd4aa85bf, L:/127.0.0.1:52399 - R:localhost/127.0.0.1:52394]
21:56:13.781 [AsyncHttpClient-1-5] DEBUG org.asynchttpclient.netty.channel.NettyConnectListener - Using new Channel '[id: 0xd7fb15d0, L:/127.0.0.1:52400 - R:localhost/127.0.0.1:52394]' for 'GET' to '/devtools/browser/f0bb8e85-e91b-4058-849b-481f6d82d107'
21:56:13.782 [AsyncHttpClient-1-5] DEBUG org.asynchttpclient.netty.handler.WebSocketHandler - 

Request DefaultFullHttpRequest(decodeResult: success, version: HTTP/1.1, content: EmptyByteBufBE)
GET /devtools/browser/f0bb8e85-e91b-4058-849b-481f6d82d107 HTTP/1.1
upgrade: websocket
connection: upgrade
sec-websocket-key: BwezwfDkH/EMXq7ZKl/yEg==
sec-websocket-version: 13
origin: http://localhost:52394
host: localhost:52394
accept: */*
user-agent: AHC/2.1

Response DefaultHttpResponse(decodeResult: success, version: HTTP/1.1)
HTTP/1.1 101 WebSocket Protocol Handshake
Upgrade: WebSocket
Connection: Upgrade
Sec-WebSocket-Accept: 5qRR1SL2wTI3gE51JGJvxXG7YlY=

21:56:13.791 [Forwarding get on session 2db5c4ce601d6d909353059d08994c60 to remote] DEBUG org.asynchttpclient.netty.request.NettyRequestSender - Using pooled Channel '[id: 0xf775ddcc, L:/127.0.0.1:52393 - R:localhost/127.0.0.1:57860]' for 'POST' to 'http://localhost:57860/session/2db5c4ce601d6d909353059d08994c60/url'
21:56:13.792 [Forwarding get on session 2db5c4ce601d6d909353059d08994c60 to remote] DEBUG org.asynchttpclient.netty.request.NettyRequestSender - Using open Channel [id: 0xf775ddcc, L:/127.0.0.1:52393 - R:localhost/127.0.0.1:57860] for POST '/session/2db5c4ce601d6d909353059d08994c60/url'
21:56:14.394 [AsyncHttpClient-1-1] DEBUG org.asynchttpclient.netty.channel.DefaultChannelPool - Entry count for : http://localhost:52394 : 1
21:56:15.234 [AsyncHttpClient-1-3] DEBUG org.asynchttpclient.netty.handler.HttpHandler - 

Request DefaultHttpRequest(decodeResult: success, version: HTTP/1.1)
POST /session/2db5c4ce601d6d909353059d08994c60/url HTTP/1.1
User-Agent: selenium/4.1.2 (java windows)
Content-Length: 77
Content-Type: application/json; charset=utf-8
host: localhost:57860
accept: */*

Response DefaultHttpResponse(decodeResult: success, version: HTTP/1.1)
HTTP/1.1 200 OK
Content-Type: application/json; charset=utf-8
cache-control: no-cache
content-length: 14

21:56:15.234 [AsyncHttpClient-1-3] DEBUG org.asynchttpclient.netty.channel.ChannelManager - Adding key: http://localhost:57860 for channel [id: 0xf775ddcc, L:/127.0.0.1:52393 - R:localhost/127.0.0.1:57860]
21:56:15.236 [Forwarding setTimeout on session 2db5c4ce601d6d909353059d08994c60 to remote] DEBUG org.asynchttpclient.netty.request.NettyRequestSender - Using pooled Channel '[id: 0xf775ddcc, L:/127.0.0.1:52393 - R:localhost/127.0.0.1:57860]' for 'POST' to 'http://localhost:57860/session/2db5c4ce601d6d909353059d08994c60/timeouts'
21:56:15.236 [Forwarding setTimeout on session 2db5c4ce601d6d909353059d08994c60 to remote] DEBUG org.asynchttpclient.netty.request.NettyRequestSender - Using open Channel [id: 0xf775ddcc, L:/127.0.0.1:52393 - R:localhost/127.0.0.1:57860] for POST '/session/2db5c4ce601d6d909353059d08994c60/timeouts'
21:56:15.237 [AsyncHttpClient-1-3] DEBUG org.asynchttpclient.netty.handler.HttpHandler - 

Request DefaultHttpRequest(decodeResult: success, version: HTTP/1.1)
POST /session/2db5c4ce601d6d909353059d08994c60/timeouts HTTP/1.1
User-Agent: selenium/4.1.2 (java windows)
Content-Length: 22
Content-Type: application/json; charset=utf-8
host: localhost:57860
accept: */*

Response DefaultHttpResponse(decodeResult: success, version: HTTP/1.1)
HTTP/1.1 200 OK
Content-Type: application/json; charset=utf-8
cache-control: no-cache
content-length: 14

21:56:15.238 [AsyncHttpClient-1-3] DEBUG org.asynchttpclient.netty.channel.ChannelManager - Adding key: http://localhost:57860 for channel [id: 0xf775ddcc, L:/127.0.0.1:52393 - R:localhost/127.0.0.1:57860]
21:56:15.243 [Forwarding getCurrentUrl on session 2db5c4ce601d6d909353059d08994c60 to remote] DEBUG org.asynchttpclient.netty.request.NettyRequestSender - Using pooled Channel '[id: 0xf775ddcc, L:/127.0.0.1:52393 - R:localhost/127.0.0.1:57860]' for 'GET' to 'http://localhost:57860/session/2db5c4ce601d6d909353059d08994c60/url'
21:56:15.244 [Forwarding getCurrentUrl on session 2db5c4ce601d6d909353059d08994c60 to remote] DEBUG org.asynchttpclient.netty.request.NettyRequestSender - Using open Channel [id: 0xf775ddcc, L:/127.0.0.1:52393 - R:localhost/127.0.0.1:57860] for GET '/session/2db5c4ce601d6d909353059d08994c60/url'
21:56:15.252 [AsyncHttpClient-1-3] DEBUG org.asynchttpclient.netty.handler.HttpHandler - 

Request DefaultFullHttpRequest(decodeResult: success, version: HTTP/1.1, content: EmptyByteBufBE)
GET /session/2db5c4ce601d6d909353059d08994c60/url HTTP/1.1
User-Agent: selenium/4.1.2 (java windows)
Cache-Control: no-cache
Content-Type: application/json; charset=utf-8
host: localhost:57860
accept: */*

Response DefaultHttpResponse(decodeResult: success, version: HTTP/1.1)
HTTP/1.1 200 OK
Content-Type: application/json; charset=utf-8
cache-control: no-cache
content-length: 54

21:56:15.253 [AsyncHttpClient-1-3] DEBUG org.asynchttpclient.netty.channel.ChannelManager - Adding key: http://localhost:57860 for channel [id: 0xf775ddcc, L:/127.0.0.1:52393 - R:localhost/127.0.0.1:57860]
  &amp#27;[32mGiven &amp#27;[0m&amp#27;[32mI am on the register page&amp#27;[0m                                      &amp#27;[90m# starter.stepdefinitions.RegisterSteps.iAmOnTheRegisterPage()&amp#27;[0m
21:56:15.270 [main] DEBUG net.serenitybdd.core.photography.Darkroom - Opening darkroom
21:56:15.271 [Forwarding screenshot on session 2db5c4ce601d6d909353059d08994c60 to remote] DEBUG org.asynchttpclient.netty.request.NettyRequestSender - Using pooled Channel '[id: 0xf775ddcc, L:/127.0.0.1:52393 - R:localhost/127.0.0.1:57860]' for 'GET' to 'http://localhost:57860/session/2db5c4ce601d6d909353059d08994c60/screenshot'
21:56:15.271 [Forwarding screenshot on session 2db5c4ce601d6d909353059d08994c60 to remote] DEBUG org.asynchttpclient.netty.request.NettyRequestSender - Using open Channel [id: 0xf775ddcc, L:/127.0.0.1:52393 - R:localhost/127.0.0.1:57860] for GET '/session/2db5c4ce601d6d909353059d08994c60/screenshot'
21:56:15.289 [Darkroom Processing Line] DEBUG net.serenitybdd.core.photography.DarkroomProcessingLine - Darkroom processing line starting up
21:56:15.474 [AsyncHttpClient-1-1] DEBUG org.asynchttpclient.netty.channel.DefaultChannelPool - Entry count for : http://localhost:52394 : 1
21:56:15.787 [AsyncHttpClient-1-3] DEBUG org.asynchttpclient.netty.handler.HttpHandler - 

Request DefaultFullHttpRequest(decodeResult: success, version: HTTP/1.1, content: EmptyByteBufBE)
GET /session/2db5c4ce601d6d909353059d08994c60/screenshot HTTP/1.1
User-Agent: selenium/4.1.2 (java windows)
Cache-Control: no-cache
Content-Type: application/json; charset=utf-8
host: localhost:57860
accept: */*

Response DefaultHttpResponse(decodeResult: success, version: HTTP/1.1)
HTTP/1.1 200 OK
Content-Type: application/json; charset=utf-8
cache-control: no-cache
content-length: 27776

21:56:15.788 [AsyncHttpClient-1-3] DEBUG org.asynchttpclient.netty.channel.ChannelManager - Adding key: http://localhost:57860 for channel [id: 0xf775ddcc, L:/127.0.0.1:52393 - R:localhost/127.0.0.1:57860]
21:56:15.790 [main] DEBUG net.serenitybdd.core.photography.Darkroom - Send negative for processing for target\site\serenity\5614d7ac09ab28024b7794e4926fd62aaf1c4e177161628049e76cced9586992.png
21:56:15.790 [Darkroom Processing Line] DEBUG net.serenitybdd.core.photography.DarkroomProcessingLine - Processing screenshot image in /var/screenshots/screenshot-15583161867082276998
21:56:15.790 [Darkroom Processing Line] DEBUG net.serenitybdd.core.photography.DarkroomProcessingLine - Saving screenshot to target\site\serenity\5614d7ac09ab28024b7794e4926fd62aaf1c4e177161628049e76cced9586992.png
21:56:15.802 [Forwarding findElement on session 2db5c4ce601d6d909353059d08994c60 to remote] DEBUG org.asynchttpclient.netty.request.NettyRequestSender - Using pooled Channel '[id: 0xf775ddcc, L:/127.0.0.1:52393 - R:localhost/127.0.0.1:57860]' for 'POST' to 'http://localhost:57860/session/2db5c4ce601d6d909353059d08994c60/element'
21:56:15.802 [Forwarding findElement on session 2db5c4ce601d6d909353059d08994c60 to remote] DEBUG org.asynchttpclient.netty.request.NettyRequestSender - Using open Channel [id: 0xf775ddcc, L:/127.0.0.1:52393 - R:localhost/127.0.0.1:57860] for POST '/session/2db5c4ce601d6d909353059d08994c60/element'
21:56:15.819 [AsyncHttpClient-1-3] DEBUG org.asynchttpclient.netty.handler.HttpHandler - 

Request DefaultHttpRequest(decodeResult: success, version: HTTP/1.1)
POST /session/2db5c4ce601d6d909353059d08994c60/element HTTP/1.1
User-Agent: selenium/4.1.2 (java windows)
Content-Length: 95
Content-Type: application/json; charset=utf-8
host: localhost:57860
accept: */*

Response DefaultHttpResponse(decodeResult: success, version: HTTP/1.1)
HTTP/1.1 200 OK
Content-Type: application/json; charset=utf-8
cache-control: no-cache
content-length: 88

21:56:15.819 [AsyncHttpClient-1-3] DEBUG org.asynchttpclient.netty.channel.ChannelManager - Adding key: http://localhost:57860 for channel [id: 0xf775ddcc, L:/127.0.0.1:52393 - R:localhost/127.0.0.1:57860]
21:56:15.821 [Forwarding clearElement on session 2db5c4ce601d6d909353059d08994c60 to remote] DEBUG org.asynchttpclient.netty.request.NettyRequestSender - Using pooled Channel '[id: 0xf775ddcc, L:/127.0.0.1:52393 - R:localhost/127.0.0.1:57860]' for 'POST' to 'http://localhost:57860/session/2db5c4ce601d6d909353059d08994c60/element/22bbeb61-604d-4fb5-97e4-c8fadf5ec88a/clear'
21:56:15.821 [Forwarding clearElement on session 2db5c4ce601d6d909353059d08994c60 to remote] DEBUG org.asynchttpclient.netty.request.NettyRequestSender - Using open Channel [id: 0xf775ddcc, L:/127.0.0.1:52393 - R:localhost/127.0.0.1:57860] for POST '/session/2db5c4ce601d6d909353059d08994c60/element/22bbeb61-604d-4fb5-97e4-c8fadf5ec88a/clear'
21:56:15.870 [AsyncHttpClient-1-3] DEBUG org.asynchttpclient.netty.handler.HttpHandler - 

Request DefaultHttpRequest(decodeResult: success, version: HTTP/1.1)
POST /session/2db5c4ce601d6d909353059d08994c60/element/22bbeb61-604d-4fb5-97e4-c8fadf5ec88a/clear HTTP/1.1
User-Agent: selenium/4.1.2 (java windows)
Content-Length: 50
Content-Type: application/json; charset=utf-8
host: localhost:57860
accept: */*

Response DefaultHttpResponse(decodeResult: success, version: HTTP/1.1)
HTTP/1.1 200 OK
Content-Type: application/json; charset=utf-8
cache-control: no-cache
content-length: 14

21:56:15.870 [AsyncHttpClient-1-3] DEBUG org.asynchttpclient.netty.channel.ChannelManager - Adding key: http://localhost:57860 for channel [id: 0xf775ddcc, L:/127.0.0.1:52393 - R:localhost/127.0.0.1:57860]
21:56:15.872 [Forwarding sendKeysToElement on session 2db5c4ce601d6d909353059d08994c60 to remote] DEBUG org.asynchttpclient.netty.request.NettyRequestSender - Using pooled Channel '[id: 0xf775ddcc, L:/127.0.0.1:52393 - R:localhost/127.0.0.1:57860]' for 'POST' to 'http://localhost:57860/session/2db5c4ce601d6d909353059d08994c60/element/22bbeb61-604d-4fb5-97e4-c8fadf5ec88a/value'
21:56:15.872 [Forwarding sendKeysToElement on session 2db5c4ce601d6d909353059d08994c60 to remote] DEBUG org.asynchttpclient.netty.request.NettyRequestSender - Using open Channel [id: 0xf775ddcc, L:/127.0.0.1:52393 - R:localhost/127.0.0.1:57860] for POST '/session/2db5c4ce601d6d909353059d08994c60/element/22bbeb61-604d-4fb5-97e4-c8fadf5ec88a/value'
21:56:16.000 [AsyncHttpClient-1-3] DEBUG org.asynchttpclient.netty.handler.HttpHandler - 

Request DefaultHttpRequest(decodeResult: success, version: HTTP/1.1)
POST /session/2db5c4ce601d6d909353059d08994c60/element/22bbeb61-604d-4fb5-97e4-c8fadf5ec88a/value HTTP/1.1
User-Agent: selenium/4.1.2 (java windows)
Content-Length: 131
Content-Type: application/json; charset=utf-8
host: localhost:57860
accept: */*

Response DefaultHttpResponse(decodeResult: success, version: HTTP/1.1)
HTTP/1.1 200 OK
Content-Type: application/json; charset=utf-8
cache-control: no-cache
content-length: 14

21:56:16.000 [AsyncHttpClient-1-3] DEBUG org.asynchttpclient.netty.channel.ChannelManager - Adding key: http://localhost:57860 for channel [id: 0xf775ddcc, L:/127.0.0.1:52393 - R:localhost/127.0.0.1:57860]
21:56:16.006 [Forwarding findElement on session 2db5c4ce601d6d909353059d08994c60 to remote] DEBUG org.asynchttpclient.netty.request.NettyRequestSender - Using pooled Channel '[id: 0xf775ddcc, L:/127.0.0.1:52393 - R:localhost/127.0.0.1:57860]' for 'POST' to 'http://localhost:57860/session/2db5c4ce601d6d909353059d08994c60/element'
21:56:16.006 [Forwarding findElement on session 2db5c4ce601d6d909353059d08994c60 to remote] DEBUG org.asynchttpclient.netty.request.NettyRequestSender - Using open Channel [id: 0xf775ddcc, L:/127.0.0.1:52393 - R:localhost/127.0.0.1:57860] for POST '/session/2db5c4ce601d6d909353059d08994c60/element'
21:56:16.025 [AsyncHttpClient-1-3] DEBUG org.asynchttpclient.netty.handler.HttpHandler - 

Request DefaultHttpRequest(decodeResult: success, version: HTTP/1.1)
POST /session/2db5c4ce601d6d909353059d08994c60/element HTTP/1.1
User-Agent: selenium/4.1.2 (java windows)
Content-Length: 88
Content-Type: application/json; charset=utf-8
host: localhost:57860
accept: */*

Response DefaultHttpResponse(decodeResult: success, version: HTTP/1.1)
HTTP/1.1 200 OK
Content-Type: application/json; charset=utf-8
cache-control: no-cache
content-length: 88

21:56:16.025 [AsyncHttpClient-1-3] DEBUG org.asynchttpclient.netty.channel.ChannelManager - Adding key: http://localhost:57860 for channel [id: 0xf775ddcc, L:/127.0.0.1:52393 - R:localhost/127.0.0.1:57860]
21:56:16.026 [Forwarding clearElement on session 2db5c4ce601d6d909353059d08994c60 to remote] DEBUG org.asynchttpclient.netty.request.NettyRequestSender - Using pooled Channel '[id: 0xf775ddcc, L:/127.0.0.1:52393 - R:localhost/127.0.0.1:57860]' for 'POST' to 'http://localhost:57860/session/2db5c4ce601d6d909353059d08994c60/element/dc04590e-3527-4f15-9bff-30b3b12acf97/clear'
21:56:16.026 [Forwarding clearElement on session 2db5c4ce601d6d909353059d08994c60 to remote] DEBUG org.asynchttpclient.netty.request.NettyRequestSender - Using open Channel [id: 0xf775ddcc, L:/127.0.0.1:52393 - R:localhost/127.0.0.1:57860] for POST '/session/2db5c4ce601d6d909353059d08994c60/element/dc04590e-3527-4f15-9bff-30b3b12acf97/clear'
21:56:16.079 [AsyncHttpClient-1-3] DEBUG org.asynchttpclient.netty.handler.HttpHandler - 

Request DefaultHttpRequest(decodeResult: success, version: HTTP/1.1)
POST /session/2db5c4ce601d6d909353059d08994c60/element/dc04590e-3527-4f15-9bff-30b3b12acf97/clear HTTP/1.1
User-Agent: selenium/4.1.2 (java windows)
Content-Length: 50
Content-Type: application/json; charset=utf-8
host: localhost:57860
accept: */*

Response DefaultHttpResponse(decodeResult: success, version: HTTP/1.1)
HTTP/1.1 200 OK
Content-Type: application/json; charset=utf-8
cache-control: no-cache
content-length: 14

21:56:16.079 [AsyncHttpClient-1-3] DEBUG org.asynchttpclient.netty.channel.ChannelManager - Adding key: http://localhost:57860 for channel [id: 0xf775ddcc, L:/127.0.0.1:52393 - R:localhost/127.0.0.1:57860]
21:56:16.083 [Forwarding sendKeysToElement on session 2db5c4ce601d6d909353059d08994c60 to remote] DEBUG org.asynchttpclient.netty.request.NettyRequestSender - Using pooled Channel '[id: 0xf775ddcc, L:/127.0.0.1:52393 - R:localhost/127.0.0.1:57860]' for 'POST' to 'http://localhost:57860/session/2db5c4ce601d6d909353059d08994c60/element/dc04590e-3527-4f15-9bff-30b3b12acf97/value'
21:56:16.083 [Forwarding sendKeysToElement on session 2db5c4ce601d6d909353059d08994c60 to remote] DEBUG org.asynchttpclient.netty.request.NettyRequestSender - Using open Channel [id: 0xf775ddcc, L:/127.0.0.1:52393 - R:localhost/127.0.0.1:57860] for POST '/session/2db5c4ce601d6d909353059d08994c60/element/dc04590e-3527-4f15-9bff-30b3b12acf97/value'
21:56:16.188 [AsyncHttpClient-1-3] DEBUG org.asynchttpclient.netty.handler.HttpHandler - 

Request DefaultHttpRequest(decodeResult: success, version: HTTP/1.1)
POST /session/2db5c4ce601d6d909353059d08994c60/element/dc04590e-3527-4f15-9bff-30b3b12acf97/value HTTP/1.1
User-Agent: selenium/4.1.2 (java windows)
Content-Length: 111
Content-Type: application/json; charset=utf-8
host: localhost:57860
accept: */*

Response DefaultHttpResponse(decodeResult: success, version: HTTP/1.1)
HTTP/1.1 200 OK
Content-Type: application/json; charset=utf-8
cache-control: no-cache
content-length: 14

21:56:16.188 [AsyncHttpClient-1-3] DEBUG org.asynchttpclient.netty.channel.ChannelManager - Adding key: http://localhost:57860 for channel [id: 0xf775ddcc, L:/127.0.0.1:52393 - R:localhost/127.0.0.1:57860]
21:56:16.203 [Forwarding findElement on session 2db5c4ce601d6d909353059d08994c60 to remote] DEBUG org.asynchttpclient.netty.request.NettyRequestSender - Using pooled Channel '[id: 0xf775ddcc, L:/127.0.0.1:52393 - R:localhost/127.0.0.1:57860]' for 'POST' to 'http://localhost:57860/session/2db5c4ce601d6d909353059d08994c60/element'
21:56:16.203 [Forwarding findElement on session 2db5c4ce601d6d909353059d08994c60 to remote] DEBUG org.asynchttpclient.netty.request.NettyRequestSender - Using open Channel [id: 0xf775ddcc, L:/127.0.0.1:52393 - R:localhost/127.0.0.1:57860] for POST '/session/2db5c4ce601d6d909353059d08994c60/element'
21:56:16.242 [AsyncHttpClient-1-3] DEBUG org.asynchttpclient.netty.handler.HttpHandler - 

Request DefaultHttpRequest(decodeResult: success, version: HTTP/1.1)
POST /session/2db5c4ce601d6d909353059d08994c60/element HTTP/1.1
User-Agent: selenium/4.1.2 (java windows)
Content-Length: 97
Content-Type: application/json; charset=utf-8
host: localhost:57860
accept: */*

Response DefaultHttpResponse(decodeResult: success, version: HTTP/1.1)
HTTP/1.1 200 OK
Content-Type: application/json; charset=utf-8
cache-control: no-cache
content-length: 88

21:56:16.242 [AsyncHttpClient-1-3] DEBUG org.asynchttpclient.netty.channel.ChannelManager - Adding key: http://localhost:57860 for channel [id: 0xf775ddcc, L:/127.0.0.1:52393 - R:localhost/127.0.0.1:57860]
21:56:16.245 [Forwarding clearElement on session 2db5c4ce601d6d909353059d08994c60 to remote] DEBUG org.asynchttpclient.netty.request.NettyRequestSender - Using pooled Channel '[id: 0xf775ddcc, L:/127.0.0.1:52393 - R:localhost/127.0.0.1:57860]' for 'POST' to 'http://localhost:57860/session/2db5c4ce601d6d909353059d08994c60/element/3776859f-cdf8-4da8-9dca-a5afa7e2c1bc/clear'
21:56:16.245 [Forwarding clearElement on session 2db5c4ce601d6d909353059d08994c60 to remote] DEBUG org.asynchttpclient.netty.request.NettyRequestSender - Using open Channel [id: 0xf775ddcc, L:/127.0.0.1:52393 - R:localhost/127.0.0.1:57860] for POST '/session/2db5c4ce601d6d909353059d08994c60/element/3776859f-cdf8-4da8-9dca-a5afa7e2c1bc/clear'
21:56:16.318 [AsyncHttpClient-1-3] DEBUG org.asynchttpclient.netty.handler.HttpHandler - 

Request DefaultHttpRequest(decodeResult: success, version: HTTP/1.1)
POST /session/2db5c4ce601d6d909353059d08994c60/element/3776859f-cdf8-4da8-9dca-a5afa7e2c1bc/clear HTTP/1.1
User-Agent: selenium/4.1.2 (java windows)
Content-Length: 50
Content-Type: application/json; charset=utf-8
host: localhost:57860
accept: */*

Response DefaultHttpResponse(decodeResult: success, version: HTTP/1.1)
HTTP/1.1 200 OK
Content-Type: application/json; charset=utf-8
cache-control: no-cache
content-length: 14

21:56:16.318 [AsyncHttpClient-1-3] DEBUG org.asynchttpclient.netty.channel.ChannelManager - Adding key: http://localhost:57860 for channel [id: 0xf775ddcc, L:/127.0.0.1:52393 - R:localhost/127.0.0.1:57860]
21:56:16.321 [Forwarding sendKeysToElement on session 2db5c4ce601d6d909353059d08994c60 to remote] DEBUG org.asynchttpclient.netty.request.NettyRequestSender - Using pooled Channel '[id: 0xf775ddcc, L:/127.0.0.1:52393 - R:localhost/127.0.0.1:57860]' for 'POST' to 'http://localhost:57860/session/2db5c4ce601d6d909353059d08994c60/element/3776859f-cdf8-4da8-9dca-a5afa7e2c1bc/value'
21:56:16.321 [Forwarding sendKeysToElement on session 2db5c4ce601d6d909353059d08994c60 to remote] DEBUG org.asynchttpclient.netty.request.NettyRequestSender - Using open Channel [id: 0xf775ddcc, L:/127.0.0.1:52393 - R:localhost/127.0.0.1:57860] for POST '/session/2db5c4ce601d6d909353059d08994c60/element/3776859f-cdf8-4da8-9dca-a5afa7e2c1bc/value'
21:56:16.573 [AsyncHttpClient-1-1] DEBUG org.asynchttpclient.netty.channel.DefaultChannelPool - Entry count for : http://localhost:52394 : 1
21:56:16.588 [AsyncHttpClient-1-3] DEBUG org.asynchttpclient.netty.handler.HttpHandler - 

Request DefaultHttpRequest(decodeResult: success, version: HTTP/1.1)
POST /session/2db5c4ce601d6d909353059d08994c60/element/3776859f-cdf8-4da8-9dca-a5afa7e2c1bc/value HTTP/1.1
User-Agent: selenium/4.1.2 (java windows)
Content-Length: 191
Content-Type: application/json; charset=utf-8
host: localhost:57860
accept: */*

Response DefaultHttpResponse(decodeResult: success, version: HTTP/1.1)
HTTP/1.1 200 OK
Content-Type: application/json; charset=utf-8
cache-control: no-cache
content-length: 14

21:56:16.588 [AsyncHttpClient-1-3] DEBUG org.asynchttpclient.netty.channel.ChannelManager - Adding key: http://localhost:57860 for channel [id: 0xf775ddcc, L:/127.0.0.1:52393 - R:localhost/127.0.0.1:57860]
  &amp#27;[32mWhen &amp#27;[0m&amp#27;[32mI input &amp#27;[0m&amp#27;[32m&amp#27;[1m"wilda"&amp#27;[0m&amp#27;[32m fullname &amp#27;[0m&amp#27;[32m&amp#27;[1m"aaa"&amp#27;[0m&amp#27;[32m email and &amp#27;[0m&amp#27;[32m&amp#27;[1m"Pasword!123"&amp#27;[0m&amp#27;[32m password&amp#27;[0m &amp#27;[90m# starter.stepdefinitions.RegisterSteps.iInputFullnameEmailAndPassword(java.lang.String,java.lang.String,java.lang.String)&amp#27;[0m
21:56:16.601 [Forwarding screenshot on session 2db5c4ce601d6d909353059d08994c60 to remote] DEBUG org.asynchttpclient.netty.request.NettyRequestSender - Using pooled Channel '[id: 0xf775ddcc, L:/127.0.0.1:52393 - R:localhost/127.0.0.1:57860]' for 'GET' to 'http://localhost:57860/session/2db5c4ce601d6d909353059d08994c60/screenshot'
21:56:16.602 [Forwarding screenshot on session 2db5c4ce601d6d909353059d08994c60 to remote] DEBUG org.asynchttpclient.netty.request.NettyRequestSender - Using open Channel [id: 0xf775ddcc, L:/127.0.0.1:52393 - R:localhost/127.0.0.1:57860] for GET '/session/2db5c4ce601d6d909353059d08994c60/screenshot'
21:56:16.798 [AsyncHttpClient-1-3] DEBUG org.asynchttpclient.netty.handler.HttpHandler - 

Request DefaultFullHttpRequest(decodeResult: success, version: HTTP/1.1, content: EmptyByteBufBE)
GET /session/2db5c4ce601d6d909353059d08994c60/screenshot HTTP/1.1
User-Agent: selenium/4.1.2 (java windows)
Cache-Control: no-cache
Content-Type: application/json; charset=utf-8
host: localhost:57860
accept: */*

Response DefaultHttpResponse(decodeResult: success, version: HTTP/1.1)
HTTP/1.1 200 OK
Content-Type: application/json; charset=utf-8
cache-control: no-cache
content-length: 31552

21:56:16.799 [AsyncHttpClient-1-3] DEBUG org.asynchttpclient.netty.channel.ChannelManager - Adding key: http://localhost:57860 for channel [id: 0xf775ddcc, L:/127.0.0.1:52393 - R:localhost/127.0.0.1:57860]
21:56:16.801 [main] DEBUG net.serenitybdd.core.photography.Darkroom - Send negative for processing for target\site\serenity\fd5305fe61297f1c854f003da963887434554bb67a13d75562e69078c6996b18.png
21:56:16.801 [Darkroom Processing Line] DEBUG net.serenitybdd.core.photography.DarkroomProcessingLine - Processing screenshot image in /var/screenshots/screenshot-10956712334609801946
21:56:16.801 [Darkroom Processing Line] DEBUG net.serenitybdd.core.photography.DarkroomProcessingLine - Saving screenshot to target\site\serenity\fd5305fe61297f1c854f003da963887434554bb67a13d75562e69078c6996b18.png
21:56:16.811 [Forwarding findElement on session 2db5c4ce601d6d909353059d08994c60 to remote] DEBUG org.asynchttpclient.netty.request.NettyRequestSender - Using pooled Channel '[id: 0xf775ddcc, L:/127.0.0.1:52393 - R:localhost/127.0.0.1:57860]' for 'POST' to 'http://localhost:57860/session/2db5c4ce601d6d909353059d08994c60/element'
21:56:16.811 [Forwarding findElement on session 2db5c4ce601d6d909353059d08994c60 to remote] DEBUG org.asynchttpclient.netty.request.NettyRequestSender - Using open Channel [id: 0xf775ddcc, L:/127.0.0.1:52393 - R:localhost/127.0.0.1:57860] for POST '/session/2db5c4ce601d6d909353059d08994c60/element'
21:56:16.830 [AsyncHttpClient-1-3] DEBUG org.asynchttpclient.netty.handler.HttpHandler - 

Request DefaultHttpRequest(decodeResult: success, version: HTTP/1.1)
POST /session/2db5c4ce601d6d909353059d08994c60/element HTTP/1.1
User-Agent: selenium/4.1.2 (java windows)
Content-Length: 86
Content-Type: application/json; charset=utf-8
host: localhost:57860
accept: */*

Response DefaultHttpResponse(decodeResult: success, version: HTTP/1.1)
HTTP/1.1 200 OK
Content-Type: application/json; charset=utf-8
cache-control: no-cache
content-length: 88

21:56:16.830 [AsyncHttpClient-1-3] DEBUG org.asynchttpclient.netty.channel.ChannelManager - Adding key: http://localhost:57860 for channel [id: 0xf775ddcc, L:/127.0.0.1:52393 - R:localhost/127.0.0.1:57860]
21:56:16.832 [Forwarding getElementTagName on session 2db5c4ce601d6d909353059d08994c60 to remote] DEBUG org.asynchttpclient.netty.request.NettyRequestSender - Using pooled Channel '[id: 0xf775ddcc, L:/127.0.0.1:52393 - R:localhost/127.0.0.1:57860]' for 'GET' to 'http://localhost:57860/session/2db5c4ce601d6d909353059d08994c60/element/45293036-037a-4a56-9492-9759131038e5/name'
21:56:16.832 [Forwarding getElementTagName on session 2db5c4ce601d6d909353059d08994c60 to remote] DEBUG org.asynchttpclient.netty.request.NettyRequestSender - Using open Channel [id: 0xf775ddcc, L:/127.0.0.1:52393 - R:localhost/127.0.0.1:57860] for GET '/session/2db5c4ce601d6d909353059d08994c60/element/45293036-037a-4a56-9492-9759131038e5/name'
21:56:16.838 [AsyncHttpClient-1-3] DEBUG org.asynchttpclient.netty.handler.HttpHandler - 

Request DefaultFullHttpRequest(decodeResult: success, version: HTTP/1.1, content: EmptyByteBufBE)
GET /session/2db5c4ce601d6d909353059d08994c60/element/45293036-037a-4a56-9492-9759131038e5/name HTTP/1.1
User-Agent: selenium/4.1.2 (java windows)
Cache-Control: no-cache
Content-Type: application/json; charset=utf-8
host: localhost:57860
accept: */*

Response DefaultHttpResponse(decodeResult: success, version: HTTP/1.1)
HTTP/1.1 200 OK
Content-Type: application/json; charset=utf-8
cache-control: no-cache
content-length: 16

21:56:16.838 [AsyncHttpClient-1-3] DEBUG org.asynchttpclient.netty.channel.ChannelManager - Adding key: http://localhost:57860 for channel [id: 0xf775ddcc, L:/127.0.0.1:52393 - R:localhost/127.0.0.1:57860]
21:56:16.840 [Forwarding getElementTagName on session 2db5c4ce601d6d909353059d08994c60 to remote] DEBUG org.asynchttpclient.netty.request.NettyRequestSender - Using pooled Channel '[id: 0xf775ddcc, L:/127.0.0.1:52393 - R:localhost/127.0.0.1:57860]' for 'GET' to 'http://localhost:57860/session/2db5c4ce601d6d909353059d08994c60/element/45293036-037a-4a56-9492-9759131038e5/name'
21:56:16.840 [Forwarding getElementTagName on session 2db5c4ce601d6d909353059d08994c60 to remote] DEBUG org.asynchttpclient.netty.request.NettyRequestSender - Using open Channel [id: 0xf775ddcc, L:/127.0.0.1:52393 - R:localhost/127.0.0.1:57860] for GET '/session/2db5c4ce601d6d909353059d08994c60/element/45293036-037a-4a56-9492-9759131038e5/name'
21:56:16.845 [AsyncHttpClient-1-3] DEBUG org.asynchttpclient.netty.handler.HttpHandler - 

Request DefaultFullHttpRequest(decodeResult: success, version: HTTP/1.1, content: EmptyByteBufBE)
GET /session/2db5c4ce601d6d909353059d08994c60/element/45293036-037a-4a56-9492-9759131038e5/name HTTP/1.1
User-Agent: selenium/4.1.2 (java windows)
Cache-Control: no-cache
Content-Type: application/json; charset=utf-8
host: localhost:57860
accept: */*

Response DefaultHttpResponse(decodeResult: success, version: HTTP/1.1)
HTTP/1.1 200 OK
Content-Type: application/json; charset=utf-8
cache-control: no-cache
content-length: 16

21:56:16.845 [AsyncHttpClient-1-3] DEBUG org.asynchttpclient.netty.channel.ChannelManager - Adding key: http://localhost:57860 for channel [id: 0xf775ddcc, L:/127.0.0.1:52393 - R:localhost/127.0.0.1:57860]
21:56:16.849 [Forwarding findElement on session 2db5c4ce601d6d909353059d08994c60 to remote] DEBUG org.asynchttpclient.netty.request.NettyRequestSender - Using pooled Channel '[id: 0xf775ddcc, L:/127.0.0.1:52393 - R:localhost/127.0.0.1:57860]' for 'POST' to 'http://localhost:57860/session/2db5c4ce601d6d909353059d08994c60/element'
21:56:16.849 [Forwarding findElement on session 2db5c4ce601d6d909353059d08994c60 to remote] DEBUG org.asynchttpclient.netty.request.NettyRequestSender - Using open Channel [id: 0xf775ddcc, L:/127.0.0.1:52393 - R:localhost/127.0.0.1:57860] for POST '/session/2db5c4ce601d6d909353059d08994c60/element'
21:56:16.859 [AsyncHttpClient-1-3] DEBUG org.asynchttpclient.netty.handler.HttpHandler - 

Request DefaultHttpRequest(decodeResult: success, version: HTTP/1.1)
POST /session/2db5c4ce601d6d909353059d08994c60/element HTTP/1.1
User-Agent: selenium/4.1.2 (java windows)
Content-Length: 86
Content-Type: application/json; charset=utf-8
host: localhost:57860
accept: */*

Response DefaultHttpResponse(decodeResult: success, version: HTTP/1.1)
HTTP/1.1 200 OK
Content-Type: application/json; charset=utf-8
cache-control: no-cache
content-length: 88

21:56:16.859 [AsyncHttpClient-1-3] DEBUG org.asynchttpclient.netty.channel.ChannelManager - Adding key: http://localhost:57860 for channel [id: 0xf775ddcc, L:/127.0.0.1:52393 - R:localhost/127.0.0.1:57860]
21:56:16.861 [Forwarding clickElement on session 2db5c4ce601d6d909353059d08994c60 to remote] DEBUG org.asynchttpclient.netty.request.NettyRequestSender - Using pooled Channel '[id: 0xf775ddcc, L:/127.0.0.1:52393 - R:localhost/127.0.0.1:57860]' for 'POST' to 'http://localhost:57860/session/2db5c4ce601d6d909353059d08994c60/element/45293036-037a-4a56-9492-9759131038e5/click'
21:56:16.861 [Forwarding clickElement on session 2db5c4ce601d6d909353059d08994c60 to remote] DEBUG org.asynchttpclient.netty.request.NettyRequestSender - Using open Channel [id: 0xf775ddcc, L:/127.0.0.1:52393 - R:localhost/127.0.0.1:57860] for POST '/session/2db5c4ce601d6d909353059d08994c60/element/45293036-037a-4a56-9492-9759131038e5/click'
21:56:16.952 [AsyncHttpClient-1-3] DEBUG org.asynchttpclient.netty.handler.HttpHandler - 

Request DefaultHttpRequest(decodeResult: success, version: HTTP/1.1)
POST /session/2db5c4ce601d6d909353059d08994c60/element/45293036-037a-4a56-9492-9759131038e5/click HTTP/1.1
User-Agent: selenium/4.1.2 (java windows)
Content-Length: 50
Content-Type: application/json; charset=utf-8
host: localhost:57860
accept: */*

Response DefaultHttpResponse(decodeResult: success, version: HTTP/1.1)
HTTP/1.1 200 OK
Content-Type: application/json; charset=utf-8
cache-control: no-cache
content-length: 14

21:56:16.952 [AsyncHttpClient-1-3] DEBUG org.asynchttpclient.netty.channel.ChannelManager - Adding key: http://localhost:57860 for channel [id: 0xf775ddcc, L:/127.0.0.1:52393 - R:localhost/127.0.0.1:57860]
  &amp#27;[32mAnd &amp#27;[0m&amp#27;[32mI click register button&amp#27;[0m                                          &amp#27;[90m# starter.stepdefinitions.RegisterSteps.iClickRegisterButton()&amp#27;[0m
21:56:16.959 [Forwarding screenshot on session 2db5c4ce601d6d909353059d08994c60 to remote] DEBUG org.asynchttpclient.netty.request.NettyRequestSender - Using pooled Channel '[id: 0xf775ddcc, L:/127.0.0.1:52393 - R:localhost/127.0.0.1:57860]' for 'GET' to 'http://localhost:57860/session/2db5c4ce601d6d909353059d08994c60/screenshot'
21:56:16.959 [Forwarding screenshot on session 2db5c4ce601d6d909353059d08994c60 to remote] DEBUG org.asynchttpclient.netty.request.NettyRequestSender - Using open Channel [id: 0xf775ddcc, L:/127.0.0.1:52393 - R:localhost/127.0.0.1:57860] for GET '/session/2db5c4ce601d6d909353059d08994c60/screenshot'
21:56:17.241 [AsyncHttpClient-1-3] DEBUG org.asynchttpclient.netty.handler.HttpHandler - 

Request DefaultFullHttpRequest(decodeResult: success, version: HTTP/1.1, content: EmptyByteBufBE)
GET /session/2db5c4ce601d6d909353059d08994c60/screenshot HTTP/1.1
User-Agent: selenium/4.1.2 (java windows)
Cache-Control: no-cache
Content-Type: application/json; charset=utf-8
host: localhost:57860
accept: */*

Response DefaultHttpResponse(decodeResult: success, version: HTTP/1.1)
HTTP/1.1 200 OK
Content-Type: application/json; charset=utf-8
cache-control: no-cache
content-length: 30952

21:56:17.242 [AsyncHttpClient-1-3] DEBUG org.asynchttpclient.netty.channel.ChannelManager - Adding key: http://localhost:57860 for channel [id: 0xf775ddcc, L:/127.0.0.1:52393 - R:localhost/127.0.0.1:57860]
21:56:17.243 [main] DEBUG net.serenitybdd.core.photography.Darkroom - Send negative for processing for target\site\serenity\89afc7cf4c864920d863cb173ece065382b30b41f505ca043d8c38fecec945ca.png
21:56:17.244 [Darkroom Processing Line] DEBUG net.serenitybdd.core.photography.DarkroomProcessingLine - Processing screenshot image in /var/screenshots/screenshot-18350081584392926545
21:56:17.244 [Darkroom Processing Line] DEBUG net.serenitybdd.core.photography.DarkroomProcessingLine - Saving screenshot to target\site\serenity\89afc7cf4c864920d863cb173ece065382b30b41f505ca043d8c38fecec945ca.png
21:56:17.255 [Forwarding findElement on session 2db5c4ce601d6d909353059d08994c60 to remote] DEBUG org.asynchttpclient.netty.request.NettyRequestSender - Using pooled Channel '[id: 0xf775ddcc, L:/127.0.0.1:52393 - R:localhost/127.0.0.1:57860]' for 'POST' to 'http://localhost:57860/session/2db5c4ce601d6d909353059d08994c60/element'
21:56:17.255 [Forwarding findElement on session 2db5c4ce601d6d909353059d08994c60 to remote] DEBUG org.asynchttpclient.netty.request.NettyRequestSender - Using open Channel [id: 0xf775ddcc, L:/127.0.0.1:52393 - R:localhost/127.0.0.1:57860] for POST '/session/2db5c4ce601d6d909353059d08994c60/element'
21:56:17.272 [AsyncHttpClient-1-3] DEBUG org.asynchttpclient.netty.handler.HttpHandler - 

Request DefaultHttpRequest(decodeResult: success, version: HTTP/1.1)
POST /session/2db5c4ce601d6d909353059d08994c60/element HTTP/1.1
User-Agent: selenium/4.1.2 (java windows)
Content-Length: 76
Content-Type: application/json; charset=utf-8
host: localhost:57860
accept: */*

Response DefaultHttpResponse(decodeResult: success, version: HTTP/1.1)
HTTP/1.1 200 OK
Content-Type: application/json; charset=utf-8
cache-control: no-cache
content-length: 88

21:56:17.272 [AsyncHttpClient-1-3] DEBUG org.asynchttpclient.netty.channel.ChannelManager - Adding key: http://localhost:57860 for channel [id: 0xf775ddcc, L:/127.0.0.1:52393 - R:localhost/127.0.0.1:57860]
21:56:17.276 [Forwarding isElementDisplayed on session 2db5c4ce601d6d909353059d08994c60 to remote] DEBUG org.asynchttpclient.netty.request.NettyRequestSender - Using pooled Channel '[id: 0xf775ddcc, L:/127.0.0.1:52393 - R:localhost/127.0.0.1:57860]' for 'POST' to 'http://localhost:57860/session/2db5c4ce601d6d909353059d08994c60/execute/sync'
21:56:17.276 [Forwarding isElementDisplayed on session 2db5c4ce601d6d909353059d08994c60 to remote] DEBUG org.asynchttpclient.netty.request.NettyRequestSender - Using open Channel [id: 0xf775ddcc, L:/127.0.0.1:52393 - R:localhost/127.0.0.1:57860] for POST '/session/2db5c4ce601d6d909353059d08994c60/execute/sync'
21:56:17.300 [AsyncHttpClient-1-3] DEBUG org.asynchttpclient.netty.handler.HttpHandler - 

Request DefaultHttpRequest(decodeResult: success, version: HTTP/1.1)
POST /session/2db5c4ce601d6d909353059d08994c60/execute/sync HTTP/1.1
User-Agent: selenium/4.1.2 (java windows)
Content-Length: 48780
Content-Type: application/json; charset=utf-8
host: localhost:57860
accept: */*

Response DefaultHttpResponse(decodeResult: success, version: HTTP/1.1)
HTTP/1.1 200 OK
Content-Type: application/json; charset=utf-8
cache-control: no-cache
content-length: 14

21:56:17.300 [AsyncHttpClient-1-3] DEBUG org.asynchttpclient.netty.channel.ChannelManager - Adding key: http://localhost:57860 for channel [id: 0xf775ddcc, L:/127.0.0.1:52393 - R:localhost/127.0.0.1:57860]
  &amp#27;[32mThen &amp#27;[0m&amp#27;[32mI can &amp#27;[0m&amp#27;[32m&amp#27;[1m"succes"&amp#27;[0m&amp#27;[32m regist account&amp#27;[0m                                   &amp#27;[90m# starter.stepdefinitions.RegisterSteps.iCanRegistAccount(java.lang.String)&amp#27;[0m
21:56:17.306 [Forwarding screenshot on session 2db5c4ce601d6d909353059d08994c60 to remote] DEBUG org.asynchttpclient.netty.request.NettyRequestSender - Using pooled Channel '[id: 0xf775ddcc, L:/127.0.0.1:52393 - R:localhost/127.0.0.1:57860]' for 'GET' to 'http://localhost:57860/session/2db5c4ce601d6d909353059d08994c60/screenshot'
21:56:17.306 [Forwarding screenshot on session 2db5c4ce601d6d909353059d08994c60 to remote] DEBUG org.asynchttpclient.netty.request.NettyRequestSender - Using open Channel [id: 0xf775ddcc, L:/127.0.0.1:52393 - R:localhost/127.0.0.1:57860] for GET '/session/2db5c4ce601d6d909353059d08994c60/screenshot'
21:56:17.503 [AsyncHttpClient-1-3] DEBUG org.asynchttpclient.netty.handler.HttpHandler - 

Request DefaultFullHttpRequest(decodeResult: success, version: HTTP/1.1, content: EmptyByteBufBE)
GET /session/2db5c4ce601d6d909353059d08994c60/screenshot HTTP/1.1
User-Agent: selenium/4.1.2 (java windows)
Cache-Control: no-cache
Content-Type: application/json; charset=utf-8
host: localhost:57860
accept: */*

Response DefaultHttpResponse(decodeResult: success, version: HTTP/1.1)
HTTP/1.1 200 OK
Content-Type: application/json; charset=utf-8
cache-control: no-cache
content-length: 30060

21:56:17.503 [AsyncHttpClient-1-3] DEBUG org.asynchttpclient.netty.channel.ChannelManager - Adding key: http://localhost:57860 for channel [id: 0xf775ddcc, L:/127.0.0.1:52393 - R:localhost/127.0.0.1:57860]
21:56:17.505 [main] DEBUG net.serenitybdd.core.photography.Darkroom - Send negative for processing for target\site\serenity\d2ce985af65816e05216630d9c97b8c6af678d9620675f2e84464458393067fa.png
21:56:17.505 [Darkroom Processing Line] DEBUG net.serenitybdd.core.photography.DarkroomProcessingLine - Processing screenshot image in /var/screenshots/screenshot-11063694349935604662
21:56:17.505 [Darkroom Processing Line] DEBUG net.serenitybdd.core.photography.DarkroomProcessingLine - Saving screenshot to target\site\serenity\d2ce985af65816e05216630d9c97b8c6af678d9620675f2e84464458393067fa.png
21:56:17.515 [AsyncHttpClient-1-5] DEBUG org.asynchttpclient.netty.handler.WebSocketHandler - Channel Closed: [id: 0xd7fb15d0, L:/127.0.0.1:52400 ! R:localhost/127.0.0.1:52394] with attribute NettyResponseFuture{currentRetry=5,
	isDone=1,
	isCancelled=0,
	asyncHandler=org.asynchttpclient.ws.WebSocketUpgradeHandler@2a84b996,
	nettyRequest=org.asynchttpclient.netty.request.NettyRequest@7a468426,
	future=java.util.concurrent.CompletableFuture@696d2bdd[Completed normally],
	uri=ws://localhost:52394/devtools/browser/f0bb8e85-e91b-4058-849b-481f6d82d107,
	keepAlive=true,
	redirectCount=0,
	timeoutsHolder=null,
	inAuth=0,
	touch=1667573773782}
21:56:17.515 [AsyncHttpClient-1-5] DEBUG org.asynchttpclient.netty.channel.ChannelManager - Closing Channel [id: 0xd7fb15d0, L:/127.0.0.1:52400 ! R:localhost/127.0.0.1:52394] 
21:56:17.515 [Driver Command Executor] DEBUG org.asynchttpclient.netty.request.NettyRequestSender - Using pooled Channel '[id: 0xf775ddcc, L:/127.0.0.1:52393 - R:localhost/127.0.0.1:57860]' for 'DELETE' to 'http://localhost:57860/session/2db5c4ce601d6d909353059d08994c60'
21:56:17.516 [Driver Command Executor] DEBUG org.asynchttpclient.netty.request.NettyRequestSender - Using open Channel [id: 0xf775ddcc, L:/127.0.0.1:52393 - R:localhost/127.0.0.1:57860] for DELETE '/session/2db5c4ce601d6d909353059d08994c60'
21:56:17.552 [AsyncHttpClient-1-4] DEBUG org.asynchttpclient.netty.handler.HttpHandler - Unexpected I/O exception on channel [id: 0xd4aa85bf, L:/127.0.0.1:52399 - R:localhost/127.0.0.1:52394]
java.io.IOException: An existing connection was forcibly closed by the remote host
	at java.base/sun.nio.ch.SocketDispatcher.read0(Native Method)
	at java.base/sun.nio.ch.SocketDispatcher.read(SocketDispatcher.java:43)
	at java.base/sun.nio.ch.IOUtil.readIntoNativeBuffer(IOUtil.java:276)
	at java.base/sun.nio.ch.IOUtil.read(IOUtil.java:233)
	at java.base/sun.nio.ch.IOUtil.read(IOUtil.java:223)
	at java.base/sun.nio.ch.SocketChannelImpl.read(SocketChannelImpl.java:358)
	at io.netty.buffer.PooledByteBuf.setBytes(PooledByteBuf.java:258)
	at io.netty.buffer.AbstractByteBuf.writeBytes(AbstractByteBuf.java:1132)
	at io.netty.channel.socket.nio.NioSocketChannel.doReadBytes(NioSocketChannel.java:350)
	at io.netty.channel.nio.AbstractNioByteChannel$NioByteUnsafe.read(AbstractNioByteChannel.java:151)
	at io.netty.channel.nio.NioEventLoop.processSelectedKey(NioEventLoop.java:722)
	at io.netty.channel.nio.NioEventLoop.processSelectedKeysOptimized(NioEventLoop.java:658)
	at io.netty.channel.nio.NioEventLoop.processSelectedKeys(NioEventLoop.java:584)
	at io.netty.channel.nio.NioEventLoop.run(NioEventLoop.java:496)
	at io.netty.util.concurrent.SingleThreadEventExecutor$4.run(SingleThreadEventExecutor.java:986)
	at io.netty.util.internal.ThreadExecutorMap$2.run(ThreadExecutorMap.java:74)
	at io.netty.util.concurrent.FastThreadLocalRunnable.run(FastThreadLocalRunnable.java:30)
	at java.base/java.lang.Thread.run(Thread.java:834)
21:56:17.553 [AsyncHttpClient-1-4] DEBUG org.asynchttpclient.netty.channel.ChannelManager - Closing Channel [id: 0xd4aa85bf, L:/127.0.0.1:52399 - R:localhost/127.0.0.1:52394] 
21:56:17.553 [AsyncHttpClient-1-4] DEBUG org.asynchttpclient.netty.handler.HttpHandler - Channel Closed: [id: 0xd4aa85bf, L:/127.0.0.1:52399 ! R:localhost/127.0.0.1:52394] with attribute DISCARD
21:56:17.674 [AsyncHttpClient-1-1] DEBUG org.asynchttpclient.netty.channel.DefaultChannelPool - Entry count for : http://localhost:52394 : 1
21:56:17.674 [AsyncHttpClient-1-1] DEBUG org.asynchttpclient.netty.channel.DefaultChannelPool - Adding Candidate expired Channel [id: 0xd4aa85bf, L:/127.0.0.1:52399 ! R:localhost/127.0.0.1:52394] isIdleTimeoutExpired=false isRemotelyClosed=true isTtlExpired=false
21:56:17.674 [AsyncHttpClient-1-1] DEBUG org.asynchttpclient.netty.channel.DefaultChannelPool - Closing Idle Channel [id: 0xd4aa85bf, L:/127.0.0.1:52399 ! R:localhost/127.0.0.1:52394]
21:56:17.674 [AsyncHttpClient-1-1] DEBUG org.asynchttpclient.netty.channel.DefaultChannelPool - Closed 1 connections out of 1 in 0 ms
21:56:17.725 [AsyncHttpClient-1-3] DEBUG org.asynchttpclient.netty.handler.HttpHandler - 

Request DefaultFullHttpRequest(decodeResult: success, version: HTTP/1.1, content: EmptyByteBufBE)
DELETE /session/2db5c4ce601d6d909353059d08994c60 HTTP/1.1
User-Agent: selenium/4.1.2 (java windows)
Content-Type: application/json; charset=utf-8
host: localhost:57860
accept: */*

Response DefaultHttpResponse(decodeResult: success, version: HTTP/1.1)
HTTP/1.1 200 OK
Content-Type: application/json; charset=utf-8
cache-control: no-cache
content-length: 14

21:56:17.726 [AsyncHttpClient-1-3] DEBUG org.asynchttpclient.netty.channel.ChannelManager - Adding key: http://localhost:57860 for channel [id: 0xf775ddcc, L:/127.0.0.1:52393 - R:localhost/127.0.0.1:57860]
21:56:17.843 [AsyncHttpClient-1-3] DEBUG org.asynchttpclient.netty.handler.HttpHandler - Channel Closed: [id: 0xf775ddcc, L:/127.0.0.1:52393 ! R:localhost/127.0.0.1:57860] with attribute DISCARD
21:56:17.922 [main] INFO  - 
  _____   ___   ___   _____     ___     _     ___   ___   ___   ___  
 |_   _| | __| / __| |_   _|   | _ \   /_\   / __| / __| | __| |   \ 
   | |   | _|  \__ \   | |     |  _/  / _ \  \__ \ \__ \ | _|  | |) |
   |_|   |___| |___/   |_|     |_|   /_/ \_\ |___/ |___/ |___| |___/ 

Login account
----------------------------------------------------------------------
]]></system-out>
    <system-err><![CDATA[Starting ChromeDriver 106.0.5249.61 (511755355844955cd3e264779baf0dd38212a4d0-refs/branch-heads/5249@{#569}) on port 57860
Only local connections are allowed.
Please see https://chromedriver.chromium.org/security-considerations for suggestions on keeping ChromeDriver safe.
ChromeDriver was started successfully.
[1667573773.539][WARNING]: This version of ChromeDriver has not been tested with Chrome version 107.
Nov 04, 2022 9:56:13 PM org.openqa.selenium.remote.ProtocolHandshake createSession
INFO: Detected dialect: W3C
Nov 04, 2022 9:56:13 PM org.openqa.selenium.devtools.CdpVersionFinder findNearestMatch
WARNING: Unable to find an exact match for CDP version 107, so returning the closest version found: a no-op implementation
Nov 04, 2022 9:56:13 PM org.openqa.selenium.devtools.CdpVersionFinder findNearestMatch
INFO: Unable to find CDP implementation matching 107.
Nov 04, 2022 9:56:13 PM org.openqa.selenium.chromium.ChromiumDriver lambda$new$3
WARNING: Unable to find version of CDP to use for . You may need to include a dependency on a specific version of the CDP using something similar to `org.seleniumhq.selenium:selenium-devtools-v86:4.1.2` where the version ("v86") matches the version of the chromium-based browser you're using and the version number of the artifact is the same as Selenium's.
]]></system-err>
  </testcase>
  <testcase name="Login account #2" classname="Register" time="8.612">
    <system-out><![CDATA[
@Registers @Register
Scenario Outline: Login account                                        &amp#27;[90m# src/test/resources/features/Register.feature:16&amp#27;[0m
21:56:17.938 [main] INFO io.cucumber.core.plugin.SerenityReporter - Running feature from file:///C:/Users/ACER/Documents/Mini_Proyek/test-web/src/test/resources/features/Register.feature
21:56:17.976 [main] INFO net.serenitybdd.core.webdriver.driverproviders.ChromeDriverProvider - Using automatically driver download
21:56:19.051 [AsyncHttpClient-1-1] DEBUG org.asynchttpclient.netty.channel.DefaultChannelPool - Entry count for : http://localhost:57860 : 1
21:56:19.051 [AsyncHttpClient-1-1] DEBUG org.asynchttpclient.netty.channel.DefaultChannelPool - Adding Candidate expired Channel [id: 0xf775ddcc, L:/127.0.0.1:52393 ! R:localhost/127.0.0.1:57860] isIdleTimeoutExpired=false isRemotelyClosed=true isTtlExpired=false
21:56:19.051 [AsyncHttpClient-1-1] DEBUG org.asynchttpclient.netty.channel.DefaultChannelPool - Closing Idle Channel [id: 0xf775ddcc, L:/127.0.0.1:52393 ! R:localhost/127.0.0.1:57860]
21:56:19.051 [AsyncHttpClient-1-1] DEBUG org.asynchttpclient.netty.channel.DefaultChannelPool - Closed 1 connections out of 1 in 0 ms
21:56:19.703 [main] DEBUG io.github.bonigarcia.wdm.cache.ResolutionCache - Resolution chrome=107 in cache (valid until 22:53:45 04/11/2022 ICT)
21:56:19.710 [main] DEBUG io.github.bonigarcia.wdm.cache.ResolutionCache - Resolution chrome107=107.0.5304.62 in cache (valid until 21:53:45 05/11/2022 ICT)
21:56:19.713 [main] INFO io.github.bonigarcia.wdm.WebDriverManager - Using chromedriver 107.0.5304.62 (resolved driver for Chrome 107)
21:56:19.734 [main] DEBUG io.github.bonigarcia.wdm.WebDriverManager - Driver chromedriver 107.0.5304.62 found in cache
21:56:19.735 [main] INFO io.github.bonigarcia.wdm.WebDriverManager - Exporting webdriver.chrome.driver as C:\Users\ACER\.cache\selenium\chromedriver\win32\107.0.5304.62\chromedriver.exe
21:56:20.101 [main] DEBUG net.serenitybdd.core.webdriver.driverproviders.ProvideNewDriver - Instantiating driver
21:56:20.101 [main] DEBUG net.serenitybdd.core.webdriver.driverproviders.ProvideNewDriver - Driver capabilities: Capabilities {acceptInsecureCerts: false, base.url: https://alta-shop.vercel.app, browserName: chrome, chrome.driver: src/test/resources/webdrive..., driver: chrome, goog:chromeOptions: {args: [], extensions: []}, wait.for.timeout: 15000}
21:56:20.217 [AsyncHttpClient-1-6] DEBUG org.asynchttpclient.netty.channel.NettyConnectListener - Using new Channel '[id: 0x69d14130, L:/127.0.0.1:52416 - R:localhost/127.0.0.1:63706]' for 'POST' to '/session'
21:56:21.406 [AsyncHttpClient-1-6] DEBUG org.asynchttpclient.netty.handler.HttpHandler - 

Request DefaultHttpRequest(decodeResult: success, version: HTTP/1.1)
POST /session HTTP/1.1
User-Agent: selenium/4.1.2 (java windows)
Content-Length: 640
Content-Type: application/json; charset=utf-8
host: localhost:63706
accept: */*

Response DefaultHttpResponse(decodeResult: success, version: HTTP/1.1)
HTTP/1.1 200 OK
Content-Type: application/json; charset=utf-8
cache-control: no-cache
content-length: 788

21:56:21.406 [AsyncHttpClient-1-6] DEBUG org.asynchttpclient.netty.channel.ChannelManager - Adding key: http://localhost:63706 for channel [id: 0x69d14130, L:/127.0.0.1:52416 - R:localhost/127.0.0.1:63706]
21:56:21.420 [AsyncHttpClient-1-7] DEBUG org.asynchttpclient.netty.channel.NettyConnectListener - Using new Channel '[id: 0x7e967c90, L:/127.0.0.1:52422 - R:localhost/127.0.0.1:52417]' for 'GET' to '/json/version'
21:56:21.420 [AsyncHttpClient-1-7] DEBUG org.asynchttpclient.netty.handler.HttpHandler - 

Request DefaultFullHttpRequest(decodeResult: success, version: HTTP/1.1, content: EmptyByteBufBE)
GET /json/version HTTP/1.1
User-Agent: selenium/4.1.2 (java windows)
host: localhost:52417
accept: */*

Response DefaultHttpResponse(decodeResult: success, version: HTTP/1.1)
HTTP/1.1 200 OK
Content-Type: application/json; charset=UTF-8
content-length: 423

21:56:21.421 [AsyncHttpClient-1-7] DEBUG org.asynchttpclient.netty.channel.ChannelManager - Adding key: http://localhost:52417 for channel [id: 0x7e967c90, L:/127.0.0.1:52422 - R:localhost/127.0.0.1:52417]
21:56:21.427 [AsyncHttpClient-1-8] DEBUG org.asynchttpclient.netty.channel.NettyConnectListener - Using new Channel '[id: 0x390d2c29, L:/127.0.0.1:52423 - R:localhost/127.0.0.1:52417]' for 'GET' to '/devtools/browser/d14f362c-84d7-4d92-b39b-ff7d1b032ef4'
21:56:21.427 [AsyncHttpClient-1-8] DEBUG org.asynchttpclient.netty.handler.WebSocketHandler - 

Request DefaultFullHttpRequest(decodeResult: success, version: HTTP/1.1, content: EmptyByteBufBE)
GET /devtools/browser/d14f362c-84d7-4d92-b39b-ff7d1b032ef4 HTTP/1.1
upgrade: websocket
connection: upgrade
sec-websocket-key: QiwqJXPNprBz9nn61zQQ8Q==
sec-websocket-version: 13
origin: http://localhost:52417
host: localhost:52417
accept: */*
user-agent: AHC/2.1

Response DefaultHttpResponse(decodeResult: success, version: HTTP/1.1)
HTTP/1.1 101 WebSocket Protocol Handshake
Upgrade: WebSocket
Connection: Upgrade
Sec-WebSocket-Accept: oU1FmzfIUPKPMUqRb7hH+scwkrM=

21:56:21.437 [Forwarding get on session 81c54d8ddce699a499f18745ecce5388 to remote] DEBUG org.asynchttpclient.netty.request.NettyRequestSender - Using pooled Channel '[id: 0x69d14130, L:/127.0.0.1:52416 - R:localhost/127.0.0.1:63706]' for 'POST' to 'http://localhost:63706/session/81c54d8ddce699a499f18745ecce5388/url'
21:56:21.437 [Forwarding get on session 81c54d8ddce699a499f18745ecce5388 to remote] DEBUG org.asynchttpclient.netty.request.NettyRequestSender - Using open Channel [id: 0x69d14130, L:/127.0.0.1:52416 - R:localhost/127.0.0.1:63706] for POST '/session/81c54d8ddce699a499f18745ecce5388/url'
21:56:22.274 [AsyncHttpClient-1-1] DEBUG org.asynchttpclient.netty.channel.DefaultChannelPool - Entry count for : http://localhost:52417 : 1
21:56:22.764 [AsyncHttpClient-1-6] DEBUG org.asynchttpclient.netty.handler.HttpHandler - 

Request DefaultHttpRequest(decodeResult: success, version: HTTP/1.1)
POST /session/81c54d8ddce699a499f18745ecce5388/url HTTP/1.1
User-Agent: selenium/4.1.2 (java windows)
Content-Length: 77
Content-Type: application/json; charset=utf-8
host: localhost:63706
accept: */*

Response DefaultHttpResponse(decodeResult: success, version: HTTP/1.1)
HTTP/1.1 200 OK
Content-Type: application/json; charset=utf-8
cache-control: no-cache
content-length: 14

21:56:22.764 [AsyncHttpClient-1-6] DEBUG org.asynchttpclient.netty.channel.ChannelManager - Adding key: http://localhost:63706 for channel [id: 0x69d14130, L:/127.0.0.1:52416 - R:localhost/127.0.0.1:63706]
21:56:22.766 [Forwarding setTimeout on session 81c54d8ddce699a499f18745ecce5388 to remote] DEBUG org.asynchttpclient.netty.request.NettyRequestSender - Using pooled Channel '[id: 0x69d14130, L:/127.0.0.1:52416 - R:localhost/127.0.0.1:63706]' for 'POST' to 'http://localhost:63706/session/81c54d8ddce699a499f18745ecce5388/timeouts'
21:56:22.766 [Forwarding setTimeout on session 81c54d8ddce699a499f18745ecce5388 to remote] DEBUG org.asynchttpclient.netty.request.NettyRequestSender - Using open Channel [id: 0x69d14130, L:/127.0.0.1:52416 - R:localhost/127.0.0.1:63706] for POST '/session/81c54d8ddce699a499f18745ecce5388/timeouts'
21:56:22.767 [AsyncHttpClient-1-6] DEBUG org.asynchttpclient.netty.handler.HttpHandler - 

Request DefaultHttpRequest(decodeResult: success, version: HTTP/1.1)
POST /session/81c54d8ddce699a499f18745ecce5388/timeouts HTTP/1.1
User-Agent: selenium/4.1.2 (java windows)
Content-Length: 22
Content-Type: application/json; charset=utf-8
host: localhost:63706
accept: */*

Response DefaultHttpResponse(decodeResult: success, version: HTTP/1.1)
HTTP/1.1 200 OK
Content-Type: application/json; charset=utf-8
cache-control: no-cache
content-length: 14

21:56:22.767 [AsyncHttpClient-1-6] DEBUG org.asynchttpclient.netty.channel.ChannelManager - Adding key: http://localhost:63706 for channel [id: 0x69d14130, L:/127.0.0.1:52416 - R:localhost/127.0.0.1:63706]
21:56:22.772 [Forwarding getCurrentUrl on session 81c54d8ddce699a499f18745ecce5388 to remote] DEBUG org.asynchttpclient.netty.request.NettyRequestSender - Using pooled Channel '[id: 0x69d14130, L:/127.0.0.1:52416 - R:localhost/127.0.0.1:63706]' for 'GET' to 'http://localhost:63706/session/81c54d8ddce699a499f18745ecce5388/url'
21:56:22.772 [Forwarding getCurrentUrl on session 81c54d8ddce699a499f18745ecce5388 to remote] DEBUG org.asynchttpclient.netty.request.NettyRequestSender - Using open Channel [id: 0x69d14130, L:/127.0.0.1:52416 - R:localhost/127.0.0.1:63706] for GET '/session/81c54d8ddce699a499f18745ecce5388/url'
21:56:22.781 [AsyncHttpClient-1-6] DEBUG org.asynchttpclient.netty.handler.HttpHandler - 

Request DefaultFullHttpRequest(decodeResult: success, version: HTTP/1.1, content: EmptyByteBufBE)
GET /session/81c54d8ddce699a499f18745ecce5388/url HTTP/1.1
User-Agent: selenium/4.1.2 (java windows)
Cache-Control: no-cache
Content-Type: application/json; charset=utf-8
host: localhost:63706
accept: */*

Response DefaultHttpResponse(decodeResult: success, version: HTTP/1.1)
HTTP/1.1 200 OK
Content-Type: application/json; charset=utf-8
cache-control: no-cache
content-length: 54

21:56:22.782 [AsyncHttpClient-1-6] DEBUG org.asynchttpclient.netty.channel.ChannelManager - Adding key: http://localhost:63706 for channel [id: 0x69d14130, L:/127.0.0.1:52416 - R:localhost/127.0.0.1:63706]
  &amp#27;[32mGiven &amp#27;[0m&amp#27;[32mI am on the register page&amp#27;[0m                                      &amp#27;[90m# starter.stepdefinitions.RegisterSteps.iAmOnTheRegisterPage()&amp#27;[0m
21:56:22.798 [Forwarding screenshot on session 81c54d8ddce699a499f18745ecce5388 to remote] DEBUG org.asynchttpclient.netty.request.NettyRequestSender - Using pooled Channel '[id: 0x69d14130, L:/127.0.0.1:52416 - R:localhost/127.0.0.1:63706]' for 'GET' to 'http://localhost:63706/session/81c54d8ddce699a499f18745ecce5388/screenshot'
21:56:22.798 [Forwarding screenshot on session 81c54d8ddce699a499f18745ecce5388 to remote] DEBUG org.asynchttpclient.netty.request.NettyRequestSender - Using open Channel [id: 0x69d14130, L:/127.0.0.1:52416 - R:localhost/127.0.0.1:63706] for GET '/session/81c54d8ddce699a499f18745ecce5388/screenshot'
21:56:23.375 [AsyncHttpClient-1-1] DEBUG org.asynchttpclient.netty.channel.DefaultChannelPool - Entry count for : http://localhost:52417 : 1
21:56:23.396 [AsyncHttpClient-1-6] DEBUG org.asynchttpclient.netty.handler.HttpHandler - 

Request DefaultFullHttpRequest(decodeResult: success, version: HTTP/1.1, content: EmptyByteBufBE)
GET /session/81c54d8ddce699a499f18745ecce5388/screenshot HTTP/1.1
User-Agent: selenium/4.1.2 (java windows)
Cache-Control: no-cache
Content-Type: application/json; charset=utf-8
host: localhost:63706
accept: */*

Response DefaultHttpResponse(decodeResult: success, version: HTTP/1.1)
HTTP/1.1 200 OK
Content-Type: application/json; charset=utf-8
cache-control: no-cache
content-length: 27776

21:56:23.396 [AsyncHttpClient-1-6] DEBUG org.asynchttpclient.netty.channel.ChannelManager - Adding key: http://localhost:63706 for channel [id: 0x69d14130, L:/127.0.0.1:52416 - R:localhost/127.0.0.1:63706]
21:56:23.398 [main] DEBUG net.serenitybdd.core.photography.Darkroom - Send negative for processing for target\site\serenity\5614d7ac09ab28024b7794e4926fd62aaf1c4e177161628049e76cced9586992.png
21:56:23.407 [Forwarding findElement on session 81c54d8ddce699a499f18745ecce5388 to remote] DEBUG org.asynchttpclient.netty.request.NettyRequestSender - Using pooled Channel '[id: 0x69d14130, L:/127.0.0.1:52416 - R:localhost/127.0.0.1:63706]' for 'POST' to 'http://localhost:63706/session/81c54d8ddce699a499f18745ecce5388/element'
21:56:23.407 [Forwarding findElement on session 81c54d8ddce699a499f18745ecce5388 to remote] DEBUG org.asynchttpclient.netty.request.NettyRequestSender - Using open Channel [id: 0x69d14130, L:/127.0.0.1:52416 - R:localhost/127.0.0.1:63706] for POST '/session/81c54d8ddce699a499f18745ecce5388/element'
21:56:23.425 [AsyncHttpClient-1-6] DEBUG org.asynchttpclient.netty.handler.HttpHandler - 

Request DefaultHttpRequest(decodeResult: success, version: HTTP/1.1)
POST /session/81c54d8ddce699a499f18745ecce5388/element HTTP/1.1
User-Agent: selenium/4.1.2 (java windows)
Content-Length: 95
Content-Type: application/json; charset=utf-8
host: localhost:63706
accept: */*

Response DefaultHttpResponse(decodeResult: success, version: HTTP/1.1)
HTTP/1.1 200 OK
Content-Type: application/json; charset=utf-8
cache-control: no-cache
content-length: 88

21:56:23.425 [AsyncHttpClient-1-6] DEBUG org.asynchttpclient.netty.channel.ChannelManager - Adding key: http://localhost:63706 for channel [id: 0x69d14130, L:/127.0.0.1:52416 - R:localhost/127.0.0.1:63706]
21:56:23.426 [Forwarding clearElement on session 81c54d8ddce699a499f18745ecce5388 to remote] DEBUG org.asynchttpclient.netty.request.NettyRequestSender - Using pooled Channel '[id: 0x69d14130, L:/127.0.0.1:52416 - R:localhost/127.0.0.1:63706]' for 'POST' to 'http://localhost:63706/session/81c54d8ddce699a499f18745ecce5388/element/373dacf9-0bc8-4cd1-b777-8e93076b4fc4/clear'
21:56:23.426 [Forwarding clearElement on session 81c54d8ddce699a499f18745ecce5388 to remote] DEBUG org.asynchttpclient.netty.request.NettyRequestSender - Using open Channel [id: 0x69d14130, L:/127.0.0.1:52416 - R:localhost/127.0.0.1:63706] for POST '/session/81c54d8ddce699a499f18745ecce5388/element/373dacf9-0bc8-4cd1-b777-8e93076b4fc4/clear'
21:56:23.477 [AsyncHttpClient-1-6] DEBUG org.asynchttpclient.netty.handler.HttpHandler - 

Request DefaultHttpRequest(decodeResult: success, version: HTTP/1.1)
POST /session/81c54d8ddce699a499f18745ecce5388/element/373dacf9-0bc8-4cd1-b777-8e93076b4fc4/clear HTTP/1.1
User-Agent: selenium/4.1.2 (java windows)
Content-Length: 50
Content-Type: application/json; charset=utf-8
host: localhost:63706
accept: */*

Response DefaultHttpResponse(decodeResult: success, version: HTTP/1.1)
HTTP/1.1 200 OK
Content-Type: application/json; charset=utf-8
cache-control: no-cache
content-length: 14

21:56:23.477 [AsyncHttpClient-1-6] DEBUG org.asynchttpclient.netty.channel.ChannelManager - Adding key: http://localhost:63706 for channel [id: 0x69d14130, L:/127.0.0.1:52416 - R:localhost/127.0.0.1:63706]
21:56:23.480 [Forwarding sendKeysToElement on session 81c54d8ddce699a499f18745ecce5388 to remote] DEBUG org.asynchttpclient.netty.request.NettyRequestSender - Using pooled Channel '[id: 0x69d14130, L:/127.0.0.1:52416 - R:localhost/127.0.0.1:63706]' for 'POST' to 'http://localhost:63706/session/81c54d8ddce699a499f18745ecce5388/element/373dacf9-0bc8-4cd1-b777-8e93076b4fc4/value'
21:56:23.480 [Forwarding sendKeysToElement on session 81c54d8ddce699a499f18745ecce5388 to remote] DEBUG org.asynchttpclient.netty.request.NettyRequestSender - Using open Channel [id: 0x69d14130, L:/127.0.0.1:52416 - R:localhost/127.0.0.1:63706] for POST '/session/81c54d8ddce699a499f18745ecce5388/element/373dacf9-0bc8-4cd1-b777-8e93076b4fc4/value'
21:56:23.607 [AsyncHttpClient-1-6] DEBUG org.asynchttpclient.netty.handler.HttpHandler - 

Request DefaultHttpRequest(decodeResult: success, version: HTTP/1.1)
POST /session/81c54d8ddce699a499f18745ecce5388/element/373dacf9-0bc8-4cd1-b777-8e93076b4fc4/value HTTP/1.1
User-Agent: selenium/4.1.2 (java windows)
Content-Length: 131
Content-Type: application/json; charset=utf-8
host: localhost:63706
accept: */*

Response DefaultHttpResponse(decodeResult: success, version: HTTP/1.1)
HTTP/1.1 200 OK
Content-Type: application/json; charset=utf-8
cache-control: no-cache
content-length: 14

21:56:23.607 [AsyncHttpClient-1-6] DEBUG org.asynchttpclient.netty.channel.ChannelManager - Adding key: http://localhost:63706 for channel [id: 0x69d14130, L:/127.0.0.1:52416 - R:localhost/127.0.0.1:63706]
21:56:23.613 [Forwarding findElement on session 81c54d8ddce699a499f18745ecce5388 to remote] DEBUG org.asynchttpclient.netty.request.NettyRequestSender - Using pooled Channel '[id: 0x69d14130, L:/127.0.0.1:52416 - R:localhost/127.0.0.1:63706]' for 'POST' to 'http://localhost:63706/session/81c54d8ddce699a499f18745ecce5388/element'
21:56:23.613 [Forwarding findElement on session 81c54d8ddce699a499f18745ecce5388 to remote] DEBUG org.asynchttpclient.netty.request.NettyRequestSender - Using open Channel [id: 0x69d14130, L:/127.0.0.1:52416 - R:localhost/127.0.0.1:63706] for POST '/session/81c54d8ddce699a499f18745ecce5388/element'
21:56:23.638 [AsyncHttpClient-1-6] DEBUG org.asynchttpclient.netty.handler.HttpHandler - 

Request DefaultHttpRequest(decodeResult: success, version: HTTP/1.1)
POST /session/81c54d8ddce699a499f18745ecce5388/element HTTP/1.1
User-Agent: selenium/4.1.2 (java windows)
Content-Length: 88
Content-Type: application/json; charset=utf-8
host: localhost:63706
accept: */*

Response DefaultHttpResponse(decodeResult: success, version: HTTP/1.1)
HTTP/1.1 200 OK
Content-Type: application/json; charset=utf-8
cache-control: no-cache
content-length: 88

21:56:23.639 [AsyncHttpClient-1-6] DEBUG org.asynchttpclient.netty.channel.ChannelManager - Adding key: http://localhost:63706 for channel [id: 0x69d14130, L:/127.0.0.1:52416 - R:localhost/127.0.0.1:63706]
21:56:23.641 [Forwarding clearElement on session 81c54d8ddce699a499f18745ecce5388 to remote] DEBUG org.asynchttpclient.netty.request.NettyRequestSender - Using pooled Channel '[id: 0x69d14130, L:/127.0.0.1:52416 - R:localhost/127.0.0.1:63706]' for 'POST' to 'http://localhost:63706/session/81c54d8ddce699a499f18745ecce5388/element/18a19d7d-6883-4ade-9943-564c1c1939f1/clear'
21:56:23.641 [Forwarding clearElement on session 81c54d8ddce699a499f18745ecce5388 to remote] DEBUG org.asynchttpclient.netty.request.NettyRequestSender - Using open Channel [id: 0x69d14130, L:/127.0.0.1:52416 - R:localhost/127.0.0.1:63706] for POST '/session/81c54d8ddce699a499f18745ecce5388/element/18a19d7d-6883-4ade-9943-564c1c1939f1/clear'
21:56:23.702 [AsyncHttpClient-1-6] DEBUG org.asynchttpclient.netty.handler.HttpHandler - 

Request DefaultHttpRequest(decodeResult: success, version: HTTP/1.1)
POST /session/81c54d8ddce699a499f18745ecce5388/element/18a19d7d-6883-4ade-9943-564c1c1939f1/clear HTTP/1.1
User-Agent: selenium/4.1.2 (java windows)
Content-Length: 50
Content-Type: application/json; charset=utf-8
host: localhost:63706
accept: */*

Response DefaultHttpResponse(decodeResult: success, version: HTTP/1.1)
HTTP/1.1 200 OK
Content-Type: application/json; charset=utf-8
cache-control: no-cache
content-length: 14

21:56:23.702 [AsyncHttpClient-1-6] DEBUG org.asynchttpclient.netty.channel.ChannelManager - Adding key: http://localhost:63706 for channel [id: 0x69d14130, L:/127.0.0.1:52416 - R:localhost/127.0.0.1:63706]
21:56:23.706 [Forwarding sendKeysToElement on session 81c54d8ddce699a499f18745ecce5388 to remote] DEBUG org.asynchttpclient.netty.request.NettyRequestSender - Using pooled Channel '[id: 0x69d14130, L:/127.0.0.1:52416 - R:localhost/127.0.0.1:63706]' for 'POST' to 'http://localhost:63706/session/81c54d8ddce699a499f18745ecce5388/element/18a19d7d-6883-4ade-9943-564c1c1939f1/value'
21:56:23.706 [Forwarding sendKeysToElement on session 81c54d8ddce699a499f18745ecce5388 to remote] DEBUG org.asynchttpclient.netty.request.NettyRequestSender - Using open Channel [id: 0x69d14130, L:/127.0.0.1:52416 - R:localhost/127.0.0.1:63706] for POST '/session/81c54d8ddce699a499f18745ecce5388/element/18a19d7d-6883-4ade-9943-564c1c1939f1/value'
21:56:23.812 [AsyncHttpClient-1-6] DEBUG org.asynchttpclient.netty.handler.HttpHandler - 

Request DefaultHttpRequest(decodeResult: success, version: HTTP/1.1)
POST /session/81c54d8ddce699a499f18745ecce5388/element/18a19d7d-6883-4ade-9943-564c1c1939f1/value HTTP/1.1
User-Agent: selenium/4.1.2 (java windows)
Content-Length: 111
Content-Type: application/json; charset=utf-8
host: localhost:63706
accept: */*

Response DefaultHttpResponse(decodeResult: success, version: HTTP/1.1)
HTTP/1.1 200 OK
Content-Type: application/json; charset=utf-8
cache-control: no-cache
content-length: 14

21:56:23.812 [AsyncHttpClient-1-6] DEBUG org.asynchttpclient.netty.channel.ChannelManager - Adding key: http://localhost:63706 for channel [id: 0x69d14130, L:/127.0.0.1:52416 - R:localhost/127.0.0.1:63706]
21:56:23.818 [Forwarding findElement on session 81c54d8ddce699a499f18745ecce5388 to remote] DEBUG org.asynchttpclient.netty.request.NettyRequestSender - Using pooled Channel '[id: 0x69d14130, L:/127.0.0.1:52416 - R:localhost/127.0.0.1:63706]' for 'POST' to 'http://localhost:63706/session/81c54d8ddce699a499f18745ecce5388/element'
21:56:23.818 [Forwarding findElement on session 81c54d8ddce699a499f18745ecce5388 to remote] DEBUG org.asynchttpclient.netty.request.NettyRequestSender - Using open Channel [id: 0x69d14130, L:/127.0.0.1:52416 - R:localhost/127.0.0.1:63706] for POST '/session/81c54d8ddce699a499f18745ecce5388/element'
21:56:23.839 [AsyncHttpClient-1-6] DEBUG org.asynchttpclient.netty.handler.HttpHandler - 

Request DefaultHttpRequest(decodeResult: success, version: HTTP/1.1)
POST /session/81c54d8ddce699a499f18745ecce5388/element HTTP/1.1
User-Agent: selenium/4.1.2 (java windows)
Content-Length: 97
Content-Type: application/json; charset=utf-8
host: localhost:63706
accept: */*

Response DefaultHttpResponse(decodeResult: success, version: HTTP/1.1)
HTTP/1.1 200 OK
Content-Type: application/json; charset=utf-8
cache-control: no-cache
content-length: 88

21:56:23.840 [AsyncHttpClient-1-6] DEBUG org.asynchttpclient.netty.channel.ChannelManager - Adding key: http://localhost:63706 for channel [id: 0x69d14130, L:/127.0.0.1:52416 - R:localhost/127.0.0.1:63706]
21:56:23.841 [Forwarding clearElement on session 81c54d8ddce699a499f18745ecce5388 to remote] DEBUG org.asynchttpclient.netty.request.NettyRequestSender - Using pooled Channel '[id: 0x69d14130, L:/127.0.0.1:52416 - R:localhost/127.0.0.1:63706]' for 'POST' to 'http://localhost:63706/session/81c54d8ddce699a499f18745ecce5388/element/e436dd75-7751-42c1-83eb-07a09aa44596/clear'
21:56:23.841 [Forwarding clearElement on session 81c54d8ddce699a499f18745ecce5388 to remote] DEBUG org.asynchttpclient.netty.request.NettyRequestSender - Using open Channel [id: 0x69d14130, L:/127.0.0.1:52416 - R:localhost/127.0.0.1:63706] for POST '/session/81c54d8ddce699a499f18745ecce5388/element/e436dd75-7751-42c1-83eb-07a09aa44596/clear'
21:56:23.911 [AsyncHttpClient-1-6] DEBUG org.asynchttpclient.netty.handler.HttpHandler - 

Request DefaultHttpRequest(decodeResult: success, version: HTTP/1.1)
POST /session/81c54d8ddce699a499f18745ecce5388/element/e436dd75-7751-42c1-83eb-07a09aa44596/clear HTTP/1.1
User-Agent: selenium/4.1.2 (java windows)
Content-Length: 50
Content-Type: application/json; charset=utf-8
host: localhost:63706
accept: */*

Response DefaultHttpResponse(decodeResult: success, version: HTTP/1.1)
HTTP/1.1 200 OK
Content-Type: application/json; charset=utf-8
cache-control: no-cache
content-length: 14

21:56:23.911 [AsyncHttpClient-1-6] DEBUG org.asynchttpclient.netty.channel.ChannelManager - Adding key: http://localhost:63706 for channel [id: 0x69d14130, L:/127.0.0.1:52416 - R:localhost/127.0.0.1:63706]
21:56:23.913 [Forwarding sendKeysToElement on session 81c54d8ddce699a499f18745ecce5388 to remote] DEBUG org.asynchttpclient.netty.request.NettyRequestSender - Using pooled Channel '[id: 0x69d14130, L:/127.0.0.1:52416 - R:localhost/127.0.0.1:63706]' for 'POST' to 'http://localhost:63706/session/81c54d8ddce699a499f18745ecce5388/element/e436dd75-7751-42c1-83eb-07a09aa44596/value'
21:56:23.913 [Forwarding sendKeysToElement on session 81c54d8ddce699a499f18745ecce5388 to remote] DEBUG org.asynchttpclient.netty.request.NettyRequestSender - Using open Channel [id: 0x69d14130, L:/127.0.0.1:52416 - R:localhost/127.0.0.1:63706] for POST '/session/81c54d8ddce699a499f18745ecce5388/element/e436dd75-7751-42c1-83eb-07a09aa44596/value'
21:56:24.080 [AsyncHttpClient-1-6] DEBUG org.asynchttpclient.netty.handler.HttpHandler - 

Request DefaultHttpRequest(decodeResult: success, version: HTTP/1.1)
POST /session/81c54d8ddce699a499f18745ecce5388/element/e436dd75-7751-42c1-83eb-07a09aa44596/value HTTP/1.1
User-Agent: selenium/4.1.2 (java windows)
Content-Length: 191
Content-Type: application/json; charset=utf-8
host: localhost:63706
accept: */*

Response DefaultHttpResponse(decodeResult: success, version: HTTP/1.1)
HTTP/1.1 200 OK
Content-Type: application/json; charset=utf-8
cache-control: no-cache
content-length: 14

21:56:24.080 [AsyncHttpClient-1-6] DEBUG org.asynchttpclient.netty.channel.ChannelManager - Adding key: http://localhost:63706 for channel [id: 0x69d14130, L:/127.0.0.1:52416 - R:localhost/127.0.0.1:63706]
  &amp#27;[32mWhen &amp#27;[0m&amp#27;[32mI input &amp#27;[0m&amp#27;[32m&amp#27;[1m"wilda"&amp#27;[0m&amp#27;[32m fullname &amp#27;[0m&amp#27;[32m&amp#27;[1m"aaa"&amp#27;[0m&amp#27;[32m email and &amp#27;[0m&amp#27;[32m&amp#27;[1m"Pasword123!"&amp#27;[0m&amp#27;[32m password&amp#27;[0m &amp#27;[90m# starter.stepdefinitions.RegisterSteps.iInputFullnameEmailAndPassword(java.lang.String,java.lang.String,java.lang.String)&amp#27;[0m
21:56:24.095 [Forwarding screenshot on session 81c54d8ddce699a499f18745ecce5388 to remote] DEBUG org.asynchttpclient.netty.request.NettyRequestSender - Using pooled Channel '[id: 0x69d14130, L:/127.0.0.1:52416 - R:localhost/127.0.0.1:63706]' for 'GET' to 'http://localhost:63706/session/81c54d8ddce699a499f18745ecce5388/screenshot'
21:56:24.095 [Forwarding screenshot on session 81c54d8ddce699a499f18745ecce5388 to remote] DEBUG org.asynchttpclient.netty.request.NettyRequestSender - Using open Channel [id: 0x69d14130, L:/127.0.0.1:52416 - R:localhost/127.0.0.1:63706] for GET '/session/81c54d8ddce699a499f18745ecce5388/screenshot'
21:56:24.320 [AsyncHttpClient-1-6] DEBUG org.asynchttpclient.netty.handler.HttpHandler - 

Request DefaultFullHttpRequest(decodeResult: success, version: HTTP/1.1, content: EmptyByteBufBE)
GET /session/81c54d8ddce699a499f18745ecce5388/screenshot HTTP/1.1
User-Agent: selenium/4.1.2 (java windows)
Cache-Control: no-cache
Content-Type: application/json; charset=utf-8
host: localhost:63706
accept: */*

Response DefaultHttpResponse(decodeResult: success, version: HTTP/1.1)
HTTP/1.1 200 OK
Content-Type: application/json; charset=utf-8
cache-control: no-cache
content-length: 31628

21:56:24.320 [AsyncHttpClient-1-6] DEBUG org.asynchttpclient.netty.channel.ChannelManager - Adding key: http://localhost:63706 for channel [id: 0x69d14130, L:/127.0.0.1:52416 - R:localhost/127.0.0.1:63706]
21:56:24.325 [main] DEBUG net.serenitybdd.core.photography.Darkroom - Send negative for processing for target\site\serenity\90a05d0601cc61117d49677f60b87cdacd526325d1ab8d4cbbdf51b97771f660.png
21:56:24.326 [Darkroom Processing Line] DEBUG net.serenitybdd.core.photography.DarkroomProcessingLine - Processing screenshot image in /var/screenshots/screenshot-7370288803496953698
21:56:24.326 [Darkroom Processing Line] DEBUG net.serenitybdd.core.photography.DarkroomProcessingLine - Saving screenshot to target\site\serenity\90a05d0601cc61117d49677f60b87cdacd526325d1ab8d4cbbdf51b97771f660.png
21:56:24.342 [Forwarding findElement on session 81c54d8ddce699a499f18745ecce5388 to remote] DEBUG org.asynchttpclient.netty.request.NettyRequestSender - Using pooled Channel '[id: 0x69d14130, L:/127.0.0.1:52416 - R:localhost/127.0.0.1:63706]' for 'POST' to 'http://localhost:63706/session/81c54d8ddce699a499f18745ecce5388/element'
21:56:24.342 [Forwarding findElement on session 81c54d8ddce699a499f18745ecce5388 to remote] DEBUG org.asynchttpclient.netty.request.NettyRequestSender - Using open Channel [id: 0x69d14130, L:/127.0.0.1:52416 - R:localhost/127.0.0.1:63706] for POST '/session/81c54d8ddce699a499f18745ecce5388/element'
21:56:24.359 [AsyncHttpClient-1-6] DEBUG org.asynchttpclient.netty.handler.HttpHandler - 

Request DefaultHttpRequest(decodeResult: success, version: HTTP/1.1)
POST /session/81c54d8ddce699a499f18745ecce5388/element HTTP/1.1
User-Agent: selenium/4.1.2 (java windows)
Content-Length: 86
Content-Type: application/json; charset=utf-8
host: localhost:63706
accept: */*

Response DefaultHttpResponse(decodeResult: success, version: HTTP/1.1)
HTTP/1.1 200 OK
Content-Type: application/json; charset=utf-8
cache-control: no-cache
content-length: 88

21:56:24.359 [AsyncHttpClient-1-6] DEBUG org.asynchttpclient.netty.channel.ChannelManager - Adding key: http://localhost:63706 for channel [id: 0x69d14130, L:/127.0.0.1:52416 - R:localhost/127.0.0.1:63706]
21:56:24.360 [Forwarding getElementTagName on session 81c54d8ddce699a499f18745ecce5388 to remote] DEBUG org.asynchttpclient.netty.request.NettyRequestSender - Using pooled Channel '[id: 0x69d14130, L:/127.0.0.1:52416 - R:localhost/127.0.0.1:63706]' for 'GET' to 'http://localhost:63706/session/81c54d8ddce699a499f18745ecce5388/element/51da149b-2907-47d8-9add-1b23fbc81655/name'
21:56:24.361 [Forwarding getElementTagName on session 81c54d8ddce699a499f18745ecce5388 to remote] DEBUG org.asynchttpclient.netty.request.NettyRequestSender - Using open Channel [id: 0x69d14130, L:/127.0.0.1:52416 - R:localhost/127.0.0.1:63706] for GET '/session/81c54d8ddce699a499f18745ecce5388/element/51da149b-2907-47d8-9add-1b23fbc81655/name'
21:56:24.366 [AsyncHttpClient-1-6] DEBUG org.asynchttpclient.netty.handler.HttpHandler - 

Request DefaultFullHttpRequest(decodeResult: success, version: HTTP/1.1, content: EmptyByteBufBE)
GET /session/81c54d8ddce699a499f18745ecce5388/element/51da149b-2907-47d8-9add-1b23fbc81655/name HTTP/1.1
User-Agent: selenium/4.1.2 (java windows)
Cache-Control: no-cache
Content-Type: application/json; charset=utf-8
host: localhost:63706
accept: */*

Response DefaultHttpResponse(decodeResult: success, version: HTTP/1.1)
HTTP/1.1 200 OK
Content-Type: application/json; charset=utf-8
cache-control: no-cache
content-length: 16

21:56:24.366 [AsyncHttpClient-1-6] DEBUG org.asynchttpclient.netty.channel.ChannelManager - Adding key: http://localhost:63706 for channel [id: 0x69d14130, L:/127.0.0.1:52416 - R:localhost/127.0.0.1:63706]
21:56:24.367 [Forwarding getElementTagName on session 81c54d8ddce699a499f18745ecce5388 to remote] DEBUG org.asynchttpclient.netty.request.NettyRequestSender - Using pooled Channel '[id: 0x69d14130, L:/127.0.0.1:52416 - R:localhost/127.0.0.1:63706]' for 'GET' to 'http://localhost:63706/session/81c54d8ddce699a499f18745ecce5388/element/51da149b-2907-47d8-9add-1b23fbc81655/name'
21:56:24.367 [Forwarding getElementTagName on session 81c54d8ddce699a499f18745ecce5388 to remote] DEBUG org.asynchttpclient.netty.request.NettyRequestSender - Using open Channel [id: 0x69d14130, L:/127.0.0.1:52416 - R:localhost/127.0.0.1:63706] for GET '/session/81c54d8ddce699a499f18745ecce5388/element/51da149b-2907-47d8-9add-1b23fbc81655/name'
21:56:24.373 [AsyncHttpClient-1-6] DEBUG org.asynchttpclient.netty.handler.HttpHandler - 

Request DefaultFullHttpRequest(decodeResult: success, version: HTTP/1.1, content: EmptyByteBufBE)
GET /session/81c54d8ddce699a499f18745ecce5388/element/51da149b-2907-47d8-9add-1b23fbc81655/name HTTP/1.1
User-Agent: selenium/4.1.2 (java windows)
Cache-Control: no-cache
Content-Type: application/json; charset=utf-8
host: localhost:63706
accept: */*

Response DefaultHttpResponse(decodeResult: success, version: HTTP/1.1)
HTTP/1.1 200 OK
Content-Type: application/json; charset=utf-8
cache-control: no-cache
content-length: 16

21:56:24.373 [AsyncHttpClient-1-6] DEBUG org.asynchttpclient.netty.channel.ChannelManager - Adding key: http://localhost:63706 for channel [id: 0x69d14130, L:/127.0.0.1:52416 - R:localhost/127.0.0.1:63706]
21:56:24.375 [Forwarding findElement on session 81c54d8ddce699a499f18745ecce5388 to remote] DEBUG org.asynchttpclient.netty.request.NettyRequestSender - Using pooled Channel '[id: 0x69d14130, L:/127.0.0.1:52416 - R:localhost/127.0.0.1:63706]' for 'POST' to 'http://localhost:63706/session/81c54d8ddce699a499f18745ecce5388/element'
21:56:24.375 [Forwarding findElement on session 81c54d8ddce699a499f18745ecce5388 to remote] DEBUG org.asynchttpclient.netty.request.NettyRequestSender - Using open Channel [id: 0x69d14130, L:/127.0.0.1:52416 - R:localhost/127.0.0.1:63706] for POST '/session/81c54d8ddce699a499f18745ecce5388/element'
21:56:24.385 [AsyncHttpClient-1-6] DEBUG org.asynchttpclient.netty.handler.HttpHandler - 

Request DefaultHttpRequest(decodeResult: success, version: HTTP/1.1)
POST /session/81c54d8ddce699a499f18745ecce5388/element HTTP/1.1
User-Agent: selenium/4.1.2 (java windows)
Content-Length: 86
Content-Type: application/json; charset=utf-8
host: localhost:63706
accept: */*

Response DefaultHttpResponse(decodeResult: success, version: HTTP/1.1)
HTTP/1.1 200 OK
Content-Type: application/json; charset=utf-8
cache-control: no-cache
content-length: 88

21:56:24.385 [AsyncHttpClient-1-6] DEBUG org.asynchttpclient.netty.channel.ChannelManager - Adding key: http://localhost:63706 for channel [id: 0x69d14130, L:/127.0.0.1:52416 - R:localhost/127.0.0.1:63706]
21:56:24.386 [Forwarding clickElement on session 81c54d8ddce699a499f18745ecce5388 to remote] DEBUG org.asynchttpclient.netty.request.NettyRequestSender - Using pooled Channel '[id: 0x69d14130, L:/127.0.0.1:52416 - R:localhost/127.0.0.1:63706]' for 'POST' to 'http://localhost:63706/session/81c54d8ddce699a499f18745ecce5388/element/51da149b-2907-47d8-9add-1b23fbc81655/click'
21:56:24.386 [Forwarding clickElement on session 81c54d8ddce699a499f18745ecce5388 to remote] DEBUG org.asynchttpclient.netty.request.NettyRequestSender - Using open Channel [id: 0x69d14130, L:/127.0.0.1:52416 - R:localhost/127.0.0.1:63706] for POST '/session/81c54d8ddce699a499f18745ecce5388/element/51da149b-2907-47d8-9add-1b23fbc81655/click'
21:56:24.462 [AsyncHttpClient-1-6] DEBUG org.asynchttpclient.netty.handler.HttpHandler - 

Request DefaultHttpRequest(decodeResult: success, version: HTTP/1.1)
POST /session/81c54d8ddce699a499f18745ecce5388/element/51da149b-2907-47d8-9add-1b23fbc81655/click HTTP/1.1
User-Agent: selenium/4.1.2 (java windows)
Content-Length: 50
Content-Type: application/json; charset=utf-8
host: localhost:63706
accept: */*

Response DefaultHttpResponse(decodeResult: success, version: HTTP/1.1)
HTTP/1.1 200 OK
Content-Type: application/json; charset=utf-8
cache-control: no-cache
content-length: 14

21:56:24.462 [AsyncHttpClient-1-6] DEBUG org.asynchttpclient.netty.channel.ChannelManager - Adding key: http://localhost:63706 for channel [id: 0x69d14130, L:/127.0.0.1:52416 - R:localhost/127.0.0.1:63706]
  &amp#27;[32mAnd &amp#27;[0m&amp#27;[32mI click register button&amp#27;[0m                                          &amp#27;[90m# starter.stepdefinitions.RegisterSteps.iClickRegisterButton()&amp#27;[0m
21:56:24.469 [Forwarding screenshot on session 81c54d8ddce699a499f18745ecce5388 to remote] DEBUG org.asynchttpclient.netty.request.NettyRequestSender - Using pooled Channel '[id: 0x69d14130, L:/127.0.0.1:52416 - R:localhost/127.0.0.1:63706]' for 'GET' to 'http://localhost:63706/session/81c54d8ddce699a499f18745ecce5388/screenshot'
21:56:24.469 [Forwarding screenshot on session 81c54d8ddce699a499f18745ecce5388 to remote] DEBUG org.asynchttpclient.netty.request.NettyRequestSender - Using open Channel [id: 0x69d14130, L:/127.0.0.1:52416 - R:localhost/127.0.0.1:63706] for GET '/session/81c54d8ddce699a499f18745ecce5388/screenshot'
21:56:24.475 [AsyncHttpClient-1-1] DEBUG org.asynchttpclient.netty.channel.DefaultChannelPool - Entry count for : http://localhost:52417 : 1
21:56:24.712 [AsyncHttpClient-1-6] DEBUG org.asynchttpclient.netty.handler.HttpHandler - 

Request DefaultFullHttpRequest(decodeResult: success, version: HTTP/1.1, content: EmptyByteBufBE)
GET /session/81c54d8ddce699a499f18745ecce5388/screenshot HTTP/1.1
User-Agent: selenium/4.1.2 (java windows)
Cache-Control: no-cache
Content-Type: application/json; charset=utf-8
host: localhost:63706
accept: */*

Response DefaultHttpResponse(decodeResult: success, version: HTTP/1.1)
HTTP/1.1 200 OK
Content-Type: application/json; charset=utf-8
cache-control: no-cache
content-length: 30940

21:56:24.712 [AsyncHttpClient-1-6] DEBUG org.asynchttpclient.netty.channel.ChannelManager - Adding key: http://localhost:63706 for channel [id: 0x69d14130, L:/127.0.0.1:52416 - R:localhost/127.0.0.1:63706]
21:56:24.715 [main] DEBUG net.serenitybdd.core.photography.Darkroom - Send negative for processing for target\site\serenity\9165142de304eb692c5948f14836fa6b07b58ed06df9dbf34feb94ec2d758376.png
21:56:24.716 [Darkroom Processing Line] DEBUG net.serenitybdd.core.photography.DarkroomProcessingLine - Processing screenshot image in /var/screenshots/screenshot-2043822604129737038
21:56:24.716 [Darkroom Processing Line] DEBUG net.serenitybdd.core.photography.DarkroomProcessingLine - Saving screenshot to target\site\serenity\9165142de304eb692c5948f14836fa6b07b58ed06df9dbf34feb94ec2d758376.png
21:56:24.733 [Forwarding findElement on session 81c54d8ddce699a499f18745ecce5388 to remote] DEBUG org.asynchttpclient.netty.request.NettyRequestSender - Using pooled Channel '[id: 0x69d14130, L:/127.0.0.1:52416 - R:localhost/127.0.0.1:63706]' for 'POST' to 'http://localhost:63706/session/81c54d8ddce699a499f18745ecce5388/element'
21:56:24.733 [Forwarding findElement on session 81c54d8ddce699a499f18745ecce5388 to remote] DEBUG org.asynchttpclient.netty.request.NettyRequestSender - Using open Channel [id: 0x69d14130, L:/127.0.0.1:52416 - R:localhost/127.0.0.1:63706] for POST '/session/81c54d8ddce699a499f18745ecce5388/element'
21:56:25.581 [AsyncHttpClient-1-1] DEBUG org.asynchttpclient.netty.channel.DefaultChannelPool - Entry count for : http://localhost:52417 : 1
21:56:25.827 [AsyncHttpClient-1-6] DEBUG org.asynchttpclient.netty.handler.HttpHandler - 

Request DefaultHttpRequest(decodeResult: success, version: HTTP/1.1)
POST /session/81c54d8ddce699a499f18745ecce5388/element HTTP/1.1
User-Agent: selenium/4.1.2 (java windows)
Content-Length: 94
Content-Type: application/json; charset=utf-8
host: localhost:63706
accept: */*

Response DefaultHttpResponse(decodeResult: success, version: HTTP/1.1)
HTTP/1.1 200 OK
Content-Type: application/json; charset=utf-8
cache-control: no-cache
content-length: 88

21:56:25.827 [AsyncHttpClient-1-6] DEBUG org.asynchttpclient.netty.channel.ChannelManager - Adding key: http://localhost:63706 for channel [id: 0x69d14130, L:/127.0.0.1:52416 - R:localhost/127.0.0.1:63706]
21:56:25.844 [Forwarding isElementDisplayed on session 81c54d8ddce699a499f18745ecce5388 to remote] DEBUG org.asynchttpclient.netty.request.NettyRequestSender - Using pooled Channel '[id: 0x69d14130, L:/127.0.0.1:52416 - R:localhost/127.0.0.1:63706]' for 'POST' to 'http://localhost:63706/session/81c54d8ddce699a499f18745ecce5388/execute/sync'
21:56:25.844 [Forwarding isElementDisplayed on session 81c54d8ddce699a499f18745ecce5388 to remote] DEBUG org.asynchttpclient.netty.request.NettyRequestSender - Using open Channel [id: 0x69d14130, L:/127.0.0.1:52416 - R:localhost/127.0.0.1:63706] for POST '/session/81c54d8ddce699a499f18745ecce5388/execute/sync'
21:56:25.874 [AsyncHttpClient-1-6] DEBUG org.asynchttpclient.netty.handler.HttpHandler - 

Request DefaultHttpRequest(decodeResult: success, version: HTTP/1.1)
POST /session/81c54d8ddce699a499f18745ecce5388/execute/sync HTTP/1.1
User-Agent: selenium/4.1.2 (java windows)
Content-Length: 48780
Content-Type: application/json; charset=utf-8
host: localhost:63706
accept: */*

Response DefaultHttpResponse(decodeResult: success, version: HTTP/1.1)
HTTP/1.1 200 OK
Content-Type: application/json; charset=utf-8
cache-control: no-cache
content-length: 14

21:56:25.874 [AsyncHttpClient-1-6] DEBUG org.asynchttpclient.netty.channel.ChannelManager - Adding key: http://localhost:63706 for channel [id: 0x69d14130, L:/127.0.0.1:52416 - R:localhost/127.0.0.1:63706]
  &amp#27;[32mThen &amp#27;[0m&amp#27;[32mI can &amp#27;[0m&amp#27;[32m&amp#27;[1m"error"&amp#27;[0m&amp#27;[32m regist account&amp#27;[0m                                    &amp#27;[90m# starter.stepdefinitions.RegisterSteps.iCanRegistAccount(java.lang.String)&amp#27;[0m
21:56:25.883 [Forwarding screenshot on session 81c54d8ddce699a499f18745ecce5388 to remote] DEBUG org.asynchttpclient.netty.request.NettyRequestSender - Using pooled Channel '[id: 0x69d14130, L:/127.0.0.1:52416 - R:localhost/127.0.0.1:63706]' for 'GET' to 'http://localhost:63706/session/81c54d8ddce699a499f18745ecce5388/screenshot'
21:56:25.883 [Forwarding screenshot on session 81c54d8ddce699a499f18745ecce5388 to remote] DEBUG org.asynchttpclient.netty.request.NettyRequestSender - Using open Channel [id: 0x69d14130, L:/127.0.0.1:52416 - R:localhost/127.0.0.1:63706] for GET '/session/81c54d8ddce699a499f18745ecce5388/screenshot'
21:56:26.105 [AsyncHttpClient-1-6] DEBUG org.asynchttpclient.netty.handler.HttpHandler - 

Request DefaultFullHttpRequest(decodeResult: success, version: HTTP/1.1, content: EmptyByteBufBE)
GET /session/81c54d8ddce699a499f18745ecce5388/screenshot HTTP/1.1
User-Agent: selenium/4.1.2 (java windows)
Cache-Control: no-cache
Content-Type: application/json; charset=utf-8
host: localhost:63706
accept: */*

Response DefaultHttpResponse(decodeResult: success, version: HTTP/1.1)
HTTP/1.1 200 OK
Content-Type: application/json; charset=utf-8
cache-control: no-cache
content-length: 32436

21:56:26.105 [AsyncHttpClient-1-6] DEBUG org.asynchttpclient.netty.channel.ChannelManager - Adding key: http://localhost:63706 for channel [id: 0x69d14130, L:/127.0.0.1:52416 - R:localhost/127.0.0.1:63706]
21:56:26.108 [main] DEBUG net.serenitybdd.core.photography.Darkroom - Send negative for processing for target\site\serenity\9c41f107526c9a7045e66bd5142c4012e7ad9971379f7a597b0c04b6c827048d.png
21:56:26.109 [Darkroom Processing Line] DEBUG net.serenitybdd.core.photography.DarkroomProcessingLine - Processing screenshot image in /var/screenshots/screenshot-1943769623938242991
21:56:26.109 [Darkroom Processing Line] DEBUG net.serenitybdd.core.photography.DarkroomProcessingLine - Saving screenshot to target\site\serenity\9c41f107526c9a7045e66bd5142c4012e7ad9971379f7a597b0c04b6c827048d.png
21:56:26.117 [AsyncHttpClient-1-8] DEBUG org.asynchttpclient.netty.handler.WebSocketHandler - Channel Closed: [id: 0x390d2c29, L:/127.0.0.1:52423 ! R:localhost/127.0.0.1:52417] with attribute NettyResponseFuture{currentRetry=5,
	isDone=1,
	isCancelled=0,
	asyncHandler=org.asynchttpclient.ws.WebSocketUpgradeHandler@903f864,
	nettyRequest=org.asynchttpclient.netty.request.NettyRequest@20b83fc7,
	future=java.util.concurrent.CompletableFuture@7019e771[Completed normally],
	uri=ws://localhost:52417/devtools/browser/d14f362c-84d7-4d92-b39b-ff7d1b032ef4,
	keepAlive=true,
	redirectCount=0,
	timeoutsHolder=null,
	inAuth=0,
	touch=1667573781428}
21:56:26.117 [AsyncHttpClient-1-8] DEBUG org.asynchttpclient.netty.channel.ChannelManager - Closing Channel [id: 0x390d2c29, L:/127.0.0.1:52423 ! R:localhost/127.0.0.1:52417] 
21:56:26.117 [Driver Command Executor] DEBUG org.asynchttpclient.netty.request.NettyRequestSender - Using pooled Channel '[id: 0x69d14130, L:/127.0.0.1:52416 - R:localhost/127.0.0.1:63706]' for 'DELETE' to 'http://localhost:63706/session/81c54d8ddce699a499f18745ecce5388'
21:56:26.117 [Driver Command Executor] DEBUG org.asynchttpclient.netty.request.NettyRequestSender - Using open Channel [id: 0x69d14130, L:/127.0.0.1:52416 - R:localhost/127.0.0.1:63706] for DELETE '/session/81c54d8ddce699a499f18745ecce5388'
21:56:26.262 [AsyncHttpClient-1-7] DEBUG org.asynchttpclient.netty.handler.HttpHandler - Unexpected I/O exception on channel [id: 0x7e967c90, L:/127.0.0.1:52422 - R:localhost/127.0.0.1:52417]
java.io.IOException: An existing connection was forcibly closed by the remote host
	at java.base/sun.nio.ch.SocketDispatcher.read0(Native Method)
	at java.base/sun.nio.ch.SocketDispatcher.read(SocketDispatcher.java:43)
	at java.base/sun.nio.ch.IOUtil.readIntoNativeBuffer(IOUtil.java:276)
	at java.base/sun.nio.ch.IOUtil.read(IOUtil.java:233)
	at java.base/sun.nio.ch.IOUtil.read(IOUtil.java:223)
	at java.base/sun.nio.ch.SocketChannelImpl.read(SocketChannelImpl.java:358)
	at io.netty.buffer.PooledByteBuf.setBytes(PooledByteBuf.java:258)
	at io.netty.buffer.AbstractByteBuf.writeBytes(AbstractByteBuf.java:1132)
	at io.netty.channel.socket.nio.NioSocketChannel.doReadBytes(NioSocketChannel.java:350)
	at io.netty.channel.nio.AbstractNioByteChannel$NioByteUnsafe.read(AbstractNioByteChannel.java:151)
	at io.netty.channel.nio.NioEventLoop.processSelectedKey(NioEventLoop.java:722)
	at io.netty.channel.nio.NioEventLoop.processSelectedKeysOptimized(NioEventLoop.java:658)
	at io.netty.channel.nio.NioEventLoop.processSelectedKeys(NioEventLoop.java:584)
	at io.netty.channel.nio.NioEventLoop.run(NioEventLoop.java:496)
	at io.netty.util.concurrent.SingleThreadEventExecutor$4.run(SingleThreadEventExecutor.java:986)
	at io.netty.util.internal.ThreadExecutorMap$2.run(ThreadExecutorMap.java:74)
	at io.netty.util.concurrent.FastThreadLocalRunnable.run(FastThreadLocalRunnable.java:30)
	at java.base/java.lang.Thread.run(Thread.java:834)
21:56:26.262 [AsyncHttpClient-1-7] DEBUG org.asynchttpclient.netty.channel.ChannelManager - Closing Channel [id: 0x7e967c90, L:/127.0.0.1:52422 - R:localhost/127.0.0.1:52417] 
21:56:26.263 [AsyncHttpClient-1-7] DEBUG org.asynchttpclient.netty.handler.HttpHandler - Channel Closed: [id: 0x7e967c90, L:/127.0.0.1:52422 ! R:localhost/127.0.0.1:52417] with attribute DISCARD
21:56:26.296 [AsyncHttpClient-1-6] DEBUG org.asynchttpclient.netty.handler.HttpHandler - 

Request DefaultFullHttpRequest(decodeResult: success, version: HTTP/1.1, content: EmptyByteBufBE)
DELETE /session/81c54d8ddce699a499f18745ecce5388 HTTP/1.1
User-Agent: selenium/4.1.2 (java windows)
Content-Type: application/json; charset=utf-8
host: localhost:63706
accept: */*

Response DefaultHttpResponse(decodeResult: success, version: HTTP/1.1)
HTTP/1.1 200 OK
Content-Type: application/json; charset=utf-8
cache-control: no-cache
content-length: 14

21:56:26.296 [AsyncHttpClient-1-6] DEBUG org.asynchttpclient.netty.channel.ChannelManager - Adding key: http://localhost:63706 for channel [id: 0x69d14130, L:/127.0.0.1:52416 - R:localhost/127.0.0.1:63706]
21:56:26.460 [AsyncHttpClient-1-6] DEBUG org.asynchttpclient.netty.handler.HttpHandler - Channel Closed: [id: 0x69d14130, L:/127.0.0.1:52416 ! R:localhost/127.0.0.1:63706] with attribute DISCARD
21:56:26.535 [main] INFO  - 
  _____   ___   ___   _____     ___     _     ___   ___   ___   ___  
 |_   _| | __| / __| |_   _|   | _ \   /_\   / __| / __| | __| |   \ 
   | |   | _|  \__ \   | |     |  _/  / _ \  \__ \ \__ \ | _|  | |) |
   |_|   |___| |___/   |_|     |_|   /_/ \_\ |___/ |___/ |___| |___/ 

Login account
----------------------------------------------------------------------
]]></system-out>
    <system-err><![CDATA[Starting ChromeDriver 106.0.5249.61 (511755355844955cd3e264779baf0dd38212a4d0-refs/branch-heads/5249@{#569}) on port 63706
Only local connections are allowed.
Please see https://chromedriver.chromium.org/security-considerations for suggestions on keeping ChromeDriver safe.
ChromeDriver was started successfully.
[1667573781.167][WARNING]: This version of ChromeDriver has not been tested with Chrome version 107.
Nov 04, 2022 9:56:21 PM org.openqa.selenium.remote.ProtocolHandshake createSession
INFO: Detected dialect: W3C
Nov 04, 2022 9:56:21 PM org.openqa.selenium.devtools.CdpVersionFinder findNearestMatch
WARNING: Unable to find an exact match for CDP version 107, so returning the closest version found: a no-op implementation
Nov 04, 2022 9:56:21 PM org.openqa.selenium.devtools.CdpVersionFinder findNearestMatch
INFO: Unable to find CDP implementation matching 107.
Nov 04, 2022 9:56:21 PM org.openqa.selenium.chromium.ChromiumDriver lambda$new$3
WARNING: Unable to find version of CDP to use for . You may need to include a dependency on a specific version of the CDP using something similar to `org.seleniumhq.selenium:selenium-devtools-v86:4.1.2` where the version ("v86") matches the version of the chromium-based browser you're using and the version number of the artifact is the same as Selenium's.
]]></system-err>
  </testcase>
  <testcase name="Login account #3" classname="Register" time="7.923">
    <system-out><![CDATA[
@Registers @Register
Scenario Outline: Login account                     &amp#27;[90m# src/test/resources/features/Register.feature:17&amp#27;[0m
21:56:26.548 [main] INFO io.cucumber.core.plugin.SerenityReporter - Running feature from file:///C:/Users/ACER/Documents/Mini_Proyek/test-web/src/test/resources/features/Register.feature
21:56:26.595 [main] INFO net.serenitybdd.core.webdriver.driverproviders.ChromeDriverProvider - Using automatically driver download
21:56:26.680 [AsyncHttpClient-1-1] DEBUG org.asynchttpclient.netty.channel.DefaultChannelPool - Entry count for : http://localhost:52417 : 1
21:56:26.680 [AsyncHttpClient-1-1] DEBUG org.asynchttpclient.netty.channel.DefaultChannelPool - Entry count for : http://localhost:63706 : 1
21:56:26.680 [AsyncHttpClient-1-1] DEBUG org.asynchttpclient.netty.channel.DefaultChannelPool - Adding Candidate expired Channel [id: 0x7e967c90, L:/127.0.0.1:52422 ! R:localhost/127.0.0.1:52417] isIdleTimeoutExpired=false isRemotelyClosed=true isTtlExpired=false
21:56:26.680 [AsyncHttpClient-1-1] DEBUG org.asynchttpclient.netty.channel.DefaultChannelPool - Closing Idle Channel [id: 0x7e967c90, L:/127.0.0.1:52422 ! R:localhost/127.0.0.1:52417]
21:56:26.680 [AsyncHttpClient-1-1] DEBUG org.asynchttpclient.netty.channel.DefaultChannelPool - Adding Candidate expired Channel [id: 0x69d14130, L:/127.0.0.1:52416 ! R:localhost/127.0.0.1:63706] isIdleTimeoutExpired=false isRemotelyClosed=true isTtlExpired=false
21:56:26.680 [AsyncHttpClient-1-1] DEBUG org.asynchttpclient.netty.channel.DefaultChannelPool - Closing Idle Channel [id: 0x69d14130, L:/127.0.0.1:52416 ! R:localhost/127.0.0.1:63706]
21:56:26.680 [AsyncHttpClient-1-1] DEBUG org.asynchttpclient.netty.channel.DefaultChannelPool - Closed 2 connections out of 2 in 0 ms
21:56:26.959 [main] DEBUG io.github.bonigarcia.wdm.cache.ResolutionCache - Resolution chrome=107 in cache (valid until 22:53:45 04/11/2022 ICT)
21:56:26.971 [main] DEBUG io.github.bonigarcia.wdm.cache.ResolutionCache - Resolution chrome107=107.0.5304.62 in cache (valid until 21:53:45 05/11/2022 ICT)
21:56:26.990 [main] INFO io.github.bonigarcia.wdm.WebDriverManager - Using chromedriver 107.0.5304.62 (resolved driver for Chrome 107)
21:56:27.056 [main] DEBUG io.github.bonigarcia.wdm.WebDriverManager - Driver chromedriver 107.0.5304.62 found in cache
21:56:27.058 [main] INFO io.github.bonigarcia.wdm.WebDriverManager - Exporting webdriver.chrome.driver as C:\Users\ACER\.cache\selenium\chromedriver\win32\107.0.5304.62\chromedriver.exe
21:56:28.198 [main] DEBUG net.serenitybdd.core.webdriver.driverproviders.ProvideNewDriver - Instantiating driver
21:56:28.198 [main] DEBUG net.serenitybdd.core.webdriver.driverproviders.ProvideNewDriver - Driver capabilities: Capabilities {acceptInsecureCerts: false, base.url: https://alta-shop.vercel.app, browserName: chrome, chrome.driver: src/test/resources/webdrive..., driver: chrome, goog:chromeOptions: {args: [], extensions: []}, wait.for.timeout: 15000}
21:56:28.412 [AsyncHttpClient-1-9] DEBUG org.asynchttpclient.netty.channel.NettyConnectListener - Using new Channel '[id: 0xd615a4b1, L:/127.0.0.1:52440 - R:localhost/127.0.0.1:59497]' for 'POST' to '/session'
21:56:29.637 [AsyncHttpClient-1-9] DEBUG org.asynchttpclient.netty.handler.HttpHandler - 

Request DefaultHttpRequest(decodeResult: success, version: HTTP/1.1)
POST /session HTTP/1.1
User-Agent: selenium/4.1.2 (java windows)
Content-Length: 640
Content-Type: application/json; charset=utf-8
host: localhost:59497
accept: */*

Response DefaultHttpResponse(decodeResult: success, version: HTTP/1.1)
HTTP/1.1 200 OK
Content-Type: application/json; charset=utf-8
cache-control: no-cache
content-length: 786

21:56:29.637 [AsyncHttpClient-1-9] DEBUG org.asynchttpclient.netty.channel.ChannelManager - Adding key: http://localhost:59497 for channel [id: 0xd615a4b1, L:/127.0.0.1:52440 - R:localhost/127.0.0.1:59497]
21:56:29.649 [AsyncHttpClient-1-2] DEBUG org.asynchttpclient.netty.channel.NettyConnectListener - Using new Channel '[id: 0x0be6eed1, L:/127.0.0.1:52447 - R:localhost/127.0.0.1:52441]' for 'GET' to '/json/version'
21:56:29.652 [AsyncHttpClient-1-2] DEBUG org.asynchttpclient.netty.handler.HttpHandler - 

Request DefaultFullHttpRequest(decodeResult: success, version: HTTP/1.1, content: EmptyByteBufBE)
GET /json/version HTTP/1.1
User-Agent: selenium/4.1.2 (java windows)
host: localhost:52441
accept: */*

Response DefaultHttpResponse(decodeResult: success, version: HTTP/1.1)
HTTP/1.1 200 OK
Content-Type: application/json; charset=UTF-8
content-length: 423

21:56:29.652 [AsyncHttpClient-1-2] DEBUG org.asynchttpclient.netty.channel.ChannelManager - Adding key: http://localhost:52441 for channel [id: 0x0be6eed1, L:/127.0.0.1:52447 - R:localhost/127.0.0.1:52441]
21:56:29.657 [AsyncHttpClient-1-3] DEBUG org.asynchttpclient.netty.channel.NettyConnectListener - Using new Channel '[id: 0xc4422b8f, L:/127.0.0.1:52448 - R:localhost/127.0.0.1:52441]' for 'GET' to '/devtools/browser/41d82e50-078e-403e-9bfb-e6521b6f3d1e'
21:56:29.658 [AsyncHttpClient-1-3] DEBUG org.asynchttpclient.netty.handler.WebSocketHandler - 

Request DefaultFullHttpRequest(decodeResult: success, version: HTTP/1.1, content: EmptyByteBufBE)
GET /devtools/browser/41d82e50-078e-403e-9bfb-e6521b6f3d1e HTTP/1.1
upgrade: websocket
connection: upgrade
sec-websocket-key: n9bg7mBVAO9KU87Z9oTCTA==
sec-websocket-version: 13
origin: http://localhost:52441
host: localhost:52441
accept: */*
user-agent: AHC/2.1

Response DefaultHttpResponse(decodeResult: success, version: HTTP/1.1)
HTTP/1.1 101 WebSocket Protocol Handshake
Upgrade: WebSocket
Connection: Upgrade
Sec-WebSocket-Accept: VK0ksW+E1oCqB4qZ3+I1xOoMNeM=

21:56:29.667 [Forwarding get on session def3373a879861680ec932286740402e to remote] DEBUG org.asynchttpclient.netty.request.NettyRequestSender - Using pooled Channel '[id: 0xd615a4b1, L:/127.0.0.1:52440 - R:localhost/127.0.0.1:59497]' for 'POST' to 'http://localhost:59497/session/def3373a879861680ec932286740402e/url'
21:56:29.667 [Forwarding get on session def3373a879861680ec932286740402e to remote] DEBUG org.asynchttpclient.netty.request.NettyRequestSender - Using open Channel [id: 0xd615a4b1, L:/127.0.0.1:52440 - R:localhost/127.0.0.1:59497] for POST '/session/def3373a879861680ec932286740402e/url'
21:56:29.973 [AsyncHttpClient-1-1] DEBUG org.asynchttpclient.netty.channel.DefaultChannelPool - Entry count for : http://localhost:52441 : 1
21:56:30.909 [AsyncHttpClient-1-9] DEBUG org.asynchttpclient.netty.handler.HttpHandler - 

Request DefaultHttpRequest(decodeResult: success, version: HTTP/1.1)
POST /session/def3373a879861680ec932286740402e/url HTTP/1.1
User-Agent: selenium/4.1.2 (java windows)
Content-Length: 77
Content-Type: application/json; charset=utf-8
host: localhost:59497
accept: */*

Response DefaultHttpResponse(decodeResult: success, version: HTTP/1.1)
HTTP/1.1 200 OK
Content-Type: application/json; charset=utf-8
cache-control: no-cache
content-length: 14

21:56:30.909 [AsyncHttpClient-1-9] DEBUG org.asynchttpclient.netty.channel.ChannelManager - Adding key: http://localhost:59497 for channel [id: 0xd615a4b1, L:/127.0.0.1:52440 - R:localhost/127.0.0.1:59497]
21:56:30.912 [Forwarding setTimeout on session def3373a879861680ec932286740402e to remote] DEBUG org.asynchttpclient.netty.request.NettyRequestSender - Using pooled Channel '[id: 0xd615a4b1, L:/127.0.0.1:52440 - R:localhost/127.0.0.1:59497]' for 'POST' to 'http://localhost:59497/session/def3373a879861680ec932286740402e/timeouts'
21:56:30.912 [Forwarding setTimeout on session def3373a879861680ec932286740402e to remote] DEBUG org.asynchttpclient.netty.request.NettyRequestSender - Using open Channel [id: 0xd615a4b1, L:/127.0.0.1:52440 - R:localhost/127.0.0.1:59497] for POST '/session/def3373a879861680ec932286740402e/timeouts'
21:56:30.961 [AsyncHttpClient-1-9] DEBUG org.asynchttpclient.netty.handler.HttpHandler - 

Request DefaultHttpRequest(decodeResult: success, version: HTTP/1.1)
POST /session/def3373a879861680ec932286740402e/timeouts HTTP/1.1
User-Agent: selenium/4.1.2 (java windows)
Content-Length: 22
Content-Type: application/json; charset=utf-8
host: localhost:59497
accept: */*

Response DefaultHttpResponse(decodeResult: success, version: HTTP/1.1)
HTTP/1.1 200 OK
Content-Type: application/json; charset=utf-8
cache-control: no-cache
content-length: 14

21:56:30.961 [AsyncHttpClient-1-9] DEBUG org.asynchttpclient.netty.channel.ChannelManager - Adding key: http://localhost:59497 for channel [id: 0xd615a4b1, L:/127.0.0.1:52440 - R:localhost/127.0.0.1:59497]
21:56:30.980 [Forwarding getCurrentUrl on session def3373a879861680ec932286740402e to remote] DEBUG org.asynchttpclient.netty.request.NettyRequestSender - Using pooled Channel '[id: 0xd615a4b1, L:/127.0.0.1:52440 - R:localhost/127.0.0.1:59497]' for 'GET' to 'http://localhost:59497/session/def3373a879861680ec932286740402e/url'
21:56:30.980 [Forwarding getCurrentUrl on session def3373a879861680ec932286740402e to remote] DEBUG org.asynchttpclient.netty.request.NettyRequestSender - Using open Channel [id: 0xd615a4b1, L:/127.0.0.1:52440 - R:localhost/127.0.0.1:59497] for GET '/session/def3373a879861680ec932286740402e/url'
21:56:30.990 [AsyncHttpClient-1-9] DEBUG org.asynchttpclient.netty.handler.HttpHandler - 

Request DefaultFullHttpRequest(decodeResult: success, version: HTTP/1.1, content: EmptyByteBufBE)
GET /session/def3373a879861680ec932286740402e/url HTTP/1.1
User-Agent: selenium/4.1.2 (java windows)
Cache-Control: no-cache
Content-Type: application/json; charset=utf-8
host: localhost:59497
accept: */*

Response DefaultHttpResponse(decodeResult: success, version: HTTP/1.1)
HTTP/1.1 200 OK
Content-Type: application/json; charset=utf-8
cache-control: no-cache
content-length: 54

21:56:30.990 [AsyncHttpClient-1-9] DEBUG org.asynchttpclient.netty.channel.ChannelManager - Adding key: http://localhost:59497 for channel [id: 0xd615a4b1, L:/127.0.0.1:52440 - R:localhost/127.0.0.1:59497]
  &amp#27;[32mGiven &amp#27;[0m&amp#27;[32mI am on the register page&amp#27;[0m                   &amp#27;[90m# starter.stepdefinitions.RegisterSteps.iAmOnTheRegisterPage()&amp#27;[0m
21:56:31.006 [Forwarding screenshot on session def3373a879861680ec932286740402e to remote] DEBUG org.asynchttpclient.netty.request.NettyRequestSender - Using pooled Channel '[id: 0xd615a4b1, L:/127.0.0.1:52440 - R:localhost/127.0.0.1:59497]' for 'GET' to 'http://localhost:59497/session/def3373a879861680ec932286740402e/screenshot'
21:56:31.006 [Forwarding screenshot on session def3373a879861680ec932286740402e to remote] DEBUG org.asynchttpclient.netty.request.NettyRequestSender - Using open Channel [id: 0xd615a4b1, L:/127.0.0.1:52440 - R:localhost/127.0.0.1:59497] for GET '/session/def3373a879861680ec932286740402e/screenshot'
21:56:31.074 [AsyncHttpClient-1-1] DEBUG org.asynchttpclient.netty.channel.DefaultChannelPool - Entry count for : http://localhost:52441 : 1
21:56:31.542 [AsyncHttpClient-1-9] DEBUG org.asynchttpclient.netty.handler.HttpHandler - 

Request DefaultFullHttpRequest(decodeResult: success, version: HTTP/1.1, content: EmptyByteBufBE)
GET /session/def3373a879861680ec932286740402e/screenshot HTTP/1.1
User-Agent: selenium/4.1.2 (java windows)
Cache-Control: no-cache
Content-Type: application/json; charset=utf-8
host: localhost:59497
accept: */*

Response DefaultHttpResponse(decodeResult: success, version: HTTP/1.1)
HTTP/1.1 200 OK
Content-Type: application/json; charset=utf-8
cache-control: no-cache
content-length: 27776

21:56:31.543 [AsyncHttpClient-1-9] DEBUG org.asynchttpclient.netty.channel.ChannelManager - Adding key: http://localhost:59497 for channel [id: 0xd615a4b1, L:/127.0.0.1:52440 - R:localhost/127.0.0.1:59497]
21:56:31.545 [main] DEBUG net.serenitybdd.core.photography.Darkroom - Send negative for processing for target\site\serenity\5614d7ac09ab28024b7794e4926fd62aaf1c4e177161628049e76cced9586992.png
21:56:31.556 [Forwarding findElement on session def3373a879861680ec932286740402e to remote] DEBUG org.asynchttpclient.netty.request.NettyRequestSender - Using pooled Channel '[id: 0xd615a4b1, L:/127.0.0.1:52440 - R:localhost/127.0.0.1:59497]' for 'POST' to 'http://localhost:59497/session/def3373a879861680ec932286740402e/element'
21:56:31.556 [Forwarding findElement on session def3373a879861680ec932286740402e to remote] DEBUG org.asynchttpclient.netty.request.NettyRequestSender - Using open Channel [id: 0xd615a4b1, L:/127.0.0.1:52440 - R:localhost/127.0.0.1:59497] for POST '/session/def3373a879861680ec932286740402e/element'
21:56:31.572 [AsyncHttpClient-1-9] DEBUG org.asynchttpclient.netty.handler.HttpHandler - 

Request DefaultHttpRequest(decodeResult: success, version: HTTP/1.1)
POST /session/def3373a879861680ec932286740402e/element HTTP/1.1
User-Agent: selenium/4.1.2 (java windows)
Content-Length: 95
Content-Type: application/json; charset=utf-8
host: localhost:59497
accept: */*

Response DefaultHttpResponse(decodeResult: success, version: HTTP/1.1)
HTTP/1.1 200 OK
Content-Type: application/json; charset=utf-8
cache-control: no-cache
content-length: 88

21:56:31.572 [AsyncHttpClient-1-9] DEBUG org.asynchttpclient.netty.channel.ChannelManager - Adding key: http://localhost:59497 for channel [id: 0xd615a4b1, L:/127.0.0.1:52440 - R:localhost/127.0.0.1:59497]
21:56:31.574 [Forwarding clearElement on session def3373a879861680ec932286740402e to remote] DEBUG org.asynchttpclient.netty.request.NettyRequestSender - Using pooled Channel '[id: 0xd615a4b1, L:/127.0.0.1:52440 - R:localhost/127.0.0.1:59497]' for 'POST' to 'http://localhost:59497/session/def3373a879861680ec932286740402e/element/4b8abb52-c987-422d-903a-f8e7317c58fb/clear'
21:56:31.574 [Forwarding clearElement on session def3373a879861680ec932286740402e to remote] DEBUG org.asynchttpclient.netty.request.NettyRequestSender - Using open Channel [id: 0xd615a4b1, L:/127.0.0.1:52440 - R:localhost/127.0.0.1:59497] for POST '/session/def3373a879861680ec932286740402e/element/4b8abb52-c987-422d-903a-f8e7317c58fb/clear'
21:56:31.622 [AsyncHttpClient-1-9] DEBUG org.asynchttpclient.netty.handler.HttpHandler - 

Request DefaultHttpRequest(decodeResult: success, version: HTTP/1.1)
POST /session/def3373a879861680ec932286740402e/element/4b8abb52-c987-422d-903a-f8e7317c58fb/clear HTTP/1.1
User-Agent: selenium/4.1.2 (java windows)
Content-Length: 50
Content-Type: application/json; charset=utf-8
host: localhost:59497
accept: */*

Response DefaultHttpResponse(decodeResult: success, version: HTTP/1.1)
HTTP/1.1 200 OK
Content-Type: application/json; charset=utf-8
cache-control: no-cache
content-length: 14

21:56:31.623 [AsyncHttpClient-1-9] DEBUG org.asynchttpclient.netty.channel.ChannelManager - Adding key: http://localhost:59497 for channel [id: 0xd615a4b1, L:/127.0.0.1:52440 - R:localhost/127.0.0.1:59497]
21:56:31.624 [Forwarding sendKeysToElement on session def3373a879861680ec932286740402e to remote] DEBUG org.asynchttpclient.netty.request.NettyRequestSender - Using pooled Channel '[id: 0xd615a4b1, L:/127.0.0.1:52440 - R:localhost/127.0.0.1:59497]' for 'POST' to 'http://localhost:59497/session/def3373a879861680ec932286740402e/element/4b8abb52-c987-422d-903a-f8e7317c58fb/value'
21:56:31.624 [Forwarding sendKeysToElement on session def3373a879861680ec932286740402e to remote] DEBUG org.asynchttpclient.netty.request.NettyRequestSender - Using open Channel [id: 0xd615a4b1, L:/127.0.0.1:52440 - R:localhost/127.0.0.1:59497] for POST '/session/def3373a879861680ec932286740402e/element/4b8abb52-c987-422d-903a-f8e7317c58fb/value'
21:56:31.687 [AsyncHttpClient-1-9] DEBUG org.asynchttpclient.netty.handler.HttpHandler - 

Request DefaultHttpRequest(decodeResult: success, version: HTTP/1.1)
POST /session/def3373a879861680ec932286740402e/element/4b8abb52-c987-422d-903a-f8e7317c58fb/value HTTP/1.1
User-Agent: selenium/4.1.2 (java windows)
Content-Length: 82
Content-Type: application/json; charset=utf-8
host: localhost:59497
accept: */*

Response DefaultHttpResponse(decodeResult: success, version: HTTP/1.1)
HTTP/1.1 200 OK
Content-Type: application/json; charset=utf-8
cache-control: no-cache
content-length: 14

21:56:31.688 [AsyncHttpClient-1-9] DEBUG org.asynchttpclient.netty.channel.ChannelManager - Adding key: http://localhost:59497 for channel [id: 0xd615a4b1, L:/127.0.0.1:52440 - R:localhost/127.0.0.1:59497]
21:56:31.700 [Forwarding findElement on session def3373a879861680ec932286740402e to remote] DEBUG org.asynchttpclient.netty.request.NettyRequestSender - Using pooled Channel '[id: 0xd615a4b1, L:/127.0.0.1:52440 - R:localhost/127.0.0.1:59497]' for 'POST' to 'http://localhost:59497/session/def3373a879861680ec932286740402e/element'
21:56:31.700 [Forwarding findElement on session def3373a879861680ec932286740402e to remote] DEBUG org.asynchttpclient.netty.request.NettyRequestSender - Using open Channel [id: 0xd615a4b1, L:/127.0.0.1:52440 - R:localhost/127.0.0.1:59497] for POST '/session/def3373a879861680ec932286740402e/element'
21:56:31.720 [AsyncHttpClient-1-9] DEBUG org.asynchttpclient.netty.handler.HttpHandler - 

Request DefaultHttpRequest(decodeResult: success, version: HTTP/1.1)
POST /session/def3373a879861680ec932286740402e/element HTTP/1.1
User-Agent: selenium/4.1.2 (java windows)
Content-Length: 88
Content-Type: application/json; charset=utf-8
host: localhost:59497
accept: */*

Response DefaultHttpResponse(decodeResult: success, version: HTTP/1.1)
HTTP/1.1 200 OK
Content-Type: application/json; charset=utf-8
cache-control: no-cache
content-length: 88

21:56:31.721 [AsyncHttpClient-1-9] DEBUG org.asynchttpclient.netty.channel.ChannelManager - Adding key: http://localhost:59497 for channel [id: 0xd615a4b1, L:/127.0.0.1:52440 - R:localhost/127.0.0.1:59497]
21:56:31.723 [Forwarding clearElement on session def3373a879861680ec932286740402e to remote] DEBUG org.asynchttpclient.netty.request.NettyRequestSender - Using pooled Channel '[id: 0xd615a4b1, L:/127.0.0.1:52440 - R:localhost/127.0.0.1:59497]' for 'POST' to 'http://localhost:59497/session/def3373a879861680ec932286740402e/element/d4a44aba-4cb6-4273-83b2-93e17ed4a8e8/clear'
21:56:31.723 [Forwarding clearElement on session def3373a879861680ec932286740402e to remote] DEBUG org.asynchttpclient.netty.request.NettyRequestSender - Using open Channel [id: 0xd615a4b1, L:/127.0.0.1:52440 - R:localhost/127.0.0.1:59497] for POST '/session/def3373a879861680ec932286740402e/element/d4a44aba-4cb6-4273-83b2-93e17ed4a8e8/clear'
21:56:31.777 [AsyncHttpClient-1-9] DEBUG org.asynchttpclient.netty.handler.HttpHandler - 

Request DefaultHttpRequest(decodeResult: success, version: HTTP/1.1)
POST /session/def3373a879861680ec932286740402e/element/d4a44aba-4cb6-4273-83b2-93e17ed4a8e8/clear HTTP/1.1
User-Agent: selenium/4.1.2 (java windows)
Content-Length: 50
Content-Type: application/json; charset=utf-8
host: localhost:59497
accept: */*

Response DefaultHttpResponse(decodeResult: success, version: HTTP/1.1)
HTTP/1.1 200 OK
Content-Type: application/json; charset=utf-8
cache-control: no-cache
content-length: 14

21:56:31.777 [AsyncHttpClient-1-9] DEBUG org.asynchttpclient.netty.channel.ChannelManager - Adding key: http://localhost:59497 for channel [id: 0xd615a4b1, L:/127.0.0.1:52440 - R:localhost/127.0.0.1:59497]
21:56:31.779 [Forwarding sendKeysToElement on session def3373a879861680ec932286740402e to remote] DEBUG org.asynchttpclient.netty.request.NettyRequestSender - Using pooled Channel '[id: 0xd615a4b1, L:/127.0.0.1:52440 - R:localhost/127.0.0.1:59497]' for 'POST' to 'http://localhost:59497/session/def3373a879861680ec932286740402e/element/d4a44aba-4cb6-4273-83b2-93e17ed4a8e8/value'
21:56:31.779 [Forwarding sendKeysToElement on session def3373a879861680ec932286740402e to remote] DEBUG org.asynchttpclient.netty.request.NettyRequestSender - Using open Channel [id: 0xd615a4b1, L:/127.0.0.1:52440 - R:localhost/127.0.0.1:59497] for POST '/session/def3373a879861680ec932286740402e/element/d4a44aba-4cb6-4273-83b2-93e17ed4a8e8/value'
21:56:31.855 [AsyncHttpClient-1-9] DEBUG org.asynchttpclient.netty.handler.HttpHandler - 

Request DefaultHttpRequest(decodeResult: success, version: HTTP/1.1)
POST /session/def3373a879861680ec932286740402e/element/d4a44aba-4cb6-4273-83b2-93e17ed4a8e8/value HTTP/1.1
User-Agent: selenium/4.1.2 (java windows)
Content-Length: 82
Content-Type: application/json; charset=utf-8
host: localhost:59497
accept: */*

Response DefaultHttpResponse(decodeResult: success, version: HTTP/1.1)
HTTP/1.1 200 OK
Content-Type: application/json; charset=utf-8
cache-control: no-cache
content-length: 14

21:56:31.855 [AsyncHttpClient-1-9] DEBUG org.asynchttpclient.netty.channel.ChannelManager - Adding key: http://localhost:59497 for channel [id: 0xd615a4b1, L:/127.0.0.1:52440 - R:localhost/127.0.0.1:59497]
21:56:31.868 [Forwarding findElement on session def3373a879861680ec932286740402e to remote] DEBUG org.asynchttpclient.netty.request.NettyRequestSender - Using pooled Channel '[id: 0xd615a4b1, L:/127.0.0.1:52440 - R:localhost/127.0.0.1:59497]' for 'POST' to 'http://localhost:59497/session/def3373a879861680ec932286740402e/element'
21:56:31.869 [Forwarding findElement on session def3373a879861680ec932286740402e to remote] DEBUG org.asynchttpclient.netty.request.NettyRequestSender - Using open Channel [id: 0xd615a4b1, L:/127.0.0.1:52440 - R:localhost/127.0.0.1:59497] for POST '/session/def3373a879861680ec932286740402e/element'
21:56:31.894 [AsyncHttpClient-1-9] DEBUG org.asynchttpclient.netty.handler.HttpHandler - 

Request DefaultHttpRequest(decodeResult: success, version: HTTP/1.1)
POST /session/def3373a879861680ec932286740402e/element HTTP/1.1
User-Agent: selenium/4.1.2 (java windows)
Content-Length: 97
Content-Type: application/json; charset=utf-8
host: localhost:59497
accept: */*

Response DefaultHttpResponse(decodeResult: success, version: HTTP/1.1)
HTTP/1.1 200 OK
Content-Type: application/json; charset=utf-8
cache-control: no-cache
content-length: 88

21:56:31.895 [AsyncHttpClient-1-9] DEBUG org.asynchttpclient.netty.channel.ChannelManager - Adding key: http://localhost:59497 for channel [id: 0xd615a4b1, L:/127.0.0.1:52440 - R:localhost/127.0.0.1:59497]
21:56:31.900 [Forwarding clearElement on session def3373a879861680ec932286740402e to remote] DEBUG org.asynchttpclient.netty.request.NettyRequestSender - Using pooled Channel '[id: 0xd615a4b1, L:/127.0.0.1:52440 - R:localhost/127.0.0.1:59497]' for 'POST' to 'http://localhost:59497/session/def3373a879861680ec932286740402e/element/1a9394a2-e09e-4c6b-804b-de23c434d96a/clear'
21:56:31.900 [Forwarding clearElement on session def3373a879861680ec932286740402e to remote] DEBUG org.asynchttpclient.netty.request.NettyRequestSender - Using open Channel [id: 0xd615a4b1, L:/127.0.0.1:52440 - R:localhost/127.0.0.1:59497] for POST '/session/def3373a879861680ec932286740402e/element/1a9394a2-e09e-4c6b-804b-de23c434d96a/clear'
21:56:31.960 [AsyncHttpClient-1-9] DEBUG org.asynchttpclient.netty.handler.HttpHandler - 

Request DefaultHttpRequest(decodeResult: success, version: HTTP/1.1)
POST /session/def3373a879861680ec932286740402e/element/1a9394a2-e09e-4c6b-804b-de23c434d96a/clear HTTP/1.1
User-Agent: selenium/4.1.2 (java windows)
Content-Length: 50
Content-Type: application/json; charset=utf-8
host: localhost:59497
accept: */*

Response DefaultHttpResponse(decodeResult: success, version: HTTP/1.1)
HTTP/1.1 200 OK
Content-Type: application/json; charset=utf-8
cache-control: no-cache
content-length: 14

21:56:31.960 [AsyncHttpClient-1-9] DEBUG org.asynchttpclient.netty.channel.ChannelManager - Adding key: http://localhost:59497 for channel [id: 0xd615a4b1, L:/127.0.0.1:52440 - R:localhost/127.0.0.1:59497]
21:56:31.962 [Forwarding sendKeysToElement on session def3373a879861680ec932286740402e to remote] DEBUG org.asynchttpclient.netty.request.NettyRequestSender - Using pooled Channel '[id: 0xd615a4b1, L:/127.0.0.1:52440 - R:localhost/127.0.0.1:59497]' for 'POST' to 'http://localhost:59497/session/def3373a879861680ec932286740402e/element/1a9394a2-e09e-4c6b-804b-de23c434d96a/value'
21:56:31.962 [Forwarding sendKeysToElement on session def3373a879861680ec932286740402e to remote] DEBUG org.asynchttpclient.netty.request.NettyRequestSender - Using open Channel [id: 0xd615a4b1, L:/127.0.0.1:52440 - R:localhost/127.0.0.1:59497] for POST '/session/def3373a879861680ec932286740402e/element/1a9394a2-e09e-4c6b-804b-de23c434d96a/value'
21:56:32.025 [AsyncHttpClient-1-9] DEBUG org.asynchttpclient.netty.handler.HttpHandler - 

Request DefaultHttpRequest(decodeResult: success, version: HTTP/1.1)
POST /session/def3373a879861680ec932286740402e/element/1a9394a2-e09e-4c6b-804b-de23c434d96a/value HTTP/1.1
User-Agent: selenium/4.1.2 (java windows)
Content-Length: 82
Content-Type: application/json; charset=utf-8
host: localhost:59497
accept: */*

Response DefaultHttpResponse(decodeResult: success, version: HTTP/1.1)
HTTP/1.1 200 OK
Content-Type: application/json; charset=utf-8
cache-control: no-cache
content-length: 14

21:56:32.025 [AsyncHttpClient-1-9] DEBUG org.asynchttpclient.netty.channel.ChannelManager - Adding key: http://localhost:59497 for channel [id: 0xd615a4b1, L:/127.0.0.1:52440 - R:localhost/127.0.0.1:59497]
  &amp#27;[32mWhen &amp#27;[0m&amp#27;[32mI input &amp#27;[0m&amp#27;[32m&amp#27;[1m""&amp#27;[0m&amp#27;[32m fullname &amp#27;[0m&amp#27;[32m&amp#27;[1m""&amp#27;[0m&amp#27;[32m email and &amp#27;[0m&amp#27;[32m&amp#27;[1m""&amp#27;[0m&amp#27;[32m password&amp#27;[0m &amp#27;[90m# starter.stepdefinitions.RegisterSteps.iInputFullnameEmailAndPassword(java.lang.String,java.lang.String,java.lang.String)&amp#27;[0m
21:56:32.041 [Forwarding screenshot on session def3373a879861680ec932286740402e to remote] DEBUG org.asynchttpclient.netty.request.NettyRequestSender - Using pooled Channel '[id: 0xd615a4b1, L:/127.0.0.1:52440 - R:localhost/127.0.0.1:59497]' for 'GET' to 'http://localhost:59497/session/def3373a879861680ec932286740402e/screenshot'
21:56:32.042 [Forwarding screenshot on session def3373a879861680ec932286740402e to remote] DEBUG org.asynchttpclient.netty.request.NettyRequestSender - Using open Channel [id: 0xd615a4b1, L:/127.0.0.1:52440 - R:localhost/127.0.0.1:59497] for GET '/session/def3373a879861680ec932286740402e/screenshot'
21:56:32.181 [AsyncHttpClient-1-1] DEBUG org.asynchttpclient.netty.channel.DefaultChannelPool - Entry count for : http://localhost:52441 : 1
21:56:32.241 [AsyncHttpClient-1-9] DEBUG org.asynchttpclient.netty.handler.HttpHandler - 

Request DefaultFullHttpRequest(decodeResult: success, version: HTTP/1.1, content: EmptyByteBufBE)
GET /session/def3373a879861680ec932286740402e/screenshot HTTP/1.1
User-Agent: selenium/4.1.2 (java windows)
Cache-Control: no-cache
Content-Type: application/json; charset=utf-8
host: localhost:59497
accept: */*

Response DefaultHttpResponse(decodeResult: success, version: HTTP/1.1)
HTTP/1.1 200 OK
Content-Type: application/json; charset=utf-8
cache-control: no-cache
content-length: 28180

21:56:32.242 [AsyncHttpClient-1-9] DEBUG org.asynchttpclient.netty.channel.ChannelManager - Adding key: http://localhost:59497 for channel [id: 0xd615a4b1, L:/127.0.0.1:52440 - R:localhost/127.0.0.1:59497]
21:56:32.243 [main] DEBUG net.serenitybdd.core.photography.Darkroom - Send negative for processing for target\site\serenity\3756304b69fd8c1b69ce53f95c8aaf8b49a599c9a4ffa466c554c222b3a101c2.png
21:56:32.244 [Darkroom Processing Line] DEBUG net.serenitybdd.core.photography.DarkroomProcessingLine - Processing screenshot image in /var/screenshots/screenshot-14950661184701131027
21:56:32.244 [Darkroom Processing Line] DEBUG net.serenitybdd.core.photography.DarkroomProcessingLine - Saving screenshot to target\site\serenity\3756304b69fd8c1b69ce53f95c8aaf8b49a599c9a4ffa466c554c222b3a101c2.png
21:56:32.258 [Forwarding findElement on session def3373a879861680ec932286740402e to remote] DEBUG org.asynchttpclient.netty.request.NettyRequestSender - Using pooled Channel '[id: 0xd615a4b1, L:/127.0.0.1:52440 - R:localhost/127.0.0.1:59497]' for 'POST' to 'http://localhost:59497/session/def3373a879861680ec932286740402e/element'
21:56:32.258 [Forwarding findElement on session def3373a879861680ec932286740402e to remote] DEBUG org.asynchttpclient.netty.request.NettyRequestSender - Using open Channel [id: 0xd615a4b1, L:/127.0.0.1:52440 - R:localhost/127.0.0.1:59497] for POST '/session/def3373a879861680ec932286740402e/element'
21:56:32.276 [AsyncHttpClient-1-9] DEBUG org.asynchttpclient.netty.handler.HttpHandler - 

Request DefaultHttpRequest(decodeResult: success, version: HTTP/1.1)
POST /session/def3373a879861680ec932286740402e/element HTTP/1.1
User-Agent: selenium/4.1.2 (java windows)
Content-Length: 86
Content-Type: application/json; charset=utf-8
host: localhost:59497
accept: */*

Response DefaultHttpResponse(decodeResult: success, version: HTTP/1.1)
HTTP/1.1 200 OK
Content-Type: application/json; charset=utf-8
cache-control: no-cache
content-length: 88

21:56:32.276 [AsyncHttpClient-1-9] DEBUG org.asynchttpclient.netty.channel.ChannelManager - Adding key: http://localhost:59497 for channel [id: 0xd615a4b1, L:/127.0.0.1:52440 - R:localhost/127.0.0.1:59497]
21:56:32.277 [Forwarding getElementTagName on session def3373a879861680ec932286740402e to remote] DEBUG org.asynchttpclient.netty.request.NettyRequestSender - Using pooled Channel '[id: 0xd615a4b1, L:/127.0.0.1:52440 - R:localhost/127.0.0.1:59497]' for 'GET' to 'http://localhost:59497/session/def3373a879861680ec932286740402e/element/e69188a5-9945-455f-9465-59f59da5d645/name'
21:56:32.277 [Forwarding getElementTagName on session def3373a879861680ec932286740402e to remote] DEBUG org.asynchttpclient.netty.request.NettyRequestSender - Using open Channel [id: 0xd615a4b1, L:/127.0.0.1:52440 - R:localhost/127.0.0.1:59497] for GET '/session/def3373a879861680ec932286740402e/element/e69188a5-9945-455f-9465-59f59da5d645/name'
21:56:32.286 [AsyncHttpClient-1-9] DEBUG org.asynchttpclient.netty.handler.HttpHandler - 

Request DefaultFullHttpRequest(decodeResult: success, version: HTTP/1.1, content: EmptyByteBufBE)
GET /session/def3373a879861680ec932286740402e/element/e69188a5-9945-455f-9465-59f59da5d645/name HTTP/1.1
User-Agent: selenium/4.1.2 (java windows)
Cache-Control: no-cache
Content-Type: application/json; charset=utf-8
host: localhost:59497
accept: */*

Response DefaultHttpResponse(decodeResult: success, version: HTTP/1.1)
HTTP/1.1 200 OK
Content-Type: application/json; charset=utf-8
cache-control: no-cache
content-length: 16

21:56:32.286 [AsyncHttpClient-1-9] DEBUG org.asynchttpclient.netty.channel.ChannelManager - Adding key: http://localhost:59497 for channel [id: 0xd615a4b1, L:/127.0.0.1:52440 - R:localhost/127.0.0.1:59497]
21:56:32.287 [Forwarding getElementTagName on session def3373a879861680ec932286740402e to remote] DEBUG org.asynchttpclient.netty.request.NettyRequestSender - Using pooled Channel '[id: 0xd615a4b1, L:/127.0.0.1:52440 - R:localhost/127.0.0.1:59497]' for 'GET' to 'http://localhost:59497/session/def3373a879861680ec932286740402e/element/e69188a5-9945-455f-9465-59f59da5d645/name'
21:56:32.287 [Forwarding getElementTagName on session def3373a879861680ec932286740402e to remote] DEBUG org.asynchttpclient.netty.request.NettyRequestSender - Using open Channel [id: 0xd615a4b1, L:/127.0.0.1:52440 - R:localhost/127.0.0.1:59497] for GET '/session/def3373a879861680ec932286740402e/element/e69188a5-9945-455f-9465-59f59da5d645/name'
21:56:32.291 [AsyncHttpClient-1-9] DEBUG org.asynchttpclient.netty.handler.HttpHandler - 

Request DefaultFullHttpRequest(decodeResult: success, version: HTTP/1.1, content: EmptyByteBufBE)
GET /session/def3373a879861680ec932286740402e/element/e69188a5-9945-455f-9465-59f59da5d645/name HTTP/1.1
User-Agent: selenium/4.1.2 (java windows)
Cache-Control: no-cache
Content-Type: application/json; charset=utf-8
host: localhost:59497
accept: */*

Response DefaultHttpResponse(decodeResult: success, version: HTTP/1.1)
HTTP/1.1 200 OK
Content-Type: application/json; charset=utf-8
cache-control: no-cache
content-length: 16

21:56:32.291 [AsyncHttpClient-1-9] DEBUG org.asynchttpclient.netty.channel.ChannelManager - Adding key: http://localhost:59497 for channel [id: 0xd615a4b1, L:/127.0.0.1:52440 - R:localhost/127.0.0.1:59497]
21:56:32.293 [Forwarding findElement on session def3373a879861680ec932286740402e to remote] DEBUG org.asynchttpclient.netty.request.NettyRequestSender - Using pooled Channel '[id: 0xd615a4b1, L:/127.0.0.1:52440 - R:localhost/127.0.0.1:59497]' for 'POST' to 'http://localhost:59497/session/def3373a879861680ec932286740402e/element'
21:56:32.293 [Forwarding findElement on session def3373a879861680ec932286740402e to remote] DEBUG org.asynchttpclient.netty.request.NettyRequestSender - Using open Channel [id: 0xd615a4b1, L:/127.0.0.1:52440 - R:localhost/127.0.0.1:59497] for POST '/session/def3373a879861680ec932286740402e/element'
21:56:32.305 [AsyncHttpClient-1-9] DEBUG org.asynchttpclient.netty.handler.HttpHandler - 

Request DefaultHttpRequest(decodeResult: success, version: HTTP/1.1)
POST /session/def3373a879861680ec932286740402e/element HTTP/1.1
User-Agent: selenium/4.1.2 (java windows)
Content-Length: 86
Content-Type: application/json; charset=utf-8
host: localhost:59497
accept: */*

Response DefaultHttpResponse(decodeResult: success, version: HTTP/1.1)
HTTP/1.1 200 OK
Content-Type: application/json; charset=utf-8
cache-control: no-cache
content-length: 88

21:56:32.305 [AsyncHttpClient-1-9] DEBUG org.asynchttpclient.netty.channel.ChannelManager - Adding key: http://localhost:59497 for channel [id: 0xd615a4b1, L:/127.0.0.1:52440 - R:localhost/127.0.0.1:59497]
21:56:32.307 [Forwarding clickElement on session def3373a879861680ec932286740402e to remote] DEBUG org.asynchttpclient.netty.request.NettyRequestSender - Using pooled Channel '[id: 0xd615a4b1, L:/127.0.0.1:52440 - R:localhost/127.0.0.1:59497]' for 'POST' to 'http://localhost:59497/session/def3373a879861680ec932286740402e/element/e69188a5-9945-455f-9465-59f59da5d645/click'
21:56:32.307 [Forwarding clickElement on session def3373a879861680ec932286740402e to remote] DEBUG org.asynchttpclient.netty.request.NettyRequestSender - Using open Channel [id: 0xd615a4b1, L:/127.0.0.1:52440 - R:localhost/127.0.0.1:59497] for POST '/session/def3373a879861680ec932286740402e/element/e69188a5-9945-455f-9465-59f59da5d645/click'
21:56:32.388 [AsyncHttpClient-1-9] DEBUG org.asynchttpclient.netty.handler.HttpHandler - 

Request DefaultHttpRequest(decodeResult: success, version: HTTP/1.1)
POST /session/def3373a879861680ec932286740402e/element/e69188a5-9945-455f-9465-59f59da5d645/click HTTP/1.1
User-Agent: selenium/4.1.2 (java windows)
Content-Length: 50
Content-Type: application/json; charset=utf-8
host: localhost:59497
accept: */*

Response DefaultHttpResponse(decodeResult: success, version: HTTP/1.1)
HTTP/1.1 200 OK
Content-Type: application/json; charset=utf-8
cache-control: no-cache
content-length: 14

21:56:32.388 [AsyncHttpClient-1-9] DEBUG org.asynchttpclient.netty.channel.ChannelManager - Adding key: http://localhost:59497 for channel [id: 0xd615a4b1, L:/127.0.0.1:52440 - R:localhost/127.0.0.1:59497]
  &amp#27;[32mAnd &amp#27;[0m&amp#27;[32mI click register button&amp#27;[0m                       &amp#27;[90m# starter.stepdefinitions.RegisterSteps.iClickRegisterButton()&amp#27;[0m
21:56:32.397 [Forwarding screenshot on session def3373a879861680ec932286740402e to remote] DEBUG org.asynchttpclient.netty.request.NettyRequestSender - Using pooled Channel '[id: 0xd615a4b1, L:/127.0.0.1:52440 - R:localhost/127.0.0.1:59497]' for 'GET' to 'http://localhost:59497/session/def3373a879861680ec932286740402e/screenshot'
21:56:32.397 [Forwarding screenshot on session def3373a879861680ec932286740402e to remote] DEBUG org.asynchttpclient.netty.request.NettyRequestSender - Using open Channel [id: 0xd615a4b1, L:/127.0.0.1:52440 - R:localhost/127.0.0.1:59497] for GET '/session/def3373a879861680ec932286740402e/screenshot'
21:56:32.605 [AsyncHttpClient-1-9] DEBUG org.asynchttpclient.netty.handler.HttpHandler - 

Request DefaultFullHttpRequest(decodeResult: success, version: HTTP/1.1, content: EmptyByteBufBE)
GET /session/def3373a879861680ec932286740402e/screenshot HTTP/1.1
User-Agent: selenium/4.1.2 (java windows)
Cache-Control: no-cache
Content-Type: application/json; charset=utf-8
host: localhost:59497
accept: */*

Response DefaultHttpResponse(decodeResult: success, version: HTTP/1.1)
HTTP/1.1 200 OK
Content-Type: application/json; charset=utf-8
cache-control: no-cache
content-length: 28004

21:56:32.605 [AsyncHttpClient-1-9] DEBUG org.asynchttpclient.netty.channel.ChannelManager - Adding key: http://localhost:59497 for channel [id: 0xd615a4b1, L:/127.0.0.1:52440 - R:localhost/127.0.0.1:59497]
21:56:32.608 [main] DEBUG net.serenitybdd.core.photography.Darkroom - Send negative for processing for target\site\serenity\3b8d34920e005fadf60ca49712f9db54d1857e076577d23af1e4d2b56a0a1aee.png
21:56:32.613 [Darkroom Processing Line] DEBUG net.serenitybdd.core.photography.DarkroomProcessingLine - Processing screenshot image in /var/screenshots/screenshot-3043445488392022886
21:56:32.614 [Darkroom Processing Line] DEBUG net.serenitybdd.core.photography.DarkroomProcessingLine - Saving screenshot to target\site\serenity\3b8d34920e005fadf60ca49712f9db54d1857e076577d23af1e4d2b56a0a1aee.png
21:56:32.626 [Forwarding findElement on session def3373a879861680ec932286740402e to remote] DEBUG org.asynchttpclient.netty.request.NettyRequestSender - Using pooled Channel '[id: 0xd615a4b1, L:/127.0.0.1:52440 - R:localhost/127.0.0.1:59497]' for 'POST' to 'http://localhost:59497/session/def3373a879861680ec932286740402e/element'
21:56:32.627 [Forwarding findElement on session def3373a879861680ec932286740402e to remote] DEBUG org.asynchttpclient.netty.request.NettyRequestSender - Using open Channel [id: 0xd615a4b1, L:/127.0.0.1:52440 - R:localhost/127.0.0.1:59497] for POST '/session/def3373a879861680ec932286740402e/element'
21:56:33.275 [AsyncHttpClient-1-1] DEBUG org.asynchttpclient.netty.channel.DefaultChannelPool - Entry count for : http://localhost:52441 : 1
21:56:33.804 [AsyncHttpClient-1-9] DEBUG org.asynchttpclient.netty.handler.HttpHandler - 

Request DefaultHttpRequest(decodeResult: success, version: HTTP/1.1)
POST /session/def3373a879861680ec932286740402e/element HTTP/1.1
User-Agent: selenium/4.1.2 (java windows)
Content-Length: 94
Content-Type: application/json; charset=utf-8
host: localhost:59497
accept: */*

Response DefaultHttpResponse(decodeResult: success, version: HTTP/1.1)
HTTP/1.1 200 OK
Content-Type: application/json; charset=utf-8
cache-control: no-cache
content-length: 88

21:56:33.804 [AsyncHttpClient-1-9] DEBUG org.asynchttpclient.netty.channel.ChannelManager - Adding key: http://localhost:59497 for channel [id: 0xd615a4b1, L:/127.0.0.1:52440 - R:localhost/127.0.0.1:59497]
21:56:33.811 [Forwarding isElementDisplayed on session def3373a879861680ec932286740402e to remote] DEBUG org.asynchttpclient.netty.request.NettyRequestSender - Using pooled Channel '[id: 0xd615a4b1, L:/127.0.0.1:52440 - R:localhost/127.0.0.1:59497]' for 'POST' to 'http://localhost:59497/session/def3373a879861680ec932286740402e/execute/sync'
21:56:33.812 [Forwarding isElementDisplayed on session def3373a879861680ec932286740402e to remote] DEBUG org.asynchttpclient.netty.request.NettyRequestSender - Using open Channel [id: 0xd615a4b1, L:/127.0.0.1:52440 - R:localhost/127.0.0.1:59497] for POST '/session/def3373a879861680ec932286740402e/execute/sync'
21:56:33.850 [AsyncHttpClient-1-9] DEBUG org.asynchttpclient.netty.handler.HttpHandler - 

Request DefaultHttpRequest(decodeResult: success, version: HTTP/1.1)
POST /session/def3373a879861680ec932286740402e/execute/sync HTTP/1.1
User-Agent: selenium/4.1.2 (java windows)
Content-Length: 48780
Content-Type: application/json; charset=utf-8
host: localhost:59497
accept: */*

Response DefaultHttpResponse(decodeResult: success, version: HTTP/1.1)
HTTP/1.1 200 OK
Content-Type: application/json; charset=utf-8
cache-control: no-cache
content-length: 14

21:56:33.850 [AsyncHttpClient-1-9] DEBUG org.asynchttpclient.netty.channel.ChannelManager - Adding key: http://localhost:59497 for channel [id: 0xd615a4b1, L:/127.0.0.1:52440 - R:localhost/127.0.0.1:59497]
  &amp#27;[32mThen &amp#27;[0m&amp#27;[32mI can &amp#27;[0m&amp#27;[32m&amp#27;[1m"error"&amp#27;[0m&amp#27;[32m regist account&amp#27;[0m                 &amp#27;[90m# starter.stepdefinitions.RegisterSteps.iCanRegistAccount(java.lang.String)&amp#27;[0m
21:56:33.860 [Forwarding screenshot on session def3373a879861680ec932286740402e to remote] DEBUG org.asynchttpclient.netty.request.NettyRequestSender - Using pooled Channel '[id: 0xd615a4b1, L:/127.0.0.1:52440 - R:localhost/127.0.0.1:59497]' for 'GET' to 'http://localhost:59497/session/def3373a879861680ec932286740402e/screenshot'
21:56:33.860 [Forwarding screenshot on session def3373a879861680ec932286740402e to remote] DEBUG org.asynchttpclient.netty.request.NettyRequestSender - Using open Channel [id: 0xd615a4b1, L:/127.0.0.1:52440 - R:localhost/127.0.0.1:59497] for GET '/session/def3373a879861680ec932286740402e/screenshot'
21:56:34.103 [AsyncHttpClient-1-9] DEBUG org.asynchttpclient.netty.handler.HttpHandler - 

Request DefaultFullHttpRequest(decodeResult: success, version: HTTP/1.1, content: EmptyByteBufBE)
GET /session/def3373a879861680ec932286740402e/screenshot HTTP/1.1
User-Agent: selenium/4.1.2 (java windows)
Cache-Control: no-cache
Content-Type: application/json; charset=utf-8
host: localhost:59497
accept: */*

Response DefaultHttpResponse(decodeResult: success, version: HTTP/1.1)
HTTP/1.1 200 OK
Content-Type: application/json; charset=utf-8
cache-control: no-cache
content-length: 29364

21:56:34.103 [AsyncHttpClient-1-9] DEBUG org.asynchttpclient.netty.channel.ChannelManager - Adding key: http://localhost:59497 for channel [id: 0xd615a4b1, L:/127.0.0.1:52440 - R:localhost/127.0.0.1:59497]
21:56:34.105 [main] DEBUG net.serenitybdd.core.photography.Darkroom - Send negative for processing for target\site\serenity\340fcb7c1475903791ac57c9865a072b7158f019e4a0cde1bafea8a41475dd01.png
21:56:34.105 [Darkroom Processing Line] DEBUG net.serenitybdd.core.photography.DarkroomProcessingLine - Processing screenshot image in /var/screenshots/screenshot-14966618022084862449
21:56:34.105 [Darkroom Processing Line] DEBUG net.serenitybdd.core.photography.DarkroomProcessingLine - Saving screenshot to target\site\serenity\340fcb7c1475903791ac57c9865a072b7158f019e4a0cde1bafea8a41475dd01.png
21:56:34.114 [AsyncHttpClient-1-3] DEBUG org.asynchttpclient.netty.handler.WebSocketHandler - Channel Closed: [id: 0xc4422b8f, L:/127.0.0.1:52448 ! R:localhost/127.0.0.1:52441] with attribute NettyResponseFuture{currentRetry=5,
	isDone=1,
	isCancelled=0,
	asyncHandler=org.asynchttpclient.ws.WebSocketUpgradeHandler@79871e70,
	nettyRequest=org.asynchttpclient.netty.request.NettyRequest@42548e28,
	future=java.util.concurrent.CompletableFuture@4812b48e[Completed normally],
	uri=ws://localhost:52441/devtools/browser/41d82e50-078e-403e-9bfb-e6521b6f3d1e,
	keepAlive=true,
	redirectCount=0,
	timeoutsHolder=null,
	inAuth=0,
	touch=1667573789658}
21:56:34.114 [AsyncHttpClient-1-3] DEBUG org.asynchttpclient.netty.channel.ChannelManager - Closing Channel [id: 0xc4422b8f, L:/127.0.0.1:52448 ! R:localhost/127.0.0.1:52441] 
21:56:34.114 [Driver Command Executor] DEBUG org.asynchttpclient.netty.request.NettyRequestSender - Using pooled Channel '[id: 0xd615a4b1, L:/127.0.0.1:52440 - R:localhost/127.0.0.1:59497]' for 'DELETE' to 'http://localhost:59497/session/def3373a879861680ec932286740402e'
21:56:34.115 [Driver Command Executor] DEBUG org.asynchttpclient.netty.request.NettyRequestSender - Using open Channel [id: 0xd615a4b1, L:/127.0.0.1:52440 - R:localhost/127.0.0.1:59497] for DELETE '/session/def3373a879861680ec932286740402e'
21:56:34.255 [AsyncHttpClient-1-2] DEBUG org.asynchttpclient.netty.handler.HttpHandler - Unexpected I/O exception on channel [id: 0x0be6eed1, L:/127.0.0.1:52447 - R:localhost/127.0.0.1:52441]
java.io.IOException: An existing connection was forcibly closed by the remote host
	at java.base/sun.nio.ch.SocketDispatcher.read0(Native Method)
	at java.base/sun.nio.ch.SocketDispatcher.read(SocketDispatcher.java:43)
	at java.base/sun.nio.ch.IOUtil.readIntoNativeBuffer(IOUtil.java:276)
	at java.base/sun.nio.ch.IOUtil.read(IOUtil.java:233)
	at java.base/sun.nio.ch.IOUtil.read(IOUtil.java:223)
	at java.base/sun.nio.ch.SocketChannelImpl.read(SocketChannelImpl.java:358)
	at io.netty.buffer.PooledByteBuf.setBytes(PooledByteBuf.java:258)
	at io.netty.buffer.AbstractByteBuf.writeBytes(AbstractByteBuf.java:1132)
	at io.netty.channel.socket.nio.NioSocketChannel.doReadBytes(NioSocketChannel.java:350)
	at io.netty.channel.nio.AbstractNioByteChannel$NioByteUnsafe.read(AbstractNioByteChannel.java:151)
	at io.netty.channel.nio.NioEventLoop.processSelectedKey(NioEventLoop.java:722)
	at io.netty.channel.nio.NioEventLoop.processSelectedKeysOptimized(NioEventLoop.java:658)
	at io.netty.channel.nio.NioEventLoop.processSelectedKeys(NioEventLoop.java:584)
	at io.netty.channel.nio.NioEventLoop.run(NioEventLoop.java:496)
	at io.netty.util.concurrent.SingleThreadEventExecutor$4.run(SingleThreadEventExecutor.java:986)
	at io.netty.util.internal.ThreadExecutorMap$2.run(ThreadExecutorMap.java:74)
	at io.netty.util.concurrent.FastThreadLocalRunnable.run(FastThreadLocalRunnable.java:30)
	at java.base/java.lang.Thread.run(Thread.java:834)
21:56:34.255 [AsyncHttpClient-1-2] DEBUG org.asynchttpclient.netty.channel.ChannelManager - Closing Channel [id: 0x0be6eed1, L:/127.0.0.1:52447 - R:localhost/127.0.0.1:52441] 
21:56:34.256 [AsyncHttpClient-1-2] DEBUG org.asynchttpclient.netty.handler.HttpHandler - Channel Closed: [id: 0x0be6eed1, L:/127.0.0.1:52447 ! R:localhost/127.0.0.1:52441] with attribute DISCARD
21:56:34.290 [AsyncHttpClient-1-9] DEBUG org.asynchttpclient.netty.handler.HttpHandler - 

Request DefaultFullHttpRequest(decodeResult: success, version: HTTP/1.1, content: EmptyByteBufBE)
DELETE /session/def3373a879861680ec932286740402e HTTP/1.1
User-Agent: selenium/4.1.2 (java windows)
Content-Type: application/json; charset=utf-8
host: localhost:59497
accept: */*

Response DefaultHttpResponse(decodeResult: success, version: HTTP/1.1)
HTTP/1.1 200 OK
Content-Type: application/json; charset=utf-8
cache-control: no-cache
content-length: 14

21:56:34.290 [AsyncHttpClient-1-9] DEBUG org.asynchttpclient.netty.channel.ChannelManager - Adding key: http://localhost:59497 for channel [id: 0xd615a4b1, L:/127.0.0.1:52440 - R:localhost/127.0.0.1:59497]
21:56:34.377 [AsyncHttpClient-1-1] DEBUG org.asynchttpclient.netty.channel.DefaultChannelPool - Entry count for : http://localhost:59497 : 1
21:56:34.377 [AsyncHttpClient-1-1] DEBUG org.asynchttpclient.netty.channel.DefaultChannelPool - Entry count for : http://localhost:52441 : 1
21:56:34.377 [AsyncHttpClient-1-1] DEBUG org.asynchttpclient.netty.channel.DefaultChannelPool - Adding Candidate expired Channel [id: 0x0be6eed1, L:/127.0.0.1:52447 ! R:localhost/127.0.0.1:52441] isIdleTimeoutExpired=false isRemotelyClosed=true isTtlExpired=false
21:56:34.377 [AsyncHttpClient-1-1] DEBUG org.asynchttpclient.netty.channel.DefaultChannelPool - Closing Idle Channel [id: 0x0be6eed1, L:/127.0.0.1:52447 ! R:localhost/127.0.0.1:52441]
21:56:34.377 [AsyncHttpClient-1-1] DEBUG org.asynchttpclient.netty.channel.DefaultChannelPool - Closed 1 connections out of 2 in 0 ms
21:56:34.394 [AsyncHttpClient-1-9] DEBUG org.asynchttpclient.netty.handler.HttpHandler - Channel Closed: [id: 0xd615a4b1, L:/127.0.0.1:52440 ! R:localhost/127.0.0.1:59497] with attribute DISCARD
]]></system-out>
    <system-err><![CDATA[Starting ChromeDriver 106.0.5249.61 (511755355844955cd3e264779baf0dd38212a4d0-refs/branch-heads/5249@{#569}) on port 59497
Only local connections are allowed.
Please see https://chromedriver.chromium.org/security-considerations for suggestions on keeping ChromeDriver safe.
ChromeDriver was started successfully.
[1667573789.503][WARNING]: This version of ChromeDriver has not been tested with Chrome version 107.
Nov 04, 2022 9:56:29 PM org.openqa.selenium.remote.ProtocolHandshake createSession
INFO: Detected dialect: W3C
Nov 04, 2022 9:56:29 PM org.openqa.selenium.devtools.CdpVersionFinder findNearestMatch
WARNING: Unable to find an exact match for CDP version 107, so returning the closest version found: a no-op implementation
Nov 04, 2022 9:56:29 PM org.openqa.selenium.devtools.CdpVersionFinder findNearestMatch
INFO: Unable to find CDP implementation matching 107.
Nov 04, 2022 9:56:29 PM org.openqa.selenium.chromium.ChromiumDriver lambda$new$3
WARNING: Unable to find version of CDP to use for . You may need to include a dependency on a specific version of the CDP using something similar to `org.seleniumhq.selenium:selenium-devtools-v86:4.1.2` where the version ("v86") matches the version of the chromium-based browser you're using and the version number of the artifact is the same as Selenium's.
]]></system-err>
  </testcase>
  <testcase name="Login account #4" classname="Register" time="8.909">
    <system-out><![CDATA[
@Registers @Register
Scenario Outline: Login account                                   &amp#27;[90m# src/test/resources/features/Register.feature:18&amp#27;[0m
21:56:34.492 [main] INFO io.cucumber.core.plugin.SerenityReporter - Running feature from file:///C:/Users/ACER/Documents/Mini_Proyek/test-web/src/test/resources/features/Register.feature
21:56:34.571 [main] INFO net.serenitybdd.core.webdriver.driverproviders.ChromeDriverProvider - Using automatically driver download
21:56:36.626 [AsyncHttpClient-1-1] DEBUG org.asynchttpclient.netty.channel.DefaultChannelPool - Entry count for : http://localhost:59497 : 1
21:56:36.626 [AsyncHttpClient-1-1] DEBUG org.asynchttpclient.netty.channel.DefaultChannelPool - Adding Candidate expired Channel [id: 0xd615a4b1, L:/127.0.0.1:52440 ! R:localhost/127.0.0.1:59497] isIdleTimeoutExpired=false isRemotelyClosed=true isTtlExpired=false
21:56:36.626 [AsyncHttpClient-1-1] DEBUG org.asynchttpclient.netty.channel.DefaultChannelPool - Closing Idle Channel [id: 0xd615a4b1, L:/127.0.0.1:52440 ! R:localhost/127.0.0.1:59497]
21:56:36.626 [AsyncHttpClient-1-1] DEBUG org.asynchttpclient.netty.channel.DefaultChannelPool - Closed 1 connections out of 1 in 0 ms
21:56:36.787 [main] DEBUG io.github.bonigarcia.wdm.cache.ResolutionCache - Resolution chrome=107 in cache (valid until 22:53:45 04/11/2022 ICT)
21:56:36.796 [main] DEBUG io.github.bonigarcia.wdm.cache.ResolutionCache - Resolution chrome107=107.0.5304.62 in cache (valid until 21:53:45 05/11/2022 ICT)
21:56:36.799 [main] INFO io.github.bonigarcia.wdm.WebDriverManager - Using chromedriver 107.0.5304.62 (resolved driver for Chrome 107)
21:56:36.814 [main] DEBUG io.github.bonigarcia.wdm.WebDriverManager - Driver chromedriver 107.0.5304.62 found in cache
21:56:36.815 [main] INFO io.github.bonigarcia.wdm.WebDriverManager - Exporting webdriver.chrome.driver as C:\Users\ACER\.cache\selenium\chromedriver\win32\107.0.5304.62\chromedriver.exe
21:56:36.999 [main] DEBUG net.serenitybdd.core.webdriver.driverproviders.ProvideNewDriver - Instantiating driver
21:56:36.999 [main] DEBUG net.serenitybdd.core.webdriver.driverproviders.ProvideNewDriver - Driver capabilities: Capabilities {acceptInsecureCerts: false, base.url: https://alta-shop.vercel.app, browserName: chrome, chrome.driver: src/test/resources/webdrive..., driver: chrome, goog:chromeOptions: {args: [], extensions: []}, wait.for.timeout: 15000}
21:56:37.106 [AsyncHttpClient-1-4] DEBUG org.asynchttpclient.netty.channel.NettyConnectListener - Using new Channel '[id: 0xa620c57b, L:/127.0.0.1:52463 - R:localhost/127.0.0.1:49880]' for 'POST' to '/session'
21:56:38.400 [AsyncHttpClient-1-4] DEBUG org.asynchttpclient.netty.handler.HttpHandler - 

Request DefaultHttpRequest(decodeResult: success, version: HTTP/1.1)
POST /session HTTP/1.1
User-Agent: selenium/4.1.2 (java windows)
Content-Length: 640
Content-Type: application/json; charset=utf-8
host: localhost:49880
accept: */*

Response DefaultHttpResponse(decodeResult: success, version: HTTP/1.1)
HTTP/1.1 200 OK
Content-Type: application/json; charset=utf-8
cache-control: no-cache
content-length: 788

21:56:38.401 [AsyncHttpClient-1-4] DEBUG org.asynchttpclient.netty.channel.ChannelManager - Adding key: http://localhost:49880 for channel [id: 0xa620c57b, L:/127.0.0.1:52463 - R:localhost/127.0.0.1:49880]
21:56:38.414 [AsyncHttpClient-1-5] DEBUG org.asynchttpclient.netty.channel.NettyConnectListener - Using new Channel '[id: 0x00b17a9a, L:/127.0.0.1:52470 - R:localhost/127.0.0.1:52464]' for 'GET' to '/json/version'
21:56:38.415 [AsyncHttpClient-1-5] DEBUG org.asynchttpclient.netty.handler.HttpHandler - 

Request DefaultFullHttpRequest(decodeResult: success, version: HTTP/1.1, content: EmptyByteBufBE)
GET /json/version HTTP/1.1
User-Agent: selenium/4.1.2 (java windows)
host: localhost:52464
accept: */*

Response DefaultHttpResponse(decodeResult: success, version: HTTP/1.1)
HTTP/1.1 200 OK
Content-Type: application/json; charset=UTF-8
content-length: 423

21:56:38.416 [AsyncHttpClient-1-5] DEBUG org.asynchttpclient.netty.channel.ChannelManager - Adding key: http://localhost:52464 for channel [id: 0x00b17a9a, L:/127.0.0.1:52470 - R:localhost/127.0.0.1:52464]
21:56:38.442 [AsyncHttpClient-1-6] DEBUG org.asynchttpclient.netty.channel.NettyConnectListener - Using new Channel '[id: 0x61740b65, L:/127.0.0.1:52471 - R:localhost/127.0.0.1:52464]' for 'GET' to '/devtools/browser/7ac37cda-d1c1-4a25-81fa-3b7c0c7a292b'
21:56:38.444 [AsyncHttpClient-1-6] DEBUG org.asynchttpclient.netty.handler.WebSocketHandler - 

Request DefaultFullHttpRequest(decodeResult: success, version: HTTP/1.1, content: EmptyByteBufBE)
GET /devtools/browser/7ac37cda-d1c1-4a25-81fa-3b7c0c7a292b HTTP/1.1
upgrade: websocket
connection: upgrade
sec-websocket-key: UTkQRjhr+RIKqBa0aL8HOw==
sec-websocket-version: 13
origin: http://localhost:52464
host: localhost:52464
accept: */*
user-agent: AHC/2.1

Response DefaultHttpResponse(decodeResult: success, version: HTTP/1.1)
HTTP/1.1 101 WebSocket Protocol Handshake
Upgrade: WebSocket
Connection: Upgrade
Sec-WebSocket-Accept: 4iSTIj5J2sHET4yDrb+1lgyBov0=

21:56:38.453 [Forwarding get on session 75d127229f1a030730cda37d42dfd37e to remote] DEBUG org.asynchttpclient.netty.request.NettyRequestSender - Using pooled Channel '[id: 0xa620c57b, L:/127.0.0.1:52463 - R:localhost/127.0.0.1:49880]' for 'POST' to 'http://localhost:49880/session/75d127229f1a030730cda37d42dfd37e/url'
21:56:38.453 [Forwarding get on session 75d127229f1a030730cda37d42dfd37e to remote] DEBUG org.asynchttpclient.netty.request.NettyRequestSender - Using open Channel [id: 0xa620c57b, L:/127.0.0.1:52463 - R:localhost/127.0.0.1:49880] for POST '/session/75d127229f1a030730cda37d42dfd37e/url'
21:56:38.856 [AsyncHttpClient-1-1] DEBUG org.asynchttpclient.netty.channel.DefaultChannelPool - Entry count for : http://localhost:52464 : 1
21:56:39.640 [AsyncHttpClient-1-4] DEBUG org.asynchttpclient.netty.handler.HttpHandler - 

Request DefaultHttpRequest(decodeResult: success, version: HTTP/1.1)
POST /session/75d127229f1a030730cda37d42dfd37e/url HTTP/1.1
User-Agent: selenium/4.1.2 (java windows)
Content-Length: 77
Content-Type: application/json; charset=utf-8
host: localhost:49880
accept: */*

Response DefaultHttpResponse(decodeResult: success, version: HTTP/1.1)
HTTP/1.1 200 OK
Content-Type: application/json; charset=utf-8
cache-control: no-cache
content-length: 14

21:56:39.640 [AsyncHttpClient-1-4] DEBUG org.asynchttpclient.netty.channel.ChannelManager - Adding key: http://localhost:49880 for channel [id: 0xa620c57b, L:/127.0.0.1:52463 - R:localhost/127.0.0.1:49880]
21:56:39.642 [Forwarding setTimeout on session 75d127229f1a030730cda37d42dfd37e to remote] DEBUG org.asynchttpclient.netty.request.NettyRequestSender - Using pooled Channel '[id: 0xa620c57b, L:/127.0.0.1:52463 - R:localhost/127.0.0.1:49880]' for 'POST' to 'http://localhost:49880/session/75d127229f1a030730cda37d42dfd37e/timeouts'
21:56:39.642 [Forwarding setTimeout on session 75d127229f1a030730cda37d42dfd37e to remote] DEBUG org.asynchttpclient.netty.request.NettyRequestSender - Using open Channel [id: 0xa620c57b, L:/127.0.0.1:52463 - R:localhost/127.0.0.1:49880] for POST '/session/75d127229f1a030730cda37d42dfd37e/timeouts'
21:56:39.643 [AsyncHttpClient-1-4] DEBUG org.asynchttpclient.netty.handler.HttpHandler - 

Request DefaultHttpRequest(decodeResult: success, version: HTTP/1.1)
POST /session/75d127229f1a030730cda37d42dfd37e/timeouts HTTP/1.1
User-Agent: selenium/4.1.2 (java windows)
Content-Length: 22
Content-Type: application/json; charset=utf-8
host: localhost:49880
accept: */*

Response DefaultHttpResponse(decodeResult: success, version: HTTP/1.1)
HTTP/1.1 200 OK
Content-Type: application/json; charset=utf-8
cache-control: no-cache
content-length: 14

21:56:39.644 [AsyncHttpClient-1-4] DEBUG org.asynchttpclient.netty.channel.ChannelManager - Adding key: http://localhost:49880 for channel [id: 0xa620c57b, L:/127.0.0.1:52463 - R:localhost/127.0.0.1:49880]
21:56:39.648 [Forwarding getCurrentUrl on session 75d127229f1a030730cda37d42dfd37e to remote] DEBUG org.asynchttpclient.netty.request.NettyRequestSender - Using pooled Channel '[id: 0xa620c57b, L:/127.0.0.1:52463 - R:localhost/127.0.0.1:49880]' for 'GET' to 'http://localhost:49880/session/75d127229f1a030730cda37d42dfd37e/url'
21:56:39.648 [Forwarding getCurrentUrl on session 75d127229f1a030730cda37d42dfd37e to remote] DEBUG org.asynchttpclient.netty.request.NettyRequestSender - Using open Channel [id: 0xa620c57b, L:/127.0.0.1:52463 - R:localhost/127.0.0.1:49880] for GET '/session/75d127229f1a030730cda37d42dfd37e/url'
21:56:39.656 [AsyncHttpClient-1-4] DEBUG org.asynchttpclient.netty.handler.HttpHandler - 

Request DefaultFullHttpRequest(decodeResult: success, version: HTTP/1.1, content: EmptyByteBufBE)
GET /session/75d127229f1a030730cda37d42dfd37e/url HTTP/1.1
User-Agent: selenium/4.1.2 (java windows)
Cache-Control: no-cache
Content-Type: application/json; charset=utf-8
host: localhost:49880
accept: */*

Response DefaultHttpResponse(decodeResult: success, version: HTTP/1.1)
HTTP/1.1 200 OK
Content-Type: application/json; charset=utf-8
cache-control: no-cache
content-length: 54

21:56:39.656 [AsyncHttpClient-1-4] DEBUG org.asynchttpclient.netty.channel.ChannelManager - Adding key: http://localhost:49880 for channel [id: 0xa620c57b, L:/127.0.0.1:52463 - R:localhost/127.0.0.1:49880]
  &amp#27;[32mGiven &amp#27;[0m&amp#27;[32mI am on the register page&amp#27;[0m                                 &amp#27;[90m# starter.stepdefinitions.RegisterSteps.iAmOnTheRegisterPage()&amp#27;[0m
21:56:39.670 [Forwarding screenshot on session 75d127229f1a030730cda37d42dfd37e to remote] DEBUG org.asynchttpclient.netty.request.NettyRequestSender - Using pooled Channel '[id: 0xa620c57b, L:/127.0.0.1:52463 - R:localhost/127.0.0.1:49880]' for 'GET' to 'http://localhost:49880/session/75d127229f1a030730cda37d42dfd37e/screenshot'
21:56:39.670 [Forwarding screenshot on session 75d127229f1a030730cda37d42dfd37e to remote] DEBUG org.asynchttpclient.netty.request.NettyRequestSender - Using open Channel [id: 0xa620c57b, L:/127.0.0.1:52463 - R:localhost/127.0.0.1:49880] for GET '/session/75d127229f1a030730cda37d42dfd37e/screenshot'
21:56:39.896 [AsyncHttpClient-1-1] DEBUG org.asynchttpclient.netty.channel.DefaultChannelPool - Entry count for : http://localhost:52464 : 1
21:56:40.291 [AsyncHttpClient-1-4] DEBUG org.asynchttpclient.netty.handler.HttpHandler - 

Request DefaultFullHttpRequest(decodeResult: success, version: HTTP/1.1, content: EmptyByteBufBE)
GET /session/75d127229f1a030730cda37d42dfd37e/screenshot HTTP/1.1
User-Agent: selenium/4.1.2 (java windows)
Cache-Control: no-cache
Content-Type: application/json; charset=utf-8
host: localhost:49880
accept: */*

Response DefaultHttpResponse(decodeResult: success, version: HTTP/1.1)
HTTP/1.1 200 OK
Content-Type: application/json; charset=utf-8
cache-control: no-cache
content-length: 27776

21:56:40.291 [AsyncHttpClient-1-4] DEBUG org.asynchttpclient.netty.channel.ChannelManager - Adding key: http://localhost:49880 for channel [id: 0xa620c57b, L:/127.0.0.1:52463 - R:localhost/127.0.0.1:49880]
21:56:40.293 [main] DEBUG net.serenitybdd.core.photography.Darkroom - Send negative for processing for target\site\serenity\5614d7ac09ab28024b7794e4926fd62aaf1c4e177161628049e76cced9586992.png
21:56:40.307 [Forwarding findElement on session 75d127229f1a030730cda37d42dfd37e to remote] DEBUG org.asynchttpclient.netty.request.NettyRequestSender - Using pooled Channel '[id: 0xa620c57b, L:/127.0.0.1:52463 - R:localhost/127.0.0.1:49880]' for 'POST' to 'http://localhost:49880/session/75d127229f1a030730cda37d42dfd37e/element'
21:56:40.307 [Forwarding findElement on session 75d127229f1a030730cda37d42dfd37e to remote] DEBUG org.asynchttpclient.netty.request.NettyRequestSender - Using open Channel [id: 0xa620c57b, L:/127.0.0.1:52463 - R:localhost/127.0.0.1:49880] for POST '/session/75d127229f1a030730cda37d42dfd37e/element'
21:56:40.324 [AsyncHttpClient-1-4] DEBUG org.asynchttpclient.netty.handler.HttpHandler - 

Request DefaultHttpRequest(decodeResult: success, version: HTTP/1.1)
POST /session/75d127229f1a030730cda37d42dfd37e/element HTTP/1.1
User-Agent: selenium/4.1.2 (java windows)
Content-Length: 95
Content-Type: application/json; charset=utf-8
host: localhost:49880
accept: */*

Response DefaultHttpResponse(decodeResult: success, version: HTTP/1.1)
HTTP/1.1 200 OK
Content-Type: application/json; charset=utf-8
cache-control: no-cache
content-length: 88

21:56:40.325 [AsyncHttpClient-1-4] DEBUG org.asynchttpclient.netty.channel.ChannelManager - Adding key: http://localhost:49880 for channel [id: 0xa620c57b, L:/127.0.0.1:52463 - R:localhost/127.0.0.1:49880]
21:56:40.326 [Forwarding clearElement on session 75d127229f1a030730cda37d42dfd37e to remote] DEBUG org.asynchttpclient.netty.request.NettyRequestSender - Using pooled Channel '[id: 0xa620c57b, L:/127.0.0.1:52463 - R:localhost/127.0.0.1:49880]' for 'POST' to 'http://localhost:49880/session/75d127229f1a030730cda37d42dfd37e/element/b1203c4b-81c9-4700-94b5-c7f68a323372/clear'
21:56:40.326 [Forwarding clearElement on session 75d127229f1a030730cda37d42dfd37e to remote] DEBUG org.asynchttpclient.netty.request.NettyRequestSender - Using open Channel [id: 0xa620c57b, L:/127.0.0.1:52463 - R:localhost/127.0.0.1:49880] for POST '/session/75d127229f1a030730cda37d42dfd37e/element/b1203c4b-81c9-4700-94b5-c7f68a323372/clear'
21:56:40.379 [AsyncHttpClient-1-4] DEBUG org.asynchttpclient.netty.handler.HttpHandler - 

Request DefaultHttpRequest(decodeResult: success, version: HTTP/1.1)
POST /session/75d127229f1a030730cda37d42dfd37e/element/b1203c4b-81c9-4700-94b5-c7f68a323372/clear HTTP/1.1
User-Agent: selenium/4.1.2 (java windows)
Content-Length: 50
Content-Type: application/json; charset=utf-8
host: localhost:49880
accept: */*

Response DefaultHttpResponse(decodeResult: success, version: HTTP/1.1)
HTTP/1.1 200 OK
Content-Type: application/json; charset=utf-8
cache-control: no-cache
content-length: 14

21:56:40.379 [AsyncHttpClient-1-4] DEBUG org.asynchttpclient.netty.channel.ChannelManager - Adding key: http://localhost:49880 for channel [id: 0xa620c57b, L:/127.0.0.1:52463 - R:localhost/127.0.0.1:49880]
21:56:40.381 [Forwarding sendKeysToElement on session 75d127229f1a030730cda37d42dfd37e to remote] DEBUG org.asynchttpclient.netty.request.NettyRequestSender - Using pooled Channel '[id: 0xa620c57b, L:/127.0.0.1:52463 - R:localhost/127.0.0.1:49880]' for 'POST' to 'http://localhost:49880/session/75d127229f1a030730cda37d42dfd37e/element/b1203c4b-81c9-4700-94b5-c7f68a323372/value'
21:56:40.381 [Forwarding sendKeysToElement on session 75d127229f1a030730cda37d42dfd37e to remote] DEBUG org.asynchttpclient.netty.request.NettyRequestSender - Using open Channel [id: 0xa620c57b, L:/127.0.0.1:52463 - R:localhost/127.0.0.1:49880] for POST '/session/75d127229f1a030730cda37d42dfd37e/element/b1203c4b-81c9-4700-94b5-c7f68a323372/value'
21:56:40.446 [AsyncHttpClient-1-4] DEBUG org.asynchttpclient.netty.handler.HttpHandler - 

Request DefaultHttpRequest(decodeResult: success, version: HTTP/1.1)
POST /session/75d127229f1a030730cda37d42dfd37e/element/b1203c4b-81c9-4700-94b5-c7f68a323372/value HTTP/1.1
User-Agent: selenium/4.1.2 (java windows)
Content-Length: 82
Content-Type: application/json; charset=utf-8
host: localhost:49880
accept: */*

Response DefaultHttpResponse(decodeResult: success, version: HTTP/1.1)
HTTP/1.1 200 OK
Content-Type: application/json; charset=utf-8
cache-control: no-cache
content-length: 14

21:56:40.447 [AsyncHttpClient-1-4] DEBUG org.asynchttpclient.netty.channel.ChannelManager - Adding key: http://localhost:49880 for channel [id: 0xa620c57b, L:/127.0.0.1:52463 - R:localhost/127.0.0.1:49880]
21:56:40.473 [Forwarding findElement on session 75d127229f1a030730cda37d42dfd37e to remote] DEBUG org.asynchttpclient.netty.request.NettyRequestSender - Using pooled Channel '[id: 0xa620c57b, L:/127.0.0.1:52463 - R:localhost/127.0.0.1:49880]' for 'POST' to 'http://localhost:49880/session/75d127229f1a030730cda37d42dfd37e/element'
21:56:40.473 [Forwarding findElement on session 75d127229f1a030730cda37d42dfd37e to remote] DEBUG org.asynchttpclient.netty.request.NettyRequestSender - Using open Channel [id: 0xa620c57b, L:/127.0.0.1:52463 - R:localhost/127.0.0.1:49880] for POST '/session/75d127229f1a030730cda37d42dfd37e/element'
21:56:40.497 [AsyncHttpClient-1-4] DEBUG org.asynchttpclient.netty.handler.HttpHandler - 

Request DefaultHttpRequest(decodeResult: success, version: HTTP/1.1)
POST /session/75d127229f1a030730cda37d42dfd37e/element HTTP/1.1
User-Agent: selenium/4.1.2 (java windows)
Content-Length: 88
Content-Type: application/json; charset=utf-8
host: localhost:49880
accept: */*

Response DefaultHttpResponse(decodeResult: success, version: HTTP/1.1)
HTTP/1.1 200 OK
Content-Type: application/json; charset=utf-8
cache-control: no-cache
content-length: 88

21:56:40.497 [AsyncHttpClient-1-4] DEBUG org.asynchttpclient.netty.channel.ChannelManager - Adding key: http://localhost:49880 for channel [id: 0xa620c57b, L:/127.0.0.1:52463 - R:localhost/127.0.0.1:49880]
21:56:40.498 [Forwarding clearElement on session 75d127229f1a030730cda37d42dfd37e to remote] DEBUG org.asynchttpclient.netty.request.NettyRequestSender - Using pooled Channel '[id: 0xa620c57b, L:/127.0.0.1:52463 - R:localhost/127.0.0.1:49880]' for 'POST' to 'http://localhost:49880/session/75d127229f1a030730cda37d42dfd37e/element/3907c71f-a55f-4037-8c6f-b464886e219b/clear'
21:56:40.498 [Forwarding clearElement on session 75d127229f1a030730cda37d42dfd37e to remote] DEBUG org.asynchttpclient.netty.request.NettyRequestSender - Using open Channel [id: 0xa620c57b, L:/127.0.0.1:52463 - R:localhost/127.0.0.1:49880] for POST '/session/75d127229f1a030730cda37d42dfd37e/element/3907c71f-a55f-4037-8c6f-b464886e219b/clear'
21:56:40.551 [AsyncHttpClient-1-4] DEBUG org.asynchttpclient.netty.handler.HttpHandler - 

Request DefaultHttpRequest(decodeResult: success, version: HTTP/1.1)
POST /session/75d127229f1a030730cda37d42dfd37e/element/3907c71f-a55f-4037-8c6f-b464886e219b/clear HTTP/1.1
User-Agent: selenium/4.1.2 (java windows)
Content-Length: 50
Content-Type: application/json; charset=utf-8
host: localhost:49880
accept: */*

Response DefaultHttpResponse(decodeResult: success, version: HTTP/1.1)
HTTP/1.1 200 OK
Content-Type: application/json; charset=utf-8
cache-control: no-cache
content-length: 14

21:56:40.551 [AsyncHttpClient-1-4] DEBUG org.asynchttpclient.netty.channel.ChannelManager - Adding key: http://localhost:49880 for channel [id: 0xa620c57b, L:/127.0.0.1:52463 - R:localhost/127.0.0.1:49880]
21:56:40.554 [Forwarding sendKeysToElement on session 75d127229f1a030730cda37d42dfd37e to remote] DEBUG org.asynchttpclient.netty.request.NettyRequestSender - Using pooled Channel '[id: 0xa620c57b, L:/127.0.0.1:52463 - R:localhost/127.0.0.1:49880]' for 'POST' to 'http://localhost:49880/session/75d127229f1a030730cda37d42dfd37e/element/3907c71f-a55f-4037-8c6f-b464886e219b/value'
21:56:40.554 [Forwarding sendKeysToElement on session 75d127229f1a030730cda37d42dfd37e to remote] DEBUG org.asynchttpclient.netty.request.NettyRequestSender - Using open Channel [id: 0xa620c57b, L:/127.0.0.1:52463 - R:localhost/127.0.0.1:49880] for POST '/session/75d127229f1a030730cda37d42dfd37e/element/3907c71f-a55f-4037-8c6f-b464886e219b/value'
21:56:40.659 [AsyncHttpClient-1-4] DEBUG org.asynchttpclient.netty.handler.HttpHandler - 

Request DefaultHttpRequest(decodeResult: success, version: HTTP/1.1)
POST /session/75d127229f1a030730cda37d42dfd37e/element/3907c71f-a55f-4037-8c6f-b464886e219b/value HTTP/1.1
User-Agent: selenium/4.1.2 (java windows)
Content-Length: 111
Content-Type: application/json; charset=utf-8
host: localhost:49880
accept: */*

Response DefaultHttpResponse(decodeResult: success, version: HTTP/1.1)
HTTP/1.1 200 OK
Content-Type: application/json; charset=utf-8
cache-control: no-cache
content-length: 14

21:56:40.659 [AsyncHttpClient-1-4] DEBUG org.asynchttpclient.netty.channel.ChannelManager - Adding key: http://localhost:49880 for channel [id: 0xa620c57b, L:/127.0.0.1:52463 - R:localhost/127.0.0.1:49880]
21:56:40.666 [Forwarding findElement on session 75d127229f1a030730cda37d42dfd37e to remote] DEBUG org.asynchttpclient.netty.request.NettyRequestSender - Using pooled Channel '[id: 0xa620c57b, L:/127.0.0.1:52463 - R:localhost/127.0.0.1:49880]' for 'POST' to 'http://localhost:49880/session/75d127229f1a030730cda37d42dfd37e/element'
21:56:40.666 [Forwarding findElement on session 75d127229f1a030730cda37d42dfd37e to remote] DEBUG org.asynchttpclient.netty.request.NettyRequestSender - Using open Channel [id: 0xa620c57b, L:/127.0.0.1:52463 - R:localhost/127.0.0.1:49880] for POST '/session/75d127229f1a030730cda37d42dfd37e/element'
21:56:40.685 [AsyncHttpClient-1-4] DEBUG org.asynchttpclient.netty.handler.HttpHandler - 

Request DefaultHttpRequest(decodeResult: success, version: HTTP/1.1)
POST /session/75d127229f1a030730cda37d42dfd37e/element HTTP/1.1
User-Agent: selenium/4.1.2 (java windows)
Content-Length: 97
Content-Type: application/json; charset=utf-8
host: localhost:49880
accept: */*

Response DefaultHttpResponse(decodeResult: success, version: HTTP/1.1)
HTTP/1.1 200 OK
Content-Type: application/json; charset=utf-8
cache-control: no-cache
content-length: 88

21:56:40.685 [AsyncHttpClient-1-4] DEBUG org.asynchttpclient.netty.channel.ChannelManager - Adding key: http://localhost:49880 for channel [id: 0xa620c57b, L:/127.0.0.1:52463 - R:localhost/127.0.0.1:49880]
21:56:40.688 [Forwarding clearElement on session 75d127229f1a030730cda37d42dfd37e to remote] DEBUG org.asynchttpclient.netty.request.NettyRequestSender - Using pooled Channel '[id: 0xa620c57b, L:/127.0.0.1:52463 - R:localhost/127.0.0.1:49880]' for 'POST' to 'http://localhost:49880/session/75d127229f1a030730cda37d42dfd37e/element/74bced41-81d0-4ab8-9abf-756190859610/clear'
21:56:40.688 [Forwarding clearElement on session 75d127229f1a030730cda37d42dfd37e to remote] DEBUG org.asynchttpclient.netty.request.NettyRequestSender - Using open Channel [id: 0xa620c57b, L:/127.0.0.1:52463 - R:localhost/127.0.0.1:49880] for POST '/session/75d127229f1a030730cda37d42dfd37e/element/74bced41-81d0-4ab8-9abf-756190859610/clear'
21:56:40.747 [AsyncHttpClient-1-4] DEBUG org.asynchttpclient.netty.handler.HttpHandler - 

Request DefaultHttpRequest(decodeResult: success, version: HTTP/1.1)
POST /session/75d127229f1a030730cda37d42dfd37e/element/74bced41-81d0-4ab8-9abf-756190859610/clear HTTP/1.1
User-Agent: selenium/4.1.2 (java windows)
Content-Length: 50
Content-Type: application/json; charset=utf-8
host: localhost:49880
accept: */*

Response DefaultHttpResponse(decodeResult: success, version: HTTP/1.1)
HTTP/1.1 200 OK
Content-Type: application/json; charset=utf-8
cache-control: no-cache
content-length: 14

21:56:40.747 [AsyncHttpClient-1-4] DEBUG org.asynchttpclient.netty.channel.ChannelManager - Adding key: http://localhost:49880 for channel [id: 0xa620c57b, L:/127.0.0.1:52463 - R:localhost/127.0.0.1:49880]
21:56:40.749 [Forwarding sendKeysToElement on session 75d127229f1a030730cda37d42dfd37e to remote] DEBUG org.asynchttpclient.netty.request.NettyRequestSender - Using pooled Channel '[id: 0xa620c57b, L:/127.0.0.1:52463 - R:localhost/127.0.0.1:49880]' for 'POST' to 'http://localhost:49880/session/75d127229f1a030730cda37d42dfd37e/element/74bced41-81d0-4ab8-9abf-756190859610/value'
21:56:40.749 [Forwarding sendKeysToElement on session 75d127229f1a030730cda37d42dfd37e to remote] DEBUG org.asynchttpclient.netty.request.NettyRequestSender - Using open Channel [id: 0xa620c57b, L:/127.0.0.1:52463 - R:localhost/127.0.0.1:49880] for POST '/session/75d127229f1a030730cda37d42dfd37e/element/74bced41-81d0-4ab8-9abf-756190859610/value'
21:56:40.941 [AsyncHttpClient-1-4] DEBUG org.asynchttpclient.netty.handler.HttpHandler - 

Request DefaultHttpRequest(decodeResult: success, version: HTTP/1.1)
POST /session/75d127229f1a030730cda37d42dfd37e/element/74bced41-81d0-4ab8-9abf-756190859610/value HTTP/1.1
User-Agent: selenium/4.1.2 (java windows)
Content-Length: 191
Content-Type: application/json; charset=utf-8
host: localhost:49880
accept: */*

Response DefaultHttpResponse(decodeResult: success, version: HTTP/1.1)
HTTP/1.1 200 OK
Content-Type: application/json; charset=utf-8
cache-control: no-cache
content-length: 14

21:56:40.941 [AsyncHttpClient-1-4] DEBUG org.asynchttpclient.netty.channel.ChannelManager - Adding key: http://localhost:49880 for channel [id: 0xa620c57b, L:/127.0.0.1:52463 - R:localhost/127.0.0.1:49880]
  &amp#27;[32mWhen &amp#27;[0m&amp#27;[32mI input &amp#27;[0m&amp#27;[32m&amp#27;[1m""&amp#27;[0m&amp#27;[32m fullname &amp#27;[0m&amp#27;[32m&amp#27;[1m"aaa"&amp#27;[0m&amp#27;[32m email and &amp#27;[0m&amp#27;[32m&amp#27;[1m"Cobadlu123@"&amp#27;[0m&amp#27;[32m password&amp#27;[0m &amp#27;[90m# starter.stepdefinitions.RegisterSteps.iInputFullnameEmailAndPassword(java.lang.String,java.lang.String,java.lang.String)&amp#27;[0m
21:56:40.949 [Forwarding screenshot on session 75d127229f1a030730cda37d42dfd37e to remote] DEBUG org.asynchttpclient.netty.request.NettyRequestSender - Using pooled Channel '[id: 0xa620c57b, L:/127.0.0.1:52463 - R:localhost/127.0.0.1:49880]' for 'GET' to 'http://localhost:49880/session/75d127229f1a030730cda37d42dfd37e/screenshot'
21:56:40.949 [Forwarding screenshot on session 75d127229f1a030730cda37d42dfd37e to remote] DEBUG org.asynchttpclient.netty.request.NettyRequestSender - Using open Channel [id: 0xa620c57b, L:/127.0.0.1:52463 - R:localhost/127.0.0.1:49880] for GET '/session/75d127229f1a030730cda37d42dfd37e/screenshot'
21:56:40.979 [AsyncHttpClient-1-1] DEBUG org.asynchttpclient.netty.channel.DefaultChannelPool - Entry count for : http://localhost:52464 : 1
21:56:41.189 [AsyncHttpClient-1-4] DEBUG org.asynchttpclient.netty.handler.HttpHandler - 

Request DefaultFullHttpRequest(decodeResult: success, version: HTTP/1.1, content: EmptyByteBufBE)
GET /session/75d127229f1a030730cda37d42dfd37e/screenshot HTTP/1.1
User-Agent: selenium/4.1.2 (java windows)
Cache-Control: no-cache
Content-Type: application/json; charset=utf-8
host: localhost:49880
accept: */*

Response DefaultHttpResponse(decodeResult: success, version: HTTP/1.1)
HTTP/1.1 200 OK
Content-Type: application/json; charset=utf-8
cache-control: no-cache
content-length: 31724

21:56:41.190 [AsyncHttpClient-1-4] DEBUG org.asynchttpclient.netty.channel.ChannelManager - Adding key: http://localhost:49880 for channel [id: 0xa620c57b, L:/127.0.0.1:52463 - R:localhost/127.0.0.1:49880]
21:56:41.192 [main] DEBUG net.serenitybdd.core.photography.Darkroom - Send negative for processing for target\site\serenity\405dda75b434e221b4774c0ea33371f2e2fed8aa19d5799296422697021d43cb.png
21:56:41.194 [Darkroom Processing Line] DEBUG net.serenitybdd.core.photography.DarkroomProcessingLine - Processing screenshot image in /var/screenshots/screenshot-13951995877846375207
21:56:41.194 [Darkroom Processing Line] DEBUG net.serenitybdd.core.photography.DarkroomProcessingLine - Saving screenshot to target\site\serenity\405dda75b434e221b4774c0ea33371f2e2fed8aa19d5799296422697021d43cb.png
21:56:41.211 [Forwarding findElement on session 75d127229f1a030730cda37d42dfd37e to remote] DEBUG org.asynchttpclient.netty.request.NettyRequestSender - Using pooled Channel '[id: 0xa620c57b, L:/127.0.0.1:52463 - R:localhost/127.0.0.1:49880]' for 'POST' to 'http://localhost:49880/session/75d127229f1a030730cda37d42dfd37e/element'
21:56:41.212 [Forwarding findElement on session 75d127229f1a030730cda37d42dfd37e to remote] DEBUG org.asynchttpclient.netty.request.NettyRequestSender - Using open Channel [id: 0xa620c57b, L:/127.0.0.1:52463 - R:localhost/127.0.0.1:49880] for POST '/session/75d127229f1a030730cda37d42dfd37e/element'
21:56:41.241 [AsyncHttpClient-1-4] DEBUG org.asynchttpclient.netty.handler.HttpHandler - 

Request DefaultHttpRequest(decodeResult: success, version: HTTP/1.1)
POST /session/75d127229f1a030730cda37d42dfd37e/element HTTP/1.1
User-Agent: selenium/4.1.2 (java windows)
Content-Length: 86
Content-Type: application/json; charset=utf-8
host: localhost:49880
accept: */*

Response DefaultHttpResponse(decodeResult: success, version: HTTP/1.1)
HTTP/1.1 200 OK
Content-Type: application/json; charset=utf-8
cache-control: no-cache
content-length: 88

21:56:41.242 [AsyncHttpClient-1-4] DEBUG org.asynchttpclient.netty.channel.ChannelManager - Adding key: http://localhost:49880 for channel [id: 0xa620c57b, L:/127.0.0.1:52463 - R:localhost/127.0.0.1:49880]
21:56:41.244 [Forwarding getElementTagName on session 75d127229f1a030730cda37d42dfd37e to remote] DEBUG org.asynchttpclient.netty.request.NettyRequestSender - Using pooled Channel '[id: 0xa620c57b, L:/127.0.0.1:52463 - R:localhost/127.0.0.1:49880]' for 'GET' to 'http://localhost:49880/session/75d127229f1a030730cda37d42dfd37e/element/83808f93-ed17-4321-853f-3da5f33fdfb8/name'
21:56:41.244 [Forwarding getElementTagName on session 75d127229f1a030730cda37d42dfd37e to remote] DEBUG org.asynchttpclient.netty.request.NettyRequestSender - Using open Channel [id: 0xa620c57b, L:/127.0.0.1:52463 - R:localhost/127.0.0.1:49880] for GET '/session/75d127229f1a030730cda37d42dfd37e/element/83808f93-ed17-4321-853f-3da5f33fdfb8/name'
21:56:41.250 [AsyncHttpClient-1-4] DEBUG org.asynchttpclient.netty.handler.HttpHandler - 

Request DefaultFullHttpRequest(decodeResult: success, version: HTTP/1.1, content: EmptyByteBufBE)
GET /session/75d127229f1a030730cda37d42dfd37e/element/83808f93-ed17-4321-853f-3da5f33fdfb8/name HTTP/1.1
User-Agent: selenium/4.1.2 (java windows)
Cache-Control: no-cache
Content-Type: application/json; charset=utf-8
host: localhost:49880
accept: */*

Response DefaultHttpResponse(decodeResult: success, version: HTTP/1.1)
HTTP/1.1 200 OK
Content-Type: application/json; charset=utf-8
cache-control: no-cache
content-length: 16

21:56:41.250 [AsyncHttpClient-1-4] DEBUG org.asynchttpclient.netty.channel.ChannelManager - Adding key: http://localhost:49880 for channel [id: 0xa620c57b, L:/127.0.0.1:52463 - R:localhost/127.0.0.1:49880]
21:56:41.255 [Forwarding getElementTagName on session 75d127229f1a030730cda37d42dfd37e to remote] DEBUG org.asynchttpclient.netty.request.NettyRequestSender - Using pooled Channel '[id: 0xa620c57b, L:/127.0.0.1:52463 - R:localhost/127.0.0.1:49880]' for 'GET' to 'http://localhost:49880/session/75d127229f1a030730cda37d42dfd37e/element/83808f93-ed17-4321-853f-3da5f33fdfb8/name'
21:56:41.255 [Forwarding getElementTagName on session 75d127229f1a030730cda37d42dfd37e to remote] DEBUG org.asynchttpclient.netty.request.NettyRequestSender - Using open Channel [id: 0xa620c57b, L:/127.0.0.1:52463 - R:localhost/127.0.0.1:49880] for GET '/session/75d127229f1a030730cda37d42dfd37e/element/83808f93-ed17-4321-853f-3da5f33fdfb8/name'
21:56:41.261 [AsyncHttpClient-1-4] DEBUG org.asynchttpclient.netty.handler.HttpHandler - 

Request DefaultFullHttpRequest(decodeResult: success, version: HTTP/1.1, content: EmptyByteBufBE)
GET /session/75d127229f1a030730cda37d42dfd37e/element/83808f93-ed17-4321-853f-3da5f33fdfb8/name HTTP/1.1
User-Agent: selenium/4.1.2 (java windows)
Cache-Control: no-cache
Content-Type: application/json; charset=utf-8
host: localhost:49880
accept: */*

Response DefaultHttpResponse(decodeResult: success, version: HTTP/1.1)
HTTP/1.1 200 OK
Content-Type: application/json; charset=utf-8
cache-control: no-cache
content-length: 16

21:56:41.261 [AsyncHttpClient-1-4] DEBUG org.asynchttpclient.netty.channel.ChannelManager - Adding key: http://localhost:49880 for channel [id: 0xa620c57b, L:/127.0.0.1:52463 - R:localhost/127.0.0.1:49880]
21:56:41.263 [Forwarding findElement on session 75d127229f1a030730cda37d42dfd37e to remote] DEBUG org.asynchttpclient.netty.request.NettyRequestSender - Using pooled Channel '[id: 0xa620c57b, L:/127.0.0.1:52463 - R:localhost/127.0.0.1:49880]' for 'POST' to 'http://localhost:49880/session/75d127229f1a030730cda37d42dfd37e/element'
21:56:41.263 [Forwarding findElement on session 75d127229f1a030730cda37d42dfd37e to remote] DEBUG org.asynchttpclient.netty.request.NettyRequestSender - Using open Channel [id: 0xa620c57b, L:/127.0.0.1:52463 - R:localhost/127.0.0.1:49880] for POST '/session/75d127229f1a030730cda37d42dfd37e/element'
21:56:41.276 [AsyncHttpClient-1-4] DEBUG org.asynchttpclient.netty.handler.HttpHandler - 

Request DefaultHttpRequest(decodeResult: success, version: HTTP/1.1)
POST /session/75d127229f1a030730cda37d42dfd37e/element HTTP/1.1
User-Agent: selenium/4.1.2 (java windows)
Content-Length: 86
Content-Type: application/json; charset=utf-8
host: localhost:49880
accept: */*

Response DefaultHttpResponse(decodeResult: success, version: HTTP/1.1)
HTTP/1.1 200 OK
Content-Type: application/json; charset=utf-8
cache-control: no-cache
content-length: 88

21:56:41.276 [AsyncHttpClient-1-4] DEBUG org.asynchttpclient.netty.channel.ChannelManager - Adding key: http://localhost:49880 for channel [id: 0xa620c57b, L:/127.0.0.1:52463 - R:localhost/127.0.0.1:49880]
21:56:41.278 [Forwarding clickElement on session 75d127229f1a030730cda37d42dfd37e to remote] DEBUG org.asynchttpclient.netty.request.NettyRequestSender - Using pooled Channel '[id: 0xa620c57b, L:/127.0.0.1:52463 - R:localhost/127.0.0.1:49880]' for 'POST' to 'http://localhost:49880/session/75d127229f1a030730cda37d42dfd37e/element/83808f93-ed17-4321-853f-3da5f33fdfb8/click'
21:56:41.278 [Forwarding clickElement on session 75d127229f1a030730cda37d42dfd37e to remote] DEBUG org.asynchttpclient.netty.request.NettyRequestSender - Using open Channel [id: 0xa620c57b, L:/127.0.0.1:52463 - R:localhost/127.0.0.1:49880] for POST '/session/75d127229f1a030730cda37d42dfd37e/element/83808f93-ed17-4321-853f-3da5f33fdfb8/click'
21:56:41.397 [AsyncHttpClient-1-4] DEBUG org.asynchttpclient.netty.handler.HttpHandler - 

Request DefaultHttpRequest(decodeResult: success, version: HTTP/1.1)
POST /session/75d127229f1a030730cda37d42dfd37e/element/83808f93-ed17-4321-853f-3da5f33fdfb8/click HTTP/1.1
User-Agent: selenium/4.1.2 (java windows)
Content-Length: 50
Content-Type: application/json; charset=utf-8
host: localhost:49880
accept: */*

Response DefaultHttpResponse(decodeResult: success, version: HTTP/1.1)
HTTP/1.1 200 OK
Content-Type: application/json; charset=utf-8
cache-control: no-cache
content-length: 14

21:56:41.397 [AsyncHttpClient-1-4] DEBUG org.asynchttpclient.netty.channel.ChannelManager - Adding key: http://localhost:49880 for channel [id: 0xa620c57b, L:/127.0.0.1:52463 - R:localhost/127.0.0.1:49880]
  &amp#27;[32mAnd &amp#27;[0m&amp#27;[32mI click register button&amp#27;[0m                                     &amp#27;[90m# starter.stepdefinitions.RegisterSteps.iClickRegisterButton()&amp#27;[0m
21:56:41.413 [Forwarding screenshot on session 75d127229f1a030730cda37d42dfd37e to remote] DEBUG org.asynchttpclient.netty.request.NettyRequestSender - Using pooled Channel '[id: 0xa620c57b, L:/127.0.0.1:52463 - R:localhost/127.0.0.1:49880]' for 'GET' to 'http://localhost:49880/session/75d127229f1a030730cda37d42dfd37e/screenshot'
21:56:41.413 [Forwarding screenshot on session 75d127229f1a030730cda37d42dfd37e to remote] DEBUG org.asynchttpclient.netty.request.NettyRequestSender - Using open Channel [id: 0xa620c57b, L:/127.0.0.1:52463 - R:localhost/127.0.0.1:49880] for GET '/session/75d127229f1a030730cda37d42dfd37e/screenshot'
21:56:41.740 [AsyncHttpClient-1-4] DEBUG org.asynchttpclient.netty.handler.HttpHandler - 

Request DefaultFullHttpRequest(decodeResult: success, version: HTTP/1.1, content: EmptyByteBufBE)
GET /session/75d127229f1a030730cda37d42dfd37e/screenshot HTTP/1.1
User-Agent: selenium/4.1.2 (java windows)
Cache-Control: no-cache
Content-Type: application/json; charset=utf-8
host: localhost:49880
accept: */*

Response DefaultHttpResponse(decodeResult: success, version: HTTP/1.1)
HTTP/1.1 200 OK
Content-Type: application/json; charset=utf-8
cache-control: no-cache
content-length: 31220

21:56:41.741 [AsyncHttpClient-1-4] DEBUG org.asynchttpclient.netty.channel.ChannelManager - Adding key: http://localhost:49880 for channel [id: 0xa620c57b, L:/127.0.0.1:52463 - R:localhost/127.0.0.1:49880]
21:56:41.746 [main] DEBUG net.serenitybdd.core.photography.Darkroom - Send negative for processing for target\site\serenity\b5b9d30397365c44c4a45c697c3ce50538d7f89ab7b8adc31364c02816ab1390.png
21:56:41.754 [Darkroom Processing Line] DEBUG net.serenitybdd.core.photography.DarkroomProcessingLine - Processing screenshot image in /var/screenshots/screenshot-15912354534567417554
21:56:41.755 [Darkroom Processing Line] DEBUG net.serenitybdd.core.photography.DarkroomProcessingLine - Saving screenshot to target\site\serenity\b5b9d30397365c44c4a45c697c3ce50538d7f89ab7b8adc31364c02816ab1390.png
21:56:41.765 [Forwarding findElement on session 75d127229f1a030730cda37d42dfd37e to remote] DEBUG org.asynchttpclient.netty.request.NettyRequestSender - Using pooled Channel '[id: 0xa620c57b, L:/127.0.0.1:52463 - R:localhost/127.0.0.1:49880]' for 'POST' to 'http://localhost:49880/session/75d127229f1a030730cda37d42dfd37e/element'
21:56:41.765 [Forwarding findElement on session 75d127229f1a030730cda37d42dfd37e to remote] DEBUG org.asynchttpclient.netty.request.NettyRequestSender - Using open Channel [id: 0xa620c57b, L:/127.0.0.1:52463 - R:localhost/127.0.0.1:49880] for POST '/session/75d127229f1a030730cda37d42dfd37e/element'
21:56:42.075 [AsyncHttpClient-1-1] DEBUG org.asynchttpclient.netty.channel.DefaultChannelPool - Entry count for : http://localhost:52464 : 1
21:56:42.779 [AsyncHttpClient-1-4] DEBUG org.asynchttpclient.netty.handler.HttpHandler - 

Request DefaultHttpRequest(decodeResult: success, version: HTTP/1.1)
POST /session/75d127229f1a030730cda37d42dfd37e/element HTTP/1.1
User-Agent: selenium/4.1.2 (java windows)
Content-Length: 94
Content-Type: application/json; charset=utf-8
host: localhost:49880
accept: */*

Response DefaultHttpResponse(decodeResult: success, version: HTTP/1.1)
HTTP/1.1 200 OK
Content-Type: application/json; charset=utf-8
cache-control: no-cache
content-length: 88

21:56:42.780 [AsyncHttpClient-1-4] DEBUG org.asynchttpclient.netty.channel.ChannelManager - Adding key: http://localhost:49880 for channel [id: 0xa620c57b, L:/127.0.0.1:52463 - R:localhost/127.0.0.1:49880]
21:56:42.787 [Forwarding isElementDisplayed on session 75d127229f1a030730cda37d42dfd37e to remote] DEBUG org.asynchttpclient.netty.request.NettyRequestSender - Using pooled Channel '[id: 0xa620c57b, L:/127.0.0.1:52463 - R:localhost/127.0.0.1:49880]' for 'POST' to 'http://localhost:49880/session/75d127229f1a030730cda37d42dfd37e/execute/sync'
21:56:42.787 [Forwarding isElementDisplayed on session 75d127229f1a030730cda37d42dfd37e to remote] DEBUG org.asynchttpclient.netty.request.NettyRequestSender - Using open Channel [id: 0xa620c57b, L:/127.0.0.1:52463 - R:localhost/127.0.0.1:49880] for POST '/session/75d127229f1a030730cda37d42dfd37e/execute/sync'
21:56:42.815 [AsyncHttpClient-1-4] DEBUG org.asynchttpclient.netty.handler.HttpHandler - 

Request DefaultHttpRequest(decodeResult: success, version: HTTP/1.1)
POST /session/75d127229f1a030730cda37d42dfd37e/execute/sync HTTP/1.1
User-Agent: selenium/4.1.2 (java windows)
Content-Length: 48780
Content-Type: application/json; charset=utf-8
host: localhost:49880
accept: */*

Response DefaultHttpResponse(decodeResult: success, version: HTTP/1.1)
HTTP/1.1 200 OK
Content-Type: application/json; charset=utf-8
cache-control: no-cache
content-length: 14

21:56:42.815 [AsyncHttpClient-1-4] DEBUG org.asynchttpclient.netty.channel.ChannelManager - Adding key: http://localhost:49880 for channel [id: 0xa620c57b, L:/127.0.0.1:52463 - R:localhost/127.0.0.1:49880]
  &amp#27;[32mThen &amp#27;[0m&amp#27;[32mI can &amp#27;[0m&amp#27;[32m&amp#27;[1m"error"&amp#27;[0m&amp#27;[32m regist account&amp#27;[0m                               &amp#27;[90m# starter.stepdefinitions.RegisterSteps.iCanRegistAccount(java.lang.String)&amp#27;[0m
21:56:42.827 [Forwarding screenshot on session 75d127229f1a030730cda37d42dfd37e to remote] DEBUG org.asynchttpclient.netty.request.NettyRequestSender - Using pooled Channel '[id: 0xa620c57b, L:/127.0.0.1:52463 - R:localhost/127.0.0.1:49880]' for 'GET' to 'http://localhost:49880/session/75d127229f1a030730cda37d42dfd37e/screenshot'
21:56:42.827 [Forwarding screenshot on session 75d127229f1a030730cda37d42dfd37e to remote] DEBUG org.asynchttpclient.netty.request.NettyRequestSender - Using open Channel [id: 0xa620c57b, L:/127.0.0.1:52463 - R:localhost/127.0.0.1:49880] for GET '/session/75d127229f1a030730cda37d42dfd37e/screenshot'
21:56:43.043 [AsyncHttpClient-1-4] DEBUG org.asynchttpclient.netty.handler.HttpHandler - 

Request DefaultFullHttpRequest(decodeResult: success, version: HTTP/1.1, content: EmptyByteBufBE)
GET /session/75d127229f1a030730cda37d42dfd37e/screenshot HTTP/1.1
User-Agent: selenium/4.1.2 (java windows)
Cache-Control: no-cache
Content-Type: application/json; charset=utf-8
host: localhost:49880
accept: */*

Response DefaultHttpResponse(decodeResult: success, version: HTTP/1.1)
HTTP/1.1 200 OK
Content-Type: application/json; charset=utf-8
cache-control: no-cache
content-length: 32716

21:56:43.044 [AsyncHttpClient-1-4] DEBUG org.asynchttpclient.netty.channel.ChannelManager - Adding key: http://localhost:49880 for channel [id: 0xa620c57b, L:/127.0.0.1:52463 - R:localhost/127.0.0.1:49880]
21:56:43.046 [main] DEBUG net.serenitybdd.core.photography.Darkroom - Send negative for processing for target\site\serenity\83dc8bd816e9aac9d96e471d878a547b3931660d54834b1114e55c4dd9d95356.png
21:56:43.046 [Darkroom Processing Line] DEBUG net.serenitybdd.core.photography.DarkroomProcessingLine - Processing screenshot image in /var/screenshots/screenshot-12367430980827232525
21:56:43.046 [Darkroom Processing Line] DEBUG net.serenitybdd.core.photography.DarkroomProcessingLine - Saving screenshot to target\site\serenity\83dc8bd816e9aac9d96e471d878a547b3931660d54834b1114e55c4dd9d95356.png
21:56:43.055 [AsyncHttpClient-1-6] DEBUG org.asynchttpclient.netty.handler.WebSocketHandler - Channel Closed: [id: 0x61740b65, L:/127.0.0.1:52471 ! R:localhost/127.0.0.1:52464] with attribute NettyResponseFuture{currentRetry=5,
	isDone=1,
	isCancelled=0,
	asyncHandler=org.asynchttpclient.ws.WebSocketUpgradeHandler@13364f99,
	nettyRequest=org.asynchttpclient.netty.request.NettyRequest@2dcf56f4,
	future=java.util.concurrent.CompletableFuture@90facc6[Completed normally],
	uri=ws://localhost:52464/devtools/browser/7ac37cda-d1c1-4a25-81fa-3b7c0c7a292b,
	keepAlive=true,
	redirectCount=0,
	timeoutsHolder=null,
	inAuth=0,
	touch=1667573798445}
21:56:43.055 [AsyncHttpClient-1-6] DEBUG org.asynchttpclient.netty.channel.ChannelManager - Closing Channel [id: 0x61740b65, L:/127.0.0.1:52471 ! R:localhost/127.0.0.1:52464] 
21:56:43.056 [Driver Command Executor] DEBUG org.asynchttpclient.netty.request.NettyRequestSender - Using pooled Channel '[id: 0xa620c57b, L:/127.0.0.1:52463 - R:localhost/127.0.0.1:49880]' for 'DELETE' to 'http://localhost:49880/session/75d127229f1a030730cda37d42dfd37e'
21:56:43.056 [Driver Command Executor] DEBUG org.asynchttpclient.netty.request.NettyRequestSender - Using open Channel [id: 0xa620c57b, L:/127.0.0.1:52463 - R:localhost/127.0.0.1:49880] for DELETE '/session/75d127229f1a030730cda37d42dfd37e'
21:56:43.172 [AsyncHttpClient-1-5] DEBUG org.asynchttpclient.netty.handler.HttpHandler - Unexpected I/O exception on channel [id: 0x00b17a9a, L:/127.0.0.1:52470 - R:localhost/127.0.0.1:52464]
java.io.IOException: An existing connection was forcibly closed by the remote host
	at java.base/sun.nio.ch.SocketDispatcher.read0(Native Method)
	at java.base/sun.nio.ch.SocketDispatcher.read(SocketDispatcher.java:43)
	at java.base/sun.nio.ch.IOUtil.readIntoNativeBuffer(IOUtil.java:276)
	at java.base/sun.nio.ch.IOUtil.read(IOUtil.java:233)
	at java.base/sun.nio.ch.IOUtil.read(IOUtil.java:223)
	at java.base/sun.nio.ch.SocketChannelImpl.read(SocketChannelImpl.java:358)
	at io.netty.buffer.PooledByteBuf.setBytes(PooledByteBuf.java:258)
	at io.netty.buffer.AbstractByteBuf.writeBytes(AbstractByteBuf.java:1132)
	at io.netty.channel.socket.nio.NioSocketChannel.doReadBytes(NioSocketChannel.java:350)
	at io.netty.channel.nio.AbstractNioByteChannel$NioByteUnsafe.read(AbstractNioByteChannel.java:151)
	at io.netty.channel.nio.NioEventLoop.processSelectedKey(NioEventLoop.java:722)
	at io.netty.channel.nio.NioEventLoop.processSelectedKeysOptimized(NioEventLoop.java:658)
	at io.netty.channel.nio.NioEventLoop.processSelectedKeys(NioEventLoop.java:584)
	at io.netty.channel.nio.NioEventLoop.run(NioEventLoop.java:496)
	at io.netty.util.concurrent.SingleThreadEventExecutor$4.run(SingleThreadEventExecutor.java:986)
	at io.netty.util.internal.ThreadExecutorMap$2.run(ThreadExecutorMap.java:74)
	at io.netty.util.concurrent.FastThreadLocalRunnable.run(FastThreadLocalRunnable.java:30)
	at java.base/java.lang.Thread.run(Thread.java:834)
21:56:43.173 [AsyncHttpClient-1-5] DEBUG org.asynchttpclient.netty.channel.ChannelManager - Closing Channel [id: 0x00b17a9a, L:/127.0.0.1:52470 - R:localhost/127.0.0.1:52464] 
21:56:43.173 [AsyncHttpClient-1-5] DEBUG org.asynchttpclient.netty.handler.HttpHandler - Channel Closed: [id: 0x00b17a9a, L:/127.0.0.1:52470 ! R:localhost/127.0.0.1:52464] with attribute DISCARD
21:56:43.175 [AsyncHttpClient-1-1] DEBUG org.asynchttpclient.netty.channel.DefaultChannelPool - Entry count for : http://localhost:52464 : 1
21:56:43.175 [AsyncHttpClient-1-1] DEBUG org.asynchttpclient.netty.channel.DefaultChannelPool - Adding Candidate expired Channel [id: 0x00b17a9a, L:/127.0.0.1:52470 ! R:localhost/127.0.0.1:52464] isIdleTimeoutExpired=false isRemotelyClosed=true isTtlExpired=false
21:56:43.175 [AsyncHttpClient-1-1] DEBUG org.asynchttpclient.netty.channel.DefaultChannelPool - Closing Idle Channel [id: 0x00b17a9a, L:/127.0.0.1:52470 ! R:localhost/127.0.0.1:52464]
21:56:43.175 [AsyncHttpClient-1-1] DEBUG org.asynchttpclient.netty.channel.DefaultChannelPool - Closed 1 connections out of 1 in 0 ms
21:56:43.213 [AsyncHttpClient-1-4] DEBUG org.asynchttpclient.netty.handler.HttpHandler - 

Request DefaultFullHttpRequest(decodeResult: success, version: HTTP/1.1, content: EmptyByteBufBE)
DELETE /session/75d127229f1a030730cda37d42dfd37e HTTP/1.1
User-Agent: selenium/4.1.2 (java windows)
Content-Type: application/json; charset=utf-8
host: localhost:49880
accept: */*

Response DefaultHttpResponse(decodeResult: success, version: HTTP/1.1)
HTTP/1.1 200 OK
Content-Type: application/json; charset=utf-8
cache-control: no-cache
content-length: 14

21:56:43.214 [AsyncHttpClient-1-4] DEBUG org.asynchttpclient.netty.channel.ChannelManager - Adding key: http://localhost:49880 for channel [id: 0xa620c57b, L:/127.0.0.1:52463 - R:localhost/127.0.0.1:49880]
21:56:43.351 [AsyncHttpClient-1-4] DEBUG org.asynchttpclient.netty.handler.HttpHandler - Channel Closed: [id: 0xa620c57b, L:/127.0.0.1:52463 ! R:localhost/127.0.0.1:49880] with attribute DISCARD
]]></system-out>
    <system-err><![CDATA[Starting ChromeDriver 106.0.5249.61 (511755355844955cd3e264779baf0dd38212a4d0-refs/branch-heads/5249@{#569}) on port 49880
Only local connections are allowed.
Please see https://chromedriver.chromium.org/security-considerations for suggestions on keeping ChromeDriver safe.
ChromeDriver was started successfully.
[1667573798.314][WARNING]: This version of ChromeDriver has not been tested with Chrome version 107.
Nov 04, 2022 9:56:38 PM org.openqa.selenium.remote.ProtocolHandshake createSession
INFO: Detected dialect: W3C
Nov 04, 2022 9:56:38 PM org.openqa.selenium.devtools.CdpVersionFinder findNearestMatch
WARNING: Unable to find an exact match for CDP version 107, so returning the closest version found: a no-op implementation
Nov 04, 2022 9:56:38 PM org.openqa.selenium.devtools.CdpVersionFinder findNearestMatch
INFO: Unable to find CDP implementation matching 107.
Nov 04, 2022 9:56:38 PM org.openqa.selenium.chromium.ChromiumDriver lambda$new$3
WARNING: Unable to find version of CDP to use for . You may need to include a dependency on a specific version of the CDP using something similar to `org.seleniumhq.selenium:selenium-devtools-v86:4.1.2` where the version ("v86") matches the version of the chromium-based browser you're using and the version number of the artifact is the same as Selenium's.
]]></system-err>
  </testcase>
  <testcase name="Login account #5" classname="Register" time="8.942">
    <system-out><![CDATA[
@Registers @Register
Scenario Outline: Login account                                  &amp#27;[90m# src/test/resources/features/Register.feature:19&amp#27;[0m
21:56:43.388 [main] INFO io.cucumber.core.plugin.SerenityReporter - Running feature from file:///C:/Users/ACER/Documents/Mini_Proyek/test-web/src/test/resources/features/Register.feature
21:56:43.463 [main] INFO net.serenitybdd.core.webdriver.driverproviders.ChromeDriverProvider - Using automatically driver download
21:56:43.855 [main] DEBUG io.github.bonigarcia.wdm.cache.ResolutionCache - Resolution chrome=107 in cache (valid until 22:53:45 04/11/2022 ICT)
21:56:43.869 [main] DEBUG io.github.bonigarcia.wdm.cache.ResolutionCache - Resolution chrome107=107.0.5304.62 in cache (valid until 21:53:45 05/11/2022 ICT)
21:56:43.878 [main] INFO io.github.bonigarcia.wdm.WebDriverManager - Using chromedriver 107.0.5304.62 (resolved driver for Chrome 107)
21:56:44.009 [main] DEBUG io.github.bonigarcia.wdm.WebDriverManager - Driver chromedriver 107.0.5304.62 found in cache
21:56:44.023 [main] INFO io.github.bonigarcia.wdm.WebDriverManager - Exporting webdriver.chrome.driver as C:\Users\ACER\.cache\selenium\chromedriver\win32\107.0.5304.62\chromedriver.exe
21:56:44.472 [AsyncHttpClient-1-1] DEBUG org.asynchttpclient.netty.channel.DefaultChannelPool - Entry count for : http://localhost:49880 : 1
21:56:44.472 [AsyncHttpClient-1-1] DEBUG org.asynchttpclient.netty.channel.DefaultChannelPool - Adding Candidate expired Channel [id: 0xa620c57b, L:/127.0.0.1:52463 ! R:localhost/127.0.0.1:49880] isIdleTimeoutExpired=false isRemotelyClosed=true isTtlExpired=false
21:56:44.473 [AsyncHttpClient-1-1] DEBUG org.asynchttpclient.netty.channel.DefaultChannelPool - Closing Idle Channel [id: 0xa620c57b, L:/127.0.0.1:52463 ! R:localhost/127.0.0.1:49880]
21:56:44.492 [AsyncHttpClient-1-1] DEBUG org.asynchttpclient.netty.channel.DefaultChannelPool - Closed 1 connections out of 1 in 20 ms
21:56:45.410 [main] DEBUG net.serenitybdd.core.webdriver.driverproviders.ProvideNewDriver - Instantiating driver
21:56:45.410 [main] DEBUG net.serenitybdd.core.webdriver.driverproviders.ProvideNewDriver - Driver capabilities: Capabilities {acceptInsecureCerts: false, base.url: https://alta-shop.vercel.app, browserName: chrome, chrome.driver: src/test/resources/webdrive..., driver: chrome, goog:chromeOptions: {args: [], extensions: []}, wait.for.timeout: 15000}
21:56:45.623 [AsyncHttpClient-1-7] DEBUG org.asynchttpclient.netty.channel.NettyConnectListener - Using new Channel '[id: 0x547f07ba, L:/127.0.0.1:52488 - R:localhost/127.0.0.1:65473]' for 'POST' to '/session'
21:56:46.658 [AsyncHttpClient-1-7] DEBUG org.asynchttpclient.netty.handler.HttpHandler - 

Request DefaultHttpRequest(decodeResult: success, version: HTTP/1.1)
POST /session HTTP/1.1
User-Agent: selenium/4.1.2 (java windows)
Content-Length: 640
Content-Type: application/json; charset=utf-8
host: localhost:65473
accept: */*

Response DefaultHttpResponse(decodeResult: success, version: HTTP/1.1)
HTTP/1.1 200 OK
Content-Type: application/json; charset=utf-8
cache-control: no-cache
content-length: 787

21:56:46.658 [AsyncHttpClient-1-7] DEBUG org.asynchttpclient.netty.channel.ChannelManager - Adding key: http://localhost:65473 for channel [id: 0x547f07ba, L:/127.0.0.1:52488 - R:localhost/127.0.0.1:65473]
21:56:46.683 [AsyncHttpClient-1-8] DEBUG org.asynchttpclient.netty.channel.NettyConnectListener - Using new Channel '[id: 0xead34ae4, L:/127.0.0.1:52494 - R:localhost/127.0.0.1:52489]' for 'GET' to '/json/version'
21:56:46.684 [AsyncHttpClient-1-8] DEBUG org.asynchttpclient.netty.handler.HttpHandler - 

Request DefaultFullHttpRequest(decodeResult: success, version: HTTP/1.1, content: EmptyByteBufBE)
GET /json/version HTTP/1.1
User-Agent: selenium/4.1.2 (java windows)
host: localhost:52489
accept: */*

Response DefaultHttpResponse(decodeResult: success, version: HTTP/1.1)
HTTP/1.1 200 OK
Content-Type: application/json; charset=UTF-8
content-length: 423

21:56:46.684 [AsyncHttpClient-1-8] DEBUG org.asynchttpclient.netty.channel.ChannelManager - Adding key: http://localhost:52489 for channel [id: 0xead34ae4, L:/127.0.0.1:52494 - R:localhost/127.0.0.1:52489]
21:56:46.696 [AsyncHttpClient-1-9] DEBUG org.asynchttpclient.netty.channel.NettyConnectListener - Using new Channel '[id: 0xbf98292b, L:/127.0.0.1:52495 - R:localhost/127.0.0.1:52489]' for 'GET' to '/devtools/browser/fd7fa7b9-a39b-4b9f-9a21-322c19df11ce'
21:56:46.697 [AsyncHttpClient-1-9] DEBUG org.asynchttpclient.netty.handler.WebSocketHandler - 

Request DefaultFullHttpRequest(decodeResult: success, version: HTTP/1.1, content: EmptyByteBufBE)
GET /devtools/browser/fd7fa7b9-a39b-4b9f-9a21-322c19df11ce HTTP/1.1
upgrade: websocket
connection: upgrade
sec-websocket-key: 7opiIdIOocOD/y/wEL9wdA==
sec-websocket-version: 13
origin: http://localhost:52489
host: localhost:52489
accept: */*
user-agent: AHC/2.1

Response DefaultHttpResponse(decodeResult: success, version: HTTP/1.1)
HTTP/1.1 101 WebSocket Protocol Handshake
Upgrade: WebSocket
Connection: Upgrade
Sec-WebSocket-Accept: Qd0TRtTtBF1gD7YAsR7WSmxPtfc=

21:56:46.726 [Forwarding get on session ea31b2aaad742020ed11c60e0693e212 to remote] DEBUG org.asynchttpclient.netty.request.NettyRequestSender - Using pooled Channel '[id: 0x547f07ba, L:/127.0.0.1:52488 - R:localhost/127.0.0.1:65473]' for 'POST' to 'http://localhost:65473/session/ea31b2aaad742020ed11c60e0693e212/url'
21:56:46.726 [Forwarding get on session ea31b2aaad742020ed11c60e0693e212 to remote] DEBUG org.asynchttpclient.netty.request.NettyRequestSender - Using open Channel [id: 0x547f07ba, L:/127.0.0.1:52488 - R:localhost/127.0.0.1:65473] for POST '/session/ea31b2aaad742020ed11c60e0693e212/url'
21:56:46.743 [AsyncHttpClient-1-1] DEBUG org.asynchttpclient.netty.channel.DefaultChannelPool - Entry count for : http://localhost:52489 : 1
21:56:47.780 [AsyncHttpClient-1-1] DEBUG org.asynchttpclient.netty.channel.DefaultChannelPool - Entry count for : http://localhost:52489 : 1
21:56:48.290 [AsyncHttpClient-1-7] DEBUG org.asynchttpclient.netty.handler.HttpHandler - 

Request DefaultHttpRequest(decodeResult: success, version: HTTP/1.1)
POST /session/ea31b2aaad742020ed11c60e0693e212/url HTTP/1.1
User-Agent: selenium/4.1.2 (java windows)
Content-Length: 77
Content-Type: application/json; charset=utf-8
host: localhost:65473
accept: */*

Response DefaultHttpResponse(decodeResult: success, version: HTTP/1.1)
HTTP/1.1 200 OK
Content-Type: application/json; charset=utf-8
cache-control: no-cache
content-length: 14

21:56:48.291 [AsyncHttpClient-1-7] DEBUG org.asynchttpclient.netty.channel.ChannelManager - Adding key: http://localhost:65473 for channel [id: 0x547f07ba, L:/127.0.0.1:52488 - R:localhost/127.0.0.1:65473]
21:56:48.293 [Forwarding setTimeout on session ea31b2aaad742020ed11c60e0693e212 to remote] DEBUG org.asynchttpclient.netty.request.NettyRequestSender - Using pooled Channel '[id: 0x547f07ba, L:/127.0.0.1:52488 - R:localhost/127.0.0.1:65473]' for 'POST' to 'http://localhost:65473/session/ea31b2aaad742020ed11c60e0693e212/timeouts'
21:56:48.293 [Forwarding setTimeout on session ea31b2aaad742020ed11c60e0693e212 to remote] DEBUG org.asynchttpclient.netty.request.NettyRequestSender - Using open Channel [id: 0x547f07ba, L:/127.0.0.1:52488 - R:localhost/127.0.0.1:65473] for POST '/session/ea31b2aaad742020ed11c60e0693e212/timeouts'
21:56:48.294 [AsyncHttpClient-1-7] DEBUG org.asynchttpclient.netty.handler.HttpHandler - 

Request DefaultHttpRequest(decodeResult: success, version: HTTP/1.1)
POST /session/ea31b2aaad742020ed11c60e0693e212/timeouts HTTP/1.1
User-Agent: selenium/4.1.2 (java windows)
Content-Length: 22
Content-Type: application/json; charset=utf-8
host: localhost:65473
accept: */*

Response DefaultHttpResponse(decodeResult: success, version: HTTP/1.1)
HTTP/1.1 200 OK
Content-Type: application/json; charset=utf-8
cache-control: no-cache
content-length: 14

21:56:48.294 [AsyncHttpClient-1-7] DEBUG org.asynchttpclient.netty.channel.ChannelManager - Adding key: http://localhost:65473 for channel [id: 0x547f07ba, L:/127.0.0.1:52488 - R:localhost/127.0.0.1:65473]
21:56:48.299 [Forwarding getCurrentUrl on session ea31b2aaad742020ed11c60e0693e212 to remote] DEBUG org.asynchttpclient.netty.request.NettyRequestSender - Using pooled Channel '[id: 0x547f07ba, L:/127.0.0.1:52488 - R:localhost/127.0.0.1:65473]' for 'GET' to 'http://localhost:65473/session/ea31b2aaad742020ed11c60e0693e212/url'
21:56:48.299 [Forwarding getCurrentUrl on session ea31b2aaad742020ed11c60e0693e212 to remote] DEBUG org.asynchttpclient.netty.request.NettyRequestSender - Using open Channel [id: 0x547f07ba, L:/127.0.0.1:52488 - R:localhost/127.0.0.1:65473] for GET '/session/ea31b2aaad742020ed11c60e0693e212/url'
21:56:48.583 [AsyncHttpClient-1-7] DEBUG org.asynchttpclient.netty.handler.HttpHandler - 

Request DefaultFullHttpRequest(decodeResult: success, version: HTTP/1.1, content: EmptyByteBufBE)
GET /session/ea31b2aaad742020ed11c60e0693e212/url HTTP/1.1
User-Agent: selenium/4.1.2 (java windows)
Cache-Control: no-cache
Content-Type: application/json; charset=utf-8
host: localhost:65473
accept: */*

Response DefaultHttpResponse(decodeResult: success, version: HTTP/1.1)
HTTP/1.1 200 OK
Content-Type: application/json; charset=utf-8
cache-control: no-cache
content-length: 54

21:56:48.583 [AsyncHttpClient-1-7] DEBUG org.asynchttpclient.netty.channel.ChannelManager - Adding key: http://localhost:65473 for channel [id: 0x547f07ba, L:/127.0.0.1:52488 - R:localhost/127.0.0.1:65473]
  &amp#27;[32mGiven &amp#27;[0m&amp#27;[32mI am on the register page&amp#27;[0m                                &amp#27;[90m# starter.stepdefinitions.RegisterSteps.iAmOnTheRegisterPage()&amp#27;[0m
21:56:48.596 [Forwarding screenshot on session ea31b2aaad742020ed11c60e0693e212 to remote] DEBUG org.asynchttpclient.netty.request.NettyRequestSender - Using pooled Channel '[id: 0x547f07ba, L:/127.0.0.1:52488 - R:localhost/127.0.0.1:65473]' for 'GET' to 'http://localhost:65473/session/ea31b2aaad742020ed11c60e0693e212/screenshot'
21:56:48.596 [Forwarding screenshot on session ea31b2aaad742020ed11c60e0693e212 to remote] DEBUG org.asynchttpclient.netty.request.NettyRequestSender - Using open Channel [id: 0x547f07ba, L:/127.0.0.1:52488 - R:localhost/127.0.0.1:65473] for GET '/session/ea31b2aaad742020ed11c60e0693e212/screenshot'
21:56:48.876 [AsyncHttpClient-1-1] DEBUG org.asynchttpclient.netty.channel.DefaultChannelPool - Entry count for : http://localhost:52489 : 1
21:56:49.089 [AsyncHttpClient-1-7] DEBUG org.asynchttpclient.netty.handler.HttpHandler - 

Request DefaultFullHttpRequest(decodeResult: success, version: HTTP/1.1, content: EmptyByteBufBE)
GET /session/ea31b2aaad742020ed11c60e0693e212/screenshot HTTP/1.1
User-Agent: selenium/4.1.2 (java windows)
Cache-Control: no-cache
Content-Type: application/json; charset=utf-8
host: localhost:65473
accept: */*

Response DefaultHttpResponse(decodeResult: success, version: HTTP/1.1)
HTTP/1.1 200 OK
Content-Type: application/json; charset=utf-8
cache-control: no-cache
content-length: 27776

21:56:49.090 [AsyncHttpClient-1-7] DEBUG org.asynchttpclient.netty.channel.ChannelManager - Adding key: http://localhost:65473 for channel [id: 0x547f07ba, L:/127.0.0.1:52488 - R:localhost/127.0.0.1:65473]
21:56:49.094 [main] DEBUG net.serenitybdd.core.photography.Darkroom - Send negative for processing for target\site\serenity\5614d7ac09ab28024b7794e4926fd62aaf1c4e177161628049e76cced9586992.png
21:56:49.109 [Forwarding findElement on session ea31b2aaad742020ed11c60e0693e212 to remote] DEBUG org.asynchttpclient.netty.request.NettyRequestSender - Using pooled Channel '[id: 0x547f07ba, L:/127.0.0.1:52488 - R:localhost/127.0.0.1:65473]' for 'POST' to 'http://localhost:65473/session/ea31b2aaad742020ed11c60e0693e212/element'
21:56:49.109 [Forwarding findElement on session ea31b2aaad742020ed11c60e0693e212 to remote] DEBUG org.asynchttpclient.netty.request.NettyRequestSender - Using open Channel [id: 0x547f07ba, L:/127.0.0.1:52488 - R:localhost/127.0.0.1:65473] for POST '/session/ea31b2aaad742020ed11c60e0693e212/element'
21:56:49.135 [AsyncHttpClient-1-7] DEBUG org.asynchttpclient.netty.handler.HttpHandler - 

Request DefaultHttpRequest(decodeResult: success, version: HTTP/1.1)
POST /session/ea31b2aaad742020ed11c60e0693e212/element HTTP/1.1
User-Agent: selenium/4.1.2 (java windows)
Content-Length: 95
Content-Type: application/json; charset=utf-8
host: localhost:65473
accept: */*

Response DefaultHttpResponse(decodeResult: success, version: HTTP/1.1)
HTTP/1.1 200 OK
Content-Type: application/json; charset=utf-8
cache-control: no-cache
content-length: 88

21:56:49.135 [AsyncHttpClient-1-7] DEBUG org.asynchttpclient.netty.channel.ChannelManager - Adding key: http://localhost:65473 for channel [id: 0x547f07ba, L:/127.0.0.1:52488 - R:localhost/127.0.0.1:65473]
21:56:49.136 [Forwarding clearElement on session ea31b2aaad742020ed11c60e0693e212 to remote] DEBUG org.asynchttpclient.netty.request.NettyRequestSender - Using pooled Channel '[id: 0x547f07ba, L:/127.0.0.1:52488 - R:localhost/127.0.0.1:65473]' for 'POST' to 'http://localhost:65473/session/ea31b2aaad742020ed11c60e0693e212/element/15cf487d-f6ac-422d-92fe-af8f5535e439/clear'
21:56:49.137 [Forwarding clearElement on session ea31b2aaad742020ed11c60e0693e212 to remote] DEBUG org.asynchttpclient.netty.request.NettyRequestSender - Using open Channel [id: 0x547f07ba, L:/127.0.0.1:52488 - R:localhost/127.0.0.1:65473] for POST '/session/ea31b2aaad742020ed11c60e0693e212/element/15cf487d-f6ac-422d-92fe-af8f5535e439/clear'
21:56:49.214 [AsyncHttpClient-1-7] DEBUG org.asynchttpclient.netty.handler.HttpHandler - 

Request DefaultHttpRequest(decodeResult: success, version: HTTP/1.1)
POST /session/ea31b2aaad742020ed11c60e0693e212/element/15cf487d-f6ac-422d-92fe-af8f5535e439/clear HTTP/1.1
User-Agent: selenium/4.1.2 (java windows)
Content-Length: 50
Content-Type: application/json; charset=utf-8
host: localhost:65473
accept: */*

Response DefaultHttpResponse(decodeResult: success, version: HTTP/1.1)
HTTP/1.1 200 OK
Content-Type: application/json; charset=utf-8
cache-control: no-cache
content-length: 14

21:56:49.214 [AsyncHttpClient-1-7] DEBUG org.asynchttpclient.netty.channel.ChannelManager - Adding key: http://localhost:65473 for channel [id: 0x547f07ba, L:/127.0.0.1:52488 - R:localhost/127.0.0.1:65473]
21:56:49.216 [Forwarding sendKeysToElement on session ea31b2aaad742020ed11c60e0693e212 to remote] DEBUG org.asynchttpclient.netty.request.NettyRequestSender - Using pooled Channel '[id: 0x547f07ba, L:/127.0.0.1:52488 - R:localhost/127.0.0.1:65473]' for 'POST' to 'http://localhost:65473/session/ea31b2aaad742020ed11c60e0693e212/element/15cf487d-f6ac-422d-92fe-af8f5535e439/value'
21:56:49.216 [Forwarding sendKeysToElement on session ea31b2aaad742020ed11c60e0693e212 to remote] DEBUG org.asynchttpclient.netty.request.NettyRequestSender - Using open Channel [id: 0x547f07ba, L:/127.0.0.1:52488 - R:localhost/127.0.0.1:65473] for POST '/session/ea31b2aaad742020ed11c60e0693e212/element/15cf487d-f6ac-422d-92fe-af8f5535e439/value'
21:56:49.367 [AsyncHttpClient-1-7] DEBUG org.asynchttpclient.netty.handler.HttpHandler - 

Request DefaultHttpRequest(decodeResult: success, version: HTTP/1.1)
POST /session/ea31b2aaad742020ed11c60e0693e212/element/15cf487d-f6ac-422d-92fe-af8f5535e439/value HTTP/1.1
User-Agent: selenium/4.1.2 (java windows)
Content-Length: 111
Content-Type: application/json; charset=utf-8
host: localhost:65473
accept: */*

Response DefaultHttpResponse(decodeResult: success, version: HTTP/1.1)
HTTP/1.1 200 OK
Content-Type: application/json; charset=utf-8
cache-control: no-cache
content-length: 14

21:56:49.367 [AsyncHttpClient-1-7] DEBUG org.asynchttpclient.netty.channel.ChannelManager - Adding key: http://localhost:65473 for channel [id: 0x547f07ba, L:/127.0.0.1:52488 - R:localhost/127.0.0.1:65473]
21:56:49.372 [Forwarding findElement on session ea31b2aaad742020ed11c60e0693e212 to remote] DEBUG org.asynchttpclient.netty.request.NettyRequestSender - Using pooled Channel '[id: 0x547f07ba, L:/127.0.0.1:52488 - R:localhost/127.0.0.1:65473]' for 'POST' to 'http://localhost:65473/session/ea31b2aaad742020ed11c60e0693e212/element'
21:56:49.372 [Forwarding findElement on session ea31b2aaad742020ed11c60e0693e212 to remote] DEBUG org.asynchttpclient.netty.request.NettyRequestSender - Using open Channel [id: 0x547f07ba, L:/127.0.0.1:52488 - R:localhost/127.0.0.1:65473] for POST '/session/ea31b2aaad742020ed11c60e0693e212/element'
21:56:49.391 [AsyncHttpClient-1-7] DEBUG org.asynchttpclient.netty.handler.HttpHandler - 

Request DefaultHttpRequest(decodeResult: success, version: HTTP/1.1)
POST /session/ea31b2aaad742020ed11c60e0693e212/element HTTP/1.1
User-Agent: selenium/4.1.2 (java windows)
Content-Length: 88
Content-Type: application/json; charset=utf-8
host: localhost:65473
accept: */*

Response DefaultHttpResponse(decodeResult: success, version: HTTP/1.1)
HTTP/1.1 200 OK
Content-Type: application/json; charset=utf-8
cache-control: no-cache
content-length: 88

21:56:49.391 [AsyncHttpClient-1-7] DEBUG org.asynchttpclient.netty.channel.ChannelManager - Adding key: http://localhost:65473 for channel [id: 0x547f07ba, L:/127.0.0.1:52488 - R:localhost/127.0.0.1:65473]
21:56:49.394 [Forwarding clearElement on session ea31b2aaad742020ed11c60e0693e212 to remote] DEBUG org.asynchttpclient.netty.request.NettyRequestSender - Using pooled Channel '[id: 0x547f07ba, L:/127.0.0.1:52488 - R:localhost/127.0.0.1:65473]' for 'POST' to 'http://localhost:65473/session/ea31b2aaad742020ed11c60e0693e212/element/5d0d78db-6761-46b2-a859-866c0f4e02f4/clear'
21:56:49.394 [Forwarding clearElement on session ea31b2aaad742020ed11c60e0693e212 to remote] DEBUG org.asynchttpclient.netty.request.NettyRequestSender - Using open Channel [id: 0x547f07ba, L:/127.0.0.1:52488 - R:localhost/127.0.0.1:65473] for POST '/session/ea31b2aaad742020ed11c60e0693e212/element/5d0d78db-6761-46b2-a859-866c0f4e02f4/clear'
21:56:49.461 [AsyncHttpClient-1-7] DEBUG org.asynchttpclient.netty.handler.HttpHandler - 

Request DefaultHttpRequest(decodeResult: success, version: HTTP/1.1)
POST /session/ea31b2aaad742020ed11c60e0693e212/element/5d0d78db-6761-46b2-a859-866c0f4e02f4/clear HTTP/1.1
User-Agent: selenium/4.1.2 (java windows)
Content-Length: 50
Content-Type: application/json; charset=utf-8
host: localhost:65473
accept: */*

Response DefaultHttpResponse(decodeResult: success, version: HTTP/1.1)
HTTP/1.1 200 OK
Content-Type: application/json; charset=utf-8
cache-control: no-cache
content-length: 14

21:56:49.461 [AsyncHttpClient-1-7] DEBUG org.asynchttpclient.netty.channel.ChannelManager - Adding key: http://localhost:65473 for channel [id: 0x547f07ba, L:/127.0.0.1:52488 - R:localhost/127.0.0.1:65473]
21:56:49.464 [Forwarding sendKeysToElement on session ea31b2aaad742020ed11c60e0693e212 to remote] DEBUG org.asynchttpclient.netty.request.NettyRequestSender - Using pooled Channel '[id: 0x547f07ba, L:/127.0.0.1:52488 - R:localhost/127.0.0.1:65473]' for 'POST' to 'http://localhost:65473/session/ea31b2aaad742020ed11c60e0693e212/element/5d0d78db-6761-46b2-a859-866c0f4e02f4/value'
21:56:49.464 [Forwarding sendKeysToElement on session ea31b2aaad742020ed11c60e0693e212 to remote] DEBUG org.asynchttpclient.netty.request.NettyRequestSender - Using open Channel [id: 0x547f07ba, L:/127.0.0.1:52488 - R:localhost/127.0.0.1:65473] for POST '/session/ea31b2aaad742020ed11c60e0693e212/element/5d0d78db-6761-46b2-a859-866c0f4e02f4/value'
21:56:49.551 [AsyncHttpClient-1-7] DEBUG org.asynchttpclient.netty.handler.HttpHandler - 

Request DefaultHttpRequest(decodeResult: success, version: HTTP/1.1)
POST /session/ea31b2aaad742020ed11c60e0693e212/element/5d0d78db-6761-46b2-a859-866c0f4e02f4/value HTTP/1.1
User-Agent: selenium/4.1.2 (java windows)
Content-Length: 82
Content-Type: application/json; charset=utf-8
host: localhost:65473
accept: */*

Response DefaultHttpResponse(decodeResult: success, version: HTTP/1.1)
HTTP/1.1 200 OK
Content-Type: application/json; charset=utf-8
cache-control: no-cache
content-length: 14

21:56:49.551 [AsyncHttpClient-1-7] DEBUG org.asynchttpclient.netty.channel.ChannelManager - Adding key: http://localhost:65473 for channel [id: 0x547f07ba, L:/127.0.0.1:52488 - R:localhost/127.0.0.1:65473]
21:56:49.562 [Forwarding findElement on session ea31b2aaad742020ed11c60e0693e212 to remote] DEBUG org.asynchttpclient.netty.request.NettyRequestSender - Using pooled Channel '[id: 0x547f07ba, L:/127.0.0.1:52488 - R:localhost/127.0.0.1:65473]' for 'POST' to 'http://localhost:65473/session/ea31b2aaad742020ed11c60e0693e212/element'
21:56:49.562 [Forwarding findElement on session ea31b2aaad742020ed11c60e0693e212 to remote] DEBUG org.asynchttpclient.netty.request.NettyRequestSender - Using open Channel [id: 0x547f07ba, L:/127.0.0.1:52488 - R:localhost/127.0.0.1:65473] for POST '/session/ea31b2aaad742020ed11c60e0693e212/element'
21:56:49.589 [AsyncHttpClient-1-7] DEBUG org.asynchttpclient.netty.handler.HttpHandler - 

Request DefaultHttpRequest(decodeResult: success, version: HTTP/1.1)
POST /session/ea31b2aaad742020ed11c60e0693e212/element HTTP/1.1
User-Agent: selenium/4.1.2 (java windows)
Content-Length: 97
Content-Type: application/json; charset=utf-8
host: localhost:65473
accept: */*

Response DefaultHttpResponse(decodeResult: success, version: HTTP/1.1)
HTTP/1.1 200 OK
Content-Type: application/json; charset=utf-8
cache-control: no-cache
content-length: 88

21:56:49.589 [AsyncHttpClient-1-7] DEBUG org.asynchttpclient.netty.channel.ChannelManager - Adding key: http://localhost:65473 for channel [id: 0x547f07ba, L:/127.0.0.1:52488 - R:localhost/127.0.0.1:65473]
21:56:49.590 [Forwarding clearElement on session ea31b2aaad742020ed11c60e0693e212 to remote] DEBUG org.asynchttpclient.netty.request.NettyRequestSender - Using pooled Channel '[id: 0x547f07ba, L:/127.0.0.1:52488 - R:localhost/127.0.0.1:65473]' for 'POST' to 'http://localhost:65473/session/ea31b2aaad742020ed11c60e0693e212/element/ba6671c1-a1ca-459e-a76a-840d896e681b/clear'
21:56:49.590 [Forwarding clearElement on session ea31b2aaad742020ed11c60e0693e212 to remote] DEBUG org.asynchttpclient.netty.request.NettyRequestSender - Using open Channel [id: 0x547f07ba, L:/127.0.0.1:52488 - R:localhost/127.0.0.1:65473] for POST '/session/ea31b2aaad742020ed11c60e0693e212/element/ba6671c1-a1ca-459e-a76a-840d896e681b/clear'
21:56:49.659 [AsyncHttpClient-1-7] DEBUG org.asynchttpclient.netty.handler.HttpHandler - 

Request DefaultHttpRequest(decodeResult: success, version: HTTP/1.1)
POST /session/ea31b2aaad742020ed11c60e0693e212/element/ba6671c1-a1ca-459e-a76a-840d896e681b/clear HTTP/1.1
User-Agent: selenium/4.1.2 (java windows)
Content-Length: 50
Content-Type: application/json; charset=utf-8
host: localhost:65473
accept: */*

Response DefaultHttpResponse(decodeResult: success, version: HTTP/1.1)
HTTP/1.1 200 OK
Content-Type: application/json; charset=utf-8
cache-control: no-cache
content-length: 14

21:56:49.659 [AsyncHttpClient-1-7] DEBUG org.asynchttpclient.netty.channel.ChannelManager - Adding key: http://localhost:65473 for channel [id: 0x547f07ba, L:/127.0.0.1:52488 - R:localhost/127.0.0.1:65473]
21:56:49.663 [Forwarding sendKeysToElement on session ea31b2aaad742020ed11c60e0693e212 to remote] DEBUG org.asynchttpclient.netty.request.NettyRequestSender - Using pooled Channel '[id: 0x547f07ba, L:/127.0.0.1:52488 - R:localhost/127.0.0.1:65473]' for 'POST' to 'http://localhost:65473/session/ea31b2aaad742020ed11c60e0693e212/element/ba6671c1-a1ca-459e-a76a-840d896e681b/value'
21:56:49.663 [Forwarding sendKeysToElement on session ea31b2aaad742020ed11c60e0693e212 to remote] DEBUG org.asynchttpclient.netty.request.NettyRequestSender - Using open Channel [id: 0x547f07ba, L:/127.0.0.1:52488 - R:localhost/127.0.0.1:65473] for POST '/session/ea31b2aaad742020ed11c60e0693e212/element/ba6671c1-a1ca-459e-a76a-840d896e681b/value'
21:56:49.837 [AsyncHttpClient-1-7] DEBUG org.asynchttpclient.netty.handler.HttpHandler - 

Request DefaultHttpRequest(decodeResult: success, version: HTTP/1.1)
POST /session/ea31b2aaad742020ed11c60e0693e212/element/ba6671c1-a1ca-459e-a76a-840d896e681b/value HTTP/1.1
User-Agent: selenium/4.1.2 (java windows)
Content-Length: 181
Content-Type: application/json; charset=utf-8
host: localhost:65473
accept: */*

Response DefaultHttpResponse(decodeResult: success, version: HTTP/1.1)
HTTP/1.1 200 OK
Content-Type: application/json; charset=utf-8
cache-control: no-cache
content-length: 14

21:56:49.837 [AsyncHttpClient-1-7] DEBUG org.asynchttpclient.netty.channel.ChannelManager - Adding key: http://localhost:65473 for channel [id: 0x547f07ba, L:/127.0.0.1:52488 - R:localhost/127.0.0.1:65473]
  &amp#27;[32mWhen &amp#27;[0m&amp#27;[32mI input &amp#27;[0m&amp#27;[32m&amp#27;[1m"aaa"&amp#27;[0m&amp#27;[32m fullname &amp#27;[0m&amp#27;[32m&amp#27;[1m""&amp#27;[0m&amp#27;[32m email and &amp#27;[0m&amp#27;[32m&amp#27;[1m"Asecdq!123"&amp#27;[0m&amp#27;[32m password&amp#27;[0m &amp#27;[90m# starter.stepdefinitions.RegisterSteps.iInputFullnameEmailAndPassword(java.lang.String,java.lang.String,java.lang.String)&amp#27;[0m
21:56:49.848 [Forwarding screenshot on session ea31b2aaad742020ed11c60e0693e212 to remote] DEBUG org.asynchttpclient.netty.request.NettyRequestSender - Using pooled Channel '[id: 0x547f07ba, L:/127.0.0.1:52488 - R:localhost/127.0.0.1:65473]' for 'GET' to 'http://localhost:65473/session/ea31b2aaad742020ed11c60e0693e212/screenshot'
21:56:49.848 [Forwarding screenshot on session ea31b2aaad742020ed11c60e0693e212 to remote] DEBUG org.asynchttpclient.netty.request.NettyRequestSender - Using open Channel [id: 0x547f07ba, L:/127.0.0.1:52488 - R:localhost/127.0.0.1:65473] for GET '/session/ea31b2aaad742020ed11c60e0693e212/screenshot'
21:56:49.984 [AsyncHttpClient-1-1] DEBUG org.asynchttpclient.netty.channel.DefaultChannelPool - Entry count for : http://localhost:52489 : 1
21:56:50.068 [AsyncHttpClient-1-7] DEBUG org.asynchttpclient.netty.handler.HttpHandler - 

Request DefaultFullHttpRequest(decodeResult: success, version: HTTP/1.1, content: EmptyByteBufBE)
GET /session/ea31b2aaad742020ed11c60e0693e212/screenshot HTTP/1.1
User-Agent: selenium/4.1.2 (java windows)
Cache-Control: no-cache
Content-Type: application/json; charset=utf-8
host: localhost:65473
accept: */*

Response DefaultHttpResponse(decodeResult: success, version: HTTP/1.1)
HTTP/1.1 200 OK
Content-Type: application/json; charset=utf-8
cache-control: no-cache
content-length: 30912

21:56:50.068 [AsyncHttpClient-1-7] DEBUG org.asynchttpclient.netty.channel.ChannelManager - Adding key: http://localhost:65473 for channel [id: 0x547f07ba, L:/127.0.0.1:52488 - R:localhost/127.0.0.1:65473]
21:56:50.070 [main] DEBUG net.serenitybdd.core.photography.Darkroom - Send negative for processing for target\site\serenity\20b022d2b14057fc667db88a257658660700350873018c10470de4d33ccbea6b.png
21:56:50.070 [Darkroom Processing Line] DEBUG net.serenitybdd.core.photography.DarkroomProcessingLine - Processing screenshot image in /var/screenshots/screenshot-15775088384730860177
21:56:50.071 [Darkroom Processing Line] DEBUG net.serenitybdd.core.photography.DarkroomProcessingLine - Saving screenshot to target\site\serenity\20b022d2b14057fc667db88a257658660700350873018c10470de4d33ccbea6b.png
21:56:50.082 [Forwarding findElement on session ea31b2aaad742020ed11c60e0693e212 to remote] DEBUG org.asynchttpclient.netty.request.NettyRequestSender - Using pooled Channel '[id: 0x547f07ba, L:/127.0.0.1:52488 - R:localhost/127.0.0.1:65473]' for 'POST' to 'http://localhost:65473/session/ea31b2aaad742020ed11c60e0693e212/element'
21:56:50.082 [Forwarding findElement on session ea31b2aaad742020ed11c60e0693e212 to remote] DEBUG org.asynchttpclient.netty.request.NettyRequestSender - Using open Channel [id: 0x547f07ba, L:/127.0.0.1:52488 - R:localhost/127.0.0.1:65473] for POST '/session/ea31b2aaad742020ed11c60e0693e212/element'
21:56:50.099 [AsyncHttpClient-1-7] DEBUG org.asynchttpclient.netty.handler.HttpHandler - 

Request DefaultHttpRequest(decodeResult: success, version: HTTP/1.1)
POST /session/ea31b2aaad742020ed11c60e0693e212/element HTTP/1.1
User-Agent: selenium/4.1.2 (java windows)
Content-Length: 86
Content-Type: application/json; charset=utf-8
host: localhost:65473
accept: */*

Response DefaultHttpResponse(decodeResult: success, version: HTTP/1.1)
HTTP/1.1 200 OK
Content-Type: application/json; charset=utf-8
cache-control: no-cache
content-length: 88

21:56:50.100 [AsyncHttpClient-1-7] DEBUG org.asynchttpclient.netty.channel.ChannelManager - Adding key: http://localhost:65473 for channel [id: 0x547f07ba, L:/127.0.0.1:52488 - R:localhost/127.0.0.1:65473]
21:56:50.101 [Forwarding getElementTagName on session ea31b2aaad742020ed11c60e0693e212 to remote] DEBUG org.asynchttpclient.netty.request.NettyRequestSender - Using pooled Channel '[id: 0x547f07ba, L:/127.0.0.1:52488 - R:localhost/127.0.0.1:65473]' for 'GET' to 'http://localhost:65473/session/ea31b2aaad742020ed11c60e0693e212/element/a1f1f235-f0a9-461c-a366-ef8c95b0f592/name'
21:56:50.101 [Forwarding getElementTagName on session ea31b2aaad742020ed11c60e0693e212 to remote] DEBUG org.asynchttpclient.netty.request.NettyRequestSender - Using open Channel [id: 0x547f07ba, L:/127.0.0.1:52488 - R:localhost/127.0.0.1:65473] for GET '/session/ea31b2aaad742020ed11c60e0693e212/element/a1f1f235-f0a9-461c-a366-ef8c95b0f592/name'
21:56:50.106 [AsyncHttpClient-1-7] DEBUG org.asynchttpclient.netty.handler.HttpHandler - 

Request DefaultFullHttpRequest(decodeResult: success, version: HTTP/1.1, content: EmptyByteBufBE)
GET /session/ea31b2aaad742020ed11c60e0693e212/element/a1f1f235-f0a9-461c-a366-ef8c95b0f592/name HTTP/1.1
User-Agent: selenium/4.1.2 (java windows)
Cache-Control: no-cache
Content-Type: application/json; charset=utf-8
host: localhost:65473
accept: */*

Response DefaultHttpResponse(decodeResult: success, version: HTTP/1.1)
HTTP/1.1 200 OK
Content-Type: application/json; charset=utf-8
cache-control: no-cache
content-length: 16

21:56:50.106 [AsyncHttpClient-1-7] DEBUG org.asynchttpclient.netty.channel.ChannelManager - Adding key: http://localhost:65473 for channel [id: 0x547f07ba, L:/127.0.0.1:52488 - R:localhost/127.0.0.1:65473]
21:56:50.109 [Forwarding getElementTagName on session ea31b2aaad742020ed11c60e0693e212 to remote] DEBUG org.asynchttpclient.netty.request.NettyRequestSender - Using pooled Channel '[id: 0x547f07ba, L:/127.0.0.1:52488 - R:localhost/127.0.0.1:65473]' for 'GET' to 'http://localhost:65473/session/ea31b2aaad742020ed11c60e0693e212/element/a1f1f235-f0a9-461c-a366-ef8c95b0f592/name'
21:56:50.109 [Forwarding getElementTagName on session ea31b2aaad742020ed11c60e0693e212 to remote] DEBUG org.asynchttpclient.netty.request.NettyRequestSender - Using open Channel [id: 0x547f07ba, L:/127.0.0.1:52488 - R:localhost/127.0.0.1:65473] for GET '/session/ea31b2aaad742020ed11c60e0693e212/element/a1f1f235-f0a9-461c-a366-ef8c95b0f592/name'
21:56:50.113 [AsyncHttpClient-1-7] DEBUG org.asynchttpclient.netty.handler.HttpHandler - 

Request DefaultFullHttpRequest(decodeResult: success, version: HTTP/1.1, content: EmptyByteBufBE)
GET /session/ea31b2aaad742020ed11c60e0693e212/element/a1f1f235-f0a9-461c-a366-ef8c95b0f592/name HTTP/1.1
User-Agent: selenium/4.1.2 (java windows)
Cache-Control: no-cache
Content-Type: application/json; charset=utf-8
host: localhost:65473
accept: */*

Response DefaultHttpResponse(decodeResult: success, version: HTTP/1.1)
HTTP/1.1 200 OK
Content-Type: application/json; charset=utf-8
cache-control: no-cache
content-length: 16

21:56:50.113 [AsyncHttpClient-1-7] DEBUG org.asynchttpclient.netty.channel.ChannelManager - Adding key: http://localhost:65473 for channel [id: 0x547f07ba, L:/127.0.0.1:52488 - R:localhost/127.0.0.1:65473]
21:56:50.115 [Forwarding findElement on session ea31b2aaad742020ed11c60e0693e212 to remote] DEBUG org.asynchttpclient.netty.request.NettyRequestSender - Using pooled Channel '[id: 0x547f07ba, L:/127.0.0.1:52488 - R:localhost/127.0.0.1:65473]' for 'POST' to 'http://localhost:65473/session/ea31b2aaad742020ed11c60e0693e212/element'
21:56:50.115 [Forwarding findElement on session ea31b2aaad742020ed11c60e0693e212 to remote] DEBUG org.asynchttpclient.netty.request.NettyRequestSender - Using open Channel [id: 0x547f07ba, L:/127.0.0.1:52488 - R:localhost/127.0.0.1:65473] for POST '/session/ea31b2aaad742020ed11c60e0693e212/element'
21:56:50.124 [AsyncHttpClient-1-7] DEBUG org.asynchttpclient.netty.handler.HttpHandler - 

Request DefaultHttpRequest(decodeResult: success, version: HTTP/1.1)
POST /session/ea31b2aaad742020ed11c60e0693e212/element HTTP/1.1
User-Agent: selenium/4.1.2 (java windows)
Content-Length: 86
Content-Type: application/json; charset=utf-8
host: localhost:65473
accept: */*

Response DefaultHttpResponse(decodeResult: success, version: HTTP/1.1)
HTTP/1.1 200 OK
Content-Type: application/json; charset=utf-8
cache-control: no-cache
content-length: 88

21:56:50.124 [AsyncHttpClient-1-7] DEBUG org.asynchttpclient.netty.channel.ChannelManager - Adding key: http://localhost:65473 for channel [id: 0x547f07ba, L:/127.0.0.1:52488 - R:localhost/127.0.0.1:65473]
21:56:50.126 [Forwarding clickElement on session ea31b2aaad742020ed11c60e0693e212 to remote] DEBUG org.asynchttpclient.netty.request.NettyRequestSender - Using pooled Channel '[id: 0x547f07ba, L:/127.0.0.1:52488 - R:localhost/127.0.0.1:65473]' for 'POST' to 'http://localhost:65473/session/ea31b2aaad742020ed11c60e0693e212/element/a1f1f235-f0a9-461c-a366-ef8c95b0f592/click'
21:56:50.126 [Forwarding clickElement on session ea31b2aaad742020ed11c60e0693e212 to remote] DEBUG org.asynchttpclient.netty.request.NettyRequestSender - Using open Channel [id: 0x547f07ba, L:/127.0.0.1:52488 - R:localhost/127.0.0.1:65473] for POST '/session/ea31b2aaad742020ed11c60e0693e212/element/a1f1f235-f0a9-461c-a366-ef8c95b0f592/click'
21:56:50.198 [AsyncHttpClient-1-7] DEBUG org.asynchttpclient.netty.handler.HttpHandler - 

Request DefaultHttpRequest(decodeResult: success, version: HTTP/1.1)
POST /session/ea31b2aaad742020ed11c60e0693e212/element/a1f1f235-f0a9-461c-a366-ef8c95b0f592/click HTTP/1.1
User-Agent: selenium/4.1.2 (java windows)
Content-Length: 50
Content-Type: application/json; charset=utf-8
host: localhost:65473
accept: */*

Response DefaultHttpResponse(decodeResult: success, version: HTTP/1.1)
HTTP/1.1 200 OK
Content-Type: application/json; charset=utf-8
cache-control: no-cache
content-length: 14

21:56:50.198 [AsyncHttpClient-1-7] DEBUG org.asynchttpclient.netty.channel.ChannelManager - Adding key: http://localhost:65473 for channel [id: 0x547f07ba, L:/127.0.0.1:52488 - R:localhost/127.0.0.1:65473]
  &amp#27;[32mAnd &amp#27;[0m&amp#27;[32mI click register button&amp#27;[0m                                    &amp#27;[90m# starter.stepdefinitions.RegisterSteps.iClickRegisterButton()&amp#27;[0m
21:56:50.211 [Forwarding screenshot on session ea31b2aaad742020ed11c60e0693e212 to remote] DEBUG org.asynchttpclient.netty.request.NettyRequestSender - Using pooled Channel '[id: 0x547f07ba, L:/127.0.0.1:52488 - R:localhost/127.0.0.1:65473]' for 'GET' to 'http://localhost:65473/session/ea31b2aaad742020ed11c60e0693e212/screenshot'
21:56:50.211 [Forwarding screenshot on session ea31b2aaad742020ed11c60e0693e212 to remote] DEBUG org.asynchttpclient.netty.request.NettyRequestSender - Using open Channel [id: 0x547f07ba, L:/127.0.0.1:52488 - R:localhost/127.0.0.1:65473] for GET '/session/ea31b2aaad742020ed11c60e0693e212/screenshot'
21:56:50.473 [AsyncHttpClient-1-7] DEBUG org.asynchttpclient.netty.handler.HttpHandler - 

Request DefaultFullHttpRequest(decodeResult: success, version: HTTP/1.1, content: EmptyByteBufBE)
GET /session/ea31b2aaad742020ed11c60e0693e212/screenshot HTTP/1.1
User-Agent: selenium/4.1.2 (java windows)
Cache-Control: no-cache
Content-Type: application/json; charset=utf-8
host: localhost:65473
accept: */*

Response DefaultHttpResponse(decodeResult: success, version: HTTP/1.1)
HTTP/1.1 200 OK
Content-Type: application/json; charset=utf-8
cache-control: no-cache
content-length: 29820

21:56:50.473 [AsyncHttpClient-1-7] DEBUG org.asynchttpclient.netty.channel.ChannelManager - Adding key: http://localhost:65473 for channel [id: 0x547f07ba, L:/127.0.0.1:52488 - R:localhost/127.0.0.1:65473]
21:56:50.478 [main] DEBUG net.serenitybdd.core.photography.Darkroom - Send negative for processing for target\site\serenity\cbf20cdfe1f656b1f6e05cc8bf773a21836669be31cd80d1bb43f23dcbb9b375.png
21:56:50.479 [Darkroom Processing Line] DEBUG net.serenitybdd.core.photography.DarkroomProcessingLine - Processing screenshot image in /var/screenshots/screenshot-8063425418976120049
21:56:50.479 [Darkroom Processing Line] DEBUG net.serenitybdd.core.photography.DarkroomProcessingLine - Saving screenshot to target\site\serenity\cbf20cdfe1f656b1f6e05cc8bf773a21836669be31cd80d1bb43f23dcbb9b375.png
21:56:50.490 [Forwarding findElement on session ea31b2aaad742020ed11c60e0693e212 to remote] DEBUG org.asynchttpclient.netty.request.NettyRequestSender - Using pooled Channel '[id: 0x547f07ba, L:/127.0.0.1:52488 - R:localhost/127.0.0.1:65473]' for 'POST' to 'http://localhost:65473/session/ea31b2aaad742020ed11c60e0693e212/element'
21:56:50.490 [Forwarding findElement on session ea31b2aaad742020ed11c60e0693e212 to remote] DEBUG org.asynchttpclient.netty.request.NettyRequestSender - Using open Channel [id: 0x547f07ba, L:/127.0.0.1:52488 - R:localhost/127.0.0.1:65473] for POST '/session/ea31b2aaad742020ed11c60e0693e212/element'
21:56:51.074 [AsyncHttpClient-1-1] DEBUG org.asynchttpclient.netty.channel.DefaultChannelPool - Entry count for : http://localhost:52489 : 1
21:56:51.667 [AsyncHttpClient-1-7] DEBUG org.asynchttpclient.netty.handler.HttpHandler - 

Request DefaultHttpRequest(decodeResult: success, version: HTTP/1.1)
POST /session/ea31b2aaad742020ed11c60e0693e212/element HTTP/1.1
User-Agent: selenium/4.1.2 (java windows)
Content-Length: 94
Content-Type: application/json; charset=utf-8
host: localhost:65473
accept: */*

Response DefaultHttpResponse(decodeResult: success, version: HTTP/1.1)
HTTP/1.1 200 OK
Content-Type: application/json; charset=utf-8
cache-control: no-cache
content-length: 88

21:56:51.667 [AsyncHttpClient-1-7] DEBUG org.asynchttpclient.netty.channel.ChannelManager - Adding key: http://localhost:65473 for channel [id: 0x547f07ba, L:/127.0.0.1:52488 - R:localhost/127.0.0.1:65473]
21:56:51.671 [Forwarding isElementDisplayed on session ea31b2aaad742020ed11c60e0693e212 to remote] DEBUG org.asynchttpclient.netty.request.NettyRequestSender - Using pooled Channel '[id: 0x547f07ba, L:/127.0.0.1:52488 - R:localhost/127.0.0.1:65473]' for 'POST' to 'http://localhost:65473/session/ea31b2aaad742020ed11c60e0693e212/execute/sync'
21:56:51.671 [Forwarding isElementDisplayed on session ea31b2aaad742020ed11c60e0693e212 to remote] DEBUG org.asynchttpclient.netty.request.NettyRequestSender - Using open Channel [id: 0x547f07ba, L:/127.0.0.1:52488 - R:localhost/127.0.0.1:65473] for POST '/session/ea31b2aaad742020ed11c60e0693e212/execute/sync'
21:56:51.695 [AsyncHttpClient-1-7] DEBUG org.asynchttpclient.netty.handler.HttpHandler - 

Request DefaultHttpRequest(decodeResult: success, version: HTTP/1.1)
POST /session/ea31b2aaad742020ed11c60e0693e212/execute/sync HTTP/1.1
User-Agent: selenium/4.1.2 (java windows)
Content-Length: 48780
Content-Type: application/json; charset=utf-8
host: localhost:65473
accept: */*

Response DefaultHttpResponse(decodeResult: success, version: HTTP/1.1)
HTTP/1.1 200 OK
Content-Type: application/json; charset=utf-8
cache-control: no-cache
content-length: 14

21:56:51.695 [AsyncHttpClient-1-7] DEBUG org.asynchttpclient.netty.channel.ChannelManager - Adding key: http://localhost:65473 for channel [id: 0x547f07ba, L:/127.0.0.1:52488 - R:localhost/127.0.0.1:65473]
  &amp#27;[32mThen &amp#27;[0m&amp#27;[32mI can &amp#27;[0m&amp#27;[32m&amp#27;[1m"error"&amp#27;[0m&amp#27;[32m regist account&amp#27;[0m                              &amp#27;[90m# starter.stepdefinitions.RegisterSteps.iCanRegistAccount(java.lang.String)&amp#27;[0m
21:56:51.702 [Forwarding screenshot on session ea31b2aaad742020ed11c60e0693e212 to remote] DEBUG org.asynchttpclient.netty.request.NettyRequestSender - Using pooled Channel '[id: 0x547f07ba, L:/127.0.0.1:52488 - R:localhost/127.0.0.1:65473]' for 'GET' to 'http://localhost:65473/session/ea31b2aaad742020ed11c60e0693e212/screenshot'
21:56:51.702 [Forwarding screenshot on session ea31b2aaad742020ed11c60e0693e212 to remote] DEBUG org.asynchttpclient.netty.request.NettyRequestSender - Using open Channel [id: 0x547f07ba, L:/127.0.0.1:52488 - R:localhost/127.0.0.1:65473] for GET '/session/ea31b2aaad742020ed11c60e0693e212/screenshot'
21:56:51.909 [AsyncHttpClient-1-7] DEBUG org.asynchttpclient.netty.handler.HttpHandler - 

Request DefaultFullHttpRequest(decodeResult: success, version: HTTP/1.1, content: EmptyByteBufBE)
GET /session/ea31b2aaad742020ed11c60e0693e212/screenshot HTTP/1.1
User-Agent: selenium/4.1.2 (java windows)
Cache-Control: no-cache
Content-Type: application/json; charset=utf-8
host: localhost:65473
accept: */*

Response DefaultHttpResponse(decodeResult: success, version: HTTP/1.1)
HTTP/1.1 200 OK
Content-Type: application/json; charset=utf-8
cache-control: no-cache
content-length: 31388

21:56:51.909 [AsyncHttpClient-1-7] DEBUG org.asynchttpclient.netty.channel.ChannelManager - Adding key: http://localhost:65473 for channel [id: 0x547f07ba, L:/127.0.0.1:52488 - R:localhost/127.0.0.1:65473]
21:56:51.911 [main] DEBUG net.serenitybdd.core.photography.Darkroom - Send negative for processing for target\site\serenity\bfeb28eb963dc38173adbeefe08224dabc7cc0e4e45e9bdc77b910577293a976.png
21:56:51.912 [Darkroom Processing Line] DEBUG net.serenitybdd.core.photography.DarkroomProcessingLine - Processing screenshot image in /var/screenshots/screenshot-1425610561042490026
21:56:51.912 [Darkroom Processing Line] DEBUG net.serenitybdd.core.photography.DarkroomProcessingLine - Saving screenshot to target\site\serenity\bfeb28eb963dc38173adbeefe08224dabc7cc0e4e45e9bdc77b910577293a976.png
21:56:51.919 [AsyncHttpClient-1-9] DEBUG org.asynchttpclient.netty.handler.WebSocketHandler - Channel Closed: [id: 0xbf98292b, L:/127.0.0.1:52495 ! R:localhost/127.0.0.1:52489] with attribute NettyResponseFuture{currentRetry=5,
	isDone=1,
	isCancelled=0,
	asyncHandler=org.asynchttpclient.ws.WebSocketUpgradeHandler@736fe35e,
	nettyRequest=org.asynchttpclient.netty.request.NettyRequest@303247ef,
	future=java.util.concurrent.CompletableFuture@674b65d1[Completed normally],
	uri=ws://localhost:52489/devtools/browser/fd7fa7b9-a39b-4b9f-9a21-322c19df11ce,
	keepAlive=true,
	redirectCount=0,
	timeoutsHolder=null,
	inAuth=0,
	touch=1667573806697}
21:56:51.919 [AsyncHttpClient-1-9] DEBUG org.asynchttpclient.netty.channel.ChannelManager - Closing Channel [id: 0xbf98292b, L:/127.0.0.1:52495 ! R:localhost/127.0.0.1:52489] 
21:56:51.920 [Driver Command Executor] DEBUG org.asynchttpclient.netty.request.NettyRequestSender - Using pooled Channel '[id: 0x547f07ba, L:/127.0.0.1:52488 - R:localhost/127.0.0.1:65473]' for 'DELETE' to 'http://localhost:65473/session/ea31b2aaad742020ed11c60e0693e212'
21:56:51.920 [Driver Command Executor] DEBUG org.asynchttpclient.netty.request.NettyRequestSender - Using open Channel [id: 0x547f07ba, L:/127.0.0.1:52488 - R:localhost/127.0.0.1:65473] for DELETE '/session/ea31b2aaad742020ed11c60e0693e212'
21:56:52.070 [AsyncHttpClient-1-8] DEBUG org.asynchttpclient.netty.handler.HttpHandler - Unexpected I/O exception on channel [id: 0xead34ae4, L:/127.0.0.1:52494 - R:localhost/127.0.0.1:52489]
java.io.IOException: An existing connection was forcibly closed by the remote host
	at java.base/sun.nio.ch.SocketDispatcher.read0(Native Method)
	at java.base/sun.nio.ch.SocketDispatcher.read(SocketDispatcher.java:43)
	at java.base/sun.nio.ch.IOUtil.readIntoNativeBuffer(IOUtil.java:276)
	at java.base/sun.nio.ch.IOUtil.read(IOUtil.java:233)
	at java.base/sun.nio.ch.IOUtil.read(IOUtil.java:223)
	at java.base/sun.nio.ch.SocketChannelImpl.read(SocketChannelImpl.java:358)
	at io.netty.buffer.PooledByteBuf.setBytes(PooledByteBuf.java:258)
	at io.netty.buffer.AbstractByteBuf.writeBytes(AbstractByteBuf.java:1132)
	at io.netty.channel.socket.nio.NioSocketChannel.doReadBytes(NioSocketChannel.java:350)
	at io.netty.channel.nio.AbstractNioByteChannel$NioByteUnsafe.read(AbstractNioByteChannel.java:151)
	at io.netty.channel.nio.NioEventLoop.processSelectedKey(NioEventLoop.java:722)
	at io.netty.channel.nio.NioEventLoop.processSelectedKeysOptimized(NioEventLoop.java:658)
	at io.netty.channel.nio.NioEventLoop.processSelectedKeys(NioEventLoop.java:584)
	at io.netty.channel.nio.NioEventLoop.run(NioEventLoop.java:496)
	at io.netty.util.concurrent.SingleThreadEventExecutor$4.run(SingleThreadEventExecutor.java:986)
	at io.netty.util.internal.ThreadExecutorMap$2.run(ThreadExecutorMap.java:74)
	at io.netty.util.concurrent.FastThreadLocalRunnable.run(FastThreadLocalRunnable.java:30)
	at java.base/java.lang.Thread.run(Thread.java:834)
21:56:52.071 [AsyncHttpClient-1-8] DEBUG org.asynchttpclient.netty.channel.ChannelManager - Closing Channel [id: 0xead34ae4, L:/127.0.0.1:52494 - R:localhost/127.0.0.1:52489] 
21:56:52.071 [AsyncHttpClient-1-8] DEBUG org.asynchttpclient.netty.handler.HttpHandler - Channel Closed: [id: 0xead34ae4, L:/127.0.0.1:52494 ! R:localhost/127.0.0.1:52489] with attribute DISCARD
21:56:52.107 [AsyncHttpClient-1-7] DEBUG org.asynchttpclient.netty.handler.HttpHandler - 

Request DefaultFullHttpRequest(decodeResult: success, version: HTTP/1.1, content: EmptyByteBufBE)
DELETE /session/ea31b2aaad742020ed11c60e0693e212 HTTP/1.1
User-Agent: selenium/4.1.2 (java windows)
Content-Type: application/json; charset=utf-8
host: localhost:65473
accept: */*

Response DefaultHttpResponse(decodeResult: success, version: HTTP/1.1)
HTTP/1.1 200 OK
Content-Type: application/json; charset=utf-8
cache-control: no-cache
content-length: 14

21:56:52.108 [AsyncHttpClient-1-7] DEBUG org.asynchttpclient.netty.channel.ChannelManager - Adding key: http://localhost:65473 for channel [id: 0x547f07ba, L:/127.0.0.1:52488 - R:localhost/127.0.0.1:65473]
21:56:52.177 [AsyncHttpClient-1-1] DEBUG org.asynchttpclient.netty.channel.DefaultChannelPool - Entry count for : http://localhost:52489 : 1
21:56:52.177 [AsyncHttpClient-1-1] DEBUG org.asynchttpclient.netty.channel.DefaultChannelPool - Entry count for : http://localhost:65473 : 1
21:56:52.177 [AsyncHttpClient-1-1] DEBUG org.asynchttpclient.netty.channel.DefaultChannelPool - Adding Candidate expired Channel [id: 0xead34ae4, L:/127.0.0.1:52494 ! R:localhost/127.0.0.1:52489] isIdleTimeoutExpired=false isRemotelyClosed=true isTtlExpired=false
21:56:52.177 [AsyncHttpClient-1-1] DEBUG org.asynchttpclient.netty.channel.DefaultChannelPool - Closing Idle Channel [id: 0xead34ae4, L:/127.0.0.1:52494 ! R:localhost/127.0.0.1:52489]
21:56:52.177 [AsyncHttpClient-1-1] DEBUG org.asynchttpclient.netty.channel.DefaultChannelPool - Closed 1 connections out of 2 in 0 ms
21:56:52.211 [AsyncHttpClient-1-7] DEBUG org.asynchttpclient.netty.handler.HttpHandler - Channel Closed: [id: 0x547f07ba, L:/127.0.0.1:52488 ! R:localhost/127.0.0.1:65473] with attribute DISCARD
]]></system-out>
    <system-err><![CDATA[Starting ChromeDriver 106.0.5249.61 (511755355844955cd3e264779baf0dd38212a4d0-refs/branch-heads/5249@{#569}) on port 65473
Only local connections are allowed.
Please see https://chromedriver.chromium.org/security-considerations for suggestions on keeping ChromeDriver safe.
ChromeDriver was started successfully.
[1667573806.605][WARNING]: This version of ChromeDriver has not been tested with Chrome version 107.
Nov 04, 2022 9:56:46 PM org.openqa.selenium.remote.ProtocolHandshake createSession
INFO: Detected dialect: W3C
Nov 04, 2022 9:56:46 PM org.openqa.selenium.devtools.CdpVersionFinder findNearestMatch
WARNING: Unable to find an exact match for CDP version 107, so returning the closest version found: a no-op implementation
Nov 04, 2022 9:56:46 PM org.openqa.selenium.devtools.CdpVersionFinder findNearestMatch
INFO: Unable to find CDP implementation matching 107.
Nov 04, 2022 9:56:46 PM org.openqa.selenium.chromium.ChromiumDriver lambda$new$3
WARNING: Unable to find version of CDP to use for . You may need to include a dependency on a specific version of the CDP using something similar to `org.seleniumhq.selenium:selenium-devtools-v86:4.1.2` where the version ("v86") matches the version of the chromium-based browser you're using and the version number of the artifact is the same as Selenium's.
]]></system-err>
  </testcase>
  <testcase name="Login account #6" classname="Register" time="7.949">
    <system-out><![CDATA[
@Registers @Register
Scenario Outline: Login account                            &amp#27;[90m# src/test/resources/features/Register.feature:20&amp#27;[0m
21:56:52.413 [main] INFO io.cucumber.core.plugin.SerenityReporter - Running feature from file:///C:/Users/ACER/Documents/Mini_Proyek/test-web/src/test/resources/features/Register.feature
21:56:52.459 [main] INFO net.serenitybdd.core.webdriver.driverproviders.ChromeDriverProvider - Using automatically driver download
21:56:53.476 [AsyncHttpClient-1-1] DEBUG org.asynchttpclient.netty.channel.DefaultChannelPool - Entry count for : http://localhost:65473 : 1
21:56:53.476 [AsyncHttpClient-1-1] DEBUG org.asynchttpclient.netty.channel.DefaultChannelPool - Adding Candidate expired Channel [id: 0x547f07ba, L:/127.0.0.1:52488 ! R:localhost/127.0.0.1:65473] isIdleTimeoutExpired=false isRemotelyClosed=true isTtlExpired=false
21:56:53.476 [AsyncHttpClient-1-1] DEBUG org.asynchttpclient.netty.channel.DefaultChannelPool - Closing Idle Channel [id: 0x547f07ba, L:/127.0.0.1:52488 ! R:localhost/127.0.0.1:65473]
21:56:53.476 [AsyncHttpClient-1-1] DEBUG org.asynchttpclient.netty.channel.DefaultChannelPool - Closed 1 connections out of 1 in 0 ms
21:56:53.759 [main] DEBUG io.github.bonigarcia.wdm.cache.ResolutionCache - Resolution chrome=107 in cache (valid until 22:53:45 04/11/2022 ICT)
21:56:53.769 [main] DEBUG io.github.bonigarcia.wdm.cache.ResolutionCache - Resolution chrome107=107.0.5304.62 in cache (valid until 21:53:45 05/11/2022 ICT)
21:56:53.774 [main] INFO io.github.bonigarcia.wdm.WebDriverManager - Using chromedriver 107.0.5304.62 (resolved driver for Chrome 107)
21:56:53.804 [main] DEBUG io.github.bonigarcia.wdm.WebDriverManager - Driver chromedriver 107.0.5304.62 found in cache
21:56:53.805 [main] INFO io.github.bonigarcia.wdm.WebDriverManager - Exporting webdriver.chrome.driver as C:\Users\ACER\.cache\selenium\chromedriver\win32\107.0.5304.62\chromedriver.exe
21:56:54.062 [main] DEBUG net.serenitybdd.core.webdriver.driverproviders.ProvideNewDriver - Instantiating driver
21:56:54.062 [main] DEBUG net.serenitybdd.core.webdriver.driverproviders.ProvideNewDriver - Driver capabilities: Capabilities {acceptInsecureCerts: false, base.url: https://alta-shop.vercel.app, browserName: chrome, chrome.driver: src/test/resources/webdrive..., driver: chrome, goog:chromeOptions: {args: [], extensions: []}, wait.for.timeout: 15000}
21:56:54.296 [AsyncHttpClient-1-2] DEBUG org.asynchttpclient.netty.channel.NettyConnectListener - Using new Channel '[id: 0x7ddd4ec3, L:/127.0.0.1:52512 - R:localhost/127.0.0.1:52922]' for 'POST' to '/session'
21:56:55.432 [AsyncHttpClient-1-2] DEBUG org.asynchttpclient.netty.handler.HttpHandler - 

Request DefaultHttpRequest(decodeResult: success, version: HTTP/1.1)
POST /session HTTP/1.1
User-Agent: selenium/4.1.2 (java windows)
Content-Length: 640
Content-Type: application/json; charset=utf-8
host: localhost:52922
accept: */*

Response DefaultHttpResponse(decodeResult: success, version: HTTP/1.1)
HTTP/1.1 200 OK
Content-Type: application/json; charset=utf-8
cache-control: no-cache
content-length: 788

21:56:55.432 [AsyncHttpClient-1-2] DEBUG org.asynchttpclient.netty.channel.ChannelManager - Adding key: http://localhost:52922 for channel [id: 0x7ddd4ec3, L:/127.0.0.1:52512 - R:localhost/127.0.0.1:52922]
21:56:55.445 [AsyncHttpClient-1-3] DEBUG org.asynchttpclient.netty.channel.NettyConnectListener - Using new Channel '[id: 0xe4ecf0a1, L:/127.0.0.1:52519 - R:localhost/127.0.0.1:52513]' for 'GET' to '/json/version'
21:56:55.446 [AsyncHttpClient-1-3] DEBUG org.asynchttpclient.netty.handler.HttpHandler - 

Request DefaultFullHttpRequest(decodeResult: success, version: HTTP/1.1, content: EmptyByteBufBE)
GET /json/version HTTP/1.1
User-Agent: selenium/4.1.2 (java windows)
host: localhost:52513
accept: */*

Response DefaultHttpResponse(decodeResult: success, version: HTTP/1.1)
HTTP/1.1 200 OK
Content-Type: application/json; charset=UTF-8
content-length: 423

21:56:55.446 [AsyncHttpClient-1-3] DEBUG org.asynchttpclient.netty.channel.ChannelManager - Adding key: http://localhost:52513 for channel [id: 0xe4ecf0a1, L:/127.0.0.1:52519 - R:localhost/127.0.0.1:52513]
21:56:55.450 [AsyncHttpClient-1-4] DEBUG org.asynchttpclient.netty.channel.NettyConnectListener - Using new Channel '[id: 0xde3f8ca8, L:/127.0.0.1:52520 - R:localhost/127.0.0.1:52513]' for 'GET' to '/devtools/browser/fad6ff1e-a4a7-41e5-afb3-d0e6e56c1e63'
21:56:55.451 [AsyncHttpClient-1-4] DEBUG org.asynchttpclient.netty.handler.WebSocketHandler - 

Request DefaultFullHttpRequest(decodeResult: success, version: HTTP/1.1, content: EmptyByteBufBE)
GET /devtools/browser/fad6ff1e-a4a7-41e5-afb3-d0e6e56c1e63 HTTP/1.1
upgrade: websocket
connection: upgrade
sec-websocket-key: /gwu3AEgkkd2DqmOTTml8w==
sec-websocket-version: 13
origin: http://localhost:52513
host: localhost:52513
accept: */*
user-agent: AHC/2.1

Response DefaultHttpResponse(decodeResult: success, version: HTTP/1.1)
HTTP/1.1 101 WebSocket Protocol Handshake
Upgrade: WebSocket
Connection: Upgrade
Sec-WebSocket-Accept: 6JMacfSdH8zTofFq4QpP4dkOUnI=

21:56:55.461 [Forwarding get on session b45bf0f7b9ef9c4e0021a5504773d545 to remote] DEBUG org.asynchttpclient.netty.request.NettyRequestSender - Using pooled Channel '[id: 0x7ddd4ec3, L:/127.0.0.1:52512 - R:localhost/127.0.0.1:52922]' for 'POST' to 'http://localhost:52922/session/b45bf0f7b9ef9c4e0021a5504773d545/url'
21:56:55.461 [Forwarding get on session b45bf0f7b9ef9c4e0021a5504773d545 to remote] DEBUG org.asynchttpclient.netty.request.NettyRequestSender - Using open Channel [id: 0x7ddd4ec3, L:/127.0.0.1:52512 - R:localhost/127.0.0.1:52922] for POST '/session/b45bf0f7b9ef9c4e0021a5504773d545/url'
21:56:55.694 [AsyncHttpClient-1-1] DEBUG org.asynchttpclient.netty.channel.DefaultChannelPool - Entry count for : http://localhost:52513 : 1
21:56:56.768 [AsyncHttpClient-1-2] DEBUG org.asynchttpclient.netty.handler.HttpHandler - 

Request DefaultHttpRequest(decodeResult: success, version: HTTP/1.1)
POST /session/b45bf0f7b9ef9c4e0021a5504773d545/url HTTP/1.1
User-Agent: selenium/4.1.2 (java windows)
Content-Length: 77
Content-Type: application/json; charset=utf-8
host: localhost:52922
accept: */*

Response DefaultHttpResponse(decodeResult: success, version: HTTP/1.1)
HTTP/1.1 200 OK
Content-Type: application/json; charset=utf-8
cache-control: no-cache
content-length: 14

21:56:56.768 [AsyncHttpClient-1-2] DEBUG org.asynchttpclient.netty.channel.ChannelManager - Adding key: http://localhost:52922 for channel [id: 0x7ddd4ec3, L:/127.0.0.1:52512 - R:localhost/127.0.0.1:52922]
21:56:56.770 [Forwarding setTimeout on session b45bf0f7b9ef9c4e0021a5504773d545 to remote] DEBUG org.asynchttpclient.netty.request.NettyRequestSender - Using pooled Channel '[id: 0x7ddd4ec3, L:/127.0.0.1:52512 - R:localhost/127.0.0.1:52922]' for 'POST' to 'http://localhost:52922/session/b45bf0f7b9ef9c4e0021a5504773d545/timeouts'
21:56:56.770 [Forwarding setTimeout on session b45bf0f7b9ef9c4e0021a5504773d545 to remote] DEBUG org.asynchttpclient.netty.request.NettyRequestSender - Using open Channel [id: 0x7ddd4ec3, L:/127.0.0.1:52512 - R:localhost/127.0.0.1:52922] for POST '/session/b45bf0f7b9ef9c4e0021a5504773d545/timeouts'
21:56:56.789 [AsyncHttpClient-1-1] DEBUG org.asynchttpclient.netty.channel.DefaultChannelPool - Entry count for : http://localhost:52513 : 1
21:56:56.794 [AsyncHttpClient-1-2] DEBUG org.asynchttpclient.netty.handler.HttpHandler - 

Request DefaultHttpRequest(decodeResult: success, version: HTTP/1.1)
POST /session/b45bf0f7b9ef9c4e0021a5504773d545/timeouts HTTP/1.1
User-Agent: selenium/4.1.2 (java windows)
Content-Length: 22
Content-Type: application/json; charset=utf-8
host: localhost:52922
accept: */*

Response DefaultHttpResponse(decodeResult: success, version: HTTP/1.1)
HTTP/1.1 200 OK
Content-Type: application/json; charset=utf-8
cache-control: no-cache
content-length: 14

21:56:56.794 [AsyncHttpClient-1-2] DEBUG org.asynchttpclient.netty.channel.ChannelManager - Adding key: http://localhost:52922 for channel [id: 0x7ddd4ec3, L:/127.0.0.1:52512 - R:localhost/127.0.0.1:52922]
21:56:56.800 [Forwarding getCurrentUrl on session b45bf0f7b9ef9c4e0021a5504773d545 to remote] DEBUG org.asynchttpclient.netty.request.NettyRequestSender - Using pooled Channel '[id: 0x7ddd4ec3, L:/127.0.0.1:52512 - R:localhost/127.0.0.1:52922]' for 'GET' to 'http://localhost:52922/session/b45bf0f7b9ef9c4e0021a5504773d545/url'
21:56:56.800 [Forwarding getCurrentUrl on session b45bf0f7b9ef9c4e0021a5504773d545 to remote] DEBUG org.asynchttpclient.netty.request.NettyRequestSender - Using open Channel [id: 0x7ddd4ec3, L:/127.0.0.1:52512 - R:localhost/127.0.0.1:52922] for GET '/session/b45bf0f7b9ef9c4e0021a5504773d545/url'
21:56:56.836 [AsyncHttpClient-1-2] DEBUG org.asynchttpclient.netty.handler.HttpHandler - 

Request DefaultFullHttpRequest(decodeResult: success, version: HTTP/1.1, content: EmptyByteBufBE)
GET /session/b45bf0f7b9ef9c4e0021a5504773d545/url HTTP/1.1
User-Agent: selenium/4.1.2 (java windows)
Cache-Control: no-cache
Content-Type: application/json; charset=utf-8
host: localhost:52922
accept: */*

Response DefaultHttpResponse(decodeResult: success, version: HTTP/1.1)
HTTP/1.1 200 OK
Content-Type: application/json; charset=utf-8
cache-control: no-cache
content-length: 54

21:56:56.837 [AsyncHttpClient-1-2] DEBUG org.asynchttpclient.netty.channel.ChannelManager - Adding key: http://localhost:52922 for channel [id: 0x7ddd4ec3, L:/127.0.0.1:52512 - R:localhost/127.0.0.1:52922]
  &amp#27;[32mGiven &amp#27;[0m&amp#27;[32mI am on the register page&amp#27;[0m                          &amp#27;[90m# starter.stepdefinitions.RegisterSteps.iAmOnTheRegisterPage()&amp#27;[0m
21:56:56.848 [Forwarding screenshot on session b45bf0f7b9ef9c4e0021a5504773d545 to remote] DEBUG org.asynchttpclient.netty.request.NettyRequestSender - Using pooled Channel '[id: 0x7ddd4ec3, L:/127.0.0.1:52512 - R:localhost/127.0.0.1:52922]' for 'GET' to 'http://localhost:52922/session/b45bf0f7b9ef9c4e0021a5504773d545/screenshot'
21:56:56.848 [Forwarding screenshot on session b45bf0f7b9ef9c4e0021a5504773d545 to remote] DEBUG org.asynchttpclient.netty.request.NettyRequestSender - Using open Channel [id: 0x7ddd4ec3, L:/127.0.0.1:52512 - R:localhost/127.0.0.1:52922] for GET '/session/b45bf0f7b9ef9c4e0021a5504773d545/screenshot'
21:56:57.324 [AsyncHttpClient-1-2] DEBUG org.asynchttpclient.netty.handler.HttpHandler - 

Request DefaultFullHttpRequest(decodeResult: success, version: HTTP/1.1, content: EmptyByteBufBE)
GET /session/b45bf0f7b9ef9c4e0021a5504773d545/screenshot HTTP/1.1
User-Agent: selenium/4.1.2 (java windows)
Cache-Control: no-cache
Content-Type: application/json; charset=utf-8
host: localhost:52922
accept: */*

Response DefaultHttpResponse(decodeResult: success, version: HTTP/1.1)
HTTP/1.1 200 OK
Content-Type: application/json; charset=utf-8
cache-control: no-cache
content-length: 27776

21:56:57.324 [AsyncHttpClient-1-2] DEBUG org.asynchttpclient.netty.channel.ChannelManager - Adding key: http://localhost:52922 for channel [id: 0x7ddd4ec3, L:/127.0.0.1:52512 - R:localhost/127.0.0.1:52922]
21:56:57.326 [main] DEBUG net.serenitybdd.core.photography.Darkroom - Send negative for processing for target\site\serenity\5614d7ac09ab28024b7794e4926fd62aaf1c4e177161628049e76cced9586992.png
21:56:57.335 [Forwarding findElement on session b45bf0f7b9ef9c4e0021a5504773d545 to remote] DEBUG org.asynchttpclient.netty.request.NettyRequestSender - Using pooled Channel '[id: 0x7ddd4ec3, L:/127.0.0.1:52512 - R:localhost/127.0.0.1:52922]' for 'POST' to 'http://localhost:52922/session/b45bf0f7b9ef9c4e0021a5504773d545/element'
21:56:57.335 [Forwarding findElement on session b45bf0f7b9ef9c4e0021a5504773d545 to remote] DEBUG org.asynchttpclient.netty.request.NettyRequestSender - Using open Channel [id: 0x7ddd4ec3, L:/127.0.0.1:52512 - R:localhost/127.0.0.1:52922] for POST '/session/b45bf0f7b9ef9c4e0021a5504773d545/element'
21:56:57.354 [AsyncHttpClient-1-2] DEBUG org.asynchttpclient.netty.handler.HttpHandler - 

Request DefaultHttpRequest(decodeResult: success, version: HTTP/1.1)
POST /session/b45bf0f7b9ef9c4e0021a5504773d545/element HTTP/1.1
User-Agent: selenium/4.1.2 (java windows)
Content-Length: 95
Content-Type: application/json; charset=utf-8
host: localhost:52922
accept: */*

Response DefaultHttpResponse(decodeResult: success, version: HTTP/1.1)
HTTP/1.1 200 OK
Content-Type: application/json; charset=utf-8
cache-control: no-cache
content-length: 88

21:56:57.354 [AsyncHttpClient-1-2] DEBUG org.asynchttpclient.netty.channel.ChannelManager - Adding key: http://localhost:52922 for channel [id: 0x7ddd4ec3, L:/127.0.0.1:52512 - R:localhost/127.0.0.1:52922]
21:56:57.355 [Forwarding clearElement on session b45bf0f7b9ef9c4e0021a5504773d545 to remote] DEBUG org.asynchttpclient.netty.request.NettyRequestSender - Using pooled Channel '[id: 0x7ddd4ec3, L:/127.0.0.1:52512 - R:localhost/127.0.0.1:52922]' for 'POST' to 'http://localhost:52922/session/b45bf0f7b9ef9c4e0021a5504773d545/element/436354e6-50d8-4cda-8053-430cfd0791cd/clear'
21:56:57.355 [Forwarding clearElement on session b45bf0f7b9ef9c4e0021a5504773d545 to remote] DEBUG org.asynchttpclient.netty.request.NettyRequestSender - Using open Channel [id: 0x7ddd4ec3, L:/127.0.0.1:52512 - R:localhost/127.0.0.1:52922] for POST '/session/b45bf0f7b9ef9c4e0021a5504773d545/element/436354e6-50d8-4cda-8053-430cfd0791cd/clear'
21:56:57.404 [AsyncHttpClient-1-2] DEBUG org.asynchttpclient.netty.handler.HttpHandler - 

Request DefaultHttpRequest(decodeResult: success, version: HTTP/1.1)
POST /session/b45bf0f7b9ef9c4e0021a5504773d545/element/436354e6-50d8-4cda-8053-430cfd0791cd/clear HTTP/1.1
User-Agent: selenium/4.1.2 (java windows)
Content-Length: 50
Content-Type: application/json; charset=utf-8
host: localhost:52922
accept: */*

Response DefaultHttpResponse(decodeResult: success, version: HTTP/1.1)
HTTP/1.1 200 OK
Content-Type: application/json; charset=utf-8
cache-control: no-cache
content-length: 14

21:56:57.404 [AsyncHttpClient-1-2] DEBUG org.asynchttpclient.netty.channel.ChannelManager - Adding key: http://localhost:52922 for channel [id: 0x7ddd4ec3, L:/127.0.0.1:52512 - R:localhost/127.0.0.1:52922]
21:56:57.406 [Forwarding sendKeysToElement on session b45bf0f7b9ef9c4e0021a5504773d545 to remote] DEBUG org.asynchttpclient.netty.request.NettyRequestSender - Using pooled Channel '[id: 0x7ddd4ec3, L:/127.0.0.1:52512 - R:localhost/127.0.0.1:52922]' for 'POST' to 'http://localhost:52922/session/b45bf0f7b9ef9c4e0021a5504773d545/element/436354e6-50d8-4cda-8053-430cfd0791cd/value'
21:56:57.406 [Forwarding sendKeysToElement on session b45bf0f7b9ef9c4e0021a5504773d545 to remote] DEBUG org.asynchttpclient.netty.request.NettyRequestSender - Using open Channel [id: 0x7ddd4ec3, L:/127.0.0.1:52512 - R:localhost/127.0.0.1:52922] for POST '/session/b45bf0f7b9ef9c4e0021a5504773d545/element/436354e6-50d8-4cda-8053-430cfd0791cd/value'
21:56:57.534 [AsyncHttpClient-1-2] DEBUG org.asynchttpclient.netty.handler.HttpHandler - 

Request DefaultHttpRequest(decodeResult: success, version: HTTP/1.1)
POST /session/b45bf0f7b9ef9c4e0021a5504773d545/element/436354e6-50d8-4cda-8053-430cfd0791cd/value HTTP/1.1
User-Agent: selenium/4.1.2 (java windows)
Content-Length: 121
Content-Type: application/json; charset=utf-8
host: localhost:52922
accept: */*

Response DefaultHttpResponse(decodeResult: success, version: HTTP/1.1)
HTTP/1.1 200 OK
Content-Type: application/json; charset=utf-8
cache-control: no-cache
content-length: 14

21:56:57.534 [AsyncHttpClient-1-2] DEBUG org.asynchttpclient.netty.channel.ChannelManager - Adding key: http://localhost:52922 for channel [id: 0x7ddd4ec3, L:/127.0.0.1:52512 - R:localhost/127.0.0.1:52922]
21:56:57.540 [Forwarding findElement on session b45bf0f7b9ef9c4e0021a5504773d545 to remote] DEBUG org.asynchttpclient.netty.request.NettyRequestSender - Using pooled Channel '[id: 0x7ddd4ec3, L:/127.0.0.1:52512 - R:localhost/127.0.0.1:52922]' for 'POST' to 'http://localhost:52922/session/b45bf0f7b9ef9c4e0021a5504773d545/element'
21:56:57.540 [Forwarding findElement on session b45bf0f7b9ef9c4e0021a5504773d545 to remote] DEBUG org.asynchttpclient.netty.request.NettyRequestSender - Using open Channel [id: 0x7ddd4ec3, L:/127.0.0.1:52512 - R:localhost/127.0.0.1:52922] for POST '/session/b45bf0f7b9ef9c4e0021a5504773d545/element'
21:56:57.558 [AsyncHttpClient-1-2] DEBUG org.asynchttpclient.netty.handler.HttpHandler - 

Request DefaultHttpRequest(decodeResult: success, version: HTTP/1.1)
POST /session/b45bf0f7b9ef9c4e0021a5504773d545/element HTTP/1.1
User-Agent: selenium/4.1.2 (java windows)
Content-Length: 88
Content-Type: application/json; charset=utf-8
host: localhost:52922
accept: */*

Response DefaultHttpResponse(decodeResult: success, version: HTTP/1.1)
HTTP/1.1 200 OK
Content-Type: application/json; charset=utf-8
cache-control: no-cache
content-length: 88

21:56:57.559 [AsyncHttpClient-1-2] DEBUG org.asynchttpclient.netty.channel.ChannelManager - Adding key: http://localhost:52922 for channel [id: 0x7ddd4ec3, L:/127.0.0.1:52512 - R:localhost/127.0.0.1:52922]
21:56:57.560 [Forwarding clearElement on session b45bf0f7b9ef9c4e0021a5504773d545 to remote] DEBUG org.asynchttpclient.netty.request.NettyRequestSender - Using pooled Channel '[id: 0x7ddd4ec3, L:/127.0.0.1:52512 - R:localhost/127.0.0.1:52922]' for 'POST' to 'http://localhost:52922/session/b45bf0f7b9ef9c4e0021a5504773d545/element/1f7187bb-31d2-4c8e-a176-5db70a1bde16/clear'
21:56:57.560 [Forwarding clearElement on session b45bf0f7b9ef9c4e0021a5504773d545 to remote] DEBUG org.asynchttpclient.netty.request.NettyRequestSender - Using open Channel [id: 0x7ddd4ec3, L:/127.0.0.1:52512 - R:localhost/127.0.0.1:52922] for POST '/session/b45bf0f7b9ef9c4e0021a5504773d545/element/1f7187bb-31d2-4c8e-a176-5db70a1bde16/clear'
21:56:57.612 [AsyncHttpClient-1-2] DEBUG org.asynchttpclient.netty.handler.HttpHandler - 

Request DefaultHttpRequest(decodeResult: success, version: HTTP/1.1)
POST /session/b45bf0f7b9ef9c4e0021a5504773d545/element/1f7187bb-31d2-4c8e-a176-5db70a1bde16/clear HTTP/1.1
User-Agent: selenium/4.1.2 (java windows)
Content-Length: 50
Content-Type: application/json; charset=utf-8
host: localhost:52922
accept: */*

Response DefaultHttpResponse(decodeResult: success, version: HTTP/1.1)
HTTP/1.1 200 OK
Content-Type: application/json; charset=utf-8
cache-control: no-cache
content-length: 14

21:56:57.612 [AsyncHttpClient-1-2] DEBUG org.asynchttpclient.netty.channel.ChannelManager - Adding key: http://localhost:52922 for channel [id: 0x7ddd4ec3, L:/127.0.0.1:52512 - R:localhost/127.0.0.1:52922]
21:56:57.614 [Forwarding sendKeysToElement on session b45bf0f7b9ef9c4e0021a5504773d545 to remote] DEBUG org.asynchttpclient.netty.request.NettyRequestSender - Using pooled Channel '[id: 0x7ddd4ec3, L:/127.0.0.1:52512 - R:localhost/127.0.0.1:52922]' for 'POST' to 'http://localhost:52922/session/b45bf0f7b9ef9c4e0021a5504773d545/element/1f7187bb-31d2-4c8e-a176-5db70a1bde16/value'
21:56:57.614 [Forwarding sendKeysToElement on session b45bf0f7b9ef9c4e0021a5504773d545 to remote] DEBUG org.asynchttpclient.netty.request.NettyRequestSender - Using open Channel [id: 0x7ddd4ec3, L:/127.0.0.1:52512 - R:localhost/127.0.0.1:52922] for POST '/session/b45bf0f7b9ef9c4e0021a5504773d545/element/1f7187bb-31d2-4c8e-a176-5db70a1bde16/value'
21:56:57.723 [AsyncHttpClient-1-2] DEBUG org.asynchttpclient.netty.handler.HttpHandler - 

Request DefaultHttpRequest(decodeResult: success, version: HTTP/1.1)
POST /session/b45bf0f7b9ef9c4e0021a5504773d545/element/1f7187bb-31d2-4c8e-a176-5db70a1bde16/value HTTP/1.1
User-Agent: selenium/4.1.2 (java windows)
Content-Length: 111
Content-Type: application/json; charset=utf-8
host: localhost:52922
accept: */*

Response DefaultHttpResponse(decodeResult: success, version: HTTP/1.1)
HTTP/1.1 200 OK
Content-Type: application/json; charset=utf-8
cache-control: no-cache
content-length: 14

21:56:57.723 [AsyncHttpClient-1-2] DEBUG org.asynchttpclient.netty.channel.ChannelManager - Adding key: http://localhost:52922 for channel [id: 0x7ddd4ec3, L:/127.0.0.1:52512 - R:localhost/127.0.0.1:52922]
21:56:57.728 [Forwarding findElement on session b45bf0f7b9ef9c4e0021a5504773d545 to remote] DEBUG org.asynchttpclient.netty.request.NettyRequestSender - Using pooled Channel '[id: 0x7ddd4ec3, L:/127.0.0.1:52512 - R:localhost/127.0.0.1:52922]' for 'POST' to 'http://localhost:52922/session/b45bf0f7b9ef9c4e0021a5504773d545/element'
21:56:57.729 [Forwarding findElement on session b45bf0f7b9ef9c4e0021a5504773d545 to remote] DEBUG org.asynchttpclient.netty.request.NettyRequestSender - Using open Channel [id: 0x7ddd4ec3, L:/127.0.0.1:52512 - R:localhost/127.0.0.1:52922] for POST '/session/b45bf0f7b9ef9c4e0021a5504773d545/element'
21:56:57.747 [AsyncHttpClient-1-2] DEBUG org.asynchttpclient.netty.handler.HttpHandler - 

Request DefaultHttpRequest(decodeResult: success, version: HTTP/1.1)
POST /session/b45bf0f7b9ef9c4e0021a5504773d545/element HTTP/1.1
User-Agent: selenium/4.1.2 (java windows)
Content-Length: 97
Content-Type: application/json; charset=utf-8
host: localhost:52922
accept: */*

Response DefaultHttpResponse(decodeResult: success, version: HTTP/1.1)
HTTP/1.1 200 OK
Content-Type: application/json; charset=utf-8
cache-control: no-cache
content-length: 88

21:56:57.747 [AsyncHttpClient-1-2] DEBUG org.asynchttpclient.netty.channel.ChannelManager - Adding key: http://localhost:52922 for channel [id: 0x7ddd4ec3, L:/127.0.0.1:52512 - R:localhost/127.0.0.1:52922]
21:56:57.748 [Forwarding clearElement on session b45bf0f7b9ef9c4e0021a5504773d545 to remote] DEBUG org.asynchttpclient.netty.request.NettyRequestSender - Using pooled Channel '[id: 0x7ddd4ec3, L:/127.0.0.1:52512 - R:localhost/127.0.0.1:52922]' for 'POST' to 'http://localhost:52922/session/b45bf0f7b9ef9c4e0021a5504773d545/element/c9a191e9-c49e-45b2-8dc7-d9d8dbd9c927/clear'
21:56:57.748 [Forwarding clearElement on session b45bf0f7b9ef9c4e0021a5504773d545 to remote] DEBUG org.asynchttpclient.netty.request.NettyRequestSender - Using open Channel [id: 0x7ddd4ec3, L:/127.0.0.1:52512 - R:localhost/127.0.0.1:52922] for POST '/session/b45bf0f7b9ef9c4e0021a5504773d545/element/c9a191e9-c49e-45b2-8dc7-d9d8dbd9c927/clear'
21:56:57.820 [AsyncHttpClient-1-2] DEBUG org.asynchttpclient.netty.handler.HttpHandler - 

Request DefaultHttpRequest(decodeResult: success, version: HTTP/1.1)
POST /session/b45bf0f7b9ef9c4e0021a5504773d545/element/c9a191e9-c49e-45b2-8dc7-d9d8dbd9c927/clear HTTP/1.1
User-Agent: selenium/4.1.2 (java windows)
Content-Length: 50
Content-Type: application/json; charset=utf-8
host: localhost:52922
accept: */*

Response DefaultHttpResponse(decodeResult: success, version: HTTP/1.1)
HTTP/1.1 200 OK
Content-Type: application/json; charset=utf-8
cache-control: no-cache
content-length: 14

21:56:57.820 [AsyncHttpClient-1-2] DEBUG org.asynchttpclient.netty.channel.ChannelManager - Adding key: http://localhost:52922 for channel [id: 0x7ddd4ec3, L:/127.0.0.1:52512 - R:localhost/127.0.0.1:52922]
21:56:57.822 [Forwarding sendKeysToElement on session b45bf0f7b9ef9c4e0021a5504773d545 to remote] DEBUG org.asynchttpclient.netty.request.NettyRequestSender - Using pooled Channel '[id: 0x7ddd4ec3, L:/127.0.0.1:52512 - R:localhost/127.0.0.1:52922]' for 'POST' to 'http://localhost:52922/session/b45bf0f7b9ef9c4e0021a5504773d545/element/c9a191e9-c49e-45b2-8dc7-d9d8dbd9c927/value'
21:56:57.822 [Forwarding sendKeysToElement on session b45bf0f7b9ef9c4e0021a5504773d545 to remote] DEBUG org.asynchttpclient.netty.request.NettyRequestSender - Using open Channel [id: 0x7ddd4ec3, L:/127.0.0.1:52512 - R:localhost/127.0.0.1:52922] for POST '/session/b45bf0f7b9ef9c4e0021a5504773d545/element/c9a191e9-c49e-45b2-8dc7-d9d8dbd9c927/value'
21:56:57.875 [AsyncHttpClient-1-1] DEBUG org.asynchttpclient.netty.channel.DefaultChannelPool - Entry count for : http://localhost:52513 : 1
21:56:57.896 [AsyncHttpClient-1-2] DEBUG org.asynchttpclient.netty.handler.HttpHandler - 

Request DefaultHttpRequest(decodeResult: success, version: HTTP/1.1)
POST /session/b45bf0f7b9ef9c4e0021a5504773d545/element/c9a191e9-c49e-45b2-8dc7-d9d8dbd9c927/value HTTP/1.1
User-Agent: selenium/4.1.2 (java windows)
Content-Length: 82
Content-Type: application/json; charset=utf-8
host: localhost:52922
accept: */*

Response DefaultHttpResponse(decodeResult: success, version: HTTP/1.1)
HTTP/1.1 200 OK
Content-Type: application/json; charset=utf-8
cache-control: no-cache
content-length: 14

21:56:57.896 [AsyncHttpClient-1-2] DEBUG org.asynchttpclient.netty.channel.ChannelManager - Adding key: http://localhost:52922 for channel [id: 0x7ddd4ec3, L:/127.0.0.1:52512 - R:localhost/127.0.0.1:52922]
  &amp#27;[32mWhen &amp#27;[0m&amp#27;[32mI input &amp#27;[0m&amp#27;[32m&amp#27;[1m"agil"&amp#27;[0m&amp#27;[32m fullname &amp#27;[0m&amp#27;[32m&amp#27;[1m"aaa"&amp#27;[0m&amp#27;[32m email and &amp#27;[0m&amp#27;[32m&amp#27;[1m""&amp#27;[0m&amp#27;[32m password&amp#27;[0m &amp#27;[90m# starter.stepdefinitions.RegisterSteps.iInputFullnameEmailAndPassword(java.lang.String,java.lang.String,java.lang.String)&amp#27;[0m
21:56:57.912 [Forwarding screenshot on session b45bf0f7b9ef9c4e0021a5504773d545 to remote] DEBUG org.asynchttpclient.netty.request.NettyRequestSender - Using pooled Channel '[id: 0x7ddd4ec3, L:/127.0.0.1:52512 - R:localhost/127.0.0.1:52922]' for 'GET' to 'http://localhost:52922/session/b45bf0f7b9ef9c4e0021a5504773d545/screenshot'
21:56:57.912 [Forwarding screenshot on session b45bf0f7b9ef9c4e0021a5504773d545 to remote] DEBUG org.asynchttpclient.netty.request.NettyRequestSender - Using open Channel [id: 0x7ddd4ec3, L:/127.0.0.1:52512 - R:localhost/127.0.0.1:52922] for GET '/session/b45bf0f7b9ef9c4e0021a5504773d545/screenshot'
21:56:58.139 [AsyncHttpClient-1-2] DEBUG org.asynchttpclient.netty.handler.HttpHandler - 

Request DefaultFullHttpRequest(decodeResult: success, version: HTTP/1.1, content: EmptyByteBufBE)
GET /session/b45bf0f7b9ef9c4e0021a5504773d545/screenshot HTTP/1.1
User-Agent: selenium/4.1.2 (java windows)
Cache-Control: no-cache
Content-Type: application/json; charset=utf-8
host: localhost:52922
accept: */*

Response DefaultHttpResponse(decodeResult: success, version: HTTP/1.1)
HTTP/1.1 200 OK
Content-Type: application/json; charset=utf-8
cache-control: no-cache
content-length: 28288

21:56:58.139 [AsyncHttpClient-1-2] DEBUG org.asynchttpclient.netty.channel.ChannelManager - Adding key: http://localhost:52922 for channel [id: 0x7ddd4ec3, L:/127.0.0.1:52512 - R:localhost/127.0.0.1:52922]
21:56:58.141 [main] DEBUG net.serenitybdd.core.photography.Darkroom - Send negative for processing for target\site\serenity\d4096de1d2c243a38820cdad76c6b1f1815304266c6d14cc1141e7c262cf6a78.png
21:56:58.142 [Darkroom Processing Line] DEBUG net.serenitybdd.core.photography.DarkroomProcessingLine - Processing screenshot image in /var/screenshots/screenshot-1636103118471604237
21:56:58.142 [Darkroom Processing Line] DEBUG net.serenitybdd.core.photography.DarkroomProcessingLine - Saving screenshot to target\site\serenity\d4096de1d2c243a38820cdad76c6b1f1815304266c6d14cc1141e7c262cf6a78.png
21:56:58.157 [Forwarding findElement on session b45bf0f7b9ef9c4e0021a5504773d545 to remote] DEBUG org.asynchttpclient.netty.request.NettyRequestSender - Using pooled Channel '[id: 0x7ddd4ec3, L:/127.0.0.1:52512 - R:localhost/127.0.0.1:52922]' for 'POST' to 'http://localhost:52922/session/b45bf0f7b9ef9c4e0021a5504773d545/element'
21:56:58.157 [Forwarding findElement on session b45bf0f7b9ef9c4e0021a5504773d545 to remote] DEBUG org.asynchttpclient.netty.request.NettyRequestSender - Using open Channel [id: 0x7ddd4ec3, L:/127.0.0.1:52512 - R:localhost/127.0.0.1:52922] for POST '/session/b45bf0f7b9ef9c4e0021a5504773d545/element'
21:56:58.177 [AsyncHttpClient-1-2] DEBUG org.asynchttpclient.netty.handler.HttpHandler - 

Request DefaultHttpRequest(decodeResult: success, version: HTTP/1.1)
POST /session/b45bf0f7b9ef9c4e0021a5504773d545/element HTTP/1.1
User-Agent: selenium/4.1.2 (java windows)
Content-Length: 86
Content-Type: application/json; charset=utf-8
host: localhost:52922
accept: */*

Response DefaultHttpResponse(decodeResult: success, version: HTTP/1.1)
HTTP/1.1 200 OK
Content-Type: application/json; charset=utf-8
cache-control: no-cache
content-length: 88

21:56:58.177 [AsyncHttpClient-1-2] DEBUG org.asynchttpclient.netty.channel.ChannelManager - Adding key: http://localhost:52922 for channel [id: 0x7ddd4ec3, L:/127.0.0.1:52512 - R:localhost/127.0.0.1:52922]
21:56:58.178 [Forwarding getElementTagName on session b45bf0f7b9ef9c4e0021a5504773d545 to remote] DEBUG org.asynchttpclient.netty.request.NettyRequestSender - Using pooled Channel '[id: 0x7ddd4ec3, L:/127.0.0.1:52512 - R:localhost/127.0.0.1:52922]' for 'GET' to 'http://localhost:52922/session/b45bf0f7b9ef9c4e0021a5504773d545/element/32a27271-e9a7-4a46-8881-e0ee923ebed9/name'
21:56:58.178 [Forwarding getElementTagName on session b45bf0f7b9ef9c4e0021a5504773d545 to remote] DEBUG org.asynchttpclient.netty.request.NettyRequestSender - Using open Channel [id: 0x7ddd4ec3, L:/127.0.0.1:52512 - R:localhost/127.0.0.1:52922] for GET '/session/b45bf0f7b9ef9c4e0021a5504773d545/element/32a27271-e9a7-4a46-8881-e0ee923ebed9/name'
21:56:58.187 [AsyncHttpClient-1-2] DEBUG org.asynchttpclient.netty.handler.HttpHandler - 

Request DefaultFullHttpRequest(decodeResult: success, version: HTTP/1.1, content: EmptyByteBufBE)
GET /session/b45bf0f7b9ef9c4e0021a5504773d545/element/32a27271-e9a7-4a46-8881-e0ee923ebed9/name HTTP/1.1
User-Agent: selenium/4.1.2 (java windows)
Cache-Control: no-cache
Content-Type: application/json; charset=utf-8
host: localhost:52922
accept: */*

Response DefaultHttpResponse(decodeResult: success, version: HTTP/1.1)
HTTP/1.1 200 OK
Content-Type: application/json; charset=utf-8
cache-control: no-cache
content-length: 16

21:56:58.187 [AsyncHttpClient-1-2] DEBUG org.asynchttpclient.netty.channel.ChannelManager - Adding key: http://localhost:52922 for channel [id: 0x7ddd4ec3, L:/127.0.0.1:52512 - R:localhost/127.0.0.1:52922]
21:56:58.189 [Forwarding getElementTagName on session b45bf0f7b9ef9c4e0021a5504773d545 to remote] DEBUG org.asynchttpclient.netty.request.NettyRequestSender - Using pooled Channel '[id: 0x7ddd4ec3, L:/127.0.0.1:52512 - R:localhost/127.0.0.1:52922]' for 'GET' to 'http://localhost:52922/session/b45bf0f7b9ef9c4e0021a5504773d545/element/32a27271-e9a7-4a46-8881-e0ee923ebed9/name'
21:56:58.189 [Forwarding getElementTagName on session b45bf0f7b9ef9c4e0021a5504773d545 to remote] DEBUG org.asynchttpclient.netty.request.NettyRequestSender - Using open Channel [id: 0x7ddd4ec3, L:/127.0.0.1:52512 - R:localhost/127.0.0.1:52922] for GET '/session/b45bf0f7b9ef9c4e0021a5504773d545/element/32a27271-e9a7-4a46-8881-e0ee923ebed9/name'
21:56:58.193 [AsyncHttpClient-1-2] DEBUG org.asynchttpclient.netty.handler.HttpHandler - 

Request DefaultFullHttpRequest(decodeResult: success, version: HTTP/1.1, content: EmptyByteBufBE)
GET /session/b45bf0f7b9ef9c4e0021a5504773d545/element/32a27271-e9a7-4a46-8881-e0ee923ebed9/name HTTP/1.1
User-Agent: selenium/4.1.2 (java windows)
Cache-Control: no-cache
Content-Type: application/json; charset=utf-8
host: localhost:52922
accept: */*

Response DefaultHttpResponse(decodeResult: success, version: HTTP/1.1)
HTTP/1.1 200 OK
Content-Type: application/json; charset=utf-8
cache-control: no-cache
content-length: 16

21:56:58.193 [AsyncHttpClient-1-2] DEBUG org.asynchttpclient.netty.channel.ChannelManager - Adding key: http://localhost:52922 for channel [id: 0x7ddd4ec3, L:/127.0.0.1:52512 - R:localhost/127.0.0.1:52922]
21:56:58.194 [Forwarding findElement on session b45bf0f7b9ef9c4e0021a5504773d545 to remote] DEBUG org.asynchttpclient.netty.request.NettyRequestSender - Using pooled Channel '[id: 0x7ddd4ec3, L:/127.0.0.1:52512 - R:localhost/127.0.0.1:52922]' for 'POST' to 'http://localhost:52922/session/b45bf0f7b9ef9c4e0021a5504773d545/element'
21:56:58.194 [Forwarding findElement on session b45bf0f7b9ef9c4e0021a5504773d545 to remote] DEBUG org.asynchttpclient.netty.request.NettyRequestSender - Using open Channel [id: 0x7ddd4ec3, L:/127.0.0.1:52512 - R:localhost/127.0.0.1:52922] for POST '/session/b45bf0f7b9ef9c4e0021a5504773d545/element'
21:56:58.204 [AsyncHttpClient-1-2] DEBUG org.asynchttpclient.netty.handler.HttpHandler - 

Request DefaultHttpRequest(decodeResult: success, version: HTTP/1.1)
POST /session/b45bf0f7b9ef9c4e0021a5504773d545/element HTTP/1.1
User-Agent: selenium/4.1.2 (java windows)
Content-Length: 86
Content-Type: application/json; charset=utf-8
host: localhost:52922
accept: */*

Response DefaultHttpResponse(decodeResult: success, version: HTTP/1.1)
HTTP/1.1 200 OK
Content-Type: application/json; charset=utf-8
cache-control: no-cache
content-length: 88

21:56:58.204 [AsyncHttpClient-1-2] DEBUG org.asynchttpclient.netty.channel.ChannelManager - Adding key: http://localhost:52922 for channel [id: 0x7ddd4ec3, L:/127.0.0.1:52512 - R:localhost/127.0.0.1:52922]
21:56:58.205 [Forwarding clickElement on session b45bf0f7b9ef9c4e0021a5504773d545 to remote] DEBUG org.asynchttpclient.netty.request.NettyRequestSender - Using pooled Channel '[id: 0x7ddd4ec3, L:/127.0.0.1:52512 - R:localhost/127.0.0.1:52922]' for 'POST' to 'http://localhost:52922/session/b45bf0f7b9ef9c4e0021a5504773d545/element/32a27271-e9a7-4a46-8881-e0ee923ebed9/click'
21:56:58.205 [Forwarding clickElement on session b45bf0f7b9ef9c4e0021a5504773d545 to remote] DEBUG org.asynchttpclient.netty.request.NettyRequestSender - Using open Channel [id: 0x7ddd4ec3, L:/127.0.0.1:52512 - R:localhost/127.0.0.1:52922] for POST '/session/b45bf0f7b9ef9c4e0021a5504773d545/element/32a27271-e9a7-4a46-8881-e0ee923ebed9/click'
21:56:58.279 [AsyncHttpClient-1-2] DEBUG org.asynchttpclient.netty.handler.HttpHandler - 

Request DefaultHttpRequest(decodeResult: success, version: HTTP/1.1)
POST /session/b45bf0f7b9ef9c4e0021a5504773d545/element/32a27271-e9a7-4a46-8881-e0ee923ebed9/click HTTP/1.1
User-Agent: selenium/4.1.2 (java windows)
Content-Length: 50
Content-Type: application/json; charset=utf-8
host: localhost:52922
accept: */*

Response DefaultHttpResponse(decodeResult: success, version: HTTP/1.1)
HTTP/1.1 200 OK
Content-Type: application/json; charset=utf-8
cache-control: no-cache
content-length: 14

21:56:58.280 [AsyncHttpClient-1-2] DEBUG org.asynchttpclient.netty.channel.ChannelManager - Adding key: http://localhost:52922 for channel [id: 0x7ddd4ec3, L:/127.0.0.1:52512 - R:localhost/127.0.0.1:52922]
  &amp#27;[32mAnd &amp#27;[0m&amp#27;[32mI click register button&amp#27;[0m                              &amp#27;[90m# starter.stepdefinitions.RegisterSteps.iClickRegisterButton()&amp#27;[0m
21:56:58.289 [Forwarding screenshot on session b45bf0f7b9ef9c4e0021a5504773d545 to remote] DEBUG org.asynchttpclient.netty.request.NettyRequestSender - Using pooled Channel '[id: 0x7ddd4ec3, L:/127.0.0.1:52512 - R:localhost/127.0.0.1:52922]' for 'GET' to 'http://localhost:52922/session/b45bf0f7b9ef9c4e0021a5504773d545/screenshot'
21:56:58.289 [Forwarding screenshot on session b45bf0f7b9ef9c4e0021a5504773d545 to remote] DEBUG org.asynchttpclient.netty.request.NettyRequestSender - Using open Channel [id: 0x7ddd4ec3, L:/127.0.0.1:52512 - R:localhost/127.0.0.1:52922] for GET '/session/b45bf0f7b9ef9c4e0021a5504773d545/screenshot'
21:56:58.553 [AsyncHttpClient-1-2] DEBUG org.asynchttpclient.netty.handler.HttpHandler - 

Request DefaultFullHttpRequest(decodeResult: success, version: HTTP/1.1, content: EmptyByteBufBE)
GET /session/b45bf0f7b9ef9c4e0021a5504773d545/screenshot HTTP/1.1
User-Agent: selenium/4.1.2 (java windows)
Cache-Control: no-cache
Content-Type: application/json; charset=utf-8
host: localhost:52922
accept: */*

Response DefaultHttpResponse(decodeResult: success, version: HTTP/1.1)
HTTP/1.1 200 OK
Content-Type: application/json; charset=utf-8
cache-control: no-cache
content-length: 28712

21:56:58.554 [AsyncHttpClient-1-2] DEBUG org.asynchttpclient.netty.channel.ChannelManager - Adding key: http://localhost:52922 for channel [id: 0x7ddd4ec3, L:/127.0.0.1:52512 - R:localhost/127.0.0.1:52922]
21:56:58.556 [main] DEBUG net.serenitybdd.core.photography.Darkroom - Send negative for processing for target\site\serenity\2fb8df8d1a6d2d087ca6baf7be44752f13ccd6a5daea8e866ead2decbb1f33fe.png
21:56:58.556 [Darkroom Processing Line] DEBUG net.serenitybdd.core.photography.DarkroomProcessingLine - Processing screenshot image in /var/screenshots/screenshot-10123463765551574866
21:56:58.556 [Darkroom Processing Line] DEBUG net.serenitybdd.core.photography.DarkroomProcessingLine - Saving screenshot to target\site\serenity\2fb8df8d1a6d2d087ca6baf7be44752f13ccd6a5daea8e866ead2decbb1f33fe.png
21:56:58.567 [Forwarding findElement on session b45bf0f7b9ef9c4e0021a5504773d545 to remote] DEBUG org.asynchttpclient.netty.request.NettyRequestSender - Using pooled Channel '[id: 0x7ddd4ec3, L:/127.0.0.1:52512 - R:localhost/127.0.0.1:52922]' for 'POST' to 'http://localhost:52922/session/b45bf0f7b9ef9c4e0021a5504773d545/element'
21:56:58.567 [Forwarding findElement on session b45bf0f7b9ef9c4e0021a5504773d545 to remote] DEBUG org.asynchttpclient.netty.request.NettyRequestSender - Using open Channel [id: 0x7ddd4ec3, L:/127.0.0.1:52512 - R:localhost/127.0.0.1:52922] for POST '/session/b45bf0f7b9ef9c4e0021a5504773d545/element'
21:56:58.974 [AsyncHttpClient-1-1] DEBUG org.asynchttpclient.netty.channel.DefaultChannelPool - Entry count for : http://localhost:52513 : 1
21:56:59.673 [AsyncHttpClient-1-2] DEBUG org.asynchttpclient.netty.handler.HttpHandler - 

Request DefaultHttpRequest(decodeResult: success, version: HTTP/1.1)
POST /session/b45bf0f7b9ef9c4e0021a5504773d545/element HTTP/1.1
User-Agent: selenium/4.1.2 (java windows)
Content-Length: 94
Content-Type: application/json; charset=utf-8
host: localhost:52922
accept: */*

Response DefaultHttpResponse(decodeResult: success, version: HTTP/1.1)
HTTP/1.1 200 OK
Content-Type: application/json; charset=utf-8
cache-control: no-cache
content-length: 88

21:56:59.673 [AsyncHttpClient-1-2] DEBUG org.asynchttpclient.netty.channel.ChannelManager - Adding key: http://localhost:52922 for channel [id: 0x7ddd4ec3, L:/127.0.0.1:52512 - R:localhost/127.0.0.1:52922]
21:56:59.679 [Forwarding isElementDisplayed on session b45bf0f7b9ef9c4e0021a5504773d545 to remote] DEBUG org.asynchttpclient.netty.request.NettyRequestSender - Using pooled Channel '[id: 0x7ddd4ec3, L:/127.0.0.1:52512 - R:localhost/127.0.0.1:52922]' for 'POST' to 'http://localhost:52922/session/b45bf0f7b9ef9c4e0021a5504773d545/execute/sync'
21:56:59.679 [Forwarding isElementDisplayed on session b45bf0f7b9ef9c4e0021a5504773d545 to remote] DEBUG org.asynchttpclient.netty.request.NettyRequestSender - Using open Channel [id: 0x7ddd4ec3, L:/127.0.0.1:52512 - R:localhost/127.0.0.1:52922] for POST '/session/b45bf0f7b9ef9c4e0021a5504773d545/execute/sync'
21:56:59.701 [AsyncHttpClient-1-2] DEBUG org.asynchttpclient.netty.handler.HttpHandler - 

Request DefaultHttpRequest(decodeResult: success, version: HTTP/1.1)
POST /session/b45bf0f7b9ef9c4e0021a5504773d545/execute/sync HTTP/1.1
User-Agent: selenium/4.1.2 (java windows)
Content-Length: 48780
Content-Type: application/json; charset=utf-8
host: localhost:52922
accept: */*

Response DefaultHttpResponse(decodeResult: success, version: HTTP/1.1)
HTTP/1.1 200 OK
Content-Type: application/json; charset=utf-8
cache-control: no-cache
content-length: 14

21:56:59.701 [AsyncHttpClient-1-2] DEBUG org.asynchttpclient.netty.channel.ChannelManager - Adding key: http://localhost:52922 for channel [id: 0x7ddd4ec3, L:/127.0.0.1:52512 - R:localhost/127.0.0.1:52922]
  &amp#27;[32mThen &amp#27;[0m&amp#27;[32mI can &amp#27;[0m&amp#27;[32m&amp#27;[1m"error"&amp#27;[0m&amp#27;[32m regist account&amp#27;[0m                        &amp#27;[90m# starter.stepdefinitions.RegisterSteps.iCanRegistAccount(java.lang.String)&amp#27;[0m
21:56:59.707 [Forwarding screenshot on session b45bf0f7b9ef9c4e0021a5504773d545 to remote] DEBUG org.asynchttpclient.netty.request.NettyRequestSender - Using pooled Channel '[id: 0x7ddd4ec3, L:/127.0.0.1:52512 - R:localhost/127.0.0.1:52922]' for 'GET' to 'http://localhost:52922/session/b45bf0f7b9ef9c4e0021a5504773d545/screenshot'
21:56:59.707 [Forwarding screenshot on session b45bf0f7b9ef9c4e0021a5504773d545 to remote] DEBUG org.asynchttpclient.netty.request.NettyRequestSender - Using open Channel [id: 0x7ddd4ec3, L:/127.0.0.1:52512 - R:localhost/127.0.0.1:52922] for GET '/session/b45bf0f7b9ef9c4e0021a5504773d545/screenshot'
21:56:59.948 [AsyncHttpClient-1-2] DEBUG org.asynchttpclient.netty.handler.HttpHandler - 

Request DefaultFullHttpRequest(decodeResult: success, version: HTTP/1.1, content: EmptyByteBufBE)
GET /session/b45bf0f7b9ef9c4e0021a5504773d545/screenshot HTTP/1.1
User-Agent: selenium/4.1.2 (java windows)
Cache-Control: no-cache
Content-Type: application/json; charset=utf-8
host: localhost:52922
accept: */*

Response DefaultHttpResponse(decodeResult: success, version: HTTP/1.1)
HTTP/1.1 200 OK
Content-Type: application/json; charset=utf-8
cache-control: no-cache
content-length: 29964

21:56:59.948 [AsyncHttpClient-1-2] DEBUG org.asynchttpclient.netty.channel.ChannelManager - Adding key: http://localhost:52922 for channel [id: 0x7ddd4ec3, L:/127.0.0.1:52512 - R:localhost/127.0.0.1:52922]
21:56:59.950 [main] DEBUG net.serenitybdd.core.photography.Darkroom - Send negative for processing for target\site\serenity\c6030fb24c1754ebab49562e4e43591e5468bc3bd6731f43b10d0e25595e43c8.png
21:56:59.950 [Darkroom Processing Line] DEBUG net.serenitybdd.core.photography.DarkroomProcessingLine - Processing screenshot image in /var/screenshots/screenshot-13594319968503896466
21:56:59.950 [Darkroom Processing Line] DEBUG net.serenitybdd.core.photography.DarkroomProcessingLine - Saving screenshot to target\site\serenity\c6030fb24c1754ebab49562e4e43591e5468bc3bd6731f43b10d0e25595e43c8.png
21:56:59.958 [AsyncHttpClient-1-4] DEBUG org.asynchttpclient.netty.handler.WebSocketHandler - Channel Closed: [id: 0xde3f8ca8, L:/127.0.0.1:52520 ! R:localhost/127.0.0.1:52513] with attribute NettyResponseFuture{currentRetry=5,
	isDone=1,
	isCancelled=0,
	asyncHandler=org.asynchttpclient.ws.WebSocketUpgradeHandler@61a6c429,
	nettyRequest=org.asynchttpclient.netty.request.NettyRequest@3120e4db,
	future=java.util.concurrent.CompletableFuture@2ec22da0[Completed normally],
	uri=ws://localhost:52513/devtools/browser/fad6ff1e-a4a7-41e5-afb3-d0e6e56c1e63,
	keepAlive=true,
	redirectCount=0,
	timeoutsHolder=null,
	inAuth=0,
	touch=1667573815452}
21:56:59.958 [AsyncHttpClient-1-4] DEBUG org.asynchttpclient.netty.channel.ChannelManager - Closing Channel [id: 0xde3f8ca8, L:/127.0.0.1:52520 ! R:localhost/127.0.0.1:52513] 
21:56:59.959 [Driver Command Executor] DEBUG org.asynchttpclient.netty.request.NettyRequestSender - Using pooled Channel '[id: 0x7ddd4ec3, L:/127.0.0.1:52512 - R:localhost/127.0.0.1:52922]' for 'DELETE' to 'http://localhost:52922/session/b45bf0f7b9ef9c4e0021a5504773d545'
21:56:59.959 [Driver Command Executor] DEBUG org.asynchttpclient.netty.request.NettyRequestSender - Using open Channel [id: 0x7ddd4ec3, L:/127.0.0.1:52512 - R:localhost/127.0.0.1:52922] for DELETE '/session/b45bf0f7b9ef9c4e0021a5504773d545'
21:57:00.078 [AsyncHttpClient-1-1] DEBUG org.asynchttpclient.netty.channel.DefaultChannelPool - Entry count for : http://localhost:52513 : 1
21:57:00.087 [AsyncHttpClient-1-3] DEBUG org.asynchttpclient.netty.handler.HttpHandler - Unexpected I/O exception on channel [id: 0xe4ecf0a1, L:/127.0.0.1:52519 - R:localhost/127.0.0.1:52513]
java.io.IOException: An existing connection was forcibly closed by the remote host
	at java.base/sun.nio.ch.SocketDispatcher.read0(Native Method)
	at java.base/sun.nio.ch.SocketDispatcher.read(SocketDispatcher.java:43)
	at java.base/sun.nio.ch.IOUtil.readIntoNativeBuffer(IOUtil.java:276)
	at java.base/sun.nio.ch.IOUtil.read(IOUtil.java:233)
	at java.base/sun.nio.ch.IOUtil.read(IOUtil.java:223)
	at java.base/sun.nio.ch.SocketChannelImpl.read(SocketChannelImpl.java:358)
	at io.netty.buffer.PooledByteBuf.setBytes(PooledByteBuf.java:258)
	at io.netty.buffer.AbstractByteBuf.writeBytes(AbstractByteBuf.java:1132)
	at io.netty.channel.socket.nio.NioSocketChannel.doReadBytes(NioSocketChannel.java:350)
	at io.netty.channel.nio.AbstractNioByteChannel$NioByteUnsafe.read(AbstractNioByteChannel.java:151)
	at io.netty.channel.nio.NioEventLoop.processSelectedKey(NioEventLoop.java:722)
	at io.netty.channel.nio.NioEventLoop.processSelectedKeysOptimized(NioEventLoop.java:658)
	at io.netty.channel.nio.NioEventLoop.processSelectedKeys(NioEventLoop.java:584)
	at io.netty.channel.nio.NioEventLoop.run(NioEventLoop.java:496)
	at io.netty.util.concurrent.SingleThreadEventExecutor$4.run(SingleThreadEventExecutor.java:986)
	at io.netty.util.internal.ThreadExecutorMap$2.run(ThreadExecutorMap.java:74)
	at io.netty.util.concurrent.FastThreadLocalRunnable.run(FastThreadLocalRunnable.java:30)
	at java.base/java.lang.Thread.run(Thread.java:834)
21:57:00.087 [AsyncHttpClient-1-3] DEBUG org.asynchttpclient.netty.channel.ChannelManager - Closing Channel [id: 0xe4ecf0a1, L:/127.0.0.1:52519 - R:localhost/127.0.0.1:52513] 
21:57:00.088 [AsyncHttpClient-1-3] DEBUG org.asynchttpclient.netty.handler.HttpHandler - Channel Closed: [id: 0xe4ecf0a1, L:/127.0.0.1:52519 ! R:localhost/127.0.0.1:52513] with attribute DISCARD
21:57:00.124 [AsyncHttpClient-1-2] DEBUG org.asynchttpclient.netty.handler.HttpHandler - 

Request DefaultFullHttpRequest(decodeResult: success, version: HTTP/1.1, content: EmptyByteBufBE)
DELETE /session/b45bf0f7b9ef9c4e0021a5504773d545 HTTP/1.1
User-Agent: selenium/4.1.2 (java windows)
Content-Type: application/json; charset=utf-8
host: localhost:52922
accept: */*

Response DefaultHttpResponse(decodeResult: success, version: HTTP/1.1)
HTTP/1.1 200 OK
Content-Type: application/json; charset=utf-8
cache-control: no-cache
content-length: 14

21:57:00.124 [AsyncHttpClient-1-2] DEBUG org.asynchttpclient.netty.channel.ChannelManager - Adding key: http://localhost:52922 for channel [id: 0x7ddd4ec3, L:/127.0.0.1:52512 - R:localhost/127.0.0.1:52922]
21:57:00.236 [AsyncHttpClient-1-2] DEBUG org.asynchttpclient.netty.handler.HttpHandler - Channel Closed: [id: 0x7ddd4ec3, L:/127.0.0.1:52512 ! R:localhost/127.0.0.1:52922] with attribute DISCARD
]]></system-out>
    <system-err><![CDATA[Starting ChromeDriver 106.0.5249.61 (511755355844955cd3e264779baf0dd38212a4d0-refs/branch-heads/5249@{#569}) on port 52922
Only local connections are allowed.
Please see https://chromedriver.chromium.org/security-considerations for suggestions on keeping ChromeDriver safe.
ChromeDriver was started successfully.
[1667573815.183][WARNING]: This version of ChromeDriver has not been tested with Chrome version 107.
Nov 04, 2022 9:56:55 PM org.openqa.selenium.remote.ProtocolHandshake createSession
INFO: Detected dialect: W3C
Nov 04, 2022 9:56:55 PM org.openqa.selenium.devtools.CdpVersionFinder findNearestMatch
WARNING: Unable to find an exact match for CDP version 107, so returning the closest version found: a no-op implementation
Nov 04, 2022 9:56:55 PM org.openqa.selenium.devtools.CdpVersionFinder findNearestMatch
INFO: Unable to find CDP implementation matching 107.
Nov 04, 2022 9:56:55 PM org.openqa.selenium.chromium.ChromiumDriver lambda$new$3
WARNING: Unable to find version of CDP to use for . You may need to include a dependency on a specific version of the CDP using something similar to `org.seleniumhq.selenium:selenium-devtools-v86:4.1.2` where the version ("v86") matches the version of the chromium-based browser you're using and the version number of the artifact is the same as Selenium's.
]]></system-err>
  </testcase>
</testsuite>